 >REASHP: option FROM_FILE
      1890 = NAT
  1.000000  0.000000  0.000000 = A_1 vector
  0.000000  1.000000  0.000000 = A_2 vector
  1.000000  1.000000  1.000000 = lattice spacings (d_x,d_y,d_z)/d
  -0.03255  -0.08915  -0.07255 = lattice offset x0(1-3) = (x_TF,y_TF,z_TF)/d for dipole 0 0 0
     JA  IX  IY  IZ ICOMP(x,y,z)
      1    1    1    1 1 1 1
      2    1    1    2 1 1 1
      3    1    1    3 1 1 1
      4    1    1    4 1 1 1
      5    1    1    5 1 1 1
      6    1    1    6 1 1 1
      7    1    1    7 1 1 1
      8    1    1    8 1 1 1
      9    1    1    9 1 1 1
     10    1    1   10 1 1 1
     11    1    1   11 1 1 1
     12    1    1   12 1 1 1
     13    1    1   13 1 1 1
     14    1    1   14 1 1 1
     15    1    1   15 1 1 1
     16    1    2    1 1 1 1
     17    1    2    2 1 1 1
     18    1    2    3 1 1 1
     19    1    2    4 1 1 1
     20    1    2    5 1 1 1
     21    1    2    6 1 1 1
     22    1    2    7 1 1 1
     23    1    2    8 1 1 1
     24    1    2    9 1 1 1
     25    1    2   10 1 1 1
     26    1    2   11 1 1 1
     27    1    2   12 1 1 1
     28    1    2   13 1 1 1
     29    1    2   14 1 1 1
     30    1    2   15 1 1 1
     31    1    3    1 1 1 1
     32    1    3    2 1 1 1
     33    1    3    3 1 1 1
     34    1    3    4 1 1 1
     35    1    3    5 1 1 1
     36    1    3    6 1 1 1
     37    1    3    7 1 1 1
     38    1    3    8 1 1 1
     39    1    3    9 1 1 1
     40    1    3   10 1 1 1
     41    1    3   11 1 1 1
     42    1    3   12 1 1 1
     43    1    3   13 1 1 1
     44    1    3   14 1 1 1
     45    1    3   15 1 1 1
     46    1    4    1 1 1 1
     47    1    4    2 1 1 1
     48    1    4    3 1 1 1
     49    1    4    4 1 1 1
     50    1    4    5 1 1 1
     51    1    4    6 1 1 1
     52    1    4    7 1 1 1
     53    1    4    8 1 1 1
     54    1    4    9 1 1 1
     55    1    4   10 1 1 1
     56    1    4   11 1 1 1
     57    1    4   12 1 1 1
     58    1    4   13 1 1 1
     59    1    4   14 1 1 1
     60    1    4   15 1 1 1
     61    1    5    1 1 1 1
     62    1    5    2 1 1 1
     63    1    5    3 1 1 1
     64    1    5    4 1 1 1
     65    1    5    5 1 1 1
     66    1    5    6 1 1 1
     67    1    5    7 1 1 1
     68    1    5    8 1 1 1
     69    1    5    9 1 1 1
     70    1    5   10 1 1 1
     71    1    5   11 1 1 1
     72    1    5   12 1 1 1
     73    1    5   13 1 1 1
     74    1    5   14 1 1 1
     75    1    5   15 1 1 1
     76    1    6    1 1 1 1
     77    1    6    2 1 1 1
     78    1    6    3 1 1 1
     79    1    6    4 1 1 1
     80    1    6    5 1 1 1
     81    1    6    6 1 1 1
     82    1    6    7 1 1 1
     83    1    6    8 1 1 1
     84    1    6    9 1 1 1
     85    1    6   10 1 1 1
     86    1    6   11 1 1 1
     87    1    6   12 1 1 1
     88    1    6   13 1 1 1
     89    1    6   14 1 1 1
     90    1    6   15 1 1 1
     91    1    7    1 1 1 1
     92    1    7    2 1 1 1
     93    1    7    3 1 1 1
     94    1    7    4 1 1 1
     95    1    7    5 1 1 1
     96    1    7    6 1 1 1
     97    1    7    7 1 1 1
     98    1    7    8 1 1 1
     99    1    7    9 1 1 1
    100    1    7   10 1 1 1
    101    1    7   11 1 1 1
    102    1    7   12 1 1 1
    103    1    7   13 1 1 1
    104    1    7   14 1 1 1
    105    1    7   15 1 1 1
    106    1    8    1 1 1 1
    107    1    8    2 1 1 1
    108    1    8    3 1 1 1
    109    1    8    4 1 1 1
    110    1    8    5 1 1 1
    111    1    8    6 1 1 1
    112    1    8    7 1 1 1
    113    1    8    8 1 1 1
    114    1    8    9 1 1 1
    115    1    8   10 1 1 1
    116    1    8   11 1 1 1
    117    1    8   12 1 1 1
    118    1    8   13 1 1 1
    119    1    8   14 1 1 1
    120    1    8   15 1 1 1
    121    1    9    1 1 1 1
    122    1    9    2 1 1 1
    123    1    9    3 1 1 1
    124    1    9    4 1 1 1
    125    1    9    5 1 1 1
    126    1    9    6 1 1 1
    127    1    9    7 1 1 1
    128    1    9    8 1 1 1
    129    1    9    9 1 1 1
    130    1    9   10 1 1 1
    131    1    9   11 1 1 1
    132    1    9   12 1 1 1
    133    1    9   13 1 1 1
    134    1    9   14 1 1 1
    135    1    9   15 1 1 1
    136    1   10    1 1 1 1
    137    1   10    2 1 1 1
    138    1   10    3 1 1 1
    139    1   10    4 1 1 1
    140    1   10    5 1 1 1
    141    1   10    6 1 1 1
    142    1   10    7 1 1 1
    143    1   10    8 1 1 1
    144    1   10    9 1 1 1
    145    1   10   10 1 1 1
    146    1   10   11 1 1 1
    147    1   10   12 1 1 1
    148    1   10   13 1 1 1
    149    1   10   14 1 1 1
    150    1   10   15 1 1 1
    151    1   11    1 1 1 1
    152    1   11    2 1 1 1
    153    1   11    3 1 1 1
    154    1   11    4 1 1 1
    155    1   11    5 1 1 1
    156    1   11    6 1 1 1
    157    1   11    7 1 1 1
    158    1   11    8 1 1 1
    159    1   11    9 1 1 1
    160    1   11   10 1 1 1
    161    1   11   11 1 1 1
    162    1   11   12 1 1 1
    163    1   11   13 1 1 1
    164    1   11   14 1 1 1
    165    1   11   15 1 1 1
    166    1   12    1 1 1 1
    167    1   12    2 1 1 1
    168    1   12    3 1 1 1
    169    1   12    4 1 1 1
    170    1   12    5 1 1 1
    171    1   12    6 1 1 1
    172    1   12    7 1 1 1
    173    1   12    8 1 1 1
    174    1   12    9 1 1 1
    175    1   12   10 1 1 1
    176    1   12   11 1 1 1
    177    1   12   12 1 1 1
    178    1   12   13 1 1 1
    179    1   12   14 1 1 1
    180    1   12   15 1 1 1
    181    1   13    1 1 1 1
    182    1   13    2 1 1 1
    183    1   13    3 1 1 1
    184    1   13    4 1 1 1
    185    1   13    5 1 1 1
    186    1   13    6 1 1 1
    187    1   13    7 1 1 1
    188    1   13    8 1 1 1
    189    1   13    9 1 1 1
    190    1   13   10 1 1 1
    191    1   13   11 1 1 1
    192    1   13   12 1 1 1
    193    1   13   13 1 1 1
    194    1   13   14 1 1 1
    195    1   13   15 1 1 1
    196    1   14    1 1 1 1
    197    1   14    2 1 1 1
    198    1   14    3 1 1 1
    199    1   14    4 1 1 1
    200    1   14    5 1 1 1
    201    1   14    6 1 1 1
    202    1   14    7 1 1 1
    203    1   14    8 1 1 1
    204    1   14    9 1 1 1
    205    1   14   10 1 1 1
    206    1   14   11 1 1 1
    207    1   14   12 1 1 1
    208    1   14   13 1 1 1
    209    1   14   14 1 1 1
    210    1   14   15 1 1 1
    211    1   15    1 1 1 1
    212    1   15    2 1 1 1
    213    1   15    3 1 1 1
    214    1   15    4 1 1 1
    215    1   15    5 1 1 1
    216    1   15    6 1 1 1
    217    1   15    7 1 1 1
    218    1   15    8 1 1 1
    219    1   15    9 1 1 1
    220    1   15   10 1 1 1
    221    1   15   11 1 1 1
    222    1   15   12 1 1 1
    223    1   15   13 1 1 1
    224    1   15   14 1 1 1
    225    1   15   15 1 1 1
    226    1   16    1 1 1 1
    227    1   16    2 1 1 1
    228    1   16    3 1 1 1
    229    1   16    4 1 1 1
    230    1   16    5 1 1 1
    231    1   16    6 1 1 1
    232    1   16    7 1 1 1
    233    1   16    8 1 1 1
    234    1   16    9 1 1 1
    235    1   16   10 1 1 1
    236    1   16   11 1 1 1
    237    1   16   12 1 1 1
    238    1   16   13 1 1 1
    239    1   16   14 1 1 1
    240    1   16   15 1 1 1
    241    1   17    1 1 1 1
    242    1   17    2 1 1 1
    243    1   17    3 1 1 1
    244    1   17    4 1 1 1
    245    1   17    5 1 1 1
    246    1   17    6 1 1 1
    247    1   17    7 1 1 1
    248    1   17    8 1 1 1
    249    1   17    9 1 1 1
    250    1   17   10 1 1 1
    251    1   17   11 1 1 1
    252    1   17   12 1 1 1
    253    1   17   13 1 1 1
    254    1   17   14 1 1 1
    255    1   17   15 1 1 1
    256    1   18    1 1 1 1
    257    1   18    2 1 1 1
    258    1   18    3 1 1 1
    259    1   18    4 1 1 1
    260    1   18    5 1 1 1
    261    1   18    6 1 1 1
    262    1   18    7 1 1 1
    263    1   18    8 1 1 1
    264    1   18    9 1 1 1
    265    1   18   10 1 1 1
    266    1   18   11 1 1 1
    267    1   18   12 1 1 1
    268    1   18   13 1 1 1
    269    1   18   14 1 1 1
    270    1   18   15 1 1 1
    271    2    1    1 1 1 1
    272    2    1    2 1 1 1
    273    2    1    3 1 1 1
    274    2    1    4 1 1 1
    275    2    1    5 1 1 1
    276    2    1    6 1 1 1
    277    2    1    7 1 1 1
    278    2    1    8 1 1 1
    279    2    1    9 1 1 1
    280    2    1   10 1 1 1
    281    2    1   11 1 1 1
    282    2    1   12 1 1 1
    283    2    1   13 1 1 1
    284    2    1   14 1 1 1
    285    2    1   15 1 1 1
    286    2    2    1 1 1 1
    287    2    2    2 1 1 1
    288    2    2    3 1 1 1
    289    2    2    4 1 1 1
    290    2    2    5 1 1 1
    291    2    2    6 1 1 1
    292    2    2    7 1 1 1
    293    2    2    8 1 1 1
    294    2    2    9 1 1 1
    295    2    2   10 1 1 1
    296    2    2   11 1 1 1
    297    2    2   12 1 1 1
    298    2    2   13 1 1 1
    299    2    2   14 1 1 1
    300    2    2   15 1 1 1
    301    2    3    1 1 1 1
    302    2    3    2 1 1 1
    303    2    3    3 1 1 1
    304    2    3    4 1 1 1
    305    2    3    5 1 1 1
    306    2    3    6 1 1 1
    307    2    3    7 1 1 1
    308    2    3    8 1 1 1
    309    2    3    9 1 1 1
    310    2    3   10 1 1 1
    311    2    3   11 1 1 1
    312    2    3   12 1 1 1
    313    2    3   13 1 1 1
    314    2    3   14 1 1 1
    315    2    3   15 1 1 1
    316    2    4    1 1 1 1
    317    2    4    2 1 1 1
    318    2    4    3 1 1 1
    319    2    4    4 1 1 1
    320    2    4    5 1 1 1
    321    2    4    6 1 1 1
    322    2    4    7 1 1 1
    323    2    4    8 1 1 1
    324    2    4    9 1 1 1
    325    2    4   10 1 1 1
    326    2    4   11 1 1 1
    327    2    4   12 1 1 1
    328    2    4   13 1 1 1
    329    2    4   14 1 1 1
    330    2    4   15 1 1 1
    331    2    5    1 1 1 1
    332    2    5    2 1 1 1
    333    2    5    3 1 1 1
    334    2    5    4 1 1 1
    335    2    5    5 1 1 1
    336    2    5    6 1 1 1
    337    2    5    7 1 1 1
    338    2    5    8 1 1 1
    339    2    5    9 1 1 1
    340    2    5   10 1 1 1
    341    2    5   11 1 1 1
    342    2    5   12 1 1 1
    343    2    5   13 1 1 1
    344    2    5   14 1 1 1
    345    2    5   15 1 1 1
    346    2    6    1 1 1 1
    347    2    6    2 1 1 1
    348    2    6    3 1 1 1
    349    2    6    4 1 1 1
    350    2    6    5 1 1 1
    351    2    6    6 1 1 1
    352    2    6    7 1 1 1
    353    2    6    8 1 1 1
    354    2    6    9 1 1 1
    355    2    6   10 1 1 1
    356    2    6   11 1 1 1
    357    2    6   12 1 1 1
    358    2    6   13 1 1 1
    359    2    6   14 1 1 1
    360    2    6   15 1 1 1
    361    2    7    1 1 1 1
    362    2    7    2 1 1 1
    363    2    7    3 1 1 1
    364    2    7    4 1 1 1
    365    2    7    5 1 1 1
    366    2    7    6 1 1 1
    367    2    7    7 1 1 1
    368    2    7    8 1 1 1
    369    2    7    9 1 1 1
    370    2    7   10 1 1 1
    371    2    7   11 1 1 1
    372    2    7   12 1 1 1
    373    2    7   13 1 1 1
    374    2    7   14 1 1 1
    375    2    7   15 1 1 1
    376    2    8    1 1 1 1
    377    2    8    2 1 1 1
    378    2    8    3 1 1 1
    379    2    8    4 1 1 1
    380    2    8    5 1 1 1
    381    2    8    6 1 1 1
    382    2    8    7 1 1 1
    383    2    8    8 1 1 1
    384    2    8    9 1 1 1
    385    2    8   10 1 1 1
    386    2    8   11 1 1 1
    387    2    8   12 1 1 1
    388    2    8   13 1 1 1
    389    2    8   14 1 1 1
    390    2    8   15 1 1 1
    391    2    9    1 1 1 1
    392    2    9    2 1 1 1
    393    2    9    3 1 1 1
    394    2    9    4 1 1 1
    395    2    9    5 1 1 1
    396    2    9    6 1 1 1
    397    2    9    7 1 1 1
    398    2    9    8 1 1 1
    399    2    9    9 1 1 1
    400    2    9   10 1 1 1
    401    2    9   11 1 1 1
    402    2    9   12 1 1 1
    403    2    9   13 1 1 1
    404    2    9   14 1 1 1
    405    2    9   15 1 1 1
    406    2   10    1 1 1 1
    407    2   10    2 1 1 1
    408    2   10    3 1 1 1
    409    2   10    4 1 1 1
    410    2   10    5 1 1 1
    411    2   10    6 1 1 1
    412    2   10    7 1 1 1
    413    2   10    8 1 1 1
    414    2   10    9 1 1 1
    415    2   10   10 1 1 1
    416    2   10   11 1 1 1
    417    2   10   12 1 1 1
    418    2   10   13 1 1 1
    419    2   10   14 1 1 1
    420    2   10   15 1 1 1
    421    2   11    1 1 1 1
    422    2   11    2 1 1 1
    423    2   11    3 1 1 1
    424    2   11    4 1 1 1
    425    2   11    5 1 1 1
    426    2   11    6 1 1 1
    427    2   11    7 1 1 1
    428    2   11    8 1 1 1
    429    2   11    9 1 1 1
    430    2   11   10 1 1 1
    431    2   11   11 1 1 1
    432    2   11   12 1 1 1
    433    2   11   13 1 1 1
    434    2   11   14 1 1 1
    435    2   11   15 1 1 1
    436    2   12    1 1 1 1
    437    2   12    2 1 1 1
    438    2   12    3 1 1 1
    439    2   12    4 1 1 1
    440    2   12    5 1 1 1
    441    2   12    6 1 1 1
    442    2   12    7 1 1 1
    443    2   12    8 1 1 1
    444    2   12    9 1 1 1
    445    2   12   10 1 1 1
    446    2   12   11 1 1 1
    447    2   12   12 1 1 1
    448    2   12   13 1 1 1
    449    2   12   14 1 1 1
    450    2   12   15 1 1 1
    451    2   13    1 1 1 1
    452    2   13    2 1 1 1
    453    2   13    3 1 1 1
    454    2   13    4 1 1 1
    455    2   13    5 1 1 1
    456    2   13    6 1 1 1
    457    2   13    7 1 1 1
    458    2   13    8 1 1 1
    459    2   13    9 1 1 1
    460    2   13   10 1 1 1
    461    2   13   11 1 1 1
    462    2   13   12 1 1 1
    463    2   13   13 1 1 1
    464    2   13   14 1 1 1
    465    2   13   15 1 1 1
    466    2   14    1 1 1 1
    467    2   14    2 1 1 1
    468    2   14    3 1 1 1
    469    2   14    4 1 1 1
    470    2   14    5 1 1 1
    471    2   14    6 1 1 1
    472    2   14    7 1 1 1
    473    2   14    8 1 1 1
    474    2   14    9 1 1 1
    475    2   14   10 1 1 1
    476    2   14   11 1 1 1
    477    2   14   12 1 1 1
    478    2   14   13 1 1 1
    479    2   14   14 1 1 1
    480    2   14   15 1 1 1
    481    2   15    1 1 1 1
    482    2   15    2 1 1 1
    483    2   15    3 1 1 1
    484    2   15    4 1 1 1
    485    2   15    5 1 1 1
    486    2   15    6 1 1 1
    487    2   15    7 1 1 1
    488    2   15    8 1 1 1
    489    2   15    9 1 1 1
    490    2   15   10 1 1 1
    491    2   15   11 1 1 1
    492    2   15   12 1 1 1
    493    2   15   13 1 1 1
    494    2   15   14 1 1 1
    495    2   15   15 1 1 1
    496    2   16    1 1 1 1
    497    2   16    2 1 1 1
    498    2   16    3 1 1 1
    499    2   16    4 1 1 1
    500    2   16    5 1 1 1
    501    2   16    6 1 1 1
    502    2   16    7 1 1 1
    503    2   16    8 1 1 1
    504    2   16    9 1 1 1
    505    2   16   10 1 1 1
    506    2   16   11 1 1 1
    507    2   16   12 1 1 1
    508    2   16   13 1 1 1
    509    2   16   14 1 1 1
    510    2   16   15 1 1 1
    511    2   17    1 1 1 1
    512    2   17    2 1 1 1
    513    2   17    3 1 1 1
    514    2   17    4 1 1 1
    515    2   17    5 1 1 1
    516    2   17    6 1 1 1
    517    2   17    7 1 1 1
    518    2   17    8 1 1 1
    519    2   17    9 1 1 1
    520    2   17   10 1 1 1
    521    2   17   11 1 1 1
    522    2   17   12 1 1 1
    523    2   17   13 1 1 1
    524    2   17   14 1 1 1
    525    2   17   15 1 1 1
    526    2   18    1 1 1 1
    527    2   18    2 1 1 1
    528    2   18    3 1 1 1
    529    2   18    4 1 1 1
    530    2   18    5 1 1 1
    531    2   18    6 1 1 1
    532    2   18    7 1 1 1
    533    2   18    8 1 1 1
    534    2   18    9 1 1 1
    535    2   18   10 1 1 1
    536    2   18   11 1 1 1
    537    2   18   12 1 1 1
    538    2   18   13 1 1 1
    539    2   18   14 1 1 1
    540    2   18   15 1 1 1
    541    3    1    1 1 1 1
    542    3    1    2 1 1 1
    543    3    1    3 1 1 1
    544    3    1    4 1 1 1
    545    3    1    5 1 1 1
    546    3    1    6 1 1 1
    547    3    1    7 1 1 1
    548    3    1    8 1 1 1
    549    3    1    9 1 1 1
    550    3    1   10 1 1 1
    551    3    1   11 1 1 1
    552    3    1   12 1 1 1
    553    3    1   13 1 1 1
    554    3    1   14 1 1 1
    555    3    1   15 1 1 1
    556    3    2    1 1 1 1
    557    3    2    2 1 1 1
    558    3    2    3 1 1 1
    559    3    2    4 1 1 1
    560    3    2    5 1 1 1
    561    3    2    6 1 1 1
    562    3    2    7 1 1 1
    563    3    2    8 1 1 1
    564    3    2    9 1 1 1
    565    3    2   10 1 1 1
    566    3    2   11 1 1 1
    567    3    2   12 1 1 1
    568    3    2   13 1 1 1
    569    3    2   14 1 1 1
    570    3    2   15 1 1 1
    571    3    3    1 1 1 1
    572    3    3    2 1 1 1
    573    3    3    3 1 1 1
    574    3    3    4 1 1 1
    575    3    3    5 1 1 1
    576    3    3    6 1 1 1
    577    3    3    7 1 1 1
    578    3    3    8 1 1 1
    579    3    3    9 1 1 1
    580    3    3   10 1 1 1
    581    3    3   11 1 1 1
    582    3    3   12 1 1 1
    583    3    3   13 1 1 1
    584    3    3   14 1 1 1
    585    3    3   15 1 1 1
    586    3    4    1 1 1 1
    587    3    4    2 1 1 1
    588    3    4    3 1 1 1
    589    3    4    4 1 1 1
    590    3    4    5 1 1 1
    591    3    4    6 1 1 1
    592    3    4    7 1 1 1
    593    3    4    8 1 1 1
    594    3    4    9 1 1 1
    595    3    4   10 1 1 1
    596    3    4   11 1 1 1
    597    3    4   12 1 1 1
    598    3    4   13 1 1 1
    599    3    4   14 1 1 1
    600    3    4   15 1 1 1
    601    3    5    1 1 1 1
    602    3    5    2 1 1 1
    603    3    5    3 1 1 1
    604    3    5    4 1 1 1
    605    3    5    5 1 1 1
    606    3    5    6 1 1 1
    607    3    5    7 1 1 1
    608    3    5    8 1 1 1
    609    3    5    9 1 1 1
    610    3    5   10 1 1 1
    611    3    5   11 1 1 1
    612    3    5   12 1 1 1
    613    3    5   13 1 1 1
    614    3    5   14 1 1 1
    615    3    5   15 1 1 1
    616    3    6    1 1 1 1
    617    3    6    2 1 1 1
    618    3    6    3 1 1 1
    619    3    6    4 1 1 1
    620    3    6    5 1 1 1
    621    3    6    6 1 1 1
    622    3    6    7 1 1 1
    623    3    6    8 1 1 1
    624    3    6    9 1 1 1
    625    3    6   10 1 1 1
    626    3    6   11 1 1 1
    627    3    6   12 1 1 1
    628    3    6   13 1 1 1
    629    3    6   14 1 1 1
    630    3    6   15 1 1 1
    631    3    7    1 1 1 1
    632    3    7    2 1 1 1
    633    3    7    3 1 1 1
    634    3    7    4 1 1 1
    635    3    7    5 1 1 1
    636    3    7    6 1 1 1
    637    3    7    7 1 1 1
    638    3    7    8 1 1 1
    639    3    7    9 1 1 1
    640    3    7   10 1 1 1
    641    3    7   11 1 1 1
    642    3    7   12 1 1 1
    643    3    7   13 1 1 1
    644    3    7   14 1 1 1
    645    3    7   15 1 1 1
    646    3    8    1 1 1 1
    647    3    8    2 1 1 1
    648    3    8    3 1 1 1
    649    3    8    4 1 1 1
    650    3    8    5 1 1 1
    651    3    8    6 1 1 1
    652    3    8    7 1 1 1
    653    3    8    8 1 1 1
    654    3    8    9 1 1 1
    655    3    8   10 1 1 1
    656    3    8   11 1 1 1
    657    3    8   12 1 1 1
    658    3    8   13 1 1 1
    659    3    8   14 1 1 1
    660    3    8   15 1 1 1
    661    3    9    1 1 1 1
    662    3    9    2 1 1 1
    663    3    9    3 1 1 1
    664    3    9    4 1 1 1
    665    3    9    5 1 1 1
    666    3    9    6 1 1 1
    667    3    9    7 1 1 1
    668    3    9    8 1 1 1
    669    3    9    9 1 1 1
    670    3    9   10 1 1 1
    671    3    9   11 1 1 1
    672    3    9   12 1 1 1
    673    3    9   13 1 1 1
    674    3    9   14 1 1 1
    675    3    9   15 1 1 1
    676    3   10    1 1 1 1
    677    3   10    2 1 1 1
    678    3   10    3 1 1 1
    679    3   10    4 1 1 1
    680    3   10    5 1 1 1
    681    3   10    6 1 1 1
    682    3   10    7 1 1 1
    683    3   10    8 1 1 1
    684    3   10    9 1 1 1
    685    3   10   10 1 1 1
    686    3   10   11 1 1 1
    687    3   10   12 1 1 1
    688    3   10   13 1 1 1
    689    3   10   14 1 1 1
    690    3   10   15 1 1 1
    691    3   11    1 1 1 1
    692    3   11    2 1 1 1
    693    3   11    3 1 1 1
    694    3   11    4 1 1 1
    695    3   11    5 1 1 1
    696    3   11    6 1 1 1
    697    3   11    7 1 1 1
    698    3   11    8 1 1 1
    699    3   11    9 1 1 1
    700    3   11   10 1 1 1
    701    3   11   11 1 1 1
    702    3   11   12 1 1 1
    703    3   11   13 1 1 1
    704    3   11   14 1 1 1
    705    3   11   15 1 1 1
    706    3   12    1 1 1 1
    707    3   12    2 1 1 1
    708    3   12    3 1 1 1
    709    3   12    4 1 1 1
    710    3   12    5 1 1 1
    711    3   12    6 1 1 1
    712    3   12    7 1 1 1
    713    3   12    8 1 1 1
    714    3   12    9 1 1 1
    715    3   12   10 1 1 1
    716    3   12   11 1 1 1
    717    3   12   12 1 1 1
    718    3   12   13 1 1 1
    719    3   12   14 1 1 1
    720    3   12   15 1 1 1
    721    3   13    1 1 1 1
    722    3   13    2 1 1 1
    723    3   13    3 1 1 1
    724    3   13    4 1 1 1
    725    3   13    5 1 1 1
    726    3   13    6 1 1 1
    727    3   13    7 1 1 1
    728    3   13    8 1 1 1
    729    3   13    9 1 1 1
    730    3   13   10 1 1 1
    731    3   13   11 1 1 1
    732    3   13   12 1 1 1
    733    3   13   13 1 1 1
    734    3   13   14 1 1 1
    735    3   13   15 1 1 1
    736    3   14    1 1 1 1
    737    3   14    2 1 1 1
    738    3   14    3 1 1 1
    739    3   14    4 1 1 1
    740    3   14    5 1 1 1
    741    3   14    6 1 1 1
    742    3   14    7 1 1 1
    743    3   14    8 1 1 1
    744    3   14    9 1 1 1
    745    3   14   10 1 1 1
    746    3   14   11 1 1 1
    747    3   14   12 1 1 1
    748    3   14   13 1 1 1
    749    3   14   14 1 1 1
    750    3   14   15 1 1 1
    751    3   15    1 1 1 1
    752    3   15    2 1 1 1
    753    3   15    3 1 1 1
    754    3   15    4 1 1 1
    755    3   15    5 1 1 1
    756    3   15    6 1 1 1
    757    3   15    7 1 1 1
    758    3   15    8 1 1 1
    759    3   15    9 1 1 1
    760    3   15   10 1 1 1
    761    3   15   11 1 1 1
    762    3   15   12 1 1 1
    763    3   15   13 1 1 1
    764    3   15   14 1 1 1
    765    3   15   15 1 1 1
    766    3   16    1 1 1 1
    767    3   16    2 1 1 1
    768    3   16    3 1 1 1
    769    3   16    4 1 1 1
    770    3   16    5 1 1 1
    771    3   16    6 1 1 1
    772    3   16    7 1 1 1
    773    3   16    8 1 1 1
    774    3   16    9 1 1 1
    775    3   16   10 1 1 1
    776    3   16   11 1 1 1
    777    3   16   12 1 1 1
    778    3   16   13 1 1 1
    779    3   16   14 1 1 1
    780    3   16   15 1 1 1
    781    3   17    1 1 1 1
    782    3   17    2 1 1 1
    783    3   17    3 1 1 1
    784    3   17    4 1 1 1
    785    3   17    5 1 1 1
    786    3   17    6 1 1 1
    787    3   17    7 1 1 1
    788    3   17    8 1 1 1
    789    3   17    9 1 1 1
    790    3   17   10 1 1 1
    791    3   17   11 1 1 1
    792    3   17   12 1 1 1
    793    3   17   13 1 1 1
    794    3   17   14 1 1 1
    795    3   17   15 1 1 1
    796    3   18    1 1 1 1
    797    3   18    2 1 1 1
    798    3   18    3 1 1 1
    799    3   18    4 1 1 1
    800    3   18    5 1 1 1
    801    3   18    6 1 1 1
    802    3   18    7 1 1 1
    803    3   18    8 1 1 1
    804    3   18    9 1 1 1
    805    3   18   10 1 1 1
    806    3   18   11 1 1 1
    807    3   18   12 1 1 1
    808    3   18   13 1 1 1
    809    3   18   14 1 1 1
    810    3   18   15 1 1 1
    811    4    1    1 1 1 1
    812    4    1    2 1 1 1
    813    4    1    3 1 1 1
    814    4    1    4 1 1 1
    815    4    1    5 1 1 1
    816    4    1    6 1 1 1
    817    4    1    7 1 1 1
    818    4    1    8 1 1 1
    819    4    1    9 1 1 1
    820    4    1   10 1 1 1
    821    4    1   11 1 1 1
    822    4    1   12 1 1 1
    823    4    1   13 1 1 1
    824    4    1   14 1 1 1
    825    4    1   15 1 1 1
    826    4    2    1 1 1 1
    827    4    2    2 1 1 1
    828    4    2    3 1 1 1
    829    4    2    4 1 1 1
    830    4    2    5 1 1 1
    831    4    2    6 1 1 1
    832    4    2    7 1 1 1
    833    4    2    8 1 1 1
    834    4    2    9 1 1 1
    835    4    2   10 1 1 1
    836    4    2   11 1 1 1
    837    4    2   12 1 1 1
    838    4    2   13 1 1 1
    839    4    2   14 1 1 1
    840    4    2   15 1 1 1
    841    4    3    1 1 1 1
    842    4    3    2 1 1 1
    843    4    3    3 1 1 1
    844    4    3    4 1 1 1
    845    4    3    5 1 1 1
    846    4    3    6 1 1 1
    847    4    3    7 1 1 1
    848    4    3    8 1 1 1
    849    4    3    9 1 1 1
    850    4    3   10 1 1 1
    851    4    3   11 1 1 1
    852    4    3   12 1 1 1
    853    4    3   13 1 1 1
    854    4    3   14 1 1 1
    855    4    3   15 1 1 1
    856    4    4    1 1 1 1
    857    4    4    2 1 1 1
    858    4    4    3 1 1 1
    859    4    4    4 1 1 1
    860    4    4    5 1 1 1
    861    4    4    6 1 1 1
    862    4    4    7 1 1 1
    863    4    4    8 1 1 1
    864    4    4    9 1 1 1
    865    4    4   10 1 1 1
    866    4    4   11 1 1 1
    867    4    4   12 1 1 1
    868    4    4   13 1 1 1
    869    4    4   14 1 1 1
    870    4    4   15 1 1 1
    871    4    5    1 1 1 1
    872    4    5    2 1 1 1
    873    4    5    3 1 1 1
    874    4    5    4 1 1 1
    875    4    5    5 1 1 1
    876    4    5    6 1 1 1
    877    4    5    7 1 1 1
    878    4    5    8 1 1 1
    879    4    5    9 1 1 1
    880    4    5   10 1 1 1
    881    4    5   11 1 1 1
    882    4    5   12 1 1 1
    883    4    5   13 1 1 1
    884    4    5   14 1 1 1
    885    4    5   15 1 1 1
    886    4    6    1 1 1 1
    887    4    6    2 1 1 1
    888    4    6    3 1 1 1
    889    4    6    4 1 1 1
    890    4    6    5 1 1 1
    891    4    6    6 1 1 1
    892    4    6    7 1 1 1
    893    4    6    8 1 1 1
    894    4    6    9 1 1 1
    895    4    6   10 1 1 1
    896    4    6   11 1 1 1
    897    4    6   12 1 1 1
    898    4    6   13 1 1 1
    899    4    6   14 1 1 1
    900    4    6   15 1 1 1
    901    4    7    1 1 1 1
    902    4    7    2 1 1 1
    903    4    7    3 1 1 1
    904    4    7    4 1 1 1
    905    4    7    5 1 1 1
    906    4    7    6 1 1 1
    907    4    7    7 1 1 1
    908    4    7    8 1 1 1
    909    4    7    9 1 1 1
    910    4    7   10 1 1 1
    911    4    7   11 1 1 1
    912    4    7   12 1 1 1
    913    4    7   13 1 1 1
    914    4    7   14 1 1 1
    915    4    7   15 1 1 1
    916    4    8    1 1 1 1
    917    4    8    2 1 1 1
    918    4    8    3 1 1 1
    919    4    8    4 1 1 1
    920    4    8    5 1 1 1
    921    4    8    6 1 1 1
    922    4    8    7 1 1 1
    923    4    8    8 1 1 1
    924    4    8    9 1 1 1
    925    4    8   10 1 1 1
    926    4    8   11 1 1 1
    927    4    8   12 1 1 1
    928    4    8   13 1 1 1
    929    4    8   14 1 1 1
    930    4    8   15 1 1 1
    931    4    9    1 1 1 1
    932    4    9    2 1 1 1
    933    4    9    3 1 1 1
    934    4    9    4 1 1 1
    935    4    9    5 1 1 1
    936    4    9    6 1 1 1
    937    4    9    7 1 1 1
    938    4    9    8 1 1 1
    939    4    9    9 1 1 1
    940    4    9   10 1 1 1
    941    4    9   11 1 1 1
    942    4    9   12 1 1 1
    943    4    9   13 1 1 1
    944    4    9   14 1 1 1
    945    4    9   15 1 1 1
    946    4   10    1 1 1 1
    947    4   10    2 1 1 1
    948    4   10    3 1 1 1
    949    4   10    4 1 1 1
    950    4   10    5 1 1 1
    951    4   10    6 1 1 1
    952    4   10    7 1 1 1
    953    4   10    8 1 1 1
    954    4   10    9 1 1 1
    955    4   10   10 1 1 1
    956    4   10   11 1 1 1
    957    4   10   12 1 1 1
    958    4   10   13 1 1 1
    959    4   10   14 1 1 1
    960    4   10   15 1 1 1
    961    4   11    1 1 1 1
    962    4   11    2 1 1 1
    963    4   11    3 1 1 1
    964    4   11    4 1 1 1
    965    4   11    5 1 1 1
    966    4   11    6 1 1 1
    967    4   11    7 1 1 1
    968    4   11    8 1 1 1
    969    4   11    9 1 1 1
    970    4   11   10 1 1 1
    971    4   11   11 1 1 1
    972    4   11   12 1 1 1
    973    4   11   13 1 1 1
    974    4   11   14 1 1 1
    975    4   11   15 1 1 1
    976    4   12    1 1 1 1
    977    4   12    2 1 1 1
    978    4   12    3 1 1 1
    979    4   12    4 1 1 1
    980    4   12    5 1 1 1
    981    4   12    6 1 1 1
    982    4   12    7 1 1 1
    983    4   12    8 1 1 1
    984    4   12    9 1 1 1
    985    4   12   10 1 1 1
    986    4   12   11 1 1 1
    987    4   12   12 1 1 1
    988    4   12   13 1 1 1
    989    4   12   14 1 1 1
    990    4   12   15 1 1 1
    991    4   13    1 1 1 1
    992    4   13    2 1 1 1
    993    4   13    3 1 1 1
    994    4   13    4 1 1 1
    995    4   13    5 1 1 1
    996    4   13    6 1 1 1
    997    4   13    7 1 1 1
    998    4   13    8 1 1 1
    999    4   13    9 1 1 1
   1000    4   13   10 1 1 1
   1001    4   13   11 1 1 1
   1002    4   13   12 1 1 1
   1003    4   13   13 1 1 1
   1004    4   13   14 1 1 1
   1005    4   13   15 1 1 1
   1006    4   14    1 1 1 1
   1007    4   14    2 1 1 1
   1008    4   14    3 1 1 1
   1009    4   14    4 1 1 1
   1010    4   14    5 1 1 1
   1011    4   14    6 1 1 1
   1012    4   14    7 1 1 1
   1013    4   14    8 1 1 1
   1014    4   14    9 1 1 1
   1015    4   14   10 1 1 1
   1016    4   14   11 1 1 1
   1017    4   14   12 1 1 1
   1018    4   14   13 1 1 1
   1019    4   14   14 1 1 1
   1020    4   14   15 1 1 1
   1021    4   15    1 1 1 1
   1022    4   15    2 1 1 1
   1023    4   15    3 1 1 1
   1024    4   15    4 1 1 1
   1025    4   15    5 1 1 1
   1026    4   15    6 1 1 1
   1027    4   15    7 1 1 1
   1028    4   15    8 1 1 1
   1029    4   15    9 1 1 1
   1030    4   15   10 1 1 1
   1031    4   15   11 1 1 1
   1032    4   15   12 1 1 1
   1033    4   15   13 1 1 1
   1034    4   15   14 1 1 1
   1035    4   15   15 1 1 1
   1036    4   16    1 1 1 1
   1037    4   16    2 1 1 1
   1038    4   16    3 1 1 1
   1039    4   16    4 1 1 1
   1040    4   16    5 1 1 1
   1041    4   16    6 1 1 1
   1042    4   16    7 1 1 1
   1043    4   16    8 1 1 1
   1044    4   16    9 1 1 1
   1045    4   16   10 1 1 1
   1046    4   16   11 1 1 1
   1047    4   16   12 1 1 1
   1048    4   16   13 1 1 1
   1049    4   16   14 1 1 1
   1050    4   16   15 1 1 1
   1051    4   17    1 1 1 1
   1052    4   17    2 1 1 1
   1053    4   17    3 1 1 1
   1054    4   17    4 1 1 1
   1055    4   17    5 1 1 1
   1056    4   17    6 1 1 1
   1057    4   17    7 1 1 1
   1058    4   17    8 1 1 1
   1059    4   17    9 1 1 1
   1060    4   17   10 1 1 1
   1061    4   17   11 1 1 1
   1062    4   17   12 1 1 1
   1063    4   17   13 1 1 1
   1064    4   17   14 1 1 1
   1065    4   17   15 1 1 1
   1066    4   18    1 1 1 1
   1067    4   18    2 1 1 1
   1068    4   18    3 1 1 1
   1069    4   18    4 1 1 1
   1070    4   18    5 1 1 1
   1071    4   18    6 1 1 1
   1072    4   18    7 1 1 1
   1073    4   18    8 1 1 1
   1074    4   18    9 1 1 1
   1075    4   18   10 1 1 1
   1076    4   18   11 1 1 1
   1077    4   18   12 1 1 1
   1078    4   18   13 1 1 1
   1079    4   18   14 1 1 1
   1080    4   18   15 1 1 1
   1081    5    1    1 1 1 1
   1082    5    1    2 1 1 1
   1083    5    1    3 1 1 1
   1084    5    1    4 1 1 1
   1085    5    1    5 1 1 1
   1086    5    1    6 1 1 1
   1087    5    1    7 1 1 1
   1088    5    1    8 1 1 1
   1089    5    1    9 1 1 1
   1090    5    1   10 1 1 1
   1091    5    1   11 1 1 1
   1092    5    1   12 1 1 1
   1093    5    1   13 1 1 1
   1094    5    1   14 1 1 1
   1095    5    1   15 1 1 1
   1096    5    2    1 1 1 1
   1097    5    2    2 1 1 1
   1098    5    2    3 1 1 1
   1099    5    2    4 1 1 1
   1100    5    2    5 1 1 1
   1101    5    2    6 1 1 1
   1102    5    2    7 1 1 1
   1103    5    2    8 1 1 1
   1104    5    2    9 1 1 1
   1105    5    2   10 1 1 1
   1106    5    2   11 1 1 1
   1107    5    2   12 1 1 1
   1108    5    2   13 1 1 1
   1109    5    2   14 1 1 1
   1110    5    2   15 1 1 1
   1111    5    3    1 1 1 1
   1112    5    3    2 1 1 1
   1113    5    3    3 1 1 1
   1114    5    3    4 1 1 1
   1115    5    3    5 1 1 1
   1116    5    3    6 1 1 1
   1117    5    3    7 1 1 1
   1118    5    3    8 1 1 1
   1119    5    3    9 1 1 1
   1120    5    3   10 1 1 1
   1121    5    3   11 1 1 1
   1122    5    3   12 1 1 1
   1123    5    3   13 1 1 1
   1124    5    3   14 1 1 1
   1125    5    3   15 1 1 1
   1126    5    4    1 1 1 1
   1127    5    4    2 1 1 1
   1128    5    4    3 1 1 1
   1129    5    4    4 1 1 1
   1130    5    4    5 1 1 1
   1131    5    4    6 1 1 1
   1132    5    4    7 1 1 1
   1133    5    4    8 1 1 1
   1134    5    4    9 1 1 1
   1135    5    4   10 1 1 1
   1136    5    4   11 1 1 1
   1137    5    4   12 1 1 1
   1138    5    4   13 1 1 1
   1139    5    4   14 1 1 1
   1140    5    4   15 1 1 1
   1141    5    5    1 1 1 1
   1142    5    5    2 1 1 1
   1143    5    5    3 1 1 1
   1144    5    5    4 1 1 1
   1145    5    5    5 1 1 1
   1146    5    5    6 1 1 1
   1147    5    5    7 1 1 1
   1148    5    5    8 1 1 1
   1149    5    5    9 1 1 1
   1150    5    5   10 1 1 1
   1151    5    5   11 1 1 1
   1152    5    5   12 1 1 1
   1153    5    5   13 1 1 1
   1154    5    5   14 1 1 1
   1155    5    5   15 1 1 1
   1156    5    6    1 1 1 1
   1157    5    6    2 1 1 1
   1158    5    6    3 1 1 1
   1159    5    6    4 1 1 1
   1160    5    6    5 1 1 1
   1161    5    6    6 1 1 1
   1162    5    6    7 1 1 1
   1163    5    6    8 1 1 1
   1164    5    6    9 1 1 1
   1165    5    6   10 1 1 1
   1166    5    6   11 1 1 1
   1167    5    6   12 1 1 1
   1168    5    6   13 1 1 1
   1169    5    6   14 1 1 1
   1170    5    6   15 1 1 1
   1171    5    7    1 1 1 1
   1172    5    7    2 1 1 1
   1173    5    7    3 1 1 1
   1174    5    7    4 1 1 1
   1175    5    7    5 1 1 1
   1176    5    7    6 1 1 1
   1177    5    7    7 1 1 1
   1178    5    7    8 1 1 1
   1179    5    7    9 1 1 1
   1180    5    7   10 1 1 1
   1181    5    7   11 1 1 1
   1182    5    7   12 1 1 1
   1183    5    7   13 1 1 1
   1184    5    7   14 1 1 1
   1185    5    7   15 1 1 1
   1186    5    8    1 1 1 1
   1187    5    8    2 1 1 1
   1188    5    8    3 1 1 1
   1189    5    8    4 1 1 1
   1190    5    8    5 1 1 1
   1191    5    8    6 1 1 1
   1192    5    8    7 1 1 1
   1193    5    8    8 1 1 1
   1194    5    8    9 1 1 1
   1195    5    8   10 1 1 1
   1196    5    8   11 1 1 1
   1197    5    8   12 1 1 1
   1198    5    8   13 1 1 1
   1199    5    8   14 1 1 1
   1200    5    8   15 1 1 1
   1201    5    9    1 1 1 1
   1202    5    9    2 1 1 1
   1203    5    9    3 1 1 1
   1204    5    9    4 1 1 1
   1205    5    9    5 1 1 1
   1206    5    9    6 1 1 1
   1207    5    9    7 1 1 1
   1208    5    9    8 1 1 1
   1209    5    9    9 1 1 1
   1210    5    9   10 1 1 1
   1211    5    9   11 1 1 1
   1212    5    9   12 1 1 1
   1213    5    9   13 1 1 1
   1214    5    9   14 1 1 1
   1215    5    9   15 1 1 1
   1216    5   10    1 1 1 1
   1217    5   10    2 1 1 1
   1218    5   10    3 1 1 1
   1219    5   10    4 1 1 1
   1220    5   10    5 1 1 1
   1221    5   10    6 1 1 1
   1222    5   10    7 1 1 1
   1223    5   10    8 1 1 1
   1224    5   10    9 1 1 1
   1225    5   10   10 1 1 1
   1226    5   10   11 1 1 1
   1227    5   10   12 1 1 1
   1228    5   10   13 1 1 1
   1229    5   10   14 1 1 1
   1230    5   10   15 1 1 1
   1231    5   11    1 1 1 1
   1232    5   11    2 1 1 1
   1233    5   11    3 1 1 1
   1234    5   11    4 1 1 1
   1235    5   11    5 1 1 1
   1236    5   11    6 1 1 1
   1237    5   11    7 1 1 1
   1238    5   11    8 1 1 1
   1239    5   11    9 1 1 1
   1240    5   11   10 1 1 1
   1241    5   11   11 1 1 1
   1242    5   11   12 1 1 1
   1243    5   11   13 1 1 1
   1244    5   11   14 1 1 1
   1245    5   11   15 1 1 1
   1246    5   12    1 1 1 1
   1247    5   12    2 1 1 1
   1248    5   12    3 1 1 1
   1249    5   12    4 1 1 1
   1250    5   12    5 1 1 1
   1251    5   12    6 1 1 1
   1252    5   12    7 1 1 1
   1253    5   12    8 1 1 1
   1254    5   12    9 1 1 1
   1255    5   12   10 1 1 1
   1256    5   12   11 1 1 1
   1257    5   12   12 1 1 1
   1258    5   12   13 1 1 1
   1259    5   12   14 1 1 1
   1260    5   12   15 1 1 1
   1261    5   13    1 1 1 1
   1262    5   13    2 1 1 1
   1263    5   13    3 1 1 1
   1264    5   13    4 1 1 1
   1265    5   13    5 1 1 1
   1266    5   13    6 1 1 1
   1267    5   13    7 1 1 1
   1268    5   13    8 1 1 1
   1269    5   13    9 1 1 1
   1270    5   13   10 1 1 1
   1271    5   13   11 1 1 1
   1272    5   13   12 1 1 1
   1273    5   13   13 1 1 1
   1274    5   13   14 1 1 1
   1275    5   13   15 1 1 1
   1276    5   14    1 1 1 1
   1277    5   14    2 1 1 1
   1278    5   14    3 1 1 1
   1279    5   14    4 1 1 1
   1280    5   14    5 1 1 1
   1281    5   14    6 1 1 1
   1282    5   14    7 1 1 1
   1283    5   14    8 1 1 1
   1284    5   14    9 1 1 1
   1285    5   14   10 1 1 1
   1286    5   14   11 1 1 1
   1287    5   14   12 1 1 1
   1288    5   14   13 1 1 1
   1289    5   14   14 1 1 1
   1290    5   14   15 1 1 1
   1291    5   15    1 1 1 1
   1292    5   15    2 1 1 1
   1293    5   15    3 1 1 1
   1294    5   15    4 1 1 1
   1295    5   15    5 1 1 1
   1296    5   15    6 1 1 1
   1297    5   15    7 1 1 1
   1298    5   15    8 1 1 1
   1299    5   15    9 1 1 1
   1300    5   15   10 1 1 1
   1301    5   15   11 1 1 1
   1302    5   15   12 1 1 1
   1303    5   15   13 1 1 1
   1304    5   15   14 1 1 1
   1305    5   15   15 1 1 1
   1306    5   16    1 1 1 1
   1307    5   16    2 1 1 1
   1308    5   16    3 1 1 1
   1309    5   16    4 1 1 1
   1310    5   16    5 1 1 1
   1311    5   16    6 1 1 1
   1312    5   16    7 1 1 1
   1313    5   16    8 1 1 1
   1314    5   16    9 1 1 1
   1315    5   16   10 1 1 1
   1316    5   16   11 1 1 1
   1317    5   16   12 1 1 1
   1318    5   16   13 1 1 1
   1319    5   16   14 1 1 1
   1320    5   16   15 1 1 1
   1321    5   17    1 1 1 1
   1322    5   17    2 1 1 1
   1323    5   17    3 1 1 1
   1324    5   17    4 1 1 1
   1325    5   17    5 1 1 1
   1326    5   17    6 1 1 1
   1327    5   17    7 1 1 1
   1328    5   17    8 1 1 1
   1329    5   17    9 1 1 1
   1330    5   17   10 1 1 1
   1331    5   17   11 1 1 1
   1332    5   17   12 1 1 1
   1333    5   17   13 1 1 1
   1334    5   17   14 1 1 1
   1335    5   17   15 1 1 1
   1336    5   18    1 1 1 1
   1337    5   18    2 1 1 1
   1338    5   18    3 1 1 1
   1339    5   18    4 1 1 1
   1340    5   18    5 1 1 1
   1341    5   18    6 1 1 1
   1342    5   18    7 1 1 1
   1343    5   18    8 1 1 1
   1344    5   18    9 1 1 1
   1345    5   18   10 1 1 1
   1346    5   18   11 1 1 1
   1347    5   18   12 1 1 1
   1348    5   18   13 1 1 1
   1349    5   18   14 1 1 1
   1350    5   18   15 1 1 1
   1351    6    1    1 1 1 1
   1352    6    1    2 1 1 1
   1353    6    1    3 1 1 1
   1354    6    1    4 1 1 1
   1355    6    1    5 1 1 1
   1356    6    1    6 1 1 1
   1357    6    1    7 1 1 1
   1358    6    1    8 1 1 1
   1359    6    1    9 1 1 1
   1360    6    1   10 1 1 1
   1361    6    1   11 1 1 1
   1362    6    1   12 1 1 1
   1363    6    1   13 1 1 1
   1364    6    1   14 1 1 1
   1365    6    1   15 1 1 1
   1366    6    2    1 1 1 1
   1367    6    2    2 1 1 1
   1368    6    2    3 1 1 1
   1369    6    2    4 1 1 1
   1370    6    2    5 1 1 1
   1371    6    2    6 1 1 1
   1372    6    2    7 1 1 1
   1373    6    2    8 1 1 1
   1374    6    2    9 1 1 1
   1375    6    2   10 1 1 1
   1376    6    2   11 1 1 1
   1377    6    2   12 1 1 1
   1378    6    2   13 1 1 1
   1379    6    2   14 1 1 1
   1380    6    2   15 1 1 1
   1381    6    3    1 1 1 1
   1382    6    3    2 1 1 1
   1383    6    3    3 1 1 1
   1384    6    3    4 1 1 1
   1385    6    3    5 1 1 1
   1386    6    3    6 1 1 1
   1387    6    3    7 1 1 1
   1388    6    3    8 1 1 1
   1389    6    3    9 1 1 1
   1390    6    3   10 1 1 1
   1391    6    3   11 1 1 1
   1392    6    3   12 1 1 1
   1393    6    3   13 1 1 1
   1394    6    3   14 1 1 1
   1395    6    3   15 1 1 1
   1396    6    4    1 1 1 1
   1397    6    4    2 1 1 1
   1398    6    4    3 1 1 1
   1399    6    4    4 1 1 1
   1400    6    4    5 1 1 1
   1401    6    4    6 1 1 1
   1402    6    4    7 1 1 1
   1403    6    4    8 1 1 1
   1404    6    4    9 1 1 1
   1405    6    4   10 1 1 1
   1406    6    4   11 1 1 1
   1407    6    4   12 1 1 1
   1408    6    4   13 1 1 1
   1409    6    4   14 1 1 1
   1410    6    4   15 1 1 1
   1411    6    5    1 1 1 1
   1412    6    5    2 1 1 1
   1413    6    5    3 1 1 1
   1414    6    5    4 1 1 1
   1415    6    5    5 1 1 1
   1416    6    5    6 1 1 1
   1417    6    5    7 1 1 1
   1418    6    5    8 1 1 1
   1419    6    5    9 1 1 1
   1420    6    5   10 1 1 1
   1421    6    5   11 1 1 1
   1422    6    5   12 1 1 1
   1423    6    5   13 1 1 1
   1424    6    5   14 1 1 1
   1425    6    5   15 1 1 1
   1426    6    6    1 1 1 1
   1427    6    6    2 1 1 1
   1428    6    6    3 1 1 1
   1429    6    6    4 1 1 1
   1430    6    6    5 1 1 1
   1431    6    6    6 1 1 1
   1432    6    6    7 1 1 1
   1433    6    6    8 1 1 1
   1434    6    6    9 1 1 1
   1435    6    6   10 1 1 1
   1436    6    6   11 1 1 1
   1437    6    6   12 1 1 1
   1438    6    6   13 1 1 1
   1439    6    6   14 1 1 1
   1440    6    6   15 1 1 1
   1441    6    7    1 1 1 1
   1442    6    7    2 1 1 1
   1443    6    7    3 1 1 1
   1444    6    7    4 1 1 1
   1445    6    7    5 1 1 1
   1446    6    7    6 1 1 1
   1447    6    7    7 1 1 1
   1448    6    7    8 1 1 1
   1449    6    7    9 1 1 1
   1450    6    7   10 1 1 1
   1451    6    7   11 1 1 1
   1452    6    7   12 1 1 1
   1453    6    7   13 1 1 1
   1454    6    7   14 1 1 1
   1455    6    7   15 1 1 1
   1456    6    8    1 1 1 1
   1457    6    8    2 1 1 1
   1458    6    8    3 1 1 1
   1459    6    8    4 1 1 1
   1460    6    8    5 1 1 1
   1461    6    8    6 1 1 1
   1462    6    8    7 1 1 1
   1463    6    8    8 1 1 1
   1464    6    8    9 1 1 1
   1465    6    8   10 1 1 1
   1466    6    8   11 1 1 1
   1467    6    8   12 1 1 1
   1468    6    8   13 1 1 1
   1469    6    8   14 1 1 1
   1470    6    8   15 1 1 1
   1471    6    9    1 1 1 1
   1472    6    9    2 1 1 1
   1473    6    9    3 1 1 1
   1474    6    9    4 1 1 1
   1475    6    9    5 1 1 1
   1476    6    9    6 1 1 1
   1477    6    9    7 1 1 1
   1478    6    9    8 1 1 1
   1479    6    9    9 1 1 1
   1480    6    9   10 1 1 1
   1481    6    9   11 1 1 1
   1482    6    9   12 1 1 1
   1483    6    9   13 1 1 1
   1484    6    9   14 1 1 1
   1485    6    9   15 1 1 1
   1486    6   10    1 1 1 1
   1487    6   10    2 1 1 1
   1488    6   10    3 1 1 1
   1489    6   10    4 1 1 1
   1490    6   10    5 1 1 1
   1491    6   10    6 1 1 1
   1492    6   10    7 1 1 1
   1493    6   10    8 1 1 1
   1494    6   10    9 1 1 1
   1495    6   10   10 1 1 1
   1496    6   10   11 1 1 1
   1497    6   10   12 1 1 1
   1498    6   10   13 1 1 1
   1499    6   10   14 1 1 1
   1500    6   10   15 1 1 1
   1501    6   11    1 1 1 1
   1502    6   11    2 1 1 1
   1503    6   11    3 1 1 1
   1504    6   11    4 1 1 1
   1505    6   11    5 1 1 1
   1506    6   11    6 1 1 1
   1507    6   11    7 1 1 1
   1508    6   11    8 1 1 1
   1509    6   11    9 1 1 1
   1510    6   11   10 1 1 1
   1511    6   11   11 1 1 1
   1512    6   11   12 1 1 1
   1513    6   11   13 1 1 1
   1514    6   11   14 1 1 1
   1515    6   11   15 1 1 1
   1516    6   12    1 1 1 1
   1517    6   12    2 1 1 1
   1518    6   12    3 1 1 1
   1519    6   12    4 1 1 1
   1520    6   12    5 1 1 1
   1521    6   12    6 1 1 1
   1522    6   12    7 1 1 1
   1523    6   12    8 1 1 1
   1524    6   12    9 1 1 1
   1525    6   12   10 1 1 1
   1526    6   12   11 1 1 1
   1527    6   12   12 1 1 1
   1528    6   12   13 1 1 1
   1529    6   12   14 1 1 1
   1530    6   12   15 1 1 1
   1531    6   13    1 1 1 1
   1532    6   13    2 1 1 1
   1533    6   13    3 1 1 1
   1534    6   13    4 1 1 1
   1535    6   13    5 1 1 1
   1536    6   13    6 1 1 1
   1537    6   13    7 1 1 1
   1538    6   13    8 1 1 1
   1539    6   13    9 1 1 1
   1540    6   13   10 1 1 1
   1541    6   13   11 1 1 1
   1542    6   13   12 1 1 1
   1543    6   13   13 1 1 1
   1544    6   13   14 1 1 1
   1545    6   13   15 1 1 1
   1546    6   14    1 1 1 1
   1547    6   14    2 1 1 1
   1548    6   14    3 1 1 1
   1549    6   14    4 1 1 1
   1550    6   14    5 1 1 1
   1551    6   14    6 1 1 1
   1552    6   14    7 1 1 1
   1553    6   14    8 1 1 1
   1554    6   14    9 1 1 1
   1555    6   14   10 1 1 1
   1556    6   14   11 1 1 1
   1557    6   14   12 1 1 1
   1558    6   14   13 1 1 1
   1559    6   14   14 1 1 1
   1560    6   14   15 1 1 1
   1561    6   15    1 1 1 1
   1562    6   15    2 1 1 1
   1563    6   15    3 1 1 1
   1564    6   15    4 1 1 1
   1565    6   15    5 1 1 1
   1566    6   15    6 1 1 1
   1567    6   15    7 1 1 1
   1568    6   15    8 1 1 1
   1569    6   15    9 1 1 1
   1570    6   15   10 1 1 1
   1571    6   15   11 1 1 1
   1572    6   15   12 1 1 1
   1573    6   15   13 1 1 1
   1574    6   15   14 1 1 1
   1575    6   15   15 1 1 1
   1576    6   16    1 1 1 1
   1577    6   16    2 1 1 1
   1578    6   16    3 1 1 1
   1579    6   16    4 1 1 1
   1580    6   16    5 1 1 1
   1581    6   16    6 1 1 1
   1582    6   16    7 1 1 1
   1583    6   16    8 1 1 1
   1584    6   16    9 1 1 1
   1585    6   16   10 1 1 1
   1586    6   16   11 1 1 1
   1587    6   16   12 1 1 1
   1588    6   16   13 1 1 1
   1589    6   16   14 1 1 1
   1590    6   16   15 1 1 1
   1591    6   17    1 1 1 1
   1592    6   17    2 1 1 1
   1593    6   17    3 1 1 1
   1594    6   17    4 1 1 1
   1595    6   17    5 1 1 1
   1596    6   17    6 1 1 1
   1597    6   17    7 1 1 1
   1598    6   17    8 1 1 1
   1599    6   17    9 1 1 1
   1600    6   17   10 1 1 1
   1601    6   17   11 1 1 1
   1602    6   17   12 1 1 1
   1603    6   17   13 1 1 1
   1604    6   17   14 1 1 1
   1605    6   17   15 1 1 1
   1606    6   18    1 1 1 1
   1607    6   18    2 1 1 1
   1608    6   18    3 1 1 1
   1609    6   18    4 1 1 1
   1610    6   18    5 1 1 1
   1611    6   18    6 1 1 1
   1612    6   18    7 1 1 1
   1613    6   18    8 1 1 1
   1614    6   18    9 1 1 1
   1615    6   18   10 1 1 1
   1616    6   18   11 1 1 1
   1617    6   18   12 1 1 1
   1618    6   18   13 1 1 1
   1619    6   18   14 1 1 1
   1620    6   18   15 1 1 1
   1621    7    1    1 1 1 1
   1622    7    1    2 1 1 1
   1623    7    1    3 1 1 1
   1624    7    1    4 1 1 1
   1625    7    1    5 1 1 1
   1626    7    1    6 1 1 1
   1627    7    1    7 1 1 1
   1628    7    1    8 1 1 1
   1629    7    1    9 1 1 1
   1630    7    1   10 1 1 1
   1631    7    1   11 1 1 1
   1632    7    1   12 1 1 1
   1633    7    1   13 1 1 1
   1634    7    1   14 1 1 1
   1635    7    1   15 1 1 1
   1636    7    2    1 1 1 1
   1637    7    2    2 1 1 1
   1638    7    2    3 1 1 1
   1639    7    2    4 1 1 1
   1640    7    2    5 1 1 1
   1641    7    2    6 1 1 1
   1642    7    2    7 1 1 1
   1643    7    2    8 1 1 1
   1644    7    2    9 1 1 1
   1645    7    2   10 1 1 1
   1646    7    2   11 1 1 1
   1647    7    2   12 1 1 1
   1648    7    2   13 1 1 1
   1649    7    2   14 1 1 1
   1650    7    2   15 1 1 1
   1651    7    3    1 1 1 1
   1652    7    3    2 1 1 1
   1653    7    3    3 1 1 1
   1654    7    3    4 1 1 1
   1655    7    3    5 1 1 1
   1656    7    3    6 1 1 1
   1657    7    3    7 1 1 1
   1658    7    3    8 1 1 1
   1659    7    3    9 1 1 1
   1660    7    3   10 1 1 1
   1661    7    3   11 1 1 1
   1662    7    3   12 1 1 1
   1663    7    3   13 1 1 1
   1664    7    3   14 1 1 1
   1665    7    3   15 1 1 1
   1666    7    4    1 1 1 1
   1667    7    4    2 1 1 1
   1668    7    4    3 1 1 1
   1669    7    4    4 1 1 1
   1670    7    4    5 1 1 1
   1671    7    4    6 1 1 1
   1672    7    4    7 1 1 1
   1673    7    4    8 1 1 1
   1674    7    4    9 1 1 1
   1675    7    4   10 1 1 1
   1676    7    4   11 1 1 1
   1677    7    4   12 1 1 1
   1678    7    4   13 1 1 1
   1679    7    4   14 1 1 1
   1680    7    4   15 1 1 1
   1681    7    5    1 1 1 1
   1682    7    5    2 1 1 1
   1683    7    5    3 1 1 1
   1684    7    5    4 1 1 1
   1685    7    5    5 1 1 1
   1686    7    5    6 1 1 1
   1687    7    5    7 1 1 1
   1688    7    5    8 1 1 1
   1689    7    5    9 1 1 1
   1690    7    5   10 1 1 1
   1691    7    5   11 1 1 1
   1692    7    5   12 1 1 1
   1693    7    5   13 1 1 1
   1694    7    5   14 1 1 1
   1695    7    5   15 1 1 1
   1696    7    6    1 1 1 1
   1697    7    6    2 1 1 1
   1698    7    6    3 1 1 1
   1699    7    6    4 1 1 1
   1700    7    6    5 1 1 1
   1701    7    6    6 1 1 1
   1702    7    6    7 1 1 1
   1703    7    6    8 1 1 1
   1704    7    6    9 1 1 1
   1705    7    6   10 1 1 1
   1706    7    6   11 1 1 1
   1707    7    6   12 1 1 1
   1708    7    6   13 1 1 1
   1709    7    6   14 1 1 1
   1710    7    6   15 1 1 1
   1711    7    7    1 1 1 1
   1712    7    7    2 1 1 1
   1713    7    7    3 1 1 1
   1714    7    7    4 1 1 1
   1715    7    7    5 1 1 1
   1716    7    7    6 1 1 1
   1717    7    7    7 1 1 1
   1718    7    7    8 1 1 1
   1719    7    7    9 1 1 1
   1720    7    7   10 1 1 1
   1721    7    7   11 1 1 1
   1722    7    7   12 1 1 1
   1723    7    7   13 1 1 1
   1724    7    7   14 1 1 1
   1725    7    7   15 1 1 1
   1726    7    8    1 1 1 1
   1727    7    8    2 1 1 1
   1728    7    8    3 1 1 1
   1729    7    8    4 1 1 1
   1730    7    8    5 1 1 1
   1731    7    8    6 1 1 1
   1732    7    8    7 1 1 1
   1733    7    8    8 1 1 1
   1734    7    8    9 1 1 1
   1735    7    8   10 1 1 1
   1736    7    8   11 1 1 1
   1737    7    8   12 1 1 1
   1738    7    8   13 1 1 1
   1739    7    8   14 1 1 1
   1740    7    8   15 1 1 1
   1741    7    9    1 1 1 1
   1742    7    9    2 1 1 1
   1743    7    9    3 1 1 1
   1744    7    9    4 1 1 1
   1745    7    9    5 1 1 1
   1746    7    9    6 1 1 1
   1747    7    9    7 1 1 1
   1748    7    9    8 1 1 1
   1749    7    9    9 1 1 1
   1750    7    9   10 1 1 1
   1751    7    9   11 1 1 1
   1752    7    9   12 1 1 1
   1753    7    9   13 1 1 1
   1754    7    9   14 1 1 1
   1755    7    9   15 1 1 1
   1756    7   10    1 1 1 1
   1757    7   10    2 1 1 1
   1758    7   10    3 1 1 1
   1759    7   10    4 1 1 1
   1760    7   10    5 1 1 1
   1761    7   10    6 1 1 1
   1762    7   10    7 1 1 1
   1763    7   10    8 1 1 1
   1764    7   10    9 1 1 1
   1765    7   10   10 1 1 1
   1766    7   10   11 1 1 1
   1767    7   10   12 1 1 1
   1768    7   10   13 1 1 1
   1769    7   10   14 1 1 1
   1770    7   10   15 1 1 1
   1771    7   11    1 1 1 1
   1772    7   11    2 1 1 1
   1773    7   11    3 1 1 1
   1774    7   11    4 1 1 1
   1775    7   11    5 1 1 1
   1776    7   11    6 1 1 1
   1777    7   11    7 1 1 1
   1778    7   11    8 1 1 1
   1779    7   11    9 1 1 1
   1780    7   11   10 1 1 1
   1781    7   11   11 1 1 1
   1782    7   11   12 1 1 1
   1783    7   11   13 1 1 1
   1784    7   11   14 1 1 1
   1785    7   11   15 1 1 1
   1786    7   12    1 1 1 1
   1787    7   12    2 1 1 1
   1788    7   12    3 1 1 1
   1789    7   12    4 1 1 1
   1790    7   12    5 1 1 1
   1791    7   12    6 1 1 1
   1792    7   12    7 1 1 1
   1793    7   12    8 1 1 1
   1794    7   12    9 1 1 1
   1795    7   12   10 1 1 1
   1796    7   12   11 1 1 1
   1797    7   12   12 1 1 1
   1798    7   12   13 1 1 1
   1799    7   12   14 1 1 1
   1800    7   12   15 1 1 1
   1801    7   13    1 1 1 1
   1802    7   13    2 1 1 1
   1803    7   13    3 1 1 1
   1804    7   13    4 1 1 1
   1805    7   13    5 1 1 1
   1806    7   13    6 1 1 1
   1807    7   13    7 1 1 1
   1808    7   13    8 1 1 1
   1809    7   13    9 1 1 1
   1810    7   13   10 1 1 1
   1811    7   13   11 1 1 1
   1812    7   13   12 1 1 1
   1813    7   13   13 1 1 1
   1814    7   13   14 1 1 1
   1815    7   13   15 1 1 1
   1816    7   14    1 1 1 1
   1817    7   14    2 1 1 1
   1818    7   14    3 1 1 1
   1819    7   14    4 1 1 1
   1820    7   14    5 1 1 1
   1821    7   14    6 1 1 1
   1822    7   14    7 1 1 1
   1823    7   14    8 1 1 1
   1824    7   14    9 1 1 1
   1825    7   14   10 1 1 1
   1826    7   14   11 1 1 1
   1827    7   14   12 1 1 1
   1828    7   14   13 1 1 1
   1829    7   14   14 1 1 1
   1830    7   14   15 1 1 1
   1831    7   15    1 1 1 1
   1832    7   15    2 1 1 1
   1833    7   15    3 1 1 1
   1834    7   15    4 1 1 1
   1835    7   15    5 1 1 1
   1836    7   15    6 1 1 1
   1837    7   15    7 1 1 1
   1838    7   15    8 1 1 1
   1839    7   15    9 1 1 1
   1840    7   15   10 1 1 1
   1841    7   15   11 1 1 1
   1842    7   15   12 1 1 1
   1843    7   15   13 1 1 1
   1844    7   15   14 1 1 1
   1845    7   15   15 1 1 1
   1846    7   16    1 1 1 1
   1847    7   16    2 1 1 1
   1848    7   16    3 1 1 1
   1849    7   16    4 1 1 1
   1850    7   16    5 1 1 1
   1851    7   16    6 1 1 1
   1852    7   16    7 1 1 1
   1853    7   16    8 1 1 1
   1854    7   16    9 1 1 1
   1855    7   16   10 1 1 1
   1856    7   16   11 1 1 1
   1857    7   16   12 1 1 1
   1858    7   16   13 1 1 1
   1859    7   16   14 1 1 1
   1860    7   16   15 1 1 1
   1861    7   17    1 1 1 1
   1862    7   17    2 1 1 1
   1863    7   17    3 1 1 1
   1864    7   17    4 1 1 1
   1865    7   17    5 1 1 1
   1866    7   17    6 1 1 1
   1867    7   17    7 1 1 1
   1868    7   17    8 1 1 1
   1869    7   17    9 1 1 1
   1870    7   17   10 1 1 1
   1871    7   17   11 1 1 1
   1872    7   17   12 1 1 1
   1873    7   17   13 1 1 1
   1874    7   17   14 1 1 1
   1875    7   17   15 1 1 1
   1876    7   18    1 1 1 1
   1877    7   18    2 1 1 1
   1878    7   18    3 1 1 1
   1879    7   18    4 1 1 1
   1880    7   18    5 1 1 1
   1881    7   18    6 1 1 1
   1882    7   18    7 1 1 1
   1883    7   18    8 1 1 1
   1884    7   18    9 1 1 1
   1885    7   18   10 1 1 1
   1886    7   18   11 1 1 1
   1887    7   18   12 1 1 1
   1888    7   18   13 1 1 1
   1889    7   18   14 1 1 1
   1890    7   18   15 1 1 1
