 >REASHP: option FROM_FILE
      1365 = NAT
  1.000000  0.000000  0.000000 = A_1 vector
  0.000000  1.000000  0.000000 = A_2 vector
  1.000000  1.000000  1.000000 = lattice spacings (d_x,d_y,d_z)/d
  -0.17370  -0.19155  -0.00000 = lattice offset x0(1-3) = (x_TF,y_TF,z_TF)/d for dipole 0 0 0
     JA  IX  IY  IZ ICOMP(x,y,z)
      1    1    1    1 1 1 1
      2    1    2    1 1 1 1
      3    1    3    1 1 1 1
      4    1    4    1 1 1 1
      5    1    5    1 1 1 1
      6    1    6    1 1 1 1
      7    1    7    1 1 1 1
      8    1    8    1 1 1 1
      9    1    9    1 1 1 1
     10    1   10    1 1 1 1
     11    1   11    1 1 1 1
     12    1   12    1 1 1 1
     13    1   13    1 1 1 1
     14    1   14    1 1 1 1
     15    1   15    1 1 1 1
     16    1   16    1 1 1 1
     17    1   17    1 1 1 1
     18    1   18    1 1 1 1
     19    1   19    1 1 1 1
     20    1   20    1 1 1 1
     21    1   21    1 1 1 1
     22    1   22    1 1 1 1
     23    1   23    1 1 1 1
     24    1   24    1 1 1 1
     25    1   25    1 1 1 1
     26    1   26    1 1 1 1
     27    1   27    1 1 1 1
     28    1   28    1 1 1 1
     29    1   29    1 1 1 1
     30    1   30    1 1 1 1
     31    1   31    1 1 1 1
     32    1   32    1 1 1 1
     33    1   33    1 1 1 1
     34    1   34    1 1 1 1
     35    1   35    1 1 1 1
     36    1   36    1 1 1 1
     37    1   37    1 1 1 1
     38    1   38    1 1 1 1
     39    1   39    1 1 1 1
     40    2    1    1 1 1 1
     41    2    2    1 1 1 1
     42    2    3    1 1 1 1
     43    2    4    1 1 1 1
     44    2    5    1 1 1 1
     45    2    6    1 1 1 1
     46    2    7    1 1 1 1
     47    2    8    1 1 1 1
     48    2    9    1 1 1 1
     49    2   10    1 1 1 1
     50    2   11    1 1 1 1
     51    2   12    1 1 1 1
     52    2   13    1 1 1 1
     53    2   14    1 1 1 1
     54    2   15    1 1 1 1
     55    2   16    1 1 1 1
     56    2   17    1 1 1 1
     57    2   18    1 1 1 1
     58    2   19    1 1 1 1
     59    2   20    1 1 1 1
     60    2   21    1 1 1 1
     61    2   22    1 1 1 1
     62    2   23    1 1 1 1
     63    2   24    1 1 1 1
     64    2   25    1 1 1 1
     65    2   26    1 1 1 1
     66    2   27    1 1 1 1
     67    2   28    1 1 1 1
     68    2   29    1 1 1 1
     69    2   30    1 1 1 1
     70    2   31    1 1 1 1
     71    2   32    1 1 1 1
     72    2   33    1 1 1 1
     73    2   34    1 1 1 1
     74    2   35    1 1 1 1
     75    2   36    1 1 1 1
     76    2   37    1 1 1 1
     77    2   38    1 1 1 1
     78    2   39    1 1 1 1
     79    3    1    1 1 1 1
     80    3    2    1 1 1 1
     81    3    3    1 1 1 1
     82    3    4    1 1 1 1
     83    3    5    1 1 1 1
     84    3    6    1 1 1 1
     85    3    7    1 1 1 1
     86    3    8    1 1 1 1
     87    3    9    1 1 1 1
     88    3   10    1 1 1 1
     89    3   11    1 1 1 1
     90    3   12    1 1 1 1
     91    3   13    1 1 1 1
     92    3   14    1 1 1 1
     93    3   15    1 1 1 1
     94    3   16    1 1 1 1
     95    3   17    1 1 1 1
     96    3   18    1 1 1 1
     97    3   19    1 1 1 1
     98    3   20    1 1 1 1
     99    3   21    1 1 1 1
    100    3   22    1 1 1 1
    101    3   23    1 1 1 1
    102    3   24    1 1 1 1
    103    3   25    1 1 1 1
    104    3   26    1 1 1 1
    105    3   27    1 1 1 1
    106    3   28    1 1 1 1
    107    3   29    1 1 1 1
    108    3   30    1 1 1 1
    109    3   31    1 1 1 1
    110    3   32    1 1 1 1
    111    3   33    1 1 1 1
    112    3   34    1 1 1 1
    113    3   35    1 1 1 1
    114    3   36    1 1 1 1
    115    3   37    1 1 1 1
    116    3   38    1 1 1 1
    117    3   39    1 1 1 1
    118    4    1    1 1 1 1
    119    4    2    1 1 1 1
    120    4    3    1 1 1 1
    121    4    4    1 1 1 1
    122    4    5    1 1 1 1
    123    4    6    1 1 1 1
    124    4    7    1 1 1 1
    125    4    8    1 1 1 1
    126    4    9    1 1 1 1
    127    4   10    1 1 1 1
    128    4   11    1 1 1 1
    129    4   12    1 1 1 1
    130    4   13    1 1 1 1
    131    4   14    1 1 1 1
    132    4   15    1 1 1 1
    133    4   16    1 1 1 1
    134    4   17    1 1 1 1
    135    4   18    1 1 1 1
    136    4   19    1 1 1 1
    137    4   20    1 1 1 1
    138    4   21    1 1 1 1
    139    4   22    1 1 1 1
    140    4   23    1 1 1 1
    141    4   24    1 1 1 1
    142    4   25    1 1 1 1
    143    4   26    1 1 1 1
    144    4   27    1 1 1 1
    145    4   28    1 1 1 1
    146    4   29    1 1 1 1
    147    4   30    1 1 1 1
    148    4   31    1 1 1 1
    149    4   32    1 1 1 1
    150    4   33    1 1 1 1
    151    4   34    1 1 1 1
    152    4   35    1 1 1 1
    153    4   36    1 1 1 1
    154    4   37    1 1 1 1
    155    4   38    1 1 1 1
    156    4   39    1 1 1 1
    157    5    1    1 1 1 1
    158    5    2    1 1 1 1
    159    5    3    1 1 1 1
    160    5    4    1 1 1 1
    161    5    5    1 1 1 1
    162    5    6    1 1 1 1
    163    5    7    1 1 1 1
    164    5    8    1 1 1 1
    165    5    9    1 1 1 1
    166    5   10    1 1 1 1
    167    5   11    1 1 1 1
    168    5   12    1 1 1 1
    169    5   13    1 1 1 1
    170    5   14    1 1 1 1
    171    5   15    1 1 1 1
    172    5   16    1 1 1 1
    173    5   17    1 1 1 1
    174    5   18    1 1 1 1
    175    5   19    1 1 1 1
    176    5   20    1 1 1 1
    177    5   21    1 1 1 1
    178    5   22    1 1 1 1
    179    5   23    1 1 1 1
    180    5   24    1 1 1 1
    181    5   25    1 1 1 1
    182    5   26    1 1 1 1
    183    5   27    1 1 1 1
    184    5   28    1 1 1 1
    185    5   29    1 1 1 1
    186    5   30    1 1 1 1
    187    5   31    1 1 1 1
    188    5   32    1 1 1 1
    189    5   33    1 1 1 1
    190    5   34    1 1 1 1
    191    5   35    1 1 1 1
    192    5   36    1 1 1 1
    193    5   37    1 1 1 1
    194    5   38    1 1 1 1
    195    5   39    1 1 1 1
    196    6    1    1 1 1 1
    197    6    2    1 1 1 1
    198    6    3    1 1 1 1
    199    6    4    1 1 1 1
    200    6    5    1 1 1 1
    201    6    6    1 1 1 1
    202    6    7    1 1 1 1
    203    6    8    1 1 1 1
    204    6    9    1 1 1 1
    205    6   10    1 1 1 1
    206    6   11    1 1 1 1
    207    6   12    1 1 1 1
    208    6   13    1 1 1 1
    209    6   14    1 1 1 1
    210    6   15    1 1 1 1
    211    6   16    1 1 1 1
    212    6   17    1 1 1 1
    213    6   18    1 1 1 1
    214    6   19    1 1 1 1
    215    6   20    1 1 1 1
    216    6   21    1 1 1 1
    217    6   22    1 1 1 1
    218    6   23    1 1 1 1
    219    6   24    1 1 1 1
    220    6   25    1 1 1 1
    221    6   26    1 1 1 1
    222    6   27    1 1 1 1
    223    6   28    1 1 1 1
    224    6   29    1 1 1 1
    225    6   30    1 1 1 1
    226    6   31    1 1 1 1
    227    6   32    1 1 1 1
    228    6   33    1 1 1 1
    229    6   34    1 1 1 1
    230    6   35    1 1 1 1
    231    6   36    1 1 1 1
    232    6   37    1 1 1 1
    233    6   38    1 1 1 1
    234    6   39    1 1 1 1
    235    7    1    1 1 1 1
    236    7    2    1 1 1 1
    237    7    3    1 1 1 1
    238    7    4    1 1 1 1
    239    7    5    1 1 1 1
    240    7    6    1 1 1 1
    241    7    7    1 1 1 1
    242    7    8    1 1 1 1
    243    7    9    1 1 1 1
    244    7   10    1 1 1 1
    245    7   11    1 1 1 1
    246    7   12    1 1 1 1
    247    7   13    1 1 1 1
    248    7   14    1 1 1 1
    249    7   15    1 1 1 1
    250    7   16    1 1 1 1
    251    7   17    1 1 1 1
    252    7   18    1 1 1 1
    253    7   19    1 1 1 1
    254    7   20    1 1 1 1
    255    7   21    1 1 1 1
    256    7   22    1 1 1 1
    257    7   23    1 1 1 1
    258    7   24    1 1 1 1
    259    7   25    1 1 1 1
    260    7   26    1 1 1 1
    261    7   27    1 1 1 1
    262    7   28    1 1 1 1
    263    7   29    1 1 1 1
    264    7   30    1 1 1 1
    265    7   31    1 1 1 1
    266    7   32    1 1 1 1
    267    7   33    1 1 1 1
    268    7   34    1 1 1 1
    269    7   35    1 1 1 1
    270    7   36    1 1 1 1
    271    7   37    1 1 1 1
    272    7   38    1 1 1 1
    273    7   39    1 1 1 1
    274    8    1    1 1 1 1
    275    8    2    1 1 1 1
    276    8    3    1 1 1 1
    277    8    4    1 1 1 1
    278    8    5    1 1 1 1
    279    8    6    1 1 1 1
    280    8    7    1 1 1 1
    281    8    8    1 1 1 1
    282    8    9    1 1 1 1
    283    8   10    1 1 1 1
    284    8   11    1 1 1 1
    285    8   12    1 1 1 1
    286    8   13    1 1 1 1
    287    8   14    1 1 1 1
    288    8   15    1 1 1 1
    289    8   16    1 1 1 1
    290    8   17    1 1 1 1
    291    8   18    1 1 1 1
    292    8   19    1 1 1 1
    293    8   20    1 1 1 1
    294    8   21    1 1 1 1
    295    8   22    1 1 1 1
    296    8   23    1 1 1 1
    297    8   24    1 1 1 1
    298    8   25    1 1 1 1
    299    8   26    1 1 1 1
    300    8   27    1 1 1 1
    301    8   28    1 1 1 1
    302    8   29    1 1 1 1
    303    8   30    1 1 1 1
    304    8   31    1 1 1 1
    305    8   32    1 1 1 1
    306    8   33    1 1 1 1
    307    8   34    1 1 1 1
    308    8   35    1 1 1 1
    309    8   36    1 1 1 1
    310    8   37    1 1 1 1
    311    8   38    1 1 1 1
    312    8   39    1 1 1 1
    313    9    1    1 1 1 1
    314    9    2    1 1 1 1
    315    9    3    1 1 1 1
    316    9    4    1 1 1 1
    317    9    5    1 1 1 1
    318    9    6    1 1 1 1
    319    9    7    1 1 1 1
    320    9    8    1 1 1 1
    321    9    9    1 1 1 1
    322    9   10    1 1 1 1
    323    9   11    1 1 1 1
    324    9   12    1 1 1 1
    325    9   13    1 1 1 1
    326    9   14    1 1 1 1
    327    9   15    1 1 1 1
    328    9   16    1 1 1 1
    329    9   17    1 1 1 1
    330    9   18    1 1 1 1
    331    9   19    1 1 1 1
    332    9   20    1 1 1 1
    333    9   21    1 1 1 1
    334    9   22    1 1 1 1
    335    9   23    1 1 1 1
    336    9   24    1 1 1 1
    337    9   25    1 1 1 1
    338    9   26    1 1 1 1
    339    9   27    1 1 1 1
    340    9   28    1 1 1 1
    341    9   29    1 1 1 1
    342    9   30    1 1 1 1
    343    9   31    1 1 1 1
    344    9   32    1 1 1 1
    345    9   33    1 1 1 1
    346    9   34    1 1 1 1
    347    9   35    1 1 1 1
    348    9   36    1 1 1 1
    349    9   37    1 1 1 1
    350    9   38    1 1 1 1
    351    9   39    1 1 1 1
    352   10    1    1 1 1 1
    353   10    2    1 1 1 1
    354   10    3    1 1 1 1
    355   10    4    1 1 1 1
    356   10    5    1 1 1 1
    357   10    6    1 1 1 1
    358   10    7    1 1 1 1
    359   10    8    1 1 1 1
    360   10    9    1 1 1 1
    361   10   10    1 1 1 1
    362   10   11    1 1 1 1
    363   10   12    1 1 1 1
    364   10   13    1 1 1 1
    365   10   14    1 1 1 1
    366   10   15    1 1 1 1
    367   10   16    1 1 1 1
    368   10   17    1 1 1 1
    369   10   18    1 1 1 1
    370   10   19    1 1 1 1
    371   10   20    1 1 1 1
    372   10   21    1 1 1 1
    373   10   22    1 1 1 1
    374   10   23    1 1 1 1
    375   10   24    1 1 1 1
    376   10   25    1 1 1 1
    377   10   26    1 1 1 1
    378   10   27    1 1 1 1
    379   10   28    1 1 1 1
    380   10   29    1 1 1 1
    381   10   30    1 1 1 1
    382   10   31    1 1 1 1
    383   10   32    1 1 1 1
    384   10   33    1 1 1 1
    385   10   34    1 1 1 1
    386   10   35    1 1 1 1
    387   10   36    1 1 1 1
    388   10   37    1 1 1 1
    389   10   38    1 1 1 1
    390   10   39    1 1 1 1
    391   11    1    1 1 1 1
    392   11    2    1 1 1 1
    393   11    3    1 1 1 1
    394   11    4    1 1 1 1
    395   11    5    1 1 1 1
    396   11    6    1 1 1 1
    397   11    7    1 1 1 1
    398   11    8    1 1 1 1
    399   11    9    1 1 1 1
    400   11   10    1 1 1 1
    401   11   11    1 1 1 1
    402   11   12    1 1 1 1
    403   11   13    1 1 1 1
    404   11   14    1 1 1 1
    405   11   15    1 1 1 1
    406   11   16    1 1 1 1
    407   11   17    1 1 1 1
    408   11   18    1 1 1 1
    409   11   19    1 1 1 1
    410   11   20    1 1 1 1
    411   11   21    1 1 1 1
    412   11   22    1 1 1 1
    413   11   23    1 1 1 1
    414   11   24    1 1 1 1
    415   11   25    1 1 1 1
    416   11   26    1 1 1 1
    417   11   27    1 1 1 1
    418   11   28    1 1 1 1
    419   11   29    1 1 1 1
    420   11   30    1 1 1 1
    421   11   31    1 1 1 1
    422   11   32    1 1 1 1
    423   11   33    1 1 1 1
    424   11   34    1 1 1 1
    425   11   35    1 1 1 1
    426   11   36    1 1 1 1
    427   11   37    1 1 1 1
    428   11   38    1 1 1 1
    429   11   39    1 1 1 1
    430   12    1    1 1 1 1
    431   12    2    1 1 1 1
    432   12    3    1 1 1 1
    433   12    4    1 1 1 1
    434   12    5    1 1 1 1
    435   12    6    1 1 1 1
    436   12    7    1 1 1 1
    437   12    8    1 1 1 1
    438   12    9    1 1 1 1
    439   12   10    1 1 1 1
    440   12   11    1 1 1 1
    441   12   12    1 1 1 1
    442   12   13    1 1 1 1
    443   12   14    1 1 1 1
    444   12   15    1 1 1 1
    445   12   16    1 1 1 1
    446   12   17    1 1 1 1
    447   12   18    1 1 1 1
    448   12   19    1 1 1 1
    449   12   20    1 1 1 1
    450   12   21    1 1 1 1
    451   12   22    1 1 1 1
    452   12   23    1 1 1 1
    453   12   24    1 1 1 1
    454   12   25    1 1 1 1
    455   12   26    1 1 1 1
    456   12   27    1 1 1 1
    457   12   28    1 1 1 1
    458   12   29    1 1 1 1
    459   12   30    1 1 1 1
    460   12   31    1 1 1 1
    461   12   32    1 1 1 1
    462   12   33    1 1 1 1
    463   12   34    1 1 1 1
    464   12   35    1 1 1 1
    465   12   36    1 1 1 1
    466   12   37    1 1 1 1
    467   12   38    1 1 1 1
    468   12   39    1 1 1 1
    469   13    1    1 1 1 1
    470   13    2    1 1 1 1
    471   13    3    1 1 1 1
    472   13    4    1 1 1 1
    473   13    5    1 1 1 1
    474   13    6    1 1 1 1
    475   13    7    1 1 1 1
    476   13    8    1 1 1 1
    477   13    9    1 1 1 1
    478   13   10    1 1 1 1
    479   13   11    1 1 1 1
    480   13   12    1 1 1 1
    481   13   13    1 1 1 1
    482   13   14    1 1 1 1
    483   13   15    1 1 1 1
    484   13   16    1 1 1 1
    485   13   17    1 1 1 1
    486   13   18    1 1 1 1
    487   13   19    1 1 1 1
    488   13   20    1 1 1 1
    489   13   21    1 1 1 1
    490   13   22    1 1 1 1
    491   13   23    1 1 1 1
    492   13   24    1 1 1 1
    493   13   25    1 1 1 1
    494   13   26    1 1 1 1
    495   13   27    1 1 1 1
    496   13   28    1 1 1 1
    497   13   29    1 1 1 1
    498   13   30    1 1 1 1
    499   13   31    1 1 1 1
    500   13   32    1 1 1 1
    501   13   33    1 1 1 1
    502   13   34    1 1 1 1
    503   13   35    1 1 1 1
    504   13   36    1 1 1 1
    505   13   37    1 1 1 1
    506   13   38    1 1 1 1
    507   13   39    1 1 1 1
    508   14    1    1 1 1 1
    509   14    2    1 1 1 1
    510   14    3    1 1 1 1
    511   14    4    1 1 1 1
    512   14    5    1 1 1 1
    513   14    6    1 1 1 1
    514   14    7    1 1 1 1
    515   14    8    1 1 1 1
    516   14    9    1 1 1 1
    517   14   10    1 1 1 1
    518   14   11    1 1 1 1
    519   14   12    1 1 1 1
    520   14   13    1 1 1 1
    521   14   14    1 1 1 1
    522   14   15    1 1 1 1
    523   14   16    1 1 1 1
    524   14   17    1 1 1 1
    525   14   18    1 1 1 1
    526   14   19    1 1 1 1
    527   14   20    1 1 1 1
    528   14   21    1 1 1 1
    529   14   22    1 1 1 1
    530   14   23    1 1 1 1
    531   14   24    1 1 1 1
    532   14   25    1 1 1 1
    533   14   26    1 1 1 1
    534   14   27    1 1 1 1
    535   14   28    1 1 1 1
    536   14   29    1 1 1 1
    537   14   30    1 1 1 1
    538   14   31    1 1 1 1
    539   14   32    1 1 1 1
    540   14   33    1 1 1 1
    541   14   34    1 1 1 1
    542   14   35    1 1 1 1
    543   14   36    1 1 1 1
    544   14   37    1 1 1 1
    545   14   38    1 1 1 1
    546   14   39    1 1 1 1
    547   15    1    1 1 1 1
    548   15    2    1 1 1 1
    549   15    3    1 1 1 1
    550   15    4    1 1 1 1
    551   15    5    1 1 1 1
    552   15    6    1 1 1 1
    553   15    7    1 1 1 1
    554   15    8    1 1 1 1
    555   15    9    1 1 1 1
    556   15   10    1 1 1 1
    557   15   11    1 1 1 1
    558   15   12    1 1 1 1
    559   15   13    1 1 1 1
    560   15   14    1 1 1 1
    561   15   15    1 1 1 1
    562   15   16    1 1 1 1
    563   15   17    1 1 1 1
    564   15   18    1 1 1 1
    565   15   19    1 1 1 1
    566   15   20    1 1 1 1
    567   15   21    1 1 1 1
    568   15   22    1 1 1 1
    569   15   23    1 1 1 1
    570   15   24    1 1 1 1
    571   15   25    1 1 1 1
    572   15   26    1 1 1 1
    573   15   27    1 1 1 1
    574   15   28    1 1 1 1
    575   15   29    1 1 1 1
    576   15   30    1 1 1 1
    577   15   31    1 1 1 1
    578   15   32    1 1 1 1
    579   15   33    1 1 1 1
    580   15   34    1 1 1 1
    581   15   35    1 1 1 1
    582   15   36    1 1 1 1
    583   15   37    1 1 1 1
    584   15   38    1 1 1 1
    585   15   39    1 1 1 1
    586   16    1    1 1 1 1
    587   16    2    1 1 1 1
    588   16    3    1 1 1 1
    589   16    4    1 1 1 1
    590   16    5    1 1 1 1
    591   16    6    1 1 1 1
    592   16    7    1 1 1 1
    593   16    8    1 1 1 1
    594   16    9    1 1 1 1
    595   16   10    1 1 1 1
    596   16   11    1 1 1 1
    597   16   12    1 1 1 1
    598   16   13    1 1 1 1
    599   16   14    1 1 1 1
    600   16   15    1 1 1 1
    601   16   16    1 1 1 1
    602   16   17    1 1 1 1
    603   16   18    1 1 1 1
    604   16   19    1 1 1 1
    605   16   20    1 1 1 1
    606   16   21    1 1 1 1
    607   16   22    1 1 1 1
    608   16   23    1 1 1 1
    609   16   24    1 1 1 1
    610   16   25    1 1 1 1
    611   16   26    1 1 1 1
    612   16   27    1 1 1 1
    613   16   28    1 1 1 1
    614   16   29    1 1 1 1
    615   16   30    1 1 1 1
    616   16   31    1 1 1 1
    617   16   32    1 1 1 1
    618   16   33    1 1 1 1
    619   16   34    1 1 1 1
    620   16   35    1 1 1 1
    621   16   36    1 1 1 1
    622   16   37    1 1 1 1
    623   16   38    1 1 1 1
    624   16   39    1 1 1 1
    625   17    1    1 1 1 1
    626   17    2    1 1 1 1
    627   17    3    1 1 1 1
    628   17    4    1 1 1 1
    629   17    5    1 1 1 1
    630   17    6    1 1 1 1
    631   17    7    1 1 1 1
    632   17    8    1 1 1 1
    633   17    9    1 1 1 1
    634   17   10    1 1 1 1
    635   17   11    1 1 1 1
    636   17   12    1 1 1 1
    637   17   13    1 1 1 1
    638   17   14    1 1 1 1
    639   17   15    1 1 1 1
    640   17   16    1 1 1 1
    641   17   17    1 1 1 1
    642   17   18    1 1 1 1
    643   17   19    1 1 1 1
    644   17   20    1 1 1 1
    645   17   21    1 1 1 1
    646   17   22    1 1 1 1
    647   17   23    1 1 1 1
    648   17   24    1 1 1 1
    649   17   25    1 1 1 1
    650   17   26    1 1 1 1
    651   17   27    1 1 1 1
    652   17   28    1 1 1 1
    653   17   29    1 1 1 1
    654   17   30    1 1 1 1
    655   17   31    1 1 1 1
    656   17   32    1 1 1 1
    657   17   33    1 1 1 1
    658   17   34    1 1 1 1
    659   17   35    1 1 1 1
    660   17   36    1 1 1 1
    661   17   37    1 1 1 1
    662   17   38    1 1 1 1
    663   17   39    1 1 1 1
    664   18    1    1 1 1 1
    665   18    2    1 1 1 1
    666   18    3    1 1 1 1
    667   18    4    1 1 1 1
    668   18    5    1 1 1 1
    669   18    6    1 1 1 1
    670   18    7    1 1 1 1
    671   18    8    1 1 1 1
    672   18    9    1 1 1 1
    673   18   10    1 1 1 1
    674   18   11    1 1 1 1
    675   18   12    1 1 1 1
    676   18   13    1 1 1 1
    677   18   14    1 1 1 1
    678   18   15    1 1 1 1
    679   18   16    1 1 1 1
    680   18   17    1 1 1 1
    681   18   18    1 1 1 1
    682   18   19    1 1 1 1
    683   18   20    1 1 1 1
    684   18   21    1 1 1 1
    685   18   22    1 1 1 1
    686   18   23    1 1 1 1
    687   18   24    1 1 1 1
    688   18   25    1 1 1 1
    689   18   26    1 1 1 1
    690   18   27    1 1 1 1
    691   18   28    1 1 1 1
    692   18   29    1 1 1 1
    693   18   30    1 1 1 1
    694   18   31    1 1 1 1
    695   18   32    1 1 1 1
    696   18   33    1 1 1 1
    697   18   34    1 1 1 1
    698   18   35    1 1 1 1
    699   18   36    1 1 1 1
    700   18   37    1 1 1 1
    701   18   38    1 1 1 1
    702   18   39    1 1 1 1
    703   19    1    1 1 1 1
    704   19    2    1 1 1 1
    705   19    3    1 1 1 1
    706   19    4    1 1 1 1
    707   19    5    1 1 1 1
    708   19    6    1 1 1 1
    709   19    7    1 1 1 1
    710   19    8    1 1 1 1
    711   19    9    1 1 1 1
    712   19   10    1 1 1 1
    713   19   11    1 1 1 1
    714   19   12    1 1 1 1
    715   19   13    1 1 1 1
    716   19   14    1 1 1 1
    717   19   15    1 1 1 1
    718   19   16    1 1 1 1
    719   19   17    1 1 1 1
    720   19   18    1 1 1 1
    721   19   19    1 1 1 1
    722   19   20    1 1 1 1
    723   19   21    1 1 1 1
    724   19   22    1 1 1 1
    725   19   23    1 1 1 1
    726   19   24    1 1 1 1
    727   19   25    1 1 1 1
    728   19   26    1 1 1 1
    729   19   27    1 1 1 1
    730   19   28    1 1 1 1
    731   19   29    1 1 1 1
    732   19   30    1 1 1 1
    733   19   31    1 1 1 1
    734   19   32    1 1 1 1
    735   19   33    1 1 1 1
    736   19   34    1 1 1 1
    737   19   35    1 1 1 1
    738   19   36    1 1 1 1
    739   19   37    1 1 1 1
    740   19   38    1 1 1 1
    741   19   39    1 1 1 1
    742   20    1    1 1 1 1
    743   20    2    1 1 1 1
    744   20    3    1 1 1 1
    745   20    4    1 1 1 1
    746   20    5    1 1 1 1
    747   20    6    1 1 1 1
    748   20    7    1 1 1 1
    749   20    8    1 1 1 1
    750   20    9    1 1 1 1
    751   20   10    1 1 1 1
    752   20   11    1 1 1 1
    753   20   12    1 1 1 1
    754   20   13    1 1 1 1
    755   20   14    1 1 1 1
    756   20   15    1 1 1 1
    757   20   16    1 1 1 1
    758   20   17    1 1 1 1
    759   20   18    1 1 1 1
    760   20   19    1 1 1 1
    761   20   20    1 1 1 1
    762   20   21    1 1 1 1
    763   20   22    1 1 1 1
    764   20   23    1 1 1 1
    765   20   24    1 1 1 1
    766   20   25    1 1 1 1
    767   20   26    1 1 1 1
    768   20   27    1 1 1 1
    769   20   28    1 1 1 1
    770   20   29    1 1 1 1
    771   20   30    1 1 1 1
    772   20   31    1 1 1 1
    773   20   32    1 1 1 1
    774   20   33    1 1 1 1
    775   20   34    1 1 1 1
    776   20   35    1 1 1 1
    777   20   36    1 1 1 1
    778   20   37    1 1 1 1
    779   20   38    1 1 1 1
    780   20   39    1 1 1 1
    781   21    1    1 1 1 1
    782   21    2    1 1 1 1
    783   21    3    1 1 1 1
    784   21    4    1 1 1 1
    785   21    5    1 1 1 1
    786   21    6    1 1 1 1
    787   21    7    1 1 1 1
    788   21    8    1 1 1 1
    789   21    9    1 1 1 1
    790   21   10    1 1 1 1
    791   21   11    1 1 1 1
    792   21   12    1 1 1 1
    793   21   13    1 1 1 1
    794   21   14    1 1 1 1
    795   21   15    1 1 1 1
    796   21   16    1 1 1 1
    797   21   17    1 1 1 1
    798   21   18    1 1 1 1
    799   21   19    1 1 1 1
    800   21   20    1 1 1 1
    801   21   21    1 1 1 1
    802   21   22    1 1 1 1
    803   21   23    1 1 1 1
    804   21   24    1 1 1 1
    805   21   25    1 1 1 1
    806   21   26    1 1 1 1
    807   21   27    1 1 1 1
    808   21   28    1 1 1 1
    809   21   29    1 1 1 1
    810   21   30    1 1 1 1
    811   21   31    1 1 1 1
    812   21   32    1 1 1 1
    813   21   33    1 1 1 1
    814   21   34    1 1 1 1
    815   21   35    1 1 1 1
    816   21   36    1 1 1 1
    817   21   37    1 1 1 1
    818   21   38    1 1 1 1
    819   21   39    1 1 1 1
    820   22    1    1 1 1 1
    821   22    2    1 1 1 1
    822   22    3    1 1 1 1
    823   22    4    1 1 1 1
    824   22    5    1 1 1 1
    825   22    6    1 1 1 1
    826   22    7    1 1 1 1
    827   22    8    1 1 1 1
    828   22    9    1 1 1 1
    829   22   10    1 1 1 1
    830   22   11    1 1 1 1
    831   22   12    1 1 1 1
    832   22   13    1 1 1 1
    833   22   14    1 1 1 1
    834   22   15    1 1 1 1
    835   22   16    1 1 1 1
    836   22   17    1 1 1 1
    837   22   18    1 1 1 1
    838   22   19    1 1 1 1
    839   22   20    1 1 1 1
    840   22   21    1 1 1 1
    841   22   22    1 1 1 1
    842   22   23    1 1 1 1
    843   22   24    1 1 1 1
    844   22   25    1 1 1 1
    845   22   26    1 1 1 1
    846   22   27    1 1 1 1
    847   22   28    1 1 1 1
    848   22   29    1 1 1 1
    849   22   30    1 1 1 1
    850   22   31    1 1 1 1
    851   22   32    1 1 1 1
    852   22   33    1 1 1 1
    853   22   34    1 1 1 1
    854   22   35    1 1 1 1
    855   22   36    1 1 1 1
    856   22   37    1 1 1 1
    857   22   38    1 1 1 1
    858   22   39    1 1 1 1
    859   23    1    1 1 1 1
    860   23    2    1 1 1 1
    861   23    3    1 1 1 1
    862   23    4    1 1 1 1
    863   23    5    1 1 1 1
    864   23    6    1 1 1 1
    865   23    7    1 1 1 1
    866   23    8    1 1 1 1
    867   23    9    1 1 1 1
    868   23   10    1 1 1 1
    869   23   11    1 1 1 1
    870   23   12    1 1 1 1
    871   23   13    1 1 1 1
    872   23   14    1 1 1 1
    873   23   15    1 1 1 1
    874   23   16    1 1 1 1
    875   23   17    1 1 1 1
    876   23   18    1 1 1 1
    877   23   19    1 1 1 1
    878   23   20    1 1 1 1
    879   23   21    1 1 1 1
    880   23   22    1 1 1 1
    881   23   23    1 1 1 1
    882   23   24    1 1 1 1
    883   23   25    1 1 1 1
    884   23   26    1 1 1 1
    885   23   27    1 1 1 1
    886   23   28    1 1 1 1
    887   23   29    1 1 1 1
    888   23   30    1 1 1 1
    889   23   31    1 1 1 1
    890   23   32    1 1 1 1
    891   23   33    1 1 1 1
    892   23   34    1 1 1 1
    893   23   35    1 1 1 1
    894   23   36    1 1 1 1
    895   23   37    1 1 1 1
    896   23   38    1 1 1 1
    897   23   39    1 1 1 1
    898   24    1    1 1 1 1
    899   24    2    1 1 1 1
    900   24    3    1 1 1 1
    901   24    4    1 1 1 1
    902   24    5    1 1 1 1
    903   24    6    1 1 1 1
    904   24    7    1 1 1 1
    905   24    8    1 1 1 1
    906   24    9    1 1 1 1
    907   24   10    1 1 1 1
    908   24   11    1 1 1 1
    909   24   12    1 1 1 1
    910   24   13    1 1 1 1
    911   24   14    1 1 1 1
    912   24   15    1 1 1 1
    913   24   16    1 1 1 1
    914   24   17    1 1 1 1
    915   24   18    1 1 1 1
    916   24   19    1 1 1 1
    917   24   20    1 1 1 1
    918   24   21    1 1 1 1
    919   24   22    1 1 1 1
    920   24   23    1 1 1 1
    921   24   24    1 1 1 1
    922   24   25    1 1 1 1
    923   24   26    1 1 1 1
    924   24   27    1 1 1 1
    925   24   28    1 1 1 1
    926   24   29    1 1 1 1
    927   24   30    1 1 1 1
    928   24   31    1 1 1 1
    929   24   32    1 1 1 1
    930   24   33    1 1 1 1
    931   24   34    1 1 1 1
    932   24   35    1 1 1 1
    933   24   36    1 1 1 1
    934   24   37    1 1 1 1
    935   24   38    1 1 1 1
    936   24   39    1 1 1 1
    937   25    1    1 1 1 1
    938   25    2    1 1 1 1
    939   25    3    1 1 1 1
    940   25    4    1 1 1 1
    941   25    5    1 1 1 1
    942   25    6    1 1 1 1
    943   25    7    1 1 1 1
    944   25    8    1 1 1 1
    945   25    9    1 1 1 1
    946   25   10    1 1 1 1
    947   25   11    1 1 1 1
    948   25   12    1 1 1 1
    949   25   13    1 1 1 1
    950   25   14    1 1 1 1
    951   25   15    1 1 1 1
    952   25   16    1 1 1 1
    953   25   17    1 1 1 1
    954   25   18    1 1 1 1
    955   25   19    1 1 1 1
    956   25   20    1 1 1 1
    957   25   21    1 1 1 1
    958   25   22    1 1 1 1
    959   25   23    1 1 1 1
    960   25   24    1 1 1 1
    961   25   25    1 1 1 1
    962   25   26    1 1 1 1
    963   25   27    1 1 1 1
    964   25   28    1 1 1 1
    965   25   29    1 1 1 1
    966   25   30    1 1 1 1
    967   25   31    1 1 1 1
    968   25   32    1 1 1 1
    969   25   33    1 1 1 1
    970   25   34    1 1 1 1
    971   25   35    1 1 1 1
    972   25   36    1 1 1 1
    973   25   37    1 1 1 1
    974   25   38    1 1 1 1
    975   25   39    1 1 1 1
    976   26    1    1 1 1 1
    977   26    2    1 1 1 1
    978   26    3    1 1 1 1
    979   26    4    1 1 1 1
    980   26    5    1 1 1 1
    981   26    6    1 1 1 1
    982   26    7    1 1 1 1
    983   26    8    1 1 1 1
    984   26    9    1 1 1 1
    985   26   10    1 1 1 1
    986   26   11    1 1 1 1
    987   26   12    1 1 1 1
    988   26   13    1 1 1 1
    989   26   14    1 1 1 1
    990   26   15    1 1 1 1
    991   26   16    1 1 1 1
    992   26   17    1 1 1 1
    993   26   18    1 1 1 1
    994   26   19    1 1 1 1
    995   26   20    1 1 1 1
    996   26   21    1 1 1 1
    997   26   22    1 1 1 1
    998   26   23    1 1 1 1
    999   26   24    1 1 1 1
   1000   26   25    1 1 1 1
   1001   26   26    1 1 1 1
   1002   26   27    1 1 1 1
   1003   26   28    1 1 1 1
   1004   26   29    1 1 1 1
   1005   26   30    1 1 1 1
   1006   26   31    1 1 1 1
   1007   26   32    1 1 1 1
   1008   26   33    1 1 1 1
   1009   26   34    1 1 1 1
   1010   26   35    1 1 1 1
   1011   26   36    1 1 1 1
   1012   26   37    1 1 1 1
   1013   26   38    1 1 1 1
   1014   26   39    1 1 1 1
   1015   27    1    1 1 1 1
   1016   27    2    1 1 1 1
   1017   27    3    1 1 1 1
   1018   27    4    1 1 1 1
   1019   27    5    1 1 1 1
   1020   27    6    1 1 1 1
   1021   27    7    1 1 1 1
   1022   27    8    1 1 1 1
   1023   27    9    1 1 1 1
   1024   27   10    1 1 1 1
   1025   27   11    1 1 1 1
   1026   27   12    1 1 1 1
   1027   27   13    1 1 1 1
   1028   27   14    1 1 1 1
   1029   27   15    1 1 1 1
   1030   27   16    1 1 1 1
   1031   27   17    1 1 1 1
   1032   27   18    1 1 1 1
   1033   27   19    1 1 1 1
   1034   27   20    1 1 1 1
   1035   27   21    1 1 1 1
   1036   27   22    1 1 1 1
   1037   27   23    1 1 1 1
   1038   27   24    1 1 1 1
   1039   27   25    1 1 1 1
   1040   27   26    1 1 1 1
   1041   27   27    1 1 1 1
   1042   27   28    1 1 1 1
   1043   27   29    1 1 1 1
   1044   27   30    1 1 1 1
   1045   27   31    1 1 1 1
   1046   27   32    1 1 1 1
   1047   27   33    1 1 1 1
   1048   27   34    1 1 1 1
   1049   27   35    1 1 1 1
   1050   27   36    1 1 1 1
   1051   27   37    1 1 1 1
   1052   27   38    1 1 1 1
   1053   27   39    1 1 1 1
   1054   28    1    1 1 1 1
   1055   28    2    1 1 1 1
   1056   28    3    1 1 1 1
   1057   28    4    1 1 1 1
   1058   28    5    1 1 1 1
   1059   28    6    1 1 1 1
   1060   28    7    1 1 1 1
   1061   28    8    1 1 1 1
   1062   28    9    1 1 1 1
   1063   28   10    1 1 1 1
   1064   28   11    1 1 1 1
   1065   28   12    1 1 1 1
   1066   28   13    1 1 1 1
   1067   28   14    1 1 1 1
   1068   28   15    1 1 1 1
   1069   28   16    1 1 1 1
   1070   28   17    1 1 1 1
   1071   28   18    1 1 1 1
   1072   28   19    1 1 1 1
   1073   28   20    1 1 1 1
   1074   28   21    1 1 1 1
   1075   28   22    1 1 1 1
   1076   28   23    1 1 1 1
   1077   28   24    1 1 1 1
   1078   28   25    1 1 1 1
   1079   28   26    1 1 1 1
   1080   28   27    1 1 1 1
   1081   28   28    1 1 1 1
   1082   28   29    1 1 1 1
   1083   28   30    1 1 1 1
   1084   28   31    1 1 1 1
   1085   28   32    1 1 1 1
   1086   28   33    1 1 1 1
   1087   28   34    1 1 1 1
   1088   28   35    1 1 1 1
   1089   28   36    1 1 1 1
   1090   28   37    1 1 1 1
   1091   28   38    1 1 1 1
   1092   28   39    1 1 1 1
   1093   29    1    1 1 1 1
   1094   29    2    1 1 1 1
   1095   29    3    1 1 1 1
   1096   29    4    1 1 1 1
   1097   29    5    1 1 1 1
   1098   29    6    1 1 1 1
   1099   29    7    1 1 1 1
   1100   29    8    1 1 1 1
   1101   29    9    1 1 1 1
   1102   29   10    1 1 1 1
   1103   29   11    1 1 1 1
   1104   29   12    1 1 1 1
   1105   29   13    1 1 1 1
   1106   29   14    1 1 1 1
   1107   29   15    1 1 1 1
   1108   29   16    1 1 1 1
   1109   29   17    1 1 1 1
   1110   29   18    1 1 1 1
   1111   29   19    1 1 1 1
   1112   29   20    1 1 1 1
   1113   29   21    1 1 1 1
   1114   29   22    1 1 1 1
   1115   29   23    1 1 1 1
   1116   29   24    1 1 1 1
   1117   29   25    1 1 1 1
   1118   29   26    1 1 1 1
   1119   29   27    1 1 1 1
   1120   29   28    1 1 1 1
   1121   29   29    1 1 1 1
   1122   29   30    1 1 1 1
   1123   29   31    1 1 1 1
   1124   29   32    1 1 1 1
   1125   29   33    1 1 1 1
   1126   29   34    1 1 1 1
   1127   29   35    1 1 1 1
   1128   29   36    1 1 1 1
   1129   29   37    1 1 1 1
   1130   29   38    1 1 1 1
   1131   29   39    1 1 1 1
   1132   30    1    1 1 1 1
   1133   30    2    1 1 1 1
   1134   30    3    1 1 1 1
   1135   30    4    1 1 1 1
   1136   30    5    1 1 1 1
   1137   30    6    1 1 1 1
   1138   30    7    1 1 1 1
   1139   30    8    1 1 1 1
   1140   30    9    1 1 1 1
   1141   30   10    1 1 1 1
   1142   30   11    1 1 1 1
   1143   30   12    1 1 1 1
   1144   30   13    1 1 1 1
   1145   30   14    1 1 1 1
   1146   30   15    1 1 1 1
   1147   30   16    1 1 1 1
   1148   30   17    1 1 1 1
   1149   30   18    1 1 1 1
   1150   30   19    1 1 1 1
   1151   30   20    1 1 1 1
   1152   30   21    1 1 1 1
   1153   30   22    1 1 1 1
   1154   30   23    1 1 1 1
   1155   30   24    1 1 1 1
   1156   30   25    1 1 1 1
   1157   30   26    1 1 1 1
   1158   30   27    1 1 1 1
   1159   30   28    1 1 1 1
   1160   30   29    1 1 1 1
   1161   30   30    1 1 1 1
   1162   30   31    1 1 1 1
   1163   30   32    1 1 1 1
   1164   30   33    1 1 1 1
   1165   30   34    1 1 1 1
   1166   30   35    1 1 1 1
   1167   30   36    1 1 1 1
   1168   30   37    1 1 1 1
   1169   30   38    1 1 1 1
   1170   30   39    1 1 1 1
   1171   31    1    1 1 1 1
   1172   31    2    1 1 1 1
   1173   31    3    1 1 1 1
   1174   31    4    1 1 1 1
   1175   31    5    1 1 1 1
   1176   31    6    1 1 1 1
   1177   31    7    1 1 1 1
   1178   31    8    1 1 1 1
   1179   31    9    1 1 1 1
   1180   31   10    1 1 1 1
   1181   31   11    1 1 1 1
   1182   31   12    1 1 1 1
   1183   31   13    1 1 1 1
   1184   31   14    1 1 1 1
   1185   31   15    1 1 1 1
   1186   31   16    1 1 1 1
   1187   31   17    1 1 1 1
   1188   31   18    1 1 1 1
   1189   31   19    1 1 1 1
   1190   31   20    1 1 1 1
   1191   31   21    1 1 1 1
   1192   31   22    1 1 1 1
   1193   31   23    1 1 1 1
   1194   31   24    1 1 1 1
   1195   31   25    1 1 1 1
   1196   31   26    1 1 1 1
   1197   31   27    1 1 1 1
   1198   31   28    1 1 1 1
   1199   31   29    1 1 1 1
   1200   31   30    1 1 1 1
   1201   31   31    1 1 1 1
   1202   31   32    1 1 1 1
   1203   31   33    1 1 1 1
   1204   31   34    1 1 1 1
   1205   31   35    1 1 1 1
   1206   31   36    1 1 1 1
   1207   31   37    1 1 1 1
   1208   31   38    1 1 1 1
   1209   31   39    1 1 1 1
   1210   32    1    1 1 1 1
   1211   32    2    1 1 1 1
   1212   32    3    1 1 1 1
   1213   32    4    1 1 1 1
   1214   32    5    1 1 1 1
   1215   32    6    1 1 1 1
   1216   32    7    1 1 1 1
   1217   32    8    1 1 1 1
   1218   32    9    1 1 1 1
   1219   32   10    1 1 1 1
   1220   32   11    1 1 1 1
   1221   32   12    1 1 1 1
   1222   32   13    1 1 1 1
   1223   32   14    1 1 1 1
   1224   32   15    1 1 1 1
   1225   32   16    1 1 1 1
   1226   32   17    1 1 1 1
   1227   32   18    1 1 1 1
   1228   32   19    1 1 1 1
   1229   32   20    1 1 1 1
   1230   32   21    1 1 1 1
   1231   32   22    1 1 1 1
   1232   32   23    1 1 1 1
   1233   32   24    1 1 1 1
   1234   32   25    1 1 1 1
   1235   32   26    1 1 1 1
   1236   32   27    1 1 1 1
   1237   32   28    1 1 1 1
   1238   32   29    1 1 1 1
   1239   32   30    1 1 1 1
   1240   32   31    1 1 1 1
   1241   32   32    1 1 1 1
   1242   32   33    1 1 1 1
   1243   32   34    1 1 1 1
   1244   32   35    1 1 1 1
   1245   32   36    1 1 1 1
   1246   32   37    1 1 1 1
   1247   32   38    1 1 1 1
   1248   32   39    1 1 1 1
   1249   33    1    1 1 1 1
   1250   33    2    1 1 1 1
   1251   33    3    1 1 1 1
   1252   33    4    1 1 1 1
   1253   33    5    1 1 1 1
   1254   33    6    1 1 1 1
   1255   33    7    1 1 1 1
   1256   33    8    1 1 1 1
   1257   33    9    1 1 1 1
   1258   33   10    1 1 1 1
   1259   33   11    1 1 1 1
   1260   33   12    1 1 1 1
   1261   33   13    1 1 1 1
   1262   33   14    1 1 1 1
   1263   33   15    1 1 1 1
   1264   33   16    1 1 1 1
   1265   33   17    1 1 1 1
   1266   33   18    1 1 1 1
   1267   33   19    1 1 1 1
   1268   33   20    1 1 1 1
   1269   33   21    1 1 1 1
   1270   33   22    1 1 1 1
   1271   33   23    1 1 1 1
   1272   33   24    1 1 1 1
   1273   33   25    1 1 1 1
   1274   33   26    1 1 1 1
   1275   33   27    1 1 1 1
   1276   33   28    1 1 1 1
   1277   33   29    1 1 1 1
   1278   33   30    1 1 1 1
   1279   33   31    1 1 1 1
   1280   33   32    1 1 1 1
   1281   33   33    1 1 1 1
   1282   33   34    1 1 1 1
   1283   33   35    1 1 1 1
   1284   33   36    1 1 1 1
   1285   33   37    1 1 1 1
   1286   33   38    1 1 1 1
   1287   33   39    1 1 1 1
   1288   34    1    1 1 1 1
   1289   34    2    1 1 1 1
   1290   34    3    1 1 1 1
   1291   34    4    1 1 1 1
   1292   34    5    1 1 1 1
   1293   34    6    1 1 1 1
   1294   34    7    1 1 1 1
   1295   34    8    1 1 1 1
   1296   34    9    1 1 1 1
   1297   34   10    1 1 1 1
   1298   34   11    1 1 1 1
   1299   34   12    1 1 1 1
   1300   34   13    1 1 1 1
   1301   34   14    1 1 1 1
   1302   34   15    1 1 1 1
   1303   34   16    1 1 1 1
   1304   34   17    1 1 1 1
   1305   34   18    1 1 1 1
   1306   34   19    1 1 1 1
   1307   34   20    1 1 1 1
   1308   34   21    1 1 1 1
   1309   34   22    1 1 1 1
   1310   34   23    1 1 1 1
   1311   34   24    1 1 1 1
   1312   34   25    1 1 1 1
   1313   34   26    1 1 1 1
   1314   34   27    1 1 1 1
   1315   34   28    1 1 1 1
   1316   34   29    1 1 1 1
   1317   34   30    1 1 1 1
   1318   34   31    1 1 1 1
   1319   34   32    1 1 1 1
   1320   34   33    1 1 1 1
   1321   34   34    1 1 1 1
   1322   34   35    1 1 1 1
   1323   34   36    1 1 1 1
   1324   34   37    1 1 1 1
   1325   34   38    1 1 1 1
   1326   34   39    1 1 1 1
   1327   35    1    1 1 1 1
   1328   35    2    1 1 1 1
   1329   35    3    1 1 1 1
   1330   35    4    1 1 1 1
   1331   35    5    1 1 1 1
   1332   35    6    1 1 1 1
   1333   35    7    1 1 1 1
   1334   35    8    1 1 1 1
   1335   35    9    1 1 1 1
   1336   35   10    1 1 1 1
   1337   35   11    1 1 1 1
   1338   35   12    1 1 1 1
   1339   35   13    1 1 1 1
   1340   35   14    1 1 1 1
   1341   35   15    1 1 1 1
   1342   35   16    1 1 1 1
   1343   35   17    1 1 1 1
   1344   35   18    1 1 1 1
   1345   35   19    1 1 1 1
   1346   35   20    1 1 1 1
   1347   35   21    1 1 1 1
   1348   35   22    1 1 1 1
   1349   35   23    1 1 1 1
   1350   35   24    1 1 1 1
   1351   35   25    1 1 1 1
   1352   35   26    1 1 1 1
   1353   35   27    1 1 1 1
   1354   35   28    1 1 1 1
   1355   35   29    1 1 1 1
   1356   35   30    1 1 1 1
   1357   35   31    1 1 1 1
   1358   35   32    1 1 1 1
   1359   35   33    1 1 1 1
   1360   35   34    1 1 1 1
   1361   35   35    1 1 1 1
   1362   35   36    1 1 1 1
   1363   35   37    1 1 1 1
   1364   35   38    1 1 1 1
   1365   35   39    1 1 1 1
