 >REASHP: option FROM_FILE
      1296 = NAT
  1.000000  0.000000  0.000000 = A_1 vector
  0.000000  1.000000  0.000000 = A_2 vector
  1.000000  1.000000  1.000000 = lattice spacings (d_x,d_y,d_z)/d
  -0.01120  -0.05935  -0.17750 = lattice offset x0(1-3) = (x_TF,y_TF,z_TF)/d for dipole 0 0 0
     JA  IX  IY  IZ ICOMP(x,y,z)
      1    1    1    1 1 1 1
      2    1    1    2 1 1 1
      3    1    1    3 1 1 1
      4    1    1    4 1 1 1
      5    1    1    5 1 1 1
      6    1    1    6 1 1 1
      7    1    1    7 1 1 1
      8    1    1    8 1 1 1
      9    1    1    9 1 1 1
     10    1    1   10 1 1 1
     11    1    1   11 1 1 1
     12    1    1   12 1 1 1
     13    1    1   13 1 1 1
     14    1    1   14 1 1 1
     15    1    1   15 1 1 1
     16    1    1   16 1 1 1
     17    1    1   17 1 1 1
     18    1    1   18 1 1 1
     19    1    1   19 1 1 1
     20    1    1   20 1 1 1
     21    1    1   21 1 1 1
     22    1    1   22 1 1 1
     23    1    1   23 1 1 1
     24    1    1   24 1 1 1
     25    1    1   25 1 1 1
     26    1    1   26 1 1 1
     27    1    1   27 1 1 1
     28    1    1   28 1 1 1
     29    1    1   29 1 1 1
     30    1    1   30 1 1 1
     31    1    1   31 1 1 1
     32    1    1   32 1 1 1
     33    1    1   33 1 1 1
     34    1    1   34 1 1 1
     35    1    1   35 1 1 1
     36    1    1   36 1 1 1
     37    1    2    1 1 1 1
     38    1    2    2 1 1 1
     39    1    2    3 1 1 1
     40    1    2    4 1 1 1
     41    1    2    5 1 1 1
     42    1    2    6 1 1 1
     43    1    2    7 1 1 1
     44    1    2    8 1 1 1
     45    1    2    9 1 1 1
     46    1    2   10 1 1 1
     47    1    2   11 1 1 1
     48    1    2   12 1 1 1
     49    1    2   13 1 1 1
     50    1    2   14 1 1 1
     51    1    2   15 1 1 1
     52    1    2   16 1 1 1
     53    1    2   17 1 1 1
     54    1    2   18 1 1 1
     55    1    2   19 1 1 1
     56    1    2   20 1 1 1
     57    1    2   21 1 1 1
     58    1    2   22 1 1 1
     59    1    2   23 1 1 1
     60    1    2   24 1 1 1
     61    1    2   25 1 1 1
     62    1    2   26 1 1 1
     63    1    2   27 1 1 1
     64    1    2   28 1 1 1
     65    1    2   29 1 1 1
     66    1    2   30 1 1 1
     67    1    2   31 1 1 1
     68    1    2   32 1 1 1
     69    1    2   33 1 1 1
     70    1    2   34 1 1 1
     71    1    2   35 1 1 1
     72    1    2   36 1 1 1
     73    1    3    1 1 1 1
     74    1    3    2 1 1 1
     75    1    3    3 1 1 1
     76    1    3    4 1 1 1
     77    1    3    5 1 1 1
     78    1    3    6 1 1 1
     79    1    3    7 1 1 1
     80    1    3    8 1 1 1
     81    1    3    9 1 1 1
     82    1    3   10 1 1 1
     83    1    3   11 1 1 1
     84    1    3   12 1 1 1
     85    1    3   13 1 1 1
     86    1    3   14 1 1 1
     87    1    3   15 1 1 1
     88    1    3   16 1 1 1
     89    1    3   17 1 1 1
     90    1    3   18 1 1 1
     91    1    3   19 1 1 1
     92    1    3   20 1 1 1
     93    1    3   21 1 1 1
     94    1    3   22 1 1 1
     95    1    3   23 1 1 1
     96    1    3   24 1 1 1
     97    1    3   25 1 1 1
     98    1    3   26 1 1 1
     99    1    3   27 1 1 1
    100    1    3   28 1 1 1
    101    1    3   29 1 1 1
    102    1    3   30 1 1 1
    103    1    3   31 1 1 1
    104    1    3   32 1 1 1
    105    1    3   33 1 1 1
    106    1    3   34 1 1 1
    107    1    3   35 1 1 1
    108    1    3   36 1 1 1
    109    1    4    1 1 1 1
    110    1    4    2 1 1 1
    111    1    4    3 1 1 1
    112    1    4    4 1 1 1
    113    1    4    5 1 1 1
    114    1    4    6 1 1 1
    115    1    4    7 1 1 1
    116    1    4    8 1 1 1
    117    1    4    9 1 1 1
    118    1    4   10 1 1 1
    119    1    4   11 1 1 1
    120    1    4   12 1 1 1
    121    1    4   13 1 1 1
    122    1    4   14 1 1 1
    123    1    4   15 1 1 1
    124    1    4   16 1 1 1
    125    1    4   17 1 1 1
    126    1    4   18 1 1 1
    127    1    4   19 1 1 1
    128    1    4   20 1 1 1
    129    1    4   21 1 1 1
    130    1    4   22 1 1 1
    131    1    4   23 1 1 1
    132    1    4   24 1 1 1
    133    1    4   25 1 1 1
    134    1    4   26 1 1 1
    135    1    4   27 1 1 1
    136    1    4   28 1 1 1
    137    1    4   29 1 1 1
    138    1    4   30 1 1 1
    139    1    4   31 1 1 1
    140    1    4   32 1 1 1
    141    1    4   33 1 1 1
    142    1    4   34 1 1 1
    143    1    4   35 1 1 1
    144    1    4   36 1 1 1
    145    1    5    1 1 1 1
    146    1    5    2 1 1 1
    147    1    5    3 1 1 1
    148    1    5    4 1 1 1
    149    1    5    5 1 1 1
    150    1    5    6 1 1 1
    151    1    5    7 1 1 1
    152    1    5    8 1 1 1
    153    1    5    9 1 1 1
    154    1    5   10 1 1 1
    155    1    5   11 1 1 1
    156    1    5   12 1 1 1
    157    1    5   13 1 1 1
    158    1    5   14 1 1 1
    159    1    5   15 1 1 1
    160    1    5   16 1 1 1
    161    1    5   17 1 1 1
    162    1    5   18 1 1 1
    163    1    5   19 1 1 1
    164    1    5   20 1 1 1
    165    1    5   21 1 1 1
    166    1    5   22 1 1 1
    167    1    5   23 1 1 1
    168    1    5   24 1 1 1
    169    1    5   25 1 1 1
    170    1    5   26 1 1 1
    171    1    5   27 1 1 1
    172    1    5   28 1 1 1
    173    1    5   29 1 1 1
    174    1    5   30 1 1 1
    175    1    5   31 1 1 1
    176    1    5   32 1 1 1
    177    1    5   33 1 1 1
    178    1    5   34 1 1 1
    179    1    5   35 1 1 1
    180    1    5   36 1 1 1
    181    1    6    1 1 1 1
    182    1    6    2 1 1 1
    183    1    6    3 1 1 1
    184    1    6    4 1 1 1
    185    1    6    5 1 1 1
    186    1    6    6 1 1 1
    187    1    6    7 1 1 1
    188    1    6    8 1 1 1
    189    1    6    9 1 1 1
    190    1    6   10 1 1 1
    191    1    6   11 1 1 1
    192    1    6   12 1 1 1
    193    1    6   13 1 1 1
    194    1    6   14 1 1 1
    195    1    6   15 1 1 1
    196    1    6   16 1 1 1
    197    1    6   17 1 1 1
    198    1    6   18 1 1 1
    199    1    6   19 1 1 1
    200    1    6   20 1 1 1
    201    1    6   21 1 1 1
    202    1    6   22 1 1 1
    203    1    6   23 1 1 1
    204    1    6   24 1 1 1
    205    1    6   25 1 1 1
    206    1    6   26 1 1 1
    207    1    6   27 1 1 1
    208    1    6   28 1 1 1
    209    1    6   29 1 1 1
    210    1    6   30 1 1 1
    211    1    6   31 1 1 1
    212    1    6   32 1 1 1
    213    1    6   33 1 1 1
    214    1    6   34 1 1 1
    215    1    6   35 1 1 1
    216    1    6   36 1 1 1
    217    1    7    1 1 1 1
    218    1    7    2 1 1 1
    219    1    7    3 1 1 1
    220    1    7    4 1 1 1
    221    1    7    5 1 1 1
    222    1    7    6 1 1 1
    223    1    7    7 1 1 1
    224    1    7    8 1 1 1
    225    1    7    9 1 1 1
    226    1    7   10 1 1 1
    227    1    7   11 1 1 1
    228    1    7   12 1 1 1
    229    1    7   13 1 1 1
    230    1    7   14 1 1 1
    231    1    7   15 1 1 1
    232    1    7   16 1 1 1
    233    1    7   17 1 1 1
    234    1    7   18 1 1 1
    235    1    7   19 1 1 1
    236    1    7   20 1 1 1
    237    1    7   21 1 1 1
    238    1    7   22 1 1 1
    239    1    7   23 1 1 1
    240    1    7   24 1 1 1
    241    1    7   25 1 1 1
    242    1    7   26 1 1 1
    243    1    7   27 1 1 1
    244    1    7   28 1 1 1
    245    1    7   29 1 1 1
    246    1    7   30 1 1 1
    247    1    7   31 1 1 1
    248    1    7   32 1 1 1
    249    1    7   33 1 1 1
    250    1    7   34 1 1 1
    251    1    7   35 1 1 1
    252    1    7   36 1 1 1
    253    1    8    1 1 1 1
    254    1    8    2 1 1 1
    255    1    8    3 1 1 1
    256    1    8    4 1 1 1
    257    1    8    5 1 1 1
    258    1    8    6 1 1 1
    259    1    8    7 1 1 1
    260    1    8    8 1 1 1
    261    1    8    9 1 1 1
    262    1    8   10 1 1 1
    263    1    8   11 1 1 1
    264    1    8   12 1 1 1
    265    1    8   13 1 1 1
    266    1    8   14 1 1 1
    267    1    8   15 1 1 1
    268    1    8   16 1 1 1
    269    1    8   17 1 1 1
    270    1    8   18 1 1 1
    271    1    8   19 1 1 1
    272    1    8   20 1 1 1
    273    1    8   21 1 1 1
    274    1    8   22 1 1 1
    275    1    8   23 1 1 1
    276    1    8   24 1 1 1
    277    1    8   25 1 1 1
    278    1    8   26 1 1 1
    279    1    8   27 1 1 1
    280    1    8   28 1 1 1
    281    1    8   29 1 1 1
    282    1    8   30 1 1 1
    283    1    8   31 1 1 1
    284    1    8   32 1 1 1
    285    1    8   33 1 1 1
    286    1    8   34 1 1 1
    287    1    8   35 1 1 1
    288    1    8   36 1 1 1
    289    1    9    1 1 1 1
    290    1    9    2 1 1 1
    291    1    9    3 1 1 1
    292    1    9    4 1 1 1
    293    1    9    5 1 1 1
    294    1    9    6 1 1 1
    295    1    9    7 1 1 1
    296    1    9    8 1 1 1
    297    1    9    9 1 1 1
    298    1    9   10 1 1 1
    299    1    9   11 1 1 1
    300    1    9   12 1 1 1
    301    1    9   13 1 1 1
    302    1    9   14 1 1 1
    303    1    9   15 1 1 1
    304    1    9   16 1 1 1
    305    1    9   17 1 1 1
    306    1    9   18 1 1 1
    307    1    9   19 1 1 1
    308    1    9   20 1 1 1
    309    1    9   21 1 1 1
    310    1    9   22 1 1 1
    311    1    9   23 1 1 1
    312    1    9   24 1 1 1
    313    1    9   25 1 1 1
    314    1    9   26 1 1 1
    315    1    9   27 1 1 1
    316    1    9   28 1 1 1
    317    1    9   29 1 1 1
    318    1    9   30 1 1 1
    319    1    9   31 1 1 1
    320    1    9   32 1 1 1
    321    1    9   33 1 1 1
    322    1    9   34 1 1 1
    323    1    9   35 1 1 1
    324    1    9   36 1 1 1
    325    1   10    1 1 1 1
    326    1   10    2 1 1 1
    327    1   10    3 1 1 1
    328    1   10    4 1 1 1
    329    1   10    5 1 1 1
    330    1   10    6 1 1 1
    331    1   10    7 1 1 1
    332    1   10    8 1 1 1
    333    1   10    9 1 1 1
    334    1   10   10 1 1 1
    335    1   10   11 1 1 1
    336    1   10   12 1 1 1
    337    1   10   13 1 1 1
    338    1   10   14 1 1 1
    339    1   10   15 1 1 1
    340    1   10   16 1 1 1
    341    1   10   17 1 1 1
    342    1   10   18 1 1 1
    343    1   10   19 1 1 1
    344    1   10   20 1 1 1
    345    1   10   21 1 1 1
    346    1   10   22 1 1 1
    347    1   10   23 1 1 1
    348    1   10   24 1 1 1
    349    1   10   25 1 1 1
    350    1   10   26 1 1 1
    351    1   10   27 1 1 1
    352    1   10   28 1 1 1
    353    1   10   29 1 1 1
    354    1   10   30 1 1 1
    355    1   10   31 1 1 1
    356    1   10   32 1 1 1
    357    1   10   33 1 1 1
    358    1   10   34 1 1 1
    359    1   10   35 1 1 1
    360    1   10   36 1 1 1
    361    1   11    1 1 1 1
    362    1   11    2 1 1 1
    363    1   11    3 1 1 1
    364    1   11    4 1 1 1
    365    1   11    5 1 1 1
    366    1   11    6 1 1 1
    367    1   11    7 1 1 1
    368    1   11    8 1 1 1
    369    1   11    9 1 1 1
    370    1   11   10 1 1 1
    371    1   11   11 1 1 1
    372    1   11   12 1 1 1
    373    1   11   13 1 1 1
    374    1   11   14 1 1 1
    375    1   11   15 1 1 1
    376    1   11   16 1 1 1
    377    1   11   17 1 1 1
    378    1   11   18 1 1 1
    379    1   11   19 1 1 1
    380    1   11   20 1 1 1
    381    1   11   21 1 1 1
    382    1   11   22 1 1 1
    383    1   11   23 1 1 1
    384    1   11   24 1 1 1
    385    1   11   25 1 1 1
    386    1   11   26 1 1 1
    387    1   11   27 1 1 1
    388    1   11   28 1 1 1
    389    1   11   29 1 1 1
    390    1   11   30 1 1 1
    391    1   11   31 1 1 1
    392    1   11   32 1 1 1
    393    1   11   33 1 1 1
    394    1   11   34 1 1 1
    395    1   11   35 1 1 1
    396    1   11   36 1 1 1
    397    1   12    1 1 1 1
    398    1   12    2 1 1 1
    399    1   12    3 1 1 1
    400    1   12    4 1 1 1
    401    1   12    5 1 1 1
    402    1   12    6 1 1 1
    403    1   12    7 1 1 1
    404    1   12    8 1 1 1
    405    1   12    9 1 1 1
    406    1   12   10 1 1 1
    407    1   12   11 1 1 1
    408    1   12   12 1 1 1
    409    1   12   13 1 1 1
    410    1   12   14 1 1 1
    411    1   12   15 1 1 1
    412    1   12   16 1 1 1
    413    1   12   17 1 1 1
    414    1   12   18 1 1 1
    415    1   12   19 1 1 1
    416    1   12   20 1 1 1
    417    1   12   21 1 1 1
    418    1   12   22 1 1 1
    419    1   12   23 1 1 1
    420    1   12   24 1 1 1
    421    1   12   25 1 1 1
    422    1   12   26 1 1 1
    423    1   12   27 1 1 1
    424    1   12   28 1 1 1
    425    1   12   29 1 1 1
    426    1   12   30 1 1 1
    427    1   12   31 1 1 1
    428    1   12   32 1 1 1
    429    1   12   33 1 1 1
    430    1   12   34 1 1 1
    431    1   12   35 1 1 1
    432    1   12   36 1 1 1
    433    2    1    1 1 1 1
    434    2    1    2 1 1 1
    435    2    1    3 1 1 1
    436    2    1    4 1 1 1
    437    2    1    5 1 1 1
    438    2    1    6 1 1 1
    439    2    1    7 1 1 1
    440    2    1    8 1 1 1
    441    2    1    9 1 1 1
    442    2    1   10 1 1 1
    443    2    1   11 1 1 1
    444    2    1   12 1 1 1
    445    2    1   13 1 1 1
    446    2    1   14 1 1 1
    447    2    1   15 1 1 1
    448    2    1   16 1 1 1
    449    2    1   17 1 1 1
    450    2    1   18 1 1 1
    451    2    1   19 1 1 1
    452    2    1   20 1 1 1
    453    2    1   21 1 1 1
    454    2    1   22 1 1 1
    455    2    1   23 1 1 1
    456    2    1   24 1 1 1
    457    2    1   25 1 1 1
    458    2    1   26 1 1 1
    459    2    1   27 1 1 1
    460    2    1   28 1 1 1
    461    2    1   29 1 1 1
    462    2    1   30 1 1 1
    463    2    1   31 1 1 1
    464    2    1   32 1 1 1
    465    2    1   33 1 1 1
    466    2    1   34 1 1 1
    467    2    1   35 1 1 1
    468    2    1   36 1 1 1
    469    2    2    1 1 1 1
    470    2    2    2 1 1 1
    471    2    2    3 1 1 1
    472    2    2    4 1 1 1
    473    2    2    5 1 1 1
    474    2    2    6 1 1 1
    475    2    2    7 1 1 1
    476    2    2    8 1 1 1
    477    2    2    9 1 1 1
    478    2    2   10 1 1 1
    479    2    2   11 1 1 1
    480    2    2   12 1 1 1
    481    2    2   13 1 1 1
    482    2    2   14 1 1 1
    483    2    2   15 1 1 1
    484    2    2   16 1 1 1
    485    2    2   17 1 1 1
    486    2    2   18 1 1 1
    487    2    2   19 1 1 1
    488    2    2   20 1 1 1
    489    2    2   21 1 1 1
    490    2    2   22 1 1 1
    491    2    2   23 1 1 1
    492    2    2   24 1 1 1
    493    2    2   25 1 1 1
    494    2    2   26 1 1 1
    495    2    2   27 1 1 1
    496    2    2   28 1 1 1
    497    2    2   29 1 1 1
    498    2    2   30 1 1 1
    499    2    2   31 1 1 1
    500    2    2   32 1 1 1
    501    2    2   33 1 1 1
    502    2    2   34 1 1 1
    503    2    2   35 1 1 1
    504    2    2   36 1 1 1
    505    2    3    1 1 1 1
    506    2    3    2 1 1 1
    507    2    3    3 1 1 1
    508    2    3    4 1 1 1
    509    2    3    5 1 1 1
    510    2    3    6 1 1 1
    511    2    3    7 1 1 1
    512    2    3    8 1 1 1
    513    2    3    9 1 1 1
    514    2    3   10 1 1 1
    515    2    3   11 1 1 1
    516    2    3   12 1 1 1
    517    2    3   13 1 1 1
    518    2    3   14 1 1 1
    519    2    3   15 1 1 1
    520    2    3   16 1 1 1
    521    2    3   17 1 1 1
    522    2    3   18 1 1 1
    523    2    3   19 1 1 1
    524    2    3   20 1 1 1
    525    2    3   21 1 1 1
    526    2    3   22 1 1 1
    527    2    3   23 1 1 1
    528    2    3   24 1 1 1
    529    2    3   25 1 1 1
    530    2    3   26 1 1 1
    531    2    3   27 1 1 1
    532    2    3   28 1 1 1
    533    2    3   29 1 1 1
    534    2    3   30 1 1 1
    535    2    3   31 1 1 1
    536    2    3   32 1 1 1
    537    2    3   33 1 1 1
    538    2    3   34 1 1 1
    539    2    3   35 1 1 1
    540    2    3   36 1 1 1
    541    2    4    1 1 1 1
    542    2    4    2 1 1 1
    543    2    4    3 1 1 1
    544    2    4    4 1 1 1
    545    2    4    5 1 1 1
    546    2    4    6 1 1 1
    547    2    4    7 1 1 1
    548    2    4    8 1 1 1
    549    2    4    9 1 1 1
    550    2    4   10 1 1 1
    551    2    4   11 1 1 1
    552    2    4   12 1 1 1
    553    2    4   13 1 1 1
    554    2    4   14 1 1 1
    555    2    4   15 1 1 1
    556    2    4   16 1 1 1
    557    2    4   17 1 1 1
    558    2    4   18 1 1 1
    559    2    4   19 1 1 1
    560    2    4   20 1 1 1
    561    2    4   21 1 1 1
    562    2    4   22 1 1 1
    563    2    4   23 1 1 1
    564    2    4   24 1 1 1
    565    2    4   25 1 1 1
    566    2    4   26 1 1 1
    567    2    4   27 1 1 1
    568    2    4   28 1 1 1
    569    2    4   29 1 1 1
    570    2    4   30 1 1 1
    571    2    4   31 1 1 1
    572    2    4   32 1 1 1
    573    2    4   33 1 1 1
    574    2    4   34 1 1 1
    575    2    4   35 1 1 1
    576    2    4   36 1 1 1
    577    2    5    1 1 1 1
    578    2    5    2 1 1 1
    579    2    5    3 1 1 1
    580    2    5    4 1 1 1
    581    2    5    5 1 1 1
    582    2    5    6 1 1 1
    583    2    5    7 1 1 1
    584    2    5    8 1 1 1
    585    2    5    9 1 1 1
    586    2    5   10 1 1 1
    587    2    5   11 1 1 1
    588    2    5   12 1 1 1
    589    2    5   13 1 1 1
    590    2    5   14 1 1 1
    591    2    5   15 1 1 1
    592    2    5   16 1 1 1
    593    2    5   17 1 1 1
    594    2    5   18 1 1 1
    595    2    5   19 1 1 1
    596    2    5   20 1 1 1
    597    2    5   21 1 1 1
    598    2    5   22 1 1 1
    599    2    5   23 1 1 1
    600    2    5   24 1 1 1
    601    2    5   25 1 1 1
    602    2    5   26 1 1 1
    603    2    5   27 1 1 1
    604    2    5   28 1 1 1
    605    2    5   29 1 1 1
    606    2    5   30 1 1 1
    607    2    5   31 1 1 1
    608    2    5   32 1 1 1
    609    2    5   33 1 1 1
    610    2    5   34 1 1 1
    611    2    5   35 1 1 1
    612    2    5   36 1 1 1
    613    2    6    1 1 1 1
    614    2    6    2 1 1 1
    615    2    6    3 1 1 1
    616    2    6    4 1 1 1
    617    2    6    5 1 1 1
    618    2    6    6 1 1 1
    619    2    6    7 1 1 1
    620    2    6    8 1 1 1
    621    2    6    9 1 1 1
    622    2    6   10 1 1 1
    623    2    6   11 1 1 1
    624    2    6   12 1 1 1
    625    2    6   13 1 1 1
    626    2    6   14 1 1 1
    627    2    6   15 1 1 1
    628    2    6   16 1 1 1
    629    2    6   17 1 1 1
    630    2    6   18 1 1 1
    631    2    6   19 1 1 1
    632    2    6   20 1 1 1
    633    2    6   21 1 1 1
    634    2    6   22 1 1 1
    635    2    6   23 1 1 1
    636    2    6   24 1 1 1
    637    2    6   25 1 1 1
    638    2    6   26 1 1 1
    639    2    6   27 1 1 1
    640    2    6   28 1 1 1
    641    2    6   29 1 1 1
    642    2    6   30 1 1 1
    643    2    6   31 1 1 1
    644    2    6   32 1 1 1
    645    2    6   33 1 1 1
    646    2    6   34 1 1 1
    647    2    6   35 1 1 1
    648    2    6   36 1 1 1
    649    2    7    1 1 1 1
    650    2    7    2 1 1 1
    651    2    7    3 1 1 1
    652    2    7    4 1 1 1
    653    2    7    5 1 1 1
    654    2    7    6 1 1 1
    655    2    7    7 1 1 1
    656    2    7    8 1 1 1
    657    2    7    9 1 1 1
    658    2    7   10 1 1 1
    659    2    7   11 1 1 1
    660    2    7   12 1 1 1
    661    2    7   13 1 1 1
    662    2    7   14 1 1 1
    663    2    7   15 1 1 1
    664    2    7   16 1 1 1
    665    2    7   17 1 1 1
    666    2    7   18 1 1 1
    667    2    7   19 1 1 1
    668    2    7   20 1 1 1
    669    2    7   21 1 1 1
    670    2    7   22 1 1 1
    671    2    7   23 1 1 1
    672    2    7   24 1 1 1
    673    2    7   25 1 1 1
    674    2    7   26 1 1 1
    675    2    7   27 1 1 1
    676    2    7   28 1 1 1
    677    2    7   29 1 1 1
    678    2    7   30 1 1 1
    679    2    7   31 1 1 1
    680    2    7   32 1 1 1
    681    2    7   33 1 1 1
    682    2    7   34 1 1 1
    683    2    7   35 1 1 1
    684    2    7   36 1 1 1
    685    2    8    1 1 1 1
    686    2    8    2 1 1 1
    687    2    8    3 1 1 1
    688    2    8    4 1 1 1
    689    2    8    5 1 1 1
    690    2    8    6 1 1 1
    691    2    8    7 1 1 1
    692    2    8    8 1 1 1
    693    2    8    9 1 1 1
    694    2    8   10 1 1 1
    695    2    8   11 1 1 1
    696    2    8   12 1 1 1
    697    2    8   13 1 1 1
    698    2    8   14 1 1 1
    699    2    8   15 1 1 1
    700    2    8   16 1 1 1
    701    2    8   17 1 1 1
    702    2    8   18 1 1 1
    703    2    8   19 1 1 1
    704    2    8   20 1 1 1
    705    2    8   21 1 1 1
    706    2    8   22 1 1 1
    707    2    8   23 1 1 1
    708    2    8   24 1 1 1
    709    2    8   25 1 1 1
    710    2    8   26 1 1 1
    711    2    8   27 1 1 1
    712    2    8   28 1 1 1
    713    2    8   29 1 1 1
    714    2    8   30 1 1 1
    715    2    8   31 1 1 1
    716    2    8   32 1 1 1
    717    2    8   33 1 1 1
    718    2    8   34 1 1 1
    719    2    8   35 1 1 1
    720    2    8   36 1 1 1
    721    2    9    1 1 1 1
    722    2    9    2 1 1 1
    723    2    9    3 1 1 1
    724    2    9    4 1 1 1
    725    2    9    5 1 1 1
    726    2    9    6 1 1 1
    727    2    9    7 1 1 1
    728    2    9    8 1 1 1
    729    2    9    9 1 1 1
    730    2    9   10 1 1 1
    731    2    9   11 1 1 1
    732    2    9   12 1 1 1
    733    2    9   13 1 1 1
    734    2    9   14 1 1 1
    735    2    9   15 1 1 1
    736    2    9   16 1 1 1
    737    2    9   17 1 1 1
    738    2    9   18 1 1 1
    739    2    9   19 1 1 1
    740    2    9   20 1 1 1
    741    2    9   21 1 1 1
    742    2    9   22 1 1 1
    743    2    9   23 1 1 1
    744    2    9   24 1 1 1
    745    2    9   25 1 1 1
    746    2    9   26 1 1 1
    747    2    9   27 1 1 1
    748    2    9   28 1 1 1
    749    2    9   29 1 1 1
    750    2    9   30 1 1 1
    751    2    9   31 1 1 1
    752    2    9   32 1 1 1
    753    2    9   33 1 1 1
    754    2    9   34 1 1 1
    755    2    9   35 1 1 1
    756    2    9   36 1 1 1
    757    2   10    1 1 1 1
    758    2   10    2 1 1 1
    759    2   10    3 1 1 1
    760    2   10    4 1 1 1
    761    2   10    5 1 1 1
    762    2   10    6 1 1 1
    763    2   10    7 1 1 1
    764    2   10    8 1 1 1
    765    2   10    9 1 1 1
    766    2   10   10 1 1 1
    767    2   10   11 1 1 1
    768    2   10   12 1 1 1
    769    2   10   13 1 1 1
    770    2   10   14 1 1 1
    771    2   10   15 1 1 1
    772    2   10   16 1 1 1
    773    2   10   17 1 1 1
    774    2   10   18 1 1 1
    775    2   10   19 1 1 1
    776    2   10   20 1 1 1
    777    2   10   21 1 1 1
    778    2   10   22 1 1 1
    779    2   10   23 1 1 1
    780    2   10   24 1 1 1
    781    2   10   25 1 1 1
    782    2   10   26 1 1 1
    783    2   10   27 1 1 1
    784    2   10   28 1 1 1
    785    2   10   29 1 1 1
    786    2   10   30 1 1 1
    787    2   10   31 1 1 1
    788    2   10   32 1 1 1
    789    2   10   33 1 1 1
    790    2   10   34 1 1 1
    791    2   10   35 1 1 1
    792    2   10   36 1 1 1
    793    2   11    1 1 1 1
    794    2   11    2 1 1 1
    795    2   11    3 1 1 1
    796    2   11    4 1 1 1
    797    2   11    5 1 1 1
    798    2   11    6 1 1 1
    799    2   11    7 1 1 1
    800    2   11    8 1 1 1
    801    2   11    9 1 1 1
    802    2   11   10 1 1 1
    803    2   11   11 1 1 1
    804    2   11   12 1 1 1
    805    2   11   13 1 1 1
    806    2   11   14 1 1 1
    807    2   11   15 1 1 1
    808    2   11   16 1 1 1
    809    2   11   17 1 1 1
    810    2   11   18 1 1 1
    811    2   11   19 1 1 1
    812    2   11   20 1 1 1
    813    2   11   21 1 1 1
    814    2   11   22 1 1 1
    815    2   11   23 1 1 1
    816    2   11   24 1 1 1
    817    2   11   25 1 1 1
    818    2   11   26 1 1 1
    819    2   11   27 1 1 1
    820    2   11   28 1 1 1
    821    2   11   29 1 1 1
    822    2   11   30 1 1 1
    823    2   11   31 1 1 1
    824    2   11   32 1 1 1
    825    2   11   33 1 1 1
    826    2   11   34 1 1 1
    827    2   11   35 1 1 1
    828    2   11   36 1 1 1
    829    2   12    1 1 1 1
    830    2   12    2 1 1 1
    831    2   12    3 1 1 1
    832    2   12    4 1 1 1
    833    2   12    5 1 1 1
    834    2   12    6 1 1 1
    835    2   12    7 1 1 1
    836    2   12    8 1 1 1
    837    2   12    9 1 1 1
    838    2   12   10 1 1 1
    839    2   12   11 1 1 1
    840    2   12   12 1 1 1
    841    2   12   13 1 1 1
    842    2   12   14 1 1 1
    843    2   12   15 1 1 1
    844    2   12   16 1 1 1
    845    2   12   17 1 1 1
    846    2   12   18 1 1 1
    847    2   12   19 1 1 1
    848    2   12   20 1 1 1
    849    2   12   21 1 1 1
    850    2   12   22 1 1 1
    851    2   12   23 1 1 1
    852    2   12   24 1 1 1
    853    2   12   25 1 1 1
    854    2   12   26 1 1 1
    855    2   12   27 1 1 1
    856    2   12   28 1 1 1
    857    2   12   29 1 1 1
    858    2   12   30 1 1 1
    859    2   12   31 1 1 1
    860    2   12   32 1 1 1
    861    2   12   33 1 1 1
    862    2   12   34 1 1 1
    863    2   12   35 1 1 1
    864    2   12   36 1 1 1
    865    3    1    1 1 1 1
    866    3    1    2 1 1 1
    867    3    1    3 1 1 1
    868    3    1    4 1 1 1
    869    3    1    5 1 1 1
    870    3    1    6 1 1 1
    871    3    1    7 1 1 1
    872    3    1    8 1 1 1
    873    3    1    9 1 1 1
    874    3    1   10 1 1 1
    875    3    1   11 1 1 1
    876    3    1   12 1 1 1
    877    3    1   13 1 1 1
    878    3    1   14 1 1 1
    879    3    1   15 1 1 1
    880    3    1   16 1 1 1
    881    3    1   17 1 1 1
    882    3    1   18 1 1 1
    883    3    1   19 1 1 1
    884    3    1   20 1 1 1
    885    3    1   21 1 1 1
    886    3    1   22 1 1 1
    887    3    1   23 1 1 1
    888    3    1   24 1 1 1
    889    3    1   25 1 1 1
    890    3    1   26 1 1 1
    891    3    1   27 1 1 1
    892    3    1   28 1 1 1
    893    3    1   29 1 1 1
    894    3    1   30 1 1 1
    895    3    1   31 1 1 1
    896    3    1   32 1 1 1
    897    3    1   33 1 1 1
    898    3    1   34 1 1 1
    899    3    1   35 1 1 1
    900    3    1   36 1 1 1
    901    3    2    1 1 1 1
    902    3    2    2 1 1 1
    903    3    2    3 1 1 1
    904    3    2    4 1 1 1
    905    3    2    5 1 1 1
    906    3    2    6 1 1 1
    907    3    2    7 1 1 1
    908    3    2    8 1 1 1
    909    3    2    9 1 1 1
    910    3    2   10 1 1 1
    911    3    2   11 1 1 1
    912    3    2   12 1 1 1
    913    3    2   13 1 1 1
    914    3    2   14 1 1 1
    915    3    2   15 1 1 1
    916    3    2   16 1 1 1
    917    3    2   17 1 1 1
    918    3    2   18 1 1 1
    919    3    2   19 1 1 1
    920    3    2   20 1 1 1
    921    3    2   21 1 1 1
    922    3    2   22 1 1 1
    923    3    2   23 1 1 1
    924    3    2   24 1 1 1
    925    3    2   25 1 1 1
    926    3    2   26 1 1 1
    927    3    2   27 1 1 1
    928    3    2   28 1 1 1
    929    3    2   29 1 1 1
    930    3    2   30 1 1 1
    931    3    2   31 1 1 1
    932    3    2   32 1 1 1
    933    3    2   33 1 1 1
    934    3    2   34 1 1 1
    935    3    2   35 1 1 1
    936    3    2   36 1 1 1
    937    3    3    1 1 1 1
    938    3    3    2 1 1 1
    939    3    3    3 1 1 1
    940    3    3    4 1 1 1
    941    3    3    5 1 1 1
    942    3    3    6 1 1 1
    943    3    3    7 1 1 1
    944    3    3    8 1 1 1
    945    3    3    9 1 1 1
    946    3    3   10 1 1 1
    947    3    3   11 1 1 1
    948    3    3   12 1 1 1
    949    3    3   13 1 1 1
    950    3    3   14 1 1 1
    951    3    3   15 1 1 1
    952    3    3   16 1 1 1
    953    3    3   17 1 1 1
    954    3    3   18 1 1 1
    955    3    3   19 1 1 1
    956    3    3   20 1 1 1
    957    3    3   21 1 1 1
    958    3    3   22 1 1 1
    959    3    3   23 1 1 1
    960    3    3   24 1 1 1
    961    3    3   25 1 1 1
    962    3    3   26 1 1 1
    963    3    3   27 1 1 1
    964    3    3   28 1 1 1
    965    3    3   29 1 1 1
    966    3    3   30 1 1 1
    967    3    3   31 1 1 1
    968    3    3   32 1 1 1
    969    3    3   33 1 1 1
    970    3    3   34 1 1 1
    971    3    3   35 1 1 1
    972    3    3   36 1 1 1
    973    3    4    1 1 1 1
    974    3    4    2 1 1 1
    975    3    4    3 1 1 1
    976    3    4    4 1 1 1
    977    3    4    5 1 1 1
    978    3    4    6 1 1 1
    979    3    4    7 1 1 1
    980    3    4    8 1 1 1
    981    3    4    9 1 1 1
    982    3    4   10 1 1 1
    983    3    4   11 1 1 1
    984    3    4   12 1 1 1
    985    3    4   13 1 1 1
    986    3    4   14 1 1 1
    987    3    4   15 1 1 1
    988    3    4   16 1 1 1
    989    3    4   17 1 1 1
    990    3    4   18 1 1 1
    991    3    4   19 1 1 1
    992    3    4   20 1 1 1
    993    3    4   21 1 1 1
    994    3    4   22 1 1 1
    995    3    4   23 1 1 1
    996    3    4   24 1 1 1
    997    3    4   25 1 1 1
    998    3    4   26 1 1 1
    999    3    4   27 1 1 1
   1000    3    4   28 1 1 1
   1001    3    4   29 1 1 1
   1002    3    4   30 1 1 1
   1003    3    4   31 1 1 1
   1004    3    4   32 1 1 1
   1005    3    4   33 1 1 1
   1006    3    4   34 1 1 1
   1007    3    4   35 1 1 1
   1008    3    4   36 1 1 1
   1009    3    5    1 1 1 1
   1010    3    5    2 1 1 1
   1011    3    5    3 1 1 1
   1012    3    5    4 1 1 1
   1013    3    5    5 1 1 1
   1014    3    5    6 1 1 1
   1015    3    5    7 1 1 1
   1016    3    5    8 1 1 1
   1017    3    5    9 1 1 1
   1018    3    5   10 1 1 1
   1019    3    5   11 1 1 1
   1020    3    5   12 1 1 1
   1021    3    5   13 1 1 1
   1022    3    5   14 1 1 1
   1023    3    5   15 1 1 1
   1024    3    5   16 1 1 1
   1025    3    5   17 1 1 1
   1026    3    5   18 1 1 1
   1027    3    5   19 1 1 1
   1028    3    5   20 1 1 1
   1029    3    5   21 1 1 1
   1030    3    5   22 1 1 1
   1031    3    5   23 1 1 1
   1032    3    5   24 1 1 1
   1033    3    5   25 1 1 1
   1034    3    5   26 1 1 1
   1035    3    5   27 1 1 1
   1036    3    5   28 1 1 1
   1037    3    5   29 1 1 1
   1038    3    5   30 1 1 1
   1039    3    5   31 1 1 1
   1040    3    5   32 1 1 1
   1041    3    5   33 1 1 1
   1042    3    5   34 1 1 1
   1043    3    5   35 1 1 1
   1044    3    5   36 1 1 1
   1045    3    6    1 1 1 1
   1046    3    6    2 1 1 1
   1047    3    6    3 1 1 1
   1048    3    6    4 1 1 1
   1049    3    6    5 1 1 1
   1050    3    6    6 1 1 1
   1051    3    6    7 1 1 1
   1052    3    6    8 1 1 1
   1053    3    6    9 1 1 1
   1054    3    6   10 1 1 1
   1055    3    6   11 1 1 1
   1056    3    6   12 1 1 1
   1057    3    6   13 1 1 1
   1058    3    6   14 1 1 1
   1059    3    6   15 1 1 1
   1060    3    6   16 1 1 1
   1061    3    6   17 1 1 1
   1062    3    6   18 1 1 1
   1063    3    6   19 1 1 1
   1064    3    6   20 1 1 1
   1065    3    6   21 1 1 1
   1066    3    6   22 1 1 1
   1067    3    6   23 1 1 1
   1068    3    6   24 1 1 1
   1069    3    6   25 1 1 1
   1070    3    6   26 1 1 1
   1071    3    6   27 1 1 1
   1072    3    6   28 1 1 1
   1073    3    6   29 1 1 1
   1074    3    6   30 1 1 1
   1075    3    6   31 1 1 1
   1076    3    6   32 1 1 1
   1077    3    6   33 1 1 1
   1078    3    6   34 1 1 1
   1079    3    6   35 1 1 1
   1080    3    6   36 1 1 1
   1081    3    7    1 1 1 1
   1082    3    7    2 1 1 1
   1083    3    7    3 1 1 1
   1084    3    7    4 1 1 1
   1085    3    7    5 1 1 1
   1086    3    7    6 1 1 1
   1087    3    7    7 1 1 1
   1088    3    7    8 1 1 1
   1089    3    7    9 1 1 1
   1090    3    7   10 1 1 1
   1091    3    7   11 1 1 1
   1092    3    7   12 1 1 1
   1093    3    7   13 1 1 1
   1094    3    7   14 1 1 1
   1095    3    7   15 1 1 1
   1096    3    7   16 1 1 1
   1097    3    7   17 1 1 1
   1098    3    7   18 1 1 1
   1099    3    7   19 1 1 1
   1100    3    7   20 1 1 1
   1101    3    7   21 1 1 1
   1102    3    7   22 1 1 1
   1103    3    7   23 1 1 1
   1104    3    7   24 1 1 1
   1105    3    7   25 1 1 1
   1106    3    7   26 1 1 1
   1107    3    7   27 1 1 1
   1108    3    7   28 1 1 1
   1109    3    7   29 1 1 1
   1110    3    7   30 1 1 1
   1111    3    7   31 1 1 1
   1112    3    7   32 1 1 1
   1113    3    7   33 1 1 1
   1114    3    7   34 1 1 1
   1115    3    7   35 1 1 1
   1116    3    7   36 1 1 1
   1117    3    8    1 1 1 1
   1118    3    8    2 1 1 1
   1119    3    8    3 1 1 1
   1120    3    8    4 1 1 1
   1121    3    8    5 1 1 1
   1122    3    8    6 1 1 1
   1123    3    8    7 1 1 1
   1124    3    8    8 1 1 1
   1125    3    8    9 1 1 1
   1126    3    8   10 1 1 1
   1127    3    8   11 1 1 1
   1128    3    8   12 1 1 1
   1129    3    8   13 1 1 1
   1130    3    8   14 1 1 1
   1131    3    8   15 1 1 1
   1132    3    8   16 1 1 1
   1133    3    8   17 1 1 1
   1134    3    8   18 1 1 1
   1135    3    8   19 1 1 1
   1136    3    8   20 1 1 1
   1137    3    8   21 1 1 1
   1138    3    8   22 1 1 1
   1139    3    8   23 1 1 1
   1140    3    8   24 1 1 1
   1141    3    8   25 1 1 1
   1142    3    8   26 1 1 1
   1143    3    8   27 1 1 1
   1144    3    8   28 1 1 1
   1145    3    8   29 1 1 1
   1146    3    8   30 1 1 1
   1147    3    8   31 1 1 1
   1148    3    8   32 1 1 1
   1149    3    8   33 1 1 1
   1150    3    8   34 1 1 1
   1151    3    8   35 1 1 1
   1152    3    8   36 1 1 1
   1153    3    9    1 1 1 1
   1154    3    9    2 1 1 1
   1155    3    9    3 1 1 1
   1156    3    9    4 1 1 1
   1157    3    9    5 1 1 1
   1158    3    9    6 1 1 1
   1159    3    9    7 1 1 1
   1160    3    9    8 1 1 1
   1161    3    9    9 1 1 1
   1162    3    9   10 1 1 1
   1163    3    9   11 1 1 1
   1164    3    9   12 1 1 1
   1165    3    9   13 1 1 1
   1166    3    9   14 1 1 1
   1167    3    9   15 1 1 1
   1168    3    9   16 1 1 1
   1169    3    9   17 1 1 1
   1170    3    9   18 1 1 1
   1171    3    9   19 1 1 1
   1172    3    9   20 1 1 1
   1173    3    9   21 1 1 1
   1174    3    9   22 1 1 1
   1175    3    9   23 1 1 1
   1176    3    9   24 1 1 1
   1177    3    9   25 1 1 1
   1178    3    9   26 1 1 1
   1179    3    9   27 1 1 1
   1180    3    9   28 1 1 1
   1181    3    9   29 1 1 1
   1182    3    9   30 1 1 1
   1183    3    9   31 1 1 1
   1184    3    9   32 1 1 1
   1185    3    9   33 1 1 1
   1186    3    9   34 1 1 1
   1187    3    9   35 1 1 1
   1188    3    9   36 1 1 1
   1189    3   10    1 1 1 1
   1190    3   10    2 1 1 1
   1191    3   10    3 1 1 1
   1192    3   10    4 1 1 1
   1193    3   10    5 1 1 1
   1194    3   10    6 1 1 1
   1195    3   10    7 1 1 1
   1196    3   10    8 1 1 1
   1197    3   10    9 1 1 1
   1198    3   10   10 1 1 1
   1199    3   10   11 1 1 1
   1200    3   10   12 1 1 1
   1201    3   10   13 1 1 1
   1202    3   10   14 1 1 1
   1203    3   10   15 1 1 1
   1204    3   10   16 1 1 1
   1205    3   10   17 1 1 1
   1206    3   10   18 1 1 1
   1207    3   10   19 1 1 1
   1208    3   10   20 1 1 1
   1209    3   10   21 1 1 1
   1210    3   10   22 1 1 1
   1211    3   10   23 1 1 1
   1212    3   10   24 1 1 1
   1213    3   10   25 1 1 1
   1214    3   10   26 1 1 1
   1215    3   10   27 1 1 1
   1216    3   10   28 1 1 1
   1217    3   10   29 1 1 1
   1218    3   10   30 1 1 1
   1219    3   10   31 1 1 1
   1220    3   10   32 1 1 1
   1221    3   10   33 1 1 1
   1222    3   10   34 1 1 1
   1223    3   10   35 1 1 1
   1224    3   10   36 1 1 1
   1225    3   11    1 1 1 1
   1226    3   11    2 1 1 1
   1227    3   11    3 1 1 1
   1228    3   11    4 1 1 1
   1229    3   11    5 1 1 1
   1230    3   11    6 1 1 1
   1231    3   11    7 1 1 1
   1232    3   11    8 1 1 1
   1233    3   11    9 1 1 1
   1234    3   11   10 1 1 1
   1235    3   11   11 1 1 1
   1236    3   11   12 1 1 1
   1237    3   11   13 1 1 1
   1238    3   11   14 1 1 1
   1239    3   11   15 1 1 1
   1240    3   11   16 1 1 1
   1241    3   11   17 1 1 1
   1242    3   11   18 1 1 1
   1243    3   11   19 1 1 1
   1244    3   11   20 1 1 1
   1245    3   11   21 1 1 1
   1246    3   11   22 1 1 1
   1247    3   11   23 1 1 1
   1248    3   11   24 1 1 1
   1249    3   11   25 1 1 1
   1250    3   11   26 1 1 1
   1251    3   11   27 1 1 1
   1252    3   11   28 1 1 1
   1253    3   11   29 1 1 1
   1254    3   11   30 1 1 1
   1255    3   11   31 1 1 1
   1256    3   11   32 1 1 1
   1257    3   11   33 1 1 1
   1258    3   11   34 1 1 1
   1259    3   11   35 1 1 1
   1260    3   11   36 1 1 1
   1261    3   12    1 1 1 1
   1262    3   12    2 1 1 1
   1263    3   12    3 1 1 1
   1264    3   12    4 1 1 1
   1265    3   12    5 1 1 1
   1266    3   12    6 1 1 1
   1267    3   12    7 1 1 1
   1268    3   12    8 1 1 1
   1269    3   12    9 1 1 1
   1270    3   12   10 1 1 1
   1271    3   12   11 1 1 1
   1272    3   12   12 1 1 1
   1273    3   12   13 1 1 1
   1274    3   12   14 1 1 1
   1275    3   12   15 1 1 1
   1276    3   12   16 1 1 1
   1277    3   12   17 1 1 1
   1278    3   12   18 1 1 1
   1279    3   12   19 1 1 1
   1280    3   12   20 1 1 1
   1281    3   12   21 1 1 1
   1282    3   12   22 1 1 1
   1283    3   12   23 1 1 1
   1284    3   12   24 1 1 1
   1285    3   12   25 1 1 1
   1286    3   12   26 1 1 1
   1287    3   12   27 1 1 1
   1288    3   12   28 1 1 1
   1289    3   12   29 1 1 1
   1290    3   12   30 1 1 1
   1291    3   12   31 1 1 1
   1292    3   12   32 1 1 1
   1293    3   12   33 1 1 1
   1294    3   12   34 1 1 1
   1295    3   12   35 1 1 1
   1296    3   12   36 1 1 1
