 >REASHP: option FROM_FILE
       924 = NAT
  1.000000  0.000000  0.000000 = A_1 vector
  0.000000  1.000000  0.000000 = A_2 vector
  1.000000  1.000000  1.000000 = lattice spacings (d_x,d_y,d_z)/d
  -0.13625  -0.16080  -0.00000 = lattice offset x0(1-3) = (x_TF,y_TF,z_TF)/d for dipole 0 0 0
     JA  IX  IY  IZ ICOMP(x,y,z)
      1    1    1    1 1 1 1
      2    1    2    1 1 1 1
      3    1    3    1 1 1 1
      4    1    4    1 1 1 1
      5    1    5    1 1 1 1
      6    1    6    1 1 1 1
      7    1    7    1 1 1 1
      8    1    8    1 1 1 1
      9    1    9    1 1 1 1
     10    1   10    1 1 1 1
     11    1   11    1 1 1 1
     12    1   12    1 1 1 1
     13    1   13    1 1 1 1
     14    1   14    1 1 1 1
     15    1   15    1 1 1 1
     16    1   16    1 1 1 1
     17    1   17    1 1 1 1
     18    1   18    1 1 1 1
     19    1   19    1 1 1 1
     20    1   20    1 1 1 1
     21    1   21    1 1 1 1
     22    1   22    1 1 1 1
     23    1   23    1 1 1 1
     24    1   24    1 1 1 1
     25    1   25    1 1 1 1
     26    1   26    1 1 1 1
     27    1   27    1 1 1 1
     28    1   28    1 1 1 1
     29    1   29    1 1 1 1
     30    1   30    1 1 1 1
     31    1   31    1 1 1 1
     32    1   32    1 1 1 1
     33    1   33    1 1 1 1
     34    2    1    1 1 1 1
     35    2    2    1 1 1 1
     36    2    3    1 1 1 1
     37    2    4    1 1 1 1
     38    2    5    1 1 1 1
     39    2    6    1 1 1 1
     40    2    7    1 1 1 1
     41    2    8    1 1 1 1
     42    2    9    1 1 1 1
     43    2   10    1 1 1 1
     44    2   11    1 1 1 1
     45    2   12    1 1 1 1
     46    2   13    1 1 1 1
     47    2   14    1 1 1 1
     48    2   15    1 1 1 1
     49    2   16    1 1 1 1
     50    2   17    1 1 1 1
     51    2   18    1 1 1 1
     52    2   19    1 1 1 1
     53    2   20    1 1 1 1
     54    2   21    1 1 1 1
     55    2   22    1 1 1 1
     56    2   23    1 1 1 1
     57    2   24    1 1 1 1
     58    2   25    1 1 1 1
     59    2   26    1 1 1 1
     60    2   27    1 1 1 1
     61    2   28    1 1 1 1
     62    2   29    1 1 1 1
     63    2   30    1 1 1 1
     64    2   31    1 1 1 1
     65    2   32    1 1 1 1
     66    2   33    1 1 1 1
     67    3    1    1 1 1 1
     68    3    2    1 1 1 1
     69    3    3    1 1 1 1
     70    3    4    1 1 1 1
     71    3    5    1 1 1 1
     72    3    6    1 1 1 1
     73    3    7    1 1 1 1
     74    3    8    1 1 1 1
     75    3    9    1 1 1 1
     76    3   10    1 1 1 1
     77    3   11    1 1 1 1
     78    3   12    1 1 1 1
     79    3   13    1 1 1 1
     80    3   14    1 1 1 1
     81    3   15    1 1 1 1
     82    3   16    1 1 1 1
     83    3   17    1 1 1 1
     84    3   18    1 1 1 1
     85    3   19    1 1 1 1
     86    3   20    1 1 1 1
     87    3   21    1 1 1 1
     88    3   22    1 1 1 1
     89    3   23    1 1 1 1
     90    3   24    1 1 1 1
     91    3   25    1 1 1 1
     92    3   26    1 1 1 1
     93    3   27    1 1 1 1
     94    3   28    1 1 1 1
     95    3   29    1 1 1 1
     96    3   30    1 1 1 1
     97    3   31    1 1 1 1
     98    3   32    1 1 1 1
     99    3   33    1 1 1 1
    100    4    1    1 1 1 1
    101    4    2    1 1 1 1
    102    4    3    1 1 1 1
    103    4    4    1 1 1 1
    104    4    5    1 1 1 1
    105    4    6    1 1 1 1
    106    4    7    1 1 1 1
    107    4    8    1 1 1 1
    108    4    9    1 1 1 1
    109    4   10    1 1 1 1
    110    4   11    1 1 1 1
    111    4   12    1 1 1 1
    112    4   13    1 1 1 1
    113    4   14    1 1 1 1
    114    4   15    1 1 1 1
    115    4   16    1 1 1 1
    116    4   17    1 1 1 1
    117    4   18    1 1 1 1
    118    4   19    1 1 1 1
    119    4   20    1 1 1 1
    120    4   21    1 1 1 1
    121    4   22    1 1 1 1
    122    4   23    1 1 1 1
    123    4   24    1 1 1 1
    124    4   25    1 1 1 1
    125    4   26    1 1 1 1
    126    4   27    1 1 1 1
    127    4   28    1 1 1 1
    128    4   29    1 1 1 1
    129    4   30    1 1 1 1
    130    4   31    1 1 1 1
    131    4   32    1 1 1 1
    132    4   33    1 1 1 1
    133    5    1    1 1 1 1
    134    5    2    1 1 1 1
    135    5    3    1 1 1 1
    136    5    4    1 1 1 1
    137    5    5    1 1 1 1
    138    5    6    1 1 1 1
    139    5    7    1 1 1 1
    140    5    8    1 1 1 1
    141    5    9    1 1 1 1
    142    5   10    1 1 1 1
    143    5   11    1 1 1 1
    144    5   12    1 1 1 1
    145    5   13    1 1 1 1
    146    5   14    1 1 1 1
    147    5   15    1 1 1 1
    148    5   16    1 1 1 1
    149    5   17    1 1 1 1
    150    5   18    1 1 1 1
    151    5   19    1 1 1 1
    152    5   20    1 1 1 1
    153    5   21    1 1 1 1
    154    5   22    1 1 1 1
    155    5   23    1 1 1 1
    156    5   24    1 1 1 1
    157    5   25    1 1 1 1
    158    5   26    1 1 1 1
    159    5   27    1 1 1 1
    160    5   28    1 1 1 1
    161    5   29    1 1 1 1
    162    5   30    1 1 1 1
    163    5   31    1 1 1 1
    164    5   32    1 1 1 1
    165    5   33    1 1 1 1
    166    6    1    1 1 1 1
    167    6    2    1 1 1 1
    168    6    3    1 1 1 1
    169    6    4    1 1 1 1
    170    6    5    1 1 1 1
    171    6    6    1 1 1 1
    172    6    7    1 1 1 1
    173    6    8    1 1 1 1
    174    6    9    1 1 1 1
    175    6   10    1 1 1 1
    176    6   11    1 1 1 1
    177    6   12    1 1 1 1
    178    6   13    1 1 1 1
    179    6   14    1 1 1 1
    180    6   15    1 1 1 1
    181    6   16    1 1 1 1
    182    6   17    1 1 1 1
    183    6   18    1 1 1 1
    184    6   19    1 1 1 1
    185    6   20    1 1 1 1
    186    6   21    1 1 1 1
    187    6   22    1 1 1 1
    188    6   23    1 1 1 1
    189    6   24    1 1 1 1
    190    6   25    1 1 1 1
    191    6   26    1 1 1 1
    192    6   27    1 1 1 1
    193    6   28    1 1 1 1
    194    6   29    1 1 1 1
    195    6   30    1 1 1 1
    196    6   31    1 1 1 1
    197    6   32    1 1 1 1
    198    6   33    1 1 1 1
    199    7    1    1 1 1 1
    200    7    2    1 1 1 1
    201    7    3    1 1 1 1
    202    7    4    1 1 1 1
    203    7    5    1 1 1 1
    204    7    6    1 1 1 1
    205    7    7    1 1 1 1
    206    7    8    1 1 1 1
    207    7    9    1 1 1 1
    208    7   10    1 1 1 1
    209    7   11    1 1 1 1
    210    7   12    1 1 1 1
    211    7   13    1 1 1 1
    212    7   14    1 1 1 1
    213    7   15    1 1 1 1
    214    7   16    1 1 1 1
    215    7   17    1 1 1 1
    216    7   18    1 1 1 1
    217    7   19    1 1 1 1
    218    7   20    1 1 1 1
    219    7   21    1 1 1 1
    220    7   22    1 1 1 1
    221    7   23    1 1 1 1
    222    7   24    1 1 1 1
    223    7   25    1 1 1 1
    224    7   26    1 1 1 1
    225    7   27    1 1 1 1
    226    7   28    1 1 1 1
    227    7   29    1 1 1 1
    228    7   30    1 1 1 1
    229    7   31    1 1 1 1
    230    7   32    1 1 1 1
    231    7   33    1 1 1 1
    232    8    1    1 1 1 1
    233    8    2    1 1 1 1
    234    8    3    1 1 1 1
    235    8    4    1 1 1 1
    236    8    5    1 1 1 1
    237    8    6    1 1 1 1
    238    8    7    1 1 1 1
    239    8    8    1 1 1 1
    240    8    9    1 1 1 1
    241    8   10    1 1 1 1
    242    8   11    1 1 1 1
    243    8   12    1 1 1 1
    244    8   13    1 1 1 1
    245    8   14    1 1 1 1
    246    8   15    1 1 1 1
    247    8   16    1 1 1 1
    248    8   17    1 1 1 1
    249    8   18    1 1 1 1
    250    8   19    1 1 1 1
    251    8   20    1 1 1 1
    252    8   21    1 1 1 1
    253    8   22    1 1 1 1
    254    8   23    1 1 1 1
    255    8   24    1 1 1 1
    256    8   25    1 1 1 1
    257    8   26    1 1 1 1
    258    8   27    1 1 1 1
    259    8   28    1 1 1 1
    260    8   29    1 1 1 1
    261    8   30    1 1 1 1
    262    8   31    1 1 1 1
    263    8   32    1 1 1 1
    264    8   33    1 1 1 1
    265    9    1    1 1 1 1
    266    9    2    1 1 1 1
    267    9    3    1 1 1 1
    268    9    4    1 1 1 1
    269    9    5    1 1 1 1
    270    9    6    1 1 1 1
    271    9    7    1 1 1 1
    272    9    8    1 1 1 1
    273    9    9    1 1 1 1
    274    9   10    1 1 1 1
    275    9   11    1 1 1 1
    276    9   12    1 1 1 1
    277    9   13    1 1 1 1
    278    9   14    1 1 1 1
    279    9   15    1 1 1 1
    280    9   16    1 1 1 1
    281    9   17    1 1 1 1
    282    9   18    1 1 1 1
    283    9   19    1 1 1 1
    284    9   20    1 1 1 1
    285    9   21    1 1 1 1
    286    9   22    1 1 1 1
    287    9   23    1 1 1 1
    288    9   24    1 1 1 1
    289    9   25    1 1 1 1
    290    9   26    1 1 1 1
    291    9   27    1 1 1 1
    292    9   28    1 1 1 1
    293    9   29    1 1 1 1
    294    9   30    1 1 1 1
    295    9   31    1 1 1 1
    296    9   32    1 1 1 1
    297    9   33    1 1 1 1
    298   10    1    1 1 1 1
    299   10    2    1 1 1 1
    300   10    3    1 1 1 1
    301   10    4    1 1 1 1
    302   10    5    1 1 1 1
    303   10    6    1 1 1 1
    304   10    7    1 1 1 1
    305   10    8    1 1 1 1
    306   10    9    1 1 1 1
    307   10   10    1 1 1 1
    308   10   11    1 1 1 1
    309   10   12    1 1 1 1
    310   10   13    1 1 1 1
    311   10   14    1 1 1 1
    312   10   15    1 1 1 1
    313   10   16    1 1 1 1
    314   10   17    1 1 1 1
    315   10   18    1 1 1 1
    316   10   19    1 1 1 1
    317   10   20    1 1 1 1
    318   10   21    1 1 1 1
    319   10   22    1 1 1 1
    320   10   23    1 1 1 1
    321   10   24    1 1 1 1
    322   10   25    1 1 1 1
    323   10   26    1 1 1 1
    324   10   27    1 1 1 1
    325   10   28    1 1 1 1
    326   10   29    1 1 1 1
    327   10   30    1 1 1 1
    328   10   31    1 1 1 1
    329   10   32    1 1 1 1
    330   10   33    1 1 1 1
    331   11    1    1 1 1 1
    332   11    2    1 1 1 1
    333   11    3    1 1 1 1
    334   11    4    1 1 1 1
    335   11    5    1 1 1 1
    336   11    6    1 1 1 1
    337   11    7    1 1 1 1
    338   11    8    1 1 1 1
    339   11    9    1 1 1 1
    340   11   10    1 1 1 1
    341   11   11    1 1 1 1
    342   11   12    1 1 1 1
    343   11   13    1 1 1 1
    344   11   14    1 1 1 1
    345   11   15    1 1 1 1
    346   11   16    1 1 1 1
    347   11   17    1 1 1 1
    348   11   18    1 1 1 1
    349   11   19    1 1 1 1
    350   11   20    1 1 1 1
    351   11   21    1 1 1 1
    352   11   22    1 1 1 1
    353   11   23    1 1 1 1
    354   11   24    1 1 1 1
    355   11   25    1 1 1 1
    356   11   26    1 1 1 1
    357   11   27    1 1 1 1
    358   11   28    1 1 1 1
    359   11   29    1 1 1 1
    360   11   30    1 1 1 1
    361   11   31    1 1 1 1
    362   11   32    1 1 1 1
    363   11   33    1 1 1 1
    364   12    1    1 1 1 1
    365   12    2    1 1 1 1
    366   12    3    1 1 1 1
    367   12    4    1 1 1 1
    368   12    5    1 1 1 1
    369   12    6    1 1 1 1
    370   12    7    1 1 1 1
    371   12    8    1 1 1 1
    372   12    9    1 1 1 1
    373   12   10    1 1 1 1
    374   12   11    1 1 1 1
    375   12   12    1 1 1 1
    376   12   13    1 1 1 1
    377   12   14    1 1 1 1
    378   12   15    1 1 1 1
    379   12   16    1 1 1 1
    380   12   17    1 1 1 1
    381   12   18    1 1 1 1
    382   12   19    1 1 1 1
    383   12   20    1 1 1 1
    384   12   21    1 1 1 1
    385   12   22    1 1 1 1
    386   12   23    1 1 1 1
    387   12   24    1 1 1 1
    388   12   25    1 1 1 1
    389   12   26    1 1 1 1
    390   12   27    1 1 1 1
    391   12   28    1 1 1 1
    392   12   29    1 1 1 1
    393   12   30    1 1 1 1
    394   12   31    1 1 1 1
    395   12   32    1 1 1 1
    396   12   33    1 1 1 1
    397   13    1    1 1 1 1
    398   13    2    1 1 1 1
    399   13    3    1 1 1 1
    400   13    4    1 1 1 1
    401   13    5    1 1 1 1
    402   13    6    1 1 1 1
    403   13    7    1 1 1 1
    404   13    8    1 1 1 1
    405   13    9    1 1 1 1
    406   13   10    1 1 1 1
    407   13   11    1 1 1 1
    408   13   12    1 1 1 1
    409   13   13    1 1 1 1
    410   13   14    1 1 1 1
    411   13   15    1 1 1 1
    412   13   16    1 1 1 1
    413   13   17    1 1 1 1
    414   13   18    1 1 1 1
    415   13   19    1 1 1 1
    416   13   20    1 1 1 1
    417   13   21    1 1 1 1
    418   13   22    1 1 1 1
    419   13   23    1 1 1 1
    420   13   24    1 1 1 1
    421   13   25    1 1 1 1
    422   13   26    1 1 1 1
    423   13   27    1 1 1 1
    424   13   28    1 1 1 1
    425   13   29    1 1 1 1
    426   13   30    1 1 1 1
    427   13   31    1 1 1 1
    428   13   32    1 1 1 1
    429   13   33    1 1 1 1
    430   14    1    1 1 1 1
    431   14    2    1 1 1 1
    432   14    3    1 1 1 1
    433   14    4    1 1 1 1
    434   14    5    1 1 1 1
    435   14    6    1 1 1 1
    436   14    7    1 1 1 1
    437   14    8    1 1 1 1
    438   14    9    1 1 1 1
    439   14   10    1 1 1 1
    440   14   11    1 1 1 1
    441   14   12    1 1 1 1
    442   14   13    1 1 1 1
    443   14   14    1 1 1 1
    444   14   15    1 1 1 1
    445   14   16    1 1 1 1
    446   14   17    1 1 1 1
    447   14   18    1 1 1 1
    448   14   19    1 1 1 1
    449   14   20    1 1 1 1
    450   14   21    1 1 1 1
    451   14   22    1 1 1 1
    452   14   23    1 1 1 1
    453   14   24    1 1 1 1
    454   14   25    1 1 1 1
    455   14   26    1 1 1 1
    456   14   27    1 1 1 1
    457   14   28    1 1 1 1
    458   14   29    1 1 1 1
    459   14   30    1 1 1 1
    460   14   31    1 1 1 1
    461   14   32    1 1 1 1
    462   14   33    1 1 1 1
    463   15    1    1 1 1 1
    464   15    2    1 1 1 1
    465   15    3    1 1 1 1
    466   15    4    1 1 1 1
    467   15    5    1 1 1 1
    468   15    6    1 1 1 1
    469   15    7    1 1 1 1
    470   15    8    1 1 1 1
    471   15    9    1 1 1 1
    472   15   10    1 1 1 1
    473   15   11    1 1 1 1
    474   15   12    1 1 1 1
    475   15   13    1 1 1 1
    476   15   14    1 1 1 1
    477   15   15    1 1 1 1
    478   15   16    1 1 1 1
    479   15   17    1 1 1 1
    480   15   18    1 1 1 1
    481   15   19    1 1 1 1
    482   15   20    1 1 1 1
    483   15   21    1 1 1 1
    484   15   22    1 1 1 1
    485   15   23    1 1 1 1
    486   15   24    1 1 1 1
    487   15   25    1 1 1 1
    488   15   26    1 1 1 1
    489   15   27    1 1 1 1
    490   15   28    1 1 1 1
    491   15   29    1 1 1 1
    492   15   30    1 1 1 1
    493   15   31    1 1 1 1
    494   15   32    1 1 1 1
    495   15   33    1 1 1 1
    496   16    1    1 1 1 1
    497   16    2    1 1 1 1
    498   16    3    1 1 1 1
    499   16    4    1 1 1 1
    500   16    5    1 1 1 1
    501   16    6    1 1 1 1
    502   16    7    1 1 1 1
    503   16    8    1 1 1 1
    504   16    9    1 1 1 1
    505   16   10    1 1 1 1
    506   16   11    1 1 1 1
    507   16   12    1 1 1 1
    508   16   13    1 1 1 1
    509   16   14    1 1 1 1
    510   16   15    1 1 1 1
    511   16   16    1 1 1 1
    512   16   17    1 1 1 1
    513   16   18    1 1 1 1
    514   16   19    1 1 1 1
    515   16   20    1 1 1 1
    516   16   21    1 1 1 1
    517   16   22    1 1 1 1
    518   16   23    1 1 1 1
    519   16   24    1 1 1 1
    520   16   25    1 1 1 1
    521   16   26    1 1 1 1
    522   16   27    1 1 1 1
    523   16   28    1 1 1 1
    524   16   29    1 1 1 1
    525   16   30    1 1 1 1
    526   16   31    1 1 1 1
    527   16   32    1 1 1 1
    528   16   33    1 1 1 1
    529   17    1    1 1 1 1
    530   17    2    1 1 1 1
    531   17    3    1 1 1 1
    532   17    4    1 1 1 1
    533   17    5    1 1 1 1
    534   17    6    1 1 1 1
    535   17    7    1 1 1 1
    536   17    8    1 1 1 1
    537   17    9    1 1 1 1
    538   17   10    1 1 1 1
    539   17   11    1 1 1 1
    540   17   12    1 1 1 1
    541   17   13    1 1 1 1
    542   17   14    1 1 1 1
    543   17   15    1 1 1 1
    544   17   16    1 1 1 1
    545   17   17    1 1 1 1
    546   17   18    1 1 1 1
    547   17   19    1 1 1 1
    548   17   20    1 1 1 1
    549   17   21    1 1 1 1
    550   17   22    1 1 1 1
    551   17   23    1 1 1 1
    552   17   24    1 1 1 1
    553   17   25    1 1 1 1
    554   17   26    1 1 1 1
    555   17   27    1 1 1 1
    556   17   28    1 1 1 1
    557   17   29    1 1 1 1
    558   17   30    1 1 1 1
    559   17   31    1 1 1 1
    560   17   32    1 1 1 1
    561   17   33    1 1 1 1
    562   18    1    1 1 1 1
    563   18    2    1 1 1 1
    564   18    3    1 1 1 1
    565   18    4    1 1 1 1
    566   18    5    1 1 1 1
    567   18    6    1 1 1 1
    568   18    7    1 1 1 1
    569   18    8    1 1 1 1
    570   18    9    1 1 1 1
    571   18   10    1 1 1 1
    572   18   11    1 1 1 1
    573   18   12    1 1 1 1
    574   18   13    1 1 1 1
    575   18   14    1 1 1 1
    576   18   15    1 1 1 1
    577   18   16    1 1 1 1
    578   18   17    1 1 1 1
    579   18   18    1 1 1 1
    580   18   19    1 1 1 1
    581   18   20    1 1 1 1
    582   18   21    1 1 1 1
    583   18   22    1 1 1 1
    584   18   23    1 1 1 1
    585   18   24    1 1 1 1
    586   18   25    1 1 1 1
    587   18   26    1 1 1 1
    588   18   27    1 1 1 1
    589   18   28    1 1 1 1
    590   18   29    1 1 1 1
    591   18   30    1 1 1 1
    592   18   31    1 1 1 1
    593   18   32    1 1 1 1
    594   18   33    1 1 1 1
    595   19    1    1 1 1 1
    596   19    2    1 1 1 1
    597   19    3    1 1 1 1
    598   19    4    1 1 1 1
    599   19    5    1 1 1 1
    600   19    6    1 1 1 1
    601   19    7    1 1 1 1
    602   19    8    1 1 1 1
    603   19    9    1 1 1 1
    604   19   10    1 1 1 1
    605   19   11    1 1 1 1
    606   19   12    1 1 1 1
    607   19   13    1 1 1 1
    608   19   14    1 1 1 1
    609   19   15    1 1 1 1
    610   19   16    1 1 1 1
    611   19   17    1 1 1 1
    612   19   18    1 1 1 1
    613   19   19    1 1 1 1
    614   19   20    1 1 1 1
    615   19   21    1 1 1 1
    616   19   22    1 1 1 1
    617   19   23    1 1 1 1
    618   19   24    1 1 1 1
    619   19   25    1 1 1 1
    620   19   26    1 1 1 1
    621   19   27    1 1 1 1
    622   19   28    1 1 1 1
    623   19   29    1 1 1 1
    624   19   30    1 1 1 1
    625   19   31    1 1 1 1
    626   19   32    1 1 1 1
    627   19   33    1 1 1 1
    628   20    1    1 1 1 1
    629   20    2    1 1 1 1
    630   20    3    1 1 1 1
    631   20    4    1 1 1 1
    632   20    5    1 1 1 1
    633   20    6    1 1 1 1
    634   20    7    1 1 1 1
    635   20    8    1 1 1 1
    636   20    9    1 1 1 1
    637   20   10    1 1 1 1
    638   20   11    1 1 1 1
    639   20   12    1 1 1 1
    640   20   13    1 1 1 1
    641   20   14    1 1 1 1
    642   20   15    1 1 1 1
    643   20   16    1 1 1 1
    644   20   17    1 1 1 1
    645   20   18    1 1 1 1
    646   20   19    1 1 1 1
    647   20   20    1 1 1 1
    648   20   21    1 1 1 1
    649   20   22    1 1 1 1
    650   20   23    1 1 1 1
    651   20   24    1 1 1 1
    652   20   25    1 1 1 1
    653   20   26    1 1 1 1
    654   20   27    1 1 1 1
    655   20   28    1 1 1 1
    656   20   29    1 1 1 1
    657   20   30    1 1 1 1
    658   20   31    1 1 1 1
    659   20   32    1 1 1 1
    660   20   33    1 1 1 1
    661   21    1    1 1 1 1
    662   21    2    1 1 1 1
    663   21    3    1 1 1 1
    664   21    4    1 1 1 1
    665   21    5    1 1 1 1
    666   21    6    1 1 1 1
    667   21    7    1 1 1 1
    668   21    8    1 1 1 1
    669   21    9    1 1 1 1
    670   21   10    1 1 1 1
    671   21   11    1 1 1 1
    672   21   12    1 1 1 1
    673   21   13    1 1 1 1
    674   21   14    1 1 1 1
    675   21   15    1 1 1 1
    676   21   16    1 1 1 1
    677   21   17    1 1 1 1
    678   21   18    1 1 1 1
    679   21   19    1 1 1 1
    680   21   20    1 1 1 1
    681   21   21    1 1 1 1
    682   21   22    1 1 1 1
    683   21   23    1 1 1 1
    684   21   24    1 1 1 1
    685   21   25    1 1 1 1
    686   21   26    1 1 1 1
    687   21   27    1 1 1 1
    688   21   28    1 1 1 1
    689   21   29    1 1 1 1
    690   21   30    1 1 1 1
    691   21   31    1 1 1 1
    692   21   32    1 1 1 1
    693   21   33    1 1 1 1
    694   22    1    1 1 1 1
    695   22    2    1 1 1 1
    696   22    3    1 1 1 1
    697   22    4    1 1 1 1
    698   22    5    1 1 1 1
    699   22    6    1 1 1 1
    700   22    7    1 1 1 1
    701   22    8    1 1 1 1
    702   22    9    1 1 1 1
    703   22   10    1 1 1 1
    704   22   11    1 1 1 1
    705   22   12    1 1 1 1
    706   22   13    1 1 1 1
    707   22   14    1 1 1 1
    708   22   15    1 1 1 1
    709   22   16    1 1 1 1
    710   22   17    1 1 1 1
    711   22   18    1 1 1 1
    712   22   19    1 1 1 1
    713   22   20    1 1 1 1
    714   22   21    1 1 1 1
    715   22   22    1 1 1 1
    716   22   23    1 1 1 1
    717   22   24    1 1 1 1
    718   22   25    1 1 1 1
    719   22   26    1 1 1 1
    720   22   27    1 1 1 1
    721   22   28    1 1 1 1
    722   22   29    1 1 1 1
    723   22   30    1 1 1 1
    724   22   31    1 1 1 1
    725   22   32    1 1 1 1
    726   22   33    1 1 1 1
    727   23    1    1 1 1 1
    728   23    2    1 1 1 1
    729   23    3    1 1 1 1
    730   23    4    1 1 1 1
    731   23    5    1 1 1 1
    732   23    6    1 1 1 1
    733   23    7    1 1 1 1
    734   23    8    1 1 1 1
    735   23    9    1 1 1 1
    736   23   10    1 1 1 1
    737   23   11    1 1 1 1
    738   23   12    1 1 1 1
    739   23   13    1 1 1 1
    740   23   14    1 1 1 1
    741   23   15    1 1 1 1
    742   23   16    1 1 1 1
    743   23   17    1 1 1 1
    744   23   18    1 1 1 1
    745   23   19    1 1 1 1
    746   23   20    1 1 1 1
    747   23   21    1 1 1 1
    748   23   22    1 1 1 1
    749   23   23    1 1 1 1
    750   23   24    1 1 1 1
    751   23   25    1 1 1 1
    752   23   26    1 1 1 1
    753   23   27    1 1 1 1
    754   23   28    1 1 1 1
    755   23   29    1 1 1 1
    756   23   30    1 1 1 1
    757   23   31    1 1 1 1
    758   23   32    1 1 1 1
    759   23   33    1 1 1 1
    760   24    1    1 1 1 1
    761   24    2    1 1 1 1
    762   24    3    1 1 1 1
    763   24    4    1 1 1 1
    764   24    5    1 1 1 1
    765   24    6    1 1 1 1
    766   24    7    1 1 1 1
    767   24    8    1 1 1 1
    768   24    9    1 1 1 1
    769   24   10    1 1 1 1
    770   24   11    1 1 1 1
    771   24   12    1 1 1 1
    772   24   13    1 1 1 1
    773   24   14    1 1 1 1
    774   24   15    1 1 1 1
    775   24   16    1 1 1 1
    776   24   17    1 1 1 1
    777   24   18    1 1 1 1
    778   24   19    1 1 1 1
    779   24   20    1 1 1 1
    780   24   21    1 1 1 1
    781   24   22    1 1 1 1
    782   24   23    1 1 1 1
    783   24   24    1 1 1 1
    784   24   25    1 1 1 1
    785   24   26    1 1 1 1
    786   24   27    1 1 1 1
    787   24   28    1 1 1 1
    788   24   29    1 1 1 1
    789   24   30    1 1 1 1
    790   24   31    1 1 1 1
    791   24   32    1 1 1 1
    792   24   33    1 1 1 1
    793   25    1    1 1 1 1
    794   25    2    1 1 1 1
    795   25    3    1 1 1 1
    796   25    4    1 1 1 1
    797   25    5    1 1 1 1
    798   25    6    1 1 1 1
    799   25    7    1 1 1 1
    800   25    8    1 1 1 1
    801   25    9    1 1 1 1
    802   25   10    1 1 1 1
    803   25   11    1 1 1 1
    804   25   12    1 1 1 1
    805   25   13    1 1 1 1
    806   25   14    1 1 1 1
    807   25   15    1 1 1 1
    808   25   16    1 1 1 1
    809   25   17    1 1 1 1
    810   25   18    1 1 1 1
    811   25   19    1 1 1 1
    812   25   20    1 1 1 1
    813   25   21    1 1 1 1
    814   25   22    1 1 1 1
    815   25   23    1 1 1 1
    816   25   24    1 1 1 1
    817   25   25    1 1 1 1
    818   25   26    1 1 1 1
    819   25   27    1 1 1 1
    820   25   28    1 1 1 1
    821   25   29    1 1 1 1
    822   25   30    1 1 1 1
    823   25   31    1 1 1 1
    824   25   32    1 1 1 1
    825   25   33    1 1 1 1
    826   26    1    1 1 1 1
    827   26    2    1 1 1 1
    828   26    3    1 1 1 1
    829   26    4    1 1 1 1
    830   26    5    1 1 1 1
    831   26    6    1 1 1 1
    832   26    7    1 1 1 1
    833   26    8    1 1 1 1
    834   26    9    1 1 1 1
    835   26   10    1 1 1 1
    836   26   11    1 1 1 1
    837   26   12    1 1 1 1
    838   26   13    1 1 1 1
    839   26   14    1 1 1 1
    840   26   15    1 1 1 1
    841   26   16    1 1 1 1
    842   26   17    1 1 1 1
    843   26   18    1 1 1 1
    844   26   19    1 1 1 1
    845   26   20    1 1 1 1
    846   26   21    1 1 1 1
    847   26   22    1 1 1 1
    848   26   23    1 1 1 1
    849   26   24    1 1 1 1
    850   26   25    1 1 1 1
    851   26   26    1 1 1 1
    852   26   27    1 1 1 1
    853   26   28    1 1 1 1
    854   26   29    1 1 1 1
    855   26   30    1 1 1 1
    856   26   31    1 1 1 1
    857   26   32    1 1 1 1
    858   26   33    1 1 1 1
    859   27    1    1 1 1 1
    860   27    2    1 1 1 1
    861   27    3    1 1 1 1
    862   27    4    1 1 1 1
    863   27    5    1 1 1 1
    864   27    6    1 1 1 1
    865   27    7    1 1 1 1
    866   27    8    1 1 1 1
    867   27    9    1 1 1 1
    868   27   10    1 1 1 1
    869   27   11    1 1 1 1
    870   27   12    1 1 1 1
    871   27   13    1 1 1 1
    872   27   14    1 1 1 1
    873   27   15    1 1 1 1
    874   27   16    1 1 1 1
    875   27   17    1 1 1 1
    876   27   18    1 1 1 1
    877   27   19    1 1 1 1
    878   27   20    1 1 1 1
    879   27   21    1 1 1 1
    880   27   22    1 1 1 1
    881   27   23    1 1 1 1
    882   27   24    1 1 1 1
    883   27   25    1 1 1 1
    884   27   26    1 1 1 1
    885   27   27    1 1 1 1
    886   27   28    1 1 1 1
    887   27   29    1 1 1 1
    888   27   30    1 1 1 1
    889   27   31    1 1 1 1
    890   27   32    1 1 1 1
    891   27   33    1 1 1 1
    892   28    1    1 1 1 1
    893   28    2    1 1 1 1
    894   28    3    1 1 1 1
    895   28    4    1 1 1 1
    896   28    5    1 1 1 1
    897   28    6    1 1 1 1
    898   28    7    1 1 1 1
    899   28    8    1 1 1 1
    900   28    9    1 1 1 1
    901   28   10    1 1 1 1
    902   28   11    1 1 1 1
    903   28   12    1 1 1 1
    904   28   13    1 1 1 1
    905   28   14    1 1 1 1
    906   28   15    1 1 1 1
    907   28   16    1 1 1 1
    908   28   17    1 1 1 1
    909   28   18    1 1 1 1
    910   28   19    1 1 1 1
    911   28   20    1 1 1 1
    912   28   21    1 1 1 1
    913   28   22    1 1 1 1
    914   28   23    1 1 1 1
    915   28   24    1 1 1 1
    916   28   25    1 1 1 1
    917   28   26    1 1 1 1
    918   28   27    1 1 1 1
    919   28   28    1 1 1 1
    920   28   29    1 1 1 1
    921   28   30    1 1 1 1
    922   28   31    1 1 1 1
    923   28   32    1 1 1 1
    924   28   33    1 1 1 1
