 >REASHP: option FROM_FILE
      1419 = NAT
  1.000000  0.000000  0.000000 = A_1 vector
  0.000000  1.000000  0.000000 = A_2 vector
  1.000000  1.000000  1.000000 = lattice spacings (d_x,d_y,d_z)/d
  -0.00000  -0.00000  -0.00000 = lattice offset x0(1-3) = (x_TF,y_TF,z_TF)/d for dipole 0 0 0
     JA  IX  IY  IZ ICOMP(x,y,z)
      1    1    8    8 1 1 1
      2    2    5    6 1 1 1
      3    2    5    7 1 1 1
      4    2    5    8 1 1 1
      5    2    5   10 1 1 1
      6    2    5   11 1 1 1
      7    2    6    5 1 1 1
      8    2    6    6 1 1 1
      9    2    6    7 1 1 1
     10    2    6    8 1 1 1
     11    2    6   10 1 1 1
     12    2    6   11 1 1 1
     13    2    6   12 1 1 1
     14    2    7    5 1 1 1
     15    2    7    6 1 1 1
     16    2    7    7 1 1 1
     17    2    7    8 1 1 1
     18    2    7   10 1 1 1
     19    2    7   11 1 1 1
     20    2    7   12 1 1 1
     21    2    8    5 1 1 1
     22    2    8    6 1 1 1
     23    2    8    7 1 1 1
     24    2    8    8 1 1 1
     25    2    8   10 1 1 1
     26    2    8   11 1 1 1
     27    2    8   12 1 1 1
     28    2   10    5 1 1 1
     29    2   10    6 1 1 1
     30    2   10    7 1 1 1
     31    2   10    8 1 1 1
     32    2   10   10 1 1 1
     33    2   10   11 1 1 1
     34    2   10   12 1 1 1
     35    2   11    5 1 1 1
     36    2   11    6 1 1 1
     37    2   11    7 1 1 1
     38    2   11    8 1 1 1
     39    2   11   10 1 1 1
     40    2   11   11 1 1 1
     41    2   11   12 1 1 1
     42    2   12    6 1 1 1
     43    2   12    7 1 1 1
     44    2   12    8 1 1 1
     45    2   12   10 1 1 1
     46    2   12   11 1 1 1
     47    3    4    6 1 1 1
     48    3    4    7 1 1 1
     49    3    4    8 1 1 1
     50    3    4   10 1 1 1
     51    3    4   11 1 1 1
     52    3    5    5 1 1 1
     53    3    5    6 1 1 1
     54    3    5    7 1 1 1
     55    3    5    8 1 1 1
     56    3    5   10 1 1 1
     57    3    5   11 1 1 1
     58    3    5   12 1 1 1
     59    3    6    4 1 1 1
     60    3    6    5 1 1 1
     61    3    6    6 1 1 1
     62    3    6    7 1 1 1
     63    3    6    8 1 1 1
     64    3    6   10 1 1 1
     65    3    6   11 1 1 1
     66    3    6   12 1 1 1
     67    3    6   13 1 1 1
     68    3    7    4 1 1 1
     69    3    7    5 1 1 1
     70    3    7    6 1 1 1
     71    3    7    7 1 1 1
     72    3    7    8 1 1 1
     73    3    7   10 1 1 1
     74    3    7   11 1 1 1
     75    3    7   12 1 1 1
     76    3    7   13 1 1 1
     77    3    8    4 1 1 1
     78    3    8    5 1 1 1
     79    3    8    6 1 1 1
     80    3    8    7 1 1 1
     81    3    8    8 1 1 1
     82    3    8   10 1 1 1
     83    3    8   11 1 1 1
     84    3    8   12 1 1 1
     85    3    8   13 1 1 1
     86    3   10    4 1 1 1
     87    3   10    5 1 1 1
     88    3   10    6 1 1 1
     89    3   10    7 1 1 1
     90    3   10    8 1 1 1
     91    3   10   10 1 1 1
     92    3   10   11 1 1 1
     93    3   10   12 1 1 1
     94    3   10   13 1 1 1
     95    3   11    4 1 1 1
     96    3   11    5 1 1 1
     97    3   11    6 1 1 1
     98    3   11    7 1 1 1
     99    3   11    8 1 1 1
    100    3   11   10 1 1 1
    101    3   11   11 1 1 1
    102    3   11   12 1 1 1
    103    3   11   13 1 1 1
    104    3   12    5 1 1 1
    105    3   12    6 1 1 1
    106    3   12    7 1 1 1
    107    3   12    8 1 1 1
    108    3   12   10 1 1 1
    109    3   12   11 1 1 1
    110    3   12   12 1 1 1
    111    3   13    6 1 1 1
    112    3   13    7 1 1 1
    113    3   13    8 1 1 1
    114    3   13   10 1 1 1
    115    3   13   11 1 1 1
    116    4    3    6 1 1 1
    117    4    3    7 1 1 1
    118    4    3    8 1 1 1
    119    4    3   10 1 1 1
    120    4    3   11 1 1 1
    121    4    4    4 1 1 1
    122    4    4    5 1 1 1
    123    4    4    6 1 1 1
    124    4    4    7 1 1 1
    125    4    4    8 1 1 1
    126    4    4   10 1 1 1
    127    4    4   11 1 1 1
    128    4    4   12 1 1 1
    129    4    4   13 1 1 1
    130    4    5    4 1 1 1
    131    4    5    5 1 1 1
    132    4    5    6 1 1 1
    133    4    5    7 1 1 1
    134    4    5    8 1 1 1
    135    4    5   10 1 1 1
    136    4    5   11 1 1 1
    137    4    5   12 1 1 1
    138    4    5   13 1 1 1
    139    4    6    3 1 1 1
    140    4    6    4 1 1 1
    141    4    6    5 1 1 1
    142    4    6    6 1 1 1
    143    4    6    7 1 1 1
    144    4    6    8 1 1 1
    145    4    6   10 1 1 1
    146    4    6   11 1 1 1
    147    4    6   12 1 1 1
    148    4    6   13 1 1 1
    149    4    6   14 1 1 1
    150    4    7    3 1 1 1
    151    4    7    4 1 1 1
    152    4    7    5 1 1 1
    153    4    7    6 1 1 1
    154    4    7    7 1 1 1
    155    4    7    8 1 1 1
    156    4    7   10 1 1 1
    157    4    7   11 1 1 1
    158    4    7   12 1 1 1
    159    4    7   13 1 1 1
    160    4    7   14 1 1 1
    161    4    8    3 1 1 1
    162    4    8    4 1 1 1
    163    4    8    5 1 1 1
    164    4    8    6 1 1 1
    165    4    8    7 1 1 1
    166    4    8    8 1 1 1
    167    4    8   10 1 1 1
    168    4    8   11 1 1 1
    169    4    8   12 1 1 1
    170    4    8   13 1 1 1
    171    4    8   14 1 1 1
    172    4   10    3 1 1 1
    173    4   10    4 1 1 1
    174    4   10    5 1 1 1
    175    4   10    6 1 1 1
    176    4   10    7 1 1 1
    177    4   10    8 1 1 1
    178    4   10   10 1 1 1
    179    4   10   11 1 1 1
    180    4   10   12 1 1 1
    181    4   10   13 1 1 1
    182    4   10   14 1 1 1
    183    4   11    3 1 1 1
    184    4   11    4 1 1 1
    185    4   11    5 1 1 1
    186    4   11    6 1 1 1
    187    4   11    7 1 1 1
    188    4   11    8 1 1 1
    189    4   11   10 1 1 1
    190    4   11   11 1 1 1
    191    4   11   12 1 1 1
    192    4   11   13 1 1 1
    193    4   11   14 1 1 1
    194    4   12    4 1 1 1
    195    4   12    5 1 1 1
    196    4   12    6 1 1 1
    197    4   12    7 1 1 1
    198    4   12    8 1 1 1
    199    4   12   10 1 1 1
    200    4   12   11 1 1 1
    201    4   12   12 1 1 1
    202    4   12   13 1 1 1
    203    4   13    4 1 1 1
    204    4   13    5 1 1 1
    205    4   13    6 1 1 1
    206    4   13    7 1 1 1
    207    4   13    8 1 1 1
    208    4   13   10 1 1 1
    209    4   13   11 1 1 1
    210    4   13   12 1 1 1
    211    4   13   13 1 1 1
    212    4   14    6 1 1 1
    213    4   14    7 1 1 1
    214    4   14    8 1 1 1
    215    4   14   10 1 1 1
    216    4   14   11 1 1 1
    217    5    2    6 1 1 1
    218    5    2    7 1 1 1
    219    5    2    8 1 1 1
    220    5    2   10 1 1 1
    221    5    2   11 1 1 1
    222    5    3    5 1 1 1
    223    5    3    6 1 1 1
    224    5    3    7 1 1 1
    225    5    3    8 1 1 1
    226    5    3   10 1 1 1
    227    5    3   11 1 1 1
    228    5    3   12 1 1 1
    229    5    4    4 1 1 1
    230    5    4    5 1 1 1
    231    5    4    6 1 1 1
    232    5    4    7 1 1 1
    233    5    4    8 1 1 1
    234    5    4   10 1 1 1
    235    5    4   11 1 1 1
    236    5    4   12 1 1 1
    237    5    4   13 1 1 1
    238    5    5    3 1 1 1
    239    5    5    4 1 1 1
    240    5    5    5 1 1 1
    241    5    5    6 1 1 1
    242    5    5    7 1 1 1
    243    5    5    8 1 1 1
    244    5    5   10 1 1 1
    245    5    5   11 1 1 1
    246    5    5   12 1 1 1
    247    5    5   13 1 1 1
    248    5    5   14 1 1 1
    249    5    6    2 1 1 1
    250    5    6    3 1 1 1
    251    5    6    4 1 1 1
    252    5    6    5 1 1 1
    253    5    6    6 1 1 1
    254    5    6    7 1 1 1
    255    5    6    8 1 1 1
    256    5    6   10 1 1 1
    257    5    6   11 1 1 1
    258    5    6   12 1 1 1
    259    5    6   13 1 1 1
    260    5    6   14 1 1 1
    261    5    6   15 1 1 1
    262    5    7    2 1 1 1
    263    5    7    3 1 1 1
    264    5    7    4 1 1 1
    265    5    7    5 1 1 1
    266    5    7    6 1 1 1
    267    5    7    7 1 1 1
    268    5    7    8 1 1 1
    269    5    7   10 1 1 1
    270    5    7   11 1 1 1
    271    5    7   12 1 1 1
    272    5    7   13 1 1 1
    273    5    7   14 1 1 1
    274    5    7   15 1 1 1
    275    5    8    2 1 1 1
    276    5    8    3 1 1 1
    277    5    8    4 1 1 1
    278    5    8    5 1 1 1
    279    5    8    6 1 1 1
    280    5    8    7 1 1 1
    281    5    8    8 1 1 1
    282    5    8   10 1 1 1
    283    5    8   11 1 1 1
    284    5    8   12 1 1 1
    285    5    8   13 1 1 1
    286    5    8   14 1 1 1
    287    5    8   15 1 1 1
    288    5   10    2 1 1 1
    289    5   10    3 1 1 1
    290    5   10    4 1 1 1
    291    5   10    5 1 1 1
    292    5   10    6 1 1 1
    293    5   10    7 1 1 1
    294    5   10    8 1 1 1
    295    5   10   10 1 1 1
    296    5   10   11 1 1 1
    297    5   10   12 1 1 1
    298    5   10   13 1 1 1
    299    5   10   14 1 1 1
    300    5   10   15 1 1 1
    301    5   11    2 1 1 1
    302    5   11    3 1 1 1
    303    5   11    4 1 1 1
    304    5   11    5 1 1 1
    305    5   11    6 1 1 1
    306    5   11    7 1 1 1
    307    5   11    8 1 1 1
    308    5   11   10 1 1 1
    309    5   11   11 1 1 1
    310    5   11   12 1 1 1
    311    5   11   13 1 1 1
    312    5   11   14 1 1 1
    313    5   11   15 1 1 1
    314    5   12    3 1 1 1
    315    5   12    4 1 1 1
    316    5   12    5 1 1 1
    317    5   12    6 1 1 1
    318    5   12    7 1 1 1
    319    5   12    8 1 1 1
    320    5   12   10 1 1 1
    321    5   12   11 1 1 1
    322    5   12   12 1 1 1
    323    5   12   13 1 1 1
    324    5   12   14 1 1 1
    325    5   13    4 1 1 1
    326    5   13    5 1 1 1
    327    5   13    6 1 1 1
    328    5   13    7 1 1 1
    329    5   13    8 1 1 1
    330    5   13   10 1 1 1
    331    5   13   11 1 1 1
    332    5   13   12 1 1 1
    333    5   13   13 1 1 1
    334    5   14    5 1 1 1
    335    5   14    6 1 1 1
    336    5   14    7 1 1 1
    337    5   14    8 1 1 1
    338    5   14   10 1 1 1
    339    5   14   11 1 1 1
    340    5   14   12 1 1 1
    341    5   15    6 1 1 1
    342    5   15    7 1 1 1
    343    5   15    8 1 1 1
    344    5   15   10 1 1 1
    345    5   15   11 1 1 1
    346    6    2    5 1 1 1
    347    6    2    6 1 1 1
    348    6    2    7 1 1 1
    349    6    2    8 1 1 1
    350    6    2   10 1 1 1
    351    6    2   11 1 1 1
    352    6    2   12 1 1 1
    353    6    3    4 1 1 1
    354    6    3    5 1 1 1
    355    6    3    6 1 1 1
    356    6    3    7 1 1 1
    357    6    3    8 1 1 1
    358    6    3   10 1 1 1
    359    6    3   11 1 1 1
    360    6    3   12 1 1 1
    361    6    3   13 1 1 1
    362    6    4    3 1 1 1
    363    6    4    4 1 1 1
    364    6    4    5 1 1 1
    365    6    4    6 1 1 1
    366    6    4    7 1 1 1
    367    6    4    8 1 1 1
    368    6    4   10 1 1 1
    369    6    4   11 1 1 1
    370    6    4   12 1 1 1
    371    6    4   13 1 1 1
    372    6    4   14 1 1 1
    373    6    5    2 1 1 1
    374    6    5    3 1 1 1
    375    6    5    4 1 1 1
    376    6    5    5 1 1 1
    377    6    5    6 1 1 1
    378    6    5    7 1 1 1
    379    6    5    8 1 1 1
    380    6    5   10 1 1 1
    381    6    5   11 1 1 1
    382    6    5   12 1 1 1
    383    6    5   13 1 1 1
    384    6    5   14 1 1 1
    385    6    5   15 1 1 1
    386    6    6    2 1 1 1
    387    6    6    3 1 1 1
    388    6    6    4 1 1 1
    389    6    6    5 1 1 1
    390    6    6    6 1 1 1
    391    6    6    7 1 1 1
    392    6    6    8 1 1 1
    393    6    6   10 1 1 1
    394    6    6   11 1 1 1
    395    6    6   12 1 1 1
    396    6    6   13 1 1 1
    397    6    6   14 1 1 1
    398    6    6   15 1 1 1
    399    6    7    2 1 1 1
    400    6    7    3 1 1 1
    401    6    7    4 1 1 1
    402    6    7    5 1 1 1
    403    6    7    6 1 1 1
    404    6    7    7 1 1 1
    405    6    7    8 1 1 1
    406    6    7   10 1 1 1
    407    6    7   11 1 1 1
    408    6    7   12 1 1 1
    409    6    7   13 1 1 1
    410    6    7   14 1 1 1
    411    6    7   15 1 1 1
    412    6    8    2 1 1 1
    413    6    8    3 1 1 1
    414    6    8    4 1 1 1
    415    6    8    5 1 1 1
    416    6    8    6 1 1 1
    417    6    8    7 1 1 1
    418    6    8    8 1 1 1
    419    6    8   10 1 1 1
    420    6    8   11 1 1 1
    421    6    8   12 1 1 1
    422    6    8   13 1 1 1
    423    6    8   14 1 1 1
    424    6    8   15 1 1 1
    425    6   10    2 1 1 1
    426    6   10    3 1 1 1
    427    6   10    4 1 1 1
    428    6   10    5 1 1 1
    429    6   10    6 1 1 1
    430    6   10    7 1 1 1
    431    6   10    8 1 1 1
    432    6   10   10 1 1 1
    433    6   10   11 1 1 1
    434    6   10   12 1 1 1
    435    6   10   13 1 1 1
    436    6   10   14 1 1 1
    437    6   10   15 1 1 1
    438    6   11    2 1 1 1
    439    6   11    3 1 1 1
    440    6   11    4 1 1 1
    441    6   11    5 1 1 1
    442    6   11    6 1 1 1
    443    6   11    7 1 1 1
    444    6   11    8 1 1 1
    445    6   11   10 1 1 1
    446    6   11   11 1 1 1
    447    6   11   12 1 1 1
    448    6   11   13 1 1 1
    449    6   11   14 1 1 1
    450    6   11   15 1 1 1
    451    6   12    2 1 1 1
    452    6   12    3 1 1 1
    453    6   12    4 1 1 1
    454    6   12    5 1 1 1
    455    6   12    6 1 1 1
    456    6   12    7 1 1 1
    457    6   12    8 1 1 1
    458    6   12   10 1 1 1
    459    6   12   11 1 1 1
    460    6   12   12 1 1 1
    461    6   12   13 1 1 1
    462    6   12   14 1 1 1
    463    6   12   15 1 1 1
    464    6   13    3 1 1 1
    465    6   13    4 1 1 1
    466    6   13    5 1 1 1
    467    6   13    6 1 1 1
    468    6   13    7 1 1 1
    469    6   13    8 1 1 1
    470    6   13   10 1 1 1
    471    6   13   11 1 1 1
    472    6   13   12 1 1 1
    473    6   13   13 1 1 1
    474    6   13   14 1 1 1
    475    6   14    4 1 1 1
    476    6   14    5 1 1 1
    477    6   14    6 1 1 1
    478    6   14    7 1 1 1
    479    6   14    8 1 1 1
    480    6   14   10 1 1 1
    481    6   14   11 1 1 1
    482    6   14   12 1 1 1
    483    6   14   13 1 1 1
    484    6   15    5 1 1 1
    485    6   15    6 1 1 1
    486    6   15    7 1 1 1
    487    6   15    8 1 1 1
    488    6   15   10 1 1 1
    489    6   15   11 1 1 1
    490    6   15   12 1 1 1
    491    7    2    5 1 1 1
    492    7    2    6 1 1 1
    493    7    2    7 1 1 1
    494    7    2    8 1 1 1
    495    7    2   10 1 1 1
    496    7    2   11 1 1 1
    497    7    2   12 1 1 1
    498    7    3    4 1 1 1
    499    7    3    5 1 1 1
    500    7    3    6 1 1 1
    501    7    3    7 1 1 1
    502    7    3    8 1 1 1
    503    7    3   10 1 1 1
    504    7    3   11 1 1 1
    505    7    3   12 1 1 1
    506    7    3   13 1 1 1
    507    7    4    3 1 1 1
    508    7    4    4 1 1 1
    509    7    4    5 1 1 1
    510    7    4    6 1 1 1
    511    7    4    7 1 1 1
    512    7    4    8 1 1 1
    513    7    4   10 1 1 1
    514    7    4   11 1 1 1
    515    7    4   12 1 1 1
    516    7    4   13 1 1 1
    517    7    4   14 1 1 1
    518    7    5    2 1 1 1
    519    7    5    3 1 1 1
    520    7    5    4 1 1 1
    521    7    5    5 1 1 1
    522    7    5    6 1 1 1
    523    7    5    7 1 1 1
    524    7    5    8 1 1 1
    525    7    5   10 1 1 1
    526    7    5   11 1 1 1
    527    7    5   12 1 1 1
    528    7    5   13 1 1 1
    529    7    5   14 1 1 1
    530    7    5   15 1 1 1
    531    7    6    2 1 1 1
    532    7    6    3 1 1 1
    533    7    6    4 1 1 1
    534    7    6    5 1 1 1
    535    7    6    6 1 1 1
    536    7    6    7 1 1 1
    537    7    6    8 1 1 1
    538    7    6   10 1 1 1
    539    7    6   11 1 1 1
    540    7    6   12 1 1 1
    541    7    6   13 1 1 1
    542    7    6   14 1 1 1
    543    7    6   15 1 1 1
    544    7    7    2 1 1 1
    545    7    7    3 1 1 1
    546    7    7    4 1 1 1
    547    7    7    5 1 1 1
    548    7    7    6 1 1 1
    549    7    7    7 1 1 1
    550    7    7    8 1 1 1
    551    7    7   10 1 1 1
    552    7    7   11 1 1 1
    553    7    7   12 1 1 1
    554    7    7   13 1 1 1
    555    7    7   14 1 1 1
    556    7    7   15 1 1 1
    557    7    8    2 1 1 1
    558    7    8    3 1 1 1
    559    7    8    4 1 1 1
    560    7    8    5 1 1 1
    561    7    8    6 1 1 1
    562    7    8    7 1 1 1
    563    7    8    8 1 1 1
    564    7    8   10 1 1 1
    565    7    8   11 1 1 1
    566    7    8   12 1 1 1
    567    7    8   13 1 1 1
    568    7    8   14 1 1 1
    569    7    8   15 1 1 1
    570    7   10    2 1 1 1
    571    7   10    3 1 1 1
    572    7   10    4 1 1 1
    573    7   10    5 1 1 1
    574    7   10    6 1 1 1
    575    7   10    7 1 1 1
    576    7   10    8 1 1 1
    577    7   10   10 1 1 1
    578    7   10   11 1 1 1
    579    7   10   12 1 1 1
    580    7   10   13 1 1 1
    581    7   10   14 1 1 1
    582    7   10   15 1 1 1
    583    7   11    2 1 1 1
    584    7   11    3 1 1 1
    585    7   11    4 1 1 1
    586    7   11    5 1 1 1
    587    7   11    6 1 1 1
    588    7   11    7 1 1 1
    589    7   11    8 1 1 1
    590    7   11   10 1 1 1
    591    7   11   11 1 1 1
    592    7   11   12 1 1 1
    593    7   11   13 1 1 1
    594    7   11   14 1 1 1
    595    7   11   15 1 1 1
    596    7   12    2 1 1 1
    597    7   12    3 1 1 1
    598    7   12    4 1 1 1
    599    7   12    5 1 1 1
    600    7   12    6 1 1 1
    601    7   12    7 1 1 1
    602    7   12    8 1 1 1
    603    7   12   10 1 1 1
    604    7   12   11 1 1 1
    605    7   12   12 1 1 1
    606    7   12   13 1 1 1
    607    7   12   14 1 1 1
    608    7   12   15 1 1 1
    609    7   13    3 1 1 1
    610    7   13    4 1 1 1
    611    7   13    5 1 1 1
    612    7   13    6 1 1 1
    613    7   13    7 1 1 1
    614    7   13    8 1 1 1
    615    7   13   10 1 1 1
    616    7   13   11 1 1 1
    617    7   13   12 1 1 1
    618    7   13   13 1 1 1
    619    7   13   14 1 1 1
    620    7   14    4 1 1 1
    621    7   14    5 1 1 1
    622    7   14    6 1 1 1
    623    7   14    7 1 1 1
    624    7   14    8 1 1 1
    625    7   14   10 1 1 1
    626    7   14   11 1 1 1
    627    7   14   12 1 1 1
    628    7   14   13 1 1 1
    629    7   15    5 1 1 1
    630    7   15    6 1 1 1
    631    7   15    7 1 1 1
    632    7   15    8 1 1 1
    633    7   15   10 1 1 1
    634    7   15   11 1 1 1
    635    7   15   12 1 1 1
    636    8    1    8 1 1 1
    637    8    2    5 1 1 1
    638    8    2    6 1 1 1
    639    8    2    7 1 1 1
    640    8    2    8 1 1 1
    641    8    2   10 1 1 1
    642    8    2   11 1 1 1
    643    8    2   12 1 1 1
    644    8    3    4 1 1 1
    645    8    3    5 1 1 1
    646    8    3    6 1 1 1
    647    8    3    7 1 1 1
    648    8    3    8 1 1 1
    649    8    3   10 1 1 1
    650    8    3   11 1 1 1
    651    8    3   12 1 1 1
    652    8    3   13 1 1 1
    653    8    4    3 1 1 1
    654    8    4    4 1 1 1
    655    8    4    5 1 1 1
    656    8    4    6 1 1 1
    657    8    4    7 1 1 1
    658    8    4    8 1 1 1
    659    8    4   10 1 1 1
    660    8    4   11 1 1 1
    661    8    4   12 1 1 1
    662    8    4   13 1 1 1
    663    8    4   14 1 1 1
    664    8    5    2 1 1 1
    665    8    5    3 1 1 1
    666    8    5    4 1 1 1
    667    8    5    5 1 1 1
    668    8    5    6 1 1 1
    669    8    5    7 1 1 1
    670    8    5    8 1 1 1
    671    8    5   10 1 1 1
    672    8    5   11 1 1 1
    673    8    5   12 1 1 1
    674    8    5   13 1 1 1
    675    8    5   14 1 1 1
    676    8    5   15 1 1 1
    677    8    6    2 1 1 1
    678    8    6    3 1 1 1
    679    8    6    4 1 1 1
    680    8    6    5 1 1 1
    681    8    6    6 1 1 1
    682    8    6    7 1 1 1
    683    8    6    8 1 1 1
    684    8    6   10 1 1 1
    685    8    6   11 1 1 1
    686    8    6   12 1 1 1
    687    8    6   13 1 1 1
    688    8    6   14 1 1 1
    689    8    6   15 1 1 1
    690    8    7    2 1 1 1
    691    8    7    3 1 1 1
    692    8    7    4 1 1 1
    693    8    7    5 1 1 1
    694    8    7    6 1 1 1
    695    8    7    7 1 1 1
    696    8    7    8 1 1 1
    697    8    7   10 1 1 1
    698    8    7   11 1 1 1
    699    8    7   12 1 1 1
    700    8    7   13 1 1 1
    701    8    7   14 1 1 1
    702    8    7   15 1 1 1
    703    8    8    1 1 1 1
    704    8    8    2 1 1 1
    705    8    8    3 1 1 1
    706    8    8    4 1 1 1
    707    8    8    5 1 1 1
    708    8    8    6 1 1 1
    709    8    8    7 1 1 1
    710    8    8    8 1 1 1
    711    8    8   10 1 1 1
    712    8    8   11 1 1 1
    713    8    8   12 1 1 1
    714    8    8   13 1 1 1
    715    8    8   14 1 1 1
    716    8    8   15 1 1 1
    717    8    8   16 1 1 1
    718    8   10    2 1 1 1
    719    8   10    3 1 1 1
    720    8   10    4 1 1 1
    721    8   10    5 1 1 1
    722    8   10    6 1 1 1
    723    8   10    7 1 1 1
    724    8   10    8 1 1 1
    725    8   10   10 1 1 1
    726    8   10   11 1 1 1
    727    8   10   12 1 1 1
    728    8   10   13 1 1 1
    729    8   10   14 1 1 1
    730    8   10   15 1 1 1
    731    8   11    2 1 1 1
    732    8   11    3 1 1 1
    733    8   11    4 1 1 1
    734    8   11    5 1 1 1
    735    8   11    6 1 1 1
    736    8   11    7 1 1 1
    737    8   11    8 1 1 1
    738    8   11   10 1 1 1
    739    8   11   11 1 1 1
    740    8   11   12 1 1 1
    741    8   11   13 1 1 1
    742    8   11   14 1 1 1
    743    8   11   15 1 1 1
    744    8   12    2 1 1 1
    745    8   12    3 1 1 1
    746    8   12    4 1 1 1
    747    8   12    5 1 1 1
    748    8   12    6 1 1 1
    749    8   12    7 1 1 1
    750    8   12    8 1 1 1
    751    8   12   10 1 1 1
    752    8   12   11 1 1 1
    753    8   12   12 1 1 1
    754    8   12   13 1 1 1
    755    8   12   14 1 1 1
    756    8   12   15 1 1 1
    757    8   13    3 1 1 1
    758    8   13    4 1 1 1
    759    8   13    5 1 1 1
    760    8   13    6 1 1 1
    761    8   13    7 1 1 1
    762    8   13    8 1 1 1
    763    8   13   10 1 1 1
    764    8   13   11 1 1 1
    765    8   13   12 1 1 1
    766    8   13   13 1 1 1
    767    8   13   14 1 1 1
    768    8   14    4 1 1 1
    769    8   14    5 1 1 1
    770    8   14    6 1 1 1
    771    8   14    7 1 1 1
    772    8   14    8 1 1 1
    773    8   14   10 1 1 1
    774    8   14   11 1 1 1
    775    8   14   12 1 1 1
    776    8   14   13 1 1 1
    777    8   15    5 1 1 1
    778    8   15    6 1 1 1
    779    8   15    7 1 1 1
    780    8   15    8 1 1 1
    781    8   15   10 1 1 1
    782    8   15   11 1 1 1
    783    8   15   12 1 1 1
    784    8   16    8 1 1 1
    785   10    2    5 1 1 1
    786   10    2    6 1 1 1
    787   10    2    7 1 1 1
    788   10    2    8 1 1 1
    789   10    2   10 1 1 1
    790   10    2   11 1 1 1
    791   10    2   12 1 1 1
    792   10    3    4 1 1 1
    793   10    3    5 1 1 1
    794   10    3    6 1 1 1
    795   10    3    7 1 1 1
    796   10    3    8 1 1 1
    797   10    3   10 1 1 1
    798   10    3   11 1 1 1
    799   10    3   12 1 1 1
    800   10    3   13 1 1 1
    801   10    4    3 1 1 1
    802   10    4    4 1 1 1
    803   10    4    5 1 1 1
    804   10    4    6 1 1 1
    805   10    4    7 1 1 1
    806   10    4    8 1 1 1
    807   10    4   10 1 1 1
    808   10    4   11 1 1 1
    809   10    4   12 1 1 1
    810   10    4   13 1 1 1
    811   10    4   14 1 1 1
    812   10    5    2 1 1 1
    813   10    5    3 1 1 1
    814   10    5    4 1 1 1
    815   10    5    5 1 1 1
    816   10    5    6 1 1 1
    817   10    5    7 1 1 1
    818   10    5    8 1 1 1
    819   10    5   10 1 1 1
    820   10    5   11 1 1 1
    821   10    5   12 1 1 1
    822   10    5   13 1 1 1
    823   10    5   14 1 1 1
    824   10    5   15 1 1 1
    825   10    6    2 1 1 1
    826   10    6    3 1 1 1
    827   10    6    4 1 1 1
    828   10    6    5 1 1 1
    829   10    6    6 1 1 1
    830   10    6    7 1 1 1
    831   10    6    8 1 1 1
    832   10    6   10 1 1 1
    833   10    6   11 1 1 1
    834   10    6   12 1 1 1
    835   10    6   13 1 1 1
    836   10    6   14 1 1 1
    837   10    6   15 1 1 1
    838   10    7    2 1 1 1
    839   10    7    3 1 1 1
    840   10    7    4 1 1 1
    841   10    7    5 1 1 1
    842   10    7    6 1 1 1
    843   10    7    7 1 1 1
    844   10    7    8 1 1 1
    845   10    7   10 1 1 1
    846   10    7   11 1 1 1
    847   10    7   12 1 1 1
    848   10    7   13 1 1 1
    849   10    7   14 1 1 1
    850   10    7   15 1 1 1
    851   10    8    2 1 1 1
    852   10    8    3 1 1 1
    853   10    8    4 1 1 1
    854   10    8    5 1 1 1
    855   10    8    6 1 1 1
    856   10    8    7 1 1 1
    857   10    8    8 1 1 1
    858   10    8   10 1 1 1
    859   10    8   11 1 1 1
    860   10    8   12 1 1 1
    861   10    8   13 1 1 1
    862   10    8   14 1 1 1
    863   10    8   15 1 1 1
    864   10   10    2 1 1 1
    865   10   10    3 1 1 1
    866   10   10    4 1 1 1
    867   10   10    5 1 1 1
    868   10   10    6 1 1 1
    869   10   10    7 1 1 1
    870   10   10    8 1 1 1
    871   10   10   10 1 1 1
    872   10   10   11 1 1 1
    873   10   10   12 1 1 1
    874   10   10   13 1 1 1
    875   10   10   14 1 1 1
    876   10   10   15 1 1 1
    877   10   11    2 1 1 1
    878   10   11    3 1 1 1
    879   10   11    4 1 1 1
    880   10   11    5 1 1 1
    881   10   11    6 1 1 1
    882   10   11    7 1 1 1
    883   10   11    8 1 1 1
    884   10   11   10 1 1 1
    885   10   11   11 1 1 1
    886   10   11   12 1 1 1
    887   10   11   13 1 1 1
    888   10   11   14 1 1 1
    889   10   11   15 1 1 1
    890   10   12    2 1 1 1
    891   10   12    3 1 1 1
    892   10   12    4 1 1 1
    893   10   12    5 1 1 1
    894   10   12    6 1 1 1
    895   10   12    7 1 1 1
    896   10   12    8 1 1 1
    897   10   12   10 1 1 1
    898   10   12   11 1 1 1
    899   10   12   12 1 1 1
    900   10   12   13 1 1 1
    901   10   12   14 1 1 1
    902   10   12   15 1 1 1
    903   10   13    3 1 1 1
    904   10   13    4 1 1 1
    905   10   13    5 1 1 1
    906   10   13    6 1 1 1
    907   10   13    7 1 1 1
    908   10   13    8 1 1 1
    909   10   13   10 1 1 1
    910   10   13   11 1 1 1
    911   10   13   12 1 1 1
    912   10   13   13 1 1 1
    913   10   13   14 1 1 1
    914   10   14    4 1 1 1
    915   10   14    5 1 1 1
    916   10   14    6 1 1 1
    917   10   14    7 1 1 1
    918   10   14    8 1 1 1
    919   10   14   10 1 1 1
    920   10   14   11 1 1 1
    921   10   14   12 1 1 1
    922   10   14   13 1 1 1
    923   10   15    5 1 1 1
    924   10   15    6 1 1 1
    925   10   15    7 1 1 1
    926   10   15    8 1 1 1
    927   10   15   10 1 1 1
    928   10   15   11 1 1 1
    929   10   15   12 1 1 1
    930   11    2    5 1 1 1
    931   11    2    6 1 1 1
    932   11    2    7 1 1 1
    933   11    2    8 1 1 1
    934   11    2   10 1 1 1
    935   11    2   11 1 1 1
    936   11    2   12 1 1 1
    937   11    3    4 1 1 1
    938   11    3    5 1 1 1
    939   11    3    6 1 1 1
    940   11    3    7 1 1 1
    941   11    3    8 1 1 1
    942   11    3   10 1 1 1
    943   11    3   11 1 1 1
    944   11    3   12 1 1 1
    945   11    3   13 1 1 1
    946   11    4    3 1 1 1
    947   11    4    4 1 1 1
    948   11    4    5 1 1 1
    949   11    4    6 1 1 1
    950   11    4    7 1 1 1
    951   11    4    8 1 1 1
    952   11    4   10 1 1 1
    953   11    4   11 1 1 1
    954   11    4   12 1 1 1
    955   11    4   13 1 1 1
    956   11    4   14 1 1 1
    957   11    5    2 1 1 1
    958   11    5    3 1 1 1
    959   11    5    4 1 1 1
    960   11    5    5 1 1 1
    961   11    5    6 1 1 1
    962   11    5    7 1 1 1
    963   11    5    8 1 1 1
    964   11    5   10 1 1 1
    965   11    5   11 1 1 1
    966   11    5   12 1 1 1
    967   11    5   13 1 1 1
    968   11    5   14 1 1 1
    969   11    5   15 1 1 1
    970   11    6    2 1 1 1
    971   11    6    3 1 1 1
    972   11    6    4 1 1 1
    973   11    6    5 1 1 1
    974   11    6    6 1 1 1
    975   11    6    7 1 1 1
    976   11    6    8 1 1 1
    977   11    6   10 1 1 1
    978   11    6   11 1 1 1
    979   11    6   12 1 1 1
    980   11    6   13 1 1 1
    981   11    6   14 1 1 1
    982   11    6   15 1 1 1
    983   11    7    2 1 1 1
    984   11    7    3 1 1 1
    985   11    7    4 1 1 1
    986   11    7    5 1 1 1
    987   11    7    6 1 1 1
    988   11    7    7 1 1 1
    989   11    7    8 1 1 1
    990   11    7   10 1 1 1
    991   11    7   11 1 1 1
    992   11    7   12 1 1 1
    993   11    7   13 1 1 1
    994   11    7   14 1 1 1
    995   11    7   15 1 1 1
    996   11    8    2 1 1 1
    997   11    8    3 1 1 1
    998   11    8    4 1 1 1
    999   11    8    5 1 1 1
   1000   11    8    6 1 1 1
   1001   11    8    7 1 1 1
   1002   11    8    8 1 1 1
   1003   11    8   10 1 1 1
   1004   11    8   11 1 1 1
   1005   11    8   12 1 1 1
   1006   11    8   13 1 1 1
   1007   11    8   14 1 1 1
   1008   11    8   15 1 1 1
   1009   11   10    2 1 1 1
   1010   11   10    3 1 1 1
   1011   11   10    4 1 1 1
   1012   11   10    5 1 1 1
   1013   11   10    6 1 1 1
   1014   11   10    7 1 1 1
   1015   11   10    8 1 1 1
   1016   11   10   10 1 1 1
   1017   11   10   11 1 1 1
   1018   11   10   12 1 1 1
   1019   11   10   13 1 1 1
   1020   11   10   14 1 1 1
   1021   11   10   15 1 1 1
   1022   11   11    2 1 1 1
   1023   11   11    3 1 1 1
   1024   11   11    4 1 1 1
   1025   11   11    5 1 1 1
   1026   11   11    6 1 1 1
   1027   11   11    7 1 1 1
   1028   11   11    8 1 1 1
   1029   11   11   10 1 1 1
   1030   11   11   11 1 1 1
   1031   11   11   12 1 1 1
   1032   11   11   13 1 1 1
   1033   11   11   14 1 1 1
   1034   11   11   15 1 1 1
   1035   11   12    2 1 1 1
   1036   11   12    3 1 1 1
   1037   11   12    4 1 1 1
   1038   11   12    5 1 1 1
   1039   11   12    6 1 1 1
   1040   11   12    7 1 1 1
   1041   11   12    8 1 1 1
   1042   11   12   10 1 1 1
   1043   11   12   11 1 1 1
   1044   11   12   12 1 1 1
   1045   11   12   13 1 1 1
   1046   11   12   14 1 1 1
   1047   11   12   15 1 1 1
   1048   11   13    3 1 1 1
   1049   11   13    4 1 1 1
   1050   11   13    5 1 1 1
   1051   11   13    6 1 1 1
   1052   11   13    7 1 1 1
   1053   11   13    8 1 1 1
   1054   11   13   10 1 1 1
   1055   11   13   11 1 1 1
   1056   11   13   12 1 1 1
   1057   11   13   13 1 1 1
   1058   11   13   14 1 1 1
   1059   11   14    4 1 1 1
   1060   11   14    5 1 1 1
   1061   11   14    6 1 1 1
   1062   11   14    7 1 1 1
   1063   11   14    8 1 1 1
   1064   11   14   10 1 1 1
   1065   11   14   11 1 1 1
   1066   11   14   12 1 1 1
   1067   11   14   13 1 1 1
   1068   11   15    5 1 1 1
   1069   11   15    6 1 1 1
   1070   11   15    7 1 1 1
   1071   11   15    8 1 1 1
   1072   11   15   10 1 1 1
   1073   11   15   11 1 1 1
   1074   11   15   12 1 1 1
   1075   12    2    6 1 1 1
   1076   12    2    7 1 1 1
   1077   12    2    8 1 1 1
   1078   12    2   10 1 1 1
   1079   12    2   11 1 1 1
   1080   12    3    5 1 1 1
   1081   12    3    6 1 1 1
   1082   12    3    7 1 1 1
   1083   12    3    8 1 1 1
   1084   12    3   10 1 1 1
   1085   12    3   11 1 1 1
   1086   12    3   12 1 1 1
   1087   12    4    4 1 1 1
   1088   12    4    5 1 1 1
   1089   12    4    6 1 1 1
   1090   12    4    7 1 1 1
   1091   12    4    8 1 1 1
   1092   12    4   10 1 1 1
   1093   12    4   11 1 1 1
   1094   12    4   12 1 1 1
   1095   12    4   13 1 1 1
   1096   12    5    3 1 1 1
   1097   12    5    4 1 1 1
   1098   12    5    5 1 1 1
   1099   12    5    6 1 1 1
   1100   12    5    7 1 1 1
   1101   12    5    8 1 1 1
   1102   12    5   10 1 1 1
   1103   12    5   11 1 1 1
   1104   12    5   12 1 1 1
   1105   12    5   13 1 1 1
   1106   12    5   14 1 1 1
   1107   12    6    2 1 1 1
   1108   12    6    3 1 1 1
   1109   12    6    4 1 1 1
   1110   12    6    5 1 1 1
   1111   12    6    6 1 1 1
   1112   12    6    7 1 1 1
   1113   12    6    8 1 1 1
   1114   12    6   10 1 1 1
   1115   12    6   11 1 1 1
   1116   12    6   12 1 1 1
   1117   12    6   13 1 1 1
   1118   12    6   14 1 1 1
   1119   12    6   15 1 1 1
   1120   12    7    2 1 1 1
   1121   12    7    3 1 1 1
   1122   12    7    4 1 1 1
   1123   12    7    5 1 1 1
   1124   12    7    6 1 1 1
   1125   12    7    7 1 1 1
   1126   12    7    8 1 1 1
   1127   12    7   10 1 1 1
   1128   12    7   11 1 1 1
   1129   12    7   12 1 1 1
   1130   12    7   13 1 1 1
   1131   12    7   14 1 1 1
   1132   12    7   15 1 1 1
   1133   12    8    2 1 1 1
   1134   12    8    3 1 1 1
   1135   12    8    4 1 1 1
   1136   12    8    5 1 1 1
   1137   12    8    6 1 1 1
   1138   12    8    7 1 1 1
   1139   12    8    8 1 1 1
   1140   12    8   10 1 1 1
   1141   12    8   11 1 1 1
   1142   12    8   12 1 1 1
   1143   12    8   13 1 1 1
   1144   12    8   14 1 1 1
   1145   12    8   15 1 1 1
   1146   12   10    2 1 1 1
   1147   12   10    3 1 1 1
   1148   12   10    4 1 1 1
   1149   12   10    5 1 1 1
   1150   12   10    6 1 1 1
   1151   12   10    7 1 1 1
   1152   12   10    8 1 1 1
   1153   12   10   10 1 1 1
   1154   12   10   11 1 1 1
   1155   12   10   12 1 1 1
   1156   12   10   13 1 1 1
   1157   12   10   14 1 1 1
   1158   12   10   15 1 1 1
   1159   12   11    2 1 1 1
   1160   12   11    3 1 1 1
   1161   12   11    4 1 1 1
   1162   12   11    5 1 1 1
   1163   12   11    6 1 1 1
   1164   12   11    7 1 1 1
   1165   12   11    8 1 1 1
   1166   12   11   10 1 1 1
   1167   12   11   11 1 1 1
   1168   12   11   12 1 1 1
   1169   12   11   13 1 1 1
   1170   12   11   14 1 1 1
   1171   12   11   15 1 1 1
   1172   12   12    3 1 1 1
   1173   12   12    4 1 1 1
   1174   12   12    5 1 1 1
   1175   12   12    6 1 1 1
   1176   12   12    7 1 1 1
   1177   12   12    8 1 1 1
   1178   12   12   10 1 1 1
   1179   12   12   11 1 1 1
   1180   12   12   12 1 1 1
   1181   12   12   13 1 1 1
   1182   12   12   14 1 1 1
   1183   12   13    4 1 1 1
   1184   12   13    5 1 1 1
   1185   12   13    6 1 1 1
   1186   12   13    7 1 1 1
   1187   12   13    8 1 1 1
   1188   12   13   10 1 1 1
   1189   12   13   11 1 1 1
   1190   12   13   12 1 1 1
   1191   12   13   13 1 1 1
   1192   12   14    5 1 1 1
   1193   12   14    6 1 1 1
   1194   12   14    7 1 1 1
   1195   12   14    8 1 1 1
   1196   12   14   10 1 1 1
   1197   12   14   11 1 1 1
   1198   12   14   12 1 1 1
   1199   12   15    6 1 1 1
   1200   12   15    7 1 1 1
   1201   12   15    8 1 1 1
   1202   12   15   10 1 1 1
   1203   12   15   11 1 1 1
   1204   13    3    6 1 1 1
   1205   13    3    7 1 1 1
   1206   13    3    8 1 1 1
   1207   13    3   10 1 1 1
   1208   13    3   11 1 1 1
   1209   13    4    4 1 1 1
   1210   13    4    5 1 1 1
   1211   13    4    6 1 1 1
   1212   13    4    7 1 1 1
   1213   13    4    8 1 1 1
   1214   13    4   10 1 1 1
   1215   13    4   11 1 1 1
   1216   13    4   12 1 1 1
   1217   13    4   13 1 1 1
   1218   13    5    4 1 1 1
   1219   13    5    5 1 1 1
   1220   13    5    6 1 1 1
   1221   13    5    7 1 1 1
   1222   13    5    8 1 1 1
   1223   13    5   10 1 1 1
   1224   13    5   11 1 1 1
   1225   13    5   12 1 1 1
   1226   13    5   13 1 1 1
   1227   13    6    3 1 1 1
   1228   13    6    4 1 1 1
   1229   13    6    5 1 1 1
   1230   13    6    6 1 1 1
   1231   13    6    7 1 1 1
   1232   13    6    8 1 1 1
   1233   13    6   10 1 1 1
   1234   13    6   11 1 1 1
   1235   13    6   12 1 1 1
   1236   13    6   13 1 1 1
   1237   13    6   14 1 1 1
   1238   13    7    3 1 1 1
   1239   13    7    4 1 1 1
   1240   13    7    5 1 1 1
   1241   13    7    6 1 1 1
   1242   13    7    7 1 1 1
   1243   13    7    8 1 1 1
   1244   13    7   10 1 1 1
   1245   13    7   11 1 1 1
   1246   13    7   12 1 1 1
   1247   13    7   13 1 1 1
   1248   13    7   14 1 1 1
   1249   13    8    3 1 1 1
   1250   13    8    4 1 1 1
   1251   13    8    5 1 1 1
   1252   13    8    6 1 1 1
   1253   13    8    7 1 1 1
   1254   13    8    8 1 1 1
   1255   13    8   10 1 1 1
   1256   13    8   11 1 1 1
   1257   13    8   12 1 1 1
   1258   13    8   13 1 1 1
   1259   13    8   14 1 1 1
   1260   13   10    3 1 1 1
   1261   13   10    4 1 1 1
   1262   13   10    5 1 1 1
   1263   13   10    6 1 1 1
   1264   13   10    7 1 1 1
   1265   13   10    8 1 1 1
   1266   13   10   10 1 1 1
   1267   13   10   11 1 1 1
   1268   13   10   12 1 1 1
   1269   13   10   13 1 1 1
   1270   13   10   14 1 1 1
   1271   13   11    3 1 1 1
   1272   13   11    4 1 1 1
   1273   13   11    5 1 1 1
   1274   13   11    6 1 1 1
   1275   13   11    7 1 1 1
   1276   13   11    8 1 1 1
   1277   13   11   10 1 1 1
   1278   13   11   11 1 1 1
   1279   13   11   12 1 1 1
   1280   13   11   13 1 1 1
   1281   13   11   14 1 1 1
   1282   13   12    4 1 1 1
   1283   13   12    5 1 1 1
   1284   13   12    6 1 1 1
   1285   13   12    7 1 1 1
   1286   13   12    8 1 1 1
   1287   13   12   10 1 1 1
   1288   13   12   11 1 1 1
   1289   13   12   12 1 1 1
   1290   13   12   13 1 1 1
   1291   13   13    4 1 1 1
   1292   13   13    5 1 1 1
   1293   13   13    6 1 1 1
   1294   13   13    7 1 1 1
   1295   13   13    8 1 1 1
   1296   13   13   10 1 1 1
   1297   13   13   11 1 1 1
   1298   13   13   12 1 1 1
   1299   13   13   13 1 1 1
   1300   13   14    6 1 1 1
   1301   13   14    7 1 1 1
   1302   13   14    8 1 1 1
   1303   13   14   10 1 1 1
   1304   13   14   11 1 1 1
   1305   14    4    6 1 1 1
   1306   14    4    7 1 1 1
   1307   14    4    8 1 1 1
   1308   14    4   10 1 1 1
   1309   14    4   11 1 1 1
   1310   14    5    5 1 1 1
   1311   14    5    6 1 1 1
   1312   14    5    7 1 1 1
   1313   14    5    8 1 1 1
   1314   14    5   10 1 1 1
   1315   14    5   11 1 1 1
   1316   14    5   12 1 1 1
   1317   14    6    4 1 1 1
   1318   14    6    5 1 1 1
   1319   14    6    6 1 1 1
   1320   14    6    7 1 1 1
   1321   14    6    8 1 1 1
   1322   14    6   10 1 1 1
   1323   14    6   11 1 1 1
   1324   14    6   12 1 1 1
   1325   14    6   13 1 1 1
   1326   14    7    4 1 1 1
   1327   14    7    5 1 1 1
   1328   14    7    6 1 1 1
   1329   14    7    7 1 1 1
   1330   14    7    8 1 1 1
   1331   14    7   10 1 1 1
   1332   14    7   11 1 1 1
   1333   14    7   12 1 1 1
   1334   14    7   13 1 1 1
   1335   14    8    4 1 1 1
   1336   14    8    5 1 1 1
   1337   14    8    6 1 1 1
   1338   14    8    7 1 1 1
   1339   14    8    8 1 1 1
   1340   14    8   10 1 1 1
   1341   14    8   11 1 1 1
   1342   14    8   12 1 1 1
   1343   14    8   13 1 1 1
   1344   14   10    4 1 1 1
   1345   14   10    5 1 1 1
   1346   14   10    6 1 1 1
   1347   14   10    7 1 1 1
   1348   14   10    8 1 1 1
   1349   14   10   10 1 1 1
   1350   14   10   11 1 1 1
   1351   14   10   12 1 1 1
   1352   14   10   13 1 1 1
   1353   14   11    4 1 1 1
   1354   14   11    5 1 1 1
   1355   14   11    6 1 1 1
   1356   14   11    7 1 1 1
   1357   14   11    8 1 1 1
   1358   14   11   10 1 1 1
   1359   14   11   11 1 1 1
   1360   14   11   12 1 1 1
   1361   14   11   13 1 1 1
   1362   14   12    5 1 1 1
   1363   14   12    6 1 1 1
   1364   14   12    7 1 1 1
   1365   14   12    8 1 1 1
   1366   14   12   10 1 1 1
   1367   14   12   11 1 1 1
   1368   14   12   12 1 1 1
   1369   14   13    6 1 1 1
   1370   14   13    7 1 1 1
   1371   14   13    8 1 1 1
   1372   14   13   10 1 1 1
   1373   14   13   11 1 1 1
   1374   15    5    6 1 1 1
   1375   15    5    7 1 1 1
   1376   15    5    8 1 1 1
   1377   15    5   10 1 1 1
   1378   15    5   11 1 1 1
   1379   15    6    5 1 1 1
   1380   15    6    6 1 1 1
   1381   15    6    7 1 1 1
   1382   15    6    8 1 1 1
   1383   15    6   10 1 1 1
   1384   15    6   11 1 1 1
   1385   15    6   12 1 1 1
   1386   15    7    5 1 1 1
   1387   15    7    6 1 1 1
   1388   15    7    7 1 1 1
   1389   15    7    8 1 1 1
   1390   15    7   10 1 1 1
   1391   15    7   11 1 1 1
   1392   15    7   12 1 1 1
   1393   15    8    5 1 1 1
   1394   15    8    6 1 1 1
   1395   15    8    7 1 1 1
   1396   15    8    8 1 1 1
   1397   15    8   10 1 1 1
   1398   15    8   11 1 1 1
   1399   15    8   12 1 1 1
   1400   15   10    5 1 1 1
   1401   15   10    6 1 1 1
   1402   15   10    7 1 1 1
   1403   15   10    8 1 1 1
   1404   15   10   10 1 1 1
   1405   15   10   11 1 1 1
   1406   15   10   12 1 1 1
   1407   15   11    5 1 1 1
   1408   15   11    6 1 1 1
   1409   15   11    7 1 1 1
   1410   15   11    8 1 1 1
   1411   15   11   10 1 1 1
   1412   15   11   11 1 1 1
   1413   15   11   12 1 1 1
   1414   15   12    6 1 1 1
   1415   15   12    7 1 1 1
   1416   15   12    8 1 1 1
   1417   15   12   10 1 1 1
   1418   15   12   11 1 1 1
   1419   16    8    8 1 1 1
