 >REASHP: option FROM_FILE
      1320 = NAT
  1.000000  0.000000  0.000000 = A_1 vector
  0.000000  1.000000  0.000000 = A_2 vector
  1.000000  1.000000  1.000000 = lattice spacings (d_x,d_y,d_z)/d
  -0.04870  -0.05295  -0.05555 = lattice offset x0(1-3) = (x_TF,y_TF,z_TF)/d for dipole 0 0 0
     JA  IX  IY  IZ ICOMP(x,y,z)
      1    1    1    1 1 1 1
      2    1    1    2 1 1 1
      3    1    1    3 1 1 1
      4    1    1    4 1 1 1
      5    1    1    5 1 1 1
      6    1    1    6 1 1 1
      7    1    1    7 1 1 1
      8    1    1    8 1 1 1
      9    1    1    9 1 1 1
     10    1    1   10 1 1 1
     11    1    1   11 1 1 1
     12    1    1   12 1 1 1
     13    1    2    1 1 1 1
     14    1    2    2 1 1 1
     15    1    2    3 1 1 1
     16    1    2    4 1 1 1
     17    1    2    5 1 1 1
     18    1    2    6 1 1 1
     19    1    2    7 1 1 1
     20    1    2    8 1 1 1
     21    1    2    9 1 1 1
     22    1    2   10 1 1 1
     23    1    2   11 1 1 1
     24    1    2   12 1 1 1
     25    1    3    1 1 1 1
     26    1    3    2 1 1 1
     27    1    3    3 1 1 1
     28    1    3    4 1 1 1
     29    1    3    5 1 1 1
     30    1    3    6 1 1 1
     31    1    3    7 1 1 1
     32    1    3    8 1 1 1
     33    1    3    9 1 1 1
     34    1    3   10 1 1 1
     35    1    3   11 1 1 1
     36    1    3   12 1 1 1
     37    1    4    1 1 1 1
     38    1    4    2 1 1 1
     39    1    4    3 1 1 1
     40    1    4    4 1 1 1
     41    1    4    5 1 1 1
     42    1    4    6 1 1 1
     43    1    4    7 1 1 1
     44    1    4    8 1 1 1
     45    1    4    9 1 1 1
     46    1    4   10 1 1 1
     47    1    4   11 1 1 1
     48    1    4   12 1 1 1
     49    1    5    1 1 1 1
     50    1    5    2 1 1 1
     51    1    5    3 1 1 1
     52    1    5    4 1 1 1
     53    1    5    5 1 1 1
     54    1    5    6 1 1 1
     55    1    5    7 1 1 1
     56    1    5    8 1 1 1
     57    1    5    9 1 1 1
     58    1    5   10 1 1 1
     59    1    5   11 1 1 1
     60    1    5   12 1 1 1
     61    1    6    1 1 1 1
     62    1    6    2 1 1 1
     63    1    6    3 1 1 1
     64    1    6    4 1 1 1
     65    1    6    5 1 1 1
     66    1    6    6 1 1 1
     67    1    6    7 1 1 1
     68    1    6    8 1 1 1
     69    1    6    9 1 1 1
     70    1    6   10 1 1 1
     71    1    6   11 1 1 1
     72    1    6   12 1 1 1
     73    1    7    1 1 1 1
     74    1    7    2 1 1 1
     75    1    7    3 1 1 1
     76    1    7    4 1 1 1
     77    1    7    5 1 1 1
     78    1    7    6 1 1 1
     79    1    7    7 1 1 1
     80    1    7    8 1 1 1
     81    1    7    9 1 1 1
     82    1    7   10 1 1 1
     83    1    7   11 1 1 1
     84    1    7   12 1 1 1
     85    1    8    1 1 1 1
     86    1    8    2 1 1 1
     87    1    8    3 1 1 1
     88    1    8    4 1 1 1
     89    1    8    5 1 1 1
     90    1    8    6 1 1 1
     91    1    8    7 1 1 1
     92    1    8    8 1 1 1
     93    1    8    9 1 1 1
     94    1    8   10 1 1 1
     95    1    8   11 1 1 1
     96    1    8   12 1 1 1
     97    1    9    1 1 1 1
     98    1    9    2 1 1 1
     99    1    9    3 1 1 1
    100    1    9    4 1 1 1
    101    1    9    5 1 1 1
    102    1    9    6 1 1 1
    103    1    9    7 1 1 1
    104    1    9    8 1 1 1
    105    1    9    9 1 1 1
    106    1    9   10 1 1 1
    107    1    9   11 1 1 1
    108    1    9   12 1 1 1
    109    1   10    1 1 1 1
    110    1   10    2 1 1 1
    111    1   10    3 1 1 1
    112    1   10    4 1 1 1
    113    1   10    5 1 1 1
    114    1   10    6 1 1 1
    115    1   10    7 1 1 1
    116    1   10    8 1 1 1
    117    1   10    9 1 1 1
    118    1   10   10 1 1 1
    119    1   10   11 1 1 1
    120    1   10   12 1 1 1
    121    1   11    1 1 1 1
    122    1   11    2 1 1 1
    123    1   11    3 1 1 1
    124    1   11    4 1 1 1
    125    1   11    5 1 1 1
    126    1   11    6 1 1 1
    127    1   11    7 1 1 1
    128    1   11    8 1 1 1
    129    1   11    9 1 1 1
    130    1   11   10 1 1 1
    131    1   11   11 1 1 1
    132    1   11   12 1 1 1
    133    2    1    1 1 1 1
    134    2    1    2 1 1 1
    135    2    1    3 1 1 1
    136    2    1    4 1 1 1
    137    2    1    5 1 1 1
    138    2    1    6 1 1 1
    139    2    1    7 1 1 1
    140    2    1    8 1 1 1
    141    2    1    9 1 1 1
    142    2    1   10 1 1 1
    143    2    1   11 1 1 1
    144    2    1   12 1 1 1
    145    2    2    1 1 1 1
    146    2    2    2 1 1 1
    147    2    2    3 1 1 1
    148    2    2    4 1 1 1
    149    2    2    5 1 1 1
    150    2    2    6 1 1 1
    151    2    2    7 1 1 1
    152    2    2    8 1 1 1
    153    2    2    9 1 1 1
    154    2    2   10 1 1 1
    155    2    2   11 1 1 1
    156    2    2   12 1 1 1
    157    2    3    1 1 1 1
    158    2    3    2 1 1 1
    159    2    3    3 1 1 1
    160    2    3    4 1 1 1
    161    2    3    5 1 1 1
    162    2    3    6 1 1 1
    163    2    3    7 1 1 1
    164    2    3    8 1 1 1
    165    2    3    9 1 1 1
    166    2    3   10 1 1 1
    167    2    3   11 1 1 1
    168    2    3   12 1 1 1
    169    2    4    1 1 1 1
    170    2    4    2 1 1 1
    171    2    4    3 1 1 1
    172    2    4    4 1 1 1
    173    2    4    5 1 1 1
    174    2    4    6 1 1 1
    175    2    4    7 1 1 1
    176    2    4    8 1 1 1
    177    2    4    9 1 1 1
    178    2    4   10 1 1 1
    179    2    4   11 1 1 1
    180    2    4   12 1 1 1
    181    2    5    1 1 1 1
    182    2    5    2 1 1 1
    183    2    5    3 1 1 1
    184    2    5    4 1 1 1
    185    2    5    5 1 1 1
    186    2    5    6 1 1 1
    187    2    5    7 1 1 1
    188    2    5    8 1 1 1
    189    2    5    9 1 1 1
    190    2    5   10 1 1 1
    191    2    5   11 1 1 1
    192    2    5   12 1 1 1
    193    2    6    1 1 1 1
    194    2    6    2 1 1 1
    195    2    6    3 1 1 1
    196    2    6    4 1 1 1
    197    2    6    5 1 1 1
    198    2    6    6 1 1 1
    199    2    6    7 1 1 1
    200    2    6    8 1 1 1
    201    2    6    9 1 1 1
    202    2    6   10 1 1 1
    203    2    6   11 1 1 1
    204    2    6   12 1 1 1
    205    2    7    1 1 1 1
    206    2    7    2 1 1 1
    207    2    7    3 1 1 1
    208    2    7    4 1 1 1
    209    2    7    5 1 1 1
    210    2    7    6 1 1 1
    211    2    7    7 1 1 1
    212    2    7    8 1 1 1
    213    2    7    9 1 1 1
    214    2    7   10 1 1 1
    215    2    7   11 1 1 1
    216    2    7   12 1 1 1
    217    2    8    1 1 1 1
    218    2    8    2 1 1 1
    219    2    8    3 1 1 1
    220    2    8    4 1 1 1
    221    2    8    5 1 1 1
    222    2    8    6 1 1 1
    223    2    8    7 1 1 1
    224    2    8    8 1 1 1
    225    2    8    9 1 1 1
    226    2    8   10 1 1 1
    227    2    8   11 1 1 1
    228    2    8   12 1 1 1
    229    2    9    1 1 1 1
    230    2    9    2 1 1 1
    231    2    9    3 1 1 1
    232    2    9    4 1 1 1
    233    2    9    5 1 1 1
    234    2    9    6 1 1 1
    235    2    9    7 1 1 1
    236    2    9    8 1 1 1
    237    2    9    9 1 1 1
    238    2    9   10 1 1 1
    239    2    9   11 1 1 1
    240    2    9   12 1 1 1
    241    2   10    1 1 1 1
    242    2   10    2 1 1 1
    243    2   10    3 1 1 1
    244    2   10    4 1 1 1
    245    2   10    5 1 1 1
    246    2   10    6 1 1 1
    247    2   10    7 1 1 1
    248    2   10    8 1 1 1
    249    2   10    9 1 1 1
    250    2   10   10 1 1 1
    251    2   10   11 1 1 1
    252    2   10   12 1 1 1
    253    2   11    1 1 1 1
    254    2   11    2 1 1 1
    255    2   11    3 1 1 1
    256    2   11    4 1 1 1
    257    2   11    5 1 1 1
    258    2   11    6 1 1 1
    259    2   11    7 1 1 1
    260    2   11    8 1 1 1
    261    2   11    9 1 1 1
    262    2   11   10 1 1 1
    263    2   11   11 1 1 1
    264    2   11   12 1 1 1
    265    3    1    1 1 1 1
    266    3    1    2 1 1 1
    267    3    1    3 1 1 1
    268    3    1    4 1 1 1
    269    3    1    5 1 1 1
    270    3    1    6 1 1 1
    271    3    1    7 1 1 1
    272    3    1    8 1 1 1
    273    3    1    9 1 1 1
    274    3    1   10 1 1 1
    275    3    1   11 1 1 1
    276    3    1   12 1 1 1
    277    3    2    1 1 1 1
    278    3    2    2 1 1 1
    279    3    2    3 1 1 1
    280    3    2    4 1 1 1
    281    3    2    5 1 1 1
    282    3    2    6 1 1 1
    283    3    2    7 1 1 1
    284    3    2    8 1 1 1
    285    3    2    9 1 1 1
    286    3    2   10 1 1 1
    287    3    2   11 1 1 1
    288    3    2   12 1 1 1
    289    3    3    1 1 1 1
    290    3    3    2 1 1 1
    291    3    3    3 1 1 1
    292    3    3    4 1 1 1
    293    3    3    5 1 1 1
    294    3    3    6 1 1 1
    295    3    3    7 1 1 1
    296    3    3    8 1 1 1
    297    3    3    9 1 1 1
    298    3    3   10 1 1 1
    299    3    3   11 1 1 1
    300    3    3   12 1 1 1
    301    3    4    1 1 1 1
    302    3    4    2 1 1 1
    303    3    4    3 1 1 1
    304    3    4    4 1 1 1
    305    3    4    5 1 1 1
    306    3    4    6 1 1 1
    307    3    4    7 1 1 1
    308    3    4    8 1 1 1
    309    3    4    9 1 1 1
    310    3    4   10 1 1 1
    311    3    4   11 1 1 1
    312    3    4   12 1 1 1
    313    3    5    1 1 1 1
    314    3    5    2 1 1 1
    315    3    5    3 1 1 1
    316    3    5    4 1 1 1
    317    3    5    5 1 1 1
    318    3    5    6 1 1 1
    319    3    5    7 1 1 1
    320    3    5    8 1 1 1
    321    3    5    9 1 1 1
    322    3    5   10 1 1 1
    323    3    5   11 1 1 1
    324    3    5   12 1 1 1
    325    3    6    1 1 1 1
    326    3    6    2 1 1 1
    327    3    6    3 1 1 1
    328    3    6    4 1 1 1
    329    3    6    5 1 1 1
    330    3    6    6 1 1 1
    331    3    6    7 1 1 1
    332    3    6    8 1 1 1
    333    3    6    9 1 1 1
    334    3    6   10 1 1 1
    335    3    6   11 1 1 1
    336    3    6   12 1 1 1
    337    3    7    1 1 1 1
    338    3    7    2 1 1 1
    339    3    7    3 1 1 1
    340    3    7    4 1 1 1
    341    3    7    5 1 1 1
    342    3    7    6 1 1 1
    343    3    7    7 1 1 1
    344    3    7    8 1 1 1
    345    3    7    9 1 1 1
    346    3    7   10 1 1 1
    347    3    7   11 1 1 1
    348    3    7   12 1 1 1
    349    3    8    1 1 1 1
    350    3    8    2 1 1 1
    351    3    8    3 1 1 1
    352    3    8    4 1 1 1
    353    3    8    5 1 1 1
    354    3    8    6 1 1 1
    355    3    8    7 1 1 1
    356    3    8    8 1 1 1
    357    3    8    9 1 1 1
    358    3    8   10 1 1 1
    359    3    8   11 1 1 1
    360    3    8   12 1 1 1
    361    3    9    1 1 1 1
    362    3    9    2 1 1 1
    363    3    9    3 1 1 1
    364    3    9    4 1 1 1
    365    3    9    5 1 1 1
    366    3    9    6 1 1 1
    367    3    9    7 1 1 1
    368    3    9    8 1 1 1
    369    3    9    9 1 1 1
    370    3    9   10 1 1 1
    371    3    9   11 1 1 1
    372    3    9   12 1 1 1
    373    3   10    1 1 1 1
    374    3   10    2 1 1 1
    375    3   10    3 1 1 1
    376    3   10    4 1 1 1
    377    3   10    5 1 1 1
    378    3   10    6 1 1 1
    379    3   10    7 1 1 1
    380    3   10    8 1 1 1
    381    3   10    9 1 1 1
    382    3   10   10 1 1 1
    383    3   10   11 1 1 1
    384    3   10   12 1 1 1
    385    3   11    1 1 1 1
    386    3   11    2 1 1 1
    387    3   11    3 1 1 1
    388    3   11    4 1 1 1
    389    3   11    5 1 1 1
    390    3   11    6 1 1 1
    391    3   11    7 1 1 1
    392    3   11    8 1 1 1
    393    3   11    9 1 1 1
    394    3   11   10 1 1 1
    395    3   11   11 1 1 1
    396    3   11   12 1 1 1
    397    4    1    1 1 1 1
    398    4    1    2 1 1 1
    399    4    1    3 1 1 1
    400    4    1    4 1 1 1
    401    4    1    5 1 1 1
    402    4    1    6 1 1 1
    403    4    1    7 1 1 1
    404    4    1    8 1 1 1
    405    4    1    9 1 1 1
    406    4    1   10 1 1 1
    407    4    1   11 1 1 1
    408    4    1   12 1 1 1
    409    4    2    1 1 1 1
    410    4    2    2 1 1 1
    411    4    2    3 1 1 1
    412    4    2    4 1 1 1
    413    4    2    5 1 1 1
    414    4    2    6 1 1 1
    415    4    2    7 1 1 1
    416    4    2    8 1 1 1
    417    4    2    9 1 1 1
    418    4    2   10 1 1 1
    419    4    2   11 1 1 1
    420    4    2   12 1 1 1
    421    4    3    1 1 1 1
    422    4    3    2 1 1 1
    423    4    3    3 1 1 1
    424    4    3    4 1 1 1
    425    4    3    5 1 1 1
    426    4    3    6 1 1 1
    427    4    3    7 1 1 1
    428    4    3    8 1 1 1
    429    4    3    9 1 1 1
    430    4    3   10 1 1 1
    431    4    3   11 1 1 1
    432    4    3   12 1 1 1
    433    4    4    1 1 1 1
    434    4    4    2 1 1 1
    435    4    4    3 1 1 1
    436    4    4    4 1 1 1
    437    4    4    5 1 1 1
    438    4    4    6 1 1 1
    439    4    4    7 1 1 1
    440    4    4    8 1 1 1
    441    4    4    9 1 1 1
    442    4    4   10 1 1 1
    443    4    4   11 1 1 1
    444    4    4   12 1 1 1
    445    4    5    1 1 1 1
    446    4    5    2 1 1 1
    447    4    5    3 1 1 1
    448    4    5    4 1 1 1
    449    4    5    5 1 1 1
    450    4    5    6 1 1 1
    451    4    5    7 1 1 1
    452    4    5    8 1 1 1
    453    4    5    9 1 1 1
    454    4    5   10 1 1 1
    455    4    5   11 1 1 1
    456    4    5   12 1 1 1
    457    4    6    1 1 1 1
    458    4    6    2 1 1 1
    459    4    6    3 1 1 1
    460    4    6    4 1 1 1
    461    4    6    5 1 1 1
    462    4    6    6 1 1 1
    463    4    6    7 1 1 1
    464    4    6    8 1 1 1
    465    4    6    9 1 1 1
    466    4    6   10 1 1 1
    467    4    6   11 1 1 1
    468    4    6   12 1 1 1
    469    4    7    1 1 1 1
    470    4    7    2 1 1 1
    471    4    7    3 1 1 1
    472    4    7    4 1 1 1
    473    4    7    5 1 1 1
    474    4    7    6 1 1 1
    475    4    7    7 1 1 1
    476    4    7    8 1 1 1
    477    4    7    9 1 1 1
    478    4    7   10 1 1 1
    479    4    7   11 1 1 1
    480    4    7   12 1 1 1
    481    4    8    1 1 1 1
    482    4    8    2 1 1 1
    483    4    8    3 1 1 1
    484    4    8    4 1 1 1
    485    4    8    5 1 1 1
    486    4    8    6 1 1 1
    487    4    8    7 1 1 1
    488    4    8    8 1 1 1
    489    4    8    9 1 1 1
    490    4    8   10 1 1 1
    491    4    8   11 1 1 1
    492    4    8   12 1 1 1
    493    4    9    1 1 1 1
    494    4    9    2 1 1 1
    495    4    9    3 1 1 1
    496    4    9    4 1 1 1
    497    4    9    5 1 1 1
    498    4    9    6 1 1 1
    499    4    9    7 1 1 1
    500    4    9    8 1 1 1
    501    4    9    9 1 1 1
    502    4    9   10 1 1 1
    503    4    9   11 1 1 1
    504    4    9   12 1 1 1
    505    4   10    1 1 1 1
    506    4   10    2 1 1 1
    507    4   10    3 1 1 1
    508    4   10    4 1 1 1
    509    4   10    5 1 1 1
    510    4   10    6 1 1 1
    511    4   10    7 1 1 1
    512    4   10    8 1 1 1
    513    4   10    9 1 1 1
    514    4   10   10 1 1 1
    515    4   10   11 1 1 1
    516    4   10   12 1 1 1
    517    4   11    1 1 1 1
    518    4   11    2 1 1 1
    519    4   11    3 1 1 1
    520    4   11    4 1 1 1
    521    4   11    5 1 1 1
    522    4   11    6 1 1 1
    523    4   11    7 1 1 1
    524    4   11    8 1 1 1
    525    4   11    9 1 1 1
    526    4   11   10 1 1 1
    527    4   11   11 1 1 1
    528    4   11   12 1 1 1
    529    5    1    1 1 1 1
    530    5    1    2 1 1 1
    531    5    1    3 1 1 1
    532    5    1    4 1 1 1
    533    5    1    5 1 1 1
    534    5    1    6 1 1 1
    535    5    1    7 1 1 1
    536    5    1    8 1 1 1
    537    5    1    9 1 1 1
    538    5    1   10 1 1 1
    539    5    1   11 1 1 1
    540    5    1   12 1 1 1
    541    5    2    1 1 1 1
    542    5    2    2 1 1 1
    543    5    2    3 1 1 1
    544    5    2    4 1 1 1
    545    5    2    5 1 1 1
    546    5    2    6 1 1 1
    547    5    2    7 1 1 1
    548    5    2    8 1 1 1
    549    5    2    9 1 1 1
    550    5    2   10 1 1 1
    551    5    2   11 1 1 1
    552    5    2   12 1 1 1
    553    5    3    1 1 1 1
    554    5    3    2 1 1 1
    555    5    3    3 1 1 1
    556    5    3    4 1 1 1
    557    5    3    5 1 1 1
    558    5    3    6 1 1 1
    559    5    3    7 1 1 1
    560    5    3    8 1 1 1
    561    5    3    9 1 1 1
    562    5    3   10 1 1 1
    563    5    3   11 1 1 1
    564    5    3   12 1 1 1
    565    5    4    1 1 1 1
    566    5    4    2 1 1 1
    567    5    4    3 1 1 1
    568    5    4    4 1 1 1
    569    5    4    5 1 1 1
    570    5    4    6 1 1 1
    571    5    4    7 1 1 1
    572    5    4    8 1 1 1
    573    5    4    9 1 1 1
    574    5    4   10 1 1 1
    575    5    4   11 1 1 1
    576    5    4   12 1 1 1
    577    5    5    1 1 1 1
    578    5    5    2 1 1 1
    579    5    5    3 1 1 1
    580    5    5    4 1 1 1
    581    5    5    5 1 1 1
    582    5    5    6 1 1 1
    583    5    5    7 1 1 1
    584    5    5    8 1 1 1
    585    5    5    9 1 1 1
    586    5    5   10 1 1 1
    587    5    5   11 1 1 1
    588    5    5   12 1 1 1
    589    5    6    1 1 1 1
    590    5    6    2 1 1 1
    591    5    6    3 1 1 1
    592    5    6    4 1 1 1
    593    5    6    5 1 1 1
    594    5    6    6 1 1 1
    595    5    6    7 1 1 1
    596    5    6    8 1 1 1
    597    5    6    9 1 1 1
    598    5    6   10 1 1 1
    599    5    6   11 1 1 1
    600    5    6   12 1 1 1
    601    5    7    1 1 1 1
    602    5    7    2 1 1 1
    603    5    7    3 1 1 1
    604    5    7    4 1 1 1
    605    5    7    5 1 1 1
    606    5    7    6 1 1 1
    607    5    7    7 1 1 1
    608    5    7    8 1 1 1
    609    5    7    9 1 1 1
    610    5    7   10 1 1 1
    611    5    7   11 1 1 1
    612    5    7   12 1 1 1
    613    5    8    1 1 1 1
    614    5    8    2 1 1 1
    615    5    8    3 1 1 1
    616    5    8    4 1 1 1
    617    5    8    5 1 1 1
    618    5    8    6 1 1 1
    619    5    8    7 1 1 1
    620    5    8    8 1 1 1
    621    5    8    9 1 1 1
    622    5    8   10 1 1 1
    623    5    8   11 1 1 1
    624    5    8   12 1 1 1
    625    5    9    1 1 1 1
    626    5    9    2 1 1 1
    627    5    9    3 1 1 1
    628    5    9    4 1 1 1
    629    5    9    5 1 1 1
    630    5    9    6 1 1 1
    631    5    9    7 1 1 1
    632    5    9    8 1 1 1
    633    5    9    9 1 1 1
    634    5    9   10 1 1 1
    635    5    9   11 1 1 1
    636    5    9   12 1 1 1
    637    5   10    1 1 1 1
    638    5   10    2 1 1 1
    639    5   10    3 1 1 1
    640    5   10    4 1 1 1
    641    5   10    5 1 1 1
    642    5   10    6 1 1 1
    643    5   10    7 1 1 1
    644    5   10    8 1 1 1
    645    5   10    9 1 1 1
    646    5   10   10 1 1 1
    647    5   10   11 1 1 1
    648    5   10   12 1 1 1
    649    5   11    1 1 1 1
    650    5   11    2 1 1 1
    651    5   11    3 1 1 1
    652    5   11    4 1 1 1
    653    5   11    5 1 1 1
    654    5   11    6 1 1 1
    655    5   11    7 1 1 1
    656    5   11    8 1 1 1
    657    5   11    9 1 1 1
    658    5   11   10 1 1 1
    659    5   11   11 1 1 1
    660    5   11   12 1 1 1
    661    6    1    1 1 1 1
    662    6    1    2 1 1 1
    663    6    1    3 1 1 1
    664    6    1    4 1 1 1
    665    6    1    5 1 1 1
    666    6    1    6 1 1 1
    667    6    1    7 1 1 1
    668    6    1    8 1 1 1
    669    6    1    9 1 1 1
    670    6    1   10 1 1 1
    671    6    1   11 1 1 1
    672    6    1   12 1 1 1
    673    6    2    1 1 1 1
    674    6    2    2 1 1 1
    675    6    2    3 1 1 1
    676    6    2    4 1 1 1
    677    6    2    5 1 1 1
    678    6    2    6 1 1 1
    679    6    2    7 1 1 1
    680    6    2    8 1 1 1
    681    6    2    9 1 1 1
    682    6    2   10 1 1 1
    683    6    2   11 1 1 1
    684    6    2   12 1 1 1
    685    6    3    1 1 1 1
    686    6    3    2 1 1 1
    687    6    3    3 1 1 1
    688    6    3    4 1 1 1
    689    6    3    5 1 1 1
    690    6    3    6 1 1 1
    691    6    3    7 1 1 1
    692    6    3    8 1 1 1
    693    6    3    9 1 1 1
    694    6    3   10 1 1 1
    695    6    3   11 1 1 1
    696    6    3   12 1 1 1
    697    6    4    1 1 1 1
    698    6    4    2 1 1 1
    699    6    4    3 1 1 1
    700    6    4    4 1 1 1
    701    6    4    5 1 1 1
    702    6    4    6 1 1 1
    703    6    4    7 1 1 1
    704    6    4    8 1 1 1
    705    6    4    9 1 1 1
    706    6    4   10 1 1 1
    707    6    4   11 1 1 1
    708    6    4   12 1 1 1
    709    6    5    1 1 1 1
    710    6    5    2 1 1 1
    711    6    5    3 1 1 1
    712    6    5    4 1 1 1
    713    6    5    5 1 1 1
    714    6    5    6 1 1 1
    715    6    5    7 1 1 1
    716    6    5    8 1 1 1
    717    6    5    9 1 1 1
    718    6    5   10 1 1 1
    719    6    5   11 1 1 1
    720    6    5   12 1 1 1
    721    6    6    1 1 1 1
    722    6    6    2 1 1 1
    723    6    6    3 1 1 1
    724    6    6    4 1 1 1
    725    6    6    5 1 1 1
    726    6    6    6 1 1 1
    727    6    6    7 1 1 1
    728    6    6    8 1 1 1
    729    6    6    9 1 1 1
    730    6    6   10 1 1 1
    731    6    6   11 1 1 1
    732    6    6   12 1 1 1
    733    6    7    1 1 1 1
    734    6    7    2 1 1 1
    735    6    7    3 1 1 1
    736    6    7    4 1 1 1
    737    6    7    5 1 1 1
    738    6    7    6 1 1 1
    739    6    7    7 1 1 1
    740    6    7    8 1 1 1
    741    6    7    9 1 1 1
    742    6    7   10 1 1 1
    743    6    7   11 1 1 1
    744    6    7   12 1 1 1
    745    6    8    1 1 1 1
    746    6    8    2 1 1 1
    747    6    8    3 1 1 1
    748    6    8    4 1 1 1
    749    6    8    5 1 1 1
    750    6    8    6 1 1 1
    751    6    8    7 1 1 1
    752    6    8    8 1 1 1
    753    6    8    9 1 1 1
    754    6    8   10 1 1 1
    755    6    8   11 1 1 1
    756    6    8   12 1 1 1
    757    6    9    1 1 1 1
    758    6    9    2 1 1 1
    759    6    9    3 1 1 1
    760    6    9    4 1 1 1
    761    6    9    5 1 1 1
    762    6    9    6 1 1 1
    763    6    9    7 1 1 1
    764    6    9    8 1 1 1
    765    6    9    9 1 1 1
    766    6    9   10 1 1 1
    767    6    9   11 1 1 1
    768    6    9   12 1 1 1
    769    6   10    1 1 1 1
    770    6   10    2 1 1 1
    771    6   10    3 1 1 1
    772    6   10    4 1 1 1
    773    6   10    5 1 1 1
    774    6   10    6 1 1 1
    775    6   10    7 1 1 1
    776    6   10    8 1 1 1
    777    6   10    9 1 1 1
    778    6   10   10 1 1 1
    779    6   10   11 1 1 1
    780    6   10   12 1 1 1
    781    6   11    1 1 1 1
    782    6   11    2 1 1 1
    783    6   11    3 1 1 1
    784    6   11    4 1 1 1
    785    6   11    5 1 1 1
    786    6   11    6 1 1 1
    787    6   11    7 1 1 1
    788    6   11    8 1 1 1
    789    6   11    9 1 1 1
    790    6   11   10 1 1 1
    791    6   11   11 1 1 1
    792    6   11   12 1 1 1
    793    7    1    1 1 1 1
    794    7    1    2 1 1 1
    795    7    1    3 1 1 1
    796    7    1    4 1 1 1
    797    7    1    5 1 1 1
    798    7    1    6 1 1 1
    799    7    1    7 1 1 1
    800    7    1    8 1 1 1
    801    7    1    9 1 1 1
    802    7    1   10 1 1 1
    803    7    1   11 1 1 1
    804    7    1   12 1 1 1
    805    7    2    1 1 1 1
    806    7    2    2 1 1 1
    807    7    2    3 1 1 1
    808    7    2    4 1 1 1
    809    7    2    5 1 1 1
    810    7    2    6 1 1 1
    811    7    2    7 1 1 1
    812    7    2    8 1 1 1
    813    7    2    9 1 1 1
    814    7    2   10 1 1 1
    815    7    2   11 1 1 1
    816    7    2   12 1 1 1
    817    7    3    1 1 1 1
    818    7    3    2 1 1 1
    819    7    3    3 1 1 1
    820    7    3    4 1 1 1
    821    7    3    5 1 1 1
    822    7    3    6 1 1 1
    823    7    3    7 1 1 1
    824    7    3    8 1 1 1
    825    7    3    9 1 1 1
    826    7    3   10 1 1 1
    827    7    3   11 1 1 1
    828    7    3   12 1 1 1
    829    7    4    1 1 1 1
    830    7    4    2 1 1 1
    831    7    4    3 1 1 1
    832    7    4    4 1 1 1
    833    7    4    5 1 1 1
    834    7    4    6 1 1 1
    835    7    4    7 1 1 1
    836    7    4    8 1 1 1
    837    7    4    9 1 1 1
    838    7    4   10 1 1 1
    839    7    4   11 1 1 1
    840    7    4   12 1 1 1
    841    7    5    1 1 1 1
    842    7    5    2 1 1 1
    843    7    5    3 1 1 1
    844    7    5    4 1 1 1
    845    7    5    5 1 1 1
    846    7    5    6 1 1 1
    847    7    5    7 1 1 1
    848    7    5    8 1 1 1
    849    7    5    9 1 1 1
    850    7    5   10 1 1 1
    851    7    5   11 1 1 1
    852    7    5   12 1 1 1
    853    7    6    1 1 1 1
    854    7    6    2 1 1 1
    855    7    6    3 1 1 1
    856    7    6    4 1 1 1
    857    7    6    5 1 1 1
    858    7    6    6 1 1 1
    859    7    6    7 1 1 1
    860    7    6    8 1 1 1
    861    7    6    9 1 1 1
    862    7    6   10 1 1 1
    863    7    6   11 1 1 1
    864    7    6   12 1 1 1
    865    7    7    1 1 1 1
    866    7    7    2 1 1 1
    867    7    7    3 1 1 1
    868    7    7    4 1 1 1
    869    7    7    5 1 1 1
    870    7    7    6 1 1 1
    871    7    7    7 1 1 1
    872    7    7    8 1 1 1
    873    7    7    9 1 1 1
    874    7    7   10 1 1 1
    875    7    7   11 1 1 1
    876    7    7   12 1 1 1
    877    7    8    1 1 1 1
    878    7    8    2 1 1 1
    879    7    8    3 1 1 1
    880    7    8    4 1 1 1
    881    7    8    5 1 1 1
    882    7    8    6 1 1 1
    883    7    8    7 1 1 1
    884    7    8    8 1 1 1
    885    7    8    9 1 1 1
    886    7    8   10 1 1 1
    887    7    8   11 1 1 1
    888    7    8   12 1 1 1
    889    7    9    1 1 1 1
    890    7    9    2 1 1 1
    891    7    9    3 1 1 1
    892    7    9    4 1 1 1
    893    7    9    5 1 1 1
    894    7    9    6 1 1 1
    895    7    9    7 1 1 1
    896    7    9    8 1 1 1
    897    7    9    9 1 1 1
    898    7    9   10 1 1 1
    899    7    9   11 1 1 1
    900    7    9   12 1 1 1
    901    7   10    1 1 1 1
    902    7   10    2 1 1 1
    903    7   10    3 1 1 1
    904    7   10    4 1 1 1
    905    7   10    5 1 1 1
    906    7   10    6 1 1 1
    907    7   10    7 1 1 1
    908    7   10    8 1 1 1
    909    7   10    9 1 1 1
    910    7   10   10 1 1 1
    911    7   10   11 1 1 1
    912    7   10   12 1 1 1
    913    7   11    1 1 1 1
    914    7   11    2 1 1 1
    915    7   11    3 1 1 1
    916    7   11    4 1 1 1
    917    7   11    5 1 1 1
    918    7   11    6 1 1 1
    919    7   11    7 1 1 1
    920    7   11    8 1 1 1
    921    7   11    9 1 1 1
    922    7   11   10 1 1 1
    923    7   11   11 1 1 1
    924    7   11   12 1 1 1
    925    8    1    1 1 1 1
    926    8    1    2 1 1 1
    927    8    1    3 1 1 1
    928    8    1    4 1 1 1
    929    8    1    5 1 1 1
    930    8    1    6 1 1 1
    931    8    1    7 1 1 1
    932    8    1    8 1 1 1
    933    8    1    9 1 1 1
    934    8    1   10 1 1 1
    935    8    1   11 1 1 1
    936    8    1   12 1 1 1
    937    8    2    1 1 1 1
    938    8    2    2 1 1 1
    939    8    2    3 1 1 1
    940    8    2    4 1 1 1
    941    8    2    5 1 1 1
    942    8    2    6 1 1 1
    943    8    2    7 1 1 1
    944    8    2    8 1 1 1
    945    8    2    9 1 1 1
    946    8    2   10 1 1 1
    947    8    2   11 1 1 1
    948    8    2   12 1 1 1
    949    8    3    1 1 1 1
    950    8    3    2 1 1 1
    951    8    3    3 1 1 1
    952    8    3    4 1 1 1
    953    8    3    5 1 1 1
    954    8    3    6 1 1 1
    955    8    3    7 1 1 1
    956    8    3    8 1 1 1
    957    8    3    9 1 1 1
    958    8    3   10 1 1 1
    959    8    3   11 1 1 1
    960    8    3   12 1 1 1
    961    8    4    1 1 1 1
    962    8    4    2 1 1 1
    963    8    4    3 1 1 1
    964    8    4    4 1 1 1
    965    8    4    5 1 1 1
    966    8    4    6 1 1 1
    967    8    4    7 1 1 1
    968    8    4    8 1 1 1
    969    8    4    9 1 1 1
    970    8    4   10 1 1 1
    971    8    4   11 1 1 1
    972    8    4   12 1 1 1
    973    8    5    1 1 1 1
    974    8    5    2 1 1 1
    975    8    5    3 1 1 1
    976    8    5    4 1 1 1
    977    8    5    5 1 1 1
    978    8    5    6 1 1 1
    979    8    5    7 1 1 1
    980    8    5    8 1 1 1
    981    8    5    9 1 1 1
    982    8    5   10 1 1 1
    983    8    5   11 1 1 1
    984    8    5   12 1 1 1
    985    8    6    1 1 1 1
    986    8    6    2 1 1 1
    987    8    6    3 1 1 1
    988    8    6    4 1 1 1
    989    8    6    5 1 1 1
    990    8    6    6 1 1 1
    991    8    6    7 1 1 1
    992    8    6    8 1 1 1
    993    8    6    9 1 1 1
    994    8    6   10 1 1 1
    995    8    6   11 1 1 1
    996    8    6   12 1 1 1
    997    8    7    1 1 1 1
    998    8    7    2 1 1 1
    999    8    7    3 1 1 1
   1000    8    7    4 1 1 1
   1001    8    7    5 1 1 1
   1002    8    7    6 1 1 1
   1003    8    7    7 1 1 1
   1004    8    7    8 1 1 1
   1005    8    7    9 1 1 1
   1006    8    7   10 1 1 1
   1007    8    7   11 1 1 1
   1008    8    7   12 1 1 1
   1009    8    8    1 1 1 1
   1010    8    8    2 1 1 1
   1011    8    8    3 1 1 1
   1012    8    8    4 1 1 1
   1013    8    8    5 1 1 1
   1014    8    8    6 1 1 1
   1015    8    8    7 1 1 1
   1016    8    8    8 1 1 1
   1017    8    8    9 1 1 1
   1018    8    8   10 1 1 1
   1019    8    8   11 1 1 1
   1020    8    8   12 1 1 1
   1021    8    9    1 1 1 1
   1022    8    9    2 1 1 1
   1023    8    9    3 1 1 1
   1024    8    9    4 1 1 1
   1025    8    9    5 1 1 1
   1026    8    9    6 1 1 1
   1027    8    9    7 1 1 1
   1028    8    9    8 1 1 1
   1029    8    9    9 1 1 1
   1030    8    9   10 1 1 1
   1031    8    9   11 1 1 1
   1032    8    9   12 1 1 1
   1033    8   10    1 1 1 1
   1034    8   10    2 1 1 1
   1035    8   10    3 1 1 1
   1036    8   10    4 1 1 1
   1037    8   10    5 1 1 1
   1038    8   10    6 1 1 1
   1039    8   10    7 1 1 1
   1040    8   10    8 1 1 1
   1041    8   10    9 1 1 1
   1042    8   10   10 1 1 1
   1043    8   10   11 1 1 1
   1044    8   10   12 1 1 1
   1045    8   11    1 1 1 1
   1046    8   11    2 1 1 1
   1047    8   11    3 1 1 1
   1048    8   11    4 1 1 1
   1049    8   11    5 1 1 1
   1050    8   11    6 1 1 1
   1051    8   11    7 1 1 1
   1052    8   11    8 1 1 1
   1053    8   11    9 1 1 1
   1054    8   11   10 1 1 1
   1055    8   11   11 1 1 1
   1056    8   11   12 1 1 1
   1057    9    1    1 1 1 1
   1058    9    1    2 1 1 1
   1059    9    1    3 1 1 1
   1060    9    1    4 1 1 1
   1061    9    1    5 1 1 1
   1062    9    1    6 1 1 1
   1063    9    1    7 1 1 1
   1064    9    1    8 1 1 1
   1065    9    1    9 1 1 1
   1066    9    1   10 1 1 1
   1067    9    1   11 1 1 1
   1068    9    1   12 1 1 1
   1069    9    2    1 1 1 1
   1070    9    2    2 1 1 1
   1071    9    2    3 1 1 1
   1072    9    2    4 1 1 1
   1073    9    2    5 1 1 1
   1074    9    2    6 1 1 1
   1075    9    2    7 1 1 1
   1076    9    2    8 1 1 1
   1077    9    2    9 1 1 1
   1078    9    2   10 1 1 1
   1079    9    2   11 1 1 1
   1080    9    2   12 1 1 1
   1081    9    3    1 1 1 1
   1082    9    3    2 1 1 1
   1083    9    3    3 1 1 1
   1084    9    3    4 1 1 1
   1085    9    3    5 1 1 1
   1086    9    3    6 1 1 1
   1087    9    3    7 1 1 1
   1088    9    3    8 1 1 1
   1089    9    3    9 1 1 1
   1090    9    3   10 1 1 1
   1091    9    3   11 1 1 1
   1092    9    3   12 1 1 1
   1093    9    4    1 1 1 1
   1094    9    4    2 1 1 1
   1095    9    4    3 1 1 1
   1096    9    4    4 1 1 1
   1097    9    4    5 1 1 1
   1098    9    4    6 1 1 1
   1099    9    4    7 1 1 1
   1100    9    4    8 1 1 1
   1101    9    4    9 1 1 1
   1102    9    4   10 1 1 1
   1103    9    4   11 1 1 1
   1104    9    4   12 1 1 1
   1105    9    5    1 1 1 1
   1106    9    5    2 1 1 1
   1107    9    5    3 1 1 1
   1108    9    5    4 1 1 1
   1109    9    5    5 1 1 1
   1110    9    5    6 1 1 1
   1111    9    5    7 1 1 1
   1112    9    5    8 1 1 1
   1113    9    5    9 1 1 1
   1114    9    5   10 1 1 1
   1115    9    5   11 1 1 1
   1116    9    5   12 1 1 1
   1117    9    6    1 1 1 1
   1118    9    6    2 1 1 1
   1119    9    6    3 1 1 1
   1120    9    6    4 1 1 1
   1121    9    6    5 1 1 1
   1122    9    6    6 1 1 1
   1123    9    6    7 1 1 1
   1124    9    6    8 1 1 1
   1125    9    6    9 1 1 1
   1126    9    6   10 1 1 1
   1127    9    6   11 1 1 1
   1128    9    6   12 1 1 1
   1129    9    7    1 1 1 1
   1130    9    7    2 1 1 1
   1131    9    7    3 1 1 1
   1132    9    7    4 1 1 1
   1133    9    7    5 1 1 1
   1134    9    7    6 1 1 1
   1135    9    7    7 1 1 1
   1136    9    7    8 1 1 1
   1137    9    7    9 1 1 1
   1138    9    7   10 1 1 1
   1139    9    7   11 1 1 1
   1140    9    7   12 1 1 1
   1141    9    8    1 1 1 1
   1142    9    8    2 1 1 1
   1143    9    8    3 1 1 1
   1144    9    8    4 1 1 1
   1145    9    8    5 1 1 1
   1146    9    8    6 1 1 1
   1147    9    8    7 1 1 1
   1148    9    8    8 1 1 1
   1149    9    8    9 1 1 1
   1150    9    8   10 1 1 1
   1151    9    8   11 1 1 1
   1152    9    8   12 1 1 1
   1153    9    9    1 1 1 1
   1154    9    9    2 1 1 1
   1155    9    9    3 1 1 1
   1156    9    9    4 1 1 1
   1157    9    9    5 1 1 1
   1158    9    9    6 1 1 1
   1159    9    9    7 1 1 1
   1160    9    9    8 1 1 1
   1161    9    9    9 1 1 1
   1162    9    9   10 1 1 1
   1163    9    9   11 1 1 1
   1164    9    9   12 1 1 1
   1165    9   10    1 1 1 1
   1166    9   10    2 1 1 1
   1167    9   10    3 1 1 1
   1168    9   10    4 1 1 1
   1169    9   10    5 1 1 1
   1170    9   10    6 1 1 1
   1171    9   10    7 1 1 1
   1172    9   10    8 1 1 1
   1173    9   10    9 1 1 1
   1174    9   10   10 1 1 1
   1175    9   10   11 1 1 1
   1176    9   10   12 1 1 1
   1177    9   11    1 1 1 1
   1178    9   11    2 1 1 1
   1179    9   11    3 1 1 1
   1180    9   11    4 1 1 1
   1181    9   11    5 1 1 1
   1182    9   11    6 1 1 1
   1183    9   11    7 1 1 1
   1184    9   11    8 1 1 1
   1185    9   11    9 1 1 1
   1186    9   11   10 1 1 1
   1187    9   11   11 1 1 1
   1188    9   11   12 1 1 1
   1189   10    1    1 1 1 1
   1190   10    1    2 1 1 1
   1191   10    1    3 1 1 1
   1192   10    1    4 1 1 1
   1193   10    1    5 1 1 1
   1194   10    1    6 1 1 1
   1195   10    1    7 1 1 1
   1196   10    1    8 1 1 1
   1197   10    1    9 1 1 1
   1198   10    1   10 1 1 1
   1199   10    1   11 1 1 1
   1200   10    1   12 1 1 1
   1201   10    2    1 1 1 1
   1202   10    2    2 1 1 1
   1203   10    2    3 1 1 1
   1204   10    2    4 1 1 1
   1205   10    2    5 1 1 1
   1206   10    2    6 1 1 1
   1207   10    2    7 1 1 1
   1208   10    2    8 1 1 1
   1209   10    2    9 1 1 1
   1210   10    2   10 1 1 1
   1211   10    2   11 1 1 1
   1212   10    2   12 1 1 1
   1213   10    3    1 1 1 1
   1214   10    3    2 1 1 1
   1215   10    3    3 1 1 1
   1216   10    3    4 1 1 1
   1217   10    3    5 1 1 1
   1218   10    3    6 1 1 1
   1219   10    3    7 1 1 1
   1220   10    3    8 1 1 1
   1221   10    3    9 1 1 1
   1222   10    3   10 1 1 1
   1223   10    3   11 1 1 1
   1224   10    3   12 1 1 1
   1225   10    4    1 1 1 1
   1226   10    4    2 1 1 1
   1227   10    4    3 1 1 1
   1228   10    4    4 1 1 1
   1229   10    4    5 1 1 1
   1230   10    4    6 1 1 1
   1231   10    4    7 1 1 1
   1232   10    4    8 1 1 1
   1233   10    4    9 1 1 1
   1234   10    4   10 1 1 1
   1235   10    4   11 1 1 1
   1236   10    4   12 1 1 1
   1237   10    5    1 1 1 1
   1238   10    5    2 1 1 1
   1239   10    5    3 1 1 1
   1240   10    5    4 1 1 1
   1241   10    5    5 1 1 1
   1242   10    5    6 1 1 1
   1243   10    5    7 1 1 1
   1244   10    5    8 1 1 1
   1245   10    5    9 1 1 1
   1246   10    5   10 1 1 1
   1247   10    5   11 1 1 1
   1248   10    5   12 1 1 1
   1249   10    6    1 1 1 1
   1250   10    6    2 1 1 1
   1251   10    6    3 1 1 1
   1252   10    6    4 1 1 1
   1253   10    6    5 1 1 1
   1254   10    6    6 1 1 1
   1255   10    6    7 1 1 1
   1256   10    6    8 1 1 1
   1257   10    6    9 1 1 1
   1258   10    6   10 1 1 1
   1259   10    6   11 1 1 1
   1260   10    6   12 1 1 1
   1261   10    7    1 1 1 1
   1262   10    7    2 1 1 1
   1263   10    7    3 1 1 1
   1264   10    7    4 1 1 1
   1265   10    7    5 1 1 1
   1266   10    7    6 1 1 1
   1267   10    7    7 1 1 1
   1268   10    7    8 1 1 1
   1269   10    7    9 1 1 1
   1270   10    7   10 1 1 1
   1271   10    7   11 1 1 1
   1272   10    7   12 1 1 1
   1273   10    8    1 1 1 1
   1274   10    8    2 1 1 1
   1275   10    8    3 1 1 1
   1276   10    8    4 1 1 1
   1277   10    8    5 1 1 1
   1278   10    8    6 1 1 1
   1279   10    8    7 1 1 1
   1280   10    8    8 1 1 1
   1281   10    8    9 1 1 1
   1282   10    8   10 1 1 1
   1283   10    8   11 1 1 1
   1284   10    8   12 1 1 1
   1285   10    9    1 1 1 1
   1286   10    9    2 1 1 1
   1287   10    9    3 1 1 1
   1288   10    9    4 1 1 1
   1289   10    9    5 1 1 1
   1290   10    9    6 1 1 1
   1291   10    9    7 1 1 1
   1292   10    9    8 1 1 1
   1293   10    9    9 1 1 1
   1294   10    9   10 1 1 1
   1295   10    9   11 1 1 1
   1296   10    9   12 1 1 1
   1297   10   10    1 1 1 1
   1298   10   10    2 1 1 1
   1299   10   10    3 1 1 1
   1300   10   10    4 1 1 1
   1301   10   10    5 1 1 1
   1302   10   10    6 1 1 1
   1303   10   10    7 1 1 1
   1304   10   10    8 1 1 1
   1305   10   10    9 1 1 1
   1306   10   10   10 1 1 1
   1307   10   10   11 1 1 1
   1308   10   10   12 1 1 1
   1309   10   11    1 1 1 1
   1310   10   11    2 1 1 1
   1311   10   11    3 1 1 1
   1312   10   11    4 1 1 1
   1313   10   11    5 1 1 1
   1314   10   11    6 1 1 1
   1315   10   11    7 1 1 1
   1316   10   11    8 1 1 1
   1317   10   11    9 1 1 1
   1318   10   11   10 1 1 1
   1319   10   11   11 1 1 1
   1320   10   11   12 1 1 1
