 >REASHP: option FROM_FILE
      2600 = NAT
  1.000000  0.000000  0.000000 = A_1 vector
  0.000000  1.000000  0.000000 = A_2 vector
  1.000000  1.000000  1.000000 = lattice spacings (d_x,d_y,d_z)/d
  -0.09895  -0.04620  -0.06235 = lattice offset x0(1-3) = (x_TF,y_TF,z_TF)/d for dipole 0 0 0
     JA  IX  IY  IZ ICOMP(x,y,z)
      1    1    1    1 1 1 1
      2    1    1    2 1 1 1
      3    1    1    3 1 1 1
      4    1    1    4 1 1 1
      5    1    1    5 1 1 1
      6    1    1    6 1 1 1
      7    1    1    7 1 1 1
      8    1    1    8 1 1 1
      9    1    1    9 1 1 1
     10    1    1   10 1 1 1
     11    1    1   11 1 1 1
     12    1    1   12 1 1 1
     13    1    1   13 1 1 1
     14    1    2    1 1 1 1
     15    1    2    2 1 1 1
     16    1    2    3 1 1 1
     17    1    2    4 1 1 1
     18    1    2    5 1 1 1
     19    1    2    6 1 1 1
     20    1    2    7 1 1 1
     21    1    2    8 1 1 1
     22    1    2    9 1 1 1
     23    1    2   10 1 1 1
     24    1    2   11 1 1 1
     25    1    2   12 1 1 1
     26    1    2   13 1 1 1
     27    1    3    1 1 1 1
     28    1    3    2 1 1 1
     29    1    3    3 1 1 1
     30    1    3    4 1 1 1
     31    1    3    5 1 1 1
     32    1    3    6 1 1 1
     33    1    3    7 1 1 1
     34    1    3    8 1 1 1
     35    1    3    9 1 1 1
     36    1    3   10 1 1 1
     37    1    3   11 1 1 1
     38    1    3   12 1 1 1
     39    1    3   13 1 1 1
     40    1    4    1 1 1 1
     41    1    4    2 1 1 1
     42    1    4    3 1 1 1
     43    1    4    4 1 1 1
     44    1    4    5 1 1 1
     45    1    4    6 1 1 1
     46    1    4    7 1 1 1
     47    1    4    8 1 1 1
     48    1    4    9 1 1 1
     49    1    4   10 1 1 1
     50    1    4   11 1 1 1
     51    1    4   12 1 1 1
     52    1    4   13 1 1 1
     53    1    5    1 1 1 1
     54    1    5    2 1 1 1
     55    1    5    3 1 1 1
     56    1    5    4 1 1 1
     57    1    5    5 1 1 1
     58    1    5    6 1 1 1
     59    1    5    7 1 1 1
     60    1    5    8 1 1 1
     61    1    5    9 1 1 1
     62    1    5   10 1 1 1
     63    1    5   11 1 1 1
     64    1    5   12 1 1 1
     65    1    5   13 1 1 1
     66    1    6    1 1 1 1
     67    1    6    2 1 1 1
     68    1    6    3 1 1 1
     69    1    6    4 1 1 1
     70    1    6    5 1 1 1
     71    1    6    6 1 1 1
     72    1    6    7 1 1 1
     73    1    6    8 1 1 1
     74    1    6    9 1 1 1
     75    1    6   10 1 1 1
     76    1    6   11 1 1 1
     77    1    6   12 1 1 1
     78    1    6   13 1 1 1
     79    1    7    1 1 1 1
     80    1    7    2 1 1 1
     81    1    7    3 1 1 1
     82    1    7    4 1 1 1
     83    1    7    5 1 1 1
     84    1    7    6 1 1 1
     85    1    7    7 1 1 1
     86    1    7    8 1 1 1
     87    1    7    9 1 1 1
     88    1    7   10 1 1 1
     89    1    7   11 1 1 1
     90    1    7   12 1 1 1
     91    1    7   13 1 1 1
     92    1    8    1 1 1 1
     93    1    8    2 1 1 1
     94    1    8    3 1 1 1
     95    1    8    4 1 1 1
     96    1    8    5 1 1 1
     97    1    8    6 1 1 1
     98    1    8    7 1 1 1
     99    1    8    8 1 1 1
    100    1    8    9 1 1 1
    101    1    8   10 1 1 1
    102    1    8   11 1 1 1
    103    1    8   12 1 1 1
    104    1    8   13 1 1 1
    105    1    9    1 1 1 1
    106    1    9    2 1 1 1
    107    1    9    3 1 1 1
    108    1    9    4 1 1 1
    109    1    9    5 1 1 1
    110    1    9    6 1 1 1
    111    1    9    7 1 1 1
    112    1    9    8 1 1 1
    113    1    9    9 1 1 1
    114    1    9   10 1 1 1
    115    1    9   11 1 1 1
    116    1    9   12 1 1 1
    117    1    9   13 1 1 1
    118    1   10    1 1 1 1
    119    1   10    2 1 1 1
    120    1   10    3 1 1 1
    121    1   10    4 1 1 1
    122    1   10    5 1 1 1
    123    1   10    6 1 1 1
    124    1   10    7 1 1 1
    125    1   10    8 1 1 1
    126    1   10    9 1 1 1
    127    1   10   10 1 1 1
    128    1   10   11 1 1 1
    129    1   10   12 1 1 1
    130    1   10   13 1 1 1
    131    2    1    1 1 1 1
    132    2    1    2 1 1 1
    133    2    1    3 1 1 1
    134    2    1    4 1 1 1
    135    2    1    5 1 1 1
    136    2    1    6 1 1 1
    137    2    1    7 1 1 1
    138    2    1    8 1 1 1
    139    2    1    9 1 1 1
    140    2    1   10 1 1 1
    141    2    1   11 1 1 1
    142    2    1   12 1 1 1
    143    2    1   13 1 1 1
    144    2    2    1 1 1 1
    145    2    2    2 1 1 1
    146    2    2    3 1 1 1
    147    2    2    4 1 1 1
    148    2    2    5 1 1 1
    149    2    2    6 1 1 1
    150    2    2    7 1 1 1
    151    2    2    8 1 1 1
    152    2    2    9 1 1 1
    153    2    2   10 1 1 1
    154    2    2   11 1 1 1
    155    2    2   12 1 1 1
    156    2    2   13 1 1 1
    157    2    3    1 1 1 1
    158    2    3    2 1 1 1
    159    2    3    3 1 1 1
    160    2    3    4 1 1 1
    161    2    3    5 1 1 1
    162    2    3    6 1 1 1
    163    2    3    7 1 1 1
    164    2    3    8 1 1 1
    165    2    3    9 1 1 1
    166    2    3   10 1 1 1
    167    2    3   11 1 1 1
    168    2    3   12 1 1 1
    169    2    3   13 1 1 1
    170    2    4    1 1 1 1
    171    2    4    2 1 1 1
    172    2    4    3 1 1 1
    173    2    4    4 1 1 1
    174    2    4    5 1 1 1
    175    2    4    6 1 1 1
    176    2    4    7 1 1 1
    177    2    4    8 1 1 1
    178    2    4    9 1 1 1
    179    2    4   10 1 1 1
    180    2    4   11 1 1 1
    181    2    4   12 1 1 1
    182    2    4   13 1 1 1
    183    2    5    1 1 1 1
    184    2    5    2 1 1 1
    185    2    5    3 1 1 1
    186    2    5    4 1 1 1
    187    2    5    5 1 1 1
    188    2    5    6 1 1 1
    189    2    5    7 1 1 1
    190    2    5    8 1 1 1
    191    2    5    9 1 1 1
    192    2    5   10 1 1 1
    193    2    5   11 1 1 1
    194    2    5   12 1 1 1
    195    2    5   13 1 1 1
    196    2    6    1 1 1 1
    197    2    6    2 1 1 1
    198    2    6    3 1 1 1
    199    2    6    4 1 1 1
    200    2    6    5 1 1 1
    201    2    6    6 1 1 1
    202    2    6    7 1 1 1
    203    2    6    8 1 1 1
    204    2    6    9 1 1 1
    205    2    6   10 1 1 1
    206    2    6   11 1 1 1
    207    2    6   12 1 1 1
    208    2    6   13 1 1 1
    209    2    7    1 1 1 1
    210    2    7    2 1 1 1
    211    2    7    3 1 1 1
    212    2    7    4 1 1 1
    213    2    7    5 1 1 1
    214    2    7    6 1 1 1
    215    2    7    7 1 1 1
    216    2    7    8 1 1 1
    217    2    7    9 1 1 1
    218    2    7   10 1 1 1
    219    2    7   11 1 1 1
    220    2    7   12 1 1 1
    221    2    7   13 1 1 1
    222    2    8    1 1 1 1
    223    2    8    2 1 1 1
    224    2    8    3 1 1 1
    225    2    8    4 1 1 1
    226    2    8    5 1 1 1
    227    2    8    6 1 1 1
    228    2    8    7 1 1 1
    229    2    8    8 1 1 1
    230    2    8    9 1 1 1
    231    2    8   10 1 1 1
    232    2    8   11 1 1 1
    233    2    8   12 1 1 1
    234    2    8   13 1 1 1
    235    2    9    1 1 1 1
    236    2    9    2 1 1 1
    237    2    9    3 1 1 1
    238    2    9    4 1 1 1
    239    2    9    5 1 1 1
    240    2    9    6 1 1 1
    241    2    9    7 1 1 1
    242    2    9    8 1 1 1
    243    2    9    9 1 1 1
    244    2    9   10 1 1 1
    245    2    9   11 1 1 1
    246    2    9   12 1 1 1
    247    2    9   13 1 1 1
    248    2   10    1 1 1 1
    249    2   10    2 1 1 1
    250    2   10    3 1 1 1
    251    2   10    4 1 1 1
    252    2   10    5 1 1 1
    253    2   10    6 1 1 1
    254    2   10    7 1 1 1
    255    2   10    8 1 1 1
    256    2   10    9 1 1 1
    257    2   10   10 1 1 1
    258    2   10   11 1 1 1
    259    2   10   12 1 1 1
    260    2   10   13 1 1 1
    261    3    1    1 1 1 1
    262    3    1    2 1 1 1
    263    3    1    3 1 1 1
    264    3    1    4 1 1 1
    265    3    1    5 1 1 1
    266    3    1    6 1 1 1
    267    3    1    7 1 1 1
    268    3    1    8 1 1 1
    269    3    1    9 1 1 1
    270    3    1   10 1 1 1
    271    3    1   11 1 1 1
    272    3    1   12 1 1 1
    273    3    1   13 1 1 1
    274    3    2    1 1 1 1
    275    3    2    2 1 1 1
    276    3    2    3 1 1 1
    277    3    2    4 1 1 1
    278    3    2    5 1 1 1
    279    3    2    6 1 1 1
    280    3    2    7 1 1 1
    281    3    2    8 1 1 1
    282    3    2    9 1 1 1
    283    3    2   10 1 1 1
    284    3    2   11 1 1 1
    285    3    2   12 1 1 1
    286    3    2   13 1 1 1
    287    3    3    1 1 1 1
    288    3    3    2 1 1 1
    289    3    3    3 1 1 1
    290    3    3    4 1 1 1
    291    3    3    5 1 1 1
    292    3    3    6 1 1 1
    293    3    3    7 1 1 1
    294    3    3    8 1 1 1
    295    3    3    9 1 1 1
    296    3    3   10 1 1 1
    297    3    3   11 1 1 1
    298    3    3   12 1 1 1
    299    3    3   13 1 1 1
    300    3    4    1 1 1 1
    301    3    4    2 1 1 1
    302    3    4    3 1 1 1
    303    3    4    4 1 1 1
    304    3    4    5 1 1 1
    305    3    4    6 1 1 1
    306    3    4    7 1 1 1
    307    3    4    8 1 1 1
    308    3    4    9 1 1 1
    309    3    4   10 1 1 1
    310    3    4   11 1 1 1
    311    3    4   12 1 1 1
    312    3    4   13 1 1 1
    313    3    5    1 1 1 1
    314    3    5    2 1 1 1
    315    3    5    3 1 1 1
    316    3    5    4 1 1 1
    317    3    5    5 1 1 1
    318    3    5    6 1 1 1
    319    3    5    7 1 1 1
    320    3    5    8 1 1 1
    321    3    5    9 1 1 1
    322    3    5   10 1 1 1
    323    3    5   11 1 1 1
    324    3    5   12 1 1 1
    325    3    5   13 1 1 1
    326    3    6    1 1 1 1
    327    3    6    2 1 1 1
    328    3    6    3 1 1 1
    329    3    6    4 1 1 1
    330    3    6    5 1 1 1
    331    3    6    6 1 1 1
    332    3    6    7 1 1 1
    333    3    6    8 1 1 1
    334    3    6    9 1 1 1
    335    3    6   10 1 1 1
    336    3    6   11 1 1 1
    337    3    6   12 1 1 1
    338    3    6   13 1 1 1
    339    3    7    1 1 1 1
    340    3    7    2 1 1 1
    341    3    7    3 1 1 1
    342    3    7    4 1 1 1
    343    3    7    5 1 1 1
    344    3    7    6 1 1 1
    345    3    7    7 1 1 1
    346    3    7    8 1 1 1
    347    3    7    9 1 1 1
    348    3    7   10 1 1 1
    349    3    7   11 1 1 1
    350    3    7   12 1 1 1
    351    3    7   13 1 1 1
    352    3    8    1 1 1 1
    353    3    8    2 1 1 1
    354    3    8    3 1 1 1
    355    3    8    4 1 1 1
    356    3    8    5 1 1 1
    357    3    8    6 1 1 1
    358    3    8    7 1 1 1
    359    3    8    8 1 1 1
    360    3    8    9 1 1 1
    361    3    8   10 1 1 1
    362    3    8   11 1 1 1
    363    3    8   12 1 1 1
    364    3    8   13 1 1 1
    365    3    9    1 1 1 1
    366    3    9    2 1 1 1
    367    3    9    3 1 1 1
    368    3    9    4 1 1 1
    369    3    9    5 1 1 1
    370    3    9    6 1 1 1
    371    3    9    7 1 1 1
    372    3    9    8 1 1 1
    373    3    9    9 1 1 1
    374    3    9   10 1 1 1
    375    3    9   11 1 1 1
    376    3    9   12 1 1 1
    377    3    9   13 1 1 1
    378    3   10    1 1 1 1
    379    3   10    2 1 1 1
    380    3   10    3 1 1 1
    381    3   10    4 1 1 1
    382    3   10    5 1 1 1
    383    3   10    6 1 1 1
    384    3   10    7 1 1 1
    385    3   10    8 1 1 1
    386    3   10    9 1 1 1
    387    3   10   10 1 1 1
    388    3   10   11 1 1 1
    389    3   10   12 1 1 1
    390    3   10   13 1 1 1
    391    4    1    1 1 1 1
    392    4    1    2 1 1 1
    393    4    1    3 1 1 1
    394    4    1    4 1 1 1
    395    4    1    5 1 1 1
    396    4    1    6 1 1 1
    397    4    1    7 1 1 1
    398    4    1    8 1 1 1
    399    4    1    9 1 1 1
    400    4    1   10 1 1 1
    401    4    1   11 1 1 1
    402    4    1   12 1 1 1
    403    4    1   13 1 1 1
    404    4    2    1 1 1 1
    405    4    2    2 1 1 1
    406    4    2    3 1 1 1
    407    4    2    4 1 1 1
    408    4    2    5 1 1 1
    409    4    2    6 1 1 1
    410    4    2    7 1 1 1
    411    4    2    8 1 1 1
    412    4    2    9 1 1 1
    413    4    2   10 1 1 1
    414    4    2   11 1 1 1
    415    4    2   12 1 1 1
    416    4    2   13 1 1 1
    417    4    3    1 1 1 1
    418    4    3    2 1 1 1
    419    4    3    3 1 1 1
    420    4    3    4 1 1 1
    421    4    3    5 1 1 1
    422    4    3    6 1 1 1
    423    4    3    7 1 1 1
    424    4    3    8 1 1 1
    425    4    3    9 1 1 1
    426    4    3   10 1 1 1
    427    4    3   11 1 1 1
    428    4    3   12 1 1 1
    429    4    3   13 1 1 1
    430    4    4    1 1 1 1
    431    4    4    2 1 1 1
    432    4    4    3 1 1 1
    433    4    4    4 1 1 1
    434    4    4    5 1 1 1
    435    4    4    6 1 1 1
    436    4    4    7 1 1 1
    437    4    4    8 1 1 1
    438    4    4    9 1 1 1
    439    4    4   10 1 1 1
    440    4    4   11 1 1 1
    441    4    4   12 1 1 1
    442    4    4   13 1 1 1
    443    4    5    1 1 1 1
    444    4    5    2 1 1 1
    445    4    5    3 1 1 1
    446    4    5    4 1 1 1
    447    4    5    5 1 1 1
    448    4    5    6 1 1 1
    449    4    5    7 1 1 1
    450    4    5    8 1 1 1
    451    4    5    9 1 1 1
    452    4    5   10 1 1 1
    453    4    5   11 1 1 1
    454    4    5   12 1 1 1
    455    4    5   13 1 1 1
    456    4    6    1 1 1 1
    457    4    6    2 1 1 1
    458    4    6    3 1 1 1
    459    4    6    4 1 1 1
    460    4    6    5 1 1 1
    461    4    6    6 1 1 1
    462    4    6    7 1 1 1
    463    4    6    8 1 1 1
    464    4    6    9 1 1 1
    465    4    6   10 1 1 1
    466    4    6   11 1 1 1
    467    4    6   12 1 1 1
    468    4    6   13 1 1 1
    469    4    7    1 1 1 1
    470    4    7    2 1 1 1
    471    4    7    3 1 1 1
    472    4    7    4 1 1 1
    473    4    7    5 1 1 1
    474    4    7    6 1 1 1
    475    4    7    7 1 1 1
    476    4    7    8 1 1 1
    477    4    7    9 1 1 1
    478    4    7   10 1 1 1
    479    4    7   11 1 1 1
    480    4    7   12 1 1 1
    481    4    7   13 1 1 1
    482    4    8    1 1 1 1
    483    4    8    2 1 1 1
    484    4    8    3 1 1 1
    485    4    8    4 1 1 1
    486    4    8    5 1 1 1
    487    4    8    6 1 1 1
    488    4    8    7 1 1 1
    489    4    8    8 1 1 1
    490    4    8    9 1 1 1
    491    4    8   10 1 1 1
    492    4    8   11 1 1 1
    493    4    8   12 1 1 1
    494    4    8   13 1 1 1
    495    4    9    1 1 1 1
    496    4    9    2 1 1 1
    497    4    9    3 1 1 1
    498    4    9    4 1 1 1
    499    4    9    5 1 1 1
    500    4    9    6 1 1 1
    501    4    9    7 1 1 1
    502    4    9    8 1 1 1
    503    4    9    9 1 1 1
    504    4    9   10 1 1 1
    505    4    9   11 1 1 1
    506    4    9   12 1 1 1
    507    4    9   13 1 1 1
    508    4   10    1 1 1 1
    509    4   10    2 1 1 1
    510    4   10    3 1 1 1
    511    4   10    4 1 1 1
    512    4   10    5 1 1 1
    513    4   10    6 1 1 1
    514    4   10    7 1 1 1
    515    4   10    8 1 1 1
    516    4   10    9 1 1 1
    517    4   10   10 1 1 1
    518    4   10   11 1 1 1
    519    4   10   12 1 1 1
    520    4   10   13 1 1 1
    521    5    1    1 1 1 1
    522    5    1    2 1 1 1
    523    5    1    3 1 1 1
    524    5    1    4 1 1 1
    525    5    1    5 1 1 1
    526    5    1    6 1 1 1
    527    5    1    7 1 1 1
    528    5    1    8 1 1 1
    529    5    1    9 1 1 1
    530    5    1   10 1 1 1
    531    5    1   11 1 1 1
    532    5    1   12 1 1 1
    533    5    1   13 1 1 1
    534    5    2    1 1 1 1
    535    5    2    2 1 1 1
    536    5    2    3 1 1 1
    537    5    2    4 1 1 1
    538    5    2    5 1 1 1
    539    5    2    6 1 1 1
    540    5    2    7 1 1 1
    541    5    2    8 1 1 1
    542    5    2    9 1 1 1
    543    5    2   10 1 1 1
    544    5    2   11 1 1 1
    545    5    2   12 1 1 1
    546    5    2   13 1 1 1
    547    5    3    1 1 1 1
    548    5    3    2 1 1 1
    549    5    3    3 1 1 1
    550    5    3    4 1 1 1
    551    5    3    5 1 1 1
    552    5    3    6 1 1 1
    553    5    3    7 1 1 1
    554    5    3    8 1 1 1
    555    5    3    9 1 1 1
    556    5    3   10 1 1 1
    557    5    3   11 1 1 1
    558    5    3   12 1 1 1
    559    5    3   13 1 1 1
    560    5    4    1 1 1 1
    561    5    4    2 1 1 1
    562    5    4    3 1 1 1
    563    5    4    4 1 1 1
    564    5    4    5 1 1 1
    565    5    4    6 1 1 1
    566    5    4    7 1 1 1
    567    5    4    8 1 1 1
    568    5    4    9 1 1 1
    569    5    4   10 1 1 1
    570    5    4   11 1 1 1
    571    5    4   12 1 1 1
    572    5    4   13 1 1 1
    573    5    5    1 1 1 1
    574    5    5    2 1 1 1
    575    5    5    3 1 1 1
    576    5    5    4 1 1 1
    577    5    5    5 1 1 1
    578    5    5    6 1 1 1
    579    5    5    7 1 1 1
    580    5    5    8 1 1 1
    581    5    5    9 1 1 1
    582    5    5   10 1 1 1
    583    5    5   11 1 1 1
    584    5    5   12 1 1 1
    585    5    5   13 1 1 1
    586    5    6    1 1 1 1
    587    5    6    2 1 1 1
    588    5    6    3 1 1 1
    589    5    6    4 1 1 1
    590    5    6    5 1 1 1
    591    5    6    6 1 1 1
    592    5    6    7 1 1 1
    593    5    6    8 1 1 1
    594    5    6    9 1 1 1
    595    5    6   10 1 1 1
    596    5    6   11 1 1 1
    597    5    6   12 1 1 1
    598    5    6   13 1 1 1
    599    5    7    1 1 1 1
    600    5    7    2 1 1 1
    601    5    7    3 1 1 1
    602    5    7    4 1 1 1
    603    5    7    5 1 1 1
    604    5    7    6 1 1 1
    605    5    7    7 1 1 1
    606    5    7    8 1 1 1
    607    5    7    9 1 1 1
    608    5    7   10 1 1 1
    609    5    7   11 1 1 1
    610    5    7   12 1 1 1
    611    5    7   13 1 1 1
    612    5    8    1 1 1 1
    613    5    8    2 1 1 1
    614    5    8    3 1 1 1
    615    5    8    4 1 1 1
    616    5    8    5 1 1 1
    617    5    8    6 1 1 1
    618    5    8    7 1 1 1
    619    5    8    8 1 1 1
    620    5    8    9 1 1 1
    621    5    8   10 1 1 1
    622    5    8   11 1 1 1
    623    5    8   12 1 1 1
    624    5    8   13 1 1 1
    625    5    9    1 1 1 1
    626    5    9    2 1 1 1
    627    5    9    3 1 1 1
    628    5    9    4 1 1 1
    629    5    9    5 1 1 1
    630    5    9    6 1 1 1
    631    5    9    7 1 1 1
    632    5    9    8 1 1 1
    633    5    9    9 1 1 1
    634    5    9   10 1 1 1
    635    5    9   11 1 1 1
    636    5    9   12 1 1 1
    637    5    9   13 1 1 1
    638    5   10    1 1 1 1
    639    5   10    2 1 1 1
    640    5   10    3 1 1 1
    641    5   10    4 1 1 1
    642    5   10    5 1 1 1
    643    5   10    6 1 1 1
    644    5   10    7 1 1 1
    645    5   10    8 1 1 1
    646    5   10    9 1 1 1
    647    5   10   10 1 1 1
    648    5   10   11 1 1 1
    649    5   10   12 1 1 1
    650    5   10   13 1 1 1
    651    6    1    1 1 1 1
    652    6    1    2 1 1 1
    653    6    1    3 1 1 1
    654    6    1    4 1 1 1
    655    6    1    5 1 1 1
    656    6    1    6 1 1 1
    657    6    1    7 1 1 1
    658    6    1    8 1 1 1
    659    6    1    9 1 1 1
    660    6    1   10 1 1 1
    661    6    1   11 1 1 1
    662    6    1   12 1 1 1
    663    6    1   13 1 1 1
    664    6    2    1 1 1 1
    665    6    2    2 1 1 1
    666    6    2    3 1 1 1
    667    6    2    4 1 1 1
    668    6    2    5 1 1 1
    669    6    2    6 1 1 1
    670    6    2    7 1 1 1
    671    6    2    8 1 1 1
    672    6    2    9 1 1 1
    673    6    2   10 1 1 1
    674    6    2   11 1 1 1
    675    6    2   12 1 1 1
    676    6    2   13 1 1 1
    677    6    3    1 1 1 1
    678    6    3    2 1 1 1
    679    6    3    3 1 1 1
    680    6    3    4 1 1 1
    681    6    3    5 1 1 1
    682    6    3    6 1 1 1
    683    6    3    7 1 1 1
    684    6    3    8 1 1 1
    685    6    3    9 1 1 1
    686    6    3   10 1 1 1
    687    6    3   11 1 1 1
    688    6    3   12 1 1 1
    689    6    3   13 1 1 1
    690    6    4    1 1 1 1
    691    6    4    2 1 1 1
    692    6    4    3 1 1 1
    693    6    4    4 1 1 1
    694    6    4    5 1 1 1
    695    6    4    6 1 1 1
    696    6    4    7 1 1 1
    697    6    4    8 1 1 1
    698    6    4    9 1 1 1
    699    6    4   10 1 1 1
    700    6    4   11 1 1 1
    701    6    4   12 1 1 1
    702    6    4   13 1 1 1
    703    6    5    1 1 1 1
    704    6    5    2 1 1 1
    705    6    5    3 1 1 1
    706    6    5    4 1 1 1
    707    6    5    5 1 1 1
    708    6    5    6 1 1 1
    709    6    5    7 1 1 1
    710    6    5    8 1 1 1
    711    6    5    9 1 1 1
    712    6    5   10 1 1 1
    713    6    5   11 1 1 1
    714    6    5   12 1 1 1
    715    6    5   13 1 1 1
    716    6    6    1 1 1 1
    717    6    6    2 1 1 1
    718    6    6    3 1 1 1
    719    6    6    4 1 1 1
    720    6    6    5 1 1 1
    721    6    6    6 1 1 1
    722    6    6    7 1 1 1
    723    6    6    8 1 1 1
    724    6    6    9 1 1 1
    725    6    6   10 1 1 1
    726    6    6   11 1 1 1
    727    6    6   12 1 1 1
    728    6    6   13 1 1 1
    729    6    7    1 1 1 1
    730    6    7    2 1 1 1
    731    6    7    3 1 1 1
    732    6    7    4 1 1 1
    733    6    7    5 1 1 1
    734    6    7    6 1 1 1
    735    6    7    7 1 1 1
    736    6    7    8 1 1 1
    737    6    7    9 1 1 1
    738    6    7   10 1 1 1
    739    6    7   11 1 1 1
    740    6    7   12 1 1 1
    741    6    7   13 1 1 1
    742    6    8    1 1 1 1
    743    6    8    2 1 1 1
    744    6    8    3 1 1 1
    745    6    8    4 1 1 1
    746    6    8    5 1 1 1
    747    6    8    6 1 1 1
    748    6    8    7 1 1 1
    749    6    8    8 1 1 1
    750    6    8    9 1 1 1
    751    6    8   10 1 1 1
    752    6    8   11 1 1 1
    753    6    8   12 1 1 1
    754    6    8   13 1 1 1
    755    6    9    1 1 1 1
    756    6    9    2 1 1 1
    757    6    9    3 1 1 1
    758    6    9    4 1 1 1
    759    6    9    5 1 1 1
    760    6    9    6 1 1 1
    761    6    9    7 1 1 1
    762    6    9    8 1 1 1
    763    6    9    9 1 1 1
    764    6    9   10 1 1 1
    765    6    9   11 1 1 1
    766    6    9   12 1 1 1
    767    6    9   13 1 1 1
    768    6   10    1 1 1 1
    769    6   10    2 1 1 1
    770    6   10    3 1 1 1
    771    6   10    4 1 1 1
    772    6   10    5 1 1 1
    773    6   10    6 1 1 1
    774    6   10    7 1 1 1
    775    6   10    8 1 1 1
    776    6   10    9 1 1 1
    777    6   10   10 1 1 1
    778    6   10   11 1 1 1
    779    6   10   12 1 1 1
    780    6   10   13 1 1 1
    781    7    1    1 1 1 1
    782    7    1    2 1 1 1
    783    7    1    3 1 1 1
    784    7    1    4 1 1 1
    785    7    1    5 1 1 1
    786    7    1    6 1 1 1
    787    7    1    7 1 1 1
    788    7    1    8 1 1 1
    789    7    1    9 1 1 1
    790    7    1   10 1 1 1
    791    7    1   11 1 1 1
    792    7    1   12 1 1 1
    793    7    1   13 1 1 1
    794    7    2    1 1 1 1
    795    7    2    2 1 1 1
    796    7    2    3 1 1 1
    797    7    2    4 1 1 1
    798    7    2    5 1 1 1
    799    7    2    6 1 1 1
    800    7    2    7 1 1 1
    801    7    2    8 1 1 1
    802    7    2    9 1 1 1
    803    7    2   10 1 1 1
    804    7    2   11 1 1 1
    805    7    2   12 1 1 1
    806    7    2   13 1 1 1
    807    7    3    1 1 1 1
    808    7    3    2 1 1 1
    809    7    3    3 1 1 1
    810    7    3    4 1 1 1
    811    7    3    5 1 1 1
    812    7    3    6 1 1 1
    813    7    3    7 1 1 1
    814    7    3    8 1 1 1
    815    7    3    9 1 1 1
    816    7    3   10 1 1 1
    817    7    3   11 1 1 1
    818    7    3   12 1 1 1
    819    7    3   13 1 1 1
    820    7    4    1 1 1 1
    821    7    4    2 1 1 1
    822    7    4    3 1 1 1
    823    7    4    4 1 1 1
    824    7    4    5 1 1 1
    825    7    4    6 1 1 1
    826    7    4    7 1 1 1
    827    7    4    8 1 1 1
    828    7    4    9 1 1 1
    829    7    4   10 1 1 1
    830    7    4   11 1 1 1
    831    7    4   12 1 1 1
    832    7    4   13 1 1 1
    833    7    5    1 1 1 1
    834    7    5    2 1 1 1
    835    7    5    3 1 1 1
    836    7    5    4 1 1 1
    837    7    5    5 1 1 1
    838    7    5    6 1 1 1
    839    7    5    7 1 1 1
    840    7    5    8 1 1 1
    841    7    5    9 1 1 1
    842    7    5   10 1 1 1
    843    7    5   11 1 1 1
    844    7    5   12 1 1 1
    845    7    5   13 1 1 1
    846    7    6    1 1 1 1
    847    7    6    2 1 1 1
    848    7    6    3 1 1 1
    849    7    6    4 1 1 1
    850    7    6    5 1 1 1
    851    7    6    6 1 1 1
    852    7    6    7 1 1 1
    853    7    6    8 1 1 1
    854    7    6    9 1 1 1
    855    7    6   10 1 1 1
    856    7    6   11 1 1 1
    857    7    6   12 1 1 1
    858    7    6   13 1 1 1
    859    7    7    1 1 1 1
    860    7    7    2 1 1 1
    861    7    7    3 1 1 1
    862    7    7    4 1 1 1
    863    7    7    5 1 1 1
    864    7    7    6 1 1 1
    865    7    7    7 1 1 1
    866    7    7    8 1 1 1
    867    7    7    9 1 1 1
    868    7    7   10 1 1 1
    869    7    7   11 1 1 1
    870    7    7   12 1 1 1
    871    7    7   13 1 1 1
    872    7    8    1 1 1 1
    873    7    8    2 1 1 1
    874    7    8    3 1 1 1
    875    7    8    4 1 1 1
    876    7    8    5 1 1 1
    877    7    8    6 1 1 1
    878    7    8    7 1 1 1
    879    7    8    8 1 1 1
    880    7    8    9 1 1 1
    881    7    8   10 1 1 1
    882    7    8   11 1 1 1
    883    7    8   12 1 1 1
    884    7    8   13 1 1 1
    885    7    9    1 1 1 1
    886    7    9    2 1 1 1
    887    7    9    3 1 1 1
    888    7    9    4 1 1 1
    889    7    9    5 1 1 1
    890    7    9    6 1 1 1
    891    7    9    7 1 1 1
    892    7    9    8 1 1 1
    893    7    9    9 1 1 1
    894    7    9   10 1 1 1
    895    7    9   11 1 1 1
    896    7    9   12 1 1 1
    897    7    9   13 1 1 1
    898    7   10    1 1 1 1
    899    7   10    2 1 1 1
    900    7   10    3 1 1 1
    901    7   10    4 1 1 1
    902    7   10    5 1 1 1
    903    7   10    6 1 1 1
    904    7   10    7 1 1 1
    905    7   10    8 1 1 1
    906    7   10    9 1 1 1
    907    7   10   10 1 1 1
    908    7   10   11 1 1 1
    909    7   10   12 1 1 1
    910    7   10   13 1 1 1
    911    8    1    1 1 1 1
    912    8    1    2 1 1 1
    913    8    1    3 1 1 1
    914    8    1    4 1 1 1
    915    8    1    5 1 1 1
    916    8    1    6 1 1 1
    917    8    1    7 1 1 1
    918    8    1    8 1 1 1
    919    8    1    9 1 1 1
    920    8    1   10 1 1 1
    921    8    1   11 1 1 1
    922    8    1   12 1 1 1
    923    8    1   13 1 1 1
    924    8    2    1 1 1 1
    925    8    2    2 1 1 1
    926    8    2    3 1 1 1
    927    8    2    4 1 1 1
    928    8    2    5 1 1 1
    929    8    2    6 1 1 1
    930    8    2    7 1 1 1
    931    8    2    8 1 1 1
    932    8    2    9 1 1 1
    933    8    2   10 1 1 1
    934    8    2   11 1 1 1
    935    8    2   12 1 1 1
    936    8    2   13 1 1 1
    937    8    3    1 1 1 1
    938    8    3    2 1 1 1
    939    8    3    3 1 1 1
    940    8    3    4 1 1 1
    941    8    3    5 1 1 1
    942    8    3    6 1 1 1
    943    8    3    7 1 1 1
    944    8    3    8 1 1 1
    945    8    3    9 1 1 1
    946    8    3   10 1 1 1
    947    8    3   11 1 1 1
    948    8    3   12 1 1 1
    949    8    3   13 1 1 1
    950    8    4    1 1 1 1
    951    8    4    2 1 1 1
    952    8    4    3 1 1 1
    953    8    4    4 1 1 1
    954    8    4    5 1 1 1
    955    8    4    6 1 1 1
    956    8    4    7 1 1 1
    957    8    4    8 1 1 1
    958    8    4    9 1 1 1
    959    8    4   10 1 1 1
    960    8    4   11 1 1 1
    961    8    4   12 1 1 1
    962    8    4   13 1 1 1
    963    8    5    1 1 1 1
    964    8    5    2 1 1 1
    965    8    5    3 1 1 1
    966    8    5    4 1 1 1
    967    8    5    5 1 1 1
    968    8    5    6 1 1 1
    969    8    5    7 1 1 1
    970    8    5    8 1 1 1
    971    8    5    9 1 1 1
    972    8    5   10 1 1 1
    973    8    5   11 1 1 1
    974    8    5   12 1 1 1
    975    8    5   13 1 1 1
    976    8    6    1 1 1 1
    977    8    6    2 1 1 1
    978    8    6    3 1 1 1
    979    8    6    4 1 1 1
    980    8    6    5 1 1 1
    981    8    6    6 1 1 1
    982    8    6    7 1 1 1
    983    8    6    8 1 1 1
    984    8    6    9 1 1 1
    985    8    6   10 1 1 1
    986    8    6   11 1 1 1
    987    8    6   12 1 1 1
    988    8    6   13 1 1 1
    989    8    7    1 1 1 1
    990    8    7    2 1 1 1
    991    8    7    3 1 1 1
    992    8    7    4 1 1 1
    993    8    7    5 1 1 1
    994    8    7    6 1 1 1
    995    8    7    7 1 1 1
    996    8    7    8 1 1 1
    997    8    7    9 1 1 1
    998    8    7   10 1 1 1
    999    8    7   11 1 1 1
   1000    8    7   12 1 1 1
   1001    8    7   13 1 1 1
   1002    8    8    1 1 1 1
   1003    8    8    2 1 1 1
   1004    8    8    3 1 1 1
   1005    8    8    4 1 1 1
   1006    8    8    5 1 1 1
   1007    8    8    6 1 1 1
   1008    8    8    7 1 1 1
   1009    8    8    8 1 1 1
   1010    8    8    9 1 1 1
   1011    8    8   10 1 1 1
   1012    8    8   11 1 1 1
   1013    8    8   12 1 1 1
   1014    8    8   13 1 1 1
   1015    8    9    1 1 1 1
   1016    8    9    2 1 1 1
   1017    8    9    3 1 1 1
   1018    8    9    4 1 1 1
   1019    8    9    5 1 1 1
   1020    8    9    6 1 1 1
   1021    8    9    7 1 1 1
   1022    8    9    8 1 1 1
   1023    8    9    9 1 1 1
   1024    8    9   10 1 1 1
   1025    8    9   11 1 1 1
   1026    8    9   12 1 1 1
   1027    8    9   13 1 1 1
   1028    8   10    1 1 1 1
   1029    8   10    2 1 1 1
   1030    8   10    3 1 1 1
   1031    8   10    4 1 1 1
   1032    8   10    5 1 1 1
   1033    8   10    6 1 1 1
   1034    8   10    7 1 1 1
   1035    8   10    8 1 1 1
   1036    8   10    9 1 1 1
   1037    8   10   10 1 1 1
   1038    8   10   11 1 1 1
   1039    8   10   12 1 1 1
   1040    8   10   13 1 1 1
   1041    9    1    1 1 1 1
   1042    9    1    2 1 1 1
   1043    9    1    3 1 1 1
   1044    9    1    4 1 1 1
   1045    9    1    5 1 1 1
   1046    9    1    6 1 1 1
   1047    9    1    7 1 1 1
   1048    9    1    8 1 1 1
   1049    9    1    9 1 1 1
   1050    9    1   10 1 1 1
   1051    9    1   11 1 1 1
   1052    9    1   12 1 1 1
   1053    9    1   13 1 1 1
   1054    9    2    1 1 1 1
   1055    9    2    2 1 1 1
   1056    9    2    3 1 1 1
   1057    9    2    4 1 1 1
   1058    9    2    5 1 1 1
   1059    9    2    6 1 1 1
   1060    9    2    7 1 1 1
   1061    9    2    8 1 1 1
   1062    9    2    9 1 1 1
   1063    9    2   10 1 1 1
   1064    9    2   11 1 1 1
   1065    9    2   12 1 1 1
   1066    9    2   13 1 1 1
   1067    9    3    1 1 1 1
   1068    9    3    2 1 1 1
   1069    9    3    3 1 1 1
   1070    9    3    4 1 1 1
   1071    9    3    5 1 1 1
   1072    9    3    6 1 1 1
   1073    9    3    7 1 1 1
   1074    9    3    8 1 1 1
   1075    9    3    9 1 1 1
   1076    9    3   10 1 1 1
   1077    9    3   11 1 1 1
   1078    9    3   12 1 1 1
   1079    9    3   13 1 1 1
   1080    9    4    1 1 1 1
   1081    9    4    2 1 1 1
   1082    9    4    3 1 1 1
   1083    9    4    4 1 1 1
   1084    9    4    5 1 1 1
   1085    9    4    6 1 1 1
   1086    9    4    7 1 1 1
   1087    9    4    8 1 1 1
   1088    9    4    9 1 1 1
   1089    9    4   10 1 1 1
   1090    9    4   11 1 1 1
   1091    9    4   12 1 1 1
   1092    9    4   13 1 1 1
   1093    9    5    1 1 1 1
   1094    9    5    2 1 1 1
   1095    9    5    3 1 1 1
   1096    9    5    4 1 1 1
   1097    9    5    5 1 1 1
   1098    9    5    6 1 1 1
   1099    9    5    7 1 1 1
   1100    9    5    8 1 1 1
   1101    9    5    9 1 1 1
   1102    9    5   10 1 1 1
   1103    9    5   11 1 1 1
   1104    9    5   12 1 1 1
   1105    9    5   13 1 1 1
   1106    9    6    1 1 1 1
   1107    9    6    2 1 1 1
   1108    9    6    3 1 1 1
   1109    9    6    4 1 1 1
   1110    9    6    5 1 1 1
   1111    9    6    6 1 1 1
   1112    9    6    7 1 1 1
   1113    9    6    8 1 1 1
   1114    9    6    9 1 1 1
   1115    9    6   10 1 1 1
   1116    9    6   11 1 1 1
   1117    9    6   12 1 1 1
   1118    9    6   13 1 1 1
   1119    9    7    1 1 1 1
   1120    9    7    2 1 1 1
   1121    9    7    3 1 1 1
   1122    9    7    4 1 1 1
   1123    9    7    5 1 1 1
   1124    9    7    6 1 1 1
   1125    9    7    7 1 1 1
   1126    9    7    8 1 1 1
   1127    9    7    9 1 1 1
   1128    9    7   10 1 1 1
   1129    9    7   11 1 1 1
   1130    9    7   12 1 1 1
   1131    9    7   13 1 1 1
   1132    9    8    1 1 1 1
   1133    9    8    2 1 1 1
   1134    9    8    3 1 1 1
   1135    9    8    4 1 1 1
   1136    9    8    5 1 1 1
   1137    9    8    6 1 1 1
   1138    9    8    7 1 1 1
   1139    9    8    8 1 1 1
   1140    9    8    9 1 1 1
   1141    9    8   10 1 1 1
   1142    9    8   11 1 1 1
   1143    9    8   12 1 1 1
   1144    9    8   13 1 1 1
   1145    9    9    1 1 1 1
   1146    9    9    2 1 1 1
   1147    9    9    3 1 1 1
   1148    9    9    4 1 1 1
   1149    9    9    5 1 1 1
   1150    9    9    6 1 1 1
   1151    9    9    7 1 1 1
   1152    9    9    8 1 1 1
   1153    9    9    9 1 1 1
   1154    9    9   10 1 1 1
   1155    9    9   11 1 1 1
   1156    9    9   12 1 1 1
   1157    9    9   13 1 1 1
   1158    9   10    1 1 1 1
   1159    9   10    2 1 1 1
   1160    9   10    3 1 1 1
   1161    9   10    4 1 1 1
   1162    9   10    5 1 1 1
   1163    9   10    6 1 1 1
   1164    9   10    7 1 1 1
   1165    9   10    8 1 1 1
   1166    9   10    9 1 1 1
   1167    9   10   10 1 1 1
   1168    9   10   11 1 1 1
   1169    9   10   12 1 1 1
   1170    9   10   13 1 1 1
   1171   10    1    1 1 1 1
   1172   10    1    2 1 1 1
   1173   10    1    3 1 1 1
   1174   10    1    4 1 1 1
   1175   10    1    5 1 1 1
   1176   10    1    6 1 1 1
   1177   10    1    7 1 1 1
   1178   10    1    8 1 1 1
   1179   10    1    9 1 1 1
   1180   10    1   10 1 1 1
   1181   10    1   11 1 1 1
   1182   10    1   12 1 1 1
   1183   10    1   13 1 1 1
   1184   10    2    1 1 1 1
   1185   10    2    2 1 1 1
   1186   10    2    3 1 1 1
   1187   10    2    4 1 1 1
   1188   10    2    5 1 1 1
   1189   10    2    6 1 1 1
   1190   10    2    7 1 1 1
   1191   10    2    8 1 1 1
   1192   10    2    9 1 1 1
   1193   10    2   10 1 1 1
   1194   10    2   11 1 1 1
   1195   10    2   12 1 1 1
   1196   10    2   13 1 1 1
   1197   10    3    1 1 1 1
   1198   10    3    2 1 1 1
   1199   10    3    3 1 1 1
   1200   10    3    4 1 1 1
   1201   10    3    5 1 1 1
   1202   10    3    6 1 1 1
   1203   10    3    7 1 1 1
   1204   10    3    8 1 1 1
   1205   10    3    9 1 1 1
   1206   10    3   10 1 1 1
   1207   10    3   11 1 1 1
   1208   10    3   12 1 1 1
   1209   10    3   13 1 1 1
   1210   10    4    1 1 1 1
   1211   10    4    2 1 1 1
   1212   10    4    3 1 1 1
   1213   10    4    4 1 1 1
   1214   10    4    5 1 1 1
   1215   10    4    6 1 1 1
   1216   10    4    7 1 1 1
   1217   10    4    8 1 1 1
   1218   10    4    9 1 1 1
   1219   10    4   10 1 1 1
   1220   10    4   11 1 1 1
   1221   10    4   12 1 1 1
   1222   10    4   13 1 1 1
   1223   10    5    1 1 1 1
   1224   10    5    2 1 1 1
   1225   10    5    3 1 1 1
   1226   10    5    4 1 1 1
   1227   10    5    5 1 1 1
   1228   10    5    6 1 1 1
   1229   10    5    7 1 1 1
   1230   10    5    8 1 1 1
   1231   10    5    9 1 1 1
   1232   10    5   10 1 1 1
   1233   10    5   11 1 1 1
   1234   10    5   12 1 1 1
   1235   10    5   13 1 1 1
   1236   10    6    1 1 1 1
   1237   10    6    2 1 1 1
   1238   10    6    3 1 1 1
   1239   10    6    4 1 1 1
   1240   10    6    5 1 1 1
   1241   10    6    6 1 1 1
   1242   10    6    7 1 1 1
   1243   10    6    8 1 1 1
   1244   10    6    9 1 1 1
   1245   10    6   10 1 1 1
   1246   10    6   11 1 1 1
   1247   10    6   12 1 1 1
   1248   10    6   13 1 1 1
   1249   10    7    1 1 1 1
   1250   10    7    2 1 1 1
   1251   10    7    3 1 1 1
   1252   10    7    4 1 1 1
   1253   10    7    5 1 1 1
   1254   10    7    6 1 1 1
   1255   10    7    7 1 1 1
   1256   10    7    8 1 1 1
   1257   10    7    9 1 1 1
   1258   10    7   10 1 1 1
   1259   10    7   11 1 1 1
   1260   10    7   12 1 1 1
   1261   10    7   13 1 1 1
   1262   10    8    1 1 1 1
   1263   10    8    2 1 1 1
   1264   10    8    3 1 1 1
   1265   10    8    4 1 1 1
   1266   10    8    5 1 1 1
   1267   10    8    6 1 1 1
   1268   10    8    7 1 1 1
   1269   10    8    8 1 1 1
   1270   10    8    9 1 1 1
   1271   10    8   10 1 1 1
   1272   10    8   11 1 1 1
   1273   10    8   12 1 1 1
   1274   10    8   13 1 1 1
   1275   10    9    1 1 1 1
   1276   10    9    2 1 1 1
   1277   10    9    3 1 1 1
   1278   10    9    4 1 1 1
   1279   10    9    5 1 1 1
   1280   10    9    6 1 1 1
   1281   10    9    7 1 1 1
   1282   10    9    8 1 1 1
   1283   10    9    9 1 1 1
   1284   10    9   10 1 1 1
   1285   10    9   11 1 1 1
   1286   10    9   12 1 1 1
   1287   10    9   13 1 1 1
   1288   10   10    1 1 1 1
   1289   10   10    2 1 1 1
   1290   10   10    3 1 1 1
   1291   10   10    4 1 1 1
   1292   10   10    5 1 1 1
   1293   10   10    6 1 1 1
   1294   10   10    7 1 1 1
   1295   10   10    8 1 1 1
   1296   10   10    9 1 1 1
   1297   10   10   10 1 1 1
   1298   10   10   11 1 1 1
   1299   10   10   12 1 1 1
   1300   10   10   13 1 1 1
   1301   11    1    1 1 1 1
   1302   11    1    2 1 1 1
   1303   11    1    3 1 1 1
   1304   11    1    4 1 1 1
   1305   11    1    5 1 1 1
   1306   11    1    6 1 1 1
   1307   11    1    7 1 1 1
   1308   11    1    8 1 1 1
   1309   11    1    9 1 1 1
   1310   11    1   10 1 1 1
   1311   11    1   11 1 1 1
   1312   11    1   12 1 1 1
   1313   11    1   13 1 1 1
   1314   11    2    1 1 1 1
   1315   11    2    2 1 1 1
   1316   11    2    3 1 1 1
   1317   11    2    4 1 1 1
   1318   11    2    5 1 1 1
   1319   11    2    6 1 1 1
   1320   11    2    7 1 1 1
   1321   11    2    8 1 1 1
   1322   11    2    9 1 1 1
   1323   11    2   10 1 1 1
   1324   11    2   11 1 1 1
   1325   11    2   12 1 1 1
   1326   11    2   13 1 1 1
   1327   11    3    1 1 1 1
   1328   11    3    2 1 1 1
   1329   11    3    3 1 1 1
   1330   11    3    4 1 1 1
   1331   11    3    5 1 1 1
   1332   11    3    6 1 1 1
   1333   11    3    7 1 1 1
   1334   11    3    8 1 1 1
   1335   11    3    9 1 1 1
   1336   11    3   10 1 1 1
   1337   11    3   11 1 1 1
   1338   11    3   12 1 1 1
   1339   11    3   13 1 1 1
   1340   11    4    1 1 1 1
   1341   11    4    2 1 1 1
   1342   11    4    3 1 1 1
   1343   11    4    4 1 1 1
   1344   11    4    5 1 1 1
   1345   11    4    6 1 1 1
   1346   11    4    7 1 1 1
   1347   11    4    8 1 1 1
   1348   11    4    9 1 1 1
   1349   11    4   10 1 1 1
   1350   11    4   11 1 1 1
   1351   11    4   12 1 1 1
   1352   11    4   13 1 1 1
   1353   11    5    1 1 1 1
   1354   11    5    2 1 1 1
   1355   11    5    3 1 1 1
   1356   11    5    4 1 1 1
   1357   11    5    5 1 1 1
   1358   11    5    6 1 1 1
   1359   11    5    7 1 1 1
   1360   11    5    8 1 1 1
   1361   11    5    9 1 1 1
   1362   11    5   10 1 1 1
   1363   11    5   11 1 1 1
   1364   11    5   12 1 1 1
   1365   11    5   13 1 1 1
   1366   11    6    1 1 1 1
   1367   11    6    2 1 1 1
   1368   11    6    3 1 1 1
   1369   11    6    4 1 1 1
   1370   11    6    5 1 1 1
   1371   11    6    6 1 1 1
   1372   11    6    7 1 1 1
   1373   11    6    8 1 1 1
   1374   11    6    9 1 1 1
   1375   11    6   10 1 1 1
   1376   11    6   11 1 1 1
   1377   11    6   12 1 1 1
   1378   11    6   13 1 1 1
   1379   11    7    1 1 1 1
   1380   11    7    2 1 1 1
   1381   11    7    3 1 1 1
   1382   11    7    4 1 1 1
   1383   11    7    5 1 1 1
   1384   11    7    6 1 1 1
   1385   11    7    7 1 1 1
   1386   11    7    8 1 1 1
   1387   11    7    9 1 1 1
   1388   11    7   10 1 1 1
   1389   11    7   11 1 1 1
   1390   11    7   12 1 1 1
   1391   11    7   13 1 1 1
   1392   11    8    1 1 1 1
   1393   11    8    2 1 1 1
   1394   11    8    3 1 1 1
   1395   11    8    4 1 1 1
   1396   11    8    5 1 1 1
   1397   11    8    6 1 1 1
   1398   11    8    7 1 1 1
   1399   11    8    8 1 1 1
   1400   11    8    9 1 1 1
   1401   11    8   10 1 1 1
   1402   11    8   11 1 1 1
   1403   11    8   12 1 1 1
   1404   11    8   13 1 1 1
   1405   11    9    1 1 1 1
   1406   11    9    2 1 1 1
   1407   11    9    3 1 1 1
   1408   11    9    4 1 1 1
   1409   11    9    5 1 1 1
   1410   11    9    6 1 1 1
   1411   11    9    7 1 1 1
   1412   11    9    8 1 1 1
   1413   11    9    9 1 1 1
   1414   11    9   10 1 1 1
   1415   11    9   11 1 1 1
   1416   11    9   12 1 1 1
   1417   11    9   13 1 1 1
   1418   11   10    1 1 1 1
   1419   11   10    2 1 1 1
   1420   11   10    3 1 1 1
   1421   11   10    4 1 1 1
   1422   11   10    5 1 1 1
   1423   11   10    6 1 1 1
   1424   11   10    7 1 1 1
   1425   11   10    8 1 1 1
   1426   11   10    9 1 1 1
   1427   11   10   10 1 1 1
   1428   11   10   11 1 1 1
   1429   11   10   12 1 1 1
   1430   11   10   13 1 1 1
   1431   12    1    1 1 1 1
   1432   12    1    2 1 1 1
   1433   12    1    3 1 1 1
   1434   12    1    4 1 1 1
   1435   12    1    5 1 1 1
   1436   12    1    6 1 1 1
   1437   12    1    7 1 1 1
   1438   12    1    8 1 1 1
   1439   12    1    9 1 1 1
   1440   12    1   10 1 1 1
   1441   12    1   11 1 1 1
   1442   12    1   12 1 1 1
   1443   12    1   13 1 1 1
   1444   12    2    1 1 1 1
   1445   12    2    2 1 1 1
   1446   12    2    3 1 1 1
   1447   12    2    4 1 1 1
   1448   12    2    5 1 1 1
   1449   12    2    6 1 1 1
   1450   12    2    7 1 1 1
   1451   12    2    8 1 1 1
   1452   12    2    9 1 1 1
   1453   12    2   10 1 1 1
   1454   12    2   11 1 1 1
   1455   12    2   12 1 1 1
   1456   12    2   13 1 1 1
   1457   12    3    1 1 1 1
   1458   12    3    2 1 1 1
   1459   12    3    3 1 1 1
   1460   12    3    4 1 1 1
   1461   12    3    5 1 1 1
   1462   12    3    6 1 1 1
   1463   12    3    7 1 1 1
   1464   12    3    8 1 1 1
   1465   12    3    9 1 1 1
   1466   12    3   10 1 1 1
   1467   12    3   11 1 1 1
   1468   12    3   12 1 1 1
   1469   12    3   13 1 1 1
   1470   12    4    1 1 1 1
   1471   12    4    2 1 1 1
   1472   12    4    3 1 1 1
   1473   12    4    4 1 1 1
   1474   12    4    5 1 1 1
   1475   12    4    6 1 1 1
   1476   12    4    7 1 1 1
   1477   12    4    8 1 1 1
   1478   12    4    9 1 1 1
   1479   12    4   10 1 1 1
   1480   12    4   11 1 1 1
   1481   12    4   12 1 1 1
   1482   12    4   13 1 1 1
   1483   12    5    1 1 1 1
   1484   12    5    2 1 1 1
   1485   12    5    3 1 1 1
   1486   12    5    4 1 1 1
   1487   12    5    5 1 1 1
   1488   12    5    6 1 1 1
   1489   12    5    7 1 1 1
   1490   12    5    8 1 1 1
   1491   12    5    9 1 1 1
   1492   12    5   10 1 1 1
   1493   12    5   11 1 1 1
   1494   12    5   12 1 1 1
   1495   12    5   13 1 1 1
   1496   12    6    1 1 1 1
   1497   12    6    2 1 1 1
   1498   12    6    3 1 1 1
   1499   12    6    4 1 1 1
   1500   12    6    5 1 1 1
   1501   12    6    6 1 1 1
   1502   12    6    7 1 1 1
   1503   12    6    8 1 1 1
   1504   12    6    9 1 1 1
   1505   12    6   10 1 1 1
   1506   12    6   11 1 1 1
   1507   12    6   12 1 1 1
   1508   12    6   13 1 1 1
   1509   12    7    1 1 1 1
   1510   12    7    2 1 1 1
   1511   12    7    3 1 1 1
   1512   12    7    4 1 1 1
   1513   12    7    5 1 1 1
   1514   12    7    6 1 1 1
   1515   12    7    7 1 1 1
   1516   12    7    8 1 1 1
   1517   12    7    9 1 1 1
   1518   12    7   10 1 1 1
   1519   12    7   11 1 1 1
   1520   12    7   12 1 1 1
   1521   12    7   13 1 1 1
   1522   12    8    1 1 1 1
   1523   12    8    2 1 1 1
   1524   12    8    3 1 1 1
   1525   12    8    4 1 1 1
   1526   12    8    5 1 1 1
   1527   12    8    6 1 1 1
   1528   12    8    7 1 1 1
   1529   12    8    8 1 1 1
   1530   12    8    9 1 1 1
   1531   12    8   10 1 1 1
   1532   12    8   11 1 1 1
   1533   12    8   12 1 1 1
   1534   12    8   13 1 1 1
   1535   12    9    1 1 1 1
   1536   12    9    2 1 1 1
   1537   12    9    3 1 1 1
   1538   12    9    4 1 1 1
   1539   12    9    5 1 1 1
   1540   12    9    6 1 1 1
   1541   12    9    7 1 1 1
   1542   12    9    8 1 1 1
   1543   12    9    9 1 1 1
   1544   12    9   10 1 1 1
   1545   12    9   11 1 1 1
   1546   12    9   12 1 1 1
   1547   12    9   13 1 1 1
   1548   12   10    1 1 1 1
   1549   12   10    2 1 1 1
   1550   12   10    3 1 1 1
   1551   12   10    4 1 1 1
   1552   12   10    5 1 1 1
   1553   12   10    6 1 1 1
   1554   12   10    7 1 1 1
   1555   12   10    8 1 1 1
   1556   12   10    9 1 1 1
   1557   12   10   10 1 1 1
   1558   12   10   11 1 1 1
   1559   12   10   12 1 1 1
   1560   12   10   13 1 1 1
   1561   13    1    1 1 1 1
   1562   13    1    2 1 1 1
   1563   13    1    3 1 1 1
   1564   13    1    4 1 1 1
   1565   13    1    5 1 1 1
   1566   13    1    6 1 1 1
   1567   13    1    7 1 1 1
   1568   13    1    8 1 1 1
   1569   13    1    9 1 1 1
   1570   13    1   10 1 1 1
   1571   13    1   11 1 1 1
   1572   13    1   12 1 1 1
   1573   13    1   13 1 1 1
   1574   13    2    1 1 1 1
   1575   13    2    2 1 1 1
   1576   13    2    3 1 1 1
   1577   13    2    4 1 1 1
   1578   13    2    5 1 1 1
   1579   13    2    6 1 1 1
   1580   13    2    7 1 1 1
   1581   13    2    8 1 1 1
   1582   13    2    9 1 1 1
   1583   13    2   10 1 1 1
   1584   13    2   11 1 1 1
   1585   13    2   12 1 1 1
   1586   13    2   13 1 1 1
   1587   13    3    1 1 1 1
   1588   13    3    2 1 1 1
   1589   13    3    3 1 1 1
   1590   13    3    4 1 1 1
   1591   13    3    5 1 1 1
   1592   13    3    6 1 1 1
   1593   13    3    7 1 1 1
   1594   13    3    8 1 1 1
   1595   13    3    9 1 1 1
   1596   13    3   10 1 1 1
   1597   13    3   11 1 1 1
   1598   13    3   12 1 1 1
   1599   13    3   13 1 1 1
   1600   13    4    1 1 1 1
   1601   13    4    2 1 1 1
   1602   13    4    3 1 1 1
   1603   13    4    4 1 1 1
   1604   13    4    5 1 1 1
   1605   13    4    6 1 1 1
   1606   13    4    7 1 1 1
   1607   13    4    8 1 1 1
   1608   13    4    9 1 1 1
   1609   13    4   10 1 1 1
   1610   13    4   11 1 1 1
   1611   13    4   12 1 1 1
   1612   13    4   13 1 1 1
   1613   13    5    1 1 1 1
   1614   13    5    2 1 1 1
   1615   13    5    3 1 1 1
   1616   13    5    4 1 1 1
   1617   13    5    5 1 1 1
   1618   13    5    6 1 1 1
   1619   13    5    7 1 1 1
   1620   13    5    8 1 1 1
   1621   13    5    9 1 1 1
   1622   13    5   10 1 1 1
   1623   13    5   11 1 1 1
   1624   13    5   12 1 1 1
   1625   13    5   13 1 1 1
   1626   13    6    1 1 1 1
   1627   13    6    2 1 1 1
   1628   13    6    3 1 1 1
   1629   13    6    4 1 1 1
   1630   13    6    5 1 1 1
   1631   13    6    6 1 1 1
   1632   13    6    7 1 1 1
   1633   13    6    8 1 1 1
   1634   13    6    9 1 1 1
   1635   13    6   10 1 1 1
   1636   13    6   11 1 1 1
   1637   13    6   12 1 1 1
   1638   13    6   13 1 1 1
   1639   13    7    1 1 1 1
   1640   13    7    2 1 1 1
   1641   13    7    3 1 1 1
   1642   13    7    4 1 1 1
   1643   13    7    5 1 1 1
   1644   13    7    6 1 1 1
   1645   13    7    7 1 1 1
   1646   13    7    8 1 1 1
   1647   13    7    9 1 1 1
   1648   13    7   10 1 1 1
   1649   13    7   11 1 1 1
   1650   13    7   12 1 1 1
   1651   13    7   13 1 1 1
   1652   13    8    1 1 1 1
   1653   13    8    2 1 1 1
   1654   13    8    3 1 1 1
   1655   13    8    4 1 1 1
   1656   13    8    5 1 1 1
   1657   13    8    6 1 1 1
   1658   13    8    7 1 1 1
   1659   13    8    8 1 1 1
   1660   13    8    9 1 1 1
   1661   13    8   10 1 1 1
   1662   13    8   11 1 1 1
   1663   13    8   12 1 1 1
   1664   13    8   13 1 1 1
   1665   13    9    1 1 1 1
   1666   13    9    2 1 1 1
   1667   13    9    3 1 1 1
   1668   13    9    4 1 1 1
   1669   13    9    5 1 1 1
   1670   13    9    6 1 1 1
   1671   13    9    7 1 1 1
   1672   13    9    8 1 1 1
   1673   13    9    9 1 1 1
   1674   13    9   10 1 1 1
   1675   13    9   11 1 1 1
   1676   13    9   12 1 1 1
   1677   13    9   13 1 1 1
   1678   13   10    1 1 1 1
   1679   13   10    2 1 1 1
   1680   13   10    3 1 1 1
   1681   13   10    4 1 1 1
   1682   13   10    5 1 1 1
   1683   13   10    6 1 1 1
   1684   13   10    7 1 1 1
   1685   13   10    8 1 1 1
   1686   13   10    9 1 1 1
   1687   13   10   10 1 1 1
   1688   13   10   11 1 1 1
   1689   13   10   12 1 1 1
   1690   13   10   13 1 1 1
   1691   14    1    1 1 1 1
   1692   14    1    2 1 1 1
   1693   14    1    3 1 1 1
   1694   14    1    4 1 1 1
   1695   14    1    5 1 1 1
   1696   14    1    6 1 1 1
   1697   14    1    7 1 1 1
   1698   14    1    8 1 1 1
   1699   14    1    9 1 1 1
   1700   14    1   10 1 1 1
   1701   14    1   11 1 1 1
   1702   14    1   12 1 1 1
   1703   14    1   13 1 1 1
   1704   14    2    1 1 1 1
   1705   14    2    2 1 1 1
   1706   14    2    3 1 1 1
   1707   14    2    4 1 1 1
   1708   14    2    5 1 1 1
   1709   14    2    6 1 1 1
   1710   14    2    7 1 1 1
   1711   14    2    8 1 1 1
   1712   14    2    9 1 1 1
   1713   14    2   10 1 1 1
   1714   14    2   11 1 1 1
   1715   14    2   12 1 1 1
   1716   14    2   13 1 1 1
   1717   14    3    1 1 1 1
   1718   14    3    2 1 1 1
   1719   14    3    3 1 1 1
   1720   14    3    4 1 1 1
   1721   14    3    5 1 1 1
   1722   14    3    6 1 1 1
   1723   14    3    7 1 1 1
   1724   14    3    8 1 1 1
   1725   14    3    9 1 1 1
   1726   14    3   10 1 1 1
   1727   14    3   11 1 1 1
   1728   14    3   12 1 1 1
   1729   14    3   13 1 1 1
   1730   14    4    1 1 1 1
   1731   14    4    2 1 1 1
   1732   14    4    3 1 1 1
   1733   14    4    4 1 1 1
   1734   14    4    5 1 1 1
   1735   14    4    6 1 1 1
   1736   14    4    7 1 1 1
   1737   14    4    8 1 1 1
   1738   14    4    9 1 1 1
   1739   14    4   10 1 1 1
   1740   14    4   11 1 1 1
   1741   14    4   12 1 1 1
   1742   14    4   13 1 1 1
   1743   14    5    1 1 1 1
   1744   14    5    2 1 1 1
   1745   14    5    3 1 1 1
   1746   14    5    4 1 1 1
   1747   14    5    5 1 1 1
   1748   14    5    6 1 1 1
   1749   14    5    7 1 1 1
   1750   14    5    8 1 1 1
   1751   14    5    9 1 1 1
   1752   14    5   10 1 1 1
   1753   14    5   11 1 1 1
   1754   14    5   12 1 1 1
   1755   14    5   13 1 1 1
   1756   14    6    1 1 1 1
   1757   14    6    2 1 1 1
   1758   14    6    3 1 1 1
   1759   14    6    4 1 1 1
   1760   14    6    5 1 1 1
   1761   14    6    6 1 1 1
   1762   14    6    7 1 1 1
   1763   14    6    8 1 1 1
   1764   14    6    9 1 1 1
   1765   14    6   10 1 1 1
   1766   14    6   11 1 1 1
   1767   14    6   12 1 1 1
   1768   14    6   13 1 1 1
   1769   14    7    1 1 1 1
   1770   14    7    2 1 1 1
   1771   14    7    3 1 1 1
   1772   14    7    4 1 1 1
   1773   14    7    5 1 1 1
   1774   14    7    6 1 1 1
   1775   14    7    7 1 1 1
   1776   14    7    8 1 1 1
   1777   14    7    9 1 1 1
   1778   14    7   10 1 1 1
   1779   14    7   11 1 1 1
   1780   14    7   12 1 1 1
   1781   14    7   13 1 1 1
   1782   14    8    1 1 1 1
   1783   14    8    2 1 1 1
   1784   14    8    3 1 1 1
   1785   14    8    4 1 1 1
   1786   14    8    5 1 1 1
   1787   14    8    6 1 1 1
   1788   14    8    7 1 1 1
   1789   14    8    8 1 1 1
   1790   14    8    9 1 1 1
   1791   14    8   10 1 1 1
   1792   14    8   11 1 1 1
   1793   14    8   12 1 1 1
   1794   14    8   13 1 1 1
   1795   14    9    1 1 1 1
   1796   14    9    2 1 1 1
   1797   14    9    3 1 1 1
   1798   14    9    4 1 1 1
   1799   14    9    5 1 1 1
   1800   14    9    6 1 1 1
   1801   14    9    7 1 1 1
   1802   14    9    8 1 1 1
   1803   14    9    9 1 1 1
   1804   14    9   10 1 1 1
   1805   14    9   11 1 1 1
   1806   14    9   12 1 1 1
   1807   14    9   13 1 1 1
   1808   14   10    1 1 1 1
   1809   14   10    2 1 1 1
   1810   14   10    3 1 1 1
   1811   14   10    4 1 1 1
   1812   14   10    5 1 1 1
   1813   14   10    6 1 1 1
   1814   14   10    7 1 1 1
   1815   14   10    8 1 1 1
   1816   14   10    9 1 1 1
   1817   14   10   10 1 1 1
   1818   14   10   11 1 1 1
   1819   14   10   12 1 1 1
   1820   14   10   13 1 1 1
   1821   15    1    1 1 1 1
   1822   15    1    2 1 1 1
   1823   15    1    3 1 1 1
   1824   15    1    4 1 1 1
   1825   15    1    5 1 1 1
   1826   15    1    6 1 1 1
   1827   15    1    7 1 1 1
   1828   15    1    8 1 1 1
   1829   15    1    9 1 1 1
   1830   15    1   10 1 1 1
   1831   15    1   11 1 1 1
   1832   15    1   12 1 1 1
   1833   15    1   13 1 1 1
   1834   15    2    1 1 1 1
   1835   15    2    2 1 1 1
   1836   15    2    3 1 1 1
   1837   15    2    4 1 1 1
   1838   15    2    5 1 1 1
   1839   15    2    6 1 1 1
   1840   15    2    7 1 1 1
   1841   15    2    8 1 1 1
   1842   15    2    9 1 1 1
   1843   15    2   10 1 1 1
   1844   15    2   11 1 1 1
   1845   15    2   12 1 1 1
   1846   15    2   13 1 1 1
   1847   15    3    1 1 1 1
   1848   15    3    2 1 1 1
   1849   15    3    3 1 1 1
   1850   15    3    4 1 1 1
   1851   15    3    5 1 1 1
   1852   15    3    6 1 1 1
   1853   15    3    7 1 1 1
   1854   15    3    8 1 1 1
   1855   15    3    9 1 1 1
   1856   15    3   10 1 1 1
   1857   15    3   11 1 1 1
   1858   15    3   12 1 1 1
   1859   15    3   13 1 1 1
   1860   15    4    1 1 1 1
   1861   15    4    2 1 1 1
   1862   15    4    3 1 1 1
   1863   15    4    4 1 1 1
   1864   15    4    5 1 1 1
   1865   15    4    6 1 1 1
   1866   15    4    7 1 1 1
   1867   15    4    8 1 1 1
   1868   15    4    9 1 1 1
   1869   15    4   10 1 1 1
   1870   15    4   11 1 1 1
   1871   15    4   12 1 1 1
   1872   15    4   13 1 1 1
   1873   15    5    1 1 1 1
   1874   15    5    2 1 1 1
   1875   15    5    3 1 1 1
   1876   15    5    4 1 1 1
   1877   15    5    5 1 1 1
   1878   15    5    6 1 1 1
   1879   15    5    7 1 1 1
   1880   15    5    8 1 1 1
   1881   15    5    9 1 1 1
   1882   15    5   10 1 1 1
   1883   15    5   11 1 1 1
   1884   15    5   12 1 1 1
   1885   15    5   13 1 1 1
   1886   15    6    1 1 1 1
   1887   15    6    2 1 1 1
   1888   15    6    3 1 1 1
   1889   15    6    4 1 1 1
   1890   15    6    5 1 1 1
   1891   15    6    6 1 1 1
   1892   15    6    7 1 1 1
   1893   15    6    8 1 1 1
   1894   15    6    9 1 1 1
   1895   15    6   10 1 1 1
   1896   15    6   11 1 1 1
   1897   15    6   12 1 1 1
   1898   15    6   13 1 1 1
   1899   15    7    1 1 1 1
   1900   15    7    2 1 1 1
   1901   15    7    3 1 1 1
   1902   15    7    4 1 1 1
   1903   15    7    5 1 1 1
   1904   15    7    6 1 1 1
   1905   15    7    7 1 1 1
   1906   15    7    8 1 1 1
   1907   15    7    9 1 1 1
   1908   15    7   10 1 1 1
   1909   15    7   11 1 1 1
   1910   15    7   12 1 1 1
   1911   15    7   13 1 1 1
   1912   15    8    1 1 1 1
   1913   15    8    2 1 1 1
   1914   15    8    3 1 1 1
   1915   15    8    4 1 1 1
   1916   15    8    5 1 1 1
   1917   15    8    6 1 1 1
   1918   15    8    7 1 1 1
   1919   15    8    8 1 1 1
   1920   15    8    9 1 1 1
   1921   15    8   10 1 1 1
   1922   15    8   11 1 1 1
   1923   15    8   12 1 1 1
   1924   15    8   13 1 1 1
   1925   15    9    1 1 1 1
   1926   15    9    2 1 1 1
   1927   15    9    3 1 1 1
   1928   15    9    4 1 1 1
   1929   15    9    5 1 1 1
   1930   15    9    6 1 1 1
   1931   15    9    7 1 1 1
   1932   15    9    8 1 1 1
   1933   15    9    9 1 1 1
   1934   15    9   10 1 1 1
   1935   15    9   11 1 1 1
   1936   15    9   12 1 1 1
   1937   15    9   13 1 1 1
   1938   15   10    1 1 1 1
   1939   15   10    2 1 1 1
   1940   15   10    3 1 1 1
   1941   15   10    4 1 1 1
   1942   15   10    5 1 1 1
   1943   15   10    6 1 1 1
   1944   15   10    7 1 1 1
   1945   15   10    8 1 1 1
   1946   15   10    9 1 1 1
   1947   15   10   10 1 1 1
   1948   15   10   11 1 1 1
   1949   15   10   12 1 1 1
   1950   15   10   13 1 1 1
   1951   16    1    1 1 1 1
   1952   16    1    2 1 1 1
   1953   16    1    3 1 1 1
   1954   16    1    4 1 1 1
   1955   16    1    5 1 1 1
   1956   16    1    6 1 1 1
   1957   16    1    7 1 1 1
   1958   16    1    8 1 1 1
   1959   16    1    9 1 1 1
   1960   16    1   10 1 1 1
   1961   16    1   11 1 1 1
   1962   16    1   12 1 1 1
   1963   16    1   13 1 1 1
   1964   16    2    1 1 1 1
   1965   16    2    2 1 1 1
   1966   16    2    3 1 1 1
   1967   16    2    4 1 1 1
   1968   16    2    5 1 1 1
   1969   16    2    6 1 1 1
   1970   16    2    7 1 1 1
   1971   16    2    8 1 1 1
   1972   16    2    9 1 1 1
   1973   16    2   10 1 1 1
   1974   16    2   11 1 1 1
   1975   16    2   12 1 1 1
   1976   16    2   13 1 1 1
   1977   16    3    1 1 1 1
   1978   16    3    2 1 1 1
   1979   16    3    3 1 1 1
   1980   16    3    4 1 1 1
   1981   16    3    5 1 1 1
   1982   16    3    6 1 1 1
   1983   16    3    7 1 1 1
   1984   16    3    8 1 1 1
   1985   16    3    9 1 1 1
   1986   16    3   10 1 1 1
   1987   16    3   11 1 1 1
   1988   16    3   12 1 1 1
   1989   16    3   13 1 1 1
   1990   16    4    1 1 1 1
   1991   16    4    2 1 1 1
   1992   16    4    3 1 1 1
   1993   16    4    4 1 1 1
   1994   16    4    5 1 1 1
   1995   16    4    6 1 1 1
   1996   16    4    7 1 1 1
   1997   16    4    8 1 1 1
   1998   16    4    9 1 1 1
   1999   16    4   10 1 1 1
   2000   16    4   11 1 1 1
   2001   16    4   12 1 1 1
   2002   16    4   13 1 1 1
   2003   16    5    1 1 1 1
   2004   16    5    2 1 1 1
   2005   16    5    3 1 1 1
   2006   16    5    4 1 1 1
   2007   16    5    5 1 1 1
   2008   16    5    6 1 1 1
   2009   16    5    7 1 1 1
   2010   16    5    8 1 1 1
   2011   16    5    9 1 1 1
   2012   16    5   10 1 1 1
   2013   16    5   11 1 1 1
   2014   16    5   12 1 1 1
   2015   16    5   13 1 1 1
   2016   16    6    1 1 1 1
   2017   16    6    2 1 1 1
   2018   16    6    3 1 1 1
   2019   16    6    4 1 1 1
   2020   16    6    5 1 1 1
   2021   16    6    6 1 1 1
   2022   16    6    7 1 1 1
   2023   16    6    8 1 1 1
   2024   16    6    9 1 1 1
   2025   16    6   10 1 1 1
   2026   16    6   11 1 1 1
   2027   16    6   12 1 1 1
   2028   16    6   13 1 1 1
   2029   16    7    1 1 1 1
   2030   16    7    2 1 1 1
   2031   16    7    3 1 1 1
   2032   16    7    4 1 1 1
   2033   16    7    5 1 1 1
   2034   16    7    6 1 1 1
   2035   16    7    7 1 1 1
   2036   16    7    8 1 1 1
   2037   16    7    9 1 1 1
   2038   16    7   10 1 1 1
   2039   16    7   11 1 1 1
   2040   16    7   12 1 1 1
   2041   16    7   13 1 1 1
   2042   16    8    1 1 1 1
   2043   16    8    2 1 1 1
   2044   16    8    3 1 1 1
   2045   16    8    4 1 1 1
   2046   16    8    5 1 1 1
   2047   16    8    6 1 1 1
   2048   16    8    7 1 1 1
   2049   16    8    8 1 1 1
   2050   16    8    9 1 1 1
   2051   16    8   10 1 1 1
   2052   16    8   11 1 1 1
   2053   16    8   12 1 1 1
   2054   16    8   13 1 1 1
   2055   16    9    1 1 1 1
   2056   16    9    2 1 1 1
   2057   16    9    3 1 1 1
   2058   16    9    4 1 1 1
   2059   16    9    5 1 1 1
   2060   16    9    6 1 1 1
   2061   16    9    7 1 1 1
   2062   16    9    8 1 1 1
   2063   16    9    9 1 1 1
   2064   16    9   10 1 1 1
   2065   16    9   11 1 1 1
   2066   16    9   12 1 1 1
   2067   16    9   13 1 1 1
   2068   16   10    1 1 1 1
   2069   16   10    2 1 1 1
   2070   16   10    3 1 1 1
   2071   16   10    4 1 1 1
   2072   16   10    5 1 1 1
   2073   16   10    6 1 1 1
   2074   16   10    7 1 1 1
   2075   16   10    8 1 1 1
   2076   16   10    9 1 1 1
   2077   16   10   10 1 1 1
   2078   16   10   11 1 1 1
   2079   16   10   12 1 1 1
   2080   16   10   13 1 1 1
   2081   17    1    1 1 1 1
   2082   17    1    2 1 1 1
   2083   17    1    3 1 1 1
   2084   17    1    4 1 1 1
   2085   17    1    5 1 1 1
   2086   17    1    6 1 1 1
   2087   17    1    7 1 1 1
   2088   17    1    8 1 1 1
   2089   17    1    9 1 1 1
   2090   17    1   10 1 1 1
   2091   17    1   11 1 1 1
   2092   17    1   12 1 1 1
   2093   17    1   13 1 1 1
   2094   17    2    1 1 1 1
   2095   17    2    2 1 1 1
   2096   17    2    3 1 1 1
   2097   17    2    4 1 1 1
   2098   17    2    5 1 1 1
   2099   17    2    6 1 1 1
   2100   17    2    7 1 1 1
   2101   17    2    8 1 1 1
   2102   17    2    9 1 1 1
   2103   17    2   10 1 1 1
   2104   17    2   11 1 1 1
   2105   17    2   12 1 1 1
   2106   17    2   13 1 1 1
   2107   17    3    1 1 1 1
   2108   17    3    2 1 1 1
   2109   17    3    3 1 1 1
   2110   17    3    4 1 1 1
   2111   17    3    5 1 1 1
   2112   17    3    6 1 1 1
   2113   17    3    7 1 1 1
   2114   17    3    8 1 1 1
   2115   17    3    9 1 1 1
   2116   17    3   10 1 1 1
   2117   17    3   11 1 1 1
   2118   17    3   12 1 1 1
   2119   17    3   13 1 1 1
   2120   17    4    1 1 1 1
   2121   17    4    2 1 1 1
   2122   17    4    3 1 1 1
   2123   17    4    4 1 1 1
   2124   17    4    5 1 1 1
   2125   17    4    6 1 1 1
   2126   17    4    7 1 1 1
   2127   17    4    8 1 1 1
   2128   17    4    9 1 1 1
   2129   17    4   10 1 1 1
   2130   17    4   11 1 1 1
   2131   17    4   12 1 1 1
   2132   17    4   13 1 1 1
   2133   17    5    1 1 1 1
   2134   17    5    2 1 1 1
   2135   17    5    3 1 1 1
   2136   17    5    4 1 1 1
   2137   17    5    5 1 1 1
   2138   17    5    6 1 1 1
   2139   17    5    7 1 1 1
   2140   17    5    8 1 1 1
   2141   17    5    9 1 1 1
   2142   17    5   10 1 1 1
   2143   17    5   11 1 1 1
   2144   17    5   12 1 1 1
   2145   17    5   13 1 1 1
   2146   17    6    1 1 1 1
   2147   17    6    2 1 1 1
   2148   17    6    3 1 1 1
   2149   17    6    4 1 1 1
   2150   17    6    5 1 1 1
   2151   17    6    6 1 1 1
   2152   17    6    7 1 1 1
   2153   17    6    8 1 1 1
   2154   17    6    9 1 1 1
   2155   17    6   10 1 1 1
   2156   17    6   11 1 1 1
   2157   17    6   12 1 1 1
   2158   17    6   13 1 1 1
   2159   17    7    1 1 1 1
   2160   17    7    2 1 1 1
   2161   17    7    3 1 1 1
   2162   17    7    4 1 1 1
   2163   17    7    5 1 1 1
   2164   17    7    6 1 1 1
   2165   17    7    7 1 1 1
   2166   17    7    8 1 1 1
   2167   17    7    9 1 1 1
   2168   17    7   10 1 1 1
   2169   17    7   11 1 1 1
   2170   17    7   12 1 1 1
   2171   17    7   13 1 1 1
   2172   17    8    1 1 1 1
   2173   17    8    2 1 1 1
   2174   17    8    3 1 1 1
   2175   17    8    4 1 1 1
   2176   17    8    5 1 1 1
   2177   17    8    6 1 1 1
   2178   17    8    7 1 1 1
   2179   17    8    8 1 1 1
   2180   17    8    9 1 1 1
   2181   17    8   10 1 1 1
   2182   17    8   11 1 1 1
   2183   17    8   12 1 1 1
   2184   17    8   13 1 1 1
   2185   17    9    1 1 1 1
   2186   17    9    2 1 1 1
   2187   17    9    3 1 1 1
   2188   17    9    4 1 1 1
   2189   17    9    5 1 1 1
   2190   17    9    6 1 1 1
   2191   17    9    7 1 1 1
   2192   17    9    8 1 1 1
   2193   17    9    9 1 1 1
   2194   17    9   10 1 1 1
   2195   17    9   11 1 1 1
   2196   17    9   12 1 1 1
   2197   17    9   13 1 1 1
   2198   17   10    1 1 1 1
   2199   17   10    2 1 1 1
   2200   17   10    3 1 1 1
   2201   17   10    4 1 1 1
   2202   17   10    5 1 1 1
   2203   17   10    6 1 1 1
   2204   17   10    7 1 1 1
   2205   17   10    8 1 1 1
   2206   17   10    9 1 1 1
   2207   17   10   10 1 1 1
   2208   17   10   11 1 1 1
   2209   17   10   12 1 1 1
   2210   17   10   13 1 1 1
   2211   18    1    1 1 1 1
   2212   18    1    2 1 1 1
   2213   18    1    3 1 1 1
   2214   18    1    4 1 1 1
   2215   18    1    5 1 1 1
   2216   18    1    6 1 1 1
   2217   18    1    7 1 1 1
   2218   18    1    8 1 1 1
   2219   18    1    9 1 1 1
   2220   18    1   10 1 1 1
   2221   18    1   11 1 1 1
   2222   18    1   12 1 1 1
   2223   18    1   13 1 1 1
   2224   18    2    1 1 1 1
   2225   18    2    2 1 1 1
   2226   18    2    3 1 1 1
   2227   18    2    4 1 1 1
   2228   18    2    5 1 1 1
   2229   18    2    6 1 1 1
   2230   18    2    7 1 1 1
   2231   18    2    8 1 1 1
   2232   18    2    9 1 1 1
   2233   18    2   10 1 1 1
   2234   18    2   11 1 1 1
   2235   18    2   12 1 1 1
   2236   18    2   13 1 1 1
   2237   18    3    1 1 1 1
   2238   18    3    2 1 1 1
   2239   18    3    3 1 1 1
   2240   18    3    4 1 1 1
   2241   18    3    5 1 1 1
   2242   18    3    6 1 1 1
   2243   18    3    7 1 1 1
   2244   18    3    8 1 1 1
   2245   18    3    9 1 1 1
   2246   18    3   10 1 1 1
   2247   18    3   11 1 1 1
   2248   18    3   12 1 1 1
   2249   18    3   13 1 1 1
   2250   18    4    1 1 1 1
   2251   18    4    2 1 1 1
   2252   18    4    3 1 1 1
   2253   18    4    4 1 1 1
   2254   18    4    5 1 1 1
   2255   18    4    6 1 1 1
   2256   18    4    7 1 1 1
   2257   18    4    8 1 1 1
   2258   18    4    9 1 1 1
   2259   18    4   10 1 1 1
   2260   18    4   11 1 1 1
   2261   18    4   12 1 1 1
   2262   18    4   13 1 1 1
   2263   18    5    1 1 1 1
   2264   18    5    2 1 1 1
   2265   18    5    3 1 1 1
   2266   18    5    4 1 1 1
   2267   18    5    5 1 1 1
   2268   18    5    6 1 1 1
   2269   18    5    7 1 1 1
   2270   18    5    8 1 1 1
   2271   18    5    9 1 1 1
   2272   18    5   10 1 1 1
   2273   18    5   11 1 1 1
   2274   18    5   12 1 1 1
   2275   18    5   13 1 1 1
   2276   18    6    1 1 1 1
   2277   18    6    2 1 1 1
   2278   18    6    3 1 1 1
   2279   18    6    4 1 1 1
   2280   18    6    5 1 1 1
   2281   18    6    6 1 1 1
   2282   18    6    7 1 1 1
   2283   18    6    8 1 1 1
   2284   18    6    9 1 1 1
   2285   18    6   10 1 1 1
   2286   18    6   11 1 1 1
   2287   18    6   12 1 1 1
   2288   18    6   13 1 1 1
   2289   18    7    1 1 1 1
   2290   18    7    2 1 1 1
   2291   18    7    3 1 1 1
   2292   18    7    4 1 1 1
   2293   18    7    5 1 1 1
   2294   18    7    6 1 1 1
   2295   18    7    7 1 1 1
   2296   18    7    8 1 1 1
   2297   18    7    9 1 1 1
   2298   18    7   10 1 1 1
   2299   18    7   11 1 1 1
   2300   18    7   12 1 1 1
   2301   18    7   13 1 1 1
   2302   18    8    1 1 1 1
   2303   18    8    2 1 1 1
   2304   18    8    3 1 1 1
   2305   18    8    4 1 1 1
   2306   18    8    5 1 1 1
   2307   18    8    6 1 1 1
   2308   18    8    7 1 1 1
   2309   18    8    8 1 1 1
   2310   18    8    9 1 1 1
   2311   18    8   10 1 1 1
   2312   18    8   11 1 1 1
   2313   18    8   12 1 1 1
   2314   18    8   13 1 1 1
   2315   18    9    1 1 1 1
   2316   18    9    2 1 1 1
   2317   18    9    3 1 1 1
   2318   18    9    4 1 1 1
   2319   18    9    5 1 1 1
   2320   18    9    6 1 1 1
   2321   18    9    7 1 1 1
   2322   18    9    8 1 1 1
   2323   18    9    9 1 1 1
   2324   18    9   10 1 1 1
   2325   18    9   11 1 1 1
   2326   18    9   12 1 1 1
   2327   18    9   13 1 1 1
   2328   18   10    1 1 1 1
   2329   18   10    2 1 1 1
   2330   18   10    3 1 1 1
   2331   18   10    4 1 1 1
   2332   18   10    5 1 1 1
   2333   18   10    6 1 1 1
   2334   18   10    7 1 1 1
   2335   18   10    8 1 1 1
   2336   18   10    9 1 1 1
   2337   18   10   10 1 1 1
   2338   18   10   11 1 1 1
   2339   18   10   12 1 1 1
   2340   18   10   13 1 1 1
   2341   19    1    1 1 1 1
   2342   19    1    2 1 1 1
   2343   19    1    3 1 1 1
   2344   19    1    4 1 1 1
   2345   19    1    5 1 1 1
   2346   19    1    6 1 1 1
   2347   19    1    7 1 1 1
   2348   19    1    8 1 1 1
   2349   19    1    9 1 1 1
   2350   19    1   10 1 1 1
   2351   19    1   11 1 1 1
   2352   19    1   12 1 1 1
   2353   19    1   13 1 1 1
   2354   19    2    1 1 1 1
   2355   19    2    2 1 1 1
   2356   19    2    3 1 1 1
   2357   19    2    4 1 1 1
   2358   19    2    5 1 1 1
   2359   19    2    6 1 1 1
   2360   19    2    7 1 1 1
   2361   19    2    8 1 1 1
   2362   19    2    9 1 1 1
   2363   19    2   10 1 1 1
   2364   19    2   11 1 1 1
   2365   19    2   12 1 1 1
   2366   19    2   13 1 1 1
   2367   19    3    1 1 1 1
   2368   19    3    2 1 1 1
   2369   19    3    3 1 1 1
   2370   19    3    4 1 1 1
   2371   19    3    5 1 1 1
   2372   19    3    6 1 1 1
   2373   19    3    7 1 1 1
   2374   19    3    8 1 1 1
   2375   19    3    9 1 1 1
   2376   19    3   10 1 1 1
   2377   19    3   11 1 1 1
   2378   19    3   12 1 1 1
   2379   19    3   13 1 1 1
   2380   19    4    1 1 1 1
   2381   19    4    2 1 1 1
   2382   19    4    3 1 1 1
   2383   19    4    4 1 1 1
   2384   19    4    5 1 1 1
   2385   19    4    6 1 1 1
   2386   19    4    7 1 1 1
   2387   19    4    8 1 1 1
   2388   19    4    9 1 1 1
   2389   19    4   10 1 1 1
   2390   19    4   11 1 1 1
   2391   19    4   12 1 1 1
   2392   19    4   13 1 1 1
   2393   19    5    1 1 1 1
   2394   19    5    2 1 1 1
   2395   19    5    3 1 1 1
   2396   19    5    4 1 1 1
   2397   19    5    5 1 1 1
   2398   19    5    6 1 1 1
   2399   19    5    7 1 1 1
   2400   19    5    8 1 1 1
   2401   19    5    9 1 1 1
   2402   19    5   10 1 1 1
   2403   19    5   11 1 1 1
   2404   19    5   12 1 1 1
   2405   19    5   13 1 1 1
   2406   19    6    1 1 1 1
   2407   19    6    2 1 1 1
   2408   19    6    3 1 1 1
   2409   19    6    4 1 1 1
   2410   19    6    5 1 1 1
   2411   19    6    6 1 1 1
   2412   19    6    7 1 1 1
   2413   19    6    8 1 1 1
   2414   19    6    9 1 1 1
   2415   19    6   10 1 1 1
   2416   19    6   11 1 1 1
   2417   19    6   12 1 1 1
   2418   19    6   13 1 1 1
   2419   19    7    1 1 1 1
   2420   19    7    2 1 1 1
   2421   19    7    3 1 1 1
   2422   19    7    4 1 1 1
   2423   19    7    5 1 1 1
   2424   19    7    6 1 1 1
   2425   19    7    7 1 1 1
   2426   19    7    8 1 1 1
   2427   19    7    9 1 1 1
   2428   19    7   10 1 1 1
   2429   19    7   11 1 1 1
   2430   19    7   12 1 1 1
   2431   19    7   13 1 1 1
   2432   19    8    1 1 1 1
   2433   19    8    2 1 1 1
   2434   19    8    3 1 1 1
   2435   19    8    4 1 1 1
   2436   19    8    5 1 1 1
   2437   19    8    6 1 1 1
   2438   19    8    7 1 1 1
   2439   19    8    8 1 1 1
   2440   19    8    9 1 1 1
   2441   19    8   10 1 1 1
   2442   19    8   11 1 1 1
   2443   19    8   12 1 1 1
   2444   19    8   13 1 1 1
   2445   19    9    1 1 1 1
   2446   19    9    2 1 1 1
   2447   19    9    3 1 1 1
   2448   19    9    4 1 1 1
   2449   19    9    5 1 1 1
   2450   19    9    6 1 1 1
   2451   19    9    7 1 1 1
   2452   19    9    8 1 1 1
   2453   19    9    9 1 1 1
   2454   19    9   10 1 1 1
   2455   19    9   11 1 1 1
   2456   19    9   12 1 1 1
   2457   19    9   13 1 1 1
   2458   19   10    1 1 1 1
   2459   19   10    2 1 1 1
   2460   19   10    3 1 1 1
   2461   19   10    4 1 1 1
   2462   19   10    5 1 1 1
   2463   19   10    6 1 1 1
   2464   19   10    7 1 1 1
   2465   19   10    8 1 1 1
   2466   19   10    9 1 1 1
   2467   19   10   10 1 1 1
   2468   19   10   11 1 1 1
   2469   19   10   12 1 1 1
   2470   19   10   13 1 1 1
   2471   20    1    1 1 1 1
   2472   20    1    2 1 1 1
   2473   20    1    3 1 1 1
   2474   20    1    4 1 1 1
   2475   20    1    5 1 1 1
   2476   20    1    6 1 1 1
   2477   20    1    7 1 1 1
   2478   20    1    8 1 1 1
   2479   20    1    9 1 1 1
   2480   20    1   10 1 1 1
   2481   20    1   11 1 1 1
   2482   20    1   12 1 1 1
   2483   20    1   13 1 1 1
   2484   20    2    1 1 1 1
   2485   20    2    2 1 1 1
   2486   20    2    3 1 1 1
   2487   20    2    4 1 1 1
   2488   20    2    5 1 1 1
   2489   20    2    6 1 1 1
   2490   20    2    7 1 1 1
   2491   20    2    8 1 1 1
   2492   20    2    9 1 1 1
   2493   20    2   10 1 1 1
   2494   20    2   11 1 1 1
   2495   20    2   12 1 1 1
   2496   20    2   13 1 1 1
   2497   20    3    1 1 1 1
   2498   20    3    2 1 1 1
   2499   20    3    3 1 1 1
   2500   20    3    4 1 1 1
   2501   20    3    5 1 1 1
   2502   20    3    6 1 1 1
   2503   20    3    7 1 1 1
   2504   20    3    8 1 1 1
   2505   20    3    9 1 1 1
   2506   20    3   10 1 1 1
   2507   20    3   11 1 1 1
   2508   20    3   12 1 1 1
   2509   20    3   13 1 1 1
   2510   20    4    1 1 1 1
   2511   20    4    2 1 1 1
   2512   20    4    3 1 1 1
   2513   20    4    4 1 1 1
   2514   20    4    5 1 1 1
   2515   20    4    6 1 1 1
   2516   20    4    7 1 1 1
   2517   20    4    8 1 1 1
   2518   20    4    9 1 1 1
   2519   20    4   10 1 1 1
   2520   20    4   11 1 1 1
   2521   20    4   12 1 1 1
   2522   20    4   13 1 1 1
   2523   20    5    1 1 1 1
   2524   20    5    2 1 1 1
   2525   20    5    3 1 1 1
   2526   20    5    4 1 1 1
   2527   20    5    5 1 1 1
   2528   20    5    6 1 1 1
   2529   20    5    7 1 1 1
   2530   20    5    8 1 1 1
   2531   20    5    9 1 1 1
   2532   20    5   10 1 1 1
   2533   20    5   11 1 1 1
   2534   20    5   12 1 1 1
   2535   20    5   13 1 1 1
   2536   20    6    1 1 1 1
   2537   20    6    2 1 1 1
   2538   20    6    3 1 1 1
   2539   20    6    4 1 1 1
   2540   20    6    5 1 1 1
   2541   20    6    6 1 1 1
   2542   20    6    7 1 1 1
   2543   20    6    8 1 1 1
   2544   20    6    9 1 1 1
   2545   20    6   10 1 1 1
   2546   20    6   11 1 1 1
   2547   20    6   12 1 1 1
   2548   20    6   13 1 1 1
   2549   20    7    1 1 1 1
   2550   20    7    2 1 1 1
   2551   20    7    3 1 1 1
   2552   20    7    4 1 1 1
   2553   20    7    5 1 1 1
   2554   20    7    6 1 1 1
   2555   20    7    7 1 1 1
   2556   20    7    8 1 1 1
   2557   20    7    9 1 1 1
   2558   20    7   10 1 1 1
   2559   20    7   11 1 1 1
   2560   20    7   12 1 1 1
   2561   20    7   13 1 1 1
   2562   20    8    1 1 1 1
   2563   20    8    2 1 1 1
   2564   20    8    3 1 1 1
   2565   20    8    4 1 1 1
   2566   20    8    5 1 1 1
   2567   20    8    6 1 1 1
   2568   20    8    7 1 1 1
   2569   20    8    8 1 1 1
   2570   20    8    9 1 1 1
   2571   20    8   10 1 1 1
   2572   20    8   11 1 1 1
   2573   20    8   12 1 1 1
   2574   20    8   13 1 1 1
   2575   20    9    1 1 1 1
   2576   20    9    2 1 1 1
   2577   20    9    3 1 1 1
   2578   20    9    4 1 1 1
   2579   20    9    5 1 1 1
   2580   20    9    6 1 1 1
   2581   20    9    7 1 1 1
   2582   20    9    8 1 1 1
   2583   20    9    9 1 1 1
   2584   20    9   10 1 1 1
   2585   20    9   11 1 1 1
   2586   20    9   12 1 1 1
   2587   20    9   13 1 1 1
   2588   20   10    1 1 1 1
   2589   20   10    2 1 1 1
   2590   20   10    3 1 1 1
   2591   20   10    4 1 1 1
   2592   20   10    5 1 1 1
   2593   20   10    6 1 1 1
   2594   20   10    7 1 1 1
   2595   20   10    8 1 1 1
   2596   20   10    9 1 1 1
   2597   20   10   10 1 1 1
   2598   20   10   11 1 1 1
   2599   20   10   12 1 1 1
   2600   20   10   13 1 1 1
