 >REASHP: option FROM_FILE
      3146 = NAT
  1.000000  0.000000  0.000000 = A_1 vector
  0.000000  1.000000  0.000000 = A_2 vector
  1.000000  1.000000  1.000000 = lattice spacings (d_x,d_y,d_z)/d
  -0.05060  -0.05370  -0.12880 = lattice offset x0(1-3) = (x_TF,y_TF,z_TF)/d for dipole 0 0 0
     JA  IX  IY  IZ ICOMP(x,y,z)
      1    1    1    1 1 1 1
      2    1    1    2 1 1 1
      3    1    1    3 1 1 1
      4    1    1    4 1 1 1
      5    1    1    5 1 1 1
      6    1    1    6 1 1 1
      7    1    1    7 1 1 1
      8    1    1    8 1 1 1
      9    1    1    9 1 1 1
     10    1    1   10 1 1 1
     11    1    1   11 1 1 1
     12    1    1   12 1 1 1
     13    1    1   13 1 1 1
     14    1    1   14 1 1 1
     15    1    1   15 1 1 1
     16    1    1   16 1 1 1
     17    1    1   17 1 1 1
     18    1    1   18 1 1 1
     19    1    1   19 1 1 1
     20    1    1   20 1 1 1
     21    1    1   21 1 1 1
     22    1    1   22 1 1 1
     23    1    1   23 1 1 1
     24    1    1   24 1 1 1
     25    1    1   25 1 1 1
     26    1    1   26 1 1 1
     27    1    2    1 1 1 1
     28    1    2    2 1 1 1
     29    1    2    3 1 1 1
     30    1    2    4 1 1 1
     31    1    2    5 1 1 1
     32    1    2    6 1 1 1
     33    1    2    7 1 1 1
     34    1    2    8 1 1 1
     35    1    2    9 1 1 1
     36    1    2   10 1 1 1
     37    1    2   11 1 1 1
     38    1    2   12 1 1 1
     39    1    2   13 1 1 1
     40    1    2   14 1 1 1
     41    1    2   15 1 1 1
     42    1    2   16 1 1 1
     43    1    2   17 1 1 1
     44    1    2   18 1 1 1
     45    1    2   19 1 1 1
     46    1    2   20 1 1 1
     47    1    2   21 1 1 1
     48    1    2   22 1 1 1
     49    1    2   23 1 1 1
     50    1    2   24 1 1 1
     51    1    2   25 1 1 1
     52    1    2   26 1 1 1
     53    1    3    1 1 1 1
     54    1    3    2 1 1 1
     55    1    3    3 1 1 1
     56    1    3    4 1 1 1
     57    1    3    5 1 1 1
     58    1    3    6 1 1 1
     59    1    3    7 1 1 1
     60    1    3    8 1 1 1
     61    1    3    9 1 1 1
     62    1    3   10 1 1 1
     63    1    3   11 1 1 1
     64    1    3   12 1 1 1
     65    1    3   13 1 1 1
     66    1    3   14 1 1 1
     67    1    3   15 1 1 1
     68    1    3   16 1 1 1
     69    1    3   17 1 1 1
     70    1    3   18 1 1 1
     71    1    3   19 1 1 1
     72    1    3   20 1 1 1
     73    1    3   21 1 1 1
     74    1    3   22 1 1 1
     75    1    3   23 1 1 1
     76    1    3   24 1 1 1
     77    1    3   25 1 1 1
     78    1    3   26 1 1 1
     79    1    4    1 1 1 1
     80    1    4    2 1 1 1
     81    1    4    3 1 1 1
     82    1    4    4 1 1 1
     83    1    4    5 1 1 1
     84    1    4    6 1 1 1
     85    1    4    7 1 1 1
     86    1    4    8 1 1 1
     87    1    4    9 1 1 1
     88    1    4   10 1 1 1
     89    1    4   11 1 1 1
     90    1    4   12 1 1 1
     91    1    4   13 1 1 1
     92    1    4   14 1 1 1
     93    1    4   15 1 1 1
     94    1    4   16 1 1 1
     95    1    4   17 1 1 1
     96    1    4   18 1 1 1
     97    1    4   19 1 1 1
     98    1    4   20 1 1 1
     99    1    4   21 1 1 1
    100    1    4   22 1 1 1
    101    1    4   23 1 1 1
    102    1    4   24 1 1 1
    103    1    4   25 1 1 1
    104    1    4   26 1 1 1
    105    1    5    1 1 1 1
    106    1    5    2 1 1 1
    107    1    5    3 1 1 1
    108    1    5    4 1 1 1
    109    1    5    5 1 1 1
    110    1    5    6 1 1 1
    111    1    5    7 1 1 1
    112    1    5    8 1 1 1
    113    1    5    9 1 1 1
    114    1    5   10 1 1 1
    115    1    5   11 1 1 1
    116    1    5   12 1 1 1
    117    1    5   13 1 1 1
    118    1    5   14 1 1 1
    119    1    5   15 1 1 1
    120    1    5   16 1 1 1
    121    1    5   17 1 1 1
    122    1    5   18 1 1 1
    123    1    5   19 1 1 1
    124    1    5   20 1 1 1
    125    1    5   21 1 1 1
    126    1    5   22 1 1 1
    127    1    5   23 1 1 1
    128    1    5   24 1 1 1
    129    1    5   25 1 1 1
    130    1    5   26 1 1 1
    131    1    6    1 1 1 1
    132    1    6    2 1 1 1
    133    1    6    3 1 1 1
    134    1    6    4 1 1 1
    135    1    6    5 1 1 1
    136    1    6    6 1 1 1
    137    1    6    7 1 1 1
    138    1    6    8 1 1 1
    139    1    6    9 1 1 1
    140    1    6   10 1 1 1
    141    1    6   11 1 1 1
    142    1    6   12 1 1 1
    143    1    6   13 1 1 1
    144    1    6   14 1 1 1
    145    1    6   15 1 1 1
    146    1    6   16 1 1 1
    147    1    6   17 1 1 1
    148    1    6   18 1 1 1
    149    1    6   19 1 1 1
    150    1    6   20 1 1 1
    151    1    6   21 1 1 1
    152    1    6   22 1 1 1
    153    1    6   23 1 1 1
    154    1    6   24 1 1 1
    155    1    6   25 1 1 1
    156    1    6   26 1 1 1
    157    1    7    1 1 1 1
    158    1    7    2 1 1 1
    159    1    7    3 1 1 1
    160    1    7    4 1 1 1
    161    1    7    5 1 1 1
    162    1    7    6 1 1 1
    163    1    7    7 1 1 1
    164    1    7    8 1 1 1
    165    1    7    9 1 1 1
    166    1    7   10 1 1 1
    167    1    7   11 1 1 1
    168    1    7   12 1 1 1
    169    1    7   13 1 1 1
    170    1    7   14 1 1 1
    171    1    7   15 1 1 1
    172    1    7   16 1 1 1
    173    1    7   17 1 1 1
    174    1    7   18 1 1 1
    175    1    7   19 1 1 1
    176    1    7   20 1 1 1
    177    1    7   21 1 1 1
    178    1    7   22 1 1 1
    179    1    7   23 1 1 1
    180    1    7   24 1 1 1
    181    1    7   25 1 1 1
    182    1    7   26 1 1 1
    183    1    8    1 1 1 1
    184    1    8    2 1 1 1
    185    1    8    3 1 1 1
    186    1    8    4 1 1 1
    187    1    8    5 1 1 1
    188    1    8    6 1 1 1
    189    1    8    7 1 1 1
    190    1    8    8 1 1 1
    191    1    8    9 1 1 1
    192    1    8   10 1 1 1
    193    1    8   11 1 1 1
    194    1    8   12 1 1 1
    195    1    8   13 1 1 1
    196    1    8   14 1 1 1
    197    1    8   15 1 1 1
    198    1    8   16 1 1 1
    199    1    8   17 1 1 1
    200    1    8   18 1 1 1
    201    1    8   19 1 1 1
    202    1    8   20 1 1 1
    203    1    8   21 1 1 1
    204    1    8   22 1 1 1
    205    1    8   23 1 1 1
    206    1    8   24 1 1 1
    207    1    8   25 1 1 1
    208    1    8   26 1 1 1
    209    1    9    1 1 1 1
    210    1    9    2 1 1 1
    211    1    9    3 1 1 1
    212    1    9    4 1 1 1
    213    1    9    5 1 1 1
    214    1    9    6 1 1 1
    215    1    9    7 1 1 1
    216    1    9    8 1 1 1
    217    1    9    9 1 1 1
    218    1    9   10 1 1 1
    219    1    9   11 1 1 1
    220    1    9   12 1 1 1
    221    1    9   13 1 1 1
    222    1    9   14 1 1 1
    223    1    9   15 1 1 1
    224    1    9   16 1 1 1
    225    1    9   17 1 1 1
    226    1    9   18 1 1 1
    227    1    9   19 1 1 1
    228    1    9   20 1 1 1
    229    1    9   21 1 1 1
    230    1    9   22 1 1 1
    231    1    9   23 1 1 1
    232    1    9   24 1 1 1
    233    1    9   25 1 1 1
    234    1    9   26 1 1 1
    235    1   10    1 1 1 1
    236    1   10    2 1 1 1
    237    1   10    3 1 1 1
    238    1   10    4 1 1 1
    239    1   10    5 1 1 1
    240    1   10    6 1 1 1
    241    1   10    7 1 1 1
    242    1   10    8 1 1 1
    243    1   10    9 1 1 1
    244    1   10   10 1 1 1
    245    1   10   11 1 1 1
    246    1   10   12 1 1 1
    247    1   10   13 1 1 1
    248    1   10   14 1 1 1
    249    1   10   15 1 1 1
    250    1   10   16 1 1 1
    251    1   10   17 1 1 1
    252    1   10   18 1 1 1
    253    1   10   19 1 1 1
    254    1   10   20 1 1 1
    255    1   10   21 1 1 1
    256    1   10   22 1 1 1
    257    1   10   23 1 1 1
    258    1   10   24 1 1 1
    259    1   10   25 1 1 1
    260    1   10   26 1 1 1
    261    1   11    1 1 1 1
    262    1   11    2 1 1 1
    263    1   11    3 1 1 1
    264    1   11    4 1 1 1
    265    1   11    5 1 1 1
    266    1   11    6 1 1 1
    267    1   11    7 1 1 1
    268    1   11    8 1 1 1
    269    1   11    9 1 1 1
    270    1   11   10 1 1 1
    271    1   11   11 1 1 1
    272    1   11   12 1 1 1
    273    1   11   13 1 1 1
    274    1   11   14 1 1 1
    275    1   11   15 1 1 1
    276    1   11   16 1 1 1
    277    1   11   17 1 1 1
    278    1   11   18 1 1 1
    279    1   11   19 1 1 1
    280    1   11   20 1 1 1
    281    1   11   21 1 1 1
    282    1   11   22 1 1 1
    283    1   11   23 1 1 1
    284    1   11   24 1 1 1
    285    1   11   25 1 1 1
    286    1   11   26 1 1 1
    287    2    1    1 1 1 1
    288    2    1    2 1 1 1
    289    2    1    3 1 1 1
    290    2    1    4 1 1 1
    291    2    1    5 1 1 1
    292    2    1    6 1 1 1
    293    2    1    7 1 1 1
    294    2    1    8 1 1 1
    295    2    1    9 1 1 1
    296    2    1   10 1 1 1
    297    2    1   11 1 1 1
    298    2    1   12 1 1 1
    299    2    1   13 1 1 1
    300    2    1   14 1 1 1
    301    2    1   15 1 1 1
    302    2    1   16 1 1 1
    303    2    1   17 1 1 1
    304    2    1   18 1 1 1
    305    2    1   19 1 1 1
    306    2    1   20 1 1 1
    307    2    1   21 1 1 1
    308    2    1   22 1 1 1
    309    2    1   23 1 1 1
    310    2    1   24 1 1 1
    311    2    1   25 1 1 1
    312    2    1   26 1 1 1
    313    2    2    1 1 1 1
    314    2    2    2 1 1 1
    315    2    2    3 1 1 1
    316    2    2    4 1 1 1
    317    2    2    5 1 1 1
    318    2    2    6 1 1 1
    319    2    2    7 1 1 1
    320    2    2    8 1 1 1
    321    2    2    9 1 1 1
    322    2    2   10 1 1 1
    323    2    2   11 1 1 1
    324    2    2   12 1 1 1
    325    2    2   13 1 1 1
    326    2    2   14 1 1 1
    327    2    2   15 1 1 1
    328    2    2   16 1 1 1
    329    2    2   17 1 1 1
    330    2    2   18 1 1 1
    331    2    2   19 1 1 1
    332    2    2   20 1 1 1
    333    2    2   21 1 1 1
    334    2    2   22 1 1 1
    335    2    2   23 1 1 1
    336    2    2   24 1 1 1
    337    2    2   25 1 1 1
    338    2    2   26 1 1 1
    339    2    3    1 1 1 1
    340    2    3    2 1 1 1
    341    2    3    3 1 1 1
    342    2    3    4 1 1 1
    343    2    3    5 1 1 1
    344    2    3    6 1 1 1
    345    2    3    7 1 1 1
    346    2    3    8 1 1 1
    347    2    3    9 1 1 1
    348    2    3   10 1 1 1
    349    2    3   11 1 1 1
    350    2    3   12 1 1 1
    351    2    3   13 1 1 1
    352    2    3   14 1 1 1
    353    2    3   15 1 1 1
    354    2    3   16 1 1 1
    355    2    3   17 1 1 1
    356    2    3   18 1 1 1
    357    2    3   19 1 1 1
    358    2    3   20 1 1 1
    359    2    3   21 1 1 1
    360    2    3   22 1 1 1
    361    2    3   23 1 1 1
    362    2    3   24 1 1 1
    363    2    3   25 1 1 1
    364    2    3   26 1 1 1
    365    2    4    1 1 1 1
    366    2    4    2 1 1 1
    367    2    4    3 1 1 1
    368    2    4    4 1 1 1
    369    2    4    5 1 1 1
    370    2    4    6 1 1 1
    371    2    4    7 1 1 1
    372    2    4    8 1 1 1
    373    2    4    9 1 1 1
    374    2    4   10 1 1 1
    375    2    4   11 1 1 1
    376    2    4   12 1 1 1
    377    2    4   13 1 1 1
    378    2    4   14 1 1 1
    379    2    4   15 1 1 1
    380    2    4   16 1 1 1
    381    2    4   17 1 1 1
    382    2    4   18 1 1 1
    383    2    4   19 1 1 1
    384    2    4   20 1 1 1
    385    2    4   21 1 1 1
    386    2    4   22 1 1 1
    387    2    4   23 1 1 1
    388    2    4   24 1 1 1
    389    2    4   25 1 1 1
    390    2    4   26 1 1 1
    391    2    5    1 1 1 1
    392    2    5    2 1 1 1
    393    2    5    3 1 1 1
    394    2    5    4 1 1 1
    395    2    5    5 1 1 1
    396    2    5    6 1 1 1
    397    2    5    7 1 1 1
    398    2    5    8 1 1 1
    399    2    5    9 1 1 1
    400    2    5   10 1 1 1
    401    2    5   11 1 1 1
    402    2    5   12 1 1 1
    403    2    5   13 1 1 1
    404    2    5   14 1 1 1
    405    2    5   15 1 1 1
    406    2    5   16 1 1 1
    407    2    5   17 1 1 1
    408    2    5   18 1 1 1
    409    2    5   19 1 1 1
    410    2    5   20 1 1 1
    411    2    5   21 1 1 1
    412    2    5   22 1 1 1
    413    2    5   23 1 1 1
    414    2    5   24 1 1 1
    415    2    5   25 1 1 1
    416    2    5   26 1 1 1
    417    2    6    1 1 1 1
    418    2    6    2 1 1 1
    419    2    6    3 1 1 1
    420    2    6    4 1 1 1
    421    2    6    5 1 1 1
    422    2    6    6 1 1 1
    423    2    6    7 1 1 1
    424    2    6    8 1 1 1
    425    2    6    9 1 1 1
    426    2    6   10 1 1 1
    427    2    6   11 1 1 1
    428    2    6   12 1 1 1
    429    2    6   13 1 1 1
    430    2    6   14 1 1 1
    431    2    6   15 1 1 1
    432    2    6   16 1 1 1
    433    2    6   17 1 1 1
    434    2    6   18 1 1 1
    435    2    6   19 1 1 1
    436    2    6   20 1 1 1
    437    2    6   21 1 1 1
    438    2    6   22 1 1 1
    439    2    6   23 1 1 1
    440    2    6   24 1 1 1
    441    2    6   25 1 1 1
    442    2    6   26 1 1 1
    443    2    7    1 1 1 1
    444    2    7    2 1 1 1
    445    2    7    3 1 1 1
    446    2    7    4 1 1 1
    447    2    7    5 1 1 1
    448    2    7    6 1 1 1
    449    2    7    7 1 1 1
    450    2    7    8 1 1 1
    451    2    7    9 1 1 1
    452    2    7   10 1 1 1
    453    2    7   11 1 1 1
    454    2    7   12 1 1 1
    455    2    7   13 1 1 1
    456    2    7   14 1 1 1
    457    2    7   15 1 1 1
    458    2    7   16 1 1 1
    459    2    7   17 1 1 1
    460    2    7   18 1 1 1
    461    2    7   19 1 1 1
    462    2    7   20 1 1 1
    463    2    7   21 1 1 1
    464    2    7   22 1 1 1
    465    2    7   23 1 1 1
    466    2    7   24 1 1 1
    467    2    7   25 1 1 1
    468    2    7   26 1 1 1
    469    2    8    1 1 1 1
    470    2    8    2 1 1 1
    471    2    8    3 1 1 1
    472    2    8    4 1 1 1
    473    2    8    5 1 1 1
    474    2    8    6 1 1 1
    475    2    8    7 1 1 1
    476    2    8    8 1 1 1
    477    2    8    9 1 1 1
    478    2    8   10 1 1 1
    479    2    8   11 1 1 1
    480    2    8   12 1 1 1
    481    2    8   13 1 1 1
    482    2    8   14 1 1 1
    483    2    8   15 1 1 1
    484    2    8   16 1 1 1
    485    2    8   17 1 1 1
    486    2    8   18 1 1 1
    487    2    8   19 1 1 1
    488    2    8   20 1 1 1
    489    2    8   21 1 1 1
    490    2    8   22 1 1 1
    491    2    8   23 1 1 1
    492    2    8   24 1 1 1
    493    2    8   25 1 1 1
    494    2    8   26 1 1 1
    495    2    9    1 1 1 1
    496    2    9    2 1 1 1
    497    2    9    3 1 1 1
    498    2    9    4 1 1 1
    499    2    9    5 1 1 1
    500    2    9    6 1 1 1
    501    2    9    7 1 1 1
    502    2    9    8 1 1 1
    503    2    9    9 1 1 1
    504    2    9   10 1 1 1
    505    2    9   11 1 1 1
    506    2    9   12 1 1 1
    507    2    9   13 1 1 1
    508    2    9   14 1 1 1
    509    2    9   15 1 1 1
    510    2    9   16 1 1 1
    511    2    9   17 1 1 1
    512    2    9   18 1 1 1
    513    2    9   19 1 1 1
    514    2    9   20 1 1 1
    515    2    9   21 1 1 1
    516    2    9   22 1 1 1
    517    2    9   23 1 1 1
    518    2    9   24 1 1 1
    519    2    9   25 1 1 1
    520    2    9   26 1 1 1
    521    2   10    1 1 1 1
    522    2   10    2 1 1 1
    523    2   10    3 1 1 1
    524    2   10    4 1 1 1
    525    2   10    5 1 1 1
    526    2   10    6 1 1 1
    527    2   10    7 1 1 1
    528    2   10    8 1 1 1
    529    2   10    9 1 1 1
    530    2   10   10 1 1 1
    531    2   10   11 1 1 1
    532    2   10   12 1 1 1
    533    2   10   13 1 1 1
    534    2   10   14 1 1 1
    535    2   10   15 1 1 1
    536    2   10   16 1 1 1
    537    2   10   17 1 1 1
    538    2   10   18 1 1 1
    539    2   10   19 1 1 1
    540    2   10   20 1 1 1
    541    2   10   21 1 1 1
    542    2   10   22 1 1 1
    543    2   10   23 1 1 1
    544    2   10   24 1 1 1
    545    2   10   25 1 1 1
    546    2   10   26 1 1 1
    547    2   11    1 1 1 1
    548    2   11    2 1 1 1
    549    2   11    3 1 1 1
    550    2   11    4 1 1 1
    551    2   11    5 1 1 1
    552    2   11    6 1 1 1
    553    2   11    7 1 1 1
    554    2   11    8 1 1 1
    555    2   11    9 1 1 1
    556    2   11   10 1 1 1
    557    2   11   11 1 1 1
    558    2   11   12 1 1 1
    559    2   11   13 1 1 1
    560    2   11   14 1 1 1
    561    2   11   15 1 1 1
    562    2   11   16 1 1 1
    563    2   11   17 1 1 1
    564    2   11   18 1 1 1
    565    2   11   19 1 1 1
    566    2   11   20 1 1 1
    567    2   11   21 1 1 1
    568    2   11   22 1 1 1
    569    2   11   23 1 1 1
    570    2   11   24 1 1 1
    571    2   11   25 1 1 1
    572    2   11   26 1 1 1
    573    3    1    1 1 1 1
    574    3    1    2 1 1 1
    575    3    1    3 1 1 1
    576    3    1    4 1 1 1
    577    3    1    5 1 1 1
    578    3    1    6 1 1 1
    579    3    1    7 1 1 1
    580    3    1    8 1 1 1
    581    3    1    9 1 1 1
    582    3    1   10 1 1 1
    583    3    1   11 1 1 1
    584    3    1   12 1 1 1
    585    3    1   13 1 1 1
    586    3    1   14 1 1 1
    587    3    1   15 1 1 1
    588    3    1   16 1 1 1
    589    3    1   17 1 1 1
    590    3    1   18 1 1 1
    591    3    1   19 1 1 1
    592    3    1   20 1 1 1
    593    3    1   21 1 1 1
    594    3    1   22 1 1 1
    595    3    1   23 1 1 1
    596    3    1   24 1 1 1
    597    3    1   25 1 1 1
    598    3    1   26 1 1 1
    599    3    2    1 1 1 1
    600    3    2    2 1 1 1
    601    3    2    3 1 1 1
    602    3    2    4 1 1 1
    603    3    2    5 1 1 1
    604    3    2    6 1 1 1
    605    3    2    7 1 1 1
    606    3    2    8 1 1 1
    607    3    2    9 1 1 1
    608    3    2   10 1 1 1
    609    3    2   11 1 1 1
    610    3    2   12 1 1 1
    611    3    2   13 1 1 1
    612    3    2   14 1 1 1
    613    3    2   15 1 1 1
    614    3    2   16 1 1 1
    615    3    2   17 1 1 1
    616    3    2   18 1 1 1
    617    3    2   19 1 1 1
    618    3    2   20 1 1 1
    619    3    2   21 1 1 1
    620    3    2   22 1 1 1
    621    3    2   23 1 1 1
    622    3    2   24 1 1 1
    623    3    2   25 1 1 1
    624    3    2   26 1 1 1
    625    3    3    1 1 1 1
    626    3    3    2 1 1 1
    627    3    3    3 1 1 1
    628    3    3    4 1 1 1
    629    3    3    5 1 1 1
    630    3    3    6 1 1 1
    631    3    3    7 1 1 1
    632    3    3    8 1 1 1
    633    3    3    9 1 1 1
    634    3    3   10 1 1 1
    635    3    3   11 1 1 1
    636    3    3   12 1 1 1
    637    3    3   13 1 1 1
    638    3    3   14 1 1 1
    639    3    3   15 1 1 1
    640    3    3   16 1 1 1
    641    3    3   17 1 1 1
    642    3    3   18 1 1 1
    643    3    3   19 1 1 1
    644    3    3   20 1 1 1
    645    3    3   21 1 1 1
    646    3    3   22 1 1 1
    647    3    3   23 1 1 1
    648    3    3   24 1 1 1
    649    3    3   25 1 1 1
    650    3    3   26 1 1 1
    651    3    4    1 1 1 1
    652    3    4    2 1 1 1
    653    3    4    3 1 1 1
    654    3    4    4 1 1 1
    655    3    4    5 1 1 1
    656    3    4    6 1 1 1
    657    3    4    7 1 1 1
    658    3    4    8 1 1 1
    659    3    4    9 1 1 1
    660    3    4   10 1 1 1
    661    3    4   11 1 1 1
    662    3    4   12 1 1 1
    663    3    4   13 1 1 1
    664    3    4   14 1 1 1
    665    3    4   15 1 1 1
    666    3    4   16 1 1 1
    667    3    4   17 1 1 1
    668    3    4   18 1 1 1
    669    3    4   19 1 1 1
    670    3    4   20 1 1 1
    671    3    4   21 1 1 1
    672    3    4   22 1 1 1
    673    3    4   23 1 1 1
    674    3    4   24 1 1 1
    675    3    4   25 1 1 1
    676    3    4   26 1 1 1
    677    3    5    1 1 1 1
    678    3    5    2 1 1 1
    679    3    5    3 1 1 1
    680    3    5    4 1 1 1
    681    3    5    5 1 1 1
    682    3    5    6 1 1 1
    683    3    5    7 1 1 1
    684    3    5    8 1 1 1
    685    3    5    9 1 1 1
    686    3    5   10 1 1 1
    687    3    5   11 1 1 1
    688    3    5   12 1 1 1
    689    3    5   13 1 1 1
    690    3    5   14 1 1 1
    691    3    5   15 1 1 1
    692    3    5   16 1 1 1
    693    3    5   17 1 1 1
    694    3    5   18 1 1 1
    695    3    5   19 1 1 1
    696    3    5   20 1 1 1
    697    3    5   21 1 1 1
    698    3    5   22 1 1 1
    699    3    5   23 1 1 1
    700    3    5   24 1 1 1
    701    3    5   25 1 1 1
    702    3    5   26 1 1 1
    703    3    6    1 1 1 1
    704    3    6    2 1 1 1
    705    3    6    3 1 1 1
    706    3    6    4 1 1 1
    707    3    6    5 1 1 1
    708    3    6    6 1 1 1
    709    3    6    7 1 1 1
    710    3    6    8 1 1 1
    711    3    6    9 1 1 1
    712    3    6   10 1 1 1
    713    3    6   11 1 1 1
    714    3    6   12 1 1 1
    715    3    6   13 1 1 1
    716    3    6   14 1 1 1
    717    3    6   15 1 1 1
    718    3    6   16 1 1 1
    719    3    6   17 1 1 1
    720    3    6   18 1 1 1
    721    3    6   19 1 1 1
    722    3    6   20 1 1 1
    723    3    6   21 1 1 1
    724    3    6   22 1 1 1
    725    3    6   23 1 1 1
    726    3    6   24 1 1 1
    727    3    6   25 1 1 1
    728    3    6   26 1 1 1
    729    3    7    1 1 1 1
    730    3    7    2 1 1 1
    731    3    7    3 1 1 1
    732    3    7    4 1 1 1
    733    3    7    5 1 1 1
    734    3    7    6 1 1 1
    735    3    7    7 1 1 1
    736    3    7    8 1 1 1
    737    3    7    9 1 1 1
    738    3    7   10 1 1 1
    739    3    7   11 1 1 1
    740    3    7   12 1 1 1
    741    3    7   13 1 1 1
    742    3    7   14 1 1 1
    743    3    7   15 1 1 1
    744    3    7   16 1 1 1
    745    3    7   17 1 1 1
    746    3    7   18 1 1 1
    747    3    7   19 1 1 1
    748    3    7   20 1 1 1
    749    3    7   21 1 1 1
    750    3    7   22 1 1 1
    751    3    7   23 1 1 1
    752    3    7   24 1 1 1
    753    3    7   25 1 1 1
    754    3    7   26 1 1 1
    755    3    8    1 1 1 1
    756    3    8    2 1 1 1
    757    3    8    3 1 1 1
    758    3    8    4 1 1 1
    759    3    8    5 1 1 1
    760    3    8    6 1 1 1
    761    3    8    7 1 1 1
    762    3    8    8 1 1 1
    763    3    8    9 1 1 1
    764    3    8   10 1 1 1
    765    3    8   11 1 1 1
    766    3    8   12 1 1 1
    767    3    8   13 1 1 1
    768    3    8   14 1 1 1
    769    3    8   15 1 1 1
    770    3    8   16 1 1 1
    771    3    8   17 1 1 1
    772    3    8   18 1 1 1
    773    3    8   19 1 1 1
    774    3    8   20 1 1 1
    775    3    8   21 1 1 1
    776    3    8   22 1 1 1
    777    3    8   23 1 1 1
    778    3    8   24 1 1 1
    779    3    8   25 1 1 1
    780    3    8   26 1 1 1
    781    3    9    1 1 1 1
    782    3    9    2 1 1 1
    783    3    9    3 1 1 1
    784    3    9    4 1 1 1
    785    3    9    5 1 1 1
    786    3    9    6 1 1 1
    787    3    9    7 1 1 1
    788    3    9    8 1 1 1
    789    3    9    9 1 1 1
    790    3    9   10 1 1 1
    791    3    9   11 1 1 1
    792    3    9   12 1 1 1
    793    3    9   13 1 1 1
    794    3    9   14 1 1 1
    795    3    9   15 1 1 1
    796    3    9   16 1 1 1
    797    3    9   17 1 1 1
    798    3    9   18 1 1 1
    799    3    9   19 1 1 1
    800    3    9   20 1 1 1
    801    3    9   21 1 1 1
    802    3    9   22 1 1 1
    803    3    9   23 1 1 1
    804    3    9   24 1 1 1
    805    3    9   25 1 1 1
    806    3    9   26 1 1 1
    807    3   10    1 1 1 1
    808    3   10    2 1 1 1
    809    3   10    3 1 1 1
    810    3   10    4 1 1 1
    811    3   10    5 1 1 1
    812    3   10    6 1 1 1
    813    3   10    7 1 1 1
    814    3   10    8 1 1 1
    815    3   10    9 1 1 1
    816    3   10   10 1 1 1
    817    3   10   11 1 1 1
    818    3   10   12 1 1 1
    819    3   10   13 1 1 1
    820    3   10   14 1 1 1
    821    3   10   15 1 1 1
    822    3   10   16 1 1 1
    823    3   10   17 1 1 1
    824    3   10   18 1 1 1
    825    3   10   19 1 1 1
    826    3   10   20 1 1 1
    827    3   10   21 1 1 1
    828    3   10   22 1 1 1
    829    3   10   23 1 1 1
    830    3   10   24 1 1 1
    831    3   10   25 1 1 1
    832    3   10   26 1 1 1
    833    3   11    1 1 1 1
    834    3   11    2 1 1 1
    835    3   11    3 1 1 1
    836    3   11    4 1 1 1
    837    3   11    5 1 1 1
    838    3   11    6 1 1 1
    839    3   11    7 1 1 1
    840    3   11    8 1 1 1
    841    3   11    9 1 1 1
    842    3   11   10 1 1 1
    843    3   11   11 1 1 1
    844    3   11   12 1 1 1
    845    3   11   13 1 1 1
    846    3   11   14 1 1 1
    847    3   11   15 1 1 1
    848    3   11   16 1 1 1
    849    3   11   17 1 1 1
    850    3   11   18 1 1 1
    851    3   11   19 1 1 1
    852    3   11   20 1 1 1
    853    3   11   21 1 1 1
    854    3   11   22 1 1 1
    855    3   11   23 1 1 1
    856    3   11   24 1 1 1
    857    3   11   25 1 1 1
    858    3   11   26 1 1 1
    859    4    1    1 1 1 1
    860    4    1    2 1 1 1
    861    4    1    3 1 1 1
    862    4    1    4 1 1 1
    863    4    1    5 1 1 1
    864    4    1    6 1 1 1
    865    4    1    7 1 1 1
    866    4    1    8 1 1 1
    867    4    1    9 1 1 1
    868    4    1   10 1 1 1
    869    4    1   11 1 1 1
    870    4    1   12 1 1 1
    871    4    1   13 1 1 1
    872    4    1   14 1 1 1
    873    4    1   15 1 1 1
    874    4    1   16 1 1 1
    875    4    1   17 1 1 1
    876    4    1   18 1 1 1
    877    4    1   19 1 1 1
    878    4    1   20 1 1 1
    879    4    1   21 1 1 1
    880    4    1   22 1 1 1
    881    4    1   23 1 1 1
    882    4    1   24 1 1 1
    883    4    1   25 1 1 1
    884    4    1   26 1 1 1
    885    4    2    1 1 1 1
    886    4    2    2 1 1 1
    887    4    2    3 1 1 1
    888    4    2    4 1 1 1
    889    4    2    5 1 1 1
    890    4    2    6 1 1 1
    891    4    2    7 1 1 1
    892    4    2    8 1 1 1
    893    4    2    9 1 1 1
    894    4    2   10 1 1 1
    895    4    2   11 1 1 1
    896    4    2   12 1 1 1
    897    4    2   13 1 1 1
    898    4    2   14 1 1 1
    899    4    2   15 1 1 1
    900    4    2   16 1 1 1
    901    4    2   17 1 1 1
    902    4    2   18 1 1 1
    903    4    2   19 1 1 1
    904    4    2   20 1 1 1
    905    4    2   21 1 1 1
    906    4    2   22 1 1 1
    907    4    2   23 1 1 1
    908    4    2   24 1 1 1
    909    4    2   25 1 1 1
    910    4    2   26 1 1 1
    911    4    3    1 1 1 1
    912    4    3    2 1 1 1
    913    4    3    3 1 1 1
    914    4    3    4 1 1 1
    915    4    3    5 1 1 1
    916    4    3    6 1 1 1
    917    4    3    7 1 1 1
    918    4    3    8 1 1 1
    919    4    3    9 1 1 1
    920    4    3   10 1 1 1
    921    4    3   11 1 1 1
    922    4    3   12 1 1 1
    923    4    3   13 1 1 1
    924    4    3   14 1 1 1
    925    4    3   15 1 1 1
    926    4    3   16 1 1 1
    927    4    3   17 1 1 1
    928    4    3   18 1 1 1
    929    4    3   19 1 1 1
    930    4    3   20 1 1 1
    931    4    3   21 1 1 1
    932    4    3   22 1 1 1
    933    4    3   23 1 1 1
    934    4    3   24 1 1 1
    935    4    3   25 1 1 1
    936    4    3   26 1 1 1
    937    4    4    1 1 1 1
    938    4    4    2 1 1 1
    939    4    4    3 1 1 1
    940    4    4    4 1 1 1
    941    4    4    5 1 1 1
    942    4    4    6 1 1 1
    943    4    4    7 1 1 1
    944    4    4    8 1 1 1
    945    4    4    9 1 1 1
    946    4    4   10 1 1 1
    947    4    4   11 1 1 1
    948    4    4   12 1 1 1
    949    4    4   13 1 1 1
    950    4    4   14 1 1 1
    951    4    4   15 1 1 1
    952    4    4   16 1 1 1
    953    4    4   17 1 1 1
    954    4    4   18 1 1 1
    955    4    4   19 1 1 1
    956    4    4   20 1 1 1
    957    4    4   21 1 1 1
    958    4    4   22 1 1 1
    959    4    4   23 1 1 1
    960    4    4   24 1 1 1
    961    4    4   25 1 1 1
    962    4    4   26 1 1 1
    963    4    5    1 1 1 1
    964    4    5    2 1 1 1
    965    4    5    3 1 1 1
    966    4    5    4 1 1 1
    967    4    5    5 1 1 1
    968    4    5    6 1 1 1
    969    4    5    7 1 1 1
    970    4    5    8 1 1 1
    971    4    5    9 1 1 1
    972    4    5   10 1 1 1
    973    4    5   11 1 1 1
    974    4    5   12 1 1 1
    975    4    5   13 1 1 1
    976    4    5   14 1 1 1
    977    4    5   15 1 1 1
    978    4    5   16 1 1 1
    979    4    5   17 1 1 1
    980    4    5   18 1 1 1
    981    4    5   19 1 1 1
    982    4    5   20 1 1 1
    983    4    5   21 1 1 1
    984    4    5   22 1 1 1
    985    4    5   23 1 1 1
    986    4    5   24 1 1 1
    987    4    5   25 1 1 1
    988    4    5   26 1 1 1
    989    4    6    1 1 1 1
    990    4    6    2 1 1 1
    991    4    6    3 1 1 1
    992    4    6    4 1 1 1
    993    4    6    5 1 1 1
    994    4    6    6 1 1 1
    995    4    6    7 1 1 1
    996    4    6    8 1 1 1
    997    4    6    9 1 1 1
    998    4    6   10 1 1 1
    999    4    6   11 1 1 1
   1000    4    6   12 1 1 1
   1001    4    6   13 1 1 1
   1002    4    6   14 1 1 1
   1003    4    6   15 1 1 1
   1004    4    6   16 1 1 1
   1005    4    6   17 1 1 1
   1006    4    6   18 1 1 1
   1007    4    6   19 1 1 1
   1008    4    6   20 1 1 1
   1009    4    6   21 1 1 1
   1010    4    6   22 1 1 1
   1011    4    6   23 1 1 1
   1012    4    6   24 1 1 1
   1013    4    6   25 1 1 1
   1014    4    6   26 1 1 1
   1015    4    7    1 1 1 1
   1016    4    7    2 1 1 1
   1017    4    7    3 1 1 1
   1018    4    7    4 1 1 1
   1019    4    7    5 1 1 1
   1020    4    7    6 1 1 1
   1021    4    7    7 1 1 1
   1022    4    7    8 1 1 1
   1023    4    7    9 1 1 1
   1024    4    7   10 1 1 1
   1025    4    7   11 1 1 1
   1026    4    7   12 1 1 1
   1027    4    7   13 1 1 1
   1028    4    7   14 1 1 1
   1029    4    7   15 1 1 1
   1030    4    7   16 1 1 1
   1031    4    7   17 1 1 1
   1032    4    7   18 1 1 1
   1033    4    7   19 1 1 1
   1034    4    7   20 1 1 1
   1035    4    7   21 1 1 1
   1036    4    7   22 1 1 1
   1037    4    7   23 1 1 1
   1038    4    7   24 1 1 1
   1039    4    7   25 1 1 1
   1040    4    7   26 1 1 1
   1041    4    8    1 1 1 1
   1042    4    8    2 1 1 1
   1043    4    8    3 1 1 1
   1044    4    8    4 1 1 1
   1045    4    8    5 1 1 1
   1046    4    8    6 1 1 1
   1047    4    8    7 1 1 1
   1048    4    8    8 1 1 1
   1049    4    8    9 1 1 1
   1050    4    8   10 1 1 1
   1051    4    8   11 1 1 1
   1052    4    8   12 1 1 1
   1053    4    8   13 1 1 1
   1054    4    8   14 1 1 1
   1055    4    8   15 1 1 1
   1056    4    8   16 1 1 1
   1057    4    8   17 1 1 1
   1058    4    8   18 1 1 1
   1059    4    8   19 1 1 1
   1060    4    8   20 1 1 1
   1061    4    8   21 1 1 1
   1062    4    8   22 1 1 1
   1063    4    8   23 1 1 1
   1064    4    8   24 1 1 1
   1065    4    8   25 1 1 1
   1066    4    8   26 1 1 1
   1067    4    9    1 1 1 1
   1068    4    9    2 1 1 1
   1069    4    9    3 1 1 1
   1070    4    9    4 1 1 1
   1071    4    9    5 1 1 1
   1072    4    9    6 1 1 1
   1073    4    9    7 1 1 1
   1074    4    9    8 1 1 1
   1075    4    9    9 1 1 1
   1076    4    9   10 1 1 1
   1077    4    9   11 1 1 1
   1078    4    9   12 1 1 1
   1079    4    9   13 1 1 1
   1080    4    9   14 1 1 1
   1081    4    9   15 1 1 1
   1082    4    9   16 1 1 1
   1083    4    9   17 1 1 1
   1084    4    9   18 1 1 1
   1085    4    9   19 1 1 1
   1086    4    9   20 1 1 1
   1087    4    9   21 1 1 1
   1088    4    9   22 1 1 1
   1089    4    9   23 1 1 1
   1090    4    9   24 1 1 1
   1091    4    9   25 1 1 1
   1092    4    9   26 1 1 1
   1093    4   10    1 1 1 1
   1094    4   10    2 1 1 1
   1095    4   10    3 1 1 1
   1096    4   10    4 1 1 1
   1097    4   10    5 1 1 1
   1098    4   10    6 1 1 1
   1099    4   10    7 1 1 1
   1100    4   10    8 1 1 1
   1101    4   10    9 1 1 1
   1102    4   10   10 1 1 1
   1103    4   10   11 1 1 1
   1104    4   10   12 1 1 1
   1105    4   10   13 1 1 1
   1106    4   10   14 1 1 1
   1107    4   10   15 1 1 1
   1108    4   10   16 1 1 1
   1109    4   10   17 1 1 1
   1110    4   10   18 1 1 1
   1111    4   10   19 1 1 1
   1112    4   10   20 1 1 1
   1113    4   10   21 1 1 1
   1114    4   10   22 1 1 1
   1115    4   10   23 1 1 1
   1116    4   10   24 1 1 1
   1117    4   10   25 1 1 1
   1118    4   10   26 1 1 1
   1119    4   11    1 1 1 1
   1120    4   11    2 1 1 1
   1121    4   11    3 1 1 1
   1122    4   11    4 1 1 1
   1123    4   11    5 1 1 1
   1124    4   11    6 1 1 1
   1125    4   11    7 1 1 1
   1126    4   11    8 1 1 1
   1127    4   11    9 1 1 1
   1128    4   11   10 1 1 1
   1129    4   11   11 1 1 1
   1130    4   11   12 1 1 1
   1131    4   11   13 1 1 1
   1132    4   11   14 1 1 1
   1133    4   11   15 1 1 1
   1134    4   11   16 1 1 1
   1135    4   11   17 1 1 1
   1136    4   11   18 1 1 1
   1137    4   11   19 1 1 1
   1138    4   11   20 1 1 1
   1139    4   11   21 1 1 1
   1140    4   11   22 1 1 1
   1141    4   11   23 1 1 1
   1142    4   11   24 1 1 1
   1143    4   11   25 1 1 1
   1144    4   11   26 1 1 1
   1145    5    1    1 1 1 1
   1146    5    1    2 1 1 1
   1147    5    1    3 1 1 1
   1148    5    1    4 1 1 1
   1149    5    1    5 1 1 1
   1150    5    1    6 1 1 1
   1151    5    1    7 1 1 1
   1152    5    1    8 1 1 1
   1153    5    1    9 1 1 1
   1154    5    1   10 1 1 1
   1155    5    1   11 1 1 1
   1156    5    1   12 1 1 1
   1157    5    1   13 1 1 1
   1158    5    1   14 1 1 1
   1159    5    1   15 1 1 1
   1160    5    1   16 1 1 1
   1161    5    1   17 1 1 1
   1162    5    1   18 1 1 1
   1163    5    1   19 1 1 1
   1164    5    1   20 1 1 1
   1165    5    1   21 1 1 1
   1166    5    1   22 1 1 1
   1167    5    1   23 1 1 1
   1168    5    1   24 1 1 1
   1169    5    1   25 1 1 1
   1170    5    1   26 1 1 1
   1171    5    2    1 1 1 1
   1172    5    2    2 1 1 1
   1173    5    2    3 1 1 1
   1174    5    2    4 1 1 1
   1175    5    2    5 1 1 1
   1176    5    2    6 1 1 1
   1177    5    2    7 1 1 1
   1178    5    2    8 1 1 1
   1179    5    2    9 1 1 1
   1180    5    2   10 1 1 1
   1181    5    2   11 1 1 1
   1182    5    2   12 1 1 1
   1183    5    2   13 1 1 1
   1184    5    2   14 1 1 1
   1185    5    2   15 1 1 1
   1186    5    2   16 1 1 1
   1187    5    2   17 1 1 1
   1188    5    2   18 1 1 1
   1189    5    2   19 1 1 1
   1190    5    2   20 1 1 1
   1191    5    2   21 1 1 1
   1192    5    2   22 1 1 1
   1193    5    2   23 1 1 1
   1194    5    2   24 1 1 1
   1195    5    2   25 1 1 1
   1196    5    2   26 1 1 1
   1197    5    3    1 1 1 1
   1198    5    3    2 1 1 1
   1199    5    3    3 1 1 1
   1200    5    3    4 1 1 1
   1201    5    3    5 1 1 1
   1202    5    3    6 1 1 1
   1203    5    3    7 1 1 1
   1204    5    3    8 1 1 1
   1205    5    3    9 1 1 1
   1206    5    3   10 1 1 1
   1207    5    3   11 1 1 1
   1208    5    3   12 1 1 1
   1209    5    3   13 1 1 1
   1210    5    3   14 1 1 1
   1211    5    3   15 1 1 1
   1212    5    3   16 1 1 1
   1213    5    3   17 1 1 1
   1214    5    3   18 1 1 1
   1215    5    3   19 1 1 1
   1216    5    3   20 1 1 1
   1217    5    3   21 1 1 1
   1218    5    3   22 1 1 1
   1219    5    3   23 1 1 1
   1220    5    3   24 1 1 1
   1221    5    3   25 1 1 1
   1222    5    3   26 1 1 1
   1223    5    4    1 1 1 1
   1224    5    4    2 1 1 1
   1225    5    4    3 1 1 1
   1226    5    4    4 1 1 1
   1227    5    4    5 1 1 1
   1228    5    4    6 1 1 1
   1229    5    4    7 1 1 1
   1230    5    4    8 1 1 1
   1231    5    4    9 1 1 1
   1232    5    4   10 1 1 1
   1233    5    4   11 1 1 1
   1234    5    4   12 1 1 1
   1235    5    4   13 1 1 1
   1236    5    4   14 1 1 1
   1237    5    4   15 1 1 1
   1238    5    4   16 1 1 1
   1239    5    4   17 1 1 1
   1240    5    4   18 1 1 1
   1241    5    4   19 1 1 1
   1242    5    4   20 1 1 1
   1243    5    4   21 1 1 1
   1244    5    4   22 1 1 1
   1245    5    4   23 1 1 1
   1246    5    4   24 1 1 1
   1247    5    4   25 1 1 1
   1248    5    4   26 1 1 1
   1249    5    5    1 1 1 1
   1250    5    5    2 1 1 1
   1251    5    5    3 1 1 1
   1252    5    5    4 1 1 1
   1253    5    5    5 1 1 1
   1254    5    5    6 1 1 1
   1255    5    5    7 1 1 1
   1256    5    5    8 1 1 1
   1257    5    5    9 1 1 1
   1258    5    5   10 1 1 1
   1259    5    5   11 1 1 1
   1260    5    5   12 1 1 1
   1261    5    5   13 1 1 1
   1262    5    5   14 1 1 1
   1263    5    5   15 1 1 1
   1264    5    5   16 1 1 1
   1265    5    5   17 1 1 1
   1266    5    5   18 1 1 1
   1267    5    5   19 1 1 1
   1268    5    5   20 1 1 1
   1269    5    5   21 1 1 1
   1270    5    5   22 1 1 1
   1271    5    5   23 1 1 1
   1272    5    5   24 1 1 1
   1273    5    5   25 1 1 1
   1274    5    5   26 1 1 1
   1275    5    6    1 1 1 1
   1276    5    6    2 1 1 1
   1277    5    6    3 1 1 1
   1278    5    6    4 1 1 1
   1279    5    6    5 1 1 1
   1280    5    6    6 1 1 1
   1281    5    6    7 1 1 1
   1282    5    6    8 1 1 1
   1283    5    6    9 1 1 1
   1284    5    6   10 1 1 1
   1285    5    6   11 1 1 1
   1286    5    6   12 1 1 1
   1287    5    6   13 1 1 1
   1288    5    6   14 1 1 1
   1289    5    6   15 1 1 1
   1290    5    6   16 1 1 1
   1291    5    6   17 1 1 1
   1292    5    6   18 1 1 1
   1293    5    6   19 1 1 1
   1294    5    6   20 1 1 1
   1295    5    6   21 1 1 1
   1296    5    6   22 1 1 1
   1297    5    6   23 1 1 1
   1298    5    6   24 1 1 1
   1299    5    6   25 1 1 1
   1300    5    6   26 1 1 1
   1301    5    7    1 1 1 1
   1302    5    7    2 1 1 1
   1303    5    7    3 1 1 1
   1304    5    7    4 1 1 1
   1305    5    7    5 1 1 1
   1306    5    7    6 1 1 1
   1307    5    7    7 1 1 1
   1308    5    7    8 1 1 1
   1309    5    7    9 1 1 1
   1310    5    7   10 1 1 1
   1311    5    7   11 1 1 1
   1312    5    7   12 1 1 1
   1313    5    7   13 1 1 1
   1314    5    7   14 1 1 1
   1315    5    7   15 1 1 1
   1316    5    7   16 1 1 1
   1317    5    7   17 1 1 1
   1318    5    7   18 1 1 1
   1319    5    7   19 1 1 1
   1320    5    7   20 1 1 1
   1321    5    7   21 1 1 1
   1322    5    7   22 1 1 1
   1323    5    7   23 1 1 1
   1324    5    7   24 1 1 1
   1325    5    7   25 1 1 1
   1326    5    7   26 1 1 1
   1327    5    8    1 1 1 1
   1328    5    8    2 1 1 1
   1329    5    8    3 1 1 1
   1330    5    8    4 1 1 1
   1331    5    8    5 1 1 1
   1332    5    8    6 1 1 1
   1333    5    8    7 1 1 1
   1334    5    8    8 1 1 1
   1335    5    8    9 1 1 1
   1336    5    8   10 1 1 1
   1337    5    8   11 1 1 1
   1338    5    8   12 1 1 1
   1339    5    8   13 1 1 1
   1340    5    8   14 1 1 1
   1341    5    8   15 1 1 1
   1342    5    8   16 1 1 1
   1343    5    8   17 1 1 1
   1344    5    8   18 1 1 1
   1345    5    8   19 1 1 1
   1346    5    8   20 1 1 1
   1347    5    8   21 1 1 1
   1348    5    8   22 1 1 1
   1349    5    8   23 1 1 1
   1350    5    8   24 1 1 1
   1351    5    8   25 1 1 1
   1352    5    8   26 1 1 1
   1353    5    9    1 1 1 1
   1354    5    9    2 1 1 1
   1355    5    9    3 1 1 1
   1356    5    9    4 1 1 1
   1357    5    9    5 1 1 1
   1358    5    9    6 1 1 1
   1359    5    9    7 1 1 1
   1360    5    9    8 1 1 1
   1361    5    9    9 1 1 1
   1362    5    9   10 1 1 1
   1363    5    9   11 1 1 1
   1364    5    9   12 1 1 1
   1365    5    9   13 1 1 1
   1366    5    9   14 1 1 1
   1367    5    9   15 1 1 1
   1368    5    9   16 1 1 1
   1369    5    9   17 1 1 1
   1370    5    9   18 1 1 1
   1371    5    9   19 1 1 1
   1372    5    9   20 1 1 1
   1373    5    9   21 1 1 1
   1374    5    9   22 1 1 1
   1375    5    9   23 1 1 1
   1376    5    9   24 1 1 1
   1377    5    9   25 1 1 1
   1378    5    9   26 1 1 1
   1379    5   10    1 1 1 1
   1380    5   10    2 1 1 1
   1381    5   10    3 1 1 1
   1382    5   10    4 1 1 1
   1383    5   10    5 1 1 1
   1384    5   10    6 1 1 1
   1385    5   10    7 1 1 1
   1386    5   10    8 1 1 1
   1387    5   10    9 1 1 1
   1388    5   10   10 1 1 1
   1389    5   10   11 1 1 1
   1390    5   10   12 1 1 1
   1391    5   10   13 1 1 1
   1392    5   10   14 1 1 1
   1393    5   10   15 1 1 1
   1394    5   10   16 1 1 1
   1395    5   10   17 1 1 1
   1396    5   10   18 1 1 1
   1397    5   10   19 1 1 1
   1398    5   10   20 1 1 1
   1399    5   10   21 1 1 1
   1400    5   10   22 1 1 1
   1401    5   10   23 1 1 1
   1402    5   10   24 1 1 1
   1403    5   10   25 1 1 1
   1404    5   10   26 1 1 1
   1405    5   11    1 1 1 1
   1406    5   11    2 1 1 1
   1407    5   11    3 1 1 1
   1408    5   11    4 1 1 1
   1409    5   11    5 1 1 1
   1410    5   11    6 1 1 1
   1411    5   11    7 1 1 1
   1412    5   11    8 1 1 1
   1413    5   11    9 1 1 1
   1414    5   11   10 1 1 1
   1415    5   11   11 1 1 1
   1416    5   11   12 1 1 1
   1417    5   11   13 1 1 1
   1418    5   11   14 1 1 1
   1419    5   11   15 1 1 1
   1420    5   11   16 1 1 1
   1421    5   11   17 1 1 1
   1422    5   11   18 1 1 1
   1423    5   11   19 1 1 1
   1424    5   11   20 1 1 1
   1425    5   11   21 1 1 1
   1426    5   11   22 1 1 1
   1427    5   11   23 1 1 1
   1428    5   11   24 1 1 1
   1429    5   11   25 1 1 1
   1430    5   11   26 1 1 1
   1431    6    1    1 1 1 1
   1432    6    1    2 1 1 1
   1433    6    1    3 1 1 1
   1434    6    1    4 1 1 1
   1435    6    1    5 1 1 1
   1436    6    1    6 1 1 1
   1437    6    1    7 1 1 1
   1438    6    1    8 1 1 1
   1439    6    1    9 1 1 1
   1440    6    1   10 1 1 1
   1441    6    1   11 1 1 1
   1442    6    1   12 1 1 1
   1443    6    1   13 1 1 1
   1444    6    1   14 1 1 1
   1445    6    1   15 1 1 1
   1446    6    1   16 1 1 1
   1447    6    1   17 1 1 1
   1448    6    1   18 1 1 1
   1449    6    1   19 1 1 1
   1450    6    1   20 1 1 1
   1451    6    1   21 1 1 1
   1452    6    1   22 1 1 1
   1453    6    1   23 1 1 1
   1454    6    1   24 1 1 1
   1455    6    1   25 1 1 1
   1456    6    1   26 1 1 1
   1457    6    2    1 1 1 1
   1458    6    2    2 1 1 1
   1459    6    2    3 1 1 1
   1460    6    2    4 1 1 1
   1461    6    2    5 1 1 1
   1462    6    2    6 1 1 1
   1463    6    2    7 1 1 1
   1464    6    2    8 1 1 1
   1465    6    2    9 1 1 1
   1466    6    2   10 1 1 1
   1467    6    2   11 1 1 1
   1468    6    2   12 1 1 1
   1469    6    2   13 1 1 1
   1470    6    2   14 1 1 1
   1471    6    2   15 1 1 1
   1472    6    2   16 1 1 1
   1473    6    2   17 1 1 1
   1474    6    2   18 1 1 1
   1475    6    2   19 1 1 1
   1476    6    2   20 1 1 1
   1477    6    2   21 1 1 1
   1478    6    2   22 1 1 1
   1479    6    2   23 1 1 1
   1480    6    2   24 1 1 1
   1481    6    2   25 1 1 1
   1482    6    2   26 1 1 1
   1483    6    3    1 1 1 1
   1484    6    3    2 1 1 1
   1485    6    3    3 1 1 1
   1486    6    3    4 1 1 1
   1487    6    3    5 1 1 1
   1488    6    3    6 1 1 1
   1489    6    3    7 1 1 1
   1490    6    3    8 1 1 1
   1491    6    3    9 1 1 1
   1492    6    3   10 1 1 1
   1493    6    3   11 1 1 1
   1494    6    3   12 1 1 1
   1495    6    3   13 1 1 1
   1496    6    3   14 1 1 1
   1497    6    3   15 1 1 1
   1498    6    3   16 1 1 1
   1499    6    3   17 1 1 1
   1500    6    3   18 1 1 1
   1501    6    3   19 1 1 1
   1502    6    3   20 1 1 1
   1503    6    3   21 1 1 1
   1504    6    3   22 1 1 1
   1505    6    3   23 1 1 1
   1506    6    3   24 1 1 1
   1507    6    3   25 1 1 1
   1508    6    3   26 1 1 1
   1509    6    4    1 1 1 1
   1510    6    4    2 1 1 1
   1511    6    4    3 1 1 1
   1512    6    4    4 1 1 1
   1513    6    4    5 1 1 1
   1514    6    4    6 1 1 1
   1515    6    4    7 1 1 1
   1516    6    4    8 1 1 1
   1517    6    4    9 1 1 1
   1518    6    4   10 1 1 1
   1519    6    4   11 1 1 1
   1520    6    4   12 1 1 1
   1521    6    4   13 1 1 1
   1522    6    4   14 1 1 1
   1523    6    4   15 1 1 1
   1524    6    4   16 1 1 1
   1525    6    4   17 1 1 1
   1526    6    4   18 1 1 1
   1527    6    4   19 1 1 1
   1528    6    4   20 1 1 1
   1529    6    4   21 1 1 1
   1530    6    4   22 1 1 1
   1531    6    4   23 1 1 1
   1532    6    4   24 1 1 1
   1533    6    4   25 1 1 1
   1534    6    4   26 1 1 1
   1535    6    5    1 1 1 1
   1536    6    5    2 1 1 1
   1537    6    5    3 1 1 1
   1538    6    5    4 1 1 1
   1539    6    5    5 1 1 1
   1540    6    5    6 1 1 1
   1541    6    5    7 1 1 1
   1542    6    5    8 1 1 1
   1543    6    5    9 1 1 1
   1544    6    5   10 1 1 1
   1545    6    5   11 1 1 1
   1546    6    5   12 1 1 1
   1547    6    5   13 1 1 1
   1548    6    5   14 1 1 1
   1549    6    5   15 1 1 1
   1550    6    5   16 1 1 1
   1551    6    5   17 1 1 1
   1552    6    5   18 1 1 1
   1553    6    5   19 1 1 1
   1554    6    5   20 1 1 1
   1555    6    5   21 1 1 1
   1556    6    5   22 1 1 1
   1557    6    5   23 1 1 1
   1558    6    5   24 1 1 1
   1559    6    5   25 1 1 1
   1560    6    5   26 1 1 1
   1561    6    6    1 1 1 1
   1562    6    6    2 1 1 1
   1563    6    6    3 1 1 1
   1564    6    6    4 1 1 1
   1565    6    6    5 1 1 1
   1566    6    6    6 1 1 1
   1567    6    6    7 1 1 1
   1568    6    6    8 1 1 1
   1569    6    6    9 1 1 1
   1570    6    6   10 1 1 1
   1571    6    6   11 1 1 1
   1572    6    6   12 1 1 1
   1573    6    6   13 1 1 1
   1574    6    6   14 1 1 1
   1575    6    6   15 1 1 1
   1576    6    6   16 1 1 1
   1577    6    6   17 1 1 1
   1578    6    6   18 1 1 1
   1579    6    6   19 1 1 1
   1580    6    6   20 1 1 1
   1581    6    6   21 1 1 1
   1582    6    6   22 1 1 1
   1583    6    6   23 1 1 1
   1584    6    6   24 1 1 1
   1585    6    6   25 1 1 1
   1586    6    6   26 1 1 1
   1587    6    7    1 1 1 1
   1588    6    7    2 1 1 1
   1589    6    7    3 1 1 1
   1590    6    7    4 1 1 1
   1591    6    7    5 1 1 1
   1592    6    7    6 1 1 1
   1593    6    7    7 1 1 1
   1594    6    7    8 1 1 1
   1595    6    7    9 1 1 1
   1596    6    7   10 1 1 1
   1597    6    7   11 1 1 1
   1598    6    7   12 1 1 1
   1599    6    7   13 1 1 1
   1600    6    7   14 1 1 1
   1601    6    7   15 1 1 1
   1602    6    7   16 1 1 1
   1603    6    7   17 1 1 1
   1604    6    7   18 1 1 1
   1605    6    7   19 1 1 1
   1606    6    7   20 1 1 1
   1607    6    7   21 1 1 1
   1608    6    7   22 1 1 1
   1609    6    7   23 1 1 1
   1610    6    7   24 1 1 1
   1611    6    7   25 1 1 1
   1612    6    7   26 1 1 1
   1613    6    8    1 1 1 1
   1614    6    8    2 1 1 1
   1615    6    8    3 1 1 1
   1616    6    8    4 1 1 1
   1617    6    8    5 1 1 1
   1618    6    8    6 1 1 1
   1619    6    8    7 1 1 1
   1620    6    8    8 1 1 1
   1621    6    8    9 1 1 1
   1622    6    8   10 1 1 1
   1623    6    8   11 1 1 1
   1624    6    8   12 1 1 1
   1625    6    8   13 1 1 1
   1626    6    8   14 1 1 1
   1627    6    8   15 1 1 1
   1628    6    8   16 1 1 1
   1629    6    8   17 1 1 1
   1630    6    8   18 1 1 1
   1631    6    8   19 1 1 1
   1632    6    8   20 1 1 1
   1633    6    8   21 1 1 1
   1634    6    8   22 1 1 1
   1635    6    8   23 1 1 1
   1636    6    8   24 1 1 1
   1637    6    8   25 1 1 1
   1638    6    8   26 1 1 1
   1639    6    9    1 1 1 1
   1640    6    9    2 1 1 1
   1641    6    9    3 1 1 1
   1642    6    9    4 1 1 1
   1643    6    9    5 1 1 1
   1644    6    9    6 1 1 1
   1645    6    9    7 1 1 1
   1646    6    9    8 1 1 1
   1647    6    9    9 1 1 1
   1648    6    9   10 1 1 1
   1649    6    9   11 1 1 1
   1650    6    9   12 1 1 1
   1651    6    9   13 1 1 1
   1652    6    9   14 1 1 1
   1653    6    9   15 1 1 1
   1654    6    9   16 1 1 1
   1655    6    9   17 1 1 1
   1656    6    9   18 1 1 1
   1657    6    9   19 1 1 1
   1658    6    9   20 1 1 1
   1659    6    9   21 1 1 1
   1660    6    9   22 1 1 1
   1661    6    9   23 1 1 1
   1662    6    9   24 1 1 1
   1663    6    9   25 1 1 1
   1664    6    9   26 1 1 1
   1665    6   10    1 1 1 1
   1666    6   10    2 1 1 1
   1667    6   10    3 1 1 1
   1668    6   10    4 1 1 1
   1669    6   10    5 1 1 1
   1670    6   10    6 1 1 1
   1671    6   10    7 1 1 1
   1672    6   10    8 1 1 1
   1673    6   10    9 1 1 1
   1674    6   10   10 1 1 1
   1675    6   10   11 1 1 1
   1676    6   10   12 1 1 1
   1677    6   10   13 1 1 1
   1678    6   10   14 1 1 1
   1679    6   10   15 1 1 1
   1680    6   10   16 1 1 1
   1681    6   10   17 1 1 1
   1682    6   10   18 1 1 1
   1683    6   10   19 1 1 1
   1684    6   10   20 1 1 1
   1685    6   10   21 1 1 1
   1686    6   10   22 1 1 1
   1687    6   10   23 1 1 1
   1688    6   10   24 1 1 1
   1689    6   10   25 1 1 1
   1690    6   10   26 1 1 1
   1691    6   11    1 1 1 1
   1692    6   11    2 1 1 1
   1693    6   11    3 1 1 1
   1694    6   11    4 1 1 1
   1695    6   11    5 1 1 1
   1696    6   11    6 1 1 1
   1697    6   11    7 1 1 1
   1698    6   11    8 1 1 1
   1699    6   11    9 1 1 1
   1700    6   11   10 1 1 1
   1701    6   11   11 1 1 1
   1702    6   11   12 1 1 1
   1703    6   11   13 1 1 1
   1704    6   11   14 1 1 1
   1705    6   11   15 1 1 1
   1706    6   11   16 1 1 1
   1707    6   11   17 1 1 1
   1708    6   11   18 1 1 1
   1709    6   11   19 1 1 1
   1710    6   11   20 1 1 1
   1711    6   11   21 1 1 1
   1712    6   11   22 1 1 1
   1713    6   11   23 1 1 1
   1714    6   11   24 1 1 1
   1715    6   11   25 1 1 1
   1716    6   11   26 1 1 1
   1717    7    1    1 1 1 1
   1718    7    1    2 1 1 1
   1719    7    1    3 1 1 1
   1720    7    1    4 1 1 1
   1721    7    1    5 1 1 1
   1722    7    1    6 1 1 1
   1723    7    1    7 1 1 1
   1724    7    1    8 1 1 1
   1725    7    1    9 1 1 1
   1726    7    1   10 1 1 1
   1727    7    1   11 1 1 1
   1728    7    1   12 1 1 1
   1729    7    1   13 1 1 1
   1730    7    1   14 1 1 1
   1731    7    1   15 1 1 1
   1732    7    1   16 1 1 1
   1733    7    1   17 1 1 1
   1734    7    1   18 1 1 1
   1735    7    1   19 1 1 1
   1736    7    1   20 1 1 1
   1737    7    1   21 1 1 1
   1738    7    1   22 1 1 1
   1739    7    1   23 1 1 1
   1740    7    1   24 1 1 1
   1741    7    1   25 1 1 1
   1742    7    1   26 1 1 1
   1743    7    2    1 1 1 1
   1744    7    2    2 1 1 1
   1745    7    2    3 1 1 1
   1746    7    2    4 1 1 1
   1747    7    2    5 1 1 1
   1748    7    2    6 1 1 1
   1749    7    2    7 1 1 1
   1750    7    2    8 1 1 1
   1751    7    2    9 1 1 1
   1752    7    2   10 1 1 1
   1753    7    2   11 1 1 1
   1754    7    2   12 1 1 1
   1755    7    2   13 1 1 1
   1756    7    2   14 1 1 1
   1757    7    2   15 1 1 1
   1758    7    2   16 1 1 1
   1759    7    2   17 1 1 1
   1760    7    2   18 1 1 1
   1761    7    2   19 1 1 1
   1762    7    2   20 1 1 1
   1763    7    2   21 1 1 1
   1764    7    2   22 1 1 1
   1765    7    2   23 1 1 1
   1766    7    2   24 1 1 1
   1767    7    2   25 1 1 1
   1768    7    2   26 1 1 1
   1769    7    3    1 1 1 1
   1770    7    3    2 1 1 1
   1771    7    3    3 1 1 1
   1772    7    3    4 1 1 1
   1773    7    3    5 1 1 1
   1774    7    3    6 1 1 1
   1775    7    3    7 1 1 1
   1776    7    3    8 1 1 1
   1777    7    3    9 1 1 1
   1778    7    3   10 1 1 1
   1779    7    3   11 1 1 1
   1780    7    3   12 1 1 1
   1781    7    3   13 1 1 1
   1782    7    3   14 1 1 1
   1783    7    3   15 1 1 1
   1784    7    3   16 1 1 1
   1785    7    3   17 1 1 1
   1786    7    3   18 1 1 1
   1787    7    3   19 1 1 1
   1788    7    3   20 1 1 1
   1789    7    3   21 1 1 1
   1790    7    3   22 1 1 1
   1791    7    3   23 1 1 1
   1792    7    3   24 1 1 1
   1793    7    3   25 1 1 1
   1794    7    3   26 1 1 1
   1795    7    4    1 1 1 1
   1796    7    4    2 1 1 1
   1797    7    4    3 1 1 1
   1798    7    4    4 1 1 1
   1799    7    4    5 1 1 1
   1800    7    4    6 1 1 1
   1801    7    4    7 1 1 1
   1802    7    4    8 1 1 1
   1803    7    4    9 1 1 1
   1804    7    4   10 1 1 1
   1805    7    4   11 1 1 1
   1806    7    4   12 1 1 1
   1807    7    4   13 1 1 1
   1808    7    4   14 1 1 1
   1809    7    4   15 1 1 1
   1810    7    4   16 1 1 1
   1811    7    4   17 1 1 1
   1812    7    4   18 1 1 1
   1813    7    4   19 1 1 1
   1814    7    4   20 1 1 1
   1815    7    4   21 1 1 1
   1816    7    4   22 1 1 1
   1817    7    4   23 1 1 1
   1818    7    4   24 1 1 1
   1819    7    4   25 1 1 1
   1820    7    4   26 1 1 1
   1821    7    5    1 1 1 1
   1822    7    5    2 1 1 1
   1823    7    5    3 1 1 1
   1824    7    5    4 1 1 1
   1825    7    5    5 1 1 1
   1826    7    5    6 1 1 1
   1827    7    5    7 1 1 1
   1828    7    5    8 1 1 1
   1829    7    5    9 1 1 1
   1830    7    5   10 1 1 1
   1831    7    5   11 1 1 1
   1832    7    5   12 1 1 1
   1833    7    5   13 1 1 1
   1834    7    5   14 1 1 1
   1835    7    5   15 1 1 1
   1836    7    5   16 1 1 1
   1837    7    5   17 1 1 1
   1838    7    5   18 1 1 1
   1839    7    5   19 1 1 1
   1840    7    5   20 1 1 1
   1841    7    5   21 1 1 1
   1842    7    5   22 1 1 1
   1843    7    5   23 1 1 1
   1844    7    5   24 1 1 1
   1845    7    5   25 1 1 1
   1846    7    5   26 1 1 1
   1847    7    6    1 1 1 1
   1848    7    6    2 1 1 1
   1849    7    6    3 1 1 1
   1850    7    6    4 1 1 1
   1851    7    6    5 1 1 1
   1852    7    6    6 1 1 1
   1853    7    6    7 1 1 1
   1854    7    6    8 1 1 1
   1855    7    6    9 1 1 1
   1856    7    6   10 1 1 1
   1857    7    6   11 1 1 1
   1858    7    6   12 1 1 1
   1859    7    6   13 1 1 1
   1860    7    6   14 1 1 1
   1861    7    6   15 1 1 1
   1862    7    6   16 1 1 1
   1863    7    6   17 1 1 1
   1864    7    6   18 1 1 1
   1865    7    6   19 1 1 1
   1866    7    6   20 1 1 1
   1867    7    6   21 1 1 1
   1868    7    6   22 1 1 1
   1869    7    6   23 1 1 1
   1870    7    6   24 1 1 1
   1871    7    6   25 1 1 1
   1872    7    6   26 1 1 1
   1873    7    7    1 1 1 1
   1874    7    7    2 1 1 1
   1875    7    7    3 1 1 1
   1876    7    7    4 1 1 1
   1877    7    7    5 1 1 1
   1878    7    7    6 1 1 1
   1879    7    7    7 1 1 1
   1880    7    7    8 1 1 1
   1881    7    7    9 1 1 1
   1882    7    7   10 1 1 1
   1883    7    7   11 1 1 1
   1884    7    7   12 1 1 1
   1885    7    7   13 1 1 1
   1886    7    7   14 1 1 1
   1887    7    7   15 1 1 1
   1888    7    7   16 1 1 1
   1889    7    7   17 1 1 1
   1890    7    7   18 1 1 1
   1891    7    7   19 1 1 1
   1892    7    7   20 1 1 1
   1893    7    7   21 1 1 1
   1894    7    7   22 1 1 1
   1895    7    7   23 1 1 1
   1896    7    7   24 1 1 1
   1897    7    7   25 1 1 1
   1898    7    7   26 1 1 1
   1899    7    8    1 1 1 1
   1900    7    8    2 1 1 1
   1901    7    8    3 1 1 1
   1902    7    8    4 1 1 1
   1903    7    8    5 1 1 1
   1904    7    8    6 1 1 1
   1905    7    8    7 1 1 1
   1906    7    8    8 1 1 1
   1907    7    8    9 1 1 1
   1908    7    8   10 1 1 1
   1909    7    8   11 1 1 1
   1910    7    8   12 1 1 1
   1911    7    8   13 1 1 1
   1912    7    8   14 1 1 1
   1913    7    8   15 1 1 1
   1914    7    8   16 1 1 1
   1915    7    8   17 1 1 1
   1916    7    8   18 1 1 1
   1917    7    8   19 1 1 1
   1918    7    8   20 1 1 1
   1919    7    8   21 1 1 1
   1920    7    8   22 1 1 1
   1921    7    8   23 1 1 1
   1922    7    8   24 1 1 1
   1923    7    8   25 1 1 1
   1924    7    8   26 1 1 1
   1925    7    9    1 1 1 1
   1926    7    9    2 1 1 1
   1927    7    9    3 1 1 1
   1928    7    9    4 1 1 1
   1929    7    9    5 1 1 1
   1930    7    9    6 1 1 1
   1931    7    9    7 1 1 1
   1932    7    9    8 1 1 1
   1933    7    9    9 1 1 1
   1934    7    9   10 1 1 1
   1935    7    9   11 1 1 1
   1936    7    9   12 1 1 1
   1937    7    9   13 1 1 1
   1938    7    9   14 1 1 1
   1939    7    9   15 1 1 1
   1940    7    9   16 1 1 1
   1941    7    9   17 1 1 1
   1942    7    9   18 1 1 1
   1943    7    9   19 1 1 1
   1944    7    9   20 1 1 1
   1945    7    9   21 1 1 1
   1946    7    9   22 1 1 1
   1947    7    9   23 1 1 1
   1948    7    9   24 1 1 1
   1949    7    9   25 1 1 1
   1950    7    9   26 1 1 1
   1951    7   10    1 1 1 1
   1952    7   10    2 1 1 1
   1953    7   10    3 1 1 1
   1954    7   10    4 1 1 1
   1955    7   10    5 1 1 1
   1956    7   10    6 1 1 1
   1957    7   10    7 1 1 1
   1958    7   10    8 1 1 1
   1959    7   10    9 1 1 1
   1960    7   10   10 1 1 1
   1961    7   10   11 1 1 1
   1962    7   10   12 1 1 1
   1963    7   10   13 1 1 1
   1964    7   10   14 1 1 1
   1965    7   10   15 1 1 1
   1966    7   10   16 1 1 1
   1967    7   10   17 1 1 1
   1968    7   10   18 1 1 1
   1969    7   10   19 1 1 1
   1970    7   10   20 1 1 1
   1971    7   10   21 1 1 1
   1972    7   10   22 1 1 1
   1973    7   10   23 1 1 1
   1974    7   10   24 1 1 1
   1975    7   10   25 1 1 1
   1976    7   10   26 1 1 1
   1977    7   11    1 1 1 1
   1978    7   11    2 1 1 1
   1979    7   11    3 1 1 1
   1980    7   11    4 1 1 1
   1981    7   11    5 1 1 1
   1982    7   11    6 1 1 1
   1983    7   11    7 1 1 1
   1984    7   11    8 1 1 1
   1985    7   11    9 1 1 1
   1986    7   11   10 1 1 1
   1987    7   11   11 1 1 1
   1988    7   11   12 1 1 1
   1989    7   11   13 1 1 1
   1990    7   11   14 1 1 1
   1991    7   11   15 1 1 1
   1992    7   11   16 1 1 1
   1993    7   11   17 1 1 1
   1994    7   11   18 1 1 1
   1995    7   11   19 1 1 1
   1996    7   11   20 1 1 1
   1997    7   11   21 1 1 1
   1998    7   11   22 1 1 1
   1999    7   11   23 1 1 1
   2000    7   11   24 1 1 1
   2001    7   11   25 1 1 1
   2002    7   11   26 1 1 1
   2003    8    1    1 1 1 1
   2004    8    1    2 1 1 1
   2005    8    1    3 1 1 1
   2006    8    1    4 1 1 1
   2007    8    1    5 1 1 1
   2008    8    1    6 1 1 1
   2009    8    1    7 1 1 1
   2010    8    1    8 1 1 1
   2011    8    1    9 1 1 1
   2012    8    1   10 1 1 1
   2013    8    1   11 1 1 1
   2014    8    1   12 1 1 1
   2015    8    1   13 1 1 1
   2016    8    1   14 1 1 1
   2017    8    1   15 1 1 1
   2018    8    1   16 1 1 1
   2019    8    1   17 1 1 1
   2020    8    1   18 1 1 1
   2021    8    1   19 1 1 1
   2022    8    1   20 1 1 1
   2023    8    1   21 1 1 1
   2024    8    1   22 1 1 1
   2025    8    1   23 1 1 1
   2026    8    1   24 1 1 1
   2027    8    1   25 1 1 1
   2028    8    1   26 1 1 1
   2029    8    2    1 1 1 1
   2030    8    2    2 1 1 1
   2031    8    2    3 1 1 1
   2032    8    2    4 1 1 1
   2033    8    2    5 1 1 1
   2034    8    2    6 1 1 1
   2035    8    2    7 1 1 1
   2036    8    2    8 1 1 1
   2037    8    2    9 1 1 1
   2038    8    2   10 1 1 1
   2039    8    2   11 1 1 1
   2040    8    2   12 1 1 1
   2041    8    2   13 1 1 1
   2042    8    2   14 1 1 1
   2043    8    2   15 1 1 1
   2044    8    2   16 1 1 1
   2045    8    2   17 1 1 1
   2046    8    2   18 1 1 1
   2047    8    2   19 1 1 1
   2048    8    2   20 1 1 1
   2049    8    2   21 1 1 1
   2050    8    2   22 1 1 1
   2051    8    2   23 1 1 1
   2052    8    2   24 1 1 1
   2053    8    2   25 1 1 1
   2054    8    2   26 1 1 1
   2055    8    3    1 1 1 1
   2056    8    3    2 1 1 1
   2057    8    3    3 1 1 1
   2058    8    3    4 1 1 1
   2059    8    3    5 1 1 1
   2060    8    3    6 1 1 1
   2061    8    3    7 1 1 1
   2062    8    3    8 1 1 1
   2063    8    3    9 1 1 1
   2064    8    3   10 1 1 1
   2065    8    3   11 1 1 1
   2066    8    3   12 1 1 1
   2067    8    3   13 1 1 1
   2068    8    3   14 1 1 1
   2069    8    3   15 1 1 1
   2070    8    3   16 1 1 1
   2071    8    3   17 1 1 1
   2072    8    3   18 1 1 1
   2073    8    3   19 1 1 1
   2074    8    3   20 1 1 1
   2075    8    3   21 1 1 1
   2076    8    3   22 1 1 1
   2077    8    3   23 1 1 1
   2078    8    3   24 1 1 1
   2079    8    3   25 1 1 1
   2080    8    3   26 1 1 1
   2081    8    4    1 1 1 1
   2082    8    4    2 1 1 1
   2083    8    4    3 1 1 1
   2084    8    4    4 1 1 1
   2085    8    4    5 1 1 1
   2086    8    4    6 1 1 1
   2087    8    4    7 1 1 1
   2088    8    4    8 1 1 1
   2089    8    4    9 1 1 1
   2090    8    4   10 1 1 1
   2091    8    4   11 1 1 1
   2092    8    4   12 1 1 1
   2093    8    4   13 1 1 1
   2094    8    4   14 1 1 1
   2095    8    4   15 1 1 1
   2096    8    4   16 1 1 1
   2097    8    4   17 1 1 1
   2098    8    4   18 1 1 1
   2099    8    4   19 1 1 1
   2100    8    4   20 1 1 1
   2101    8    4   21 1 1 1
   2102    8    4   22 1 1 1
   2103    8    4   23 1 1 1
   2104    8    4   24 1 1 1
   2105    8    4   25 1 1 1
   2106    8    4   26 1 1 1
   2107    8    5    1 1 1 1
   2108    8    5    2 1 1 1
   2109    8    5    3 1 1 1
   2110    8    5    4 1 1 1
   2111    8    5    5 1 1 1
   2112    8    5    6 1 1 1
   2113    8    5    7 1 1 1
   2114    8    5    8 1 1 1
   2115    8    5    9 1 1 1
   2116    8    5   10 1 1 1
   2117    8    5   11 1 1 1
   2118    8    5   12 1 1 1
   2119    8    5   13 1 1 1
   2120    8    5   14 1 1 1
   2121    8    5   15 1 1 1
   2122    8    5   16 1 1 1
   2123    8    5   17 1 1 1
   2124    8    5   18 1 1 1
   2125    8    5   19 1 1 1
   2126    8    5   20 1 1 1
   2127    8    5   21 1 1 1
   2128    8    5   22 1 1 1
   2129    8    5   23 1 1 1
   2130    8    5   24 1 1 1
   2131    8    5   25 1 1 1
   2132    8    5   26 1 1 1
   2133    8    6    1 1 1 1
   2134    8    6    2 1 1 1
   2135    8    6    3 1 1 1
   2136    8    6    4 1 1 1
   2137    8    6    5 1 1 1
   2138    8    6    6 1 1 1
   2139    8    6    7 1 1 1
   2140    8    6    8 1 1 1
   2141    8    6    9 1 1 1
   2142    8    6   10 1 1 1
   2143    8    6   11 1 1 1
   2144    8    6   12 1 1 1
   2145    8    6   13 1 1 1
   2146    8    6   14 1 1 1
   2147    8    6   15 1 1 1
   2148    8    6   16 1 1 1
   2149    8    6   17 1 1 1
   2150    8    6   18 1 1 1
   2151    8    6   19 1 1 1
   2152    8    6   20 1 1 1
   2153    8    6   21 1 1 1
   2154    8    6   22 1 1 1
   2155    8    6   23 1 1 1
   2156    8    6   24 1 1 1
   2157    8    6   25 1 1 1
   2158    8    6   26 1 1 1
   2159    8    7    1 1 1 1
   2160    8    7    2 1 1 1
   2161    8    7    3 1 1 1
   2162    8    7    4 1 1 1
   2163    8    7    5 1 1 1
   2164    8    7    6 1 1 1
   2165    8    7    7 1 1 1
   2166    8    7    8 1 1 1
   2167    8    7    9 1 1 1
   2168    8    7   10 1 1 1
   2169    8    7   11 1 1 1
   2170    8    7   12 1 1 1
   2171    8    7   13 1 1 1
   2172    8    7   14 1 1 1
   2173    8    7   15 1 1 1
   2174    8    7   16 1 1 1
   2175    8    7   17 1 1 1
   2176    8    7   18 1 1 1
   2177    8    7   19 1 1 1
   2178    8    7   20 1 1 1
   2179    8    7   21 1 1 1
   2180    8    7   22 1 1 1
   2181    8    7   23 1 1 1
   2182    8    7   24 1 1 1
   2183    8    7   25 1 1 1
   2184    8    7   26 1 1 1
   2185    8    8    1 1 1 1
   2186    8    8    2 1 1 1
   2187    8    8    3 1 1 1
   2188    8    8    4 1 1 1
   2189    8    8    5 1 1 1
   2190    8    8    6 1 1 1
   2191    8    8    7 1 1 1
   2192    8    8    8 1 1 1
   2193    8    8    9 1 1 1
   2194    8    8   10 1 1 1
   2195    8    8   11 1 1 1
   2196    8    8   12 1 1 1
   2197    8    8   13 1 1 1
   2198    8    8   14 1 1 1
   2199    8    8   15 1 1 1
   2200    8    8   16 1 1 1
   2201    8    8   17 1 1 1
   2202    8    8   18 1 1 1
   2203    8    8   19 1 1 1
   2204    8    8   20 1 1 1
   2205    8    8   21 1 1 1
   2206    8    8   22 1 1 1
   2207    8    8   23 1 1 1
   2208    8    8   24 1 1 1
   2209    8    8   25 1 1 1
   2210    8    8   26 1 1 1
   2211    8    9    1 1 1 1
   2212    8    9    2 1 1 1
   2213    8    9    3 1 1 1
   2214    8    9    4 1 1 1
   2215    8    9    5 1 1 1
   2216    8    9    6 1 1 1
   2217    8    9    7 1 1 1
   2218    8    9    8 1 1 1
   2219    8    9    9 1 1 1
   2220    8    9   10 1 1 1
   2221    8    9   11 1 1 1
   2222    8    9   12 1 1 1
   2223    8    9   13 1 1 1
   2224    8    9   14 1 1 1
   2225    8    9   15 1 1 1
   2226    8    9   16 1 1 1
   2227    8    9   17 1 1 1
   2228    8    9   18 1 1 1
   2229    8    9   19 1 1 1
   2230    8    9   20 1 1 1
   2231    8    9   21 1 1 1
   2232    8    9   22 1 1 1
   2233    8    9   23 1 1 1
   2234    8    9   24 1 1 1
   2235    8    9   25 1 1 1
   2236    8    9   26 1 1 1
   2237    8   10    1 1 1 1
   2238    8   10    2 1 1 1
   2239    8   10    3 1 1 1
   2240    8   10    4 1 1 1
   2241    8   10    5 1 1 1
   2242    8   10    6 1 1 1
   2243    8   10    7 1 1 1
   2244    8   10    8 1 1 1
   2245    8   10    9 1 1 1
   2246    8   10   10 1 1 1
   2247    8   10   11 1 1 1
   2248    8   10   12 1 1 1
   2249    8   10   13 1 1 1
   2250    8   10   14 1 1 1
   2251    8   10   15 1 1 1
   2252    8   10   16 1 1 1
   2253    8   10   17 1 1 1
   2254    8   10   18 1 1 1
   2255    8   10   19 1 1 1
   2256    8   10   20 1 1 1
   2257    8   10   21 1 1 1
   2258    8   10   22 1 1 1
   2259    8   10   23 1 1 1
   2260    8   10   24 1 1 1
   2261    8   10   25 1 1 1
   2262    8   10   26 1 1 1
   2263    8   11    1 1 1 1
   2264    8   11    2 1 1 1
   2265    8   11    3 1 1 1
   2266    8   11    4 1 1 1
   2267    8   11    5 1 1 1
   2268    8   11    6 1 1 1
   2269    8   11    7 1 1 1
   2270    8   11    8 1 1 1
   2271    8   11    9 1 1 1
   2272    8   11   10 1 1 1
   2273    8   11   11 1 1 1
   2274    8   11   12 1 1 1
   2275    8   11   13 1 1 1
   2276    8   11   14 1 1 1
   2277    8   11   15 1 1 1
   2278    8   11   16 1 1 1
   2279    8   11   17 1 1 1
   2280    8   11   18 1 1 1
   2281    8   11   19 1 1 1
   2282    8   11   20 1 1 1
   2283    8   11   21 1 1 1
   2284    8   11   22 1 1 1
   2285    8   11   23 1 1 1
   2286    8   11   24 1 1 1
   2287    8   11   25 1 1 1
   2288    8   11   26 1 1 1
   2289    9    1    1 1 1 1
   2290    9    1    2 1 1 1
   2291    9    1    3 1 1 1
   2292    9    1    4 1 1 1
   2293    9    1    5 1 1 1
   2294    9    1    6 1 1 1
   2295    9    1    7 1 1 1
   2296    9    1    8 1 1 1
   2297    9    1    9 1 1 1
   2298    9    1   10 1 1 1
   2299    9    1   11 1 1 1
   2300    9    1   12 1 1 1
   2301    9    1   13 1 1 1
   2302    9    1   14 1 1 1
   2303    9    1   15 1 1 1
   2304    9    1   16 1 1 1
   2305    9    1   17 1 1 1
   2306    9    1   18 1 1 1
   2307    9    1   19 1 1 1
   2308    9    1   20 1 1 1
   2309    9    1   21 1 1 1
   2310    9    1   22 1 1 1
   2311    9    1   23 1 1 1
   2312    9    1   24 1 1 1
   2313    9    1   25 1 1 1
   2314    9    1   26 1 1 1
   2315    9    2    1 1 1 1
   2316    9    2    2 1 1 1
   2317    9    2    3 1 1 1
   2318    9    2    4 1 1 1
   2319    9    2    5 1 1 1
   2320    9    2    6 1 1 1
   2321    9    2    7 1 1 1
   2322    9    2    8 1 1 1
   2323    9    2    9 1 1 1
   2324    9    2   10 1 1 1
   2325    9    2   11 1 1 1
   2326    9    2   12 1 1 1
   2327    9    2   13 1 1 1
   2328    9    2   14 1 1 1
   2329    9    2   15 1 1 1
   2330    9    2   16 1 1 1
   2331    9    2   17 1 1 1
   2332    9    2   18 1 1 1
   2333    9    2   19 1 1 1
   2334    9    2   20 1 1 1
   2335    9    2   21 1 1 1
   2336    9    2   22 1 1 1
   2337    9    2   23 1 1 1
   2338    9    2   24 1 1 1
   2339    9    2   25 1 1 1
   2340    9    2   26 1 1 1
   2341    9    3    1 1 1 1
   2342    9    3    2 1 1 1
   2343    9    3    3 1 1 1
   2344    9    3    4 1 1 1
   2345    9    3    5 1 1 1
   2346    9    3    6 1 1 1
   2347    9    3    7 1 1 1
   2348    9    3    8 1 1 1
   2349    9    3    9 1 1 1
   2350    9    3   10 1 1 1
   2351    9    3   11 1 1 1
   2352    9    3   12 1 1 1
   2353    9    3   13 1 1 1
   2354    9    3   14 1 1 1
   2355    9    3   15 1 1 1
   2356    9    3   16 1 1 1
   2357    9    3   17 1 1 1
   2358    9    3   18 1 1 1
   2359    9    3   19 1 1 1
   2360    9    3   20 1 1 1
   2361    9    3   21 1 1 1
   2362    9    3   22 1 1 1
   2363    9    3   23 1 1 1
   2364    9    3   24 1 1 1
   2365    9    3   25 1 1 1
   2366    9    3   26 1 1 1
   2367    9    4    1 1 1 1
   2368    9    4    2 1 1 1
   2369    9    4    3 1 1 1
   2370    9    4    4 1 1 1
   2371    9    4    5 1 1 1
   2372    9    4    6 1 1 1
   2373    9    4    7 1 1 1
   2374    9    4    8 1 1 1
   2375    9    4    9 1 1 1
   2376    9    4   10 1 1 1
   2377    9    4   11 1 1 1
   2378    9    4   12 1 1 1
   2379    9    4   13 1 1 1
   2380    9    4   14 1 1 1
   2381    9    4   15 1 1 1
   2382    9    4   16 1 1 1
   2383    9    4   17 1 1 1
   2384    9    4   18 1 1 1
   2385    9    4   19 1 1 1
   2386    9    4   20 1 1 1
   2387    9    4   21 1 1 1
   2388    9    4   22 1 1 1
   2389    9    4   23 1 1 1
   2390    9    4   24 1 1 1
   2391    9    4   25 1 1 1
   2392    9    4   26 1 1 1
   2393    9    5    1 1 1 1
   2394    9    5    2 1 1 1
   2395    9    5    3 1 1 1
   2396    9    5    4 1 1 1
   2397    9    5    5 1 1 1
   2398    9    5    6 1 1 1
   2399    9    5    7 1 1 1
   2400    9    5    8 1 1 1
   2401    9    5    9 1 1 1
   2402    9    5   10 1 1 1
   2403    9    5   11 1 1 1
   2404    9    5   12 1 1 1
   2405    9    5   13 1 1 1
   2406    9    5   14 1 1 1
   2407    9    5   15 1 1 1
   2408    9    5   16 1 1 1
   2409    9    5   17 1 1 1
   2410    9    5   18 1 1 1
   2411    9    5   19 1 1 1
   2412    9    5   20 1 1 1
   2413    9    5   21 1 1 1
   2414    9    5   22 1 1 1
   2415    9    5   23 1 1 1
   2416    9    5   24 1 1 1
   2417    9    5   25 1 1 1
   2418    9    5   26 1 1 1
   2419    9    6    1 1 1 1
   2420    9    6    2 1 1 1
   2421    9    6    3 1 1 1
   2422    9    6    4 1 1 1
   2423    9    6    5 1 1 1
   2424    9    6    6 1 1 1
   2425    9    6    7 1 1 1
   2426    9    6    8 1 1 1
   2427    9    6    9 1 1 1
   2428    9    6   10 1 1 1
   2429    9    6   11 1 1 1
   2430    9    6   12 1 1 1
   2431    9    6   13 1 1 1
   2432    9    6   14 1 1 1
   2433    9    6   15 1 1 1
   2434    9    6   16 1 1 1
   2435    9    6   17 1 1 1
   2436    9    6   18 1 1 1
   2437    9    6   19 1 1 1
   2438    9    6   20 1 1 1
   2439    9    6   21 1 1 1
   2440    9    6   22 1 1 1
   2441    9    6   23 1 1 1
   2442    9    6   24 1 1 1
   2443    9    6   25 1 1 1
   2444    9    6   26 1 1 1
   2445    9    7    1 1 1 1
   2446    9    7    2 1 1 1
   2447    9    7    3 1 1 1
   2448    9    7    4 1 1 1
   2449    9    7    5 1 1 1
   2450    9    7    6 1 1 1
   2451    9    7    7 1 1 1
   2452    9    7    8 1 1 1
   2453    9    7    9 1 1 1
   2454    9    7   10 1 1 1
   2455    9    7   11 1 1 1
   2456    9    7   12 1 1 1
   2457    9    7   13 1 1 1
   2458    9    7   14 1 1 1
   2459    9    7   15 1 1 1
   2460    9    7   16 1 1 1
   2461    9    7   17 1 1 1
   2462    9    7   18 1 1 1
   2463    9    7   19 1 1 1
   2464    9    7   20 1 1 1
   2465    9    7   21 1 1 1
   2466    9    7   22 1 1 1
   2467    9    7   23 1 1 1
   2468    9    7   24 1 1 1
   2469    9    7   25 1 1 1
   2470    9    7   26 1 1 1
   2471    9    8    1 1 1 1
   2472    9    8    2 1 1 1
   2473    9    8    3 1 1 1
   2474    9    8    4 1 1 1
   2475    9    8    5 1 1 1
   2476    9    8    6 1 1 1
   2477    9    8    7 1 1 1
   2478    9    8    8 1 1 1
   2479    9    8    9 1 1 1
   2480    9    8   10 1 1 1
   2481    9    8   11 1 1 1
   2482    9    8   12 1 1 1
   2483    9    8   13 1 1 1
   2484    9    8   14 1 1 1
   2485    9    8   15 1 1 1
   2486    9    8   16 1 1 1
   2487    9    8   17 1 1 1
   2488    9    8   18 1 1 1
   2489    9    8   19 1 1 1
   2490    9    8   20 1 1 1
   2491    9    8   21 1 1 1
   2492    9    8   22 1 1 1
   2493    9    8   23 1 1 1
   2494    9    8   24 1 1 1
   2495    9    8   25 1 1 1
   2496    9    8   26 1 1 1
   2497    9    9    1 1 1 1
   2498    9    9    2 1 1 1
   2499    9    9    3 1 1 1
   2500    9    9    4 1 1 1
   2501    9    9    5 1 1 1
   2502    9    9    6 1 1 1
   2503    9    9    7 1 1 1
   2504    9    9    8 1 1 1
   2505    9    9    9 1 1 1
   2506    9    9   10 1 1 1
   2507    9    9   11 1 1 1
   2508    9    9   12 1 1 1
   2509    9    9   13 1 1 1
   2510    9    9   14 1 1 1
   2511    9    9   15 1 1 1
   2512    9    9   16 1 1 1
   2513    9    9   17 1 1 1
   2514    9    9   18 1 1 1
   2515    9    9   19 1 1 1
   2516    9    9   20 1 1 1
   2517    9    9   21 1 1 1
   2518    9    9   22 1 1 1
   2519    9    9   23 1 1 1
   2520    9    9   24 1 1 1
   2521    9    9   25 1 1 1
   2522    9    9   26 1 1 1
   2523    9   10    1 1 1 1
   2524    9   10    2 1 1 1
   2525    9   10    3 1 1 1
   2526    9   10    4 1 1 1
   2527    9   10    5 1 1 1
   2528    9   10    6 1 1 1
   2529    9   10    7 1 1 1
   2530    9   10    8 1 1 1
   2531    9   10    9 1 1 1
   2532    9   10   10 1 1 1
   2533    9   10   11 1 1 1
   2534    9   10   12 1 1 1
   2535    9   10   13 1 1 1
   2536    9   10   14 1 1 1
   2537    9   10   15 1 1 1
   2538    9   10   16 1 1 1
   2539    9   10   17 1 1 1
   2540    9   10   18 1 1 1
   2541    9   10   19 1 1 1
   2542    9   10   20 1 1 1
   2543    9   10   21 1 1 1
   2544    9   10   22 1 1 1
   2545    9   10   23 1 1 1
   2546    9   10   24 1 1 1
   2547    9   10   25 1 1 1
   2548    9   10   26 1 1 1
   2549    9   11    1 1 1 1
   2550    9   11    2 1 1 1
   2551    9   11    3 1 1 1
   2552    9   11    4 1 1 1
   2553    9   11    5 1 1 1
   2554    9   11    6 1 1 1
   2555    9   11    7 1 1 1
   2556    9   11    8 1 1 1
   2557    9   11    9 1 1 1
   2558    9   11   10 1 1 1
   2559    9   11   11 1 1 1
   2560    9   11   12 1 1 1
   2561    9   11   13 1 1 1
   2562    9   11   14 1 1 1
   2563    9   11   15 1 1 1
   2564    9   11   16 1 1 1
   2565    9   11   17 1 1 1
   2566    9   11   18 1 1 1
   2567    9   11   19 1 1 1
   2568    9   11   20 1 1 1
   2569    9   11   21 1 1 1
   2570    9   11   22 1 1 1
   2571    9   11   23 1 1 1
   2572    9   11   24 1 1 1
   2573    9   11   25 1 1 1
   2574    9   11   26 1 1 1
   2575   10    1    1 1 1 1
   2576   10    1    2 1 1 1
   2577   10    1    3 1 1 1
   2578   10    1    4 1 1 1
   2579   10    1    5 1 1 1
   2580   10    1    6 1 1 1
   2581   10    1    7 1 1 1
   2582   10    1    8 1 1 1
   2583   10    1    9 1 1 1
   2584   10    1   10 1 1 1
   2585   10    1   11 1 1 1
   2586   10    1   12 1 1 1
   2587   10    1   13 1 1 1
   2588   10    1   14 1 1 1
   2589   10    1   15 1 1 1
   2590   10    1   16 1 1 1
   2591   10    1   17 1 1 1
   2592   10    1   18 1 1 1
   2593   10    1   19 1 1 1
   2594   10    1   20 1 1 1
   2595   10    1   21 1 1 1
   2596   10    1   22 1 1 1
   2597   10    1   23 1 1 1
   2598   10    1   24 1 1 1
   2599   10    1   25 1 1 1
   2600   10    1   26 1 1 1
   2601   10    2    1 1 1 1
   2602   10    2    2 1 1 1
   2603   10    2    3 1 1 1
   2604   10    2    4 1 1 1
   2605   10    2    5 1 1 1
   2606   10    2    6 1 1 1
   2607   10    2    7 1 1 1
   2608   10    2    8 1 1 1
   2609   10    2    9 1 1 1
   2610   10    2   10 1 1 1
   2611   10    2   11 1 1 1
   2612   10    2   12 1 1 1
   2613   10    2   13 1 1 1
   2614   10    2   14 1 1 1
   2615   10    2   15 1 1 1
   2616   10    2   16 1 1 1
   2617   10    2   17 1 1 1
   2618   10    2   18 1 1 1
   2619   10    2   19 1 1 1
   2620   10    2   20 1 1 1
   2621   10    2   21 1 1 1
   2622   10    2   22 1 1 1
   2623   10    2   23 1 1 1
   2624   10    2   24 1 1 1
   2625   10    2   25 1 1 1
   2626   10    2   26 1 1 1
   2627   10    3    1 1 1 1
   2628   10    3    2 1 1 1
   2629   10    3    3 1 1 1
   2630   10    3    4 1 1 1
   2631   10    3    5 1 1 1
   2632   10    3    6 1 1 1
   2633   10    3    7 1 1 1
   2634   10    3    8 1 1 1
   2635   10    3    9 1 1 1
   2636   10    3   10 1 1 1
   2637   10    3   11 1 1 1
   2638   10    3   12 1 1 1
   2639   10    3   13 1 1 1
   2640   10    3   14 1 1 1
   2641   10    3   15 1 1 1
   2642   10    3   16 1 1 1
   2643   10    3   17 1 1 1
   2644   10    3   18 1 1 1
   2645   10    3   19 1 1 1
   2646   10    3   20 1 1 1
   2647   10    3   21 1 1 1
   2648   10    3   22 1 1 1
   2649   10    3   23 1 1 1
   2650   10    3   24 1 1 1
   2651   10    3   25 1 1 1
   2652   10    3   26 1 1 1
   2653   10    4    1 1 1 1
   2654   10    4    2 1 1 1
   2655   10    4    3 1 1 1
   2656   10    4    4 1 1 1
   2657   10    4    5 1 1 1
   2658   10    4    6 1 1 1
   2659   10    4    7 1 1 1
   2660   10    4    8 1 1 1
   2661   10    4    9 1 1 1
   2662   10    4   10 1 1 1
   2663   10    4   11 1 1 1
   2664   10    4   12 1 1 1
   2665   10    4   13 1 1 1
   2666   10    4   14 1 1 1
   2667   10    4   15 1 1 1
   2668   10    4   16 1 1 1
   2669   10    4   17 1 1 1
   2670   10    4   18 1 1 1
   2671   10    4   19 1 1 1
   2672   10    4   20 1 1 1
   2673   10    4   21 1 1 1
   2674   10    4   22 1 1 1
   2675   10    4   23 1 1 1
   2676   10    4   24 1 1 1
   2677   10    4   25 1 1 1
   2678   10    4   26 1 1 1
   2679   10    5    1 1 1 1
   2680   10    5    2 1 1 1
   2681   10    5    3 1 1 1
   2682   10    5    4 1 1 1
   2683   10    5    5 1 1 1
   2684   10    5    6 1 1 1
   2685   10    5    7 1 1 1
   2686   10    5    8 1 1 1
   2687   10    5    9 1 1 1
   2688   10    5   10 1 1 1
   2689   10    5   11 1 1 1
   2690   10    5   12 1 1 1
   2691   10    5   13 1 1 1
   2692   10    5   14 1 1 1
   2693   10    5   15 1 1 1
   2694   10    5   16 1 1 1
   2695   10    5   17 1 1 1
   2696   10    5   18 1 1 1
   2697   10    5   19 1 1 1
   2698   10    5   20 1 1 1
   2699   10    5   21 1 1 1
   2700   10    5   22 1 1 1
   2701   10    5   23 1 1 1
   2702   10    5   24 1 1 1
   2703   10    5   25 1 1 1
   2704   10    5   26 1 1 1
   2705   10    6    1 1 1 1
   2706   10    6    2 1 1 1
   2707   10    6    3 1 1 1
   2708   10    6    4 1 1 1
   2709   10    6    5 1 1 1
   2710   10    6    6 1 1 1
   2711   10    6    7 1 1 1
   2712   10    6    8 1 1 1
   2713   10    6    9 1 1 1
   2714   10    6   10 1 1 1
   2715   10    6   11 1 1 1
   2716   10    6   12 1 1 1
   2717   10    6   13 1 1 1
   2718   10    6   14 1 1 1
   2719   10    6   15 1 1 1
   2720   10    6   16 1 1 1
   2721   10    6   17 1 1 1
   2722   10    6   18 1 1 1
   2723   10    6   19 1 1 1
   2724   10    6   20 1 1 1
   2725   10    6   21 1 1 1
   2726   10    6   22 1 1 1
   2727   10    6   23 1 1 1
   2728   10    6   24 1 1 1
   2729   10    6   25 1 1 1
   2730   10    6   26 1 1 1
   2731   10    7    1 1 1 1
   2732   10    7    2 1 1 1
   2733   10    7    3 1 1 1
   2734   10    7    4 1 1 1
   2735   10    7    5 1 1 1
   2736   10    7    6 1 1 1
   2737   10    7    7 1 1 1
   2738   10    7    8 1 1 1
   2739   10    7    9 1 1 1
   2740   10    7   10 1 1 1
   2741   10    7   11 1 1 1
   2742   10    7   12 1 1 1
   2743   10    7   13 1 1 1
   2744   10    7   14 1 1 1
   2745   10    7   15 1 1 1
   2746   10    7   16 1 1 1
   2747   10    7   17 1 1 1
   2748   10    7   18 1 1 1
   2749   10    7   19 1 1 1
   2750   10    7   20 1 1 1
   2751   10    7   21 1 1 1
   2752   10    7   22 1 1 1
   2753   10    7   23 1 1 1
   2754   10    7   24 1 1 1
   2755   10    7   25 1 1 1
   2756   10    7   26 1 1 1
   2757   10    8    1 1 1 1
   2758   10    8    2 1 1 1
   2759   10    8    3 1 1 1
   2760   10    8    4 1 1 1
   2761   10    8    5 1 1 1
   2762   10    8    6 1 1 1
   2763   10    8    7 1 1 1
   2764   10    8    8 1 1 1
   2765   10    8    9 1 1 1
   2766   10    8   10 1 1 1
   2767   10    8   11 1 1 1
   2768   10    8   12 1 1 1
   2769   10    8   13 1 1 1
   2770   10    8   14 1 1 1
   2771   10    8   15 1 1 1
   2772   10    8   16 1 1 1
   2773   10    8   17 1 1 1
   2774   10    8   18 1 1 1
   2775   10    8   19 1 1 1
   2776   10    8   20 1 1 1
   2777   10    8   21 1 1 1
   2778   10    8   22 1 1 1
   2779   10    8   23 1 1 1
   2780   10    8   24 1 1 1
   2781   10    8   25 1 1 1
   2782   10    8   26 1 1 1
   2783   10    9    1 1 1 1
   2784   10    9    2 1 1 1
   2785   10    9    3 1 1 1
   2786   10    9    4 1 1 1
   2787   10    9    5 1 1 1
   2788   10    9    6 1 1 1
   2789   10    9    7 1 1 1
   2790   10    9    8 1 1 1
   2791   10    9    9 1 1 1
   2792   10    9   10 1 1 1
   2793   10    9   11 1 1 1
   2794   10    9   12 1 1 1
   2795   10    9   13 1 1 1
   2796   10    9   14 1 1 1
   2797   10    9   15 1 1 1
   2798   10    9   16 1 1 1
   2799   10    9   17 1 1 1
   2800   10    9   18 1 1 1
   2801   10    9   19 1 1 1
   2802   10    9   20 1 1 1
   2803   10    9   21 1 1 1
   2804   10    9   22 1 1 1
   2805   10    9   23 1 1 1
   2806   10    9   24 1 1 1
   2807   10    9   25 1 1 1
   2808   10    9   26 1 1 1
   2809   10   10    1 1 1 1
   2810   10   10    2 1 1 1
   2811   10   10    3 1 1 1
   2812   10   10    4 1 1 1
   2813   10   10    5 1 1 1
   2814   10   10    6 1 1 1
   2815   10   10    7 1 1 1
   2816   10   10    8 1 1 1
   2817   10   10    9 1 1 1
   2818   10   10   10 1 1 1
   2819   10   10   11 1 1 1
   2820   10   10   12 1 1 1
   2821   10   10   13 1 1 1
   2822   10   10   14 1 1 1
   2823   10   10   15 1 1 1
   2824   10   10   16 1 1 1
   2825   10   10   17 1 1 1
   2826   10   10   18 1 1 1
   2827   10   10   19 1 1 1
   2828   10   10   20 1 1 1
   2829   10   10   21 1 1 1
   2830   10   10   22 1 1 1
   2831   10   10   23 1 1 1
   2832   10   10   24 1 1 1
   2833   10   10   25 1 1 1
   2834   10   10   26 1 1 1
   2835   10   11    1 1 1 1
   2836   10   11    2 1 1 1
   2837   10   11    3 1 1 1
   2838   10   11    4 1 1 1
   2839   10   11    5 1 1 1
   2840   10   11    6 1 1 1
   2841   10   11    7 1 1 1
   2842   10   11    8 1 1 1
   2843   10   11    9 1 1 1
   2844   10   11   10 1 1 1
   2845   10   11   11 1 1 1
   2846   10   11   12 1 1 1
   2847   10   11   13 1 1 1
   2848   10   11   14 1 1 1
   2849   10   11   15 1 1 1
   2850   10   11   16 1 1 1
   2851   10   11   17 1 1 1
   2852   10   11   18 1 1 1
   2853   10   11   19 1 1 1
   2854   10   11   20 1 1 1
   2855   10   11   21 1 1 1
   2856   10   11   22 1 1 1
   2857   10   11   23 1 1 1
   2858   10   11   24 1 1 1
   2859   10   11   25 1 1 1
   2860   10   11   26 1 1 1
   2861   11    1    1 1 1 1
   2862   11    1    2 1 1 1
   2863   11    1    3 1 1 1
   2864   11    1    4 1 1 1
   2865   11    1    5 1 1 1
   2866   11    1    6 1 1 1
   2867   11    1    7 1 1 1
   2868   11    1    8 1 1 1
   2869   11    1    9 1 1 1
   2870   11    1   10 1 1 1
   2871   11    1   11 1 1 1
   2872   11    1   12 1 1 1
   2873   11    1   13 1 1 1
   2874   11    1   14 1 1 1
   2875   11    1   15 1 1 1
   2876   11    1   16 1 1 1
   2877   11    1   17 1 1 1
   2878   11    1   18 1 1 1
   2879   11    1   19 1 1 1
   2880   11    1   20 1 1 1
   2881   11    1   21 1 1 1
   2882   11    1   22 1 1 1
   2883   11    1   23 1 1 1
   2884   11    1   24 1 1 1
   2885   11    1   25 1 1 1
   2886   11    1   26 1 1 1
   2887   11    2    1 1 1 1
   2888   11    2    2 1 1 1
   2889   11    2    3 1 1 1
   2890   11    2    4 1 1 1
   2891   11    2    5 1 1 1
   2892   11    2    6 1 1 1
   2893   11    2    7 1 1 1
   2894   11    2    8 1 1 1
   2895   11    2    9 1 1 1
   2896   11    2   10 1 1 1
   2897   11    2   11 1 1 1
   2898   11    2   12 1 1 1
   2899   11    2   13 1 1 1
   2900   11    2   14 1 1 1
   2901   11    2   15 1 1 1
   2902   11    2   16 1 1 1
   2903   11    2   17 1 1 1
   2904   11    2   18 1 1 1
   2905   11    2   19 1 1 1
   2906   11    2   20 1 1 1
   2907   11    2   21 1 1 1
   2908   11    2   22 1 1 1
   2909   11    2   23 1 1 1
   2910   11    2   24 1 1 1
   2911   11    2   25 1 1 1
   2912   11    2   26 1 1 1
   2913   11    3    1 1 1 1
   2914   11    3    2 1 1 1
   2915   11    3    3 1 1 1
   2916   11    3    4 1 1 1
   2917   11    3    5 1 1 1
   2918   11    3    6 1 1 1
   2919   11    3    7 1 1 1
   2920   11    3    8 1 1 1
   2921   11    3    9 1 1 1
   2922   11    3   10 1 1 1
   2923   11    3   11 1 1 1
   2924   11    3   12 1 1 1
   2925   11    3   13 1 1 1
   2926   11    3   14 1 1 1
   2927   11    3   15 1 1 1
   2928   11    3   16 1 1 1
   2929   11    3   17 1 1 1
   2930   11    3   18 1 1 1
   2931   11    3   19 1 1 1
   2932   11    3   20 1 1 1
   2933   11    3   21 1 1 1
   2934   11    3   22 1 1 1
   2935   11    3   23 1 1 1
   2936   11    3   24 1 1 1
   2937   11    3   25 1 1 1
   2938   11    3   26 1 1 1
   2939   11    4    1 1 1 1
   2940   11    4    2 1 1 1
   2941   11    4    3 1 1 1
   2942   11    4    4 1 1 1
   2943   11    4    5 1 1 1
   2944   11    4    6 1 1 1
   2945   11    4    7 1 1 1
   2946   11    4    8 1 1 1
   2947   11    4    9 1 1 1
   2948   11    4   10 1 1 1
   2949   11    4   11 1 1 1
   2950   11    4   12 1 1 1
   2951   11    4   13 1 1 1
   2952   11    4   14 1 1 1
   2953   11    4   15 1 1 1
   2954   11    4   16 1 1 1
   2955   11    4   17 1 1 1
   2956   11    4   18 1 1 1
   2957   11    4   19 1 1 1
   2958   11    4   20 1 1 1
   2959   11    4   21 1 1 1
   2960   11    4   22 1 1 1
   2961   11    4   23 1 1 1
   2962   11    4   24 1 1 1
   2963   11    4   25 1 1 1
   2964   11    4   26 1 1 1
   2965   11    5    1 1 1 1
   2966   11    5    2 1 1 1
   2967   11    5    3 1 1 1
   2968   11    5    4 1 1 1
   2969   11    5    5 1 1 1
   2970   11    5    6 1 1 1
   2971   11    5    7 1 1 1
   2972   11    5    8 1 1 1
   2973   11    5    9 1 1 1
   2974   11    5   10 1 1 1
   2975   11    5   11 1 1 1
   2976   11    5   12 1 1 1
   2977   11    5   13 1 1 1
   2978   11    5   14 1 1 1
   2979   11    5   15 1 1 1
   2980   11    5   16 1 1 1
   2981   11    5   17 1 1 1
   2982   11    5   18 1 1 1
   2983   11    5   19 1 1 1
   2984   11    5   20 1 1 1
   2985   11    5   21 1 1 1
   2986   11    5   22 1 1 1
   2987   11    5   23 1 1 1
   2988   11    5   24 1 1 1
   2989   11    5   25 1 1 1
   2990   11    5   26 1 1 1
   2991   11    6    1 1 1 1
   2992   11    6    2 1 1 1
   2993   11    6    3 1 1 1
   2994   11    6    4 1 1 1
   2995   11    6    5 1 1 1
   2996   11    6    6 1 1 1
   2997   11    6    7 1 1 1
   2998   11    6    8 1 1 1
   2999   11    6    9 1 1 1
   3000   11    6   10 1 1 1
   3001   11    6   11 1 1 1
   3002   11    6   12 1 1 1
   3003   11    6   13 1 1 1
   3004   11    6   14 1 1 1
   3005   11    6   15 1 1 1
   3006   11    6   16 1 1 1
   3007   11    6   17 1 1 1
   3008   11    6   18 1 1 1
   3009   11    6   19 1 1 1
   3010   11    6   20 1 1 1
   3011   11    6   21 1 1 1
   3012   11    6   22 1 1 1
   3013   11    6   23 1 1 1
   3014   11    6   24 1 1 1
   3015   11    6   25 1 1 1
   3016   11    6   26 1 1 1
   3017   11    7    1 1 1 1
   3018   11    7    2 1 1 1
   3019   11    7    3 1 1 1
   3020   11    7    4 1 1 1
   3021   11    7    5 1 1 1
   3022   11    7    6 1 1 1
   3023   11    7    7 1 1 1
   3024   11    7    8 1 1 1
   3025   11    7    9 1 1 1
   3026   11    7   10 1 1 1
   3027   11    7   11 1 1 1
   3028   11    7   12 1 1 1
   3029   11    7   13 1 1 1
   3030   11    7   14 1 1 1
   3031   11    7   15 1 1 1
   3032   11    7   16 1 1 1
   3033   11    7   17 1 1 1
   3034   11    7   18 1 1 1
   3035   11    7   19 1 1 1
   3036   11    7   20 1 1 1
   3037   11    7   21 1 1 1
   3038   11    7   22 1 1 1
   3039   11    7   23 1 1 1
   3040   11    7   24 1 1 1
   3041   11    7   25 1 1 1
   3042   11    7   26 1 1 1
   3043   11    8    1 1 1 1
   3044   11    8    2 1 1 1
   3045   11    8    3 1 1 1
   3046   11    8    4 1 1 1
   3047   11    8    5 1 1 1
   3048   11    8    6 1 1 1
   3049   11    8    7 1 1 1
   3050   11    8    8 1 1 1
   3051   11    8    9 1 1 1
   3052   11    8   10 1 1 1
   3053   11    8   11 1 1 1
   3054   11    8   12 1 1 1
   3055   11    8   13 1 1 1
   3056   11    8   14 1 1 1
   3057   11    8   15 1 1 1
   3058   11    8   16 1 1 1
   3059   11    8   17 1 1 1
   3060   11    8   18 1 1 1
   3061   11    8   19 1 1 1
   3062   11    8   20 1 1 1
   3063   11    8   21 1 1 1
   3064   11    8   22 1 1 1
   3065   11    8   23 1 1 1
   3066   11    8   24 1 1 1
   3067   11    8   25 1 1 1
   3068   11    8   26 1 1 1
   3069   11    9    1 1 1 1
   3070   11    9    2 1 1 1
   3071   11    9    3 1 1 1
   3072   11    9    4 1 1 1
   3073   11    9    5 1 1 1
   3074   11    9    6 1 1 1
   3075   11    9    7 1 1 1
   3076   11    9    8 1 1 1
   3077   11    9    9 1 1 1
   3078   11    9   10 1 1 1
   3079   11    9   11 1 1 1
   3080   11    9   12 1 1 1
   3081   11    9   13 1 1 1
   3082   11    9   14 1 1 1
   3083   11    9   15 1 1 1
   3084   11    9   16 1 1 1
   3085   11    9   17 1 1 1
   3086   11    9   18 1 1 1
   3087   11    9   19 1 1 1
   3088   11    9   20 1 1 1
   3089   11    9   21 1 1 1
   3090   11    9   22 1 1 1
   3091   11    9   23 1 1 1
   3092   11    9   24 1 1 1
   3093   11    9   25 1 1 1
   3094   11    9   26 1 1 1
   3095   11   10    1 1 1 1
   3096   11   10    2 1 1 1
   3097   11   10    3 1 1 1
   3098   11   10    4 1 1 1
   3099   11   10    5 1 1 1
   3100   11   10    6 1 1 1
   3101   11   10    7 1 1 1
   3102   11   10    8 1 1 1
   3103   11   10    9 1 1 1
   3104   11   10   10 1 1 1
   3105   11   10   11 1 1 1
   3106   11   10   12 1 1 1
   3107   11   10   13 1 1 1
   3108   11   10   14 1 1 1
   3109   11   10   15 1 1 1
   3110   11   10   16 1 1 1
   3111   11   10   17 1 1 1
   3112   11   10   18 1 1 1
   3113   11   10   19 1 1 1
   3114   11   10   20 1 1 1
   3115   11   10   21 1 1 1
   3116   11   10   22 1 1 1
   3117   11   10   23 1 1 1
   3118   11   10   24 1 1 1
   3119   11   10   25 1 1 1
   3120   11   10   26 1 1 1
   3121   11   11    1 1 1 1
   3122   11   11    2 1 1 1
   3123   11   11    3 1 1 1
   3124   11   11    4 1 1 1
   3125   11   11    5 1 1 1
   3126   11   11    6 1 1 1
   3127   11   11    7 1 1 1
   3128   11   11    8 1 1 1
   3129   11   11    9 1 1 1
   3130   11   11   10 1 1 1
   3131   11   11   11 1 1 1
   3132   11   11   12 1 1 1
   3133   11   11   13 1 1 1
   3134   11   11   14 1 1 1
   3135   11   11   15 1 1 1
   3136   11   11   16 1 1 1
   3137   11   11   17 1 1 1
   3138   11   11   18 1 1 1
   3139   11   11   19 1 1 1
   3140   11   11   20 1 1 1
   3141   11   11   21 1 1 1
   3142   11   11   22 1 1 1
   3143   11   11   23 1 1 1
   3144   11   11   24 1 1 1
   3145   11   11   25 1 1 1
   3146   11   11   26 1 1 1
