 >REASHP: option FROM_FILE
      1350 = NAT
  1.000000  0.000000  0.000000 = A_1 vector
  0.000000  1.000000  0.000000 = A_2 vector
  1.000000  1.000000  1.000000 = lattice spacings (d_x,d_y,d_z)/d
  -0.01385  -0.14625  -0.07495 = lattice offset x0(1-3) = (x_TF,y_TF,z_TF)/d for dipole 0 0 0
     JA  IX  IY  IZ ICOMP(x,y,z)
      1    1    1    1 1 1 1
      2    1    1    2 1 1 1
      3    1    1    3 1 1 1
      4    1    1    4 1 1 1
      5    1    1    5 1 1 1
      6    1    1    6 1 1 1
      7    1    1    7 1 1 1
      8    1    1    8 1 1 1
      9    1    1    9 1 1 1
     10    1    1   10 1 1 1
     11    1    1   11 1 1 1
     12    1    1   12 1 1 1
     13    1    1   13 1 1 1
     14    1    1   14 1 1 1
     15    1    1   15 1 1 1
     16    1    2    1 1 1 1
     17    1    2    2 1 1 1
     18    1    2    3 1 1 1
     19    1    2    4 1 1 1
     20    1    2    5 1 1 1
     21    1    2    6 1 1 1
     22    1    2    7 1 1 1
     23    1    2    8 1 1 1
     24    1    2    9 1 1 1
     25    1    2   10 1 1 1
     26    1    2   11 1 1 1
     27    1    2   12 1 1 1
     28    1    2   13 1 1 1
     29    1    2   14 1 1 1
     30    1    2   15 1 1 1
     31    1    3    1 1 1 1
     32    1    3    2 1 1 1
     33    1    3    3 1 1 1
     34    1    3    4 1 1 1
     35    1    3    5 1 1 1
     36    1    3    6 1 1 1
     37    1    3    7 1 1 1
     38    1    3    8 1 1 1
     39    1    3    9 1 1 1
     40    1    3   10 1 1 1
     41    1    3   11 1 1 1
     42    1    3   12 1 1 1
     43    1    3   13 1 1 1
     44    1    3   14 1 1 1
     45    1    3   15 1 1 1
     46    1    4    1 1 1 1
     47    1    4    2 1 1 1
     48    1    4    3 1 1 1
     49    1    4    4 1 1 1
     50    1    4    5 1 1 1
     51    1    4    6 1 1 1
     52    1    4    7 1 1 1
     53    1    4    8 1 1 1
     54    1    4    9 1 1 1
     55    1    4   10 1 1 1
     56    1    4   11 1 1 1
     57    1    4   12 1 1 1
     58    1    4   13 1 1 1
     59    1    4   14 1 1 1
     60    1    4   15 1 1 1
     61    1    5    1 1 1 1
     62    1    5    2 1 1 1
     63    1    5    3 1 1 1
     64    1    5    4 1 1 1
     65    1    5    5 1 1 1
     66    1    5    6 1 1 1
     67    1    5    7 1 1 1
     68    1    5    8 1 1 1
     69    1    5    9 1 1 1
     70    1    5   10 1 1 1
     71    1    5   11 1 1 1
     72    1    5   12 1 1 1
     73    1    5   13 1 1 1
     74    1    5   14 1 1 1
     75    1    5   15 1 1 1
     76    1    6    1 1 1 1
     77    1    6    2 1 1 1
     78    1    6    3 1 1 1
     79    1    6    4 1 1 1
     80    1    6    5 1 1 1
     81    1    6    6 1 1 1
     82    1    6    7 1 1 1
     83    1    6    8 1 1 1
     84    1    6    9 1 1 1
     85    1    6   10 1 1 1
     86    1    6   11 1 1 1
     87    1    6   12 1 1 1
     88    1    6   13 1 1 1
     89    1    6   14 1 1 1
     90    1    6   15 1 1 1
     91    1    7    1 1 1 1
     92    1    7    2 1 1 1
     93    1    7    3 1 1 1
     94    1    7    4 1 1 1
     95    1    7    5 1 1 1
     96    1    7    6 1 1 1
     97    1    7    7 1 1 1
     98    1    7    8 1 1 1
     99    1    7    9 1 1 1
    100    1    7   10 1 1 1
    101    1    7   11 1 1 1
    102    1    7   12 1 1 1
    103    1    7   13 1 1 1
    104    1    7   14 1 1 1
    105    1    7   15 1 1 1
    106    1    8    1 1 1 1
    107    1    8    2 1 1 1
    108    1    8    3 1 1 1
    109    1    8    4 1 1 1
    110    1    8    5 1 1 1
    111    1    8    6 1 1 1
    112    1    8    7 1 1 1
    113    1    8    8 1 1 1
    114    1    8    9 1 1 1
    115    1    8   10 1 1 1
    116    1    8   11 1 1 1
    117    1    8   12 1 1 1
    118    1    8   13 1 1 1
    119    1    8   14 1 1 1
    120    1    8   15 1 1 1
    121    1    9    1 1 1 1
    122    1    9    2 1 1 1
    123    1    9    3 1 1 1
    124    1    9    4 1 1 1
    125    1    9    5 1 1 1
    126    1    9    6 1 1 1
    127    1    9    7 1 1 1
    128    1    9    8 1 1 1
    129    1    9    9 1 1 1
    130    1    9   10 1 1 1
    131    1    9   11 1 1 1
    132    1    9   12 1 1 1
    133    1    9   13 1 1 1
    134    1    9   14 1 1 1
    135    1    9   15 1 1 1
    136    1   10    1 1 1 1
    137    1   10    2 1 1 1
    138    1   10    3 1 1 1
    139    1   10    4 1 1 1
    140    1   10    5 1 1 1
    141    1   10    6 1 1 1
    142    1   10    7 1 1 1
    143    1   10    8 1 1 1
    144    1   10    9 1 1 1
    145    1   10   10 1 1 1
    146    1   10   11 1 1 1
    147    1   10   12 1 1 1
    148    1   10   13 1 1 1
    149    1   10   14 1 1 1
    150    1   10   15 1 1 1
    151    1   11    1 1 1 1
    152    1   11    2 1 1 1
    153    1   11    3 1 1 1
    154    1   11    4 1 1 1
    155    1   11    5 1 1 1
    156    1   11    6 1 1 1
    157    1   11    7 1 1 1
    158    1   11    8 1 1 1
    159    1   11    9 1 1 1
    160    1   11   10 1 1 1
    161    1   11   11 1 1 1
    162    1   11   12 1 1 1
    163    1   11   13 1 1 1
    164    1   11   14 1 1 1
    165    1   11   15 1 1 1
    166    1   12    1 1 1 1
    167    1   12    2 1 1 1
    168    1   12    3 1 1 1
    169    1   12    4 1 1 1
    170    1   12    5 1 1 1
    171    1   12    6 1 1 1
    172    1   12    7 1 1 1
    173    1   12    8 1 1 1
    174    1   12    9 1 1 1
    175    1   12   10 1 1 1
    176    1   12   11 1 1 1
    177    1   12   12 1 1 1
    178    1   12   13 1 1 1
    179    1   12   14 1 1 1
    180    1   12   15 1 1 1
    181    1   13    1 1 1 1
    182    1   13    2 1 1 1
    183    1   13    3 1 1 1
    184    1   13    4 1 1 1
    185    1   13    5 1 1 1
    186    1   13    6 1 1 1
    187    1   13    7 1 1 1
    188    1   13    8 1 1 1
    189    1   13    9 1 1 1
    190    1   13   10 1 1 1
    191    1   13   11 1 1 1
    192    1   13   12 1 1 1
    193    1   13   13 1 1 1
    194    1   13   14 1 1 1
    195    1   13   15 1 1 1
    196    1   14    1 1 1 1
    197    1   14    2 1 1 1
    198    1   14    3 1 1 1
    199    1   14    4 1 1 1
    200    1   14    5 1 1 1
    201    1   14    6 1 1 1
    202    1   14    7 1 1 1
    203    1   14    8 1 1 1
    204    1   14    9 1 1 1
    205    1   14   10 1 1 1
    206    1   14   11 1 1 1
    207    1   14   12 1 1 1
    208    1   14   13 1 1 1
    209    1   14   14 1 1 1
    210    1   14   15 1 1 1
    211    1   15    1 1 1 1
    212    1   15    2 1 1 1
    213    1   15    3 1 1 1
    214    1   15    4 1 1 1
    215    1   15    5 1 1 1
    216    1   15    6 1 1 1
    217    1   15    7 1 1 1
    218    1   15    8 1 1 1
    219    1   15    9 1 1 1
    220    1   15   10 1 1 1
    221    1   15   11 1 1 1
    222    1   15   12 1 1 1
    223    1   15   13 1 1 1
    224    1   15   14 1 1 1
    225    1   15   15 1 1 1
    226    1   16    1 1 1 1
    227    1   16    2 1 1 1
    228    1   16    3 1 1 1
    229    1   16    4 1 1 1
    230    1   16    5 1 1 1
    231    1   16    6 1 1 1
    232    1   16    7 1 1 1
    233    1   16    8 1 1 1
    234    1   16    9 1 1 1
    235    1   16   10 1 1 1
    236    1   16   11 1 1 1
    237    1   16   12 1 1 1
    238    1   16   13 1 1 1
    239    1   16   14 1 1 1
    240    1   16   15 1 1 1
    241    1   17    1 1 1 1
    242    1   17    2 1 1 1
    243    1   17    3 1 1 1
    244    1   17    4 1 1 1
    245    1   17    5 1 1 1
    246    1   17    6 1 1 1
    247    1   17    7 1 1 1
    248    1   17    8 1 1 1
    249    1   17    9 1 1 1
    250    1   17   10 1 1 1
    251    1   17   11 1 1 1
    252    1   17   12 1 1 1
    253    1   17   13 1 1 1
    254    1   17   14 1 1 1
    255    1   17   15 1 1 1
    256    1   18    1 1 1 1
    257    1   18    2 1 1 1
    258    1   18    3 1 1 1
    259    1   18    4 1 1 1
    260    1   18    5 1 1 1
    261    1   18    6 1 1 1
    262    1   18    7 1 1 1
    263    1   18    8 1 1 1
    264    1   18    9 1 1 1
    265    1   18   10 1 1 1
    266    1   18   11 1 1 1
    267    1   18   12 1 1 1
    268    1   18   13 1 1 1
    269    1   18   14 1 1 1
    270    1   18   15 1 1 1
    271    1   19    1 1 1 1
    272    1   19    2 1 1 1
    273    1   19    3 1 1 1
    274    1   19    4 1 1 1
    275    1   19    5 1 1 1
    276    1   19    6 1 1 1
    277    1   19    7 1 1 1
    278    1   19    8 1 1 1
    279    1   19    9 1 1 1
    280    1   19   10 1 1 1
    281    1   19   11 1 1 1
    282    1   19   12 1 1 1
    283    1   19   13 1 1 1
    284    1   19   14 1 1 1
    285    1   19   15 1 1 1
    286    1   20    1 1 1 1
    287    1   20    2 1 1 1
    288    1   20    3 1 1 1
    289    1   20    4 1 1 1
    290    1   20    5 1 1 1
    291    1   20    6 1 1 1
    292    1   20    7 1 1 1
    293    1   20    8 1 1 1
    294    1   20    9 1 1 1
    295    1   20   10 1 1 1
    296    1   20   11 1 1 1
    297    1   20   12 1 1 1
    298    1   20   13 1 1 1
    299    1   20   14 1 1 1
    300    1   20   15 1 1 1
    301    1   21    1 1 1 1
    302    1   21    2 1 1 1
    303    1   21    3 1 1 1
    304    1   21    4 1 1 1
    305    1   21    5 1 1 1
    306    1   21    6 1 1 1
    307    1   21    7 1 1 1
    308    1   21    8 1 1 1
    309    1   21    9 1 1 1
    310    1   21   10 1 1 1
    311    1   21   11 1 1 1
    312    1   21   12 1 1 1
    313    1   21   13 1 1 1
    314    1   21   14 1 1 1
    315    1   21   15 1 1 1
    316    1   22    1 1 1 1
    317    1   22    2 1 1 1
    318    1   22    3 1 1 1
    319    1   22    4 1 1 1
    320    1   22    5 1 1 1
    321    1   22    6 1 1 1
    322    1   22    7 1 1 1
    323    1   22    8 1 1 1
    324    1   22    9 1 1 1
    325    1   22   10 1 1 1
    326    1   22   11 1 1 1
    327    1   22   12 1 1 1
    328    1   22   13 1 1 1
    329    1   22   14 1 1 1
    330    1   22   15 1 1 1
    331    1   23    1 1 1 1
    332    1   23    2 1 1 1
    333    1   23    3 1 1 1
    334    1   23    4 1 1 1
    335    1   23    5 1 1 1
    336    1   23    6 1 1 1
    337    1   23    7 1 1 1
    338    1   23    8 1 1 1
    339    1   23    9 1 1 1
    340    1   23   10 1 1 1
    341    1   23   11 1 1 1
    342    1   23   12 1 1 1
    343    1   23   13 1 1 1
    344    1   23   14 1 1 1
    345    1   23   15 1 1 1
    346    1   24    1 1 1 1
    347    1   24    2 1 1 1
    348    1   24    3 1 1 1
    349    1   24    4 1 1 1
    350    1   24    5 1 1 1
    351    1   24    6 1 1 1
    352    1   24    7 1 1 1
    353    1   24    8 1 1 1
    354    1   24    9 1 1 1
    355    1   24   10 1 1 1
    356    1   24   11 1 1 1
    357    1   24   12 1 1 1
    358    1   24   13 1 1 1
    359    1   24   14 1 1 1
    360    1   24   15 1 1 1
    361    1   25    1 1 1 1
    362    1   25    2 1 1 1
    363    1   25    3 1 1 1
    364    1   25    4 1 1 1
    365    1   25    5 1 1 1
    366    1   25    6 1 1 1
    367    1   25    7 1 1 1
    368    1   25    8 1 1 1
    369    1   25    9 1 1 1
    370    1   25   10 1 1 1
    371    1   25   11 1 1 1
    372    1   25   12 1 1 1
    373    1   25   13 1 1 1
    374    1   25   14 1 1 1
    375    1   25   15 1 1 1
    376    1   26    1 1 1 1
    377    1   26    2 1 1 1
    378    1   26    3 1 1 1
    379    1   26    4 1 1 1
    380    1   26    5 1 1 1
    381    1   26    6 1 1 1
    382    1   26    7 1 1 1
    383    1   26    8 1 1 1
    384    1   26    9 1 1 1
    385    1   26   10 1 1 1
    386    1   26   11 1 1 1
    387    1   26   12 1 1 1
    388    1   26   13 1 1 1
    389    1   26   14 1 1 1
    390    1   26   15 1 1 1
    391    1   27    1 1 1 1
    392    1   27    2 1 1 1
    393    1   27    3 1 1 1
    394    1   27    4 1 1 1
    395    1   27    5 1 1 1
    396    1   27    6 1 1 1
    397    1   27    7 1 1 1
    398    1   27    8 1 1 1
    399    1   27    9 1 1 1
    400    1   27   10 1 1 1
    401    1   27   11 1 1 1
    402    1   27   12 1 1 1
    403    1   27   13 1 1 1
    404    1   27   14 1 1 1
    405    1   27   15 1 1 1
    406    1   28    1 1 1 1
    407    1   28    2 1 1 1
    408    1   28    3 1 1 1
    409    1   28    4 1 1 1
    410    1   28    5 1 1 1
    411    1   28    6 1 1 1
    412    1   28    7 1 1 1
    413    1   28    8 1 1 1
    414    1   28    9 1 1 1
    415    1   28   10 1 1 1
    416    1   28   11 1 1 1
    417    1   28   12 1 1 1
    418    1   28   13 1 1 1
    419    1   28   14 1 1 1
    420    1   28   15 1 1 1
    421    1   29    1 1 1 1
    422    1   29    2 1 1 1
    423    1   29    3 1 1 1
    424    1   29    4 1 1 1
    425    1   29    5 1 1 1
    426    1   29    6 1 1 1
    427    1   29    7 1 1 1
    428    1   29    8 1 1 1
    429    1   29    9 1 1 1
    430    1   29   10 1 1 1
    431    1   29   11 1 1 1
    432    1   29   12 1 1 1
    433    1   29   13 1 1 1
    434    1   29   14 1 1 1
    435    1   29   15 1 1 1
    436    1   30    1 1 1 1
    437    1   30    2 1 1 1
    438    1   30    3 1 1 1
    439    1   30    4 1 1 1
    440    1   30    5 1 1 1
    441    1   30    6 1 1 1
    442    1   30    7 1 1 1
    443    1   30    8 1 1 1
    444    1   30    9 1 1 1
    445    1   30   10 1 1 1
    446    1   30   11 1 1 1
    447    1   30   12 1 1 1
    448    1   30   13 1 1 1
    449    1   30   14 1 1 1
    450    1   30   15 1 1 1
    451    2    1    1 1 1 1
    452    2    1    2 1 1 1
    453    2    1    3 1 1 1
    454    2    1    4 1 1 1
    455    2    1    5 1 1 1
    456    2    1    6 1 1 1
    457    2    1    7 1 1 1
    458    2    1    8 1 1 1
    459    2    1    9 1 1 1
    460    2    1   10 1 1 1
    461    2    1   11 1 1 1
    462    2    1   12 1 1 1
    463    2    1   13 1 1 1
    464    2    1   14 1 1 1
    465    2    1   15 1 1 1
    466    2    2    1 1 1 1
    467    2    2    2 1 1 1
    468    2    2    3 1 1 1
    469    2    2    4 1 1 1
    470    2    2    5 1 1 1
    471    2    2    6 1 1 1
    472    2    2    7 1 1 1
    473    2    2    8 1 1 1
    474    2    2    9 1 1 1
    475    2    2   10 1 1 1
    476    2    2   11 1 1 1
    477    2    2   12 1 1 1
    478    2    2   13 1 1 1
    479    2    2   14 1 1 1
    480    2    2   15 1 1 1
    481    2    3    1 1 1 1
    482    2    3    2 1 1 1
    483    2    3    3 1 1 1
    484    2    3    4 1 1 1
    485    2    3    5 1 1 1
    486    2    3    6 1 1 1
    487    2    3    7 1 1 1
    488    2    3    8 1 1 1
    489    2    3    9 1 1 1
    490    2    3   10 1 1 1
    491    2    3   11 1 1 1
    492    2    3   12 1 1 1
    493    2    3   13 1 1 1
    494    2    3   14 1 1 1
    495    2    3   15 1 1 1
    496    2    4    1 1 1 1
    497    2    4    2 1 1 1
    498    2    4    3 1 1 1
    499    2    4    4 1 1 1
    500    2    4    5 1 1 1
    501    2    4    6 1 1 1
    502    2    4    7 1 1 1
    503    2    4    8 1 1 1
    504    2    4    9 1 1 1
    505    2    4   10 1 1 1
    506    2    4   11 1 1 1
    507    2    4   12 1 1 1
    508    2    4   13 1 1 1
    509    2    4   14 1 1 1
    510    2    4   15 1 1 1
    511    2    5    1 1 1 1
    512    2    5    2 1 1 1
    513    2    5    3 1 1 1
    514    2    5    4 1 1 1
    515    2    5    5 1 1 1
    516    2    5    6 1 1 1
    517    2    5    7 1 1 1
    518    2    5    8 1 1 1
    519    2    5    9 1 1 1
    520    2    5   10 1 1 1
    521    2    5   11 1 1 1
    522    2    5   12 1 1 1
    523    2    5   13 1 1 1
    524    2    5   14 1 1 1
    525    2    5   15 1 1 1
    526    2    6    1 1 1 1
    527    2    6    2 1 1 1
    528    2    6    3 1 1 1
    529    2    6    4 1 1 1
    530    2    6    5 1 1 1
    531    2    6    6 1 1 1
    532    2    6    7 1 1 1
    533    2    6    8 1 1 1
    534    2    6    9 1 1 1
    535    2    6   10 1 1 1
    536    2    6   11 1 1 1
    537    2    6   12 1 1 1
    538    2    6   13 1 1 1
    539    2    6   14 1 1 1
    540    2    6   15 1 1 1
    541    2    7    1 1 1 1
    542    2    7    2 1 1 1
    543    2    7    3 1 1 1
    544    2    7    4 1 1 1
    545    2    7    5 1 1 1
    546    2    7    6 1 1 1
    547    2    7    7 1 1 1
    548    2    7    8 1 1 1
    549    2    7    9 1 1 1
    550    2    7   10 1 1 1
    551    2    7   11 1 1 1
    552    2    7   12 1 1 1
    553    2    7   13 1 1 1
    554    2    7   14 1 1 1
    555    2    7   15 1 1 1
    556    2    8    1 1 1 1
    557    2    8    2 1 1 1
    558    2    8    3 1 1 1
    559    2    8    4 1 1 1
    560    2    8    5 1 1 1
    561    2    8    6 1 1 1
    562    2    8    7 1 1 1
    563    2    8    8 1 1 1
    564    2    8    9 1 1 1
    565    2    8   10 1 1 1
    566    2    8   11 1 1 1
    567    2    8   12 1 1 1
    568    2    8   13 1 1 1
    569    2    8   14 1 1 1
    570    2    8   15 1 1 1
    571    2    9    1 1 1 1
    572    2    9    2 1 1 1
    573    2    9    3 1 1 1
    574    2    9    4 1 1 1
    575    2    9    5 1 1 1
    576    2    9    6 1 1 1
    577    2    9    7 1 1 1
    578    2    9    8 1 1 1
    579    2    9    9 1 1 1
    580    2    9   10 1 1 1
    581    2    9   11 1 1 1
    582    2    9   12 1 1 1
    583    2    9   13 1 1 1
    584    2    9   14 1 1 1
    585    2    9   15 1 1 1
    586    2   10    1 1 1 1
    587    2   10    2 1 1 1
    588    2   10    3 1 1 1
    589    2   10    4 1 1 1
    590    2   10    5 1 1 1
    591    2   10    6 1 1 1
    592    2   10    7 1 1 1
    593    2   10    8 1 1 1
    594    2   10    9 1 1 1
    595    2   10   10 1 1 1
    596    2   10   11 1 1 1
    597    2   10   12 1 1 1
    598    2   10   13 1 1 1
    599    2   10   14 1 1 1
    600    2   10   15 1 1 1
    601    2   11    1 1 1 1
    602    2   11    2 1 1 1
    603    2   11    3 1 1 1
    604    2   11    4 1 1 1
    605    2   11    5 1 1 1
    606    2   11    6 1 1 1
    607    2   11    7 1 1 1
    608    2   11    8 1 1 1
    609    2   11    9 1 1 1
    610    2   11   10 1 1 1
    611    2   11   11 1 1 1
    612    2   11   12 1 1 1
    613    2   11   13 1 1 1
    614    2   11   14 1 1 1
    615    2   11   15 1 1 1
    616    2   12    1 1 1 1
    617    2   12    2 1 1 1
    618    2   12    3 1 1 1
    619    2   12    4 1 1 1
    620    2   12    5 1 1 1
    621    2   12    6 1 1 1
    622    2   12    7 1 1 1
    623    2   12    8 1 1 1
    624    2   12    9 1 1 1
    625    2   12   10 1 1 1
    626    2   12   11 1 1 1
    627    2   12   12 1 1 1
    628    2   12   13 1 1 1
    629    2   12   14 1 1 1
    630    2   12   15 1 1 1
    631    2   13    1 1 1 1
    632    2   13    2 1 1 1
    633    2   13    3 1 1 1
    634    2   13    4 1 1 1
    635    2   13    5 1 1 1
    636    2   13    6 1 1 1
    637    2   13    7 1 1 1
    638    2   13    8 1 1 1
    639    2   13    9 1 1 1
    640    2   13   10 1 1 1
    641    2   13   11 1 1 1
    642    2   13   12 1 1 1
    643    2   13   13 1 1 1
    644    2   13   14 1 1 1
    645    2   13   15 1 1 1
    646    2   14    1 1 1 1
    647    2   14    2 1 1 1
    648    2   14    3 1 1 1
    649    2   14    4 1 1 1
    650    2   14    5 1 1 1
    651    2   14    6 1 1 1
    652    2   14    7 1 1 1
    653    2   14    8 1 1 1
    654    2   14    9 1 1 1
    655    2   14   10 1 1 1
    656    2   14   11 1 1 1
    657    2   14   12 1 1 1
    658    2   14   13 1 1 1
    659    2   14   14 1 1 1
    660    2   14   15 1 1 1
    661    2   15    1 1 1 1
    662    2   15    2 1 1 1
    663    2   15    3 1 1 1
    664    2   15    4 1 1 1
    665    2   15    5 1 1 1
    666    2   15    6 1 1 1
    667    2   15    7 1 1 1
    668    2   15    8 1 1 1
    669    2   15    9 1 1 1
    670    2   15   10 1 1 1
    671    2   15   11 1 1 1
    672    2   15   12 1 1 1
    673    2   15   13 1 1 1
    674    2   15   14 1 1 1
    675    2   15   15 1 1 1
    676    2   16    1 1 1 1
    677    2   16    2 1 1 1
    678    2   16    3 1 1 1
    679    2   16    4 1 1 1
    680    2   16    5 1 1 1
    681    2   16    6 1 1 1
    682    2   16    7 1 1 1
    683    2   16    8 1 1 1
    684    2   16    9 1 1 1
    685    2   16   10 1 1 1
    686    2   16   11 1 1 1
    687    2   16   12 1 1 1
    688    2   16   13 1 1 1
    689    2   16   14 1 1 1
    690    2   16   15 1 1 1
    691    2   17    1 1 1 1
    692    2   17    2 1 1 1
    693    2   17    3 1 1 1
    694    2   17    4 1 1 1
    695    2   17    5 1 1 1
    696    2   17    6 1 1 1
    697    2   17    7 1 1 1
    698    2   17    8 1 1 1
    699    2   17    9 1 1 1
    700    2   17   10 1 1 1
    701    2   17   11 1 1 1
    702    2   17   12 1 1 1
    703    2   17   13 1 1 1
    704    2   17   14 1 1 1
    705    2   17   15 1 1 1
    706    2   18    1 1 1 1
    707    2   18    2 1 1 1
    708    2   18    3 1 1 1
    709    2   18    4 1 1 1
    710    2   18    5 1 1 1
    711    2   18    6 1 1 1
    712    2   18    7 1 1 1
    713    2   18    8 1 1 1
    714    2   18    9 1 1 1
    715    2   18   10 1 1 1
    716    2   18   11 1 1 1
    717    2   18   12 1 1 1
    718    2   18   13 1 1 1
    719    2   18   14 1 1 1
    720    2   18   15 1 1 1
    721    2   19    1 1 1 1
    722    2   19    2 1 1 1
    723    2   19    3 1 1 1
    724    2   19    4 1 1 1
    725    2   19    5 1 1 1
    726    2   19    6 1 1 1
    727    2   19    7 1 1 1
    728    2   19    8 1 1 1
    729    2   19    9 1 1 1
    730    2   19   10 1 1 1
    731    2   19   11 1 1 1
    732    2   19   12 1 1 1
    733    2   19   13 1 1 1
    734    2   19   14 1 1 1
    735    2   19   15 1 1 1
    736    2   20    1 1 1 1
    737    2   20    2 1 1 1
    738    2   20    3 1 1 1
    739    2   20    4 1 1 1
    740    2   20    5 1 1 1
    741    2   20    6 1 1 1
    742    2   20    7 1 1 1
    743    2   20    8 1 1 1
    744    2   20    9 1 1 1
    745    2   20   10 1 1 1
    746    2   20   11 1 1 1
    747    2   20   12 1 1 1
    748    2   20   13 1 1 1
    749    2   20   14 1 1 1
    750    2   20   15 1 1 1
    751    2   21    1 1 1 1
    752    2   21    2 1 1 1
    753    2   21    3 1 1 1
    754    2   21    4 1 1 1
    755    2   21    5 1 1 1
    756    2   21    6 1 1 1
    757    2   21    7 1 1 1
    758    2   21    8 1 1 1
    759    2   21    9 1 1 1
    760    2   21   10 1 1 1
    761    2   21   11 1 1 1
    762    2   21   12 1 1 1
    763    2   21   13 1 1 1
    764    2   21   14 1 1 1
    765    2   21   15 1 1 1
    766    2   22    1 1 1 1
    767    2   22    2 1 1 1
    768    2   22    3 1 1 1
    769    2   22    4 1 1 1
    770    2   22    5 1 1 1
    771    2   22    6 1 1 1
    772    2   22    7 1 1 1
    773    2   22    8 1 1 1
    774    2   22    9 1 1 1
    775    2   22   10 1 1 1
    776    2   22   11 1 1 1
    777    2   22   12 1 1 1
    778    2   22   13 1 1 1
    779    2   22   14 1 1 1
    780    2   22   15 1 1 1
    781    2   23    1 1 1 1
    782    2   23    2 1 1 1
    783    2   23    3 1 1 1
    784    2   23    4 1 1 1
    785    2   23    5 1 1 1
    786    2   23    6 1 1 1
    787    2   23    7 1 1 1
    788    2   23    8 1 1 1
    789    2   23    9 1 1 1
    790    2   23   10 1 1 1
    791    2   23   11 1 1 1
    792    2   23   12 1 1 1
    793    2   23   13 1 1 1
    794    2   23   14 1 1 1
    795    2   23   15 1 1 1
    796    2   24    1 1 1 1
    797    2   24    2 1 1 1
    798    2   24    3 1 1 1
    799    2   24    4 1 1 1
    800    2   24    5 1 1 1
    801    2   24    6 1 1 1
    802    2   24    7 1 1 1
    803    2   24    8 1 1 1
    804    2   24    9 1 1 1
    805    2   24   10 1 1 1
    806    2   24   11 1 1 1
    807    2   24   12 1 1 1
    808    2   24   13 1 1 1
    809    2   24   14 1 1 1
    810    2   24   15 1 1 1
    811    2   25    1 1 1 1
    812    2   25    2 1 1 1
    813    2   25    3 1 1 1
    814    2   25    4 1 1 1
    815    2   25    5 1 1 1
    816    2   25    6 1 1 1
    817    2   25    7 1 1 1
    818    2   25    8 1 1 1
    819    2   25    9 1 1 1
    820    2   25   10 1 1 1
    821    2   25   11 1 1 1
    822    2   25   12 1 1 1
    823    2   25   13 1 1 1
    824    2   25   14 1 1 1
    825    2   25   15 1 1 1
    826    2   26    1 1 1 1
    827    2   26    2 1 1 1
    828    2   26    3 1 1 1
    829    2   26    4 1 1 1
    830    2   26    5 1 1 1
    831    2   26    6 1 1 1
    832    2   26    7 1 1 1
    833    2   26    8 1 1 1
    834    2   26    9 1 1 1
    835    2   26   10 1 1 1
    836    2   26   11 1 1 1
    837    2   26   12 1 1 1
    838    2   26   13 1 1 1
    839    2   26   14 1 1 1
    840    2   26   15 1 1 1
    841    2   27    1 1 1 1
    842    2   27    2 1 1 1
    843    2   27    3 1 1 1
    844    2   27    4 1 1 1
    845    2   27    5 1 1 1
    846    2   27    6 1 1 1
    847    2   27    7 1 1 1
    848    2   27    8 1 1 1
    849    2   27    9 1 1 1
    850    2   27   10 1 1 1
    851    2   27   11 1 1 1
    852    2   27   12 1 1 1
    853    2   27   13 1 1 1
    854    2   27   14 1 1 1
    855    2   27   15 1 1 1
    856    2   28    1 1 1 1
    857    2   28    2 1 1 1
    858    2   28    3 1 1 1
    859    2   28    4 1 1 1
    860    2   28    5 1 1 1
    861    2   28    6 1 1 1
    862    2   28    7 1 1 1
    863    2   28    8 1 1 1
    864    2   28    9 1 1 1
    865    2   28   10 1 1 1
    866    2   28   11 1 1 1
    867    2   28   12 1 1 1
    868    2   28   13 1 1 1
    869    2   28   14 1 1 1
    870    2   28   15 1 1 1
    871    2   29    1 1 1 1
    872    2   29    2 1 1 1
    873    2   29    3 1 1 1
    874    2   29    4 1 1 1
    875    2   29    5 1 1 1
    876    2   29    6 1 1 1
    877    2   29    7 1 1 1
    878    2   29    8 1 1 1
    879    2   29    9 1 1 1
    880    2   29   10 1 1 1
    881    2   29   11 1 1 1
    882    2   29   12 1 1 1
    883    2   29   13 1 1 1
    884    2   29   14 1 1 1
    885    2   29   15 1 1 1
    886    2   30    1 1 1 1
    887    2   30    2 1 1 1
    888    2   30    3 1 1 1
    889    2   30    4 1 1 1
    890    2   30    5 1 1 1
    891    2   30    6 1 1 1
    892    2   30    7 1 1 1
    893    2   30    8 1 1 1
    894    2   30    9 1 1 1
    895    2   30   10 1 1 1
    896    2   30   11 1 1 1
    897    2   30   12 1 1 1
    898    2   30   13 1 1 1
    899    2   30   14 1 1 1
    900    2   30   15 1 1 1
    901    3    1    1 1 1 1
    902    3    1    2 1 1 1
    903    3    1    3 1 1 1
    904    3    1    4 1 1 1
    905    3    1    5 1 1 1
    906    3    1    6 1 1 1
    907    3    1    7 1 1 1
    908    3    1    8 1 1 1
    909    3    1    9 1 1 1
    910    3    1   10 1 1 1
    911    3    1   11 1 1 1
    912    3    1   12 1 1 1
    913    3    1   13 1 1 1
    914    3    1   14 1 1 1
    915    3    1   15 1 1 1
    916    3    2    1 1 1 1
    917    3    2    2 1 1 1
    918    3    2    3 1 1 1
    919    3    2    4 1 1 1
    920    3    2    5 1 1 1
    921    3    2    6 1 1 1
    922    3    2    7 1 1 1
    923    3    2    8 1 1 1
    924    3    2    9 1 1 1
    925    3    2   10 1 1 1
    926    3    2   11 1 1 1
    927    3    2   12 1 1 1
    928    3    2   13 1 1 1
    929    3    2   14 1 1 1
    930    3    2   15 1 1 1
    931    3    3    1 1 1 1
    932    3    3    2 1 1 1
    933    3    3    3 1 1 1
    934    3    3    4 1 1 1
    935    3    3    5 1 1 1
    936    3    3    6 1 1 1
    937    3    3    7 1 1 1
    938    3    3    8 1 1 1
    939    3    3    9 1 1 1
    940    3    3   10 1 1 1
    941    3    3   11 1 1 1
    942    3    3   12 1 1 1
    943    3    3   13 1 1 1
    944    3    3   14 1 1 1
    945    3    3   15 1 1 1
    946    3    4    1 1 1 1
    947    3    4    2 1 1 1
    948    3    4    3 1 1 1
    949    3    4    4 1 1 1
    950    3    4    5 1 1 1
    951    3    4    6 1 1 1
    952    3    4    7 1 1 1
    953    3    4    8 1 1 1
    954    3    4    9 1 1 1
    955    3    4   10 1 1 1
    956    3    4   11 1 1 1
    957    3    4   12 1 1 1
    958    3    4   13 1 1 1
    959    3    4   14 1 1 1
    960    3    4   15 1 1 1
    961    3    5    1 1 1 1
    962    3    5    2 1 1 1
    963    3    5    3 1 1 1
    964    3    5    4 1 1 1
    965    3    5    5 1 1 1
    966    3    5    6 1 1 1
    967    3    5    7 1 1 1
    968    3    5    8 1 1 1
    969    3    5    9 1 1 1
    970    3    5   10 1 1 1
    971    3    5   11 1 1 1
    972    3    5   12 1 1 1
    973    3    5   13 1 1 1
    974    3    5   14 1 1 1
    975    3    5   15 1 1 1
    976    3    6    1 1 1 1
    977    3    6    2 1 1 1
    978    3    6    3 1 1 1
    979    3    6    4 1 1 1
    980    3    6    5 1 1 1
    981    3    6    6 1 1 1
    982    3    6    7 1 1 1
    983    3    6    8 1 1 1
    984    3    6    9 1 1 1
    985    3    6   10 1 1 1
    986    3    6   11 1 1 1
    987    3    6   12 1 1 1
    988    3    6   13 1 1 1
    989    3    6   14 1 1 1
    990    3    6   15 1 1 1
    991    3    7    1 1 1 1
    992    3    7    2 1 1 1
    993    3    7    3 1 1 1
    994    3    7    4 1 1 1
    995    3    7    5 1 1 1
    996    3    7    6 1 1 1
    997    3    7    7 1 1 1
    998    3    7    8 1 1 1
    999    3    7    9 1 1 1
   1000    3    7   10 1 1 1
   1001    3    7   11 1 1 1
   1002    3    7   12 1 1 1
   1003    3    7   13 1 1 1
   1004    3    7   14 1 1 1
   1005    3    7   15 1 1 1
   1006    3    8    1 1 1 1
   1007    3    8    2 1 1 1
   1008    3    8    3 1 1 1
   1009    3    8    4 1 1 1
   1010    3    8    5 1 1 1
   1011    3    8    6 1 1 1
   1012    3    8    7 1 1 1
   1013    3    8    8 1 1 1
   1014    3    8    9 1 1 1
   1015    3    8   10 1 1 1
   1016    3    8   11 1 1 1
   1017    3    8   12 1 1 1
   1018    3    8   13 1 1 1
   1019    3    8   14 1 1 1
   1020    3    8   15 1 1 1
   1021    3    9    1 1 1 1
   1022    3    9    2 1 1 1
   1023    3    9    3 1 1 1
   1024    3    9    4 1 1 1
   1025    3    9    5 1 1 1
   1026    3    9    6 1 1 1
   1027    3    9    7 1 1 1
   1028    3    9    8 1 1 1
   1029    3    9    9 1 1 1
   1030    3    9   10 1 1 1
   1031    3    9   11 1 1 1
   1032    3    9   12 1 1 1
   1033    3    9   13 1 1 1
   1034    3    9   14 1 1 1
   1035    3    9   15 1 1 1
   1036    3   10    1 1 1 1
   1037    3   10    2 1 1 1
   1038    3   10    3 1 1 1
   1039    3   10    4 1 1 1
   1040    3   10    5 1 1 1
   1041    3   10    6 1 1 1
   1042    3   10    7 1 1 1
   1043    3   10    8 1 1 1
   1044    3   10    9 1 1 1
   1045    3   10   10 1 1 1
   1046    3   10   11 1 1 1
   1047    3   10   12 1 1 1
   1048    3   10   13 1 1 1
   1049    3   10   14 1 1 1
   1050    3   10   15 1 1 1
   1051    3   11    1 1 1 1
   1052    3   11    2 1 1 1
   1053    3   11    3 1 1 1
   1054    3   11    4 1 1 1
   1055    3   11    5 1 1 1
   1056    3   11    6 1 1 1
   1057    3   11    7 1 1 1
   1058    3   11    8 1 1 1
   1059    3   11    9 1 1 1
   1060    3   11   10 1 1 1
   1061    3   11   11 1 1 1
   1062    3   11   12 1 1 1
   1063    3   11   13 1 1 1
   1064    3   11   14 1 1 1
   1065    3   11   15 1 1 1
   1066    3   12    1 1 1 1
   1067    3   12    2 1 1 1
   1068    3   12    3 1 1 1
   1069    3   12    4 1 1 1
   1070    3   12    5 1 1 1
   1071    3   12    6 1 1 1
   1072    3   12    7 1 1 1
   1073    3   12    8 1 1 1
   1074    3   12    9 1 1 1
   1075    3   12   10 1 1 1
   1076    3   12   11 1 1 1
   1077    3   12   12 1 1 1
   1078    3   12   13 1 1 1
   1079    3   12   14 1 1 1
   1080    3   12   15 1 1 1
   1081    3   13    1 1 1 1
   1082    3   13    2 1 1 1
   1083    3   13    3 1 1 1
   1084    3   13    4 1 1 1
   1085    3   13    5 1 1 1
   1086    3   13    6 1 1 1
   1087    3   13    7 1 1 1
   1088    3   13    8 1 1 1
   1089    3   13    9 1 1 1
   1090    3   13   10 1 1 1
   1091    3   13   11 1 1 1
   1092    3   13   12 1 1 1
   1093    3   13   13 1 1 1
   1094    3   13   14 1 1 1
   1095    3   13   15 1 1 1
   1096    3   14    1 1 1 1
   1097    3   14    2 1 1 1
   1098    3   14    3 1 1 1
   1099    3   14    4 1 1 1
   1100    3   14    5 1 1 1
   1101    3   14    6 1 1 1
   1102    3   14    7 1 1 1
   1103    3   14    8 1 1 1
   1104    3   14    9 1 1 1
   1105    3   14   10 1 1 1
   1106    3   14   11 1 1 1
   1107    3   14   12 1 1 1
   1108    3   14   13 1 1 1
   1109    3   14   14 1 1 1
   1110    3   14   15 1 1 1
   1111    3   15    1 1 1 1
   1112    3   15    2 1 1 1
   1113    3   15    3 1 1 1
   1114    3   15    4 1 1 1
   1115    3   15    5 1 1 1
   1116    3   15    6 1 1 1
   1117    3   15    7 1 1 1
   1118    3   15    8 1 1 1
   1119    3   15    9 1 1 1
   1120    3   15   10 1 1 1
   1121    3   15   11 1 1 1
   1122    3   15   12 1 1 1
   1123    3   15   13 1 1 1
   1124    3   15   14 1 1 1
   1125    3   15   15 1 1 1
   1126    3   16    1 1 1 1
   1127    3   16    2 1 1 1
   1128    3   16    3 1 1 1
   1129    3   16    4 1 1 1
   1130    3   16    5 1 1 1
   1131    3   16    6 1 1 1
   1132    3   16    7 1 1 1
   1133    3   16    8 1 1 1
   1134    3   16    9 1 1 1
   1135    3   16   10 1 1 1
   1136    3   16   11 1 1 1
   1137    3   16   12 1 1 1
   1138    3   16   13 1 1 1
   1139    3   16   14 1 1 1
   1140    3   16   15 1 1 1
   1141    3   17    1 1 1 1
   1142    3   17    2 1 1 1
   1143    3   17    3 1 1 1
   1144    3   17    4 1 1 1
   1145    3   17    5 1 1 1
   1146    3   17    6 1 1 1
   1147    3   17    7 1 1 1
   1148    3   17    8 1 1 1
   1149    3   17    9 1 1 1
   1150    3   17   10 1 1 1
   1151    3   17   11 1 1 1
   1152    3   17   12 1 1 1
   1153    3   17   13 1 1 1
   1154    3   17   14 1 1 1
   1155    3   17   15 1 1 1
   1156    3   18    1 1 1 1
   1157    3   18    2 1 1 1
   1158    3   18    3 1 1 1
   1159    3   18    4 1 1 1
   1160    3   18    5 1 1 1
   1161    3   18    6 1 1 1
   1162    3   18    7 1 1 1
   1163    3   18    8 1 1 1
   1164    3   18    9 1 1 1
   1165    3   18   10 1 1 1
   1166    3   18   11 1 1 1
   1167    3   18   12 1 1 1
   1168    3   18   13 1 1 1
   1169    3   18   14 1 1 1
   1170    3   18   15 1 1 1
   1171    3   19    1 1 1 1
   1172    3   19    2 1 1 1
   1173    3   19    3 1 1 1
   1174    3   19    4 1 1 1
   1175    3   19    5 1 1 1
   1176    3   19    6 1 1 1
   1177    3   19    7 1 1 1
   1178    3   19    8 1 1 1
   1179    3   19    9 1 1 1
   1180    3   19   10 1 1 1
   1181    3   19   11 1 1 1
   1182    3   19   12 1 1 1
   1183    3   19   13 1 1 1
   1184    3   19   14 1 1 1
   1185    3   19   15 1 1 1
   1186    3   20    1 1 1 1
   1187    3   20    2 1 1 1
   1188    3   20    3 1 1 1
   1189    3   20    4 1 1 1
   1190    3   20    5 1 1 1
   1191    3   20    6 1 1 1
   1192    3   20    7 1 1 1
   1193    3   20    8 1 1 1
   1194    3   20    9 1 1 1
   1195    3   20   10 1 1 1
   1196    3   20   11 1 1 1
   1197    3   20   12 1 1 1
   1198    3   20   13 1 1 1
   1199    3   20   14 1 1 1
   1200    3   20   15 1 1 1
   1201    3   21    1 1 1 1
   1202    3   21    2 1 1 1
   1203    3   21    3 1 1 1
   1204    3   21    4 1 1 1
   1205    3   21    5 1 1 1
   1206    3   21    6 1 1 1
   1207    3   21    7 1 1 1
   1208    3   21    8 1 1 1
   1209    3   21    9 1 1 1
   1210    3   21   10 1 1 1
   1211    3   21   11 1 1 1
   1212    3   21   12 1 1 1
   1213    3   21   13 1 1 1
   1214    3   21   14 1 1 1
   1215    3   21   15 1 1 1
   1216    3   22    1 1 1 1
   1217    3   22    2 1 1 1
   1218    3   22    3 1 1 1
   1219    3   22    4 1 1 1
   1220    3   22    5 1 1 1
   1221    3   22    6 1 1 1
   1222    3   22    7 1 1 1
   1223    3   22    8 1 1 1
   1224    3   22    9 1 1 1
   1225    3   22   10 1 1 1
   1226    3   22   11 1 1 1
   1227    3   22   12 1 1 1
   1228    3   22   13 1 1 1
   1229    3   22   14 1 1 1
   1230    3   22   15 1 1 1
   1231    3   23    1 1 1 1
   1232    3   23    2 1 1 1
   1233    3   23    3 1 1 1
   1234    3   23    4 1 1 1
   1235    3   23    5 1 1 1
   1236    3   23    6 1 1 1
   1237    3   23    7 1 1 1
   1238    3   23    8 1 1 1
   1239    3   23    9 1 1 1
   1240    3   23   10 1 1 1
   1241    3   23   11 1 1 1
   1242    3   23   12 1 1 1
   1243    3   23   13 1 1 1
   1244    3   23   14 1 1 1
   1245    3   23   15 1 1 1
   1246    3   24    1 1 1 1
   1247    3   24    2 1 1 1
   1248    3   24    3 1 1 1
   1249    3   24    4 1 1 1
   1250    3   24    5 1 1 1
   1251    3   24    6 1 1 1
   1252    3   24    7 1 1 1
   1253    3   24    8 1 1 1
   1254    3   24    9 1 1 1
   1255    3   24   10 1 1 1
   1256    3   24   11 1 1 1
   1257    3   24   12 1 1 1
   1258    3   24   13 1 1 1
   1259    3   24   14 1 1 1
   1260    3   24   15 1 1 1
   1261    3   25    1 1 1 1
   1262    3   25    2 1 1 1
   1263    3   25    3 1 1 1
   1264    3   25    4 1 1 1
   1265    3   25    5 1 1 1
   1266    3   25    6 1 1 1
   1267    3   25    7 1 1 1
   1268    3   25    8 1 1 1
   1269    3   25    9 1 1 1
   1270    3   25   10 1 1 1
   1271    3   25   11 1 1 1
   1272    3   25   12 1 1 1
   1273    3   25   13 1 1 1
   1274    3   25   14 1 1 1
   1275    3   25   15 1 1 1
   1276    3   26    1 1 1 1
   1277    3   26    2 1 1 1
   1278    3   26    3 1 1 1
   1279    3   26    4 1 1 1
   1280    3   26    5 1 1 1
   1281    3   26    6 1 1 1
   1282    3   26    7 1 1 1
   1283    3   26    8 1 1 1
   1284    3   26    9 1 1 1
   1285    3   26   10 1 1 1
   1286    3   26   11 1 1 1
   1287    3   26   12 1 1 1
   1288    3   26   13 1 1 1
   1289    3   26   14 1 1 1
   1290    3   26   15 1 1 1
   1291    3   27    1 1 1 1
   1292    3   27    2 1 1 1
   1293    3   27    3 1 1 1
   1294    3   27    4 1 1 1
   1295    3   27    5 1 1 1
   1296    3   27    6 1 1 1
   1297    3   27    7 1 1 1
   1298    3   27    8 1 1 1
   1299    3   27    9 1 1 1
   1300    3   27   10 1 1 1
   1301    3   27   11 1 1 1
   1302    3   27   12 1 1 1
   1303    3   27   13 1 1 1
   1304    3   27   14 1 1 1
   1305    3   27   15 1 1 1
   1306    3   28    1 1 1 1
   1307    3   28    2 1 1 1
   1308    3   28    3 1 1 1
   1309    3   28    4 1 1 1
   1310    3   28    5 1 1 1
   1311    3   28    6 1 1 1
   1312    3   28    7 1 1 1
   1313    3   28    8 1 1 1
   1314    3   28    9 1 1 1
   1315    3   28   10 1 1 1
   1316    3   28   11 1 1 1
   1317    3   28   12 1 1 1
   1318    3   28   13 1 1 1
   1319    3   28   14 1 1 1
   1320    3   28   15 1 1 1
   1321    3   29    1 1 1 1
   1322    3   29    2 1 1 1
   1323    3   29    3 1 1 1
   1324    3   29    4 1 1 1
   1325    3   29    5 1 1 1
   1326    3   29    6 1 1 1
   1327    3   29    7 1 1 1
   1328    3   29    8 1 1 1
   1329    3   29    9 1 1 1
   1330    3   29   10 1 1 1
   1331    3   29   11 1 1 1
   1332    3   29   12 1 1 1
   1333    3   29   13 1 1 1
   1334    3   29   14 1 1 1
   1335    3   29   15 1 1 1
   1336    3   30    1 1 1 1
   1337    3   30    2 1 1 1
   1338    3   30    3 1 1 1
   1339    3   30    4 1 1 1
   1340    3   30    5 1 1 1
   1341    3   30    6 1 1 1
   1342    3   30    7 1 1 1
   1343    3   30    8 1 1 1
   1344    3   30    9 1 1 1
   1345    3   30   10 1 1 1
   1346    3   30   11 1 1 1
   1347    3   30   12 1 1 1
   1348    3   30   13 1 1 1
   1349    3   30   14 1 1 1
   1350    3   30   15 1 1 1
