 >REASHP: option FROM_FILE
       663 = NAT
  1.000000  0.000000  0.000000 = A_1 vector
  0.000000  1.000000  0.000000 = A_2 vector
  1.000000  1.000000  1.000000 = lattice spacings (d_x,d_y,d_z)/d
  -5.00000  -5.00000  -5.00000 = lattice offset x0(1-3) = (x_TF,y_TF,z_TF)/d for dipole 0 0 0
     JA  IX  IY  IZ ICOMP(x,y,z)
      1   -4   -4   -2 1 1 1
      2   -4   -3   -2 1 1 1
      3   -4   -3   -1 1 1 1
      4   -4   -3    1 1 1 1
      5   -4   -3    4 1 1 1
      6   -4   -3    5 1 1 1
      7   -4   -2   -3 1 1 1
      8   -4   -2   -2 1 1 1
      9   -4   -2    2 1 1 1
     10   -4   -2    5 1 1 1
     11   -4   -1   -2 1 1 1
     12   -4   -1    0 1 1 1
     13   -4    0   -2 1 1 1
     14   -4    0    1 1 1 1
     15   -4    0    3 1 1 1
     16   -4    1   -3 1 1 1
     17   -4    1   -2 1 1 1
     18   -4    1   -1 1 1 1
     19   -4    1    0 1 1 1
     20   -4    1    1 1 1 1
     21   -4    1    3 1 1 1
     22   -4    1    4 1 1 1
     23   -4    2   -2 1 1 1
     24   -4    2   -1 1 1 1
     25   -4    2    3 1 1 1
     26   -4    3   -4 1 1 1
     27   -4    3   -1 1 1 1
     28   -4    3    0 1 1 1
     29   -4    3    4 1 1 1
     30   -4    4   -4 1 1 1
     31   -4    4   -2 1 1 1
     32   -4    4    0 1 1 1
     33   -4    4    1 1 1 1
     34   -4    5   -4 1 1 1
     35   -4    5   -1 1 1 1
     36   -4    5    0 1 1 1
     37   -4    5    2 1 1 1
     38   -4    6   -3 1 1 1
     39   -4    6   -1 1 1 1
     40   -3   -4   -4 1 1 1
     41   -3   -4   -3 1 1 1
     42   -3   -4    5 1 1 1
     43   -3   -3    0 1 1 1
     44   -3   -3    2 1 1 1
     45   -3   -3    4 1 1 1
     46   -3   -3    5 1 1 1
     47   -3   -2   -2 1 1 1
     48   -3   -2   -1 1 1 1
     49   -3   -2    1 1 1 1
     50   -3   -2    2 1 1 1
     51   -3   -2    3 1 1 1
     52   -3   -2    4 1 1 1
     53   -3   -2    5 1 1 1
     54   -3   -1   -3 1 1 1
     55   -3   -1   -2 1 1 1
     56   -3   -1    0 1 1 1
     57   -3   -1    4 1 1 1
     58   -3   -1    6 1 1 1
     59   -3    0   -4 1 1 1
     60   -3    0   -2 1 1 1
     61   -3    0   -1 1 1 1
     62   -3    0    3 1 1 1
     63   -3    0    5 1 1 1
     64   -3    0    6 1 1 1
     65   -3    1   -4 1 1 1
     66   -3    1   -3 1 1 1
     67   -3    1   -2 1 1 1
     68   -3    1    0 1 1 1
     69   -3    1    5 1 1 1
     70   -3    2   -4 1 1 1
     71   -3    2   -3 1 1 1
     72   -3    2   -2 1 1 1
     73   -3    2   -1 1 1 1
     74   -3    2    2 1 1 1
     75   -3    2    5 1 1 1
     76   -3    3   -4 1 1 1
     77   -3    3   -3 1 1 1
     78   -3    3    3 1 1 1
     79   -3    3    4 1 1 1
     80   -3    3    6 1 1 1
     81   -3    4   -3 1 1 1
     82   -3    4   -2 1 1 1
     83   -3    4   -1 1 1 1
     84   -3    4    0 1 1 1
     85   -3    4    1 1 1 1
     86   -3    4    2 1 1 1
     87   -3    4    3 1 1 1
     88   -3    4    4 1 1 1
     89   -3    4    6 1 1 1
     90   -3    5   -1 1 1 1
     91   -3    5    1 1 1 1
     92   -3    5    2 1 1 1
     93   -3    5    5 1 1 1
     94   -3    6   -4 1 1 1
     95   -3    6   -2 1 1 1
     96   -3    6    1 1 1 1
     97   -3    6    3 1 1 1
     98   -3    6    5 1 1 1
     99   -2   -4   -1 1 1 1
    100   -2   -4    1 1 1 1
    101   -2   -4    2 1 1 1
    102   -2   -4    4 1 1 1
    103   -2   -3   -2 1 1 1
    104   -2   -3   -1 1 1 1
    105   -2   -3    0 1 1 1
    106   -2   -3    1 1 1 1
    107   -2   -3    3 1 1 1
    108   -2   -3    5 1 1 1
    109   -2   -2   -1 1 1 1
    110   -2   -2    0 1 1 1
    111   -2   -2    2 1 1 1
    112   -2   -2    4 1 1 1
    113   -2   -2    5 1 1 1
    114   -2   -2    6 1 1 1
    115   -2   -1   -2 1 1 1
    116   -2   -1   -1 1 1 1
    117   -2   -1    0 1 1 1
    118   -2   -1    5 1 1 1
    119   -2    0   -4 1 1 1
    120   -2    0   -3 1 1 1
    121   -2    0   -2 1 1 1
    122   -2    0    0 1 1 1
    123   -2    0    2 1 1 1
    124   -2    0    4 1 1 1
    125   -2    0    6 1 1 1
    126   -2    1   -4 1 1 1
    127   -2    1   -2 1 1 1
    128   -2    1   -1 1 1 1
    129   -2    1    2 1 1 1
    130   -2    1    4 1 1 1
    131   -2    1    5 1 1 1
    132   -2    1    6 1 1 1
    133   -2    2   -3 1 1 1
    134   -2    2   -2 1 1 1
    135   -2    2   -1 1 1 1
    136   -2    2    0 1 1 1
    137   -2    2    1 1 1 1
    138   -2    2    4 1 1 1
    139   -2    2    5 1 1 1
    140   -2    3   -4 1 1 1
    141   -2    3   -3 1 1 1
    142   -2    3   -2 1 1 1
    143   -2    3   -1 1 1 1
    144   -2    3    0 1 1 1
    145   -2    3    1 1 1 1
    146   -2    4   -3 1 1 1
    147   -2    4   -1 1 1 1
    148   -2    4    1 1 1 1
    149   -2    4    3 1 1 1
    150   -2    4    4 1 1 1
    151   -2    4    5 1 1 1
    152   -2    4    6 1 1 1
    153   -2    5   -4 1 1 1
    154   -2    5   -3 1 1 1
    155   -2    5   -1 1 1 1
    156   -2    5    0 1 1 1
    157   -2    5    1 1 1 1
    158   -2    5    2 1 1 1
    159   -2    5    4 1 1 1
    160   -2    5    5 1 1 1
    161   -2    5    6 1 1 1
    162   -2    6   -3 1 1 1
    163   -2    6    1 1 1 1
    164   -2    6    3 1 1 1
    165   -2    6    5 1 1 1
    166   -1   -4   -3 1 1 1
    167   -1   -4   -1 1 1 1
    168   -1   -4    4 1 1 1
    169   -1   -3   -4 1 1 1
    170   -1   -3    0 1 1 1
    171   -1   -3    1 1 1 1
    172   -1   -3    2 1 1 1
    173   -1   -3    4 1 1 1
    174   -1   -3    6 1 1 1
    175   -1   -2   -4 1 1 1
    176   -1   -2   -3 1 1 1
    177   -1   -2   -2 1 1 1
    178   -1   -2   -1 1 1 1
    179   -1   -2    0 1 1 1
    180   -1   -2    2 1 1 1
    181   -1   -2    3 1 1 1
    182   -1   -2    4 1 1 1
    183   -1   -1   -1 1 1 1
    184   -1   -1    1 1 1 1
    185   -1   -1    3 1 1 1
    186   -1   -1    5 1 1 1
    187   -1   -1    6 1 1 1
    188   -1    0   -3 1 1 1
    189   -1    0   -2 1 1 1
    190   -1    0   -1 1 1 1
    191   -1    0    0 1 1 1
    192   -1    0    1 1 1 1
    193   -1    0    2 1 1 1
    194   -1    0    3 1 1 1
    195   -1    0    6 1 1 1
    196   -1    1   -1 1 1 1
    197   -1    1    2 1 1 1
    198   -1    1    4 1 1 1
    199   -1    1    5 1 1 1
    200   -1    1    6 1 1 1
    201   -1    2   -3 1 1 1
    202   -1    2   -2 1 1 1
    203   -1    2   -1 1 1 1
    204   -1    2    0 1 1 1
    205   -1    2    1 1 1 1
    206   -1    2    3 1 1 1
    207   -1    2    4 1 1 1
    208   -1    2    5 1 1 1
    209   -1    2    6 1 1 1
    210   -1    3   -3 1 1 1
    211   -1    3   -1 1 1 1
    212   -1    3    2 1 1 1
    213   -1    3    4 1 1 1
    214   -1    3    5 1 1 1
    215   -1    3    6 1 1 1
    216   -1    4   -4 1 1 1
    217   -1    4   -3 1 1 1
    218   -1    4   -2 1 1 1
    219   -1    4   -1 1 1 1
    220   -1    4    1 1 1 1
    221   -1    4    3 1 1 1
    222   -1    4    4 1 1 1
    223   -1    5   -4 1 1 1
    224   -1    5   -3 1 1 1
    225   -1    5    0 1 1 1
    226   -1    5    2 1 1 1
    227   -1    5    3 1 1 1
    228   -1    5    4 1 1 1
    229   -1    5    6 1 1 1
    230   -1    6   -2 1 1 1
    231   -1    6    0 1 1 1
    232   -1    6    2 1 1 1
    233    0   -4   -4 1 1 1
    234    0   -4   -2 1 1 1
    235    0   -4    5 1 1 1
    236    0   -3   -4 1 1 1
    237    0   -3   -3 1 1 1
    238    0   -3   -2 1 1 1
    239    0   -3    1 1 1 1
    240    0   -2   -3 1 1 1
    241    0   -2    5 1 1 1
    242    0   -2    6 1 1 1
    243    0   -1   -3 1 1 1
    244    0   -1   -2 1 1 1
    245    0   -1   -1 1 1 1
    246    0   -1    0 1 1 1
    247    0   -1    1 1 1 1
    248    0   -1    2 1 1 1
    249    0   -1    3 1 1 1
    250    0   -1    4 1 1 1
    251    0   -1    5 1 1 1
    252    0    0   -1 1 1 1
    253    0    0    0 1 1 1
    254    0    0    1 1 1 1
    255    0    0    2 1 1 1
    256    0    0    3 1 1 1
    257    0    0    4 1 1 1
    258    0    1   -4 1 1 1
    259    0    1   -3 1 1 1
    260    0    1    3 1 1 1
    261    0    1    4 1 1 1
    262    0    1    6 1 1 1
    263    0    2   -4 1 1 1
    264    0    2   -3 1 1 1
    265    0    2   -1 1 1 1
    266    0    2    2 1 1 1
    267    0    2    4 1 1 1
    268    0    2    5 1 1 1
    269    0    3   -3 1 1 1
    270    0    3   -2 1 1 1
    271    0    3   -1 1 1 1
    272    0    3    0 1 1 1
    273    0    3    1 1 1 1
    274    0    3    4 1 1 1
    275    0    3    5 1 1 1
    276    0    4   -4 1 1 1
    277    0    4   -3 1 1 1
    278    0    4   -2 1 1 1
    279    0    4   -1 1 1 1
    280    0    4    0 1 1 1
    281    0    4    3 1 1 1
    282    0    4    4 1 1 1
    283    0    5   -4 1 1 1
    284    0    5   -3 1 1 1
    285    0    5   -1 1 1 1
    286    0    5    1 1 1 1
    287    0    5    2 1 1 1
    288    0    5    3 1 1 1
    289    0    5    4 1 1 1
    290    0    5    5 1 1 1
    291    0    6   -1 1 1 1
    292    0    6    0 1 1 1
    293    0    6    2 1 1 1
    294    0    6    5 1 1 1
    295    1   -4   -4 1 1 1
    296    1   -4   -2 1 1 1
    297    1   -3    0 1 1 1
    298    1   -3    2 1 1 1
    299    1   -2   -3 1 1 1
    300    1   -2   -2 1 1 1
    301    1   -2   -1 1 1 1
    302    1   -2    0 1 1 1
    303    1   -2    4 1 1 1
    304    1   -1   -4 1 1 1
    305    1   -1   -2 1 1 1
    306    1   -1   -1 1 1 1
    307    1   -1    0 1 1 1
    308    1   -1    2 1 1 1
    309    1   -1    3 1 1 1
    310    1   -1    4 1 1 1
    311    1   -1    5 1 1 1
    312    1   -1    6 1 1 1
    313    1    0   -1 1 1 1
    314    1    0    0 1 1 1
    315    1    0    1 1 1 1
    316    1    0    2 1 1 1
    317    1    0    3 1 1 1
    318    1    0    4 1 1 1
    319    1    0    5 1 1 1
    320    1    1   -4 1 1 1
    321    1    1   -3 1 1 1
    322    1    1   -2 1 1 1
    323    1    1    0 1 1 1
    324    1    1    1 1 1 1
    325    1    1    2 1 1 1
    326    1    1    4 1 1 1
    327    1    1    5 1 1 1
    328    1    1    6 1 1 1
    329    1    2   -4 1 1 1
    330    1    2   -3 1 1 1
    331    1    2   -2 1 1 1
    332    1    2   -1 1 1 1
    333    1    2    1 1 1 1
    334    1    2    2 1 1 1
    335    1    2    3 1 1 1
    336    1    2    5 1 1 1
    337    1    3   -4 1 1 1
    338    1    3   -2 1 1 1
    339    1    3   -1 1 1 1
    340    1    3    2 1 1 1
    341    1    3    4 1 1 1
    342    1    3    5 1 1 1
    343    1    4   -3 1 1 1
    344    1    4   -2 1 1 1
    345    1    4    1 1 1 1
    346    1    4    3 1 1 1
    347    1    4    4 1 1 1
    348    1    5   -3 1 1 1
    349    1    5   -1 1 1 1
    350    1    5    0 1 1 1
    351    1    5    1 1 1 1
    352    1    5    3 1 1 1
    353    1    5    5 1 1 1
    354    1    6    0 1 1 1
    355    1    6    1 1 1 1
    356    1    6    3 1 1 1
    357    1    6    6 1 1 1
    358    2   -4   -4 1 1 1
    359    2   -4    1 1 1 1
    360    2   -4    3 1 1 1
    361    2   -3   -4 1 1 1
    362    2   -3   -3 1 1 1
    363    2   -3   -2 1 1 1
    364    2   -3    0 1 1 1
    365    2   -3    2 1 1 1
    366    2   -3    3 1 1 1
    367    2   -3    5 1 1 1
    368    2   -3    6 1 1 1
    369    2   -2    1 1 1 1
    370    2   -2    3 1 1 1
    371    2   -2    5 1 1 1
    372    2   -2    6 1 1 1
    373    2   -1   -4 1 1 1
    374    2   -1   -3 1 1 1
    375    2   -1   -2 1 1 1
    376    2   -1   -1 1 1 1
    377    2   -1    0 1 1 1
    378    2   -1    1 1 1 1
    379    2    0   -3 1 1 1
    380    2    0   -2 1 1 1
    381    2    0    1 1 1 1
    382    2    0    5 1 1 1
    383    2    1   -1 1 1 1
    384    2    2   -4 1 1 1
    385    2    2   -1 1 1 1
    386    2    2    0 1 1 1
    387    2    2    1 1 1 1
    388    2    2    2 1 1 1
    389    2    2    4 1 1 1
    390    2    2    6 1 1 1
    391    2    3   -3 1 1 1
    392    2    3   -2 1 1 1
    393    2    3   -1 1 1 1
    394    2    3    0 1 1 1
    395    2    3    1 1 1 1
    396    2    3    2 1 1 1
    397    2    3    3 1 1 1
    398    2    3    6 1 1 1
    399    2    4   -3 1 1 1
    400    2    4   -2 1 1 1
    401    2    4   -1 1 1 1
    402    2    4    0 1 1 1
    403    2    4    4 1 1 1
    404    2    5   -3 1 1 1
    405    2    5    0 1 1 1
    406    2    5    2 1 1 1
    407    2    5    3 1 1 1
    408    2    5    4 1 1 1
    409    2    5    5 1 1 1
    410    2    6   -3 1 1 1
    411    2    6    0 1 1 1
    412    2    6    4 1 1 1
    413    2    6    6 1 1 1
    414    3   -4   -2 1 1 1
    415    3   -4    5 1 1 1
    416    3   -3   -4 1 1 1
    417    3   -3   -3 1 1 1
    418    3   -3   -2 1 1 1
    419    3   -3   -1 1 1 1
    420    3   -3    0 1 1 1
    421    3   -3    3 1 1 1
    422    3   -3    4 1 1 1
    423    3   -3    5 1 1 1
    424    3   -3    6 1 1 1
    425    3   -2   -2 1 1 1
    426    3   -2    0 1 1 1
    427    3   -2    2 1 1 1
    428    3   -2    3 1 1 1
    429    3   -2    4 1 1 1
    430    3   -2    6 1 1 1
    431    3   -1   -2 1 1 1
    432    3   -1   -1 1 1 1
    433    3   -1    0 1 1 1
    434    3   -1    2 1 1 1
    435    3   -1    3 1 1 1
    436    3   -1    4 1 1 1
    437    3   -1    5 1 1 1
    438    3   -1    6 1 1 1
    439    3    0   -2 1 1 1
    440    3    0   -1 1 1 1
    441    3    0    0 1 1 1
    442    3    0    2 1 1 1
    443    3    0    3 1 1 1
    444    3    0    4 1 1 1
    445    3    1   -4 1 1 1
    446    3    1   -3 1 1 1
    447    3    1   -2 1 1 1
    448    3    1   -1 1 1 1
    449    3    1    2 1 1 1
    450    3    1    3 1 1 1
    451    3    1    4 1 1 1
    452    3    2   -4 1 1 1
    453    3    2   -1 1 1 1
    454    3    2    0 1 1 1
    455    3    2    4 1 1 1
    456    3    2    5 1 1 1
    457    3    3   -3 1 1 1
    458    3    3   -2 1 1 1
    459    3    3    0 1 1 1
    460    3    3    2 1 1 1
    461    3    3    3 1 1 1
    462    3    3    4 1 1 1
    463    3    3    5 1 1 1
    464    3    4   -2 1 1 1
    465    3    4   -1 1 1 1
    466    3    4    0 1 1 1
    467    3    4    1 1 1 1
    468    3    4    4 1 1 1
    469    3    4    5 1 1 1
    470    3    4    6 1 1 1
    471    3    5   -3 1 1 1
    472    3    5   -2 1 1 1
    473    3    5   -1 1 1 1
    474    3    5    0 1 1 1
    475    3    5    1 1 1 1
    476    3    5    2 1 1 1
    477    3    5    4 1 1 1
    478    3    6   -3 1 1 1
    479    3    6   -2 1 1 1
    480    3    6    0 1 1 1
    481    3    6    1 1 1 1
    482    3    6    6 1 1 1
    483    4   -4   -3 1 1 1
    484    4   -4   -2 1 1 1
    485    4   -4    3 1 1 1
    486    4   -4    4 1 1 1
    487    4   -3   -2 1 1 1
    488    4   -3   -1 1 1 1
    489    4   -3    0 1 1 1
    490    4   -3    3 1 1 1
    491    4   -3    5 1 1 1
    492    4   -2   -4 1 1 1
    493    4   -2   -3 1 1 1
    494    4   -2    3 1 1 1
    495    4   -2    4 1 1 1
    496    4   -1   -4 1 1 1
    497    4   -1   -2 1 1 1
    498    4   -1   -1 1 1 1
    499    4   -1    0 1 1 1
    500    4   -1    1 1 1 1
    501    4   -1    2 1 1 1
    502    4   -1    3 1 1 1
    503    4   -1    5 1 1 1
    504    4   -1    6 1 1 1
    505    4    0   -4 1 1 1
    506    4    0   -2 1 1 1
    507    4    0   -1 1 1 1
    508    4    0    1 1 1 1
    509    4    0    3 1 1 1
    510    4    0    5 1 1 1
    511    4    0    6 1 1 1
    512    4    1    0 1 1 1
    513    4    1    2 1 1 1
    514    4    1    4 1 1 1
    515    4    1    5 1 1 1
    516    4    1    6 1 1 1
    517    4    2   -3 1 1 1
    518    4    2   -1 1 1 1
    519    4    2    0 1 1 1
    520    4    2    3 1 1 1
    521    4    2    4 1 1 1
    522    4    2    5 1 1 1
    523    4    2    6 1 1 1
    524    4    3    0 1 1 1
    525    4    3    1 1 1 1
    526    4    3    2 1 1 1
    527    4    3    3 1 1 1
    528    4    3    4 1 1 1
    529    4    3    5 1 1 1
    530    4    4   -2 1 1 1
    531    4    4    0 1 1 1
    532    4    4    1 1 1 1
    533    4    4    4 1 1 1
    534    4    4    5 1 1 1
    535    4    4    6 1 1 1
    536    4    5   -3 1 1 1
    537    4    5   -2 1 1 1
    538    4    5    0 1 1 1
    539    4    5    1 1 1 1
    540    4    5    3 1 1 1
    541    4    5    5 1 1 1
    542    4    6    0 1 1 1
    543    5   -4   -3 1 1 1
    544    5   -4   -2 1 1 1
    545    5   -4   -1 1 1 1
    546    5   -4    0 1 1 1
    547    5   -4    1 1 1 1
    548    5   -4    5 1 1 1
    549    5   -4    6 1 1 1
    550    5   -3   -4 1 1 1
    551    5   -3   -3 1 1 1
    552    5   -3   -2 1 1 1
    553    5   -3   -1 1 1 1
    554    5   -3    0 1 1 1
    555    5   -3    1 1 1 1
    556    5   -3    2 1 1 1
    557    5   -3    4 1 1 1
    558    5   -3    5 1 1 1
    559    5   -2   -3 1 1 1
    560    5   -2   -2 1 1 1
    561    5   -2   -1 1 1 1
    562    5   -2    1 1 1 1
    563    5   -2    2 1 1 1
    564    5   -2    3 1 1 1
    565    5   -2    4 1 1 1
    566    5   -2    5 1 1 1
    567    5   -2    6 1 1 1
    568    5   -1    0 1 1 1
    569    5   -1    1 1 1 1
    570    5   -1    2 1 1 1
    571    5   -1    3 1 1 1
    572    5   -1    4 1 1 1
    573    5   -1    5 1 1 1
    574    5   -1    6 1 1 1
    575    5    0   -1 1 1 1
    576    5    0    1 1 1 1
    577    5    0    2 1 1 1
    578    5    0    5 1 1 1
    579    5    0    6 1 1 1
    580    5    1   -4 1 1 1
    581    5    1   -2 1 1 1
    582    5    1   -1 1 1 1
    583    5    1    0 1 1 1
    584    5    1    1 1 1 1
    585    5    1    2 1 1 1
    586    5    1    4 1 1 1
    587    5    1    5 1 1 1
    588    5    2   -4 1 1 1
    589    5    2   -3 1 1 1
    590    5    2   -1 1 1 1
    591    5    2    0 1 1 1
    592    5    2    1 1 1 1
    593    5    2    3 1 1 1
    594    5    2    4 1 1 1
    595    5    2    5 1 1 1
    596    5    3   -3 1 1 1
    597    5    3   -2 1 1 1
    598    5    3    0 1 1 1
    599    5    3    1 1 1 1
    600    5    3    2 1 1 1
    601    5    3    3 1 1 1
    602    5    3    5 1 1 1
    603    5    4   -3 1 1 1
    604    5    4   -1 1 1 1
    605    5    4    0 1 1 1
    606    5    4    1 1 1 1
    607    5    4    2 1 1 1
    608    5    4    3 1 1 1
    609    5    4    4 1 1 1
    610    5    4    5 1 1 1
    611    5    4    6 1 1 1
    612    5    5   -2 1 1 1
    613    5    5    0 1 1 1
    614    5    5    2 1 1 1
    615    5    5    4 1 1 1
    616    5    5    5 1 1 1
    617    5    5    6 1 1 1
    618    5    6   -3 1 1 1
    619    5    6   -2 1 1 1
    620    5    6    1 1 1 1
    621    5    6    5 1 1 1
    622    6   -4    3 1 1 1
    623    6   -4    4 1 1 1
    624    6   -4    6 1 1 1
    625    6   -3   -2 1 1 1
    626    6   -3    1 1 1 1
    627    6   -3    5 1 1 1
    628    6   -3    6 1 1 1
    629    6   -2    0 1 1 1
    630    6   -2    1 1 1 1
    631    6   -2    4 1 1 1
    632    6   -2    5 1 1 1
    633    6   -2    6 1 1 1
    634    6   -1   -4 1 1 1
    635    6   -1   -3 1 1 1
    636    6   -1   -2 1 1 1
    637    6   -1   -1 1 1 1
    638    6   -1    0 1 1 1
    639    6   -1    3 1 1 1
    640    6   -1    4 1 1 1
    641    6    0   -3 1 1 1
    642    6    0   -1 1 1 1
    643    6    0    1 1 1 1
    644    6    0    4 1 1 1
    645    6    0    5 1 1 1
    646    6    1   -2 1 1 1
    647    6    1   -1 1 1 1
    648    6    1    0 1 1 1
    649    6    1    1 1 1 1
    650    6    1    3 1 1 1
    651    6    2   -1 1 1 1
    652    6    2    0 1 1 1
    653    6    2    5 1 1 1
    654    6    5   -4 1 1 1
    655    6    5   -1 1 1 1
    656    6    5    0 1 1 1
    657    6    5    2 1 1 1
    658    6    5    3 1 1 1
    659    6    5    4 1 1 1
    660    6    5    5 1 1 1
    661    6    5    6 1 1 1
    662    6    6    4 1 1 1
    663    6    6    5 1 1 1
