 >REASHP: option FROM_FILE
       693 = NAT
  1.000000  0.000000  0.000000 = A_1 vector
  0.000000  1.000000  0.000000 = A_2 vector
  1.000000  1.000000  1.000000 = lattice spacings (d_x,d_y,d_z)/d
  -0.00000  -0.16035  -0.10350 = lattice offset x0(1-3) = (x_TF,y_TF,z_TF)/d for dipole 0 0 0
     JA  IX  IY  IZ ICOMP(x,y,z)
      1    1    1    1 1 1 1
      2    1    1    2 1 1 1
      3    1    1    3 1 1 1
      4    1    1    4 1 1 1
      5    1    1    5 1 1 1
      6    1    1    6 1 1 1
      7    1    1    7 1 1 1
      8    1    1    8 1 1 1
      9    1    1    9 1 1 1
     10    1    1   10 1 1 1
     11    1    1   11 1 1 1
     12    1    1   12 1 1 1
     13    1    1   13 1 1 1
     14    1    1   14 1 1 1
     15    1    1   15 1 1 1
     16    1    1   16 1 1 1
     17    1    1   17 1 1 1
     18    1    1   18 1 1 1
     19    1    1   19 1 1 1
     20    1    1   20 1 1 1
     21    1    1   21 1 1 1
     22    1    2    1 1 1 1
     23    1    2    2 1 1 1
     24    1    2    3 1 1 1
     25    1    2    4 1 1 1
     26    1    2    5 1 1 1
     27    1    2    6 1 1 1
     28    1    2    7 1 1 1
     29    1    2    8 1 1 1
     30    1    2    9 1 1 1
     31    1    2   10 1 1 1
     32    1    2   11 1 1 1
     33    1    2   12 1 1 1
     34    1    2   13 1 1 1
     35    1    2   14 1 1 1
     36    1    2   15 1 1 1
     37    1    2   16 1 1 1
     38    1    2   17 1 1 1
     39    1    2   18 1 1 1
     40    1    2   19 1 1 1
     41    1    2   20 1 1 1
     42    1    2   21 1 1 1
     43    1    3    1 1 1 1
     44    1    3    2 1 1 1
     45    1    3    3 1 1 1
     46    1    3    4 1 1 1
     47    1    3    5 1 1 1
     48    1    3    6 1 1 1
     49    1    3    7 1 1 1
     50    1    3    8 1 1 1
     51    1    3    9 1 1 1
     52    1    3   10 1 1 1
     53    1    3   11 1 1 1
     54    1    3   12 1 1 1
     55    1    3   13 1 1 1
     56    1    3   14 1 1 1
     57    1    3   15 1 1 1
     58    1    3   16 1 1 1
     59    1    3   17 1 1 1
     60    1    3   18 1 1 1
     61    1    3   19 1 1 1
     62    1    3   20 1 1 1
     63    1    3   21 1 1 1
     64    1    4    1 1 1 1
     65    1    4    2 1 1 1
     66    1    4    3 1 1 1
     67    1    4    4 1 1 1
     68    1    4    5 1 1 1
     69    1    4    6 1 1 1
     70    1    4    7 1 1 1
     71    1    4    8 1 1 1
     72    1    4    9 1 1 1
     73    1    4   10 1 1 1
     74    1    4   11 1 1 1
     75    1    4   12 1 1 1
     76    1    4   13 1 1 1
     77    1    4   14 1 1 1
     78    1    4   15 1 1 1
     79    1    4   16 1 1 1
     80    1    4   17 1 1 1
     81    1    4   18 1 1 1
     82    1    4   19 1 1 1
     83    1    4   20 1 1 1
     84    1    4   21 1 1 1
     85    1    5    1 1 1 1
     86    1    5    2 1 1 1
     87    1    5    3 1 1 1
     88    1    5    4 1 1 1
     89    1    5    5 1 1 1
     90    1    5    6 1 1 1
     91    1    5    7 1 1 1
     92    1    5    8 1 1 1
     93    1    5    9 1 1 1
     94    1    5   10 1 1 1
     95    1    5   11 1 1 1
     96    1    5   12 1 1 1
     97    1    5   13 1 1 1
     98    1    5   14 1 1 1
     99    1    5   15 1 1 1
    100    1    5   16 1 1 1
    101    1    5   17 1 1 1
    102    1    5   18 1 1 1
    103    1    5   19 1 1 1
    104    1    5   20 1 1 1
    105    1    5   21 1 1 1
    106    1    6    1 1 1 1
    107    1    6    2 1 1 1
    108    1    6    3 1 1 1
    109    1    6    4 1 1 1
    110    1    6    5 1 1 1
    111    1    6    6 1 1 1
    112    1    6    7 1 1 1
    113    1    6    8 1 1 1
    114    1    6    9 1 1 1
    115    1    6   10 1 1 1
    116    1    6   11 1 1 1
    117    1    6   12 1 1 1
    118    1    6   13 1 1 1
    119    1    6   14 1 1 1
    120    1    6   15 1 1 1
    121    1    6   16 1 1 1
    122    1    6   17 1 1 1
    123    1    6   18 1 1 1
    124    1    6   19 1 1 1
    125    1    6   20 1 1 1
    126    1    6   21 1 1 1
    127    1    7    1 1 1 1
    128    1    7    2 1 1 1
    129    1    7    3 1 1 1
    130    1    7    4 1 1 1
    131    1    7    5 1 1 1
    132    1    7    6 1 1 1
    133    1    7    7 1 1 1
    134    1    7    8 1 1 1
    135    1    7    9 1 1 1
    136    1    7   10 1 1 1
    137    1    7   11 1 1 1
    138    1    7   12 1 1 1
    139    1    7   13 1 1 1
    140    1    7   14 1 1 1
    141    1    7   15 1 1 1
    142    1    7   16 1 1 1
    143    1    7   17 1 1 1
    144    1    7   18 1 1 1
    145    1    7   19 1 1 1
    146    1    7   20 1 1 1
    147    1    7   21 1 1 1
    148    1    8    1 1 1 1
    149    1    8    2 1 1 1
    150    1    8    3 1 1 1
    151    1    8    4 1 1 1
    152    1    8    5 1 1 1
    153    1    8    6 1 1 1
    154    1    8    7 1 1 1
    155    1    8    8 1 1 1
    156    1    8    9 1 1 1
    157    1    8   10 1 1 1
    158    1    8   11 1 1 1
    159    1    8   12 1 1 1
    160    1    8   13 1 1 1
    161    1    8   14 1 1 1
    162    1    8   15 1 1 1
    163    1    8   16 1 1 1
    164    1    8   17 1 1 1
    165    1    8   18 1 1 1
    166    1    8   19 1 1 1
    167    1    8   20 1 1 1
    168    1    8   21 1 1 1
    169    1    9    1 1 1 1
    170    1    9    2 1 1 1
    171    1    9    3 1 1 1
    172    1    9    4 1 1 1
    173    1    9    5 1 1 1
    174    1    9    6 1 1 1
    175    1    9    7 1 1 1
    176    1    9    8 1 1 1
    177    1    9    9 1 1 1
    178    1    9   10 1 1 1
    179    1    9   11 1 1 1
    180    1    9   12 1 1 1
    181    1    9   13 1 1 1
    182    1    9   14 1 1 1
    183    1    9   15 1 1 1
    184    1    9   16 1 1 1
    185    1    9   17 1 1 1
    186    1    9   18 1 1 1
    187    1    9   19 1 1 1
    188    1    9   20 1 1 1
    189    1    9   21 1 1 1
    190    1   10    1 1 1 1
    191    1   10    2 1 1 1
    192    1   10    3 1 1 1
    193    1   10    4 1 1 1
    194    1   10    5 1 1 1
    195    1   10    6 1 1 1
    196    1   10    7 1 1 1
    197    1   10    8 1 1 1
    198    1   10    9 1 1 1
    199    1   10   10 1 1 1
    200    1   10   11 1 1 1
    201    1   10   12 1 1 1
    202    1   10   13 1 1 1
    203    1   10   14 1 1 1
    204    1   10   15 1 1 1
    205    1   10   16 1 1 1
    206    1   10   17 1 1 1
    207    1   10   18 1 1 1
    208    1   10   19 1 1 1
    209    1   10   20 1 1 1
    210    1   10   21 1 1 1
    211    1   11    1 1 1 1
    212    1   11    2 1 1 1
    213    1   11    3 1 1 1
    214    1   11    4 1 1 1
    215    1   11    5 1 1 1
    216    1   11    6 1 1 1
    217    1   11    7 1 1 1
    218    1   11    8 1 1 1
    219    1   11    9 1 1 1
    220    1   11   10 1 1 1
    221    1   11   11 1 1 1
    222    1   11   12 1 1 1
    223    1   11   13 1 1 1
    224    1   11   14 1 1 1
    225    1   11   15 1 1 1
    226    1   11   16 1 1 1
    227    1   11   17 1 1 1
    228    1   11   18 1 1 1
    229    1   11   19 1 1 1
    230    1   11   20 1 1 1
    231    1   11   21 1 1 1
    232    1   12    1 1 1 1
    233    1   12    2 1 1 1
    234    1   12    3 1 1 1
    235    1   12    4 1 1 1
    236    1   12    5 1 1 1
    237    1   12    6 1 1 1
    238    1   12    7 1 1 1
    239    1   12    8 1 1 1
    240    1   12    9 1 1 1
    241    1   12   10 1 1 1
    242    1   12   11 1 1 1
    243    1   12   12 1 1 1
    244    1   12   13 1 1 1
    245    1   12   14 1 1 1
    246    1   12   15 1 1 1
    247    1   12   16 1 1 1
    248    1   12   17 1 1 1
    249    1   12   18 1 1 1
    250    1   12   19 1 1 1
    251    1   12   20 1 1 1
    252    1   12   21 1 1 1
    253    1   13    1 1 1 1
    254    1   13    2 1 1 1
    255    1   13    3 1 1 1
    256    1   13    4 1 1 1
    257    1   13    5 1 1 1
    258    1   13    6 1 1 1
    259    1   13    7 1 1 1
    260    1   13    8 1 1 1
    261    1   13    9 1 1 1
    262    1   13   10 1 1 1
    263    1   13   11 1 1 1
    264    1   13   12 1 1 1
    265    1   13   13 1 1 1
    266    1   13   14 1 1 1
    267    1   13   15 1 1 1
    268    1   13   16 1 1 1
    269    1   13   17 1 1 1
    270    1   13   18 1 1 1
    271    1   13   19 1 1 1
    272    1   13   20 1 1 1
    273    1   13   21 1 1 1
    274    1   14    1 1 1 1
    275    1   14    2 1 1 1
    276    1   14    3 1 1 1
    277    1   14    4 1 1 1
    278    1   14    5 1 1 1
    279    1   14    6 1 1 1
    280    1   14    7 1 1 1
    281    1   14    8 1 1 1
    282    1   14    9 1 1 1
    283    1   14   10 1 1 1
    284    1   14   11 1 1 1
    285    1   14   12 1 1 1
    286    1   14   13 1 1 1
    287    1   14   14 1 1 1
    288    1   14   15 1 1 1
    289    1   14   16 1 1 1
    290    1   14   17 1 1 1
    291    1   14   18 1 1 1
    292    1   14   19 1 1 1
    293    1   14   20 1 1 1
    294    1   14   21 1 1 1
    295    1   15    1 1 1 1
    296    1   15    2 1 1 1
    297    1   15    3 1 1 1
    298    1   15    4 1 1 1
    299    1   15    5 1 1 1
    300    1   15    6 1 1 1
    301    1   15    7 1 1 1
    302    1   15    8 1 1 1
    303    1   15    9 1 1 1
    304    1   15   10 1 1 1
    305    1   15   11 1 1 1
    306    1   15   12 1 1 1
    307    1   15   13 1 1 1
    308    1   15   14 1 1 1
    309    1   15   15 1 1 1
    310    1   15   16 1 1 1
    311    1   15   17 1 1 1
    312    1   15   18 1 1 1
    313    1   15   19 1 1 1
    314    1   15   20 1 1 1
    315    1   15   21 1 1 1
    316    1   16    1 1 1 1
    317    1   16    2 1 1 1
    318    1   16    3 1 1 1
    319    1   16    4 1 1 1
    320    1   16    5 1 1 1
    321    1   16    6 1 1 1
    322    1   16    7 1 1 1
    323    1   16    8 1 1 1
    324    1   16    9 1 1 1
    325    1   16   10 1 1 1
    326    1   16   11 1 1 1
    327    1   16   12 1 1 1
    328    1   16   13 1 1 1
    329    1   16   14 1 1 1
    330    1   16   15 1 1 1
    331    1   16   16 1 1 1
    332    1   16   17 1 1 1
    333    1   16   18 1 1 1
    334    1   16   19 1 1 1
    335    1   16   20 1 1 1
    336    1   16   21 1 1 1
    337    1   17    1 1 1 1
    338    1   17    2 1 1 1
    339    1   17    3 1 1 1
    340    1   17    4 1 1 1
    341    1   17    5 1 1 1
    342    1   17    6 1 1 1
    343    1   17    7 1 1 1
    344    1   17    8 1 1 1
    345    1   17    9 1 1 1
    346    1   17   10 1 1 1
    347    1   17   11 1 1 1
    348    1   17   12 1 1 1
    349    1   17   13 1 1 1
    350    1   17   14 1 1 1
    351    1   17   15 1 1 1
    352    1   17   16 1 1 1
    353    1   17   17 1 1 1
    354    1   17   18 1 1 1
    355    1   17   19 1 1 1
    356    1   17   20 1 1 1
    357    1   17   21 1 1 1
    358    1   18    1 1 1 1
    359    1   18    2 1 1 1
    360    1   18    3 1 1 1
    361    1   18    4 1 1 1
    362    1   18    5 1 1 1
    363    1   18    6 1 1 1
    364    1   18    7 1 1 1
    365    1   18    8 1 1 1
    366    1   18    9 1 1 1
    367    1   18   10 1 1 1
    368    1   18   11 1 1 1
    369    1   18   12 1 1 1
    370    1   18   13 1 1 1
    371    1   18   14 1 1 1
    372    1   18   15 1 1 1
    373    1   18   16 1 1 1
    374    1   18   17 1 1 1
    375    1   18   18 1 1 1
    376    1   18   19 1 1 1
    377    1   18   20 1 1 1
    378    1   18   21 1 1 1
    379    1   19    1 1 1 1
    380    1   19    2 1 1 1
    381    1   19    3 1 1 1
    382    1   19    4 1 1 1
    383    1   19    5 1 1 1
    384    1   19    6 1 1 1
    385    1   19    7 1 1 1
    386    1   19    8 1 1 1
    387    1   19    9 1 1 1
    388    1   19   10 1 1 1
    389    1   19   11 1 1 1
    390    1   19   12 1 1 1
    391    1   19   13 1 1 1
    392    1   19   14 1 1 1
    393    1   19   15 1 1 1
    394    1   19   16 1 1 1
    395    1   19   17 1 1 1
    396    1   19   18 1 1 1
    397    1   19   19 1 1 1
    398    1   19   20 1 1 1
    399    1   19   21 1 1 1
    400    1   20    1 1 1 1
    401    1   20    2 1 1 1
    402    1   20    3 1 1 1
    403    1   20    4 1 1 1
    404    1   20    5 1 1 1
    405    1   20    6 1 1 1
    406    1   20    7 1 1 1
    407    1   20    8 1 1 1
    408    1   20    9 1 1 1
    409    1   20   10 1 1 1
    410    1   20   11 1 1 1
    411    1   20   12 1 1 1
    412    1   20   13 1 1 1
    413    1   20   14 1 1 1
    414    1   20   15 1 1 1
    415    1   20   16 1 1 1
    416    1   20   17 1 1 1
    417    1   20   18 1 1 1
    418    1   20   19 1 1 1
    419    1   20   20 1 1 1
    420    1   20   21 1 1 1
    421    1   21    1 1 1 1
    422    1   21    2 1 1 1
    423    1   21    3 1 1 1
    424    1   21    4 1 1 1
    425    1   21    5 1 1 1
    426    1   21    6 1 1 1
    427    1   21    7 1 1 1
    428    1   21    8 1 1 1
    429    1   21    9 1 1 1
    430    1   21   10 1 1 1
    431    1   21   11 1 1 1
    432    1   21   12 1 1 1
    433    1   21   13 1 1 1
    434    1   21   14 1 1 1
    435    1   21   15 1 1 1
    436    1   21   16 1 1 1
    437    1   21   17 1 1 1
    438    1   21   18 1 1 1
    439    1   21   19 1 1 1
    440    1   21   20 1 1 1
    441    1   21   21 1 1 1
    442    1   22    1 1 1 1
    443    1   22    2 1 1 1
    444    1   22    3 1 1 1
    445    1   22    4 1 1 1
    446    1   22    5 1 1 1
    447    1   22    6 1 1 1
    448    1   22    7 1 1 1
    449    1   22    8 1 1 1
    450    1   22    9 1 1 1
    451    1   22   10 1 1 1
    452    1   22   11 1 1 1
    453    1   22   12 1 1 1
    454    1   22   13 1 1 1
    455    1   22   14 1 1 1
    456    1   22   15 1 1 1
    457    1   22   16 1 1 1
    458    1   22   17 1 1 1
    459    1   22   18 1 1 1
    460    1   22   19 1 1 1
    461    1   22   20 1 1 1
    462    1   22   21 1 1 1
    463    1   23    1 1 1 1
    464    1   23    2 1 1 1
    465    1   23    3 1 1 1
    466    1   23    4 1 1 1
    467    1   23    5 1 1 1
    468    1   23    6 1 1 1
    469    1   23    7 1 1 1
    470    1   23    8 1 1 1
    471    1   23    9 1 1 1
    472    1   23   10 1 1 1
    473    1   23   11 1 1 1
    474    1   23   12 1 1 1
    475    1   23   13 1 1 1
    476    1   23   14 1 1 1
    477    1   23   15 1 1 1
    478    1   23   16 1 1 1
    479    1   23   17 1 1 1
    480    1   23   18 1 1 1
    481    1   23   19 1 1 1
    482    1   23   20 1 1 1
    483    1   23   21 1 1 1
    484    1   24    1 1 1 1
    485    1   24    2 1 1 1
    486    1   24    3 1 1 1
    487    1   24    4 1 1 1
    488    1   24    5 1 1 1
    489    1   24    6 1 1 1
    490    1   24    7 1 1 1
    491    1   24    8 1 1 1
    492    1   24    9 1 1 1
    493    1   24   10 1 1 1
    494    1   24   11 1 1 1
    495    1   24   12 1 1 1
    496    1   24   13 1 1 1
    497    1   24   14 1 1 1
    498    1   24   15 1 1 1
    499    1   24   16 1 1 1
    500    1   24   17 1 1 1
    501    1   24   18 1 1 1
    502    1   24   19 1 1 1
    503    1   24   20 1 1 1
    504    1   24   21 1 1 1
    505    1   25    1 1 1 1
    506    1   25    2 1 1 1
    507    1   25    3 1 1 1
    508    1   25    4 1 1 1
    509    1   25    5 1 1 1
    510    1   25    6 1 1 1
    511    1   25    7 1 1 1
    512    1   25    8 1 1 1
    513    1   25    9 1 1 1
    514    1   25   10 1 1 1
    515    1   25   11 1 1 1
    516    1   25   12 1 1 1
    517    1   25   13 1 1 1
    518    1   25   14 1 1 1
    519    1   25   15 1 1 1
    520    1   25   16 1 1 1
    521    1   25   17 1 1 1
    522    1   25   18 1 1 1
    523    1   25   19 1 1 1
    524    1   25   20 1 1 1
    525    1   25   21 1 1 1
    526    1   26    1 1 1 1
    527    1   26    2 1 1 1
    528    1   26    3 1 1 1
    529    1   26    4 1 1 1
    530    1   26    5 1 1 1
    531    1   26    6 1 1 1
    532    1   26    7 1 1 1
    533    1   26    8 1 1 1
    534    1   26    9 1 1 1
    535    1   26   10 1 1 1
    536    1   26   11 1 1 1
    537    1   26   12 1 1 1
    538    1   26   13 1 1 1
    539    1   26   14 1 1 1
    540    1   26   15 1 1 1
    541    1   26   16 1 1 1
    542    1   26   17 1 1 1
    543    1   26   18 1 1 1
    544    1   26   19 1 1 1
    545    1   26   20 1 1 1
    546    1   26   21 1 1 1
    547    1   27    1 1 1 1
    548    1   27    2 1 1 1
    549    1   27    3 1 1 1
    550    1   27    4 1 1 1
    551    1   27    5 1 1 1
    552    1   27    6 1 1 1
    553    1   27    7 1 1 1
    554    1   27    8 1 1 1
    555    1   27    9 1 1 1
    556    1   27   10 1 1 1
    557    1   27   11 1 1 1
    558    1   27   12 1 1 1
    559    1   27   13 1 1 1
    560    1   27   14 1 1 1
    561    1   27   15 1 1 1
    562    1   27   16 1 1 1
    563    1   27   17 1 1 1
    564    1   27   18 1 1 1
    565    1   27   19 1 1 1
    566    1   27   20 1 1 1
    567    1   27   21 1 1 1
    568    1   28    1 1 1 1
    569    1   28    2 1 1 1
    570    1   28    3 1 1 1
    571    1   28    4 1 1 1
    572    1   28    5 1 1 1
    573    1   28    6 1 1 1
    574    1   28    7 1 1 1
    575    1   28    8 1 1 1
    576    1   28    9 1 1 1
    577    1   28   10 1 1 1
    578    1   28   11 1 1 1
    579    1   28   12 1 1 1
    580    1   28   13 1 1 1
    581    1   28   14 1 1 1
    582    1   28   15 1 1 1
    583    1   28   16 1 1 1
    584    1   28   17 1 1 1
    585    1   28   18 1 1 1
    586    1   28   19 1 1 1
    587    1   28   20 1 1 1
    588    1   28   21 1 1 1
    589    1   29    1 1 1 1
    590    1   29    2 1 1 1
    591    1   29    3 1 1 1
    592    1   29    4 1 1 1
    593    1   29    5 1 1 1
    594    1   29    6 1 1 1
    595    1   29    7 1 1 1
    596    1   29    8 1 1 1
    597    1   29    9 1 1 1
    598    1   29   10 1 1 1
    599    1   29   11 1 1 1
    600    1   29   12 1 1 1
    601    1   29   13 1 1 1
    602    1   29   14 1 1 1
    603    1   29   15 1 1 1
    604    1   29   16 1 1 1
    605    1   29   17 1 1 1
    606    1   29   18 1 1 1
    607    1   29   19 1 1 1
    608    1   29   20 1 1 1
    609    1   29   21 1 1 1
    610    1   30    1 1 1 1
    611    1   30    2 1 1 1
    612    1   30    3 1 1 1
    613    1   30    4 1 1 1
    614    1   30    5 1 1 1
    615    1   30    6 1 1 1
    616    1   30    7 1 1 1
    617    1   30    8 1 1 1
    618    1   30    9 1 1 1
    619    1   30   10 1 1 1
    620    1   30   11 1 1 1
    621    1   30   12 1 1 1
    622    1   30   13 1 1 1
    623    1   30   14 1 1 1
    624    1   30   15 1 1 1
    625    1   30   16 1 1 1
    626    1   30   17 1 1 1
    627    1   30   18 1 1 1
    628    1   30   19 1 1 1
    629    1   30   20 1 1 1
    630    1   30   21 1 1 1
    631    1   31    1 1 1 1
    632    1   31    2 1 1 1
    633    1   31    3 1 1 1
    634    1   31    4 1 1 1
    635    1   31    5 1 1 1
    636    1   31    6 1 1 1
    637    1   31    7 1 1 1
    638    1   31    8 1 1 1
    639    1   31    9 1 1 1
    640    1   31   10 1 1 1
    641    1   31   11 1 1 1
    642    1   31   12 1 1 1
    643    1   31   13 1 1 1
    644    1   31   14 1 1 1
    645    1   31   15 1 1 1
    646    1   31   16 1 1 1
    647    1   31   17 1 1 1
    648    1   31   18 1 1 1
    649    1   31   19 1 1 1
    650    1   31   20 1 1 1
    651    1   31   21 1 1 1
    652    1   32    1 1 1 1
    653    1   32    2 1 1 1
    654    1   32    3 1 1 1
    655    1   32    4 1 1 1
    656    1   32    5 1 1 1
    657    1   32    6 1 1 1
    658    1   32    7 1 1 1
    659    1   32    8 1 1 1
    660    1   32    9 1 1 1
    661    1   32   10 1 1 1
    662    1   32   11 1 1 1
    663    1   32   12 1 1 1
    664    1   32   13 1 1 1
    665    1   32   14 1 1 1
    666    1   32   15 1 1 1
    667    1   32   16 1 1 1
    668    1   32   17 1 1 1
    669    1   32   18 1 1 1
    670    1   32   19 1 1 1
    671    1   32   20 1 1 1
    672    1   32   21 1 1 1
    673    1   33    1 1 1 1
    674    1   33    2 1 1 1
    675    1   33    3 1 1 1
    676    1   33    4 1 1 1
    677    1   33    5 1 1 1
    678    1   33    6 1 1 1
    679    1   33    7 1 1 1
    680    1   33    8 1 1 1
    681    1   33    9 1 1 1
    682    1   33   10 1 1 1
    683    1   33   11 1 1 1
    684    1   33   12 1 1 1
    685    1   33   13 1 1 1
    686    1   33   14 1 1 1
    687    1   33   15 1 1 1
    688    1   33   16 1 1 1
    689    1   33   17 1 1 1
    690    1   33   18 1 1 1
    691    1   33   19 1 1 1
    692    1   33   20 1 1 1
    693    1   33   21 1 1 1
