 >REASHP: option FROM_FILE
       405 = NAT
  1.000000  0.000000  0.000000 = A_1 vector
  0.000000  1.000000  0.000000 = A_2 vector
  1.000000  1.000000  1.000000 = lattice spacings (d_x,d_y,d_z)/d
  -0.00000  -0.13155  -0.07320 = lattice offset x0(1-3) = (x_TF,y_TF,z_TF)/d for dipole 0 0 0
     JA  IX  IY  IZ ICOMP(x,y,z)
      1    1    1    1 1 1 1
      2    1    1    2 1 1 1
      3    1    1    3 1 1 1
      4    1    1    4 1 1 1
      5    1    1    5 1 1 1
      6    1    1    6 1 1 1
      7    1    1    7 1 1 1
      8    1    1    8 1 1 1
      9    1    1    9 1 1 1
     10    1    1   10 1 1 1
     11    1    1   11 1 1 1
     12    1    1   12 1 1 1
     13    1    1   13 1 1 1
     14    1    1   14 1 1 1
     15    1    1   15 1 1 1
     16    1    2    1 1 1 1
     17    1    2    2 1 1 1
     18    1    2    3 1 1 1
     19    1    2    4 1 1 1
     20    1    2    5 1 1 1
     21    1    2    6 1 1 1
     22    1    2    7 1 1 1
     23    1    2    8 1 1 1
     24    1    2    9 1 1 1
     25    1    2   10 1 1 1
     26    1    2   11 1 1 1
     27    1    2   12 1 1 1
     28    1    2   13 1 1 1
     29    1    2   14 1 1 1
     30    1    2   15 1 1 1
     31    1    3    1 1 1 1
     32    1    3    2 1 1 1
     33    1    3    3 1 1 1
     34    1    3    4 1 1 1
     35    1    3    5 1 1 1
     36    1    3    6 1 1 1
     37    1    3    7 1 1 1
     38    1    3    8 1 1 1
     39    1    3    9 1 1 1
     40    1    3   10 1 1 1
     41    1    3   11 1 1 1
     42    1    3   12 1 1 1
     43    1    3   13 1 1 1
     44    1    3   14 1 1 1
     45    1    3   15 1 1 1
     46    1    4    1 1 1 1
     47    1    4    2 1 1 1
     48    1    4    3 1 1 1
     49    1    4    4 1 1 1
     50    1    4    5 1 1 1
     51    1    4    6 1 1 1
     52    1    4    7 1 1 1
     53    1    4    8 1 1 1
     54    1    4    9 1 1 1
     55    1    4   10 1 1 1
     56    1    4   11 1 1 1
     57    1    4   12 1 1 1
     58    1    4   13 1 1 1
     59    1    4   14 1 1 1
     60    1    4   15 1 1 1
     61    1    5    1 1 1 1
     62    1    5    2 1 1 1
     63    1    5    3 1 1 1
     64    1    5    4 1 1 1
     65    1    5    5 1 1 1
     66    1    5    6 1 1 1
     67    1    5    7 1 1 1
     68    1    5    8 1 1 1
     69    1    5    9 1 1 1
     70    1    5   10 1 1 1
     71    1    5   11 1 1 1
     72    1    5   12 1 1 1
     73    1    5   13 1 1 1
     74    1    5   14 1 1 1
     75    1    5   15 1 1 1
     76    1    6    1 1 1 1
     77    1    6    2 1 1 1
     78    1    6    3 1 1 1
     79    1    6    4 1 1 1
     80    1    6    5 1 1 1
     81    1    6    6 1 1 1
     82    1    6    7 1 1 1
     83    1    6    8 1 1 1
     84    1    6    9 1 1 1
     85    1    6   10 1 1 1
     86    1    6   11 1 1 1
     87    1    6   12 1 1 1
     88    1    6   13 1 1 1
     89    1    6   14 1 1 1
     90    1    6   15 1 1 1
     91    1    7    1 1 1 1
     92    1    7    2 1 1 1
     93    1    7    3 1 1 1
     94    1    7    4 1 1 1
     95    1    7    5 1 1 1
     96    1    7    6 1 1 1
     97    1    7    7 1 1 1
     98    1    7    8 1 1 1
     99    1    7    9 1 1 1
    100    1    7   10 1 1 1
    101    1    7   11 1 1 1
    102    1    7   12 1 1 1
    103    1    7   13 1 1 1
    104    1    7   14 1 1 1
    105    1    7   15 1 1 1
    106    1    8    1 1 1 1
    107    1    8    2 1 1 1
    108    1    8    3 1 1 1
    109    1    8    4 1 1 1
    110    1    8    5 1 1 1
    111    1    8    6 1 1 1
    112    1    8    7 1 1 1
    113    1    8    8 1 1 1
    114    1    8    9 1 1 1
    115    1    8   10 1 1 1
    116    1    8   11 1 1 1
    117    1    8   12 1 1 1
    118    1    8   13 1 1 1
    119    1    8   14 1 1 1
    120    1    8   15 1 1 1
    121    1    9    1 1 1 1
    122    1    9    2 1 1 1
    123    1    9    3 1 1 1
    124    1    9    4 1 1 1
    125    1    9    5 1 1 1
    126    1    9    6 1 1 1
    127    1    9    7 1 1 1
    128    1    9    8 1 1 1
    129    1    9    9 1 1 1
    130    1    9   10 1 1 1
    131    1    9   11 1 1 1
    132    1    9   12 1 1 1
    133    1    9   13 1 1 1
    134    1    9   14 1 1 1
    135    1    9   15 1 1 1
    136    1   10    1 1 1 1
    137    1   10    2 1 1 1
    138    1   10    3 1 1 1
    139    1   10    4 1 1 1
    140    1   10    5 1 1 1
    141    1   10    6 1 1 1
    142    1   10    7 1 1 1
    143    1   10    8 1 1 1
    144    1   10    9 1 1 1
    145    1   10   10 1 1 1
    146    1   10   11 1 1 1
    147    1   10   12 1 1 1
    148    1   10   13 1 1 1
    149    1   10   14 1 1 1
    150    1   10   15 1 1 1
    151    1   11    1 1 1 1
    152    1   11    2 1 1 1
    153    1   11    3 1 1 1
    154    1   11    4 1 1 1
    155    1   11    5 1 1 1
    156    1   11    6 1 1 1
    157    1   11    7 1 1 1
    158    1   11    8 1 1 1
    159    1   11    9 1 1 1
    160    1   11   10 1 1 1
    161    1   11   11 1 1 1
    162    1   11   12 1 1 1
    163    1   11   13 1 1 1
    164    1   11   14 1 1 1
    165    1   11   15 1 1 1
    166    1   12    1 1 1 1
    167    1   12    2 1 1 1
    168    1   12    3 1 1 1
    169    1   12    4 1 1 1
    170    1   12    5 1 1 1
    171    1   12    6 1 1 1
    172    1   12    7 1 1 1
    173    1   12    8 1 1 1
    174    1   12    9 1 1 1
    175    1   12   10 1 1 1
    176    1   12   11 1 1 1
    177    1   12   12 1 1 1
    178    1   12   13 1 1 1
    179    1   12   14 1 1 1
    180    1   12   15 1 1 1
    181    1   13    1 1 1 1
    182    1   13    2 1 1 1
    183    1   13    3 1 1 1
    184    1   13    4 1 1 1
    185    1   13    5 1 1 1
    186    1   13    6 1 1 1
    187    1   13    7 1 1 1
    188    1   13    8 1 1 1
    189    1   13    9 1 1 1
    190    1   13   10 1 1 1
    191    1   13   11 1 1 1
    192    1   13   12 1 1 1
    193    1   13   13 1 1 1
    194    1   13   14 1 1 1
    195    1   13   15 1 1 1
    196    1   14    1 1 1 1
    197    1   14    2 1 1 1
    198    1   14    3 1 1 1
    199    1   14    4 1 1 1
    200    1   14    5 1 1 1
    201    1   14    6 1 1 1
    202    1   14    7 1 1 1
    203    1   14    8 1 1 1
    204    1   14    9 1 1 1
    205    1   14   10 1 1 1
    206    1   14   11 1 1 1
    207    1   14   12 1 1 1
    208    1   14   13 1 1 1
    209    1   14   14 1 1 1
    210    1   14   15 1 1 1
    211    1   15    1 1 1 1
    212    1   15    2 1 1 1
    213    1   15    3 1 1 1
    214    1   15    4 1 1 1
    215    1   15    5 1 1 1
    216    1   15    6 1 1 1
    217    1   15    7 1 1 1
    218    1   15    8 1 1 1
    219    1   15    9 1 1 1
    220    1   15   10 1 1 1
    221    1   15   11 1 1 1
    222    1   15   12 1 1 1
    223    1   15   13 1 1 1
    224    1   15   14 1 1 1
    225    1   15   15 1 1 1
    226    1   16    1 1 1 1
    227    1   16    2 1 1 1
    228    1   16    3 1 1 1
    229    1   16    4 1 1 1
    230    1   16    5 1 1 1
    231    1   16    6 1 1 1
    232    1   16    7 1 1 1
    233    1   16    8 1 1 1
    234    1   16    9 1 1 1
    235    1   16   10 1 1 1
    236    1   16   11 1 1 1
    237    1   16   12 1 1 1
    238    1   16   13 1 1 1
    239    1   16   14 1 1 1
    240    1   16   15 1 1 1
    241    1   17    1 1 1 1
    242    1   17    2 1 1 1
    243    1   17    3 1 1 1
    244    1   17    4 1 1 1
    245    1   17    5 1 1 1
    246    1   17    6 1 1 1
    247    1   17    7 1 1 1
    248    1   17    8 1 1 1
    249    1   17    9 1 1 1
    250    1   17   10 1 1 1
    251    1   17   11 1 1 1
    252    1   17   12 1 1 1
    253    1   17   13 1 1 1
    254    1   17   14 1 1 1
    255    1   17   15 1 1 1
    256    1   18    1 1 1 1
    257    1   18    2 1 1 1
    258    1   18    3 1 1 1
    259    1   18    4 1 1 1
    260    1   18    5 1 1 1
    261    1   18    6 1 1 1
    262    1   18    7 1 1 1
    263    1   18    8 1 1 1
    264    1   18    9 1 1 1
    265    1   18   10 1 1 1
    266    1   18   11 1 1 1
    267    1   18   12 1 1 1
    268    1   18   13 1 1 1
    269    1   18   14 1 1 1
    270    1   18   15 1 1 1
    271    1   19    1 1 1 1
    272    1   19    2 1 1 1
    273    1   19    3 1 1 1
    274    1   19    4 1 1 1
    275    1   19    5 1 1 1
    276    1   19    6 1 1 1
    277    1   19    7 1 1 1
    278    1   19    8 1 1 1
    279    1   19    9 1 1 1
    280    1   19   10 1 1 1
    281    1   19   11 1 1 1
    282    1   19   12 1 1 1
    283    1   19   13 1 1 1
    284    1   19   14 1 1 1
    285    1   19   15 1 1 1
    286    1   20    1 1 1 1
    287    1   20    2 1 1 1
    288    1   20    3 1 1 1
    289    1   20    4 1 1 1
    290    1   20    5 1 1 1
    291    1   20    6 1 1 1
    292    1   20    7 1 1 1
    293    1   20    8 1 1 1
    294    1   20    9 1 1 1
    295    1   20   10 1 1 1
    296    1   20   11 1 1 1
    297    1   20   12 1 1 1
    298    1   20   13 1 1 1
    299    1   20   14 1 1 1
    300    1   20   15 1 1 1
    301    1   21    1 1 1 1
    302    1   21    2 1 1 1
    303    1   21    3 1 1 1
    304    1   21    4 1 1 1
    305    1   21    5 1 1 1
    306    1   21    6 1 1 1
    307    1   21    7 1 1 1
    308    1   21    8 1 1 1
    309    1   21    9 1 1 1
    310    1   21   10 1 1 1
    311    1   21   11 1 1 1
    312    1   21   12 1 1 1
    313    1   21   13 1 1 1
    314    1   21   14 1 1 1
    315    1   21   15 1 1 1
    316    1   22    1 1 1 1
    317    1   22    2 1 1 1
    318    1   22    3 1 1 1
    319    1   22    4 1 1 1
    320    1   22    5 1 1 1
    321    1   22    6 1 1 1
    322    1   22    7 1 1 1
    323    1   22    8 1 1 1
    324    1   22    9 1 1 1
    325    1   22   10 1 1 1
    326    1   22   11 1 1 1
    327    1   22   12 1 1 1
    328    1   22   13 1 1 1
    329    1   22   14 1 1 1
    330    1   22   15 1 1 1
    331    1   23    1 1 1 1
    332    1   23    2 1 1 1
    333    1   23    3 1 1 1
    334    1   23    4 1 1 1
    335    1   23    5 1 1 1
    336    1   23    6 1 1 1
    337    1   23    7 1 1 1
    338    1   23    8 1 1 1
    339    1   23    9 1 1 1
    340    1   23   10 1 1 1
    341    1   23   11 1 1 1
    342    1   23   12 1 1 1
    343    1   23   13 1 1 1
    344    1   23   14 1 1 1
    345    1   23   15 1 1 1
    346    1   24    1 1 1 1
    347    1   24    2 1 1 1
    348    1   24    3 1 1 1
    349    1   24    4 1 1 1
    350    1   24    5 1 1 1
    351    1   24    6 1 1 1
    352    1   24    7 1 1 1
    353    1   24    8 1 1 1
    354    1   24    9 1 1 1
    355    1   24   10 1 1 1
    356    1   24   11 1 1 1
    357    1   24   12 1 1 1
    358    1   24   13 1 1 1
    359    1   24   14 1 1 1
    360    1   24   15 1 1 1
    361    1   25    1 1 1 1
    362    1   25    2 1 1 1
    363    1   25    3 1 1 1
    364    1   25    4 1 1 1
    365    1   25    5 1 1 1
    366    1   25    6 1 1 1
    367    1   25    7 1 1 1
    368    1   25    8 1 1 1
    369    1   25    9 1 1 1
    370    1   25   10 1 1 1
    371    1   25   11 1 1 1
    372    1   25   12 1 1 1
    373    1   25   13 1 1 1
    374    1   25   14 1 1 1
    375    1   25   15 1 1 1
    376    1   26    1 1 1 1
    377    1   26    2 1 1 1
    378    1   26    3 1 1 1
    379    1   26    4 1 1 1
    380    1   26    5 1 1 1
    381    1   26    6 1 1 1
    382    1   26    7 1 1 1
    383    1   26    8 1 1 1
    384    1   26    9 1 1 1
    385    1   26   10 1 1 1
    386    1   26   11 1 1 1
    387    1   26   12 1 1 1
    388    1   26   13 1 1 1
    389    1   26   14 1 1 1
    390    1   26   15 1 1 1
    391    1   27    1 1 1 1
    392    1   27    2 1 1 1
    393    1   27    3 1 1 1
    394    1   27    4 1 1 1
    395    1   27    5 1 1 1
    396    1   27    6 1 1 1
    397    1   27    7 1 1 1
    398    1   27    8 1 1 1
    399    1   27    9 1 1 1
    400    1   27   10 1 1 1
    401    1   27   11 1 1 1
    402    1   27   12 1 1 1
    403    1   27   13 1 1 1
    404    1   27   14 1 1 1
    405    1   27   15 1 1 1
