 >REASHP: option FROM_FILE
      3360 = NAT
  1.000000  0.000000  0.000000 = A_1 vector
  0.000000  1.000000  0.000000 = A_2 vector
  1.000000  1.000000  1.000000 = lattice spacings (d_x,d_y,d_z)/d
  -0.05975  -0.06970  -0.09565 = lattice offset x0(1-3) = (x_TF,y_TF,z_TF)/d for dipole 0 0 0
     JA  IX  IY  IZ ICOMP(x,y,z)
      1    1    1    1 1 1 1
      2    1    1    2 1 1 1
      3    1    1    3 1 1 1
      4    1    1    4 1 1 1
      5    1    1    5 1 1 1
      6    1    1    6 1 1 1
      7    1    1    7 1 1 1
      8    1    1    8 1 1 1
      9    1    1    9 1 1 1
     10    1    1   10 1 1 1
     11    1    1   11 1 1 1
     12    1    1   12 1 1 1
     13    1    1   13 1 1 1
     14    1    1   14 1 1 1
     15    1    1   15 1 1 1
     16    1    1   16 1 1 1
     17    1    1   17 1 1 1
     18    1    1   18 1 1 1
     19    1    1   19 1 1 1
     20    1    1   20 1 1 1
     21    1    2    1 1 1 1
     22    1    2    2 1 1 1
     23    1    2    3 1 1 1
     24    1    2    4 1 1 1
     25    1    2    5 1 1 1
     26    1    2    6 1 1 1
     27    1    2    7 1 1 1
     28    1    2    8 1 1 1
     29    1    2    9 1 1 1
     30    1    2   10 1 1 1
     31    1    2   11 1 1 1
     32    1    2   12 1 1 1
     33    1    2   13 1 1 1
     34    1    2   14 1 1 1
     35    1    2   15 1 1 1
     36    1    2   16 1 1 1
     37    1    2   17 1 1 1
     38    1    2   18 1 1 1
     39    1    2   19 1 1 1
     40    1    2   20 1 1 1
     41    1    3    1 1 1 1
     42    1    3    2 1 1 1
     43    1    3    3 1 1 1
     44    1    3    4 1 1 1
     45    1    3    5 1 1 1
     46    1    3    6 1 1 1
     47    1    3    7 1 1 1
     48    1    3    8 1 1 1
     49    1    3    9 1 1 1
     50    1    3   10 1 1 1
     51    1    3   11 1 1 1
     52    1    3   12 1 1 1
     53    1    3   13 1 1 1
     54    1    3   14 1 1 1
     55    1    3   15 1 1 1
     56    1    3   16 1 1 1
     57    1    3   17 1 1 1
     58    1    3   18 1 1 1
     59    1    3   19 1 1 1
     60    1    3   20 1 1 1
     61    1    4    1 1 1 1
     62    1    4    2 1 1 1
     63    1    4    3 1 1 1
     64    1    4    4 1 1 1
     65    1    4    5 1 1 1
     66    1    4    6 1 1 1
     67    1    4    7 1 1 1
     68    1    4    8 1 1 1
     69    1    4    9 1 1 1
     70    1    4   10 1 1 1
     71    1    4   11 1 1 1
     72    1    4   12 1 1 1
     73    1    4   13 1 1 1
     74    1    4   14 1 1 1
     75    1    4   15 1 1 1
     76    1    4   16 1 1 1
     77    1    4   17 1 1 1
     78    1    4   18 1 1 1
     79    1    4   19 1 1 1
     80    1    4   20 1 1 1
     81    1    5    1 1 1 1
     82    1    5    2 1 1 1
     83    1    5    3 1 1 1
     84    1    5    4 1 1 1
     85    1    5    5 1 1 1
     86    1    5    6 1 1 1
     87    1    5    7 1 1 1
     88    1    5    8 1 1 1
     89    1    5    9 1 1 1
     90    1    5   10 1 1 1
     91    1    5   11 1 1 1
     92    1    5   12 1 1 1
     93    1    5   13 1 1 1
     94    1    5   14 1 1 1
     95    1    5   15 1 1 1
     96    1    5   16 1 1 1
     97    1    5   17 1 1 1
     98    1    5   18 1 1 1
     99    1    5   19 1 1 1
    100    1    5   20 1 1 1
    101    1    6    1 1 1 1
    102    1    6    2 1 1 1
    103    1    6    3 1 1 1
    104    1    6    4 1 1 1
    105    1    6    5 1 1 1
    106    1    6    6 1 1 1
    107    1    6    7 1 1 1
    108    1    6    8 1 1 1
    109    1    6    9 1 1 1
    110    1    6   10 1 1 1
    111    1    6   11 1 1 1
    112    1    6   12 1 1 1
    113    1    6   13 1 1 1
    114    1    6   14 1 1 1
    115    1    6   15 1 1 1
    116    1    6   16 1 1 1
    117    1    6   17 1 1 1
    118    1    6   18 1 1 1
    119    1    6   19 1 1 1
    120    1    6   20 1 1 1
    121    1    7    1 1 1 1
    122    1    7    2 1 1 1
    123    1    7    3 1 1 1
    124    1    7    4 1 1 1
    125    1    7    5 1 1 1
    126    1    7    6 1 1 1
    127    1    7    7 1 1 1
    128    1    7    8 1 1 1
    129    1    7    9 1 1 1
    130    1    7   10 1 1 1
    131    1    7   11 1 1 1
    132    1    7   12 1 1 1
    133    1    7   13 1 1 1
    134    1    7   14 1 1 1
    135    1    7   15 1 1 1
    136    1    7   16 1 1 1
    137    1    7   17 1 1 1
    138    1    7   18 1 1 1
    139    1    7   19 1 1 1
    140    1    7   20 1 1 1
    141    1    8    1 1 1 1
    142    1    8    2 1 1 1
    143    1    8    3 1 1 1
    144    1    8    4 1 1 1
    145    1    8    5 1 1 1
    146    1    8    6 1 1 1
    147    1    8    7 1 1 1
    148    1    8    8 1 1 1
    149    1    8    9 1 1 1
    150    1    8   10 1 1 1
    151    1    8   11 1 1 1
    152    1    8   12 1 1 1
    153    1    8   13 1 1 1
    154    1    8   14 1 1 1
    155    1    8   15 1 1 1
    156    1    8   16 1 1 1
    157    1    8   17 1 1 1
    158    1    8   18 1 1 1
    159    1    8   19 1 1 1
    160    1    8   20 1 1 1
    161    1    9    1 1 1 1
    162    1    9    2 1 1 1
    163    1    9    3 1 1 1
    164    1    9    4 1 1 1
    165    1    9    5 1 1 1
    166    1    9    6 1 1 1
    167    1    9    7 1 1 1
    168    1    9    8 1 1 1
    169    1    9    9 1 1 1
    170    1    9   10 1 1 1
    171    1    9   11 1 1 1
    172    1    9   12 1 1 1
    173    1    9   13 1 1 1
    174    1    9   14 1 1 1
    175    1    9   15 1 1 1
    176    1    9   16 1 1 1
    177    1    9   17 1 1 1
    178    1    9   18 1 1 1
    179    1    9   19 1 1 1
    180    1    9   20 1 1 1
    181    1   10    1 1 1 1
    182    1   10    2 1 1 1
    183    1   10    3 1 1 1
    184    1   10    4 1 1 1
    185    1   10    5 1 1 1
    186    1   10    6 1 1 1
    187    1   10    7 1 1 1
    188    1   10    8 1 1 1
    189    1   10    9 1 1 1
    190    1   10   10 1 1 1
    191    1   10   11 1 1 1
    192    1   10   12 1 1 1
    193    1   10   13 1 1 1
    194    1   10   14 1 1 1
    195    1   10   15 1 1 1
    196    1   10   16 1 1 1
    197    1   10   17 1 1 1
    198    1   10   18 1 1 1
    199    1   10   19 1 1 1
    200    1   10   20 1 1 1
    201    1   11    1 1 1 1
    202    1   11    2 1 1 1
    203    1   11    3 1 1 1
    204    1   11    4 1 1 1
    205    1   11    5 1 1 1
    206    1   11    6 1 1 1
    207    1   11    7 1 1 1
    208    1   11    8 1 1 1
    209    1   11    9 1 1 1
    210    1   11   10 1 1 1
    211    1   11   11 1 1 1
    212    1   11   12 1 1 1
    213    1   11   13 1 1 1
    214    1   11   14 1 1 1
    215    1   11   15 1 1 1
    216    1   11   16 1 1 1
    217    1   11   17 1 1 1
    218    1   11   18 1 1 1
    219    1   11   19 1 1 1
    220    1   11   20 1 1 1
    221    1   12    1 1 1 1
    222    1   12    2 1 1 1
    223    1   12    3 1 1 1
    224    1   12    4 1 1 1
    225    1   12    5 1 1 1
    226    1   12    6 1 1 1
    227    1   12    7 1 1 1
    228    1   12    8 1 1 1
    229    1   12    9 1 1 1
    230    1   12   10 1 1 1
    231    1   12   11 1 1 1
    232    1   12   12 1 1 1
    233    1   12   13 1 1 1
    234    1   12   14 1 1 1
    235    1   12   15 1 1 1
    236    1   12   16 1 1 1
    237    1   12   17 1 1 1
    238    1   12   18 1 1 1
    239    1   12   19 1 1 1
    240    1   12   20 1 1 1
    241    1   13    1 1 1 1
    242    1   13    2 1 1 1
    243    1   13    3 1 1 1
    244    1   13    4 1 1 1
    245    1   13    5 1 1 1
    246    1   13    6 1 1 1
    247    1   13    7 1 1 1
    248    1   13    8 1 1 1
    249    1   13    9 1 1 1
    250    1   13   10 1 1 1
    251    1   13   11 1 1 1
    252    1   13   12 1 1 1
    253    1   13   13 1 1 1
    254    1   13   14 1 1 1
    255    1   13   15 1 1 1
    256    1   13   16 1 1 1
    257    1   13   17 1 1 1
    258    1   13   18 1 1 1
    259    1   13   19 1 1 1
    260    1   13   20 1 1 1
    261    1   14    1 1 1 1
    262    1   14    2 1 1 1
    263    1   14    3 1 1 1
    264    1   14    4 1 1 1
    265    1   14    5 1 1 1
    266    1   14    6 1 1 1
    267    1   14    7 1 1 1
    268    1   14    8 1 1 1
    269    1   14    9 1 1 1
    270    1   14   10 1 1 1
    271    1   14   11 1 1 1
    272    1   14   12 1 1 1
    273    1   14   13 1 1 1
    274    1   14   14 1 1 1
    275    1   14   15 1 1 1
    276    1   14   16 1 1 1
    277    1   14   17 1 1 1
    278    1   14   18 1 1 1
    279    1   14   19 1 1 1
    280    1   14   20 1 1 1
    281    2    1    1 1 1 1
    282    2    1    2 1 1 1
    283    2    1    3 1 1 1
    284    2    1    4 1 1 1
    285    2    1    5 1 1 1
    286    2    1    6 1 1 1
    287    2    1    7 1 1 1
    288    2    1    8 1 1 1
    289    2    1    9 1 1 1
    290    2    1   10 1 1 1
    291    2    1   11 1 1 1
    292    2    1   12 1 1 1
    293    2    1   13 1 1 1
    294    2    1   14 1 1 1
    295    2    1   15 1 1 1
    296    2    1   16 1 1 1
    297    2    1   17 1 1 1
    298    2    1   18 1 1 1
    299    2    1   19 1 1 1
    300    2    1   20 1 1 1
    301    2    2    1 1 1 1
    302    2    2    2 1 1 1
    303    2    2    3 1 1 1
    304    2    2    4 1 1 1
    305    2    2    5 1 1 1
    306    2    2    6 1 1 1
    307    2    2    7 1 1 1
    308    2    2    8 1 1 1
    309    2    2    9 1 1 1
    310    2    2   10 1 1 1
    311    2    2   11 1 1 1
    312    2    2   12 1 1 1
    313    2    2   13 1 1 1
    314    2    2   14 1 1 1
    315    2    2   15 1 1 1
    316    2    2   16 1 1 1
    317    2    2   17 1 1 1
    318    2    2   18 1 1 1
    319    2    2   19 1 1 1
    320    2    2   20 1 1 1
    321    2    3    1 1 1 1
    322    2    3    2 1 1 1
    323    2    3    3 1 1 1
    324    2    3    4 1 1 1
    325    2    3    5 1 1 1
    326    2    3    6 1 1 1
    327    2    3    7 1 1 1
    328    2    3    8 1 1 1
    329    2    3    9 1 1 1
    330    2    3   10 1 1 1
    331    2    3   11 1 1 1
    332    2    3   12 1 1 1
    333    2    3   13 1 1 1
    334    2    3   14 1 1 1
    335    2    3   15 1 1 1
    336    2    3   16 1 1 1
    337    2    3   17 1 1 1
    338    2    3   18 1 1 1
    339    2    3   19 1 1 1
    340    2    3   20 1 1 1
    341    2    4    1 1 1 1
    342    2    4    2 1 1 1
    343    2    4    3 1 1 1
    344    2    4    4 1 1 1
    345    2    4    5 1 1 1
    346    2    4    6 1 1 1
    347    2    4    7 1 1 1
    348    2    4    8 1 1 1
    349    2    4    9 1 1 1
    350    2    4   10 1 1 1
    351    2    4   11 1 1 1
    352    2    4   12 1 1 1
    353    2    4   13 1 1 1
    354    2    4   14 1 1 1
    355    2    4   15 1 1 1
    356    2    4   16 1 1 1
    357    2    4   17 1 1 1
    358    2    4   18 1 1 1
    359    2    4   19 1 1 1
    360    2    4   20 1 1 1
    361    2    5    1 1 1 1
    362    2    5    2 1 1 1
    363    2    5    3 1 1 1
    364    2    5    4 1 1 1
    365    2    5    5 1 1 1
    366    2    5    6 1 1 1
    367    2    5    7 1 1 1
    368    2    5    8 1 1 1
    369    2    5    9 1 1 1
    370    2    5   10 1 1 1
    371    2    5   11 1 1 1
    372    2    5   12 1 1 1
    373    2    5   13 1 1 1
    374    2    5   14 1 1 1
    375    2    5   15 1 1 1
    376    2    5   16 1 1 1
    377    2    5   17 1 1 1
    378    2    5   18 1 1 1
    379    2    5   19 1 1 1
    380    2    5   20 1 1 1
    381    2    6    1 1 1 1
    382    2    6    2 1 1 1
    383    2    6    3 1 1 1
    384    2    6    4 1 1 1
    385    2    6    5 1 1 1
    386    2    6    6 1 1 1
    387    2    6    7 1 1 1
    388    2    6    8 1 1 1
    389    2    6    9 1 1 1
    390    2    6   10 1 1 1
    391    2    6   11 1 1 1
    392    2    6   12 1 1 1
    393    2    6   13 1 1 1
    394    2    6   14 1 1 1
    395    2    6   15 1 1 1
    396    2    6   16 1 1 1
    397    2    6   17 1 1 1
    398    2    6   18 1 1 1
    399    2    6   19 1 1 1
    400    2    6   20 1 1 1
    401    2    7    1 1 1 1
    402    2    7    2 1 1 1
    403    2    7    3 1 1 1
    404    2    7    4 1 1 1
    405    2    7    5 1 1 1
    406    2    7    6 1 1 1
    407    2    7    7 1 1 1
    408    2    7    8 1 1 1
    409    2    7    9 1 1 1
    410    2    7   10 1 1 1
    411    2    7   11 1 1 1
    412    2    7   12 1 1 1
    413    2    7   13 1 1 1
    414    2    7   14 1 1 1
    415    2    7   15 1 1 1
    416    2    7   16 1 1 1
    417    2    7   17 1 1 1
    418    2    7   18 1 1 1
    419    2    7   19 1 1 1
    420    2    7   20 1 1 1
    421    2    8    1 1 1 1
    422    2    8    2 1 1 1
    423    2    8    3 1 1 1
    424    2    8    4 1 1 1
    425    2    8    5 1 1 1
    426    2    8    6 1 1 1
    427    2    8    7 1 1 1
    428    2    8    8 1 1 1
    429    2    8    9 1 1 1
    430    2    8   10 1 1 1
    431    2    8   11 1 1 1
    432    2    8   12 1 1 1
    433    2    8   13 1 1 1
    434    2    8   14 1 1 1
    435    2    8   15 1 1 1
    436    2    8   16 1 1 1
    437    2    8   17 1 1 1
    438    2    8   18 1 1 1
    439    2    8   19 1 1 1
    440    2    8   20 1 1 1
    441    2    9    1 1 1 1
    442    2    9    2 1 1 1
    443    2    9    3 1 1 1
    444    2    9    4 1 1 1
    445    2    9    5 1 1 1
    446    2    9    6 1 1 1
    447    2    9    7 1 1 1
    448    2    9    8 1 1 1
    449    2    9    9 1 1 1
    450    2    9   10 1 1 1
    451    2    9   11 1 1 1
    452    2    9   12 1 1 1
    453    2    9   13 1 1 1
    454    2    9   14 1 1 1
    455    2    9   15 1 1 1
    456    2    9   16 1 1 1
    457    2    9   17 1 1 1
    458    2    9   18 1 1 1
    459    2    9   19 1 1 1
    460    2    9   20 1 1 1
    461    2   10    1 1 1 1
    462    2   10    2 1 1 1
    463    2   10    3 1 1 1
    464    2   10    4 1 1 1
    465    2   10    5 1 1 1
    466    2   10    6 1 1 1
    467    2   10    7 1 1 1
    468    2   10    8 1 1 1
    469    2   10    9 1 1 1
    470    2   10   10 1 1 1
    471    2   10   11 1 1 1
    472    2   10   12 1 1 1
    473    2   10   13 1 1 1
    474    2   10   14 1 1 1
    475    2   10   15 1 1 1
    476    2   10   16 1 1 1
    477    2   10   17 1 1 1
    478    2   10   18 1 1 1
    479    2   10   19 1 1 1
    480    2   10   20 1 1 1
    481    2   11    1 1 1 1
    482    2   11    2 1 1 1
    483    2   11    3 1 1 1
    484    2   11    4 1 1 1
    485    2   11    5 1 1 1
    486    2   11    6 1 1 1
    487    2   11    7 1 1 1
    488    2   11    8 1 1 1
    489    2   11    9 1 1 1
    490    2   11   10 1 1 1
    491    2   11   11 1 1 1
    492    2   11   12 1 1 1
    493    2   11   13 1 1 1
    494    2   11   14 1 1 1
    495    2   11   15 1 1 1
    496    2   11   16 1 1 1
    497    2   11   17 1 1 1
    498    2   11   18 1 1 1
    499    2   11   19 1 1 1
    500    2   11   20 1 1 1
    501    2   12    1 1 1 1
    502    2   12    2 1 1 1
    503    2   12    3 1 1 1
    504    2   12    4 1 1 1
    505    2   12    5 1 1 1
    506    2   12    6 1 1 1
    507    2   12    7 1 1 1
    508    2   12    8 1 1 1
    509    2   12    9 1 1 1
    510    2   12   10 1 1 1
    511    2   12   11 1 1 1
    512    2   12   12 1 1 1
    513    2   12   13 1 1 1
    514    2   12   14 1 1 1
    515    2   12   15 1 1 1
    516    2   12   16 1 1 1
    517    2   12   17 1 1 1
    518    2   12   18 1 1 1
    519    2   12   19 1 1 1
    520    2   12   20 1 1 1
    521    2   13    1 1 1 1
    522    2   13    2 1 1 1
    523    2   13    3 1 1 1
    524    2   13    4 1 1 1
    525    2   13    5 1 1 1
    526    2   13    6 1 1 1
    527    2   13    7 1 1 1
    528    2   13    8 1 1 1
    529    2   13    9 1 1 1
    530    2   13   10 1 1 1
    531    2   13   11 1 1 1
    532    2   13   12 1 1 1
    533    2   13   13 1 1 1
    534    2   13   14 1 1 1
    535    2   13   15 1 1 1
    536    2   13   16 1 1 1
    537    2   13   17 1 1 1
    538    2   13   18 1 1 1
    539    2   13   19 1 1 1
    540    2   13   20 1 1 1
    541    2   14    1 1 1 1
    542    2   14    2 1 1 1
    543    2   14    3 1 1 1
    544    2   14    4 1 1 1
    545    2   14    5 1 1 1
    546    2   14    6 1 1 1
    547    2   14    7 1 1 1
    548    2   14    8 1 1 1
    549    2   14    9 1 1 1
    550    2   14   10 1 1 1
    551    2   14   11 1 1 1
    552    2   14   12 1 1 1
    553    2   14   13 1 1 1
    554    2   14   14 1 1 1
    555    2   14   15 1 1 1
    556    2   14   16 1 1 1
    557    2   14   17 1 1 1
    558    2   14   18 1 1 1
    559    2   14   19 1 1 1
    560    2   14   20 1 1 1
    561    3    1    1 1 1 1
    562    3    1    2 1 1 1
    563    3    1    3 1 1 1
    564    3    1    4 1 1 1
    565    3    1    5 1 1 1
    566    3    1    6 1 1 1
    567    3    1    7 1 1 1
    568    3    1    8 1 1 1
    569    3    1    9 1 1 1
    570    3    1   10 1 1 1
    571    3    1   11 1 1 1
    572    3    1   12 1 1 1
    573    3    1   13 1 1 1
    574    3    1   14 1 1 1
    575    3    1   15 1 1 1
    576    3    1   16 1 1 1
    577    3    1   17 1 1 1
    578    3    1   18 1 1 1
    579    3    1   19 1 1 1
    580    3    1   20 1 1 1
    581    3    2    1 1 1 1
    582    3    2    2 1 1 1
    583    3    2    3 1 1 1
    584    3    2    4 1 1 1
    585    3    2    5 1 1 1
    586    3    2    6 1 1 1
    587    3    2    7 1 1 1
    588    3    2    8 1 1 1
    589    3    2    9 1 1 1
    590    3    2   10 1 1 1
    591    3    2   11 1 1 1
    592    3    2   12 1 1 1
    593    3    2   13 1 1 1
    594    3    2   14 1 1 1
    595    3    2   15 1 1 1
    596    3    2   16 1 1 1
    597    3    2   17 1 1 1
    598    3    2   18 1 1 1
    599    3    2   19 1 1 1
    600    3    2   20 1 1 1
    601    3    3    1 1 1 1
    602    3    3    2 1 1 1
    603    3    3    3 1 1 1
    604    3    3    4 1 1 1
    605    3    3    5 1 1 1
    606    3    3    6 1 1 1
    607    3    3    7 1 1 1
    608    3    3    8 1 1 1
    609    3    3    9 1 1 1
    610    3    3   10 1 1 1
    611    3    3   11 1 1 1
    612    3    3   12 1 1 1
    613    3    3   13 1 1 1
    614    3    3   14 1 1 1
    615    3    3   15 1 1 1
    616    3    3   16 1 1 1
    617    3    3   17 1 1 1
    618    3    3   18 1 1 1
    619    3    3   19 1 1 1
    620    3    3   20 1 1 1
    621    3    4    1 1 1 1
    622    3    4    2 1 1 1
    623    3    4    3 1 1 1
    624    3    4    4 1 1 1
    625    3    4    5 1 1 1
    626    3    4    6 1 1 1
    627    3    4    7 1 1 1
    628    3    4    8 1 1 1
    629    3    4    9 1 1 1
    630    3    4   10 1 1 1
    631    3    4   11 1 1 1
    632    3    4   12 1 1 1
    633    3    4   13 1 1 1
    634    3    4   14 1 1 1
    635    3    4   15 1 1 1
    636    3    4   16 1 1 1
    637    3    4   17 1 1 1
    638    3    4   18 1 1 1
    639    3    4   19 1 1 1
    640    3    4   20 1 1 1
    641    3    5    1 1 1 1
    642    3    5    2 1 1 1
    643    3    5    3 1 1 1
    644    3    5    4 1 1 1
    645    3    5    5 1 1 1
    646    3    5    6 1 1 1
    647    3    5    7 1 1 1
    648    3    5    8 1 1 1
    649    3    5    9 1 1 1
    650    3    5   10 1 1 1
    651    3    5   11 1 1 1
    652    3    5   12 1 1 1
    653    3    5   13 1 1 1
    654    3    5   14 1 1 1
    655    3    5   15 1 1 1
    656    3    5   16 1 1 1
    657    3    5   17 1 1 1
    658    3    5   18 1 1 1
    659    3    5   19 1 1 1
    660    3    5   20 1 1 1
    661    3    6    1 1 1 1
    662    3    6    2 1 1 1
    663    3    6    3 1 1 1
    664    3    6    4 1 1 1
    665    3    6    5 1 1 1
    666    3    6    6 1 1 1
    667    3    6    7 1 1 1
    668    3    6    8 1 1 1
    669    3    6    9 1 1 1
    670    3    6   10 1 1 1
    671    3    6   11 1 1 1
    672    3    6   12 1 1 1
    673    3    6   13 1 1 1
    674    3    6   14 1 1 1
    675    3    6   15 1 1 1
    676    3    6   16 1 1 1
    677    3    6   17 1 1 1
    678    3    6   18 1 1 1
    679    3    6   19 1 1 1
    680    3    6   20 1 1 1
    681    3    7    1 1 1 1
    682    3    7    2 1 1 1
    683    3    7    3 1 1 1
    684    3    7    4 1 1 1
    685    3    7    5 1 1 1
    686    3    7    6 1 1 1
    687    3    7    7 1 1 1
    688    3    7    8 1 1 1
    689    3    7    9 1 1 1
    690    3    7   10 1 1 1
    691    3    7   11 1 1 1
    692    3    7   12 1 1 1
    693    3    7   13 1 1 1
    694    3    7   14 1 1 1
    695    3    7   15 1 1 1
    696    3    7   16 1 1 1
    697    3    7   17 1 1 1
    698    3    7   18 1 1 1
    699    3    7   19 1 1 1
    700    3    7   20 1 1 1
    701    3    8    1 1 1 1
    702    3    8    2 1 1 1
    703    3    8    3 1 1 1
    704    3    8    4 1 1 1
    705    3    8    5 1 1 1
    706    3    8    6 1 1 1
    707    3    8    7 1 1 1
    708    3    8    8 1 1 1
    709    3    8    9 1 1 1
    710    3    8   10 1 1 1
    711    3    8   11 1 1 1
    712    3    8   12 1 1 1
    713    3    8   13 1 1 1
    714    3    8   14 1 1 1
    715    3    8   15 1 1 1
    716    3    8   16 1 1 1
    717    3    8   17 1 1 1
    718    3    8   18 1 1 1
    719    3    8   19 1 1 1
    720    3    8   20 1 1 1
    721    3    9    1 1 1 1
    722    3    9    2 1 1 1
    723    3    9    3 1 1 1
    724    3    9    4 1 1 1
    725    3    9    5 1 1 1
    726    3    9    6 1 1 1
    727    3    9    7 1 1 1
    728    3    9    8 1 1 1
    729    3    9    9 1 1 1
    730    3    9   10 1 1 1
    731    3    9   11 1 1 1
    732    3    9   12 1 1 1
    733    3    9   13 1 1 1
    734    3    9   14 1 1 1
    735    3    9   15 1 1 1
    736    3    9   16 1 1 1
    737    3    9   17 1 1 1
    738    3    9   18 1 1 1
    739    3    9   19 1 1 1
    740    3    9   20 1 1 1
    741    3   10    1 1 1 1
    742    3   10    2 1 1 1
    743    3   10    3 1 1 1
    744    3   10    4 1 1 1
    745    3   10    5 1 1 1
    746    3   10    6 1 1 1
    747    3   10    7 1 1 1
    748    3   10    8 1 1 1
    749    3   10    9 1 1 1
    750    3   10   10 1 1 1
    751    3   10   11 1 1 1
    752    3   10   12 1 1 1
    753    3   10   13 1 1 1
    754    3   10   14 1 1 1
    755    3   10   15 1 1 1
    756    3   10   16 1 1 1
    757    3   10   17 1 1 1
    758    3   10   18 1 1 1
    759    3   10   19 1 1 1
    760    3   10   20 1 1 1
    761    3   11    1 1 1 1
    762    3   11    2 1 1 1
    763    3   11    3 1 1 1
    764    3   11    4 1 1 1
    765    3   11    5 1 1 1
    766    3   11    6 1 1 1
    767    3   11    7 1 1 1
    768    3   11    8 1 1 1
    769    3   11    9 1 1 1
    770    3   11   10 1 1 1
    771    3   11   11 1 1 1
    772    3   11   12 1 1 1
    773    3   11   13 1 1 1
    774    3   11   14 1 1 1
    775    3   11   15 1 1 1
    776    3   11   16 1 1 1
    777    3   11   17 1 1 1
    778    3   11   18 1 1 1
    779    3   11   19 1 1 1
    780    3   11   20 1 1 1
    781    3   12    1 1 1 1
    782    3   12    2 1 1 1
    783    3   12    3 1 1 1
    784    3   12    4 1 1 1
    785    3   12    5 1 1 1
    786    3   12    6 1 1 1
    787    3   12    7 1 1 1
    788    3   12    8 1 1 1
    789    3   12    9 1 1 1
    790    3   12   10 1 1 1
    791    3   12   11 1 1 1
    792    3   12   12 1 1 1
    793    3   12   13 1 1 1
    794    3   12   14 1 1 1
    795    3   12   15 1 1 1
    796    3   12   16 1 1 1
    797    3   12   17 1 1 1
    798    3   12   18 1 1 1
    799    3   12   19 1 1 1
    800    3   12   20 1 1 1
    801    3   13    1 1 1 1
    802    3   13    2 1 1 1
    803    3   13    3 1 1 1
    804    3   13    4 1 1 1
    805    3   13    5 1 1 1
    806    3   13    6 1 1 1
    807    3   13    7 1 1 1
    808    3   13    8 1 1 1
    809    3   13    9 1 1 1
    810    3   13   10 1 1 1
    811    3   13   11 1 1 1
    812    3   13   12 1 1 1
    813    3   13   13 1 1 1
    814    3   13   14 1 1 1
    815    3   13   15 1 1 1
    816    3   13   16 1 1 1
    817    3   13   17 1 1 1
    818    3   13   18 1 1 1
    819    3   13   19 1 1 1
    820    3   13   20 1 1 1
    821    3   14    1 1 1 1
    822    3   14    2 1 1 1
    823    3   14    3 1 1 1
    824    3   14    4 1 1 1
    825    3   14    5 1 1 1
    826    3   14    6 1 1 1
    827    3   14    7 1 1 1
    828    3   14    8 1 1 1
    829    3   14    9 1 1 1
    830    3   14   10 1 1 1
    831    3   14   11 1 1 1
    832    3   14   12 1 1 1
    833    3   14   13 1 1 1
    834    3   14   14 1 1 1
    835    3   14   15 1 1 1
    836    3   14   16 1 1 1
    837    3   14   17 1 1 1
    838    3   14   18 1 1 1
    839    3   14   19 1 1 1
    840    3   14   20 1 1 1
    841    4    1    1 1 1 1
    842    4    1    2 1 1 1
    843    4    1    3 1 1 1
    844    4    1    4 1 1 1
    845    4    1    5 1 1 1
    846    4    1    6 1 1 1
    847    4    1    7 1 1 1
    848    4    1    8 1 1 1
    849    4    1    9 1 1 1
    850    4    1   10 1 1 1
    851    4    1   11 1 1 1
    852    4    1   12 1 1 1
    853    4    1   13 1 1 1
    854    4    1   14 1 1 1
    855    4    1   15 1 1 1
    856    4    1   16 1 1 1
    857    4    1   17 1 1 1
    858    4    1   18 1 1 1
    859    4    1   19 1 1 1
    860    4    1   20 1 1 1
    861    4    2    1 1 1 1
    862    4    2    2 1 1 1
    863    4    2    3 1 1 1
    864    4    2    4 1 1 1
    865    4    2    5 1 1 1
    866    4    2    6 1 1 1
    867    4    2    7 1 1 1
    868    4    2    8 1 1 1
    869    4    2    9 1 1 1
    870    4    2   10 1 1 1
    871    4    2   11 1 1 1
    872    4    2   12 1 1 1
    873    4    2   13 1 1 1
    874    4    2   14 1 1 1
    875    4    2   15 1 1 1
    876    4    2   16 1 1 1
    877    4    2   17 1 1 1
    878    4    2   18 1 1 1
    879    4    2   19 1 1 1
    880    4    2   20 1 1 1
    881    4    3    1 1 1 1
    882    4    3    2 1 1 1
    883    4    3    3 1 1 1
    884    4    3    4 1 1 1
    885    4    3    5 1 1 1
    886    4    3    6 1 1 1
    887    4    3    7 1 1 1
    888    4    3    8 1 1 1
    889    4    3    9 1 1 1
    890    4    3   10 1 1 1
    891    4    3   11 1 1 1
    892    4    3   12 1 1 1
    893    4    3   13 1 1 1
    894    4    3   14 1 1 1
    895    4    3   15 1 1 1
    896    4    3   16 1 1 1
    897    4    3   17 1 1 1
    898    4    3   18 1 1 1
    899    4    3   19 1 1 1
    900    4    3   20 1 1 1
    901    4    4    1 1 1 1
    902    4    4    2 1 1 1
    903    4    4    3 1 1 1
    904    4    4    4 1 1 1
    905    4    4    5 1 1 1
    906    4    4    6 1 1 1
    907    4    4    7 1 1 1
    908    4    4    8 1 1 1
    909    4    4    9 1 1 1
    910    4    4   10 1 1 1
    911    4    4   11 1 1 1
    912    4    4   12 1 1 1
    913    4    4   13 1 1 1
    914    4    4   14 1 1 1
    915    4    4   15 1 1 1
    916    4    4   16 1 1 1
    917    4    4   17 1 1 1
    918    4    4   18 1 1 1
    919    4    4   19 1 1 1
    920    4    4   20 1 1 1
    921    4    5    1 1 1 1
    922    4    5    2 1 1 1
    923    4    5    3 1 1 1
    924    4    5    4 1 1 1
    925    4    5    5 1 1 1
    926    4    5    6 1 1 1
    927    4    5    7 1 1 1
    928    4    5    8 1 1 1
    929    4    5    9 1 1 1
    930    4    5   10 1 1 1
    931    4    5   11 1 1 1
    932    4    5   12 1 1 1
    933    4    5   13 1 1 1
    934    4    5   14 1 1 1
    935    4    5   15 1 1 1
    936    4    5   16 1 1 1
    937    4    5   17 1 1 1
    938    4    5   18 1 1 1
    939    4    5   19 1 1 1
    940    4    5   20 1 1 1
    941    4    6    1 1 1 1
    942    4    6    2 1 1 1
    943    4    6    3 1 1 1
    944    4    6    4 1 1 1
    945    4    6    5 1 1 1
    946    4    6    6 1 1 1
    947    4    6    7 1 1 1
    948    4    6    8 1 1 1
    949    4    6    9 1 1 1
    950    4    6   10 1 1 1
    951    4    6   11 1 1 1
    952    4    6   12 1 1 1
    953    4    6   13 1 1 1
    954    4    6   14 1 1 1
    955    4    6   15 1 1 1
    956    4    6   16 1 1 1
    957    4    6   17 1 1 1
    958    4    6   18 1 1 1
    959    4    6   19 1 1 1
    960    4    6   20 1 1 1
    961    4    7    1 1 1 1
    962    4    7    2 1 1 1
    963    4    7    3 1 1 1
    964    4    7    4 1 1 1
    965    4    7    5 1 1 1
    966    4    7    6 1 1 1
    967    4    7    7 1 1 1
    968    4    7    8 1 1 1
    969    4    7    9 1 1 1
    970    4    7   10 1 1 1
    971    4    7   11 1 1 1
    972    4    7   12 1 1 1
    973    4    7   13 1 1 1
    974    4    7   14 1 1 1
    975    4    7   15 1 1 1
    976    4    7   16 1 1 1
    977    4    7   17 1 1 1
    978    4    7   18 1 1 1
    979    4    7   19 1 1 1
    980    4    7   20 1 1 1
    981    4    8    1 1 1 1
    982    4    8    2 1 1 1
    983    4    8    3 1 1 1
    984    4    8    4 1 1 1
    985    4    8    5 1 1 1
    986    4    8    6 1 1 1
    987    4    8    7 1 1 1
    988    4    8    8 1 1 1
    989    4    8    9 1 1 1
    990    4    8   10 1 1 1
    991    4    8   11 1 1 1
    992    4    8   12 1 1 1
    993    4    8   13 1 1 1
    994    4    8   14 1 1 1
    995    4    8   15 1 1 1
    996    4    8   16 1 1 1
    997    4    8   17 1 1 1
    998    4    8   18 1 1 1
    999    4    8   19 1 1 1
   1000    4    8   20 1 1 1
   1001    4    9    1 1 1 1
   1002    4    9    2 1 1 1
   1003    4    9    3 1 1 1
   1004    4    9    4 1 1 1
   1005    4    9    5 1 1 1
   1006    4    9    6 1 1 1
   1007    4    9    7 1 1 1
   1008    4    9    8 1 1 1
   1009    4    9    9 1 1 1
   1010    4    9   10 1 1 1
   1011    4    9   11 1 1 1
   1012    4    9   12 1 1 1
   1013    4    9   13 1 1 1
   1014    4    9   14 1 1 1
   1015    4    9   15 1 1 1
   1016    4    9   16 1 1 1
   1017    4    9   17 1 1 1
   1018    4    9   18 1 1 1
   1019    4    9   19 1 1 1
   1020    4    9   20 1 1 1
   1021    4   10    1 1 1 1
   1022    4   10    2 1 1 1
   1023    4   10    3 1 1 1
   1024    4   10    4 1 1 1
   1025    4   10    5 1 1 1
   1026    4   10    6 1 1 1
   1027    4   10    7 1 1 1
   1028    4   10    8 1 1 1
   1029    4   10    9 1 1 1
   1030    4   10   10 1 1 1
   1031    4   10   11 1 1 1
   1032    4   10   12 1 1 1
   1033    4   10   13 1 1 1
   1034    4   10   14 1 1 1
   1035    4   10   15 1 1 1
   1036    4   10   16 1 1 1
   1037    4   10   17 1 1 1
   1038    4   10   18 1 1 1
   1039    4   10   19 1 1 1
   1040    4   10   20 1 1 1
   1041    4   11    1 1 1 1
   1042    4   11    2 1 1 1
   1043    4   11    3 1 1 1
   1044    4   11    4 1 1 1
   1045    4   11    5 1 1 1
   1046    4   11    6 1 1 1
   1047    4   11    7 1 1 1
   1048    4   11    8 1 1 1
   1049    4   11    9 1 1 1
   1050    4   11   10 1 1 1
   1051    4   11   11 1 1 1
   1052    4   11   12 1 1 1
   1053    4   11   13 1 1 1
   1054    4   11   14 1 1 1
   1055    4   11   15 1 1 1
   1056    4   11   16 1 1 1
   1057    4   11   17 1 1 1
   1058    4   11   18 1 1 1
   1059    4   11   19 1 1 1
   1060    4   11   20 1 1 1
   1061    4   12    1 1 1 1
   1062    4   12    2 1 1 1
   1063    4   12    3 1 1 1
   1064    4   12    4 1 1 1
   1065    4   12    5 1 1 1
   1066    4   12    6 1 1 1
   1067    4   12    7 1 1 1
   1068    4   12    8 1 1 1
   1069    4   12    9 1 1 1
   1070    4   12   10 1 1 1
   1071    4   12   11 1 1 1
   1072    4   12   12 1 1 1
   1073    4   12   13 1 1 1
   1074    4   12   14 1 1 1
   1075    4   12   15 1 1 1
   1076    4   12   16 1 1 1
   1077    4   12   17 1 1 1
   1078    4   12   18 1 1 1
   1079    4   12   19 1 1 1
   1080    4   12   20 1 1 1
   1081    4   13    1 1 1 1
   1082    4   13    2 1 1 1
   1083    4   13    3 1 1 1
   1084    4   13    4 1 1 1
   1085    4   13    5 1 1 1
   1086    4   13    6 1 1 1
   1087    4   13    7 1 1 1
   1088    4   13    8 1 1 1
   1089    4   13    9 1 1 1
   1090    4   13   10 1 1 1
   1091    4   13   11 1 1 1
   1092    4   13   12 1 1 1
   1093    4   13   13 1 1 1
   1094    4   13   14 1 1 1
   1095    4   13   15 1 1 1
   1096    4   13   16 1 1 1
   1097    4   13   17 1 1 1
   1098    4   13   18 1 1 1
   1099    4   13   19 1 1 1
   1100    4   13   20 1 1 1
   1101    4   14    1 1 1 1
   1102    4   14    2 1 1 1
   1103    4   14    3 1 1 1
   1104    4   14    4 1 1 1
   1105    4   14    5 1 1 1
   1106    4   14    6 1 1 1
   1107    4   14    7 1 1 1
   1108    4   14    8 1 1 1
   1109    4   14    9 1 1 1
   1110    4   14   10 1 1 1
   1111    4   14   11 1 1 1
   1112    4   14   12 1 1 1
   1113    4   14   13 1 1 1
   1114    4   14   14 1 1 1
   1115    4   14   15 1 1 1
   1116    4   14   16 1 1 1
   1117    4   14   17 1 1 1
   1118    4   14   18 1 1 1
   1119    4   14   19 1 1 1
   1120    4   14   20 1 1 1
   1121    5    1    1 1 1 1
   1122    5    1    2 1 1 1
   1123    5    1    3 1 1 1
   1124    5    1    4 1 1 1
   1125    5    1    5 1 1 1
   1126    5    1    6 1 1 1
   1127    5    1    7 1 1 1
   1128    5    1    8 1 1 1
   1129    5    1    9 1 1 1
   1130    5    1   10 1 1 1
   1131    5    1   11 1 1 1
   1132    5    1   12 1 1 1
   1133    5    1   13 1 1 1
   1134    5    1   14 1 1 1
   1135    5    1   15 1 1 1
   1136    5    1   16 1 1 1
   1137    5    1   17 1 1 1
   1138    5    1   18 1 1 1
   1139    5    1   19 1 1 1
   1140    5    1   20 1 1 1
   1141    5    2    1 1 1 1
   1142    5    2    2 1 1 1
   1143    5    2    3 1 1 1
   1144    5    2    4 1 1 1
   1145    5    2    5 1 1 1
   1146    5    2    6 1 1 1
   1147    5    2    7 1 1 1
   1148    5    2    8 1 1 1
   1149    5    2    9 1 1 1
   1150    5    2   10 1 1 1
   1151    5    2   11 1 1 1
   1152    5    2   12 1 1 1
   1153    5    2   13 1 1 1
   1154    5    2   14 1 1 1
   1155    5    2   15 1 1 1
   1156    5    2   16 1 1 1
   1157    5    2   17 1 1 1
   1158    5    2   18 1 1 1
   1159    5    2   19 1 1 1
   1160    5    2   20 1 1 1
   1161    5    3    1 1 1 1
   1162    5    3    2 1 1 1
   1163    5    3    3 1 1 1
   1164    5    3    4 1 1 1
   1165    5    3    5 1 1 1
   1166    5    3    6 1 1 1
   1167    5    3    7 1 1 1
   1168    5    3    8 1 1 1
   1169    5    3    9 1 1 1
   1170    5    3   10 1 1 1
   1171    5    3   11 1 1 1
   1172    5    3   12 1 1 1
   1173    5    3   13 1 1 1
   1174    5    3   14 1 1 1
   1175    5    3   15 1 1 1
   1176    5    3   16 1 1 1
   1177    5    3   17 1 1 1
   1178    5    3   18 1 1 1
   1179    5    3   19 1 1 1
   1180    5    3   20 1 1 1
   1181    5    4    1 1 1 1
   1182    5    4    2 1 1 1
   1183    5    4    3 1 1 1
   1184    5    4    4 1 1 1
   1185    5    4    5 1 1 1
   1186    5    4    6 1 1 1
   1187    5    4    7 1 1 1
   1188    5    4    8 1 1 1
   1189    5    4    9 1 1 1
   1190    5    4   10 1 1 1
   1191    5    4   11 1 1 1
   1192    5    4   12 1 1 1
   1193    5    4   13 1 1 1
   1194    5    4   14 1 1 1
   1195    5    4   15 1 1 1
   1196    5    4   16 1 1 1
   1197    5    4   17 1 1 1
   1198    5    4   18 1 1 1
   1199    5    4   19 1 1 1
   1200    5    4   20 1 1 1
   1201    5    5    1 1 1 1
   1202    5    5    2 1 1 1
   1203    5    5    3 1 1 1
   1204    5    5    4 1 1 1
   1205    5    5    5 1 1 1
   1206    5    5    6 1 1 1
   1207    5    5    7 1 1 1
   1208    5    5    8 1 1 1
   1209    5    5    9 1 1 1
   1210    5    5   10 1 1 1
   1211    5    5   11 1 1 1
   1212    5    5   12 1 1 1
   1213    5    5   13 1 1 1
   1214    5    5   14 1 1 1
   1215    5    5   15 1 1 1
   1216    5    5   16 1 1 1
   1217    5    5   17 1 1 1
   1218    5    5   18 1 1 1
   1219    5    5   19 1 1 1
   1220    5    5   20 1 1 1
   1221    5    6    1 1 1 1
   1222    5    6    2 1 1 1
   1223    5    6    3 1 1 1
   1224    5    6    4 1 1 1
   1225    5    6    5 1 1 1
   1226    5    6    6 1 1 1
   1227    5    6    7 1 1 1
   1228    5    6    8 1 1 1
   1229    5    6    9 1 1 1
   1230    5    6   10 1 1 1
   1231    5    6   11 1 1 1
   1232    5    6   12 1 1 1
   1233    5    6   13 1 1 1
   1234    5    6   14 1 1 1
   1235    5    6   15 1 1 1
   1236    5    6   16 1 1 1
   1237    5    6   17 1 1 1
   1238    5    6   18 1 1 1
   1239    5    6   19 1 1 1
   1240    5    6   20 1 1 1
   1241    5    7    1 1 1 1
   1242    5    7    2 1 1 1
   1243    5    7    3 1 1 1
   1244    5    7    4 1 1 1
   1245    5    7    5 1 1 1
   1246    5    7    6 1 1 1
   1247    5    7    7 1 1 1
   1248    5    7    8 1 1 1
   1249    5    7    9 1 1 1
   1250    5    7   10 1 1 1
   1251    5    7   11 1 1 1
   1252    5    7   12 1 1 1
   1253    5    7   13 1 1 1
   1254    5    7   14 1 1 1
   1255    5    7   15 1 1 1
   1256    5    7   16 1 1 1
   1257    5    7   17 1 1 1
   1258    5    7   18 1 1 1
   1259    5    7   19 1 1 1
   1260    5    7   20 1 1 1
   1261    5    8    1 1 1 1
   1262    5    8    2 1 1 1
   1263    5    8    3 1 1 1
   1264    5    8    4 1 1 1
   1265    5    8    5 1 1 1
   1266    5    8    6 1 1 1
   1267    5    8    7 1 1 1
   1268    5    8    8 1 1 1
   1269    5    8    9 1 1 1
   1270    5    8   10 1 1 1
   1271    5    8   11 1 1 1
   1272    5    8   12 1 1 1
   1273    5    8   13 1 1 1
   1274    5    8   14 1 1 1
   1275    5    8   15 1 1 1
   1276    5    8   16 1 1 1
   1277    5    8   17 1 1 1
   1278    5    8   18 1 1 1
   1279    5    8   19 1 1 1
   1280    5    8   20 1 1 1
   1281    5    9    1 1 1 1
   1282    5    9    2 1 1 1
   1283    5    9    3 1 1 1
   1284    5    9    4 1 1 1
   1285    5    9    5 1 1 1
   1286    5    9    6 1 1 1
   1287    5    9    7 1 1 1
   1288    5    9    8 1 1 1
   1289    5    9    9 1 1 1
   1290    5    9   10 1 1 1
   1291    5    9   11 1 1 1
   1292    5    9   12 1 1 1
   1293    5    9   13 1 1 1
   1294    5    9   14 1 1 1
   1295    5    9   15 1 1 1
   1296    5    9   16 1 1 1
   1297    5    9   17 1 1 1
   1298    5    9   18 1 1 1
   1299    5    9   19 1 1 1
   1300    5    9   20 1 1 1
   1301    5   10    1 1 1 1
   1302    5   10    2 1 1 1
   1303    5   10    3 1 1 1
   1304    5   10    4 1 1 1
   1305    5   10    5 1 1 1
   1306    5   10    6 1 1 1
   1307    5   10    7 1 1 1
   1308    5   10    8 1 1 1
   1309    5   10    9 1 1 1
   1310    5   10   10 1 1 1
   1311    5   10   11 1 1 1
   1312    5   10   12 1 1 1
   1313    5   10   13 1 1 1
   1314    5   10   14 1 1 1
   1315    5   10   15 1 1 1
   1316    5   10   16 1 1 1
   1317    5   10   17 1 1 1
   1318    5   10   18 1 1 1
   1319    5   10   19 1 1 1
   1320    5   10   20 1 1 1
   1321    5   11    1 1 1 1
   1322    5   11    2 1 1 1
   1323    5   11    3 1 1 1
   1324    5   11    4 1 1 1
   1325    5   11    5 1 1 1
   1326    5   11    6 1 1 1
   1327    5   11    7 1 1 1
   1328    5   11    8 1 1 1
   1329    5   11    9 1 1 1
   1330    5   11   10 1 1 1
   1331    5   11   11 1 1 1
   1332    5   11   12 1 1 1
   1333    5   11   13 1 1 1
   1334    5   11   14 1 1 1
   1335    5   11   15 1 1 1
   1336    5   11   16 1 1 1
   1337    5   11   17 1 1 1
   1338    5   11   18 1 1 1
   1339    5   11   19 1 1 1
   1340    5   11   20 1 1 1
   1341    5   12    1 1 1 1
   1342    5   12    2 1 1 1
   1343    5   12    3 1 1 1
   1344    5   12    4 1 1 1
   1345    5   12    5 1 1 1
   1346    5   12    6 1 1 1
   1347    5   12    7 1 1 1
   1348    5   12    8 1 1 1
   1349    5   12    9 1 1 1
   1350    5   12   10 1 1 1
   1351    5   12   11 1 1 1
   1352    5   12   12 1 1 1
   1353    5   12   13 1 1 1
   1354    5   12   14 1 1 1
   1355    5   12   15 1 1 1
   1356    5   12   16 1 1 1
   1357    5   12   17 1 1 1
   1358    5   12   18 1 1 1
   1359    5   12   19 1 1 1
   1360    5   12   20 1 1 1
   1361    5   13    1 1 1 1
   1362    5   13    2 1 1 1
   1363    5   13    3 1 1 1
   1364    5   13    4 1 1 1
   1365    5   13    5 1 1 1
   1366    5   13    6 1 1 1
   1367    5   13    7 1 1 1
   1368    5   13    8 1 1 1
   1369    5   13    9 1 1 1
   1370    5   13   10 1 1 1
   1371    5   13   11 1 1 1
   1372    5   13   12 1 1 1
   1373    5   13   13 1 1 1
   1374    5   13   14 1 1 1
   1375    5   13   15 1 1 1
   1376    5   13   16 1 1 1
   1377    5   13   17 1 1 1
   1378    5   13   18 1 1 1
   1379    5   13   19 1 1 1
   1380    5   13   20 1 1 1
   1381    5   14    1 1 1 1
   1382    5   14    2 1 1 1
   1383    5   14    3 1 1 1
   1384    5   14    4 1 1 1
   1385    5   14    5 1 1 1
   1386    5   14    6 1 1 1
   1387    5   14    7 1 1 1
   1388    5   14    8 1 1 1
   1389    5   14    9 1 1 1
   1390    5   14   10 1 1 1
   1391    5   14   11 1 1 1
   1392    5   14   12 1 1 1
   1393    5   14   13 1 1 1
   1394    5   14   14 1 1 1
   1395    5   14   15 1 1 1
   1396    5   14   16 1 1 1
   1397    5   14   17 1 1 1
   1398    5   14   18 1 1 1
   1399    5   14   19 1 1 1
   1400    5   14   20 1 1 1
   1401    6    1    1 1 1 1
   1402    6    1    2 1 1 1
   1403    6    1    3 1 1 1
   1404    6    1    4 1 1 1
   1405    6    1    5 1 1 1
   1406    6    1    6 1 1 1
   1407    6    1    7 1 1 1
   1408    6    1    8 1 1 1
   1409    6    1    9 1 1 1
   1410    6    1   10 1 1 1
   1411    6    1   11 1 1 1
   1412    6    1   12 1 1 1
   1413    6    1   13 1 1 1
   1414    6    1   14 1 1 1
   1415    6    1   15 1 1 1
   1416    6    1   16 1 1 1
   1417    6    1   17 1 1 1
   1418    6    1   18 1 1 1
   1419    6    1   19 1 1 1
   1420    6    1   20 1 1 1
   1421    6    2    1 1 1 1
   1422    6    2    2 1 1 1
   1423    6    2    3 1 1 1
   1424    6    2    4 1 1 1
   1425    6    2    5 1 1 1
   1426    6    2    6 1 1 1
   1427    6    2    7 1 1 1
   1428    6    2    8 1 1 1
   1429    6    2    9 1 1 1
   1430    6    2   10 1 1 1
   1431    6    2   11 1 1 1
   1432    6    2   12 1 1 1
   1433    6    2   13 1 1 1
   1434    6    2   14 1 1 1
   1435    6    2   15 1 1 1
   1436    6    2   16 1 1 1
   1437    6    2   17 1 1 1
   1438    6    2   18 1 1 1
   1439    6    2   19 1 1 1
   1440    6    2   20 1 1 1
   1441    6    3    1 1 1 1
   1442    6    3    2 1 1 1
   1443    6    3    3 1 1 1
   1444    6    3    4 1 1 1
   1445    6    3    5 1 1 1
   1446    6    3    6 1 1 1
   1447    6    3    7 1 1 1
   1448    6    3    8 1 1 1
   1449    6    3    9 1 1 1
   1450    6    3   10 1 1 1
   1451    6    3   11 1 1 1
   1452    6    3   12 1 1 1
   1453    6    3   13 1 1 1
   1454    6    3   14 1 1 1
   1455    6    3   15 1 1 1
   1456    6    3   16 1 1 1
   1457    6    3   17 1 1 1
   1458    6    3   18 1 1 1
   1459    6    3   19 1 1 1
   1460    6    3   20 1 1 1
   1461    6    4    1 1 1 1
   1462    6    4    2 1 1 1
   1463    6    4    3 1 1 1
   1464    6    4    4 1 1 1
   1465    6    4    5 1 1 1
   1466    6    4    6 1 1 1
   1467    6    4    7 1 1 1
   1468    6    4    8 1 1 1
   1469    6    4    9 1 1 1
   1470    6    4   10 1 1 1
   1471    6    4   11 1 1 1
   1472    6    4   12 1 1 1
   1473    6    4   13 1 1 1
   1474    6    4   14 1 1 1
   1475    6    4   15 1 1 1
   1476    6    4   16 1 1 1
   1477    6    4   17 1 1 1
   1478    6    4   18 1 1 1
   1479    6    4   19 1 1 1
   1480    6    4   20 1 1 1
   1481    6    5    1 1 1 1
   1482    6    5    2 1 1 1
   1483    6    5    3 1 1 1
   1484    6    5    4 1 1 1
   1485    6    5    5 1 1 1
   1486    6    5    6 1 1 1
   1487    6    5    7 1 1 1
   1488    6    5    8 1 1 1
   1489    6    5    9 1 1 1
   1490    6    5   10 1 1 1
   1491    6    5   11 1 1 1
   1492    6    5   12 1 1 1
   1493    6    5   13 1 1 1
   1494    6    5   14 1 1 1
   1495    6    5   15 1 1 1
   1496    6    5   16 1 1 1
   1497    6    5   17 1 1 1
   1498    6    5   18 1 1 1
   1499    6    5   19 1 1 1
   1500    6    5   20 1 1 1
   1501    6    6    1 1 1 1
   1502    6    6    2 1 1 1
   1503    6    6    3 1 1 1
   1504    6    6    4 1 1 1
   1505    6    6    5 1 1 1
   1506    6    6    6 1 1 1
   1507    6    6    7 1 1 1
   1508    6    6    8 1 1 1
   1509    6    6    9 1 1 1
   1510    6    6   10 1 1 1
   1511    6    6   11 1 1 1
   1512    6    6   12 1 1 1
   1513    6    6   13 1 1 1
   1514    6    6   14 1 1 1
   1515    6    6   15 1 1 1
   1516    6    6   16 1 1 1
   1517    6    6   17 1 1 1
   1518    6    6   18 1 1 1
   1519    6    6   19 1 1 1
   1520    6    6   20 1 1 1
   1521    6    7    1 1 1 1
   1522    6    7    2 1 1 1
   1523    6    7    3 1 1 1
   1524    6    7    4 1 1 1
   1525    6    7    5 1 1 1
   1526    6    7    6 1 1 1
   1527    6    7    7 1 1 1
   1528    6    7    8 1 1 1
   1529    6    7    9 1 1 1
   1530    6    7   10 1 1 1
   1531    6    7   11 1 1 1
   1532    6    7   12 1 1 1
   1533    6    7   13 1 1 1
   1534    6    7   14 1 1 1
   1535    6    7   15 1 1 1
   1536    6    7   16 1 1 1
   1537    6    7   17 1 1 1
   1538    6    7   18 1 1 1
   1539    6    7   19 1 1 1
   1540    6    7   20 1 1 1
   1541    6    8    1 1 1 1
   1542    6    8    2 1 1 1
   1543    6    8    3 1 1 1
   1544    6    8    4 1 1 1
   1545    6    8    5 1 1 1
   1546    6    8    6 1 1 1
   1547    6    8    7 1 1 1
   1548    6    8    8 1 1 1
   1549    6    8    9 1 1 1
   1550    6    8   10 1 1 1
   1551    6    8   11 1 1 1
   1552    6    8   12 1 1 1
   1553    6    8   13 1 1 1
   1554    6    8   14 1 1 1
   1555    6    8   15 1 1 1
   1556    6    8   16 1 1 1
   1557    6    8   17 1 1 1
   1558    6    8   18 1 1 1
   1559    6    8   19 1 1 1
   1560    6    8   20 1 1 1
   1561    6    9    1 1 1 1
   1562    6    9    2 1 1 1
   1563    6    9    3 1 1 1
   1564    6    9    4 1 1 1
   1565    6    9    5 1 1 1
   1566    6    9    6 1 1 1
   1567    6    9    7 1 1 1
   1568    6    9    8 1 1 1
   1569    6    9    9 1 1 1
   1570    6    9   10 1 1 1
   1571    6    9   11 1 1 1
   1572    6    9   12 1 1 1
   1573    6    9   13 1 1 1
   1574    6    9   14 1 1 1
   1575    6    9   15 1 1 1
   1576    6    9   16 1 1 1
   1577    6    9   17 1 1 1
   1578    6    9   18 1 1 1
   1579    6    9   19 1 1 1
   1580    6    9   20 1 1 1
   1581    6   10    1 1 1 1
   1582    6   10    2 1 1 1
   1583    6   10    3 1 1 1
   1584    6   10    4 1 1 1
   1585    6   10    5 1 1 1
   1586    6   10    6 1 1 1
   1587    6   10    7 1 1 1
   1588    6   10    8 1 1 1
   1589    6   10    9 1 1 1
   1590    6   10   10 1 1 1
   1591    6   10   11 1 1 1
   1592    6   10   12 1 1 1
   1593    6   10   13 1 1 1
   1594    6   10   14 1 1 1
   1595    6   10   15 1 1 1
   1596    6   10   16 1 1 1
   1597    6   10   17 1 1 1
   1598    6   10   18 1 1 1
   1599    6   10   19 1 1 1
   1600    6   10   20 1 1 1
   1601    6   11    1 1 1 1
   1602    6   11    2 1 1 1
   1603    6   11    3 1 1 1
   1604    6   11    4 1 1 1
   1605    6   11    5 1 1 1
   1606    6   11    6 1 1 1
   1607    6   11    7 1 1 1
   1608    6   11    8 1 1 1
   1609    6   11    9 1 1 1
   1610    6   11   10 1 1 1
   1611    6   11   11 1 1 1
   1612    6   11   12 1 1 1
   1613    6   11   13 1 1 1
   1614    6   11   14 1 1 1
   1615    6   11   15 1 1 1
   1616    6   11   16 1 1 1
   1617    6   11   17 1 1 1
   1618    6   11   18 1 1 1
   1619    6   11   19 1 1 1
   1620    6   11   20 1 1 1
   1621    6   12    1 1 1 1
   1622    6   12    2 1 1 1
   1623    6   12    3 1 1 1
   1624    6   12    4 1 1 1
   1625    6   12    5 1 1 1
   1626    6   12    6 1 1 1
   1627    6   12    7 1 1 1
   1628    6   12    8 1 1 1
   1629    6   12    9 1 1 1
   1630    6   12   10 1 1 1
   1631    6   12   11 1 1 1
   1632    6   12   12 1 1 1
   1633    6   12   13 1 1 1
   1634    6   12   14 1 1 1
   1635    6   12   15 1 1 1
   1636    6   12   16 1 1 1
   1637    6   12   17 1 1 1
   1638    6   12   18 1 1 1
   1639    6   12   19 1 1 1
   1640    6   12   20 1 1 1
   1641    6   13    1 1 1 1
   1642    6   13    2 1 1 1
   1643    6   13    3 1 1 1
   1644    6   13    4 1 1 1
   1645    6   13    5 1 1 1
   1646    6   13    6 1 1 1
   1647    6   13    7 1 1 1
   1648    6   13    8 1 1 1
   1649    6   13    9 1 1 1
   1650    6   13   10 1 1 1
   1651    6   13   11 1 1 1
   1652    6   13   12 1 1 1
   1653    6   13   13 1 1 1
   1654    6   13   14 1 1 1
   1655    6   13   15 1 1 1
   1656    6   13   16 1 1 1
   1657    6   13   17 1 1 1
   1658    6   13   18 1 1 1
   1659    6   13   19 1 1 1
   1660    6   13   20 1 1 1
   1661    6   14    1 1 1 1
   1662    6   14    2 1 1 1
   1663    6   14    3 1 1 1
   1664    6   14    4 1 1 1
   1665    6   14    5 1 1 1
   1666    6   14    6 1 1 1
   1667    6   14    7 1 1 1
   1668    6   14    8 1 1 1
   1669    6   14    9 1 1 1
   1670    6   14   10 1 1 1
   1671    6   14   11 1 1 1
   1672    6   14   12 1 1 1
   1673    6   14   13 1 1 1
   1674    6   14   14 1 1 1
   1675    6   14   15 1 1 1
   1676    6   14   16 1 1 1
   1677    6   14   17 1 1 1
   1678    6   14   18 1 1 1
   1679    6   14   19 1 1 1
   1680    6   14   20 1 1 1
   1681    7    1    1 1 1 1
   1682    7    1    2 1 1 1
   1683    7    1    3 1 1 1
   1684    7    1    4 1 1 1
   1685    7    1    5 1 1 1
   1686    7    1    6 1 1 1
   1687    7    1    7 1 1 1
   1688    7    1    8 1 1 1
   1689    7    1    9 1 1 1
   1690    7    1   10 1 1 1
   1691    7    1   11 1 1 1
   1692    7    1   12 1 1 1
   1693    7    1   13 1 1 1
   1694    7    1   14 1 1 1
   1695    7    1   15 1 1 1
   1696    7    1   16 1 1 1
   1697    7    1   17 1 1 1
   1698    7    1   18 1 1 1
   1699    7    1   19 1 1 1
   1700    7    1   20 1 1 1
   1701    7    2    1 1 1 1
   1702    7    2    2 1 1 1
   1703    7    2    3 1 1 1
   1704    7    2    4 1 1 1
   1705    7    2    5 1 1 1
   1706    7    2    6 1 1 1
   1707    7    2    7 1 1 1
   1708    7    2    8 1 1 1
   1709    7    2    9 1 1 1
   1710    7    2   10 1 1 1
   1711    7    2   11 1 1 1
   1712    7    2   12 1 1 1
   1713    7    2   13 1 1 1
   1714    7    2   14 1 1 1
   1715    7    2   15 1 1 1
   1716    7    2   16 1 1 1
   1717    7    2   17 1 1 1
   1718    7    2   18 1 1 1
   1719    7    2   19 1 1 1
   1720    7    2   20 1 1 1
   1721    7    3    1 1 1 1
   1722    7    3    2 1 1 1
   1723    7    3    3 1 1 1
   1724    7    3    4 1 1 1
   1725    7    3    5 1 1 1
   1726    7    3    6 1 1 1
   1727    7    3    7 1 1 1
   1728    7    3    8 1 1 1
   1729    7    3    9 1 1 1
   1730    7    3   10 1 1 1
   1731    7    3   11 1 1 1
   1732    7    3   12 1 1 1
   1733    7    3   13 1 1 1
   1734    7    3   14 1 1 1
   1735    7    3   15 1 1 1
   1736    7    3   16 1 1 1
   1737    7    3   17 1 1 1
   1738    7    3   18 1 1 1
   1739    7    3   19 1 1 1
   1740    7    3   20 1 1 1
   1741    7    4    1 1 1 1
   1742    7    4    2 1 1 1
   1743    7    4    3 1 1 1
   1744    7    4    4 1 1 1
   1745    7    4    5 1 1 1
   1746    7    4    6 1 1 1
   1747    7    4    7 1 1 1
   1748    7    4    8 1 1 1
   1749    7    4    9 1 1 1
   1750    7    4   10 1 1 1
   1751    7    4   11 1 1 1
   1752    7    4   12 1 1 1
   1753    7    4   13 1 1 1
   1754    7    4   14 1 1 1
   1755    7    4   15 1 1 1
   1756    7    4   16 1 1 1
   1757    7    4   17 1 1 1
   1758    7    4   18 1 1 1
   1759    7    4   19 1 1 1
   1760    7    4   20 1 1 1
   1761    7    5    1 1 1 1
   1762    7    5    2 1 1 1
   1763    7    5    3 1 1 1
   1764    7    5    4 1 1 1
   1765    7    5    5 1 1 1
   1766    7    5    6 1 1 1
   1767    7    5    7 1 1 1
   1768    7    5    8 1 1 1
   1769    7    5    9 1 1 1
   1770    7    5   10 1 1 1
   1771    7    5   11 1 1 1
   1772    7    5   12 1 1 1
   1773    7    5   13 1 1 1
   1774    7    5   14 1 1 1
   1775    7    5   15 1 1 1
   1776    7    5   16 1 1 1
   1777    7    5   17 1 1 1
   1778    7    5   18 1 1 1
   1779    7    5   19 1 1 1
   1780    7    5   20 1 1 1
   1781    7    6    1 1 1 1
   1782    7    6    2 1 1 1
   1783    7    6    3 1 1 1
   1784    7    6    4 1 1 1
   1785    7    6    5 1 1 1
   1786    7    6    6 1 1 1
   1787    7    6    7 1 1 1
   1788    7    6    8 1 1 1
   1789    7    6    9 1 1 1
   1790    7    6   10 1 1 1
   1791    7    6   11 1 1 1
   1792    7    6   12 1 1 1
   1793    7    6   13 1 1 1
   1794    7    6   14 1 1 1
   1795    7    6   15 1 1 1
   1796    7    6   16 1 1 1
   1797    7    6   17 1 1 1
   1798    7    6   18 1 1 1
   1799    7    6   19 1 1 1
   1800    7    6   20 1 1 1
   1801    7    7    1 1 1 1
   1802    7    7    2 1 1 1
   1803    7    7    3 1 1 1
   1804    7    7    4 1 1 1
   1805    7    7    5 1 1 1
   1806    7    7    6 1 1 1
   1807    7    7    7 1 1 1
   1808    7    7    8 1 1 1
   1809    7    7    9 1 1 1
   1810    7    7   10 1 1 1
   1811    7    7   11 1 1 1
   1812    7    7   12 1 1 1
   1813    7    7   13 1 1 1
   1814    7    7   14 1 1 1
   1815    7    7   15 1 1 1
   1816    7    7   16 1 1 1
   1817    7    7   17 1 1 1
   1818    7    7   18 1 1 1
   1819    7    7   19 1 1 1
   1820    7    7   20 1 1 1
   1821    7    8    1 1 1 1
   1822    7    8    2 1 1 1
   1823    7    8    3 1 1 1
   1824    7    8    4 1 1 1
   1825    7    8    5 1 1 1
   1826    7    8    6 1 1 1
   1827    7    8    7 1 1 1
   1828    7    8    8 1 1 1
   1829    7    8    9 1 1 1
   1830    7    8   10 1 1 1
   1831    7    8   11 1 1 1
   1832    7    8   12 1 1 1
   1833    7    8   13 1 1 1
   1834    7    8   14 1 1 1
   1835    7    8   15 1 1 1
   1836    7    8   16 1 1 1
   1837    7    8   17 1 1 1
   1838    7    8   18 1 1 1
   1839    7    8   19 1 1 1
   1840    7    8   20 1 1 1
   1841    7    9    1 1 1 1
   1842    7    9    2 1 1 1
   1843    7    9    3 1 1 1
   1844    7    9    4 1 1 1
   1845    7    9    5 1 1 1
   1846    7    9    6 1 1 1
   1847    7    9    7 1 1 1
   1848    7    9    8 1 1 1
   1849    7    9    9 1 1 1
   1850    7    9   10 1 1 1
   1851    7    9   11 1 1 1
   1852    7    9   12 1 1 1
   1853    7    9   13 1 1 1
   1854    7    9   14 1 1 1
   1855    7    9   15 1 1 1
   1856    7    9   16 1 1 1
   1857    7    9   17 1 1 1
   1858    7    9   18 1 1 1
   1859    7    9   19 1 1 1
   1860    7    9   20 1 1 1
   1861    7   10    1 1 1 1
   1862    7   10    2 1 1 1
   1863    7   10    3 1 1 1
   1864    7   10    4 1 1 1
   1865    7   10    5 1 1 1
   1866    7   10    6 1 1 1
   1867    7   10    7 1 1 1
   1868    7   10    8 1 1 1
   1869    7   10    9 1 1 1
   1870    7   10   10 1 1 1
   1871    7   10   11 1 1 1
   1872    7   10   12 1 1 1
   1873    7   10   13 1 1 1
   1874    7   10   14 1 1 1
   1875    7   10   15 1 1 1
   1876    7   10   16 1 1 1
   1877    7   10   17 1 1 1
   1878    7   10   18 1 1 1
   1879    7   10   19 1 1 1
   1880    7   10   20 1 1 1
   1881    7   11    1 1 1 1
   1882    7   11    2 1 1 1
   1883    7   11    3 1 1 1
   1884    7   11    4 1 1 1
   1885    7   11    5 1 1 1
   1886    7   11    6 1 1 1
   1887    7   11    7 1 1 1
   1888    7   11    8 1 1 1
   1889    7   11    9 1 1 1
   1890    7   11   10 1 1 1
   1891    7   11   11 1 1 1
   1892    7   11   12 1 1 1
   1893    7   11   13 1 1 1
   1894    7   11   14 1 1 1
   1895    7   11   15 1 1 1
   1896    7   11   16 1 1 1
   1897    7   11   17 1 1 1
   1898    7   11   18 1 1 1
   1899    7   11   19 1 1 1
   1900    7   11   20 1 1 1
   1901    7   12    1 1 1 1
   1902    7   12    2 1 1 1
   1903    7   12    3 1 1 1
   1904    7   12    4 1 1 1
   1905    7   12    5 1 1 1
   1906    7   12    6 1 1 1
   1907    7   12    7 1 1 1
   1908    7   12    8 1 1 1
   1909    7   12    9 1 1 1
   1910    7   12   10 1 1 1
   1911    7   12   11 1 1 1
   1912    7   12   12 1 1 1
   1913    7   12   13 1 1 1
   1914    7   12   14 1 1 1
   1915    7   12   15 1 1 1
   1916    7   12   16 1 1 1
   1917    7   12   17 1 1 1
   1918    7   12   18 1 1 1
   1919    7   12   19 1 1 1
   1920    7   12   20 1 1 1
   1921    7   13    1 1 1 1
   1922    7   13    2 1 1 1
   1923    7   13    3 1 1 1
   1924    7   13    4 1 1 1
   1925    7   13    5 1 1 1
   1926    7   13    6 1 1 1
   1927    7   13    7 1 1 1
   1928    7   13    8 1 1 1
   1929    7   13    9 1 1 1
   1930    7   13   10 1 1 1
   1931    7   13   11 1 1 1
   1932    7   13   12 1 1 1
   1933    7   13   13 1 1 1
   1934    7   13   14 1 1 1
   1935    7   13   15 1 1 1
   1936    7   13   16 1 1 1
   1937    7   13   17 1 1 1
   1938    7   13   18 1 1 1
   1939    7   13   19 1 1 1
   1940    7   13   20 1 1 1
   1941    7   14    1 1 1 1
   1942    7   14    2 1 1 1
   1943    7   14    3 1 1 1
   1944    7   14    4 1 1 1
   1945    7   14    5 1 1 1
   1946    7   14    6 1 1 1
   1947    7   14    7 1 1 1
   1948    7   14    8 1 1 1
   1949    7   14    9 1 1 1
   1950    7   14   10 1 1 1
   1951    7   14   11 1 1 1
   1952    7   14   12 1 1 1
   1953    7   14   13 1 1 1
   1954    7   14   14 1 1 1
   1955    7   14   15 1 1 1
   1956    7   14   16 1 1 1
   1957    7   14   17 1 1 1
   1958    7   14   18 1 1 1
   1959    7   14   19 1 1 1
   1960    7   14   20 1 1 1
   1961    8    1    1 1 1 1
   1962    8    1    2 1 1 1
   1963    8    1    3 1 1 1
   1964    8    1    4 1 1 1
   1965    8    1    5 1 1 1
   1966    8    1    6 1 1 1
   1967    8    1    7 1 1 1
   1968    8    1    8 1 1 1
   1969    8    1    9 1 1 1
   1970    8    1   10 1 1 1
   1971    8    1   11 1 1 1
   1972    8    1   12 1 1 1
   1973    8    1   13 1 1 1
   1974    8    1   14 1 1 1
   1975    8    1   15 1 1 1
   1976    8    1   16 1 1 1
   1977    8    1   17 1 1 1
   1978    8    1   18 1 1 1
   1979    8    1   19 1 1 1
   1980    8    1   20 1 1 1
   1981    8    2    1 1 1 1
   1982    8    2    2 1 1 1
   1983    8    2    3 1 1 1
   1984    8    2    4 1 1 1
   1985    8    2    5 1 1 1
   1986    8    2    6 1 1 1
   1987    8    2    7 1 1 1
   1988    8    2    8 1 1 1
   1989    8    2    9 1 1 1
   1990    8    2   10 1 1 1
   1991    8    2   11 1 1 1
   1992    8    2   12 1 1 1
   1993    8    2   13 1 1 1
   1994    8    2   14 1 1 1
   1995    8    2   15 1 1 1
   1996    8    2   16 1 1 1
   1997    8    2   17 1 1 1
   1998    8    2   18 1 1 1
   1999    8    2   19 1 1 1
   2000    8    2   20 1 1 1
   2001    8    3    1 1 1 1
   2002    8    3    2 1 1 1
   2003    8    3    3 1 1 1
   2004    8    3    4 1 1 1
   2005    8    3    5 1 1 1
   2006    8    3    6 1 1 1
   2007    8    3    7 1 1 1
   2008    8    3    8 1 1 1
   2009    8    3    9 1 1 1
   2010    8    3   10 1 1 1
   2011    8    3   11 1 1 1
   2012    8    3   12 1 1 1
   2013    8    3   13 1 1 1
   2014    8    3   14 1 1 1
   2015    8    3   15 1 1 1
   2016    8    3   16 1 1 1
   2017    8    3   17 1 1 1
   2018    8    3   18 1 1 1
   2019    8    3   19 1 1 1
   2020    8    3   20 1 1 1
   2021    8    4    1 1 1 1
   2022    8    4    2 1 1 1
   2023    8    4    3 1 1 1
   2024    8    4    4 1 1 1
   2025    8    4    5 1 1 1
   2026    8    4    6 1 1 1
   2027    8    4    7 1 1 1
   2028    8    4    8 1 1 1
   2029    8    4    9 1 1 1
   2030    8    4   10 1 1 1
   2031    8    4   11 1 1 1
   2032    8    4   12 1 1 1
   2033    8    4   13 1 1 1
   2034    8    4   14 1 1 1
   2035    8    4   15 1 1 1
   2036    8    4   16 1 1 1
   2037    8    4   17 1 1 1
   2038    8    4   18 1 1 1
   2039    8    4   19 1 1 1
   2040    8    4   20 1 1 1
   2041    8    5    1 1 1 1
   2042    8    5    2 1 1 1
   2043    8    5    3 1 1 1
   2044    8    5    4 1 1 1
   2045    8    5    5 1 1 1
   2046    8    5    6 1 1 1
   2047    8    5    7 1 1 1
   2048    8    5    8 1 1 1
   2049    8    5    9 1 1 1
   2050    8    5   10 1 1 1
   2051    8    5   11 1 1 1
   2052    8    5   12 1 1 1
   2053    8    5   13 1 1 1
   2054    8    5   14 1 1 1
   2055    8    5   15 1 1 1
   2056    8    5   16 1 1 1
   2057    8    5   17 1 1 1
   2058    8    5   18 1 1 1
   2059    8    5   19 1 1 1
   2060    8    5   20 1 1 1
   2061    8    6    1 1 1 1
   2062    8    6    2 1 1 1
   2063    8    6    3 1 1 1
   2064    8    6    4 1 1 1
   2065    8    6    5 1 1 1
   2066    8    6    6 1 1 1
   2067    8    6    7 1 1 1
   2068    8    6    8 1 1 1
   2069    8    6    9 1 1 1
   2070    8    6   10 1 1 1
   2071    8    6   11 1 1 1
   2072    8    6   12 1 1 1
   2073    8    6   13 1 1 1
   2074    8    6   14 1 1 1
   2075    8    6   15 1 1 1
   2076    8    6   16 1 1 1
   2077    8    6   17 1 1 1
   2078    8    6   18 1 1 1
   2079    8    6   19 1 1 1
   2080    8    6   20 1 1 1
   2081    8    7    1 1 1 1
   2082    8    7    2 1 1 1
   2083    8    7    3 1 1 1
   2084    8    7    4 1 1 1
   2085    8    7    5 1 1 1
   2086    8    7    6 1 1 1
   2087    8    7    7 1 1 1
   2088    8    7    8 1 1 1
   2089    8    7    9 1 1 1
   2090    8    7   10 1 1 1
   2091    8    7   11 1 1 1
   2092    8    7   12 1 1 1
   2093    8    7   13 1 1 1
   2094    8    7   14 1 1 1
   2095    8    7   15 1 1 1
   2096    8    7   16 1 1 1
   2097    8    7   17 1 1 1
   2098    8    7   18 1 1 1
   2099    8    7   19 1 1 1
   2100    8    7   20 1 1 1
   2101    8    8    1 1 1 1
   2102    8    8    2 1 1 1
   2103    8    8    3 1 1 1
   2104    8    8    4 1 1 1
   2105    8    8    5 1 1 1
   2106    8    8    6 1 1 1
   2107    8    8    7 1 1 1
   2108    8    8    8 1 1 1
   2109    8    8    9 1 1 1
   2110    8    8   10 1 1 1
   2111    8    8   11 1 1 1
   2112    8    8   12 1 1 1
   2113    8    8   13 1 1 1
   2114    8    8   14 1 1 1
   2115    8    8   15 1 1 1
   2116    8    8   16 1 1 1
   2117    8    8   17 1 1 1
   2118    8    8   18 1 1 1
   2119    8    8   19 1 1 1
   2120    8    8   20 1 1 1
   2121    8    9    1 1 1 1
   2122    8    9    2 1 1 1
   2123    8    9    3 1 1 1
   2124    8    9    4 1 1 1
   2125    8    9    5 1 1 1
   2126    8    9    6 1 1 1
   2127    8    9    7 1 1 1
   2128    8    9    8 1 1 1
   2129    8    9    9 1 1 1
   2130    8    9   10 1 1 1
   2131    8    9   11 1 1 1
   2132    8    9   12 1 1 1
   2133    8    9   13 1 1 1
   2134    8    9   14 1 1 1
   2135    8    9   15 1 1 1
   2136    8    9   16 1 1 1
   2137    8    9   17 1 1 1
   2138    8    9   18 1 1 1
   2139    8    9   19 1 1 1
   2140    8    9   20 1 1 1
   2141    8   10    1 1 1 1
   2142    8   10    2 1 1 1
   2143    8   10    3 1 1 1
   2144    8   10    4 1 1 1
   2145    8   10    5 1 1 1
   2146    8   10    6 1 1 1
   2147    8   10    7 1 1 1
   2148    8   10    8 1 1 1
   2149    8   10    9 1 1 1
   2150    8   10   10 1 1 1
   2151    8   10   11 1 1 1
   2152    8   10   12 1 1 1
   2153    8   10   13 1 1 1
   2154    8   10   14 1 1 1
   2155    8   10   15 1 1 1
   2156    8   10   16 1 1 1
   2157    8   10   17 1 1 1
   2158    8   10   18 1 1 1
   2159    8   10   19 1 1 1
   2160    8   10   20 1 1 1
   2161    8   11    1 1 1 1
   2162    8   11    2 1 1 1
   2163    8   11    3 1 1 1
   2164    8   11    4 1 1 1
   2165    8   11    5 1 1 1
   2166    8   11    6 1 1 1
   2167    8   11    7 1 1 1
   2168    8   11    8 1 1 1
   2169    8   11    9 1 1 1
   2170    8   11   10 1 1 1
   2171    8   11   11 1 1 1
   2172    8   11   12 1 1 1
   2173    8   11   13 1 1 1
   2174    8   11   14 1 1 1
   2175    8   11   15 1 1 1
   2176    8   11   16 1 1 1
   2177    8   11   17 1 1 1
   2178    8   11   18 1 1 1
   2179    8   11   19 1 1 1
   2180    8   11   20 1 1 1
   2181    8   12    1 1 1 1
   2182    8   12    2 1 1 1
   2183    8   12    3 1 1 1
   2184    8   12    4 1 1 1
   2185    8   12    5 1 1 1
   2186    8   12    6 1 1 1
   2187    8   12    7 1 1 1
   2188    8   12    8 1 1 1
   2189    8   12    9 1 1 1
   2190    8   12   10 1 1 1
   2191    8   12   11 1 1 1
   2192    8   12   12 1 1 1
   2193    8   12   13 1 1 1
   2194    8   12   14 1 1 1
   2195    8   12   15 1 1 1
   2196    8   12   16 1 1 1
   2197    8   12   17 1 1 1
   2198    8   12   18 1 1 1
   2199    8   12   19 1 1 1
   2200    8   12   20 1 1 1
   2201    8   13    1 1 1 1
   2202    8   13    2 1 1 1
   2203    8   13    3 1 1 1
   2204    8   13    4 1 1 1
   2205    8   13    5 1 1 1
   2206    8   13    6 1 1 1
   2207    8   13    7 1 1 1
   2208    8   13    8 1 1 1
   2209    8   13    9 1 1 1
   2210    8   13   10 1 1 1
   2211    8   13   11 1 1 1
   2212    8   13   12 1 1 1
   2213    8   13   13 1 1 1
   2214    8   13   14 1 1 1
   2215    8   13   15 1 1 1
   2216    8   13   16 1 1 1
   2217    8   13   17 1 1 1
   2218    8   13   18 1 1 1
   2219    8   13   19 1 1 1
   2220    8   13   20 1 1 1
   2221    8   14    1 1 1 1
   2222    8   14    2 1 1 1
   2223    8   14    3 1 1 1
   2224    8   14    4 1 1 1
   2225    8   14    5 1 1 1
   2226    8   14    6 1 1 1
   2227    8   14    7 1 1 1
   2228    8   14    8 1 1 1
   2229    8   14    9 1 1 1
   2230    8   14   10 1 1 1
   2231    8   14   11 1 1 1
   2232    8   14   12 1 1 1
   2233    8   14   13 1 1 1
   2234    8   14   14 1 1 1
   2235    8   14   15 1 1 1
   2236    8   14   16 1 1 1
   2237    8   14   17 1 1 1
   2238    8   14   18 1 1 1
   2239    8   14   19 1 1 1
   2240    8   14   20 1 1 1
   2241    9    1    1 1 1 1
   2242    9    1    2 1 1 1
   2243    9    1    3 1 1 1
   2244    9    1    4 1 1 1
   2245    9    1    5 1 1 1
   2246    9    1    6 1 1 1
   2247    9    1    7 1 1 1
   2248    9    1    8 1 1 1
   2249    9    1    9 1 1 1
   2250    9    1   10 1 1 1
   2251    9    1   11 1 1 1
   2252    9    1   12 1 1 1
   2253    9    1   13 1 1 1
   2254    9    1   14 1 1 1
   2255    9    1   15 1 1 1
   2256    9    1   16 1 1 1
   2257    9    1   17 1 1 1
   2258    9    1   18 1 1 1
   2259    9    1   19 1 1 1
   2260    9    1   20 1 1 1
   2261    9    2    1 1 1 1
   2262    9    2    2 1 1 1
   2263    9    2    3 1 1 1
   2264    9    2    4 1 1 1
   2265    9    2    5 1 1 1
   2266    9    2    6 1 1 1
   2267    9    2    7 1 1 1
   2268    9    2    8 1 1 1
   2269    9    2    9 1 1 1
   2270    9    2   10 1 1 1
   2271    9    2   11 1 1 1
   2272    9    2   12 1 1 1
   2273    9    2   13 1 1 1
   2274    9    2   14 1 1 1
   2275    9    2   15 1 1 1
   2276    9    2   16 1 1 1
   2277    9    2   17 1 1 1
   2278    9    2   18 1 1 1
   2279    9    2   19 1 1 1
   2280    9    2   20 1 1 1
   2281    9    3    1 1 1 1
   2282    9    3    2 1 1 1
   2283    9    3    3 1 1 1
   2284    9    3    4 1 1 1
   2285    9    3    5 1 1 1
   2286    9    3    6 1 1 1
   2287    9    3    7 1 1 1
   2288    9    3    8 1 1 1
   2289    9    3    9 1 1 1
   2290    9    3   10 1 1 1
   2291    9    3   11 1 1 1
   2292    9    3   12 1 1 1
   2293    9    3   13 1 1 1
   2294    9    3   14 1 1 1
   2295    9    3   15 1 1 1
   2296    9    3   16 1 1 1
   2297    9    3   17 1 1 1
   2298    9    3   18 1 1 1
   2299    9    3   19 1 1 1
   2300    9    3   20 1 1 1
   2301    9    4    1 1 1 1
   2302    9    4    2 1 1 1
   2303    9    4    3 1 1 1
   2304    9    4    4 1 1 1
   2305    9    4    5 1 1 1
   2306    9    4    6 1 1 1
   2307    9    4    7 1 1 1
   2308    9    4    8 1 1 1
   2309    9    4    9 1 1 1
   2310    9    4   10 1 1 1
   2311    9    4   11 1 1 1
   2312    9    4   12 1 1 1
   2313    9    4   13 1 1 1
   2314    9    4   14 1 1 1
   2315    9    4   15 1 1 1
   2316    9    4   16 1 1 1
   2317    9    4   17 1 1 1
   2318    9    4   18 1 1 1
   2319    9    4   19 1 1 1
   2320    9    4   20 1 1 1
   2321    9    5    1 1 1 1
   2322    9    5    2 1 1 1
   2323    9    5    3 1 1 1
   2324    9    5    4 1 1 1
   2325    9    5    5 1 1 1
   2326    9    5    6 1 1 1
   2327    9    5    7 1 1 1
   2328    9    5    8 1 1 1
   2329    9    5    9 1 1 1
   2330    9    5   10 1 1 1
   2331    9    5   11 1 1 1
   2332    9    5   12 1 1 1
   2333    9    5   13 1 1 1
   2334    9    5   14 1 1 1
   2335    9    5   15 1 1 1
   2336    9    5   16 1 1 1
   2337    9    5   17 1 1 1
   2338    9    5   18 1 1 1
   2339    9    5   19 1 1 1
   2340    9    5   20 1 1 1
   2341    9    6    1 1 1 1
   2342    9    6    2 1 1 1
   2343    9    6    3 1 1 1
   2344    9    6    4 1 1 1
   2345    9    6    5 1 1 1
   2346    9    6    6 1 1 1
   2347    9    6    7 1 1 1
   2348    9    6    8 1 1 1
   2349    9    6    9 1 1 1
   2350    9    6   10 1 1 1
   2351    9    6   11 1 1 1
   2352    9    6   12 1 1 1
   2353    9    6   13 1 1 1
   2354    9    6   14 1 1 1
   2355    9    6   15 1 1 1
   2356    9    6   16 1 1 1
   2357    9    6   17 1 1 1
   2358    9    6   18 1 1 1
   2359    9    6   19 1 1 1
   2360    9    6   20 1 1 1
   2361    9    7    1 1 1 1
   2362    9    7    2 1 1 1
   2363    9    7    3 1 1 1
   2364    9    7    4 1 1 1
   2365    9    7    5 1 1 1
   2366    9    7    6 1 1 1
   2367    9    7    7 1 1 1
   2368    9    7    8 1 1 1
   2369    9    7    9 1 1 1
   2370    9    7   10 1 1 1
   2371    9    7   11 1 1 1
   2372    9    7   12 1 1 1
   2373    9    7   13 1 1 1
   2374    9    7   14 1 1 1
   2375    9    7   15 1 1 1
   2376    9    7   16 1 1 1
   2377    9    7   17 1 1 1
   2378    9    7   18 1 1 1
   2379    9    7   19 1 1 1
   2380    9    7   20 1 1 1
   2381    9    8    1 1 1 1
   2382    9    8    2 1 1 1
   2383    9    8    3 1 1 1
   2384    9    8    4 1 1 1
   2385    9    8    5 1 1 1
   2386    9    8    6 1 1 1
   2387    9    8    7 1 1 1
   2388    9    8    8 1 1 1
   2389    9    8    9 1 1 1
   2390    9    8   10 1 1 1
   2391    9    8   11 1 1 1
   2392    9    8   12 1 1 1
   2393    9    8   13 1 1 1
   2394    9    8   14 1 1 1
   2395    9    8   15 1 1 1
   2396    9    8   16 1 1 1
   2397    9    8   17 1 1 1
   2398    9    8   18 1 1 1
   2399    9    8   19 1 1 1
   2400    9    8   20 1 1 1
   2401    9    9    1 1 1 1
   2402    9    9    2 1 1 1
   2403    9    9    3 1 1 1
   2404    9    9    4 1 1 1
   2405    9    9    5 1 1 1
   2406    9    9    6 1 1 1
   2407    9    9    7 1 1 1
   2408    9    9    8 1 1 1
   2409    9    9    9 1 1 1
   2410    9    9   10 1 1 1
   2411    9    9   11 1 1 1
   2412    9    9   12 1 1 1
   2413    9    9   13 1 1 1
   2414    9    9   14 1 1 1
   2415    9    9   15 1 1 1
   2416    9    9   16 1 1 1
   2417    9    9   17 1 1 1
   2418    9    9   18 1 1 1
   2419    9    9   19 1 1 1
   2420    9    9   20 1 1 1
   2421    9   10    1 1 1 1
   2422    9   10    2 1 1 1
   2423    9   10    3 1 1 1
   2424    9   10    4 1 1 1
   2425    9   10    5 1 1 1
   2426    9   10    6 1 1 1
   2427    9   10    7 1 1 1
   2428    9   10    8 1 1 1
   2429    9   10    9 1 1 1
   2430    9   10   10 1 1 1
   2431    9   10   11 1 1 1
   2432    9   10   12 1 1 1
   2433    9   10   13 1 1 1
   2434    9   10   14 1 1 1
   2435    9   10   15 1 1 1
   2436    9   10   16 1 1 1
   2437    9   10   17 1 1 1
   2438    9   10   18 1 1 1
   2439    9   10   19 1 1 1
   2440    9   10   20 1 1 1
   2441    9   11    1 1 1 1
   2442    9   11    2 1 1 1
   2443    9   11    3 1 1 1
   2444    9   11    4 1 1 1
   2445    9   11    5 1 1 1
   2446    9   11    6 1 1 1
   2447    9   11    7 1 1 1
   2448    9   11    8 1 1 1
   2449    9   11    9 1 1 1
   2450    9   11   10 1 1 1
   2451    9   11   11 1 1 1
   2452    9   11   12 1 1 1
   2453    9   11   13 1 1 1
   2454    9   11   14 1 1 1
   2455    9   11   15 1 1 1
   2456    9   11   16 1 1 1
   2457    9   11   17 1 1 1
   2458    9   11   18 1 1 1
   2459    9   11   19 1 1 1
   2460    9   11   20 1 1 1
   2461    9   12    1 1 1 1
   2462    9   12    2 1 1 1
   2463    9   12    3 1 1 1
   2464    9   12    4 1 1 1
   2465    9   12    5 1 1 1
   2466    9   12    6 1 1 1
   2467    9   12    7 1 1 1
   2468    9   12    8 1 1 1
   2469    9   12    9 1 1 1
   2470    9   12   10 1 1 1
   2471    9   12   11 1 1 1
   2472    9   12   12 1 1 1
   2473    9   12   13 1 1 1
   2474    9   12   14 1 1 1
   2475    9   12   15 1 1 1
   2476    9   12   16 1 1 1
   2477    9   12   17 1 1 1
   2478    9   12   18 1 1 1
   2479    9   12   19 1 1 1
   2480    9   12   20 1 1 1
   2481    9   13    1 1 1 1
   2482    9   13    2 1 1 1
   2483    9   13    3 1 1 1
   2484    9   13    4 1 1 1
   2485    9   13    5 1 1 1
   2486    9   13    6 1 1 1
   2487    9   13    7 1 1 1
   2488    9   13    8 1 1 1
   2489    9   13    9 1 1 1
   2490    9   13   10 1 1 1
   2491    9   13   11 1 1 1
   2492    9   13   12 1 1 1
   2493    9   13   13 1 1 1
   2494    9   13   14 1 1 1
   2495    9   13   15 1 1 1
   2496    9   13   16 1 1 1
   2497    9   13   17 1 1 1
   2498    9   13   18 1 1 1
   2499    9   13   19 1 1 1
   2500    9   13   20 1 1 1
   2501    9   14    1 1 1 1
   2502    9   14    2 1 1 1
   2503    9   14    3 1 1 1
   2504    9   14    4 1 1 1
   2505    9   14    5 1 1 1
   2506    9   14    6 1 1 1
   2507    9   14    7 1 1 1
   2508    9   14    8 1 1 1
   2509    9   14    9 1 1 1
   2510    9   14   10 1 1 1
   2511    9   14   11 1 1 1
   2512    9   14   12 1 1 1
   2513    9   14   13 1 1 1
   2514    9   14   14 1 1 1
   2515    9   14   15 1 1 1
   2516    9   14   16 1 1 1
   2517    9   14   17 1 1 1
   2518    9   14   18 1 1 1
   2519    9   14   19 1 1 1
   2520    9   14   20 1 1 1
   2521   10    1    1 1 1 1
   2522   10    1    2 1 1 1
   2523   10    1    3 1 1 1
   2524   10    1    4 1 1 1
   2525   10    1    5 1 1 1
   2526   10    1    6 1 1 1
   2527   10    1    7 1 1 1
   2528   10    1    8 1 1 1
   2529   10    1    9 1 1 1
   2530   10    1   10 1 1 1
   2531   10    1   11 1 1 1
   2532   10    1   12 1 1 1
   2533   10    1   13 1 1 1
   2534   10    1   14 1 1 1
   2535   10    1   15 1 1 1
   2536   10    1   16 1 1 1
   2537   10    1   17 1 1 1
   2538   10    1   18 1 1 1
   2539   10    1   19 1 1 1
   2540   10    1   20 1 1 1
   2541   10    2    1 1 1 1
   2542   10    2    2 1 1 1
   2543   10    2    3 1 1 1
   2544   10    2    4 1 1 1
   2545   10    2    5 1 1 1
   2546   10    2    6 1 1 1
   2547   10    2    7 1 1 1
   2548   10    2    8 1 1 1
   2549   10    2    9 1 1 1
   2550   10    2   10 1 1 1
   2551   10    2   11 1 1 1
   2552   10    2   12 1 1 1
   2553   10    2   13 1 1 1
   2554   10    2   14 1 1 1
   2555   10    2   15 1 1 1
   2556   10    2   16 1 1 1
   2557   10    2   17 1 1 1
   2558   10    2   18 1 1 1
   2559   10    2   19 1 1 1
   2560   10    2   20 1 1 1
   2561   10    3    1 1 1 1
   2562   10    3    2 1 1 1
   2563   10    3    3 1 1 1
   2564   10    3    4 1 1 1
   2565   10    3    5 1 1 1
   2566   10    3    6 1 1 1
   2567   10    3    7 1 1 1
   2568   10    3    8 1 1 1
   2569   10    3    9 1 1 1
   2570   10    3   10 1 1 1
   2571   10    3   11 1 1 1
   2572   10    3   12 1 1 1
   2573   10    3   13 1 1 1
   2574   10    3   14 1 1 1
   2575   10    3   15 1 1 1
   2576   10    3   16 1 1 1
   2577   10    3   17 1 1 1
   2578   10    3   18 1 1 1
   2579   10    3   19 1 1 1
   2580   10    3   20 1 1 1
   2581   10    4    1 1 1 1
   2582   10    4    2 1 1 1
   2583   10    4    3 1 1 1
   2584   10    4    4 1 1 1
   2585   10    4    5 1 1 1
   2586   10    4    6 1 1 1
   2587   10    4    7 1 1 1
   2588   10    4    8 1 1 1
   2589   10    4    9 1 1 1
   2590   10    4   10 1 1 1
   2591   10    4   11 1 1 1
   2592   10    4   12 1 1 1
   2593   10    4   13 1 1 1
   2594   10    4   14 1 1 1
   2595   10    4   15 1 1 1
   2596   10    4   16 1 1 1
   2597   10    4   17 1 1 1
   2598   10    4   18 1 1 1
   2599   10    4   19 1 1 1
   2600   10    4   20 1 1 1
   2601   10    5    1 1 1 1
   2602   10    5    2 1 1 1
   2603   10    5    3 1 1 1
   2604   10    5    4 1 1 1
   2605   10    5    5 1 1 1
   2606   10    5    6 1 1 1
   2607   10    5    7 1 1 1
   2608   10    5    8 1 1 1
   2609   10    5    9 1 1 1
   2610   10    5   10 1 1 1
   2611   10    5   11 1 1 1
   2612   10    5   12 1 1 1
   2613   10    5   13 1 1 1
   2614   10    5   14 1 1 1
   2615   10    5   15 1 1 1
   2616   10    5   16 1 1 1
   2617   10    5   17 1 1 1
   2618   10    5   18 1 1 1
   2619   10    5   19 1 1 1
   2620   10    5   20 1 1 1
   2621   10    6    1 1 1 1
   2622   10    6    2 1 1 1
   2623   10    6    3 1 1 1
   2624   10    6    4 1 1 1
   2625   10    6    5 1 1 1
   2626   10    6    6 1 1 1
   2627   10    6    7 1 1 1
   2628   10    6    8 1 1 1
   2629   10    6    9 1 1 1
   2630   10    6   10 1 1 1
   2631   10    6   11 1 1 1
   2632   10    6   12 1 1 1
   2633   10    6   13 1 1 1
   2634   10    6   14 1 1 1
   2635   10    6   15 1 1 1
   2636   10    6   16 1 1 1
   2637   10    6   17 1 1 1
   2638   10    6   18 1 1 1
   2639   10    6   19 1 1 1
   2640   10    6   20 1 1 1
   2641   10    7    1 1 1 1
   2642   10    7    2 1 1 1
   2643   10    7    3 1 1 1
   2644   10    7    4 1 1 1
   2645   10    7    5 1 1 1
   2646   10    7    6 1 1 1
   2647   10    7    7 1 1 1
   2648   10    7    8 1 1 1
   2649   10    7    9 1 1 1
   2650   10    7   10 1 1 1
   2651   10    7   11 1 1 1
   2652   10    7   12 1 1 1
   2653   10    7   13 1 1 1
   2654   10    7   14 1 1 1
   2655   10    7   15 1 1 1
   2656   10    7   16 1 1 1
   2657   10    7   17 1 1 1
   2658   10    7   18 1 1 1
   2659   10    7   19 1 1 1
   2660   10    7   20 1 1 1
   2661   10    8    1 1 1 1
   2662   10    8    2 1 1 1
   2663   10    8    3 1 1 1
   2664   10    8    4 1 1 1
   2665   10    8    5 1 1 1
   2666   10    8    6 1 1 1
   2667   10    8    7 1 1 1
   2668   10    8    8 1 1 1
   2669   10    8    9 1 1 1
   2670   10    8   10 1 1 1
   2671   10    8   11 1 1 1
   2672   10    8   12 1 1 1
   2673   10    8   13 1 1 1
   2674   10    8   14 1 1 1
   2675   10    8   15 1 1 1
   2676   10    8   16 1 1 1
   2677   10    8   17 1 1 1
   2678   10    8   18 1 1 1
   2679   10    8   19 1 1 1
   2680   10    8   20 1 1 1
   2681   10    9    1 1 1 1
   2682   10    9    2 1 1 1
   2683   10    9    3 1 1 1
   2684   10    9    4 1 1 1
   2685   10    9    5 1 1 1
   2686   10    9    6 1 1 1
   2687   10    9    7 1 1 1
   2688   10    9    8 1 1 1
   2689   10    9    9 1 1 1
   2690   10    9   10 1 1 1
   2691   10    9   11 1 1 1
   2692   10    9   12 1 1 1
   2693   10    9   13 1 1 1
   2694   10    9   14 1 1 1
   2695   10    9   15 1 1 1
   2696   10    9   16 1 1 1
   2697   10    9   17 1 1 1
   2698   10    9   18 1 1 1
   2699   10    9   19 1 1 1
   2700   10    9   20 1 1 1
   2701   10   10    1 1 1 1
   2702   10   10    2 1 1 1
   2703   10   10    3 1 1 1
   2704   10   10    4 1 1 1
   2705   10   10    5 1 1 1
   2706   10   10    6 1 1 1
   2707   10   10    7 1 1 1
   2708   10   10    8 1 1 1
   2709   10   10    9 1 1 1
   2710   10   10   10 1 1 1
   2711   10   10   11 1 1 1
   2712   10   10   12 1 1 1
   2713   10   10   13 1 1 1
   2714   10   10   14 1 1 1
   2715   10   10   15 1 1 1
   2716   10   10   16 1 1 1
   2717   10   10   17 1 1 1
   2718   10   10   18 1 1 1
   2719   10   10   19 1 1 1
   2720   10   10   20 1 1 1
   2721   10   11    1 1 1 1
   2722   10   11    2 1 1 1
   2723   10   11    3 1 1 1
   2724   10   11    4 1 1 1
   2725   10   11    5 1 1 1
   2726   10   11    6 1 1 1
   2727   10   11    7 1 1 1
   2728   10   11    8 1 1 1
   2729   10   11    9 1 1 1
   2730   10   11   10 1 1 1
   2731   10   11   11 1 1 1
   2732   10   11   12 1 1 1
   2733   10   11   13 1 1 1
   2734   10   11   14 1 1 1
   2735   10   11   15 1 1 1
   2736   10   11   16 1 1 1
   2737   10   11   17 1 1 1
   2738   10   11   18 1 1 1
   2739   10   11   19 1 1 1
   2740   10   11   20 1 1 1
   2741   10   12    1 1 1 1
   2742   10   12    2 1 1 1
   2743   10   12    3 1 1 1
   2744   10   12    4 1 1 1
   2745   10   12    5 1 1 1
   2746   10   12    6 1 1 1
   2747   10   12    7 1 1 1
   2748   10   12    8 1 1 1
   2749   10   12    9 1 1 1
   2750   10   12   10 1 1 1
   2751   10   12   11 1 1 1
   2752   10   12   12 1 1 1
   2753   10   12   13 1 1 1
   2754   10   12   14 1 1 1
   2755   10   12   15 1 1 1
   2756   10   12   16 1 1 1
   2757   10   12   17 1 1 1
   2758   10   12   18 1 1 1
   2759   10   12   19 1 1 1
   2760   10   12   20 1 1 1
   2761   10   13    1 1 1 1
   2762   10   13    2 1 1 1
   2763   10   13    3 1 1 1
   2764   10   13    4 1 1 1
   2765   10   13    5 1 1 1
   2766   10   13    6 1 1 1
   2767   10   13    7 1 1 1
   2768   10   13    8 1 1 1
   2769   10   13    9 1 1 1
   2770   10   13   10 1 1 1
   2771   10   13   11 1 1 1
   2772   10   13   12 1 1 1
   2773   10   13   13 1 1 1
   2774   10   13   14 1 1 1
   2775   10   13   15 1 1 1
   2776   10   13   16 1 1 1
   2777   10   13   17 1 1 1
   2778   10   13   18 1 1 1
   2779   10   13   19 1 1 1
   2780   10   13   20 1 1 1
   2781   10   14    1 1 1 1
   2782   10   14    2 1 1 1
   2783   10   14    3 1 1 1
   2784   10   14    4 1 1 1
   2785   10   14    5 1 1 1
   2786   10   14    6 1 1 1
   2787   10   14    7 1 1 1
   2788   10   14    8 1 1 1
   2789   10   14    9 1 1 1
   2790   10   14   10 1 1 1
   2791   10   14   11 1 1 1
   2792   10   14   12 1 1 1
   2793   10   14   13 1 1 1
   2794   10   14   14 1 1 1
   2795   10   14   15 1 1 1
   2796   10   14   16 1 1 1
   2797   10   14   17 1 1 1
   2798   10   14   18 1 1 1
   2799   10   14   19 1 1 1
   2800   10   14   20 1 1 1
   2801   11    1    1 1 1 1
   2802   11    1    2 1 1 1
   2803   11    1    3 1 1 1
   2804   11    1    4 1 1 1
   2805   11    1    5 1 1 1
   2806   11    1    6 1 1 1
   2807   11    1    7 1 1 1
   2808   11    1    8 1 1 1
   2809   11    1    9 1 1 1
   2810   11    1   10 1 1 1
   2811   11    1   11 1 1 1
   2812   11    1   12 1 1 1
   2813   11    1   13 1 1 1
   2814   11    1   14 1 1 1
   2815   11    1   15 1 1 1
   2816   11    1   16 1 1 1
   2817   11    1   17 1 1 1
   2818   11    1   18 1 1 1
   2819   11    1   19 1 1 1
   2820   11    1   20 1 1 1
   2821   11    2    1 1 1 1
   2822   11    2    2 1 1 1
   2823   11    2    3 1 1 1
   2824   11    2    4 1 1 1
   2825   11    2    5 1 1 1
   2826   11    2    6 1 1 1
   2827   11    2    7 1 1 1
   2828   11    2    8 1 1 1
   2829   11    2    9 1 1 1
   2830   11    2   10 1 1 1
   2831   11    2   11 1 1 1
   2832   11    2   12 1 1 1
   2833   11    2   13 1 1 1
   2834   11    2   14 1 1 1
   2835   11    2   15 1 1 1
   2836   11    2   16 1 1 1
   2837   11    2   17 1 1 1
   2838   11    2   18 1 1 1
   2839   11    2   19 1 1 1
   2840   11    2   20 1 1 1
   2841   11    3    1 1 1 1
   2842   11    3    2 1 1 1
   2843   11    3    3 1 1 1
   2844   11    3    4 1 1 1
   2845   11    3    5 1 1 1
   2846   11    3    6 1 1 1
   2847   11    3    7 1 1 1
   2848   11    3    8 1 1 1
   2849   11    3    9 1 1 1
   2850   11    3   10 1 1 1
   2851   11    3   11 1 1 1
   2852   11    3   12 1 1 1
   2853   11    3   13 1 1 1
   2854   11    3   14 1 1 1
   2855   11    3   15 1 1 1
   2856   11    3   16 1 1 1
   2857   11    3   17 1 1 1
   2858   11    3   18 1 1 1
   2859   11    3   19 1 1 1
   2860   11    3   20 1 1 1
   2861   11    4    1 1 1 1
   2862   11    4    2 1 1 1
   2863   11    4    3 1 1 1
   2864   11    4    4 1 1 1
   2865   11    4    5 1 1 1
   2866   11    4    6 1 1 1
   2867   11    4    7 1 1 1
   2868   11    4    8 1 1 1
   2869   11    4    9 1 1 1
   2870   11    4   10 1 1 1
   2871   11    4   11 1 1 1
   2872   11    4   12 1 1 1
   2873   11    4   13 1 1 1
   2874   11    4   14 1 1 1
   2875   11    4   15 1 1 1
   2876   11    4   16 1 1 1
   2877   11    4   17 1 1 1
   2878   11    4   18 1 1 1
   2879   11    4   19 1 1 1
   2880   11    4   20 1 1 1
   2881   11    5    1 1 1 1
   2882   11    5    2 1 1 1
   2883   11    5    3 1 1 1
   2884   11    5    4 1 1 1
   2885   11    5    5 1 1 1
   2886   11    5    6 1 1 1
   2887   11    5    7 1 1 1
   2888   11    5    8 1 1 1
   2889   11    5    9 1 1 1
   2890   11    5   10 1 1 1
   2891   11    5   11 1 1 1
   2892   11    5   12 1 1 1
   2893   11    5   13 1 1 1
   2894   11    5   14 1 1 1
   2895   11    5   15 1 1 1
   2896   11    5   16 1 1 1
   2897   11    5   17 1 1 1
   2898   11    5   18 1 1 1
   2899   11    5   19 1 1 1
   2900   11    5   20 1 1 1
   2901   11    6    1 1 1 1
   2902   11    6    2 1 1 1
   2903   11    6    3 1 1 1
   2904   11    6    4 1 1 1
   2905   11    6    5 1 1 1
   2906   11    6    6 1 1 1
   2907   11    6    7 1 1 1
   2908   11    6    8 1 1 1
   2909   11    6    9 1 1 1
   2910   11    6   10 1 1 1
   2911   11    6   11 1 1 1
   2912   11    6   12 1 1 1
   2913   11    6   13 1 1 1
   2914   11    6   14 1 1 1
   2915   11    6   15 1 1 1
   2916   11    6   16 1 1 1
   2917   11    6   17 1 1 1
   2918   11    6   18 1 1 1
   2919   11    6   19 1 1 1
   2920   11    6   20 1 1 1
   2921   11    7    1 1 1 1
   2922   11    7    2 1 1 1
   2923   11    7    3 1 1 1
   2924   11    7    4 1 1 1
   2925   11    7    5 1 1 1
   2926   11    7    6 1 1 1
   2927   11    7    7 1 1 1
   2928   11    7    8 1 1 1
   2929   11    7    9 1 1 1
   2930   11    7   10 1 1 1
   2931   11    7   11 1 1 1
   2932   11    7   12 1 1 1
   2933   11    7   13 1 1 1
   2934   11    7   14 1 1 1
   2935   11    7   15 1 1 1
   2936   11    7   16 1 1 1
   2937   11    7   17 1 1 1
   2938   11    7   18 1 1 1
   2939   11    7   19 1 1 1
   2940   11    7   20 1 1 1
   2941   11    8    1 1 1 1
   2942   11    8    2 1 1 1
   2943   11    8    3 1 1 1
   2944   11    8    4 1 1 1
   2945   11    8    5 1 1 1
   2946   11    8    6 1 1 1
   2947   11    8    7 1 1 1
   2948   11    8    8 1 1 1
   2949   11    8    9 1 1 1
   2950   11    8   10 1 1 1
   2951   11    8   11 1 1 1
   2952   11    8   12 1 1 1
   2953   11    8   13 1 1 1
   2954   11    8   14 1 1 1
   2955   11    8   15 1 1 1
   2956   11    8   16 1 1 1
   2957   11    8   17 1 1 1
   2958   11    8   18 1 1 1
   2959   11    8   19 1 1 1
   2960   11    8   20 1 1 1
   2961   11    9    1 1 1 1
   2962   11    9    2 1 1 1
   2963   11    9    3 1 1 1
   2964   11    9    4 1 1 1
   2965   11    9    5 1 1 1
   2966   11    9    6 1 1 1
   2967   11    9    7 1 1 1
   2968   11    9    8 1 1 1
   2969   11    9    9 1 1 1
   2970   11    9   10 1 1 1
   2971   11    9   11 1 1 1
   2972   11    9   12 1 1 1
   2973   11    9   13 1 1 1
   2974   11    9   14 1 1 1
   2975   11    9   15 1 1 1
   2976   11    9   16 1 1 1
   2977   11    9   17 1 1 1
   2978   11    9   18 1 1 1
   2979   11    9   19 1 1 1
   2980   11    9   20 1 1 1
   2981   11   10    1 1 1 1
   2982   11   10    2 1 1 1
   2983   11   10    3 1 1 1
   2984   11   10    4 1 1 1
   2985   11   10    5 1 1 1
   2986   11   10    6 1 1 1
   2987   11   10    7 1 1 1
   2988   11   10    8 1 1 1
   2989   11   10    9 1 1 1
   2990   11   10   10 1 1 1
   2991   11   10   11 1 1 1
   2992   11   10   12 1 1 1
   2993   11   10   13 1 1 1
   2994   11   10   14 1 1 1
   2995   11   10   15 1 1 1
   2996   11   10   16 1 1 1
   2997   11   10   17 1 1 1
   2998   11   10   18 1 1 1
   2999   11   10   19 1 1 1
   3000   11   10   20 1 1 1
   3001   11   11    1 1 1 1
   3002   11   11    2 1 1 1
   3003   11   11    3 1 1 1
   3004   11   11    4 1 1 1
   3005   11   11    5 1 1 1
   3006   11   11    6 1 1 1
   3007   11   11    7 1 1 1
   3008   11   11    8 1 1 1
   3009   11   11    9 1 1 1
   3010   11   11   10 1 1 1
   3011   11   11   11 1 1 1
   3012   11   11   12 1 1 1
   3013   11   11   13 1 1 1
   3014   11   11   14 1 1 1
   3015   11   11   15 1 1 1
   3016   11   11   16 1 1 1
   3017   11   11   17 1 1 1
   3018   11   11   18 1 1 1
   3019   11   11   19 1 1 1
   3020   11   11   20 1 1 1
   3021   11   12    1 1 1 1
   3022   11   12    2 1 1 1
   3023   11   12    3 1 1 1
   3024   11   12    4 1 1 1
   3025   11   12    5 1 1 1
   3026   11   12    6 1 1 1
   3027   11   12    7 1 1 1
   3028   11   12    8 1 1 1
   3029   11   12    9 1 1 1
   3030   11   12   10 1 1 1
   3031   11   12   11 1 1 1
   3032   11   12   12 1 1 1
   3033   11   12   13 1 1 1
   3034   11   12   14 1 1 1
   3035   11   12   15 1 1 1
   3036   11   12   16 1 1 1
   3037   11   12   17 1 1 1
   3038   11   12   18 1 1 1
   3039   11   12   19 1 1 1
   3040   11   12   20 1 1 1
   3041   11   13    1 1 1 1
   3042   11   13    2 1 1 1
   3043   11   13    3 1 1 1
   3044   11   13    4 1 1 1
   3045   11   13    5 1 1 1
   3046   11   13    6 1 1 1
   3047   11   13    7 1 1 1
   3048   11   13    8 1 1 1
   3049   11   13    9 1 1 1
   3050   11   13   10 1 1 1
   3051   11   13   11 1 1 1
   3052   11   13   12 1 1 1
   3053   11   13   13 1 1 1
   3054   11   13   14 1 1 1
   3055   11   13   15 1 1 1
   3056   11   13   16 1 1 1
   3057   11   13   17 1 1 1
   3058   11   13   18 1 1 1
   3059   11   13   19 1 1 1
   3060   11   13   20 1 1 1
   3061   11   14    1 1 1 1
   3062   11   14    2 1 1 1
   3063   11   14    3 1 1 1
   3064   11   14    4 1 1 1
   3065   11   14    5 1 1 1
   3066   11   14    6 1 1 1
   3067   11   14    7 1 1 1
   3068   11   14    8 1 1 1
   3069   11   14    9 1 1 1
   3070   11   14   10 1 1 1
   3071   11   14   11 1 1 1
   3072   11   14   12 1 1 1
   3073   11   14   13 1 1 1
   3074   11   14   14 1 1 1
   3075   11   14   15 1 1 1
   3076   11   14   16 1 1 1
   3077   11   14   17 1 1 1
   3078   11   14   18 1 1 1
   3079   11   14   19 1 1 1
   3080   11   14   20 1 1 1
   3081   12    1    1 1 1 1
   3082   12    1    2 1 1 1
   3083   12    1    3 1 1 1
   3084   12    1    4 1 1 1
   3085   12    1    5 1 1 1
   3086   12    1    6 1 1 1
   3087   12    1    7 1 1 1
   3088   12    1    8 1 1 1
   3089   12    1    9 1 1 1
   3090   12    1   10 1 1 1
   3091   12    1   11 1 1 1
   3092   12    1   12 1 1 1
   3093   12    1   13 1 1 1
   3094   12    1   14 1 1 1
   3095   12    1   15 1 1 1
   3096   12    1   16 1 1 1
   3097   12    1   17 1 1 1
   3098   12    1   18 1 1 1
   3099   12    1   19 1 1 1
   3100   12    1   20 1 1 1
   3101   12    2    1 1 1 1
   3102   12    2    2 1 1 1
   3103   12    2    3 1 1 1
   3104   12    2    4 1 1 1
   3105   12    2    5 1 1 1
   3106   12    2    6 1 1 1
   3107   12    2    7 1 1 1
   3108   12    2    8 1 1 1
   3109   12    2    9 1 1 1
   3110   12    2   10 1 1 1
   3111   12    2   11 1 1 1
   3112   12    2   12 1 1 1
   3113   12    2   13 1 1 1
   3114   12    2   14 1 1 1
   3115   12    2   15 1 1 1
   3116   12    2   16 1 1 1
   3117   12    2   17 1 1 1
   3118   12    2   18 1 1 1
   3119   12    2   19 1 1 1
   3120   12    2   20 1 1 1
   3121   12    3    1 1 1 1
   3122   12    3    2 1 1 1
   3123   12    3    3 1 1 1
   3124   12    3    4 1 1 1
   3125   12    3    5 1 1 1
   3126   12    3    6 1 1 1
   3127   12    3    7 1 1 1
   3128   12    3    8 1 1 1
   3129   12    3    9 1 1 1
   3130   12    3   10 1 1 1
   3131   12    3   11 1 1 1
   3132   12    3   12 1 1 1
   3133   12    3   13 1 1 1
   3134   12    3   14 1 1 1
   3135   12    3   15 1 1 1
   3136   12    3   16 1 1 1
   3137   12    3   17 1 1 1
   3138   12    3   18 1 1 1
   3139   12    3   19 1 1 1
   3140   12    3   20 1 1 1
   3141   12    4    1 1 1 1
   3142   12    4    2 1 1 1
   3143   12    4    3 1 1 1
   3144   12    4    4 1 1 1
   3145   12    4    5 1 1 1
   3146   12    4    6 1 1 1
   3147   12    4    7 1 1 1
   3148   12    4    8 1 1 1
   3149   12    4    9 1 1 1
   3150   12    4   10 1 1 1
   3151   12    4   11 1 1 1
   3152   12    4   12 1 1 1
   3153   12    4   13 1 1 1
   3154   12    4   14 1 1 1
   3155   12    4   15 1 1 1
   3156   12    4   16 1 1 1
   3157   12    4   17 1 1 1
   3158   12    4   18 1 1 1
   3159   12    4   19 1 1 1
   3160   12    4   20 1 1 1
   3161   12    5    1 1 1 1
   3162   12    5    2 1 1 1
   3163   12    5    3 1 1 1
   3164   12    5    4 1 1 1
   3165   12    5    5 1 1 1
   3166   12    5    6 1 1 1
   3167   12    5    7 1 1 1
   3168   12    5    8 1 1 1
   3169   12    5    9 1 1 1
   3170   12    5   10 1 1 1
   3171   12    5   11 1 1 1
   3172   12    5   12 1 1 1
   3173   12    5   13 1 1 1
   3174   12    5   14 1 1 1
   3175   12    5   15 1 1 1
   3176   12    5   16 1 1 1
   3177   12    5   17 1 1 1
   3178   12    5   18 1 1 1
   3179   12    5   19 1 1 1
   3180   12    5   20 1 1 1
   3181   12    6    1 1 1 1
   3182   12    6    2 1 1 1
   3183   12    6    3 1 1 1
   3184   12    6    4 1 1 1
   3185   12    6    5 1 1 1
   3186   12    6    6 1 1 1
   3187   12    6    7 1 1 1
   3188   12    6    8 1 1 1
   3189   12    6    9 1 1 1
   3190   12    6   10 1 1 1
   3191   12    6   11 1 1 1
   3192   12    6   12 1 1 1
   3193   12    6   13 1 1 1
   3194   12    6   14 1 1 1
   3195   12    6   15 1 1 1
   3196   12    6   16 1 1 1
   3197   12    6   17 1 1 1
   3198   12    6   18 1 1 1
   3199   12    6   19 1 1 1
   3200   12    6   20 1 1 1
   3201   12    7    1 1 1 1
   3202   12    7    2 1 1 1
   3203   12    7    3 1 1 1
   3204   12    7    4 1 1 1
   3205   12    7    5 1 1 1
   3206   12    7    6 1 1 1
   3207   12    7    7 1 1 1
   3208   12    7    8 1 1 1
   3209   12    7    9 1 1 1
   3210   12    7   10 1 1 1
   3211   12    7   11 1 1 1
   3212   12    7   12 1 1 1
   3213   12    7   13 1 1 1
   3214   12    7   14 1 1 1
   3215   12    7   15 1 1 1
   3216   12    7   16 1 1 1
   3217   12    7   17 1 1 1
   3218   12    7   18 1 1 1
   3219   12    7   19 1 1 1
   3220   12    7   20 1 1 1
   3221   12    8    1 1 1 1
   3222   12    8    2 1 1 1
   3223   12    8    3 1 1 1
   3224   12    8    4 1 1 1
   3225   12    8    5 1 1 1
   3226   12    8    6 1 1 1
   3227   12    8    7 1 1 1
   3228   12    8    8 1 1 1
   3229   12    8    9 1 1 1
   3230   12    8   10 1 1 1
   3231   12    8   11 1 1 1
   3232   12    8   12 1 1 1
   3233   12    8   13 1 1 1
   3234   12    8   14 1 1 1
   3235   12    8   15 1 1 1
   3236   12    8   16 1 1 1
   3237   12    8   17 1 1 1
   3238   12    8   18 1 1 1
   3239   12    8   19 1 1 1
   3240   12    8   20 1 1 1
   3241   12    9    1 1 1 1
   3242   12    9    2 1 1 1
   3243   12    9    3 1 1 1
   3244   12    9    4 1 1 1
   3245   12    9    5 1 1 1
   3246   12    9    6 1 1 1
   3247   12    9    7 1 1 1
   3248   12    9    8 1 1 1
   3249   12    9    9 1 1 1
   3250   12    9   10 1 1 1
   3251   12    9   11 1 1 1
   3252   12    9   12 1 1 1
   3253   12    9   13 1 1 1
   3254   12    9   14 1 1 1
   3255   12    9   15 1 1 1
   3256   12    9   16 1 1 1
   3257   12    9   17 1 1 1
   3258   12    9   18 1 1 1
   3259   12    9   19 1 1 1
   3260   12    9   20 1 1 1
   3261   12   10    1 1 1 1
   3262   12   10    2 1 1 1
   3263   12   10    3 1 1 1
   3264   12   10    4 1 1 1
   3265   12   10    5 1 1 1
   3266   12   10    6 1 1 1
   3267   12   10    7 1 1 1
   3268   12   10    8 1 1 1
   3269   12   10    9 1 1 1
   3270   12   10   10 1 1 1
   3271   12   10   11 1 1 1
   3272   12   10   12 1 1 1
   3273   12   10   13 1 1 1
   3274   12   10   14 1 1 1
   3275   12   10   15 1 1 1
   3276   12   10   16 1 1 1
   3277   12   10   17 1 1 1
   3278   12   10   18 1 1 1
   3279   12   10   19 1 1 1
   3280   12   10   20 1 1 1
   3281   12   11    1 1 1 1
   3282   12   11    2 1 1 1
   3283   12   11    3 1 1 1
   3284   12   11    4 1 1 1
   3285   12   11    5 1 1 1
   3286   12   11    6 1 1 1
   3287   12   11    7 1 1 1
   3288   12   11    8 1 1 1
   3289   12   11    9 1 1 1
   3290   12   11   10 1 1 1
   3291   12   11   11 1 1 1
   3292   12   11   12 1 1 1
   3293   12   11   13 1 1 1
   3294   12   11   14 1 1 1
   3295   12   11   15 1 1 1
   3296   12   11   16 1 1 1
   3297   12   11   17 1 1 1
   3298   12   11   18 1 1 1
   3299   12   11   19 1 1 1
   3300   12   11   20 1 1 1
   3301   12   12    1 1 1 1
   3302   12   12    2 1 1 1
   3303   12   12    3 1 1 1
   3304   12   12    4 1 1 1
   3305   12   12    5 1 1 1
   3306   12   12    6 1 1 1
   3307   12   12    7 1 1 1
   3308   12   12    8 1 1 1
   3309   12   12    9 1 1 1
   3310   12   12   10 1 1 1
   3311   12   12   11 1 1 1
   3312   12   12   12 1 1 1
   3313   12   12   13 1 1 1
   3314   12   12   14 1 1 1
   3315   12   12   15 1 1 1
   3316   12   12   16 1 1 1
   3317   12   12   17 1 1 1
   3318   12   12   18 1 1 1
   3319   12   12   19 1 1 1
   3320   12   12   20 1 1 1
   3321   12   13    1 1 1 1
   3322   12   13    2 1 1 1
   3323   12   13    3 1 1 1
   3324   12   13    4 1 1 1
   3325   12   13    5 1 1 1
   3326   12   13    6 1 1 1
   3327   12   13    7 1 1 1
   3328   12   13    8 1 1 1
   3329   12   13    9 1 1 1
   3330   12   13   10 1 1 1
   3331   12   13   11 1 1 1
   3332   12   13   12 1 1 1
   3333   12   13   13 1 1 1
   3334   12   13   14 1 1 1
   3335   12   13   15 1 1 1
   3336   12   13   16 1 1 1
   3337   12   13   17 1 1 1
   3338   12   13   18 1 1 1
   3339   12   13   19 1 1 1
   3340   12   13   20 1 1 1
   3341   12   14    1 1 1 1
   3342   12   14    2 1 1 1
   3343   12   14    3 1 1 1
   3344   12   14    4 1 1 1
   3345   12   14    5 1 1 1
   3346   12   14    6 1 1 1
   3347   12   14    7 1 1 1
   3348   12   14    8 1 1 1
   3349   12   14    9 1 1 1
   3350   12   14   10 1 1 1
   3351   12   14   11 1 1 1
   3352   12   14   12 1 1 1
   3353   12   14   13 1 1 1
   3354   12   14   14 1 1 1
   3355   12   14   15 1 1 1
   3356   12   14   16 1 1 1
   3357   12   14   17 1 1 1
   3358   12   14   18 1 1 1
   3359   12   14   19 1 1 1
   3360   12   14   20 1 1 1
