 >REASHP: option FROM_FILE
      2880 = NAT
  1.000000  0.000000  0.000000 = A_1 vector
  0.000000  1.000000  0.000000 = A_2 vector
  1.000000  1.000000  1.000000 = lattice spacings (d_x,d_y,d_z)/d
  -0.02230  -0.17775  -0.07860 = lattice offset x0(1-3) = (x_TF,y_TF,z_TF)/d for dipole 0 0 0
     JA  IX  IY  IZ ICOMP(x,y,z)
      1    1    1    1 1 1 1
      2    1    1    2 1 1 1
      3    1    1    3 1 1 1
      4    1    1    4 1 1 1
      5    1    1    5 1 1 1
      6    1    1    6 1 1 1
      7    1    1    7 1 1 1
      8    1    1    8 1 1 1
      9    1    1    9 1 1 1
     10    1    1   10 1 1 1
     11    1    1   11 1 1 1
     12    1    1   12 1 1 1
     13    1    1   13 1 1 1
     14    1    1   14 1 1 1
     15    1    1   15 1 1 1
     16    1    1   16 1 1 1
     17    1    2    1 1 1 1
     18    1    2    2 1 1 1
     19    1    2    3 1 1 1
     20    1    2    4 1 1 1
     21    1    2    5 1 1 1
     22    1    2    6 1 1 1
     23    1    2    7 1 1 1
     24    1    2    8 1 1 1
     25    1    2    9 1 1 1
     26    1    2   10 1 1 1
     27    1    2   11 1 1 1
     28    1    2   12 1 1 1
     29    1    2   13 1 1 1
     30    1    2   14 1 1 1
     31    1    2   15 1 1 1
     32    1    2   16 1 1 1
     33    1    3    1 1 1 1
     34    1    3    2 1 1 1
     35    1    3    3 1 1 1
     36    1    3    4 1 1 1
     37    1    3    5 1 1 1
     38    1    3    6 1 1 1
     39    1    3    7 1 1 1
     40    1    3    8 1 1 1
     41    1    3    9 1 1 1
     42    1    3   10 1 1 1
     43    1    3   11 1 1 1
     44    1    3   12 1 1 1
     45    1    3   13 1 1 1
     46    1    3   14 1 1 1
     47    1    3   15 1 1 1
     48    1    3   16 1 1 1
     49    1    4    1 1 1 1
     50    1    4    2 1 1 1
     51    1    4    3 1 1 1
     52    1    4    4 1 1 1
     53    1    4    5 1 1 1
     54    1    4    6 1 1 1
     55    1    4    7 1 1 1
     56    1    4    8 1 1 1
     57    1    4    9 1 1 1
     58    1    4   10 1 1 1
     59    1    4   11 1 1 1
     60    1    4   12 1 1 1
     61    1    4   13 1 1 1
     62    1    4   14 1 1 1
     63    1    4   15 1 1 1
     64    1    4   16 1 1 1
     65    1    5    1 1 1 1
     66    1    5    2 1 1 1
     67    1    5    3 1 1 1
     68    1    5    4 1 1 1
     69    1    5    5 1 1 1
     70    1    5    6 1 1 1
     71    1    5    7 1 1 1
     72    1    5    8 1 1 1
     73    1    5    9 1 1 1
     74    1    5   10 1 1 1
     75    1    5   11 1 1 1
     76    1    5   12 1 1 1
     77    1    5   13 1 1 1
     78    1    5   14 1 1 1
     79    1    5   15 1 1 1
     80    1    5   16 1 1 1
     81    1    6    1 1 1 1
     82    1    6    2 1 1 1
     83    1    6    3 1 1 1
     84    1    6    4 1 1 1
     85    1    6    5 1 1 1
     86    1    6    6 1 1 1
     87    1    6    7 1 1 1
     88    1    6    8 1 1 1
     89    1    6    9 1 1 1
     90    1    6   10 1 1 1
     91    1    6   11 1 1 1
     92    1    6   12 1 1 1
     93    1    6   13 1 1 1
     94    1    6   14 1 1 1
     95    1    6   15 1 1 1
     96    1    6   16 1 1 1
     97    1    7    1 1 1 1
     98    1    7    2 1 1 1
     99    1    7    3 1 1 1
    100    1    7    4 1 1 1
    101    1    7    5 1 1 1
    102    1    7    6 1 1 1
    103    1    7    7 1 1 1
    104    1    7    8 1 1 1
    105    1    7    9 1 1 1
    106    1    7   10 1 1 1
    107    1    7   11 1 1 1
    108    1    7   12 1 1 1
    109    1    7   13 1 1 1
    110    1    7   14 1 1 1
    111    1    7   15 1 1 1
    112    1    7   16 1 1 1
    113    1    8    1 1 1 1
    114    1    8    2 1 1 1
    115    1    8    3 1 1 1
    116    1    8    4 1 1 1
    117    1    8    5 1 1 1
    118    1    8    6 1 1 1
    119    1    8    7 1 1 1
    120    1    8    8 1 1 1
    121    1    8    9 1 1 1
    122    1    8   10 1 1 1
    123    1    8   11 1 1 1
    124    1    8   12 1 1 1
    125    1    8   13 1 1 1
    126    1    8   14 1 1 1
    127    1    8   15 1 1 1
    128    1    8   16 1 1 1
    129    1    9    1 1 1 1
    130    1    9    2 1 1 1
    131    1    9    3 1 1 1
    132    1    9    4 1 1 1
    133    1    9    5 1 1 1
    134    1    9    6 1 1 1
    135    1    9    7 1 1 1
    136    1    9    8 1 1 1
    137    1    9    9 1 1 1
    138    1    9   10 1 1 1
    139    1    9   11 1 1 1
    140    1    9   12 1 1 1
    141    1    9   13 1 1 1
    142    1    9   14 1 1 1
    143    1    9   15 1 1 1
    144    1    9   16 1 1 1
    145    1   10    1 1 1 1
    146    1   10    2 1 1 1
    147    1   10    3 1 1 1
    148    1   10    4 1 1 1
    149    1   10    5 1 1 1
    150    1   10    6 1 1 1
    151    1   10    7 1 1 1
    152    1   10    8 1 1 1
    153    1   10    9 1 1 1
    154    1   10   10 1 1 1
    155    1   10   11 1 1 1
    156    1   10   12 1 1 1
    157    1   10   13 1 1 1
    158    1   10   14 1 1 1
    159    1   10   15 1 1 1
    160    1   10   16 1 1 1
    161    1   11    1 1 1 1
    162    1   11    2 1 1 1
    163    1   11    3 1 1 1
    164    1   11    4 1 1 1
    165    1   11    5 1 1 1
    166    1   11    6 1 1 1
    167    1   11    7 1 1 1
    168    1   11    8 1 1 1
    169    1   11    9 1 1 1
    170    1   11   10 1 1 1
    171    1   11   11 1 1 1
    172    1   11   12 1 1 1
    173    1   11   13 1 1 1
    174    1   11   14 1 1 1
    175    1   11   15 1 1 1
    176    1   11   16 1 1 1
    177    1   12    1 1 1 1
    178    1   12    2 1 1 1
    179    1   12    3 1 1 1
    180    1   12    4 1 1 1
    181    1   12    5 1 1 1
    182    1   12    6 1 1 1
    183    1   12    7 1 1 1
    184    1   12    8 1 1 1
    185    1   12    9 1 1 1
    186    1   12   10 1 1 1
    187    1   12   11 1 1 1
    188    1   12   12 1 1 1
    189    1   12   13 1 1 1
    190    1   12   14 1 1 1
    191    1   12   15 1 1 1
    192    1   12   16 1 1 1
    193    1   13    1 1 1 1
    194    1   13    2 1 1 1
    195    1   13    3 1 1 1
    196    1   13    4 1 1 1
    197    1   13    5 1 1 1
    198    1   13    6 1 1 1
    199    1   13    7 1 1 1
    200    1   13    8 1 1 1
    201    1   13    9 1 1 1
    202    1   13   10 1 1 1
    203    1   13   11 1 1 1
    204    1   13   12 1 1 1
    205    1   13   13 1 1 1
    206    1   13   14 1 1 1
    207    1   13   15 1 1 1
    208    1   13   16 1 1 1
    209    1   14    1 1 1 1
    210    1   14    2 1 1 1
    211    1   14    3 1 1 1
    212    1   14    4 1 1 1
    213    1   14    5 1 1 1
    214    1   14    6 1 1 1
    215    1   14    7 1 1 1
    216    1   14    8 1 1 1
    217    1   14    9 1 1 1
    218    1   14   10 1 1 1
    219    1   14   11 1 1 1
    220    1   14   12 1 1 1
    221    1   14   13 1 1 1
    222    1   14   14 1 1 1
    223    1   14   15 1 1 1
    224    1   14   16 1 1 1
    225    1   15    1 1 1 1
    226    1   15    2 1 1 1
    227    1   15    3 1 1 1
    228    1   15    4 1 1 1
    229    1   15    5 1 1 1
    230    1   15    6 1 1 1
    231    1   15    7 1 1 1
    232    1   15    8 1 1 1
    233    1   15    9 1 1 1
    234    1   15   10 1 1 1
    235    1   15   11 1 1 1
    236    1   15   12 1 1 1
    237    1   15   13 1 1 1
    238    1   15   14 1 1 1
    239    1   15   15 1 1 1
    240    1   15   16 1 1 1
    241    1   16    1 1 1 1
    242    1   16    2 1 1 1
    243    1   16    3 1 1 1
    244    1   16    4 1 1 1
    245    1   16    5 1 1 1
    246    1   16    6 1 1 1
    247    1   16    7 1 1 1
    248    1   16    8 1 1 1
    249    1   16    9 1 1 1
    250    1   16   10 1 1 1
    251    1   16   11 1 1 1
    252    1   16   12 1 1 1
    253    1   16   13 1 1 1
    254    1   16   14 1 1 1
    255    1   16   15 1 1 1
    256    1   16   16 1 1 1
    257    1   17    1 1 1 1
    258    1   17    2 1 1 1
    259    1   17    3 1 1 1
    260    1   17    4 1 1 1
    261    1   17    5 1 1 1
    262    1   17    6 1 1 1
    263    1   17    7 1 1 1
    264    1   17    8 1 1 1
    265    1   17    9 1 1 1
    266    1   17   10 1 1 1
    267    1   17   11 1 1 1
    268    1   17   12 1 1 1
    269    1   17   13 1 1 1
    270    1   17   14 1 1 1
    271    1   17   15 1 1 1
    272    1   17   16 1 1 1
    273    1   18    1 1 1 1
    274    1   18    2 1 1 1
    275    1   18    3 1 1 1
    276    1   18    4 1 1 1
    277    1   18    5 1 1 1
    278    1   18    6 1 1 1
    279    1   18    7 1 1 1
    280    1   18    8 1 1 1
    281    1   18    9 1 1 1
    282    1   18   10 1 1 1
    283    1   18   11 1 1 1
    284    1   18   12 1 1 1
    285    1   18   13 1 1 1
    286    1   18   14 1 1 1
    287    1   18   15 1 1 1
    288    1   18   16 1 1 1
    289    1   19    1 1 1 1
    290    1   19    2 1 1 1
    291    1   19    3 1 1 1
    292    1   19    4 1 1 1
    293    1   19    5 1 1 1
    294    1   19    6 1 1 1
    295    1   19    7 1 1 1
    296    1   19    8 1 1 1
    297    1   19    9 1 1 1
    298    1   19   10 1 1 1
    299    1   19   11 1 1 1
    300    1   19   12 1 1 1
    301    1   19   13 1 1 1
    302    1   19   14 1 1 1
    303    1   19   15 1 1 1
    304    1   19   16 1 1 1
    305    1   20    1 1 1 1
    306    1   20    2 1 1 1
    307    1   20    3 1 1 1
    308    1   20    4 1 1 1
    309    1   20    5 1 1 1
    310    1   20    6 1 1 1
    311    1   20    7 1 1 1
    312    1   20    8 1 1 1
    313    1   20    9 1 1 1
    314    1   20   10 1 1 1
    315    1   20   11 1 1 1
    316    1   20   12 1 1 1
    317    1   20   13 1 1 1
    318    1   20   14 1 1 1
    319    1   20   15 1 1 1
    320    1   20   16 1 1 1
    321    1   21    1 1 1 1
    322    1   21    2 1 1 1
    323    1   21    3 1 1 1
    324    1   21    4 1 1 1
    325    1   21    5 1 1 1
    326    1   21    6 1 1 1
    327    1   21    7 1 1 1
    328    1   21    8 1 1 1
    329    1   21    9 1 1 1
    330    1   21   10 1 1 1
    331    1   21   11 1 1 1
    332    1   21   12 1 1 1
    333    1   21   13 1 1 1
    334    1   21   14 1 1 1
    335    1   21   15 1 1 1
    336    1   21   16 1 1 1
    337    1   22    1 1 1 1
    338    1   22    2 1 1 1
    339    1   22    3 1 1 1
    340    1   22    4 1 1 1
    341    1   22    5 1 1 1
    342    1   22    6 1 1 1
    343    1   22    7 1 1 1
    344    1   22    8 1 1 1
    345    1   22    9 1 1 1
    346    1   22   10 1 1 1
    347    1   22   11 1 1 1
    348    1   22   12 1 1 1
    349    1   22   13 1 1 1
    350    1   22   14 1 1 1
    351    1   22   15 1 1 1
    352    1   22   16 1 1 1
    353    1   23    1 1 1 1
    354    1   23    2 1 1 1
    355    1   23    3 1 1 1
    356    1   23    4 1 1 1
    357    1   23    5 1 1 1
    358    1   23    6 1 1 1
    359    1   23    7 1 1 1
    360    1   23    8 1 1 1
    361    1   23    9 1 1 1
    362    1   23   10 1 1 1
    363    1   23   11 1 1 1
    364    1   23   12 1 1 1
    365    1   23   13 1 1 1
    366    1   23   14 1 1 1
    367    1   23   15 1 1 1
    368    1   23   16 1 1 1
    369    1   24    1 1 1 1
    370    1   24    2 1 1 1
    371    1   24    3 1 1 1
    372    1   24    4 1 1 1
    373    1   24    5 1 1 1
    374    1   24    6 1 1 1
    375    1   24    7 1 1 1
    376    1   24    8 1 1 1
    377    1   24    9 1 1 1
    378    1   24   10 1 1 1
    379    1   24   11 1 1 1
    380    1   24   12 1 1 1
    381    1   24   13 1 1 1
    382    1   24   14 1 1 1
    383    1   24   15 1 1 1
    384    1   24   16 1 1 1
    385    1   25    1 1 1 1
    386    1   25    2 1 1 1
    387    1   25    3 1 1 1
    388    1   25    4 1 1 1
    389    1   25    5 1 1 1
    390    1   25    6 1 1 1
    391    1   25    7 1 1 1
    392    1   25    8 1 1 1
    393    1   25    9 1 1 1
    394    1   25   10 1 1 1
    395    1   25   11 1 1 1
    396    1   25   12 1 1 1
    397    1   25   13 1 1 1
    398    1   25   14 1 1 1
    399    1   25   15 1 1 1
    400    1   25   16 1 1 1
    401    1   26    1 1 1 1
    402    1   26    2 1 1 1
    403    1   26    3 1 1 1
    404    1   26    4 1 1 1
    405    1   26    5 1 1 1
    406    1   26    6 1 1 1
    407    1   26    7 1 1 1
    408    1   26    8 1 1 1
    409    1   26    9 1 1 1
    410    1   26   10 1 1 1
    411    1   26   11 1 1 1
    412    1   26   12 1 1 1
    413    1   26   13 1 1 1
    414    1   26   14 1 1 1
    415    1   26   15 1 1 1
    416    1   26   16 1 1 1
    417    1   27    1 1 1 1
    418    1   27    2 1 1 1
    419    1   27    3 1 1 1
    420    1   27    4 1 1 1
    421    1   27    5 1 1 1
    422    1   27    6 1 1 1
    423    1   27    7 1 1 1
    424    1   27    8 1 1 1
    425    1   27    9 1 1 1
    426    1   27   10 1 1 1
    427    1   27   11 1 1 1
    428    1   27   12 1 1 1
    429    1   27   13 1 1 1
    430    1   27   14 1 1 1
    431    1   27   15 1 1 1
    432    1   27   16 1 1 1
    433    1   28    1 1 1 1
    434    1   28    2 1 1 1
    435    1   28    3 1 1 1
    436    1   28    4 1 1 1
    437    1   28    5 1 1 1
    438    1   28    6 1 1 1
    439    1   28    7 1 1 1
    440    1   28    8 1 1 1
    441    1   28    9 1 1 1
    442    1   28   10 1 1 1
    443    1   28   11 1 1 1
    444    1   28   12 1 1 1
    445    1   28   13 1 1 1
    446    1   28   14 1 1 1
    447    1   28   15 1 1 1
    448    1   28   16 1 1 1
    449    1   29    1 1 1 1
    450    1   29    2 1 1 1
    451    1   29    3 1 1 1
    452    1   29    4 1 1 1
    453    1   29    5 1 1 1
    454    1   29    6 1 1 1
    455    1   29    7 1 1 1
    456    1   29    8 1 1 1
    457    1   29    9 1 1 1
    458    1   29   10 1 1 1
    459    1   29   11 1 1 1
    460    1   29   12 1 1 1
    461    1   29   13 1 1 1
    462    1   29   14 1 1 1
    463    1   29   15 1 1 1
    464    1   29   16 1 1 1
    465    1   30    1 1 1 1
    466    1   30    2 1 1 1
    467    1   30    3 1 1 1
    468    1   30    4 1 1 1
    469    1   30    5 1 1 1
    470    1   30    6 1 1 1
    471    1   30    7 1 1 1
    472    1   30    8 1 1 1
    473    1   30    9 1 1 1
    474    1   30   10 1 1 1
    475    1   30   11 1 1 1
    476    1   30   12 1 1 1
    477    1   30   13 1 1 1
    478    1   30   14 1 1 1
    479    1   30   15 1 1 1
    480    1   30   16 1 1 1
    481    1   31    1 1 1 1
    482    1   31    2 1 1 1
    483    1   31    3 1 1 1
    484    1   31    4 1 1 1
    485    1   31    5 1 1 1
    486    1   31    6 1 1 1
    487    1   31    7 1 1 1
    488    1   31    8 1 1 1
    489    1   31    9 1 1 1
    490    1   31   10 1 1 1
    491    1   31   11 1 1 1
    492    1   31   12 1 1 1
    493    1   31   13 1 1 1
    494    1   31   14 1 1 1
    495    1   31   15 1 1 1
    496    1   31   16 1 1 1
    497    1   32    1 1 1 1
    498    1   32    2 1 1 1
    499    1   32    3 1 1 1
    500    1   32    4 1 1 1
    501    1   32    5 1 1 1
    502    1   32    6 1 1 1
    503    1   32    7 1 1 1
    504    1   32    8 1 1 1
    505    1   32    9 1 1 1
    506    1   32   10 1 1 1
    507    1   32   11 1 1 1
    508    1   32   12 1 1 1
    509    1   32   13 1 1 1
    510    1   32   14 1 1 1
    511    1   32   15 1 1 1
    512    1   32   16 1 1 1
    513    1   33    1 1 1 1
    514    1   33    2 1 1 1
    515    1   33    3 1 1 1
    516    1   33    4 1 1 1
    517    1   33    5 1 1 1
    518    1   33    6 1 1 1
    519    1   33    7 1 1 1
    520    1   33    8 1 1 1
    521    1   33    9 1 1 1
    522    1   33   10 1 1 1
    523    1   33   11 1 1 1
    524    1   33   12 1 1 1
    525    1   33   13 1 1 1
    526    1   33   14 1 1 1
    527    1   33   15 1 1 1
    528    1   33   16 1 1 1
    529    1   34    1 1 1 1
    530    1   34    2 1 1 1
    531    1   34    3 1 1 1
    532    1   34    4 1 1 1
    533    1   34    5 1 1 1
    534    1   34    6 1 1 1
    535    1   34    7 1 1 1
    536    1   34    8 1 1 1
    537    1   34    9 1 1 1
    538    1   34   10 1 1 1
    539    1   34   11 1 1 1
    540    1   34   12 1 1 1
    541    1   34   13 1 1 1
    542    1   34   14 1 1 1
    543    1   34   15 1 1 1
    544    1   34   16 1 1 1
    545    1   35    1 1 1 1
    546    1   35    2 1 1 1
    547    1   35    3 1 1 1
    548    1   35    4 1 1 1
    549    1   35    5 1 1 1
    550    1   35    6 1 1 1
    551    1   35    7 1 1 1
    552    1   35    8 1 1 1
    553    1   35    9 1 1 1
    554    1   35   10 1 1 1
    555    1   35   11 1 1 1
    556    1   35   12 1 1 1
    557    1   35   13 1 1 1
    558    1   35   14 1 1 1
    559    1   35   15 1 1 1
    560    1   35   16 1 1 1
    561    1   36    1 1 1 1
    562    1   36    2 1 1 1
    563    1   36    3 1 1 1
    564    1   36    4 1 1 1
    565    1   36    5 1 1 1
    566    1   36    6 1 1 1
    567    1   36    7 1 1 1
    568    1   36    8 1 1 1
    569    1   36    9 1 1 1
    570    1   36   10 1 1 1
    571    1   36   11 1 1 1
    572    1   36   12 1 1 1
    573    1   36   13 1 1 1
    574    1   36   14 1 1 1
    575    1   36   15 1 1 1
    576    1   36   16 1 1 1
    577    2    1    1 1 1 1
    578    2    1    2 1 1 1
    579    2    1    3 1 1 1
    580    2    1    4 1 1 1
    581    2    1    5 1 1 1
    582    2    1    6 1 1 1
    583    2    1    7 1 1 1
    584    2    1    8 1 1 1
    585    2    1    9 1 1 1
    586    2    1   10 1 1 1
    587    2    1   11 1 1 1
    588    2    1   12 1 1 1
    589    2    1   13 1 1 1
    590    2    1   14 1 1 1
    591    2    1   15 1 1 1
    592    2    1   16 1 1 1
    593    2    2    1 1 1 1
    594    2    2    2 1 1 1
    595    2    2    3 1 1 1
    596    2    2    4 1 1 1
    597    2    2    5 1 1 1
    598    2    2    6 1 1 1
    599    2    2    7 1 1 1
    600    2    2    8 1 1 1
    601    2    2    9 1 1 1
    602    2    2   10 1 1 1
    603    2    2   11 1 1 1
    604    2    2   12 1 1 1
    605    2    2   13 1 1 1
    606    2    2   14 1 1 1
    607    2    2   15 1 1 1
    608    2    2   16 1 1 1
    609    2    3    1 1 1 1
    610    2    3    2 1 1 1
    611    2    3    3 1 1 1
    612    2    3    4 1 1 1
    613    2    3    5 1 1 1
    614    2    3    6 1 1 1
    615    2    3    7 1 1 1
    616    2    3    8 1 1 1
    617    2    3    9 1 1 1
    618    2    3   10 1 1 1
    619    2    3   11 1 1 1
    620    2    3   12 1 1 1
    621    2    3   13 1 1 1
    622    2    3   14 1 1 1
    623    2    3   15 1 1 1
    624    2    3   16 1 1 1
    625    2    4    1 1 1 1
    626    2    4    2 1 1 1
    627    2    4    3 1 1 1
    628    2    4    4 1 1 1
    629    2    4    5 1 1 1
    630    2    4    6 1 1 1
    631    2    4    7 1 1 1
    632    2    4    8 1 1 1
    633    2    4    9 1 1 1
    634    2    4   10 1 1 1
    635    2    4   11 1 1 1
    636    2    4   12 1 1 1
    637    2    4   13 1 1 1
    638    2    4   14 1 1 1
    639    2    4   15 1 1 1
    640    2    4   16 1 1 1
    641    2    5    1 1 1 1
    642    2    5    2 1 1 1
    643    2    5    3 1 1 1
    644    2    5    4 1 1 1
    645    2    5    5 1 1 1
    646    2    5    6 1 1 1
    647    2    5    7 1 1 1
    648    2    5    8 1 1 1
    649    2    5    9 1 1 1
    650    2    5   10 1 1 1
    651    2    5   11 1 1 1
    652    2    5   12 1 1 1
    653    2    5   13 1 1 1
    654    2    5   14 1 1 1
    655    2    5   15 1 1 1
    656    2    5   16 1 1 1
    657    2    6    1 1 1 1
    658    2    6    2 1 1 1
    659    2    6    3 1 1 1
    660    2    6    4 1 1 1
    661    2    6    5 1 1 1
    662    2    6    6 1 1 1
    663    2    6    7 1 1 1
    664    2    6    8 1 1 1
    665    2    6    9 1 1 1
    666    2    6   10 1 1 1
    667    2    6   11 1 1 1
    668    2    6   12 1 1 1
    669    2    6   13 1 1 1
    670    2    6   14 1 1 1
    671    2    6   15 1 1 1
    672    2    6   16 1 1 1
    673    2    7    1 1 1 1
    674    2    7    2 1 1 1
    675    2    7    3 1 1 1
    676    2    7    4 1 1 1
    677    2    7    5 1 1 1
    678    2    7    6 1 1 1
    679    2    7    7 1 1 1
    680    2    7    8 1 1 1
    681    2    7    9 1 1 1
    682    2    7   10 1 1 1
    683    2    7   11 1 1 1
    684    2    7   12 1 1 1
    685    2    7   13 1 1 1
    686    2    7   14 1 1 1
    687    2    7   15 1 1 1
    688    2    7   16 1 1 1
    689    2    8    1 1 1 1
    690    2    8    2 1 1 1
    691    2    8    3 1 1 1
    692    2    8    4 1 1 1
    693    2    8    5 1 1 1
    694    2    8    6 1 1 1
    695    2    8    7 1 1 1
    696    2    8    8 1 1 1
    697    2    8    9 1 1 1
    698    2    8   10 1 1 1
    699    2    8   11 1 1 1
    700    2    8   12 1 1 1
    701    2    8   13 1 1 1
    702    2    8   14 1 1 1
    703    2    8   15 1 1 1
    704    2    8   16 1 1 1
    705    2    9    1 1 1 1
    706    2    9    2 1 1 1
    707    2    9    3 1 1 1
    708    2    9    4 1 1 1
    709    2    9    5 1 1 1
    710    2    9    6 1 1 1
    711    2    9    7 1 1 1
    712    2    9    8 1 1 1
    713    2    9    9 1 1 1
    714    2    9   10 1 1 1
    715    2    9   11 1 1 1
    716    2    9   12 1 1 1
    717    2    9   13 1 1 1
    718    2    9   14 1 1 1
    719    2    9   15 1 1 1
    720    2    9   16 1 1 1
    721    2   10    1 1 1 1
    722    2   10    2 1 1 1
    723    2   10    3 1 1 1
    724    2   10    4 1 1 1
    725    2   10    5 1 1 1
    726    2   10    6 1 1 1
    727    2   10    7 1 1 1
    728    2   10    8 1 1 1
    729    2   10    9 1 1 1
    730    2   10   10 1 1 1
    731    2   10   11 1 1 1
    732    2   10   12 1 1 1
    733    2   10   13 1 1 1
    734    2   10   14 1 1 1
    735    2   10   15 1 1 1
    736    2   10   16 1 1 1
    737    2   11    1 1 1 1
    738    2   11    2 1 1 1
    739    2   11    3 1 1 1
    740    2   11    4 1 1 1
    741    2   11    5 1 1 1
    742    2   11    6 1 1 1
    743    2   11    7 1 1 1
    744    2   11    8 1 1 1
    745    2   11    9 1 1 1
    746    2   11   10 1 1 1
    747    2   11   11 1 1 1
    748    2   11   12 1 1 1
    749    2   11   13 1 1 1
    750    2   11   14 1 1 1
    751    2   11   15 1 1 1
    752    2   11   16 1 1 1
    753    2   12    1 1 1 1
    754    2   12    2 1 1 1
    755    2   12    3 1 1 1
    756    2   12    4 1 1 1
    757    2   12    5 1 1 1
    758    2   12    6 1 1 1
    759    2   12    7 1 1 1
    760    2   12    8 1 1 1
    761    2   12    9 1 1 1
    762    2   12   10 1 1 1
    763    2   12   11 1 1 1
    764    2   12   12 1 1 1
    765    2   12   13 1 1 1
    766    2   12   14 1 1 1
    767    2   12   15 1 1 1
    768    2   12   16 1 1 1
    769    2   13    1 1 1 1
    770    2   13    2 1 1 1
    771    2   13    3 1 1 1
    772    2   13    4 1 1 1
    773    2   13    5 1 1 1
    774    2   13    6 1 1 1
    775    2   13    7 1 1 1
    776    2   13    8 1 1 1
    777    2   13    9 1 1 1
    778    2   13   10 1 1 1
    779    2   13   11 1 1 1
    780    2   13   12 1 1 1
    781    2   13   13 1 1 1
    782    2   13   14 1 1 1
    783    2   13   15 1 1 1
    784    2   13   16 1 1 1
    785    2   14    1 1 1 1
    786    2   14    2 1 1 1
    787    2   14    3 1 1 1
    788    2   14    4 1 1 1
    789    2   14    5 1 1 1
    790    2   14    6 1 1 1
    791    2   14    7 1 1 1
    792    2   14    8 1 1 1
    793    2   14    9 1 1 1
    794    2   14   10 1 1 1
    795    2   14   11 1 1 1
    796    2   14   12 1 1 1
    797    2   14   13 1 1 1
    798    2   14   14 1 1 1
    799    2   14   15 1 1 1
    800    2   14   16 1 1 1
    801    2   15    1 1 1 1
    802    2   15    2 1 1 1
    803    2   15    3 1 1 1
    804    2   15    4 1 1 1
    805    2   15    5 1 1 1
    806    2   15    6 1 1 1
    807    2   15    7 1 1 1
    808    2   15    8 1 1 1
    809    2   15    9 1 1 1
    810    2   15   10 1 1 1
    811    2   15   11 1 1 1
    812    2   15   12 1 1 1
    813    2   15   13 1 1 1
    814    2   15   14 1 1 1
    815    2   15   15 1 1 1
    816    2   15   16 1 1 1
    817    2   16    1 1 1 1
    818    2   16    2 1 1 1
    819    2   16    3 1 1 1
    820    2   16    4 1 1 1
    821    2   16    5 1 1 1
    822    2   16    6 1 1 1
    823    2   16    7 1 1 1
    824    2   16    8 1 1 1
    825    2   16    9 1 1 1
    826    2   16   10 1 1 1
    827    2   16   11 1 1 1
    828    2   16   12 1 1 1
    829    2   16   13 1 1 1
    830    2   16   14 1 1 1
    831    2   16   15 1 1 1
    832    2   16   16 1 1 1
    833    2   17    1 1 1 1
    834    2   17    2 1 1 1
    835    2   17    3 1 1 1
    836    2   17    4 1 1 1
    837    2   17    5 1 1 1
    838    2   17    6 1 1 1
    839    2   17    7 1 1 1
    840    2   17    8 1 1 1
    841    2   17    9 1 1 1
    842    2   17   10 1 1 1
    843    2   17   11 1 1 1
    844    2   17   12 1 1 1
    845    2   17   13 1 1 1
    846    2   17   14 1 1 1
    847    2   17   15 1 1 1
    848    2   17   16 1 1 1
    849    2   18    1 1 1 1
    850    2   18    2 1 1 1
    851    2   18    3 1 1 1
    852    2   18    4 1 1 1
    853    2   18    5 1 1 1
    854    2   18    6 1 1 1
    855    2   18    7 1 1 1
    856    2   18    8 1 1 1
    857    2   18    9 1 1 1
    858    2   18   10 1 1 1
    859    2   18   11 1 1 1
    860    2   18   12 1 1 1
    861    2   18   13 1 1 1
    862    2   18   14 1 1 1
    863    2   18   15 1 1 1
    864    2   18   16 1 1 1
    865    2   19    1 1 1 1
    866    2   19    2 1 1 1
    867    2   19    3 1 1 1
    868    2   19    4 1 1 1
    869    2   19    5 1 1 1
    870    2   19    6 1 1 1
    871    2   19    7 1 1 1
    872    2   19    8 1 1 1
    873    2   19    9 1 1 1
    874    2   19   10 1 1 1
    875    2   19   11 1 1 1
    876    2   19   12 1 1 1
    877    2   19   13 1 1 1
    878    2   19   14 1 1 1
    879    2   19   15 1 1 1
    880    2   19   16 1 1 1
    881    2   20    1 1 1 1
    882    2   20    2 1 1 1
    883    2   20    3 1 1 1
    884    2   20    4 1 1 1
    885    2   20    5 1 1 1
    886    2   20    6 1 1 1
    887    2   20    7 1 1 1
    888    2   20    8 1 1 1
    889    2   20    9 1 1 1
    890    2   20   10 1 1 1
    891    2   20   11 1 1 1
    892    2   20   12 1 1 1
    893    2   20   13 1 1 1
    894    2   20   14 1 1 1
    895    2   20   15 1 1 1
    896    2   20   16 1 1 1
    897    2   21    1 1 1 1
    898    2   21    2 1 1 1
    899    2   21    3 1 1 1
    900    2   21    4 1 1 1
    901    2   21    5 1 1 1
    902    2   21    6 1 1 1
    903    2   21    7 1 1 1
    904    2   21    8 1 1 1
    905    2   21    9 1 1 1
    906    2   21   10 1 1 1
    907    2   21   11 1 1 1
    908    2   21   12 1 1 1
    909    2   21   13 1 1 1
    910    2   21   14 1 1 1
    911    2   21   15 1 1 1
    912    2   21   16 1 1 1
    913    2   22    1 1 1 1
    914    2   22    2 1 1 1
    915    2   22    3 1 1 1
    916    2   22    4 1 1 1
    917    2   22    5 1 1 1
    918    2   22    6 1 1 1
    919    2   22    7 1 1 1
    920    2   22    8 1 1 1
    921    2   22    9 1 1 1
    922    2   22   10 1 1 1
    923    2   22   11 1 1 1
    924    2   22   12 1 1 1
    925    2   22   13 1 1 1
    926    2   22   14 1 1 1
    927    2   22   15 1 1 1
    928    2   22   16 1 1 1
    929    2   23    1 1 1 1
    930    2   23    2 1 1 1
    931    2   23    3 1 1 1
    932    2   23    4 1 1 1
    933    2   23    5 1 1 1
    934    2   23    6 1 1 1
    935    2   23    7 1 1 1
    936    2   23    8 1 1 1
    937    2   23    9 1 1 1
    938    2   23   10 1 1 1
    939    2   23   11 1 1 1
    940    2   23   12 1 1 1
    941    2   23   13 1 1 1
    942    2   23   14 1 1 1
    943    2   23   15 1 1 1
    944    2   23   16 1 1 1
    945    2   24    1 1 1 1
    946    2   24    2 1 1 1
    947    2   24    3 1 1 1
    948    2   24    4 1 1 1
    949    2   24    5 1 1 1
    950    2   24    6 1 1 1
    951    2   24    7 1 1 1
    952    2   24    8 1 1 1
    953    2   24    9 1 1 1
    954    2   24   10 1 1 1
    955    2   24   11 1 1 1
    956    2   24   12 1 1 1
    957    2   24   13 1 1 1
    958    2   24   14 1 1 1
    959    2   24   15 1 1 1
    960    2   24   16 1 1 1
    961    2   25    1 1 1 1
    962    2   25    2 1 1 1
    963    2   25    3 1 1 1
    964    2   25    4 1 1 1
    965    2   25    5 1 1 1
    966    2   25    6 1 1 1
    967    2   25    7 1 1 1
    968    2   25    8 1 1 1
    969    2   25    9 1 1 1
    970    2   25   10 1 1 1
    971    2   25   11 1 1 1
    972    2   25   12 1 1 1
    973    2   25   13 1 1 1
    974    2   25   14 1 1 1
    975    2   25   15 1 1 1
    976    2   25   16 1 1 1
    977    2   26    1 1 1 1
    978    2   26    2 1 1 1
    979    2   26    3 1 1 1
    980    2   26    4 1 1 1
    981    2   26    5 1 1 1
    982    2   26    6 1 1 1
    983    2   26    7 1 1 1
    984    2   26    8 1 1 1
    985    2   26    9 1 1 1
    986    2   26   10 1 1 1
    987    2   26   11 1 1 1
    988    2   26   12 1 1 1
    989    2   26   13 1 1 1
    990    2   26   14 1 1 1
    991    2   26   15 1 1 1
    992    2   26   16 1 1 1
    993    2   27    1 1 1 1
    994    2   27    2 1 1 1
    995    2   27    3 1 1 1
    996    2   27    4 1 1 1
    997    2   27    5 1 1 1
    998    2   27    6 1 1 1
    999    2   27    7 1 1 1
   1000    2   27    8 1 1 1
   1001    2   27    9 1 1 1
   1002    2   27   10 1 1 1
   1003    2   27   11 1 1 1
   1004    2   27   12 1 1 1
   1005    2   27   13 1 1 1
   1006    2   27   14 1 1 1
   1007    2   27   15 1 1 1
   1008    2   27   16 1 1 1
   1009    2   28    1 1 1 1
   1010    2   28    2 1 1 1
   1011    2   28    3 1 1 1
   1012    2   28    4 1 1 1
   1013    2   28    5 1 1 1
   1014    2   28    6 1 1 1
   1015    2   28    7 1 1 1
   1016    2   28    8 1 1 1
   1017    2   28    9 1 1 1
   1018    2   28   10 1 1 1
   1019    2   28   11 1 1 1
   1020    2   28   12 1 1 1
   1021    2   28   13 1 1 1
   1022    2   28   14 1 1 1
   1023    2   28   15 1 1 1
   1024    2   28   16 1 1 1
   1025    2   29    1 1 1 1
   1026    2   29    2 1 1 1
   1027    2   29    3 1 1 1
   1028    2   29    4 1 1 1
   1029    2   29    5 1 1 1
   1030    2   29    6 1 1 1
   1031    2   29    7 1 1 1
   1032    2   29    8 1 1 1
   1033    2   29    9 1 1 1
   1034    2   29   10 1 1 1
   1035    2   29   11 1 1 1
   1036    2   29   12 1 1 1
   1037    2   29   13 1 1 1
   1038    2   29   14 1 1 1
   1039    2   29   15 1 1 1
   1040    2   29   16 1 1 1
   1041    2   30    1 1 1 1
   1042    2   30    2 1 1 1
   1043    2   30    3 1 1 1
   1044    2   30    4 1 1 1
   1045    2   30    5 1 1 1
   1046    2   30    6 1 1 1
   1047    2   30    7 1 1 1
   1048    2   30    8 1 1 1
   1049    2   30    9 1 1 1
   1050    2   30   10 1 1 1
   1051    2   30   11 1 1 1
   1052    2   30   12 1 1 1
   1053    2   30   13 1 1 1
   1054    2   30   14 1 1 1
   1055    2   30   15 1 1 1
   1056    2   30   16 1 1 1
   1057    2   31    1 1 1 1
   1058    2   31    2 1 1 1
   1059    2   31    3 1 1 1
   1060    2   31    4 1 1 1
   1061    2   31    5 1 1 1
   1062    2   31    6 1 1 1
   1063    2   31    7 1 1 1
   1064    2   31    8 1 1 1
   1065    2   31    9 1 1 1
   1066    2   31   10 1 1 1
   1067    2   31   11 1 1 1
   1068    2   31   12 1 1 1
   1069    2   31   13 1 1 1
   1070    2   31   14 1 1 1
   1071    2   31   15 1 1 1
   1072    2   31   16 1 1 1
   1073    2   32    1 1 1 1
   1074    2   32    2 1 1 1
   1075    2   32    3 1 1 1
   1076    2   32    4 1 1 1
   1077    2   32    5 1 1 1
   1078    2   32    6 1 1 1
   1079    2   32    7 1 1 1
   1080    2   32    8 1 1 1
   1081    2   32    9 1 1 1
   1082    2   32   10 1 1 1
   1083    2   32   11 1 1 1
   1084    2   32   12 1 1 1
   1085    2   32   13 1 1 1
   1086    2   32   14 1 1 1
   1087    2   32   15 1 1 1
   1088    2   32   16 1 1 1
   1089    2   33    1 1 1 1
   1090    2   33    2 1 1 1
   1091    2   33    3 1 1 1
   1092    2   33    4 1 1 1
   1093    2   33    5 1 1 1
   1094    2   33    6 1 1 1
   1095    2   33    7 1 1 1
   1096    2   33    8 1 1 1
   1097    2   33    9 1 1 1
   1098    2   33   10 1 1 1
   1099    2   33   11 1 1 1
   1100    2   33   12 1 1 1
   1101    2   33   13 1 1 1
   1102    2   33   14 1 1 1
   1103    2   33   15 1 1 1
   1104    2   33   16 1 1 1
   1105    2   34    1 1 1 1
   1106    2   34    2 1 1 1
   1107    2   34    3 1 1 1
   1108    2   34    4 1 1 1
   1109    2   34    5 1 1 1
   1110    2   34    6 1 1 1
   1111    2   34    7 1 1 1
   1112    2   34    8 1 1 1
   1113    2   34    9 1 1 1
   1114    2   34   10 1 1 1
   1115    2   34   11 1 1 1
   1116    2   34   12 1 1 1
   1117    2   34   13 1 1 1
   1118    2   34   14 1 1 1
   1119    2   34   15 1 1 1
   1120    2   34   16 1 1 1
   1121    2   35    1 1 1 1
   1122    2   35    2 1 1 1
   1123    2   35    3 1 1 1
   1124    2   35    4 1 1 1
   1125    2   35    5 1 1 1
   1126    2   35    6 1 1 1
   1127    2   35    7 1 1 1
   1128    2   35    8 1 1 1
   1129    2   35    9 1 1 1
   1130    2   35   10 1 1 1
   1131    2   35   11 1 1 1
   1132    2   35   12 1 1 1
   1133    2   35   13 1 1 1
   1134    2   35   14 1 1 1
   1135    2   35   15 1 1 1
   1136    2   35   16 1 1 1
   1137    2   36    1 1 1 1
   1138    2   36    2 1 1 1
   1139    2   36    3 1 1 1
   1140    2   36    4 1 1 1
   1141    2   36    5 1 1 1
   1142    2   36    6 1 1 1
   1143    2   36    7 1 1 1
   1144    2   36    8 1 1 1
   1145    2   36    9 1 1 1
   1146    2   36   10 1 1 1
   1147    2   36   11 1 1 1
   1148    2   36   12 1 1 1
   1149    2   36   13 1 1 1
   1150    2   36   14 1 1 1
   1151    2   36   15 1 1 1
   1152    2   36   16 1 1 1
   1153    3    1    1 1 1 1
   1154    3    1    2 1 1 1
   1155    3    1    3 1 1 1
   1156    3    1    4 1 1 1
   1157    3    1    5 1 1 1
   1158    3    1    6 1 1 1
   1159    3    1    7 1 1 1
   1160    3    1    8 1 1 1
   1161    3    1    9 1 1 1
   1162    3    1   10 1 1 1
   1163    3    1   11 1 1 1
   1164    3    1   12 1 1 1
   1165    3    1   13 1 1 1
   1166    3    1   14 1 1 1
   1167    3    1   15 1 1 1
   1168    3    1   16 1 1 1
   1169    3    2    1 1 1 1
   1170    3    2    2 1 1 1
   1171    3    2    3 1 1 1
   1172    3    2    4 1 1 1
   1173    3    2    5 1 1 1
   1174    3    2    6 1 1 1
   1175    3    2    7 1 1 1
   1176    3    2    8 1 1 1
   1177    3    2    9 1 1 1
   1178    3    2   10 1 1 1
   1179    3    2   11 1 1 1
   1180    3    2   12 1 1 1
   1181    3    2   13 1 1 1
   1182    3    2   14 1 1 1
   1183    3    2   15 1 1 1
   1184    3    2   16 1 1 1
   1185    3    3    1 1 1 1
   1186    3    3    2 1 1 1
   1187    3    3    3 1 1 1
   1188    3    3    4 1 1 1
   1189    3    3    5 1 1 1
   1190    3    3    6 1 1 1
   1191    3    3    7 1 1 1
   1192    3    3    8 1 1 1
   1193    3    3    9 1 1 1
   1194    3    3   10 1 1 1
   1195    3    3   11 1 1 1
   1196    3    3   12 1 1 1
   1197    3    3   13 1 1 1
   1198    3    3   14 1 1 1
   1199    3    3   15 1 1 1
   1200    3    3   16 1 1 1
   1201    3    4    1 1 1 1
   1202    3    4    2 1 1 1
   1203    3    4    3 1 1 1
   1204    3    4    4 1 1 1
   1205    3    4    5 1 1 1
   1206    3    4    6 1 1 1
   1207    3    4    7 1 1 1
   1208    3    4    8 1 1 1
   1209    3    4    9 1 1 1
   1210    3    4   10 1 1 1
   1211    3    4   11 1 1 1
   1212    3    4   12 1 1 1
   1213    3    4   13 1 1 1
   1214    3    4   14 1 1 1
   1215    3    4   15 1 1 1
   1216    3    4   16 1 1 1
   1217    3    5    1 1 1 1
   1218    3    5    2 1 1 1
   1219    3    5    3 1 1 1
   1220    3    5    4 1 1 1
   1221    3    5    5 1 1 1
   1222    3    5    6 1 1 1
   1223    3    5    7 1 1 1
   1224    3    5    8 1 1 1
   1225    3    5    9 1 1 1
   1226    3    5   10 1 1 1
   1227    3    5   11 1 1 1
   1228    3    5   12 1 1 1
   1229    3    5   13 1 1 1
   1230    3    5   14 1 1 1
   1231    3    5   15 1 1 1
   1232    3    5   16 1 1 1
   1233    3    6    1 1 1 1
   1234    3    6    2 1 1 1
   1235    3    6    3 1 1 1
   1236    3    6    4 1 1 1
   1237    3    6    5 1 1 1
   1238    3    6    6 1 1 1
   1239    3    6    7 1 1 1
   1240    3    6    8 1 1 1
   1241    3    6    9 1 1 1
   1242    3    6   10 1 1 1
   1243    3    6   11 1 1 1
   1244    3    6   12 1 1 1
   1245    3    6   13 1 1 1
   1246    3    6   14 1 1 1
   1247    3    6   15 1 1 1
   1248    3    6   16 1 1 1
   1249    3    7    1 1 1 1
   1250    3    7    2 1 1 1
   1251    3    7    3 1 1 1
   1252    3    7    4 1 1 1
   1253    3    7    5 1 1 1
   1254    3    7    6 1 1 1
   1255    3    7    7 1 1 1
   1256    3    7    8 1 1 1
   1257    3    7    9 1 1 1
   1258    3    7   10 1 1 1
   1259    3    7   11 1 1 1
   1260    3    7   12 1 1 1
   1261    3    7   13 1 1 1
   1262    3    7   14 1 1 1
   1263    3    7   15 1 1 1
   1264    3    7   16 1 1 1
   1265    3    8    1 1 1 1
   1266    3    8    2 1 1 1
   1267    3    8    3 1 1 1
   1268    3    8    4 1 1 1
   1269    3    8    5 1 1 1
   1270    3    8    6 1 1 1
   1271    3    8    7 1 1 1
   1272    3    8    8 1 1 1
   1273    3    8    9 1 1 1
   1274    3    8   10 1 1 1
   1275    3    8   11 1 1 1
   1276    3    8   12 1 1 1
   1277    3    8   13 1 1 1
   1278    3    8   14 1 1 1
   1279    3    8   15 1 1 1
   1280    3    8   16 1 1 1
   1281    3    9    1 1 1 1
   1282    3    9    2 1 1 1
   1283    3    9    3 1 1 1
   1284    3    9    4 1 1 1
   1285    3    9    5 1 1 1
   1286    3    9    6 1 1 1
   1287    3    9    7 1 1 1
   1288    3    9    8 1 1 1
   1289    3    9    9 1 1 1
   1290    3    9   10 1 1 1
   1291    3    9   11 1 1 1
   1292    3    9   12 1 1 1
   1293    3    9   13 1 1 1
   1294    3    9   14 1 1 1
   1295    3    9   15 1 1 1
   1296    3    9   16 1 1 1
   1297    3   10    1 1 1 1
   1298    3   10    2 1 1 1
   1299    3   10    3 1 1 1
   1300    3   10    4 1 1 1
   1301    3   10    5 1 1 1
   1302    3   10    6 1 1 1
   1303    3   10    7 1 1 1
   1304    3   10    8 1 1 1
   1305    3   10    9 1 1 1
   1306    3   10   10 1 1 1
   1307    3   10   11 1 1 1
   1308    3   10   12 1 1 1
   1309    3   10   13 1 1 1
   1310    3   10   14 1 1 1
   1311    3   10   15 1 1 1
   1312    3   10   16 1 1 1
   1313    3   11    1 1 1 1
   1314    3   11    2 1 1 1
   1315    3   11    3 1 1 1
   1316    3   11    4 1 1 1
   1317    3   11    5 1 1 1
   1318    3   11    6 1 1 1
   1319    3   11    7 1 1 1
   1320    3   11    8 1 1 1
   1321    3   11    9 1 1 1
   1322    3   11   10 1 1 1
   1323    3   11   11 1 1 1
   1324    3   11   12 1 1 1
   1325    3   11   13 1 1 1
   1326    3   11   14 1 1 1
   1327    3   11   15 1 1 1
   1328    3   11   16 1 1 1
   1329    3   12    1 1 1 1
   1330    3   12    2 1 1 1
   1331    3   12    3 1 1 1
   1332    3   12    4 1 1 1
   1333    3   12    5 1 1 1
   1334    3   12    6 1 1 1
   1335    3   12    7 1 1 1
   1336    3   12    8 1 1 1
   1337    3   12    9 1 1 1
   1338    3   12   10 1 1 1
   1339    3   12   11 1 1 1
   1340    3   12   12 1 1 1
   1341    3   12   13 1 1 1
   1342    3   12   14 1 1 1
   1343    3   12   15 1 1 1
   1344    3   12   16 1 1 1
   1345    3   13    1 1 1 1
   1346    3   13    2 1 1 1
   1347    3   13    3 1 1 1
   1348    3   13    4 1 1 1
   1349    3   13    5 1 1 1
   1350    3   13    6 1 1 1
   1351    3   13    7 1 1 1
   1352    3   13    8 1 1 1
   1353    3   13    9 1 1 1
   1354    3   13   10 1 1 1
   1355    3   13   11 1 1 1
   1356    3   13   12 1 1 1
   1357    3   13   13 1 1 1
   1358    3   13   14 1 1 1
   1359    3   13   15 1 1 1
   1360    3   13   16 1 1 1
   1361    3   14    1 1 1 1
   1362    3   14    2 1 1 1
   1363    3   14    3 1 1 1
   1364    3   14    4 1 1 1
   1365    3   14    5 1 1 1
   1366    3   14    6 1 1 1
   1367    3   14    7 1 1 1
   1368    3   14    8 1 1 1
   1369    3   14    9 1 1 1
   1370    3   14   10 1 1 1
   1371    3   14   11 1 1 1
   1372    3   14   12 1 1 1
   1373    3   14   13 1 1 1
   1374    3   14   14 1 1 1
   1375    3   14   15 1 1 1
   1376    3   14   16 1 1 1
   1377    3   15    1 1 1 1
   1378    3   15    2 1 1 1
   1379    3   15    3 1 1 1
   1380    3   15    4 1 1 1
   1381    3   15    5 1 1 1
   1382    3   15    6 1 1 1
   1383    3   15    7 1 1 1
   1384    3   15    8 1 1 1
   1385    3   15    9 1 1 1
   1386    3   15   10 1 1 1
   1387    3   15   11 1 1 1
   1388    3   15   12 1 1 1
   1389    3   15   13 1 1 1
   1390    3   15   14 1 1 1
   1391    3   15   15 1 1 1
   1392    3   15   16 1 1 1
   1393    3   16    1 1 1 1
   1394    3   16    2 1 1 1
   1395    3   16    3 1 1 1
   1396    3   16    4 1 1 1
   1397    3   16    5 1 1 1
   1398    3   16    6 1 1 1
   1399    3   16    7 1 1 1
   1400    3   16    8 1 1 1
   1401    3   16    9 1 1 1
   1402    3   16   10 1 1 1
   1403    3   16   11 1 1 1
   1404    3   16   12 1 1 1
   1405    3   16   13 1 1 1
   1406    3   16   14 1 1 1
   1407    3   16   15 1 1 1
   1408    3   16   16 1 1 1
   1409    3   17    1 1 1 1
   1410    3   17    2 1 1 1
   1411    3   17    3 1 1 1
   1412    3   17    4 1 1 1
   1413    3   17    5 1 1 1
   1414    3   17    6 1 1 1
   1415    3   17    7 1 1 1
   1416    3   17    8 1 1 1
   1417    3   17    9 1 1 1
   1418    3   17   10 1 1 1
   1419    3   17   11 1 1 1
   1420    3   17   12 1 1 1
   1421    3   17   13 1 1 1
   1422    3   17   14 1 1 1
   1423    3   17   15 1 1 1
   1424    3   17   16 1 1 1
   1425    3   18    1 1 1 1
   1426    3   18    2 1 1 1
   1427    3   18    3 1 1 1
   1428    3   18    4 1 1 1
   1429    3   18    5 1 1 1
   1430    3   18    6 1 1 1
   1431    3   18    7 1 1 1
   1432    3   18    8 1 1 1
   1433    3   18    9 1 1 1
   1434    3   18   10 1 1 1
   1435    3   18   11 1 1 1
   1436    3   18   12 1 1 1
   1437    3   18   13 1 1 1
   1438    3   18   14 1 1 1
   1439    3   18   15 1 1 1
   1440    3   18   16 1 1 1
   1441    3   19    1 1 1 1
   1442    3   19    2 1 1 1
   1443    3   19    3 1 1 1
   1444    3   19    4 1 1 1
   1445    3   19    5 1 1 1
   1446    3   19    6 1 1 1
   1447    3   19    7 1 1 1
   1448    3   19    8 1 1 1
   1449    3   19    9 1 1 1
   1450    3   19   10 1 1 1
   1451    3   19   11 1 1 1
   1452    3   19   12 1 1 1
   1453    3   19   13 1 1 1
   1454    3   19   14 1 1 1
   1455    3   19   15 1 1 1
   1456    3   19   16 1 1 1
   1457    3   20    1 1 1 1
   1458    3   20    2 1 1 1
   1459    3   20    3 1 1 1
   1460    3   20    4 1 1 1
   1461    3   20    5 1 1 1
   1462    3   20    6 1 1 1
   1463    3   20    7 1 1 1
   1464    3   20    8 1 1 1
   1465    3   20    9 1 1 1
   1466    3   20   10 1 1 1
   1467    3   20   11 1 1 1
   1468    3   20   12 1 1 1
   1469    3   20   13 1 1 1
   1470    3   20   14 1 1 1
   1471    3   20   15 1 1 1
   1472    3   20   16 1 1 1
   1473    3   21    1 1 1 1
   1474    3   21    2 1 1 1
   1475    3   21    3 1 1 1
   1476    3   21    4 1 1 1
   1477    3   21    5 1 1 1
   1478    3   21    6 1 1 1
   1479    3   21    7 1 1 1
   1480    3   21    8 1 1 1
   1481    3   21    9 1 1 1
   1482    3   21   10 1 1 1
   1483    3   21   11 1 1 1
   1484    3   21   12 1 1 1
   1485    3   21   13 1 1 1
   1486    3   21   14 1 1 1
   1487    3   21   15 1 1 1
   1488    3   21   16 1 1 1
   1489    3   22    1 1 1 1
   1490    3   22    2 1 1 1
   1491    3   22    3 1 1 1
   1492    3   22    4 1 1 1
   1493    3   22    5 1 1 1
   1494    3   22    6 1 1 1
   1495    3   22    7 1 1 1
   1496    3   22    8 1 1 1
   1497    3   22    9 1 1 1
   1498    3   22   10 1 1 1
   1499    3   22   11 1 1 1
   1500    3   22   12 1 1 1
   1501    3   22   13 1 1 1
   1502    3   22   14 1 1 1
   1503    3   22   15 1 1 1
   1504    3   22   16 1 1 1
   1505    3   23    1 1 1 1
   1506    3   23    2 1 1 1
   1507    3   23    3 1 1 1
   1508    3   23    4 1 1 1
   1509    3   23    5 1 1 1
   1510    3   23    6 1 1 1
   1511    3   23    7 1 1 1
   1512    3   23    8 1 1 1
   1513    3   23    9 1 1 1
   1514    3   23   10 1 1 1
   1515    3   23   11 1 1 1
   1516    3   23   12 1 1 1
   1517    3   23   13 1 1 1
   1518    3   23   14 1 1 1
   1519    3   23   15 1 1 1
   1520    3   23   16 1 1 1
   1521    3   24    1 1 1 1
   1522    3   24    2 1 1 1
   1523    3   24    3 1 1 1
   1524    3   24    4 1 1 1
   1525    3   24    5 1 1 1
   1526    3   24    6 1 1 1
   1527    3   24    7 1 1 1
   1528    3   24    8 1 1 1
   1529    3   24    9 1 1 1
   1530    3   24   10 1 1 1
   1531    3   24   11 1 1 1
   1532    3   24   12 1 1 1
   1533    3   24   13 1 1 1
   1534    3   24   14 1 1 1
   1535    3   24   15 1 1 1
   1536    3   24   16 1 1 1
   1537    3   25    1 1 1 1
   1538    3   25    2 1 1 1
   1539    3   25    3 1 1 1
   1540    3   25    4 1 1 1
   1541    3   25    5 1 1 1
   1542    3   25    6 1 1 1
   1543    3   25    7 1 1 1
   1544    3   25    8 1 1 1
   1545    3   25    9 1 1 1
   1546    3   25   10 1 1 1
   1547    3   25   11 1 1 1
   1548    3   25   12 1 1 1
   1549    3   25   13 1 1 1
   1550    3   25   14 1 1 1
   1551    3   25   15 1 1 1
   1552    3   25   16 1 1 1
   1553    3   26    1 1 1 1
   1554    3   26    2 1 1 1
   1555    3   26    3 1 1 1
   1556    3   26    4 1 1 1
   1557    3   26    5 1 1 1
   1558    3   26    6 1 1 1
   1559    3   26    7 1 1 1
   1560    3   26    8 1 1 1
   1561    3   26    9 1 1 1
   1562    3   26   10 1 1 1
   1563    3   26   11 1 1 1
   1564    3   26   12 1 1 1
   1565    3   26   13 1 1 1
   1566    3   26   14 1 1 1
   1567    3   26   15 1 1 1
   1568    3   26   16 1 1 1
   1569    3   27    1 1 1 1
   1570    3   27    2 1 1 1
   1571    3   27    3 1 1 1
   1572    3   27    4 1 1 1
   1573    3   27    5 1 1 1
   1574    3   27    6 1 1 1
   1575    3   27    7 1 1 1
   1576    3   27    8 1 1 1
   1577    3   27    9 1 1 1
   1578    3   27   10 1 1 1
   1579    3   27   11 1 1 1
   1580    3   27   12 1 1 1
   1581    3   27   13 1 1 1
   1582    3   27   14 1 1 1
   1583    3   27   15 1 1 1
   1584    3   27   16 1 1 1
   1585    3   28    1 1 1 1
   1586    3   28    2 1 1 1
   1587    3   28    3 1 1 1
   1588    3   28    4 1 1 1
   1589    3   28    5 1 1 1
   1590    3   28    6 1 1 1
   1591    3   28    7 1 1 1
   1592    3   28    8 1 1 1
   1593    3   28    9 1 1 1
   1594    3   28   10 1 1 1
   1595    3   28   11 1 1 1
   1596    3   28   12 1 1 1
   1597    3   28   13 1 1 1
   1598    3   28   14 1 1 1
   1599    3   28   15 1 1 1
   1600    3   28   16 1 1 1
   1601    3   29    1 1 1 1
   1602    3   29    2 1 1 1
   1603    3   29    3 1 1 1
   1604    3   29    4 1 1 1
   1605    3   29    5 1 1 1
   1606    3   29    6 1 1 1
   1607    3   29    7 1 1 1
   1608    3   29    8 1 1 1
   1609    3   29    9 1 1 1
   1610    3   29   10 1 1 1
   1611    3   29   11 1 1 1
   1612    3   29   12 1 1 1
   1613    3   29   13 1 1 1
   1614    3   29   14 1 1 1
   1615    3   29   15 1 1 1
   1616    3   29   16 1 1 1
   1617    3   30    1 1 1 1
   1618    3   30    2 1 1 1
   1619    3   30    3 1 1 1
   1620    3   30    4 1 1 1
   1621    3   30    5 1 1 1
   1622    3   30    6 1 1 1
   1623    3   30    7 1 1 1
   1624    3   30    8 1 1 1
   1625    3   30    9 1 1 1
   1626    3   30   10 1 1 1
   1627    3   30   11 1 1 1
   1628    3   30   12 1 1 1
   1629    3   30   13 1 1 1
   1630    3   30   14 1 1 1
   1631    3   30   15 1 1 1
   1632    3   30   16 1 1 1
   1633    3   31    1 1 1 1
   1634    3   31    2 1 1 1
   1635    3   31    3 1 1 1
   1636    3   31    4 1 1 1
   1637    3   31    5 1 1 1
   1638    3   31    6 1 1 1
   1639    3   31    7 1 1 1
   1640    3   31    8 1 1 1
   1641    3   31    9 1 1 1
   1642    3   31   10 1 1 1
   1643    3   31   11 1 1 1
   1644    3   31   12 1 1 1
   1645    3   31   13 1 1 1
   1646    3   31   14 1 1 1
   1647    3   31   15 1 1 1
   1648    3   31   16 1 1 1
   1649    3   32    1 1 1 1
   1650    3   32    2 1 1 1
   1651    3   32    3 1 1 1
   1652    3   32    4 1 1 1
   1653    3   32    5 1 1 1
   1654    3   32    6 1 1 1
   1655    3   32    7 1 1 1
   1656    3   32    8 1 1 1
   1657    3   32    9 1 1 1
   1658    3   32   10 1 1 1
   1659    3   32   11 1 1 1
   1660    3   32   12 1 1 1
   1661    3   32   13 1 1 1
   1662    3   32   14 1 1 1
   1663    3   32   15 1 1 1
   1664    3   32   16 1 1 1
   1665    3   33    1 1 1 1
   1666    3   33    2 1 1 1
   1667    3   33    3 1 1 1
   1668    3   33    4 1 1 1
   1669    3   33    5 1 1 1
   1670    3   33    6 1 1 1
   1671    3   33    7 1 1 1
   1672    3   33    8 1 1 1
   1673    3   33    9 1 1 1
   1674    3   33   10 1 1 1
   1675    3   33   11 1 1 1
   1676    3   33   12 1 1 1
   1677    3   33   13 1 1 1
   1678    3   33   14 1 1 1
   1679    3   33   15 1 1 1
   1680    3   33   16 1 1 1
   1681    3   34    1 1 1 1
   1682    3   34    2 1 1 1
   1683    3   34    3 1 1 1
   1684    3   34    4 1 1 1
   1685    3   34    5 1 1 1
   1686    3   34    6 1 1 1
   1687    3   34    7 1 1 1
   1688    3   34    8 1 1 1
   1689    3   34    9 1 1 1
   1690    3   34   10 1 1 1
   1691    3   34   11 1 1 1
   1692    3   34   12 1 1 1
   1693    3   34   13 1 1 1
   1694    3   34   14 1 1 1
   1695    3   34   15 1 1 1
   1696    3   34   16 1 1 1
   1697    3   35    1 1 1 1
   1698    3   35    2 1 1 1
   1699    3   35    3 1 1 1
   1700    3   35    4 1 1 1
   1701    3   35    5 1 1 1
   1702    3   35    6 1 1 1
   1703    3   35    7 1 1 1
   1704    3   35    8 1 1 1
   1705    3   35    9 1 1 1
   1706    3   35   10 1 1 1
   1707    3   35   11 1 1 1
   1708    3   35   12 1 1 1
   1709    3   35   13 1 1 1
   1710    3   35   14 1 1 1
   1711    3   35   15 1 1 1
   1712    3   35   16 1 1 1
   1713    3   36    1 1 1 1
   1714    3   36    2 1 1 1
   1715    3   36    3 1 1 1
   1716    3   36    4 1 1 1
   1717    3   36    5 1 1 1
   1718    3   36    6 1 1 1
   1719    3   36    7 1 1 1
   1720    3   36    8 1 1 1
   1721    3   36    9 1 1 1
   1722    3   36   10 1 1 1
   1723    3   36   11 1 1 1
   1724    3   36   12 1 1 1
   1725    3   36   13 1 1 1
   1726    3   36   14 1 1 1
   1727    3   36   15 1 1 1
   1728    3   36   16 1 1 1
   1729    4    1    1 1 1 1
   1730    4    1    2 1 1 1
   1731    4    1    3 1 1 1
   1732    4    1    4 1 1 1
   1733    4    1    5 1 1 1
   1734    4    1    6 1 1 1
   1735    4    1    7 1 1 1
   1736    4    1    8 1 1 1
   1737    4    1    9 1 1 1
   1738    4    1   10 1 1 1
   1739    4    1   11 1 1 1
   1740    4    1   12 1 1 1
   1741    4    1   13 1 1 1
   1742    4    1   14 1 1 1
   1743    4    1   15 1 1 1
   1744    4    1   16 1 1 1
   1745    4    2    1 1 1 1
   1746    4    2    2 1 1 1
   1747    4    2    3 1 1 1
   1748    4    2    4 1 1 1
   1749    4    2    5 1 1 1
   1750    4    2    6 1 1 1
   1751    4    2    7 1 1 1
   1752    4    2    8 1 1 1
   1753    4    2    9 1 1 1
   1754    4    2   10 1 1 1
   1755    4    2   11 1 1 1
   1756    4    2   12 1 1 1
   1757    4    2   13 1 1 1
   1758    4    2   14 1 1 1
   1759    4    2   15 1 1 1
   1760    4    2   16 1 1 1
   1761    4    3    1 1 1 1
   1762    4    3    2 1 1 1
   1763    4    3    3 1 1 1
   1764    4    3    4 1 1 1
   1765    4    3    5 1 1 1
   1766    4    3    6 1 1 1
   1767    4    3    7 1 1 1
   1768    4    3    8 1 1 1
   1769    4    3    9 1 1 1
   1770    4    3   10 1 1 1
   1771    4    3   11 1 1 1
   1772    4    3   12 1 1 1
   1773    4    3   13 1 1 1
   1774    4    3   14 1 1 1
   1775    4    3   15 1 1 1
   1776    4    3   16 1 1 1
   1777    4    4    1 1 1 1
   1778    4    4    2 1 1 1
   1779    4    4    3 1 1 1
   1780    4    4    4 1 1 1
   1781    4    4    5 1 1 1
   1782    4    4    6 1 1 1
   1783    4    4    7 1 1 1
   1784    4    4    8 1 1 1
   1785    4    4    9 1 1 1
   1786    4    4   10 1 1 1
   1787    4    4   11 1 1 1
   1788    4    4   12 1 1 1
   1789    4    4   13 1 1 1
   1790    4    4   14 1 1 1
   1791    4    4   15 1 1 1
   1792    4    4   16 1 1 1
   1793    4    5    1 1 1 1
   1794    4    5    2 1 1 1
   1795    4    5    3 1 1 1
   1796    4    5    4 1 1 1
   1797    4    5    5 1 1 1
   1798    4    5    6 1 1 1
   1799    4    5    7 1 1 1
   1800    4    5    8 1 1 1
   1801    4    5    9 1 1 1
   1802    4    5   10 1 1 1
   1803    4    5   11 1 1 1
   1804    4    5   12 1 1 1
   1805    4    5   13 1 1 1
   1806    4    5   14 1 1 1
   1807    4    5   15 1 1 1
   1808    4    5   16 1 1 1
   1809    4    6    1 1 1 1
   1810    4    6    2 1 1 1
   1811    4    6    3 1 1 1
   1812    4    6    4 1 1 1
   1813    4    6    5 1 1 1
   1814    4    6    6 1 1 1
   1815    4    6    7 1 1 1
   1816    4    6    8 1 1 1
   1817    4    6    9 1 1 1
   1818    4    6   10 1 1 1
   1819    4    6   11 1 1 1
   1820    4    6   12 1 1 1
   1821    4    6   13 1 1 1
   1822    4    6   14 1 1 1
   1823    4    6   15 1 1 1
   1824    4    6   16 1 1 1
   1825    4    7    1 1 1 1
   1826    4    7    2 1 1 1
   1827    4    7    3 1 1 1
   1828    4    7    4 1 1 1
   1829    4    7    5 1 1 1
   1830    4    7    6 1 1 1
   1831    4    7    7 1 1 1
   1832    4    7    8 1 1 1
   1833    4    7    9 1 1 1
   1834    4    7   10 1 1 1
   1835    4    7   11 1 1 1
   1836    4    7   12 1 1 1
   1837    4    7   13 1 1 1
   1838    4    7   14 1 1 1
   1839    4    7   15 1 1 1
   1840    4    7   16 1 1 1
   1841    4    8    1 1 1 1
   1842    4    8    2 1 1 1
   1843    4    8    3 1 1 1
   1844    4    8    4 1 1 1
   1845    4    8    5 1 1 1
   1846    4    8    6 1 1 1
   1847    4    8    7 1 1 1
   1848    4    8    8 1 1 1
   1849    4    8    9 1 1 1
   1850    4    8   10 1 1 1
   1851    4    8   11 1 1 1
   1852    4    8   12 1 1 1
   1853    4    8   13 1 1 1
   1854    4    8   14 1 1 1
   1855    4    8   15 1 1 1
   1856    4    8   16 1 1 1
   1857    4    9    1 1 1 1
   1858    4    9    2 1 1 1
   1859    4    9    3 1 1 1
   1860    4    9    4 1 1 1
   1861    4    9    5 1 1 1
   1862    4    9    6 1 1 1
   1863    4    9    7 1 1 1
   1864    4    9    8 1 1 1
   1865    4    9    9 1 1 1
   1866    4    9   10 1 1 1
   1867    4    9   11 1 1 1
   1868    4    9   12 1 1 1
   1869    4    9   13 1 1 1
   1870    4    9   14 1 1 1
   1871    4    9   15 1 1 1
   1872    4    9   16 1 1 1
   1873    4   10    1 1 1 1
   1874    4   10    2 1 1 1
   1875    4   10    3 1 1 1
   1876    4   10    4 1 1 1
   1877    4   10    5 1 1 1
   1878    4   10    6 1 1 1
   1879    4   10    7 1 1 1
   1880    4   10    8 1 1 1
   1881    4   10    9 1 1 1
   1882    4   10   10 1 1 1
   1883    4   10   11 1 1 1
   1884    4   10   12 1 1 1
   1885    4   10   13 1 1 1
   1886    4   10   14 1 1 1
   1887    4   10   15 1 1 1
   1888    4   10   16 1 1 1
   1889    4   11    1 1 1 1
   1890    4   11    2 1 1 1
   1891    4   11    3 1 1 1
   1892    4   11    4 1 1 1
   1893    4   11    5 1 1 1
   1894    4   11    6 1 1 1
   1895    4   11    7 1 1 1
   1896    4   11    8 1 1 1
   1897    4   11    9 1 1 1
   1898    4   11   10 1 1 1
   1899    4   11   11 1 1 1
   1900    4   11   12 1 1 1
   1901    4   11   13 1 1 1
   1902    4   11   14 1 1 1
   1903    4   11   15 1 1 1
   1904    4   11   16 1 1 1
   1905    4   12    1 1 1 1
   1906    4   12    2 1 1 1
   1907    4   12    3 1 1 1
   1908    4   12    4 1 1 1
   1909    4   12    5 1 1 1
   1910    4   12    6 1 1 1
   1911    4   12    7 1 1 1
   1912    4   12    8 1 1 1
   1913    4   12    9 1 1 1
   1914    4   12   10 1 1 1
   1915    4   12   11 1 1 1
   1916    4   12   12 1 1 1
   1917    4   12   13 1 1 1
   1918    4   12   14 1 1 1
   1919    4   12   15 1 1 1
   1920    4   12   16 1 1 1
   1921    4   13    1 1 1 1
   1922    4   13    2 1 1 1
   1923    4   13    3 1 1 1
   1924    4   13    4 1 1 1
   1925    4   13    5 1 1 1
   1926    4   13    6 1 1 1
   1927    4   13    7 1 1 1
   1928    4   13    8 1 1 1
   1929    4   13    9 1 1 1
   1930    4   13   10 1 1 1
   1931    4   13   11 1 1 1
   1932    4   13   12 1 1 1
   1933    4   13   13 1 1 1
   1934    4   13   14 1 1 1
   1935    4   13   15 1 1 1
   1936    4   13   16 1 1 1
   1937    4   14    1 1 1 1
   1938    4   14    2 1 1 1
   1939    4   14    3 1 1 1
   1940    4   14    4 1 1 1
   1941    4   14    5 1 1 1
   1942    4   14    6 1 1 1
   1943    4   14    7 1 1 1
   1944    4   14    8 1 1 1
   1945    4   14    9 1 1 1
   1946    4   14   10 1 1 1
   1947    4   14   11 1 1 1
   1948    4   14   12 1 1 1
   1949    4   14   13 1 1 1
   1950    4   14   14 1 1 1
   1951    4   14   15 1 1 1
   1952    4   14   16 1 1 1
   1953    4   15    1 1 1 1
   1954    4   15    2 1 1 1
   1955    4   15    3 1 1 1
   1956    4   15    4 1 1 1
   1957    4   15    5 1 1 1
   1958    4   15    6 1 1 1
   1959    4   15    7 1 1 1
   1960    4   15    8 1 1 1
   1961    4   15    9 1 1 1
   1962    4   15   10 1 1 1
   1963    4   15   11 1 1 1
   1964    4   15   12 1 1 1
   1965    4   15   13 1 1 1
   1966    4   15   14 1 1 1
   1967    4   15   15 1 1 1
   1968    4   15   16 1 1 1
   1969    4   16    1 1 1 1
   1970    4   16    2 1 1 1
   1971    4   16    3 1 1 1
   1972    4   16    4 1 1 1
   1973    4   16    5 1 1 1
   1974    4   16    6 1 1 1
   1975    4   16    7 1 1 1
   1976    4   16    8 1 1 1
   1977    4   16    9 1 1 1
   1978    4   16   10 1 1 1
   1979    4   16   11 1 1 1
   1980    4   16   12 1 1 1
   1981    4   16   13 1 1 1
   1982    4   16   14 1 1 1
   1983    4   16   15 1 1 1
   1984    4   16   16 1 1 1
   1985    4   17    1 1 1 1
   1986    4   17    2 1 1 1
   1987    4   17    3 1 1 1
   1988    4   17    4 1 1 1
   1989    4   17    5 1 1 1
   1990    4   17    6 1 1 1
   1991    4   17    7 1 1 1
   1992    4   17    8 1 1 1
   1993    4   17    9 1 1 1
   1994    4   17   10 1 1 1
   1995    4   17   11 1 1 1
   1996    4   17   12 1 1 1
   1997    4   17   13 1 1 1
   1998    4   17   14 1 1 1
   1999    4   17   15 1 1 1
   2000    4   17   16 1 1 1
   2001    4   18    1 1 1 1
   2002    4   18    2 1 1 1
   2003    4   18    3 1 1 1
   2004    4   18    4 1 1 1
   2005    4   18    5 1 1 1
   2006    4   18    6 1 1 1
   2007    4   18    7 1 1 1
   2008    4   18    8 1 1 1
   2009    4   18    9 1 1 1
   2010    4   18   10 1 1 1
   2011    4   18   11 1 1 1
   2012    4   18   12 1 1 1
   2013    4   18   13 1 1 1
   2014    4   18   14 1 1 1
   2015    4   18   15 1 1 1
   2016    4   18   16 1 1 1
   2017    4   19    1 1 1 1
   2018    4   19    2 1 1 1
   2019    4   19    3 1 1 1
   2020    4   19    4 1 1 1
   2021    4   19    5 1 1 1
   2022    4   19    6 1 1 1
   2023    4   19    7 1 1 1
   2024    4   19    8 1 1 1
   2025    4   19    9 1 1 1
   2026    4   19   10 1 1 1
   2027    4   19   11 1 1 1
   2028    4   19   12 1 1 1
   2029    4   19   13 1 1 1
   2030    4   19   14 1 1 1
   2031    4   19   15 1 1 1
   2032    4   19   16 1 1 1
   2033    4   20    1 1 1 1
   2034    4   20    2 1 1 1
   2035    4   20    3 1 1 1
   2036    4   20    4 1 1 1
   2037    4   20    5 1 1 1
   2038    4   20    6 1 1 1
   2039    4   20    7 1 1 1
   2040    4   20    8 1 1 1
   2041    4   20    9 1 1 1
   2042    4   20   10 1 1 1
   2043    4   20   11 1 1 1
   2044    4   20   12 1 1 1
   2045    4   20   13 1 1 1
   2046    4   20   14 1 1 1
   2047    4   20   15 1 1 1
   2048    4   20   16 1 1 1
   2049    4   21    1 1 1 1
   2050    4   21    2 1 1 1
   2051    4   21    3 1 1 1
   2052    4   21    4 1 1 1
   2053    4   21    5 1 1 1
   2054    4   21    6 1 1 1
   2055    4   21    7 1 1 1
   2056    4   21    8 1 1 1
   2057    4   21    9 1 1 1
   2058    4   21   10 1 1 1
   2059    4   21   11 1 1 1
   2060    4   21   12 1 1 1
   2061    4   21   13 1 1 1
   2062    4   21   14 1 1 1
   2063    4   21   15 1 1 1
   2064    4   21   16 1 1 1
   2065    4   22    1 1 1 1
   2066    4   22    2 1 1 1
   2067    4   22    3 1 1 1
   2068    4   22    4 1 1 1
   2069    4   22    5 1 1 1
   2070    4   22    6 1 1 1
   2071    4   22    7 1 1 1
   2072    4   22    8 1 1 1
   2073    4   22    9 1 1 1
   2074    4   22   10 1 1 1
   2075    4   22   11 1 1 1
   2076    4   22   12 1 1 1
   2077    4   22   13 1 1 1
   2078    4   22   14 1 1 1
   2079    4   22   15 1 1 1
   2080    4   22   16 1 1 1
   2081    4   23    1 1 1 1
   2082    4   23    2 1 1 1
   2083    4   23    3 1 1 1
   2084    4   23    4 1 1 1
   2085    4   23    5 1 1 1
   2086    4   23    6 1 1 1
   2087    4   23    7 1 1 1
   2088    4   23    8 1 1 1
   2089    4   23    9 1 1 1
   2090    4   23   10 1 1 1
   2091    4   23   11 1 1 1
   2092    4   23   12 1 1 1
   2093    4   23   13 1 1 1
   2094    4   23   14 1 1 1
   2095    4   23   15 1 1 1
   2096    4   23   16 1 1 1
   2097    4   24    1 1 1 1
   2098    4   24    2 1 1 1
   2099    4   24    3 1 1 1
   2100    4   24    4 1 1 1
   2101    4   24    5 1 1 1
   2102    4   24    6 1 1 1
   2103    4   24    7 1 1 1
   2104    4   24    8 1 1 1
   2105    4   24    9 1 1 1
   2106    4   24   10 1 1 1
   2107    4   24   11 1 1 1
   2108    4   24   12 1 1 1
   2109    4   24   13 1 1 1
   2110    4   24   14 1 1 1
   2111    4   24   15 1 1 1
   2112    4   24   16 1 1 1
   2113    4   25    1 1 1 1
   2114    4   25    2 1 1 1
   2115    4   25    3 1 1 1
   2116    4   25    4 1 1 1
   2117    4   25    5 1 1 1
   2118    4   25    6 1 1 1
   2119    4   25    7 1 1 1
   2120    4   25    8 1 1 1
   2121    4   25    9 1 1 1
   2122    4   25   10 1 1 1
   2123    4   25   11 1 1 1
   2124    4   25   12 1 1 1
   2125    4   25   13 1 1 1
   2126    4   25   14 1 1 1
   2127    4   25   15 1 1 1
   2128    4   25   16 1 1 1
   2129    4   26    1 1 1 1
   2130    4   26    2 1 1 1
   2131    4   26    3 1 1 1
   2132    4   26    4 1 1 1
   2133    4   26    5 1 1 1
   2134    4   26    6 1 1 1
   2135    4   26    7 1 1 1
   2136    4   26    8 1 1 1
   2137    4   26    9 1 1 1
   2138    4   26   10 1 1 1
   2139    4   26   11 1 1 1
   2140    4   26   12 1 1 1
   2141    4   26   13 1 1 1
   2142    4   26   14 1 1 1
   2143    4   26   15 1 1 1
   2144    4   26   16 1 1 1
   2145    4   27    1 1 1 1
   2146    4   27    2 1 1 1
   2147    4   27    3 1 1 1
   2148    4   27    4 1 1 1
   2149    4   27    5 1 1 1
   2150    4   27    6 1 1 1
   2151    4   27    7 1 1 1
   2152    4   27    8 1 1 1
   2153    4   27    9 1 1 1
   2154    4   27   10 1 1 1
   2155    4   27   11 1 1 1
   2156    4   27   12 1 1 1
   2157    4   27   13 1 1 1
   2158    4   27   14 1 1 1
   2159    4   27   15 1 1 1
   2160    4   27   16 1 1 1
   2161    4   28    1 1 1 1
   2162    4   28    2 1 1 1
   2163    4   28    3 1 1 1
   2164    4   28    4 1 1 1
   2165    4   28    5 1 1 1
   2166    4   28    6 1 1 1
   2167    4   28    7 1 1 1
   2168    4   28    8 1 1 1
   2169    4   28    9 1 1 1
   2170    4   28   10 1 1 1
   2171    4   28   11 1 1 1
   2172    4   28   12 1 1 1
   2173    4   28   13 1 1 1
   2174    4   28   14 1 1 1
   2175    4   28   15 1 1 1
   2176    4   28   16 1 1 1
   2177    4   29    1 1 1 1
   2178    4   29    2 1 1 1
   2179    4   29    3 1 1 1
   2180    4   29    4 1 1 1
   2181    4   29    5 1 1 1
   2182    4   29    6 1 1 1
   2183    4   29    7 1 1 1
   2184    4   29    8 1 1 1
   2185    4   29    9 1 1 1
   2186    4   29   10 1 1 1
   2187    4   29   11 1 1 1
   2188    4   29   12 1 1 1
   2189    4   29   13 1 1 1
   2190    4   29   14 1 1 1
   2191    4   29   15 1 1 1
   2192    4   29   16 1 1 1
   2193    4   30    1 1 1 1
   2194    4   30    2 1 1 1
   2195    4   30    3 1 1 1
   2196    4   30    4 1 1 1
   2197    4   30    5 1 1 1
   2198    4   30    6 1 1 1
   2199    4   30    7 1 1 1
   2200    4   30    8 1 1 1
   2201    4   30    9 1 1 1
   2202    4   30   10 1 1 1
   2203    4   30   11 1 1 1
   2204    4   30   12 1 1 1
   2205    4   30   13 1 1 1
   2206    4   30   14 1 1 1
   2207    4   30   15 1 1 1
   2208    4   30   16 1 1 1
   2209    4   31    1 1 1 1
   2210    4   31    2 1 1 1
   2211    4   31    3 1 1 1
   2212    4   31    4 1 1 1
   2213    4   31    5 1 1 1
   2214    4   31    6 1 1 1
   2215    4   31    7 1 1 1
   2216    4   31    8 1 1 1
   2217    4   31    9 1 1 1
   2218    4   31   10 1 1 1
   2219    4   31   11 1 1 1
   2220    4   31   12 1 1 1
   2221    4   31   13 1 1 1
   2222    4   31   14 1 1 1
   2223    4   31   15 1 1 1
   2224    4   31   16 1 1 1
   2225    4   32    1 1 1 1
   2226    4   32    2 1 1 1
   2227    4   32    3 1 1 1
   2228    4   32    4 1 1 1
   2229    4   32    5 1 1 1
   2230    4   32    6 1 1 1
   2231    4   32    7 1 1 1
   2232    4   32    8 1 1 1
   2233    4   32    9 1 1 1
   2234    4   32   10 1 1 1
   2235    4   32   11 1 1 1
   2236    4   32   12 1 1 1
   2237    4   32   13 1 1 1
   2238    4   32   14 1 1 1
   2239    4   32   15 1 1 1
   2240    4   32   16 1 1 1
   2241    4   33    1 1 1 1
   2242    4   33    2 1 1 1
   2243    4   33    3 1 1 1
   2244    4   33    4 1 1 1
   2245    4   33    5 1 1 1
   2246    4   33    6 1 1 1
   2247    4   33    7 1 1 1
   2248    4   33    8 1 1 1
   2249    4   33    9 1 1 1
   2250    4   33   10 1 1 1
   2251    4   33   11 1 1 1
   2252    4   33   12 1 1 1
   2253    4   33   13 1 1 1
   2254    4   33   14 1 1 1
   2255    4   33   15 1 1 1
   2256    4   33   16 1 1 1
   2257    4   34    1 1 1 1
   2258    4   34    2 1 1 1
   2259    4   34    3 1 1 1
   2260    4   34    4 1 1 1
   2261    4   34    5 1 1 1
   2262    4   34    6 1 1 1
   2263    4   34    7 1 1 1
   2264    4   34    8 1 1 1
   2265    4   34    9 1 1 1
   2266    4   34   10 1 1 1
   2267    4   34   11 1 1 1
   2268    4   34   12 1 1 1
   2269    4   34   13 1 1 1
   2270    4   34   14 1 1 1
   2271    4   34   15 1 1 1
   2272    4   34   16 1 1 1
   2273    4   35    1 1 1 1
   2274    4   35    2 1 1 1
   2275    4   35    3 1 1 1
   2276    4   35    4 1 1 1
   2277    4   35    5 1 1 1
   2278    4   35    6 1 1 1
   2279    4   35    7 1 1 1
   2280    4   35    8 1 1 1
   2281    4   35    9 1 1 1
   2282    4   35   10 1 1 1
   2283    4   35   11 1 1 1
   2284    4   35   12 1 1 1
   2285    4   35   13 1 1 1
   2286    4   35   14 1 1 1
   2287    4   35   15 1 1 1
   2288    4   35   16 1 1 1
   2289    4   36    1 1 1 1
   2290    4   36    2 1 1 1
   2291    4   36    3 1 1 1
   2292    4   36    4 1 1 1
   2293    4   36    5 1 1 1
   2294    4   36    6 1 1 1
   2295    4   36    7 1 1 1
   2296    4   36    8 1 1 1
   2297    4   36    9 1 1 1
   2298    4   36   10 1 1 1
   2299    4   36   11 1 1 1
   2300    4   36   12 1 1 1
   2301    4   36   13 1 1 1
   2302    4   36   14 1 1 1
   2303    4   36   15 1 1 1
   2304    4   36   16 1 1 1
   2305    5    1    1 1 1 1
   2306    5    1    2 1 1 1
   2307    5    1    3 1 1 1
   2308    5    1    4 1 1 1
   2309    5    1    5 1 1 1
   2310    5    1    6 1 1 1
   2311    5    1    7 1 1 1
   2312    5    1    8 1 1 1
   2313    5    1    9 1 1 1
   2314    5    1   10 1 1 1
   2315    5    1   11 1 1 1
   2316    5    1   12 1 1 1
   2317    5    1   13 1 1 1
   2318    5    1   14 1 1 1
   2319    5    1   15 1 1 1
   2320    5    1   16 1 1 1
   2321    5    2    1 1 1 1
   2322    5    2    2 1 1 1
   2323    5    2    3 1 1 1
   2324    5    2    4 1 1 1
   2325    5    2    5 1 1 1
   2326    5    2    6 1 1 1
   2327    5    2    7 1 1 1
   2328    5    2    8 1 1 1
   2329    5    2    9 1 1 1
   2330    5    2   10 1 1 1
   2331    5    2   11 1 1 1
   2332    5    2   12 1 1 1
   2333    5    2   13 1 1 1
   2334    5    2   14 1 1 1
   2335    5    2   15 1 1 1
   2336    5    2   16 1 1 1
   2337    5    3    1 1 1 1
   2338    5    3    2 1 1 1
   2339    5    3    3 1 1 1
   2340    5    3    4 1 1 1
   2341    5    3    5 1 1 1
   2342    5    3    6 1 1 1
   2343    5    3    7 1 1 1
   2344    5    3    8 1 1 1
   2345    5    3    9 1 1 1
   2346    5    3   10 1 1 1
   2347    5    3   11 1 1 1
   2348    5    3   12 1 1 1
   2349    5    3   13 1 1 1
   2350    5    3   14 1 1 1
   2351    5    3   15 1 1 1
   2352    5    3   16 1 1 1
   2353    5    4    1 1 1 1
   2354    5    4    2 1 1 1
   2355    5    4    3 1 1 1
   2356    5    4    4 1 1 1
   2357    5    4    5 1 1 1
   2358    5    4    6 1 1 1
   2359    5    4    7 1 1 1
   2360    5    4    8 1 1 1
   2361    5    4    9 1 1 1
   2362    5    4   10 1 1 1
   2363    5    4   11 1 1 1
   2364    5    4   12 1 1 1
   2365    5    4   13 1 1 1
   2366    5    4   14 1 1 1
   2367    5    4   15 1 1 1
   2368    5    4   16 1 1 1
   2369    5    5    1 1 1 1
   2370    5    5    2 1 1 1
   2371    5    5    3 1 1 1
   2372    5    5    4 1 1 1
   2373    5    5    5 1 1 1
   2374    5    5    6 1 1 1
   2375    5    5    7 1 1 1
   2376    5    5    8 1 1 1
   2377    5    5    9 1 1 1
   2378    5    5   10 1 1 1
   2379    5    5   11 1 1 1
   2380    5    5   12 1 1 1
   2381    5    5   13 1 1 1
   2382    5    5   14 1 1 1
   2383    5    5   15 1 1 1
   2384    5    5   16 1 1 1
   2385    5    6    1 1 1 1
   2386    5    6    2 1 1 1
   2387    5    6    3 1 1 1
   2388    5    6    4 1 1 1
   2389    5    6    5 1 1 1
   2390    5    6    6 1 1 1
   2391    5    6    7 1 1 1
   2392    5    6    8 1 1 1
   2393    5    6    9 1 1 1
   2394    5    6   10 1 1 1
   2395    5    6   11 1 1 1
   2396    5    6   12 1 1 1
   2397    5    6   13 1 1 1
   2398    5    6   14 1 1 1
   2399    5    6   15 1 1 1
   2400    5    6   16 1 1 1
   2401    5    7    1 1 1 1
   2402    5    7    2 1 1 1
   2403    5    7    3 1 1 1
   2404    5    7    4 1 1 1
   2405    5    7    5 1 1 1
   2406    5    7    6 1 1 1
   2407    5    7    7 1 1 1
   2408    5    7    8 1 1 1
   2409    5    7    9 1 1 1
   2410    5    7   10 1 1 1
   2411    5    7   11 1 1 1
   2412    5    7   12 1 1 1
   2413    5    7   13 1 1 1
   2414    5    7   14 1 1 1
   2415    5    7   15 1 1 1
   2416    5    7   16 1 1 1
   2417    5    8    1 1 1 1
   2418    5    8    2 1 1 1
   2419    5    8    3 1 1 1
   2420    5    8    4 1 1 1
   2421    5    8    5 1 1 1
   2422    5    8    6 1 1 1
   2423    5    8    7 1 1 1
   2424    5    8    8 1 1 1
   2425    5    8    9 1 1 1
   2426    5    8   10 1 1 1
   2427    5    8   11 1 1 1
   2428    5    8   12 1 1 1
   2429    5    8   13 1 1 1
   2430    5    8   14 1 1 1
   2431    5    8   15 1 1 1
   2432    5    8   16 1 1 1
   2433    5    9    1 1 1 1
   2434    5    9    2 1 1 1
   2435    5    9    3 1 1 1
   2436    5    9    4 1 1 1
   2437    5    9    5 1 1 1
   2438    5    9    6 1 1 1
   2439    5    9    7 1 1 1
   2440    5    9    8 1 1 1
   2441    5    9    9 1 1 1
   2442    5    9   10 1 1 1
   2443    5    9   11 1 1 1
   2444    5    9   12 1 1 1
   2445    5    9   13 1 1 1
   2446    5    9   14 1 1 1
   2447    5    9   15 1 1 1
   2448    5    9   16 1 1 1
   2449    5   10    1 1 1 1
   2450    5   10    2 1 1 1
   2451    5   10    3 1 1 1
   2452    5   10    4 1 1 1
   2453    5   10    5 1 1 1
   2454    5   10    6 1 1 1
   2455    5   10    7 1 1 1
   2456    5   10    8 1 1 1
   2457    5   10    9 1 1 1
   2458    5   10   10 1 1 1
   2459    5   10   11 1 1 1
   2460    5   10   12 1 1 1
   2461    5   10   13 1 1 1
   2462    5   10   14 1 1 1
   2463    5   10   15 1 1 1
   2464    5   10   16 1 1 1
   2465    5   11    1 1 1 1
   2466    5   11    2 1 1 1
   2467    5   11    3 1 1 1
   2468    5   11    4 1 1 1
   2469    5   11    5 1 1 1
   2470    5   11    6 1 1 1
   2471    5   11    7 1 1 1
   2472    5   11    8 1 1 1
   2473    5   11    9 1 1 1
   2474    5   11   10 1 1 1
   2475    5   11   11 1 1 1
   2476    5   11   12 1 1 1
   2477    5   11   13 1 1 1
   2478    5   11   14 1 1 1
   2479    5   11   15 1 1 1
   2480    5   11   16 1 1 1
   2481    5   12    1 1 1 1
   2482    5   12    2 1 1 1
   2483    5   12    3 1 1 1
   2484    5   12    4 1 1 1
   2485    5   12    5 1 1 1
   2486    5   12    6 1 1 1
   2487    5   12    7 1 1 1
   2488    5   12    8 1 1 1
   2489    5   12    9 1 1 1
   2490    5   12   10 1 1 1
   2491    5   12   11 1 1 1
   2492    5   12   12 1 1 1
   2493    5   12   13 1 1 1
   2494    5   12   14 1 1 1
   2495    5   12   15 1 1 1
   2496    5   12   16 1 1 1
   2497    5   13    1 1 1 1
   2498    5   13    2 1 1 1
   2499    5   13    3 1 1 1
   2500    5   13    4 1 1 1
   2501    5   13    5 1 1 1
   2502    5   13    6 1 1 1
   2503    5   13    7 1 1 1
   2504    5   13    8 1 1 1
   2505    5   13    9 1 1 1
   2506    5   13   10 1 1 1
   2507    5   13   11 1 1 1
   2508    5   13   12 1 1 1
   2509    5   13   13 1 1 1
   2510    5   13   14 1 1 1
   2511    5   13   15 1 1 1
   2512    5   13   16 1 1 1
   2513    5   14    1 1 1 1
   2514    5   14    2 1 1 1
   2515    5   14    3 1 1 1
   2516    5   14    4 1 1 1
   2517    5   14    5 1 1 1
   2518    5   14    6 1 1 1
   2519    5   14    7 1 1 1
   2520    5   14    8 1 1 1
   2521    5   14    9 1 1 1
   2522    5   14   10 1 1 1
   2523    5   14   11 1 1 1
   2524    5   14   12 1 1 1
   2525    5   14   13 1 1 1
   2526    5   14   14 1 1 1
   2527    5   14   15 1 1 1
   2528    5   14   16 1 1 1
   2529    5   15    1 1 1 1
   2530    5   15    2 1 1 1
   2531    5   15    3 1 1 1
   2532    5   15    4 1 1 1
   2533    5   15    5 1 1 1
   2534    5   15    6 1 1 1
   2535    5   15    7 1 1 1
   2536    5   15    8 1 1 1
   2537    5   15    9 1 1 1
   2538    5   15   10 1 1 1
   2539    5   15   11 1 1 1
   2540    5   15   12 1 1 1
   2541    5   15   13 1 1 1
   2542    5   15   14 1 1 1
   2543    5   15   15 1 1 1
   2544    5   15   16 1 1 1
   2545    5   16    1 1 1 1
   2546    5   16    2 1 1 1
   2547    5   16    3 1 1 1
   2548    5   16    4 1 1 1
   2549    5   16    5 1 1 1
   2550    5   16    6 1 1 1
   2551    5   16    7 1 1 1
   2552    5   16    8 1 1 1
   2553    5   16    9 1 1 1
   2554    5   16   10 1 1 1
   2555    5   16   11 1 1 1
   2556    5   16   12 1 1 1
   2557    5   16   13 1 1 1
   2558    5   16   14 1 1 1
   2559    5   16   15 1 1 1
   2560    5   16   16 1 1 1
   2561    5   17    1 1 1 1
   2562    5   17    2 1 1 1
   2563    5   17    3 1 1 1
   2564    5   17    4 1 1 1
   2565    5   17    5 1 1 1
   2566    5   17    6 1 1 1
   2567    5   17    7 1 1 1
   2568    5   17    8 1 1 1
   2569    5   17    9 1 1 1
   2570    5   17   10 1 1 1
   2571    5   17   11 1 1 1
   2572    5   17   12 1 1 1
   2573    5   17   13 1 1 1
   2574    5   17   14 1 1 1
   2575    5   17   15 1 1 1
   2576    5   17   16 1 1 1
   2577    5   18    1 1 1 1
   2578    5   18    2 1 1 1
   2579    5   18    3 1 1 1
   2580    5   18    4 1 1 1
   2581    5   18    5 1 1 1
   2582    5   18    6 1 1 1
   2583    5   18    7 1 1 1
   2584    5   18    8 1 1 1
   2585    5   18    9 1 1 1
   2586    5   18   10 1 1 1
   2587    5   18   11 1 1 1
   2588    5   18   12 1 1 1
   2589    5   18   13 1 1 1
   2590    5   18   14 1 1 1
   2591    5   18   15 1 1 1
   2592    5   18   16 1 1 1
   2593    5   19    1 1 1 1
   2594    5   19    2 1 1 1
   2595    5   19    3 1 1 1
   2596    5   19    4 1 1 1
   2597    5   19    5 1 1 1
   2598    5   19    6 1 1 1
   2599    5   19    7 1 1 1
   2600    5   19    8 1 1 1
   2601    5   19    9 1 1 1
   2602    5   19   10 1 1 1
   2603    5   19   11 1 1 1
   2604    5   19   12 1 1 1
   2605    5   19   13 1 1 1
   2606    5   19   14 1 1 1
   2607    5   19   15 1 1 1
   2608    5   19   16 1 1 1
   2609    5   20    1 1 1 1
   2610    5   20    2 1 1 1
   2611    5   20    3 1 1 1
   2612    5   20    4 1 1 1
   2613    5   20    5 1 1 1
   2614    5   20    6 1 1 1
   2615    5   20    7 1 1 1
   2616    5   20    8 1 1 1
   2617    5   20    9 1 1 1
   2618    5   20   10 1 1 1
   2619    5   20   11 1 1 1
   2620    5   20   12 1 1 1
   2621    5   20   13 1 1 1
   2622    5   20   14 1 1 1
   2623    5   20   15 1 1 1
   2624    5   20   16 1 1 1
   2625    5   21    1 1 1 1
   2626    5   21    2 1 1 1
   2627    5   21    3 1 1 1
   2628    5   21    4 1 1 1
   2629    5   21    5 1 1 1
   2630    5   21    6 1 1 1
   2631    5   21    7 1 1 1
   2632    5   21    8 1 1 1
   2633    5   21    9 1 1 1
   2634    5   21   10 1 1 1
   2635    5   21   11 1 1 1
   2636    5   21   12 1 1 1
   2637    5   21   13 1 1 1
   2638    5   21   14 1 1 1
   2639    5   21   15 1 1 1
   2640    5   21   16 1 1 1
   2641    5   22    1 1 1 1
   2642    5   22    2 1 1 1
   2643    5   22    3 1 1 1
   2644    5   22    4 1 1 1
   2645    5   22    5 1 1 1
   2646    5   22    6 1 1 1
   2647    5   22    7 1 1 1
   2648    5   22    8 1 1 1
   2649    5   22    9 1 1 1
   2650    5   22   10 1 1 1
   2651    5   22   11 1 1 1
   2652    5   22   12 1 1 1
   2653    5   22   13 1 1 1
   2654    5   22   14 1 1 1
   2655    5   22   15 1 1 1
   2656    5   22   16 1 1 1
   2657    5   23    1 1 1 1
   2658    5   23    2 1 1 1
   2659    5   23    3 1 1 1
   2660    5   23    4 1 1 1
   2661    5   23    5 1 1 1
   2662    5   23    6 1 1 1
   2663    5   23    7 1 1 1
   2664    5   23    8 1 1 1
   2665    5   23    9 1 1 1
   2666    5   23   10 1 1 1
   2667    5   23   11 1 1 1
   2668    5   23   12 1 1 1
   2669    5   23   13 1 1 1
   2670    5   23   14 1 1 1
   2671    5   23   15 1 1 1
   2672    5   23   16 1 1 1
   2673    5   24    1 1 1 1
   2674    5   24    2 1 1 1
   2675    5   24    3 1 1 1
   2676    5   24    4 1 1 1
   2677    5   24    5 1 1 1
   2678    5   24    6 1 1 1
   2679    5   24    7 1 1 1
   2680    5   24    8 1 1 1
   2681    5   24    9 1 1 1
   2682    5   24   10 1 1 1
   2683    5   24   11 1 1 1
   2684    5   24   12 1 1 1
   2685    5   24   13 1 1 1
   2686    5   24   14 1 1 1
   2687    5   24   15 1 1 1
   2688    5   24   16 1 1 1
   2689    5   25    1 1 1 1
   2690    5   25    2 1 1 1
   2691    5   25    3 1 1 1
   2692    5   25    4 1 1 1
   2693    5   25    5 1 1 1
   2694    5   25    6 1 1 1
   2695    5   25    7 1 1 1
   2696    5   25    8 1 1 1
   2697    5   25    9 1 1 1
   2698    5   25   10 1 1 1
   2699    5   25   11 1 1 1
   2700    5   25   12 1 1 1
   2701    5   25   13 1 1 1
   2702    5   25   14 1 1 1
   2703    5   25   15 1 1 1
   2704    5   25   16 1 1 1
   2705    5   26    1 1 1 1
   2706    5   26    2 1 1 1
   2707    5   26    3 1 1 1
   2708    5   26    4 1 1 1
   2709    5   26    5 1 1 1
   2710    5   26    6 1 1 1
   2711    5   26    7 1 1 1
   2712    5   26    8 1 1 1
   2713    5   26    9 1 1 1
   2714    5   26   10 1 1 1
   2715    5   26   11 1 1 1
   2716    5   26   12 1 1 1
   2717    5   26   13 1 1 1
   2718    5   26   14 1 1 1
   2719    5   26   15 1 1 1
   2720    5   26   16 1 1 1
   2721    5   27    1 1 1 1
   2722    5   27    2 1 1 1
   2723    5   27    3 1 1 1
   2724    5   27    4 1 1 1
   2725    5   27    5 1 1 1
   2726    5   27    6 1 1 1
   2727    5   27    7 1 1 1
   2728    5   27    8 1 1 1
   2729    5   27    9 1 1 1
   2730    5   27   10 1 1 1
   2731    5   27   11 1 1 1
   2732    5   27   12 1 1 1
   2733    5   27   13 1 1 1
   2734    5   27   14 1 1 1
   2735    5   27   15 1 1 1
   2736    5   27   16 1 1 1
   2737    5   28    1 1 1 1
   2738    5   28    2 1 1 1
   2739    5   28    3 1 1 1
   2740    5   28    4 1 1 1
   2741    5   28    5 1 1 1
   2742    5   28    6 1 1 1
   2743    5   28    7 1 1 1
   2744    5   28    8 1 1 1
   2745    5   28    9 1 1 1
   2746    5   28   10 1 1 1
   2747    5   28   11 1 1 1
   2748    5   28   12 1 1 1
   2749    5   28   13 1 1 1
   2750    5   28   14 1 1 1
   2751    5   28   15 1 1 1
   2752    5   28   16 1 1 1
   2753    5   29    1 1 1 1
   2754    5   29    2 1 1 1
   2755    5   29    3 1 1 1
   2756    5   29    4 1 1 1
   2757    5   29    5 1 1 1
   2758    5   29    6 1 1 1
   2759    5   29    7 1 1 1
   2760    5   29    8 1 1 1
   2761    5   29    9 1 1 1
   2762    5   29   10 1 1 1
   2763    5   29   11 1 1 1
   2764    5   29   12 1 1 1
   2765    5   29   13 1 1 1
   2766    5   29   14 1 1 1
   2767    5   29   15 1 1 1
   2768    5   29   16 1 1 1
   2769    5   30    1 1 1 1
   2770    5   30    2 1 1 1
   2771    5   30    3 1 1 1
   2772    5   30    4 1 1 1
   2773    5   30    5 1 1 1
   2774    5   30    6 1 1 1
   2775    5   30    7 1 1 1
   2776    5   30    8 1 1 1
   2777    5   30    9 1 1 1
   2778    5   30   10 1 1 1
   2779    5   30   11 1 1 1
   2780    5   30   12 1 1 1
   2781    5   30   13 1 1 1
   2782    5   30   14 1 1 1
   2783    5   30   15 1 1 1
   2784    5   30   16 1 1 1
   2785    5   31    1 1 1 1
   2786    5   31    2 1 1 1
   2787    5   31    3 1 1 1
   2788    5   31    4 1 1 1
   2789    5   31    5 1 1 1
   2790    5   31    6 1 1 1
   2791    5   31    7 1 1 1
   2792    5   31    8 1 1 1
   2793    5   31    9 1 1 1
   2794    5   31   10 1 1 1
   2795    5   31   11 1 1 1
   2796    5   31   12 1 1 1
   2797    5   31   13 1 1 1
   2798    5   31   14 1 1 1
   2799    5   31   15 1 1 1
   2800    5   31   16 1 1 1
   2801    5   32    1 1 1 1
   2802    5   32    2 1 1 1
   2803    5   32    3 1 1 1
   2804    5   32    4 1 1 1
   2805    5   32    5 1 1 1
   2806    5   32    6 1 1 1
   2807    5   32    7 1 1 1
   2808    5   32    8 1 1 1
   2809    5   32    9 1 1 1
   2810    5   32   10 1 1 1
   2811    5   32   11 1 1 1
   2812    5   32   12 1 1 1
   2813    5   32   13 1 1 1
   2814    5   32   14 1 1 1
   2815    5   32   15 1 1 1
   2816    5   32   16 1 1 1
   2817    5   33    1 1 1 1
   2818    5   33    2 1 1 1
   2819    5   33    3 1 1 1
   2820    5   33    4 1 1 1
   2821    5   33    5 1 1 1
   2822    5   33    6 1 1 1
   2823    5   33    7 1 1 1
   2824    5   33    8 1 1 1
   2825    5   33    9 1 1 1
   2826    5   33   10 1 1 1
   2827    5   33   11 1 1 1
   2828    5   33   12 1 1 1
   2829    5   33   13 1 1 1
   2830    5   33   14 1 1 1
   2831    5   33   15 1 1 1
   2832    5   33   16 1 1 1
   2833    5   34    1 1 1 1
   2834    5   34    2 1 1 1
   2835    5   34    3 1 1 1
   2836    5   34    4 1 1 1
   2837    5   34    5 1 1 1
   2838    5   34    6 1 1 1
   2839    5   34    7 1 1 1
   2840    5   34    8 1 1 1
   2841    5   34    9 1 1 1
   2842    5   34   10 1 1 1
   2843    5   34   11 1 1 1
   2844    5   34   12 1 1 1
   2845    5   34   13 1 1 1
   2846    5   34   14 1 1 1
   2847    5   34   15 1 1 1
   2848    5   34   16 1 1 1
   2849    5   35    1 1 1 1
   2850    5   35    2 1 1 1
   2851    5   35    3 1 1 1
   2852    5   35    4 1 1 1
   2853    5   35    5 1 1 1
   2854    5   35    6 1 1 1
   2855    5   35    7 1 1 1
   2856    5   35    8 1 1 1
   2857    5   35    9 1 1 1
   2858    5   35   10 1 1 1
   2859    5   35   11 1 1 1
   2860    5   35   12 1 1 1
   2861    5   35   13 1 1 1
   2862    5   35   14 1 1 1
   2863    5   35   15 1 1 1
   2864    5   35   16 1 1 1
   2865    5   36    1 1 1 1
   2866    5   36    2 1 1 1
   2867    5   36    3 1 1 1
   2868    5   36    4 1 1 1
   2869    5   36    5 1 1 1
   2870    5   36    6 1 1 1
   2871    5   36    7 1 1 1
   2872    5   36    8 1 1 1
   2873    5   36    9 1 1 1
   2874    5   36   10 1 1 1
   2875    5   36   11 1 1 1
   2876    5   36   12 1 1 1
   2877    5   36   13 1 1 1
   2878    5   36   14 1 1 1
   2879    5   36   15 1 1 1
   2880    5   36   16 1 1 1
