 >REASHP: option FROM_FILE
      2916 = NAT
  1.000000  0.000000  0.000000 = A_1 vector
  0.000000  1.000000  0.000000 = A_2 vector
  1.000000  1.000000  1.000000 = lattice spacings (d_x,d_y,d_z)/d
  -0.13230  -0.02610  -0.08550 = lattice offset x0(1-3) = (x_TF,y_TF,z_TF)/d for dipole 0 0 0
     JA  IX  IY  IZ ICOMP(x,y,z)
      1    1    1    1 1 1 1
      2    1    1    2 1 1 1
      3    1    1    3 1 1 1
      4    1    1    4 1 1 1
      5    1    1    5 1 1 1
      6    1    1    6 1 1 1
      7    1    1    7 1 1 1
      8    1    1    8 1 1 1
      9    1    1    9 1 1 1
     10    1    1   10 1 1 1
     11    1    1   11 1 1 1
     12    1    1   12 1 1 1
     13    1    1   13 1 1 1
     14    1    1   14 1 1 1
     15    1    1   15 1 1 1
     16    1    1   16 1 1 1
     17    1    1   17 1 1 1
     18    1    1   18 1 1 1
     19    1    2    1 1 1 1
     20    1    2    2 1 1 1
     21    1    2    3 1 1 1
     22    1    2    4 1 1 1
     23    1    2    5 1 1 1
     24    1    2    6 1 1 1
     25    1    2    7 1 1 1
     26    1    2    8 1 1 1
     27    1    2    9 1 1 1
     28    1    2   10 1 1 1
     29    1    2   11 1 1 1
     30    1    2   12 1 1 1
     31    1    2   13 1 1 1
     32    1    2   14 1 1 1
     33    1    2   15 1 1 1
     34    1    2   16 1 1 1
     35    1    2   17 1 1 1
     36    1    2   18 1 1 1
     37    1    3    1 1 1 1
     38    1    3    2 1 1 1
     39    1    3    3 1 1 1
     40    1    3    4 1 1 1
     41    1    3    5 1 1 1
     42    1    3    6 1 1 1
     43    1    3    7 1 1 1
     44    1    3    8 1 1 1
     45    1    3    9 1 1 1
     46    1    3   10 1 1 1
     47    1    3   11 1 1 1
     48    1    3   12 1 1 1
     49    1    3   13 1 1 1
     50    1    3   14 1 1 1
     51    1    3   15 1 1 1
     52    1    3   16 1 1 1
     53    1    3   17 1 1 1
     54    1    3   18 1 1 1
     55    1    4    1 1 1 1
     56    1    4    2 1 1 1
     57    1    4    3 1 1 1
     58    1    4    4 1 1 1
     59    1    4    5 1 1 1
     60    1    4    6 1 1 1
     61    1    4    7 1 1 1
     62    1    4    8 1 1 1
     63    1    4    9 1 1 1
     64    1    4   10 1 1 1
     65    1    4   11 1 1 1
     66    1    4   12 1 1 1
     67    1    4   13 1 1 1
     68    1    4   14 1 1 1
     69    1    4   15 1 1 1
     70    1    4   16 1 1 1
     71    1    4   17 1 1 1
     72    1    4   18 1 1 1
     73    1    5    1 1 1 1
     74    1    5    2 1 1 1
     75    1    5    3 1 1 1
     76    1    5    4 1 1 1
     77    1    5    5 1 1 1
     78    1    5    6 1 1 1
     79    1    5    7 1 1 1
     80    1    5    8 1 1 1
     81    1    5    9 1 1 1
     82    1    5   10 1 1 1
     83    1    5   11 1 1 1
     84    1    5   12 1 1 1
     85    1    5   13 1 1 1
     86    1    5   14 1 1 1
     87    1    5   15 1 1 1
     88    1    5   16 1 1 1
     89    1    5   17 1 1 1
     90    1    5   18 1 1 1
     91    1    6    1 1 1 1
     92    1    6    2 1 1 1
     93    1    6    3 1 1 1
     94    1    6    4 1 1 1
     95    1    6    5 1 1 1
     96    1    6    6 1 1 1
     97    1    6    7 1 1 1
     98    1    6    8 1 1 1
     99    1    6    9 1 1 1
    100    1    6   10 1 1 1
    101    1    6   11 1 1 1
    102    1    6   12 1 1 1
    103    1    6   13 1 1 1
    104    1    6   14 1 1 1
    105    1    6   15 1 1 1
    106    1    6   16 1 1 1
    107    1    6   17 1 1 1
    108    1    6   18 1 1 1
    109    2    1    1 1 1 1
    110    2    1    2 1 1 1
    111    2    1    3 1 1 1
    112    2    1    4 1 1 1
    113    2    1    5 1 1 1
    114    2    1    6 1 1 1
    115    2    1    7 1 1 1
    116    2    1    8 1 1 1
    117    2    1    9 1 1 1
    118    2    1   10 1 1 1
    119    2    1   11 1 1 1
    120    2    1   12 1 1 1
    121    2    1   13 1 1 1
    122    2    1   14 1 1 1
    123    2    1   15 1 1 1
    124    2    1   16 1 1 1
    125    2    1   17 1 1 1
    126    2    1   18 1 1 1
    127    2    2    1 1 1 1
    128    2    2    2 1 1 1
    129    2    2    3 1 1 1
    130    2    2    4 1 1 1
    131    2    2    5 1 1 1
    132    2    2    6 1 1 1
    133    2    2    7 1 1 1
    134    2    2    8 1 1 1
    135    2    2    9 1 1 1
    136    2    2   10 1 1 1
    137    2    2   11 1 1 1
    138    2    2   12 1 1 1
    139    2    2   13 1 1 1
    140    2    2   14 1 1 1
    141    2    2   15 1 1 1
    142    2    2   16 1 1 1
    143    2    2   17 1 1 1
    144    2    2   18 1 1 1
    145    2    3    1 1 1 1
    146    2    3    2 1 1 1
    147    2    3    3 1 1 1
    148    2    3    4 1 1 1
    149    2    3    5 1 1 1
    150    2    3    6 1 1 1
    151    2    3    7 1 1 1
    152    2    3    8 1 1 1
    153    2    3    9 1 1 1
    154    2    3   10 1 1 1
    155    2    3   11 1 1 1
    156    2    3   12 1 1 1
    157    2    3   13 1 1 1
    158    2    3   14 1 1 1
    159    2    3   15 1 1 1
    160    2    3   16 1 1 1
    161    2    3   17 1 1 1
    162    2    3   18 1 1 1
    163    2    4    1 1 1 1
    164    2    4    2 1 1 1
    165    2    4    3 1 1 1
    166    2    4    4 1 1 1
    167    2    4    5 1 1 1
    168    2    4    6 1 1 1
    169    2    4    7 1 1 1
    170    2    4    8 1 1 1
    171    2    4    9 1 1 1
    172    2    4   10 1 1 1
    173    2    4   11 1 1 1
    174    2    4   12 1 1 1
    175    2    4   13 1 1 1
    176    2    4   14 1 1 1
    177    2    4   15 1 1 1
    178    2    4   16 1 1 1
    179    2    4   17 1 1 1
    180    2    4   18 1 1 1
    181    2    5    1 1 1 1
    182    2    5    2 1 1 1
    183    2    5    3 1 1 1
    184    2    5    4 1 1 1
    185    2    5    5 1 1 1
    186    2    5    6 1 1 1
    187    2    5    7 1 1 1
    188    2    5    8 1 1 1
    189    2    5    9 1 1 1
    190    2    5   10 1 1 1
    191    2    5   11 1 1 1
    192    2    5   12 1 1 1
    193    2    5   13 1 1 1
    194    2    5   14 1 1 1
    195    2    5   15 1 1 1
    196    2    5   16 1 1 1
    197    2    5   17 1 1 1
    198    2    5   18 1 1 1
    199    2    6    1 1 1 1
    200    2    6    2 1 1 1
    201    2    6    3 1 1 1
    202    2    6    4 1 1 1
    203    2    6    5 1 1 1
    204    2    6    6 1 1 1
    205    2    6    7 1 1 1
    206    2    6    8 1 1 1
    207    2    6    9 1 1 1
    208    2    6   10 1 1 1
    209    2    6   11 1 1 1
    210    2    6   12 1 1 1
    211    2    6   13 1 1 1
    212    2    6   14 1 1 1
    213    2    6   15 1 1 1
    214    2    6   16 1 1 1
    215    2    6   17 1 1 1
    216    2    6   18 1 1 1
    217    3    1    1 1 1 1
    218    3    1    2 1 1 1
    219    3    1    3 1 1 1
    220    3    1    4 1 1 1
    221    3    1    5 1 1 1
    222    3    1    6 1 1 1
    223    3    1    7 1 1 1
    224    3    1    8 1 1 1
    225    3    1    9 1 1 1
    226    3    1   10 1 1 1
    227    3    1   11 1 1 1
    228    3    1   12 1 1 1
    229    3    1   13 1 1 1
    230    3    1   14 1 1 1
    231    3    1   15 1 1 1
    232    3    1   16 1 1 1
    233    3    1   17 1 1 1
    234    3    1   18 1 1 1
    235    3    2    1 1 1 1
    236    3    2    2 1 1 1
    237    3    2    3 1 1 1
    238    3    2    4 1 1 1
    239    3    2    5 1 1 1
    240    3    2    6 1 1 1
    241    3    2    7 1 1 1
    242    3    2    8 1 1 1
    243    3    2    9 1 1 1
    244    3    2   10 1 1 1
    245    3    2   11 1 1 1
    246    3    2   12 1 1 1
    247    3    2   13 1 1 1
    248    3    2   14 1 1 1
    249    3    2   15 1 1 1
    250    3    2   16 1 1 1
    251    3    2   17 1 1 1
    252    3    2   18 1 1 1
    253    3    3    1 1 1 1
    254    3    3    2 1 1 1
    255    3    3    3 1 1 1
    256    3    3    4 1 1 1
    257    3    3    5 1 1 1
    258    3    3    6 1 1 1
    259    3    3    7 1 1 1
    260    3    3    8 1 1 1
    261    3    3    9 1 1 1
    262    3    3   10 1 1 1
    263    3    3   11 1 1 1
    264    3    3   12 1 1 1
    265    3    3   13 1 1 1
    266    3    3   14 1 1 1
    267    3    3   15 1 1 1
    268    3    3   16 1 1 1
    269    3    3   17 1 1 1
    270    3    3   18 1 1 1
    271    3    4    1 1 1 1
    272    3    4    2 1 1 1
    273    3    4    3 1 1 1
    274    3    4    4 1 1 1
    275    3    4    5 1 1 1
    276    3    4    6 1 1 1
    277    3    4    7 1 1 1
    278    3    4    8 1 1 1
    279    3    4    9 1 1 1
    280    3    4   10 1 1 1
    281    3    4   11 1 1 1
    282    3    4   12 1 1 1
    283    3    4   13 1 1 1
    284    3    4   14 1 1 1
    285    3    4   15 1 1 1
    286    3    4   16 1 1 1
    287    3    4   17 1 1 1
    288    3    4   18 1 1 1
    289    3    5    1 1 1 1
    290    3    5    2 1 1 1
    291    3    5    3 1 1 1
    292    3    5    4 1 1 1
    293    3    5    5 1 1 1
    294    3    5    6 1 1 1
    295    3    5    7 1 1 1
    296    3    5    8 1 1 1
    297    3    5    9 1 1 1
    298    3    5   10 1 1 1
    299    3    5   11 1 1 1
    300    3    5   12 1 1 1
    301    3    5   13 1 1 1
    302    3    5   14 1 1 1
    303    3    5   15 1 1 1
    304    3    5   16 1 1 1
    305    3    5   17 1 1 1
    306    3    5   18 1 1 1
    307    3    6    1 1 1 1
    308    3    6    2 1 1 1
    309    3    6    3 1 1 1
    310    3    6    4 1 1 1
    311    3    6    5 1 1 1
    312    3    6    6 1 1 1
    313    3    6    7 1 1 1
    314    3    6    8 1 1 1
    315    3    6    9 1 1 1
    316    3    6   10 1 1 1
    317    3    6   11 1 1 1
    318    3    6   12 1 1 1
    319    3    6   13 1 1 1
    320    3    6   14 1 1 1
    321    3    6   15 1 1 1
    322    3    6   16 1 1 1
    323    3    6   17 1 1 1
    324    3    6   18 1 1 1
    325    4    1    1 1 1 1
    326    4    1    2 1 1 1
    327    4    1    3 1 1 1
    328    4    1    4 1 1 1
    329    4    1    5 1 1 1
    330    4    1    6 1 1 1
    331    4    1    7 1 1 1
    332    4    1    8 1 1 1
    333    4    1    9 1 1 1
    334    4    1   10 1 1 1
    335    4    1   11 1 1 1
    336    4    1   12 1 1 1
    337    4    1   13 1 1 1
    338    4    1   14 1 1 1
    339    4    1   15 1 1 1
    340    4    1   16 1 1 1
    341    4    1   17 1 1 1
    342    4    1   18 1 1 1
    343    4    2    1 1 1 1
    344    4    2    2 1 1 1
    345    4    2    3 1 1 1
    346    4    2    4 1 1 1
    347    4    2    5 1 1 1
    348    4    2    6 1 1 1
    349    4    2    7 1 1 1
    350    4    2    8 1 1 1
    351    4    2    9 1 1 1
    352    4    2   10 1 1 1
    353    4    2   11 1 1 1
    354    4    2   12 1 1 1
    355    4    2   13 1 1 1
    356    4    2   14 1 1 1
    357    4    2   15 1 1 1
    358    4    2   16 1 1 1
    359    4    2   17 1 1 1
    360    4    2   18 1 1 1
    361    4    3    1 1 1 1
    362    4    3    2 1 1 1
    363    4    3    3 1 1 1
    364    4    3    4 1 1 1
    365    4    3    5 1 1 1
    366    4    3    6 1 1 1
    367    4    3    7 1 1 1
    368    4    3    8 1 1 1
    369    4    3    9 1 1 1
    370    4    3   10 1 1 1
    371    4    3   11 1 1 1
    372    4    3   12 1 1 1
    373    4    3   13 1 1 1
    374    4    3   14 1 1 1
    375    4    3   15 1 1 1
    376    4    3   16 1 1 1
    377    4    3   17 1 1 1
    378    4    3   18 1 1 1
    379    4    4    1 1 1 1
    380    4    4    2 1 1 1
    381    4    4    3 1 1 1
    382    4    4    4 1 1 1
    383    4    4    5 1 1 1
    384    4    4    6 1 1 1
    385    4    4    7 1 1 1
    386    4    4    8 1 1 1
    387    4    4    9 1 1 1
    388    4    4   10 1 1 1
    389    4    4   11 1 1 1
    390    4    4   12 1 1 1
    391    4    4   13 1 1 1
    392    4    4   14 1 1 1
    393    4    4   15 1 1 1
    394    4    4   16 1 1 1
    395    4    4   17 1 1 1
    396    4    4   18 1 1 1
    397    4    5    1 1 1 1
    398    4    5    2 1 1 1
    399    4    5    3 1 1 1
    400    4    5    4 1 1 1
    401    4    5    5 1 1 1
    402    4    5    6 1 1 1
    403    4    5    7 1 1 1
    404    4    5    8 1 1 1
    405    4    5    9 1 1 1
    406    4    5   10 1 1 1
    407    4    5   11 1 1 1
    408    4    5   12 1 1 1
    409    4    5   13 1 1 1
    410    4    5   14 1 1 1
    411    4    5   15 1 1 1
    412    4    5   16 1 1 1
    413    4    5   17 1 1 1
    414    4    5   18 1 1 1
    415    4    6    1 1 1 1
    416    4    6    2 1 1 1
    417    4    6    3 1 1 1
    418    4    6    4 1 1 1
    419    4    6    5 1 1 1
    420    4    6    6 1 1 1
    421    4    6    7 1 1 1
    422    4    6    8 1 1 1
    423    4    6    9 1 1 1
    424    4    6   10 1 1 1
    425    4    6   11 1 1 1
    426    4    6   12 1 1 1
    427    4    6   13 1 1 1
    428    4    6   14 1 1 1
    429    4    6   15 1 1 1
    430    4    6   16 1 1 1
    431    4    6   17 1 1 1
    432    4    6   18 1 1 1
    433    5    1    1 1 1 1
    434    5    1    2 1 1 1
    435    5    1    3 1 1 1
    436    5    1    4 1 1 1
    437    5    1    5 1 1 1
    438    5    1    6 1 1 1
    439    5    1    7 1 1 1
    440    5    1    8 1 1 1
    441    5    1    9 1 1 1
    442    5    1   10 1 1 1
    443    5    1   11 1 1 1
    444    5    1   12 1 1 1
    445    5    1   13 1 1 1
    446    5    1   14 1 1 1
    447    5    1   15 1 1 1
    448    5    1   16 1 1 1
    449    5    1   17 1 1 1
    450    5    1   18 1 1 1
    451    5    2    1 1 1 1
    452    5    2    2 1 1 1
    453    5    2    3 1 1 1
    454    5    2    4 1 1 1
    455    5    2    5 1 1 1
    456    5    2    6 1 1 1
    457    5    2    7 1 1 1
    458    5    2    8 1 1 1
    459    5    2    9 1 1 1
    460    5    2   10 1 1 1
    461    5    2   11 1 1 1
    462    5    2   12 1 1 1
    463    5    2   13 1 1 1
    464    5    2   14 1 1 1
    465    5    2   15 1 1 1
    466    5    2   16 1 1 1
    467    5    2   17 1 1 1
    468    5    2   18 1 1 1
    469    5    3    1 1 1 1
    470    5    3    2 1 1 1
    471    5    3    3 1 1 1
    472    5    3    4 1 1 1
    473    5    3    5 1 1 1
    474    5    3    6 1 1 1
    475    5    3    7 1 1 1
    476    5    3    8 1 1 1
    477    5    3    9 1 1 1
    478    5    3   10 1 1 1
    479    5    3   11 1 1 1
    480    5    3   12 1 1 1
    481    5    3   13 1 1 1
    482    5    3   14 1 1 1
    483    5    3   15 1 1 1
    484    5    3   16 1 1 1
    485    5    3   17 1 1 1
    486    5    3   18 1 1 1
    487    5    4    1 1 1 1
    488    5    4    2 1 1 1
    489    5    4    3 1 1 1
    490    5    4    4 1 1 1
    491    5    4    5 1 1 1
    492    5    4    6 1 1 1
    493    5    4    7 1 1 1
    494    5    4    8 1 1 1
    495    5    4    9 1 1 1
    496    5    4   10 1 1 1
    497    5    4   11 1 1 1
    498    5    4   12 1 1 1
    499    5    4   13 1 1 1
    500    5    4   14 1 1 1
    501    5    4   15 1 1 1
    502    5    4   16 1 1 1
    503    5    4   17 1 1 1
    504    5    4   18 1 1 1
    505    5    5    1 1 1 1
    506    5    5    2 1 1 1
    507    5    5    3 1 1 1
    508    5    5    4 1 1 1
    509    5    5    5 1 1 1
    510    5    5    6 1 1 1
    511    5    5    7 1 1 1
    512    5    5    8 1 1 1
    513    5    5    9 1 1 1
    514    5    5   10 1 1 1
    515    5    5   11 1 1 1
    516    5    5   12 1 1 1
    517    5    5   13 1 1 1
    518    5    5   14 1 1 1
    519    5    5   15 1 1 1
    520    5    5   16 1 1 1
    521    5    5   17 1 1 1
    522    5    5   18 1 1 1
    523    5    6    1 1 1 1
    524    5    6    2 1 1 1
    525    5    6    3 1 1 1
    526    5    6    4 1 1 1
    527    5    6    5 1 1 1
    528    5    6    6 1 1 1
    529    5    6    7 1 1 1
    530    5    6    8 1 1 1
    531    5    6    9 1 1 1
    532    5    6   10 1 1 1
    533    5    6   11 1 1 1
    534    5    6   12 1 1 1
    535    5    6   13 1 1 1
    536    5    6   14 1 1 1
    537    5    6   15 1 1 1
    538    5    6   16 1 1 1
    539    5    6   17 1 1 1
    540    5    6   18 1 1 1
    541    6    1    1 1 1 1
    542    6    1    2 1 1 1
    543    6    1    3 1 1 1
    544    6    1    4 1 1 1
    545    6    1    5 1 1 1
    546    6    1    6 1 1 1
    547    6    1    7 1 1 1
    548    6    1    8 1 1 1
    549    6    1    9 1 1 1
    550    6    1   10 1 1 1
    551    6    1   11 1 1 1
    552    6    1   12 1 1 1
    553    6    1   13 1 1 1
    554    6    1   14 1 1 1
    555    6    1   15 1 1 1
    556    6    1   16 1 1 1
    557    6    1   17 1 1 1
    558    6    1   18 1 1 1
    559    6    2    1 1 1 1
    560    6    2    2 1 1 1
    561    6    2    3 1 1 1
    562    6    2    4 1 1 1
    563    6    2    5 1 1 1
    564    6    2    6 1 1 1
    565    6    2    7 1 1 1
    566    6    2    8 1 1 1
    567    6    2    9 1 1 1
    568    6    2   10 1 1 1
    569    6    2   11 1 1 1
    570    6    2   12 1 1 1
    571    6    2   13 1 1 1
    572    6    2   14 1 1 1
    573    6    2   15 1 1 1
    574    6    2   16 1 1 1
    575    6    2   17 1 1 1
    576    6    2   18 1 1 1
    577    6    3    1 1 1 1
    578    6    3    2 1 1 1
    579    6    3    3 1 1 1
    580    6    3    4 1 1 1
    581    6    3    5 1 1 1
    582    6    3    6 1 1 1
    583    6    3    7 1 1 1
    584    6    3    8 1 1 1
    585    6    3    9 1 1 1
    586    6    3   10 1 1 1
    587    6    3   11 1 1 1
    588    6    3   12 1 1 1
    589    6    3   13 1 1 1
    590    6    3   14 1 1 1
    591    6    3   15 1 1 1
    592    6    3   16 1 1 1
    593    6    3   17 1 1 1
    594    6    3   18 1 1 1
    595    6    4    1 1 1 1
    596    6    4    2 1 1 1
    597    6    4    3 1 1 1
    598    6    4    4 1 1 1
    599    6    4    5 1 1 1
    600    6    4    6 1 1 1
    601    6    4    7 1 1 1
    602    6    4    8 1 1 1
    603    6    4    9 1 1 1
    604    6    4   10 1 1 1
    605    6    4   11 1 1 1
    606    6    4   12 1 1 1
    607    6    4   13 1 1 1
    608    6    4   14 1 1 1
    609    6    4   15 1 1 1
    610    6    4   16 1 1 1
    611    6    4   17 1 1 1
    612    6    4   18 1 1 1
    613    6    5    1 1 1 1
    614    6    5    2 1 1 1
    615    6    5    3 1 1 1
    616    6    5    4 1 1 1
    617    6    5    5 1 1 1
    618    6    5    6 1 1 1
    619    6    5    7 1 1 1
    620    6    5    8 1 1 1
    621    6    5    9 1 1 1
    622    6    5   10 1 1 1
    623    6    5   11 1 1 1
    624    6    5   12 1 1 1
    625    6    5   13 1 1 1
    626    6    5   14 1 1 1
    627    6    5   15 1 1 1
    628    6    5   16 1 1 1
    629    6    5   17 1 1 1
    630    6    5   18 1 1 1
    631    6    6    1 1 1 1
    632    6    6    2 1 1 1
    633    6    6    3 1 1 1
    634    6    6    4 1 1 1
    635    6    6    5 1 1 1
    636    6    6    6 1 1 1
    637    6    6    7 1 1 1
    638    6    6    8 1 1 1
    639    6    6    9 1 1 1
    640    6    6   10 1 1 1
    641    6    6   11 1 1 1
    642    6    6   12 1 1 1
    643    6    6   13 1 1 1
    644    6    6   14 1 1 1
    645    6    6   15 1 1 1
    646    6    6   16 1 1 1
    647    6    6   17 1 1 1
    648    6    6   18 1 1 1
    649    7    1    1 1 1 1
    650    7    1    2 1 1 1
    651    7    1    3 1 1 1
    652    7    1    4 1 1 1
    653    7    1    5 1 1 1
    654    7    1    6 1 1 1
    655    7    1    7 1 1 1
    656    7    1    8 1 1 1
    657    7    1    9 1 1 1
    658    7    1   10 1 1 1
    659    7    1   11 1 1 1
    660    7    1   12 1 1 1
    661    7    1   13 1 1 1
    662    7    1   14 1 1 1
    663    7    1   15 1 1 1
    664    7    1   16 1 1 1
    665    7    1   17 1 1 1
    666    7    1   18 1 1 1
    667    7    2    1 1 1 1
    668    7    2    2 1 1 1
    669    7    2    3 1 1 1
    670    7    2    4 1 1 1
    671    7    2    5 1 1 1
    672    7    2    6 1 1 1
    673    7    2    7 1 1 1
    674    7    2    8 1 1 1
    675    7    2    9 1 1 1
    676    7    2   10 1 1 1
    677    7    2   11 1 1 1
    678    7    2   12 1 1 1
    679    7    2   13 1 1 1
    680    7    2   14 1 1 1
    681    7    2   15 1 1 1
    682    7    2   16 1 1 1
    683    7    2   17 1 1 1
    684    7    2   18 1 1 1
    685    7    3    1 1 1 1
    686    7    3    2 1 1 1
    687    7    3    3 1 1 1
    688    7    3    4 1 1 1
    689    7    3    5 1 1 1
    690    7    3    6 1 1 1
    691    7    3    7 1 1 1
    692    7    3    8 1 1 1
    693    7    3    9 1 1 1
    694    7    3   10 1 1 1
    695    7    3   11 1 1 1
    696    7    3   12 1 1 1
    697    7    3   13 1 1 1
    698    7    3   14 1 1 1
    699    7    3   15 1 1 1
    700    7    3   16 1 1 1
    701    7    3   17 1 1 1
    702    7    3   18 1 1 1
    703    7    4    1 1 1 1
    704    7    4    2 1 1 1
    705    7    4    3 1 1 1
    706    7    4    4 1 1 1
    707    7    4    5 1 1 1
    708    7    4    6 1 1 1
    709    7    4    7 1 1 1
    710    7    4    8 1 1 1
    711    7    4    9 1 1 1
    712    7    4   10 1 1 1
    713    7    4   11 1 1 1
    714    7    4   12 1 1 1
    715    7    4   13 1 1 1
    716    7    4   14 1 1 1
    717    7    4   15 1 1 1
    718    7    4   16 1 1 1
    719    7    4   17 1 1 1
    720    7    4   18 1 1 1
    721    7    5    1 1 1 1
    722    7    5    2 1 1 1
    723    7    5    3 1 1 1
    724    7    5    4 1 1 1
    725    7    5    5 1 1 1
    726    7    5    6 1 1 1
    727    7    5    7 1 1 1
    728    7    5    8 1 1 1
    729    7    5    9 1 1 1
    730    7    5   10 1 1 1
    731    7    5   11 1 1 1
    732    7    5   12 1 1 1
    733    7    5   13 1 1 1
    734    7    5   14 1 1 1
    735    7    5   15 1 1 1
    736    7    5   16 1 1 1
    737    7    5   17 1 1 1
    738    7    5   18 1 1 1
    739    7    6    1 1 1 1
    740    7    6    2 1 1 1
    741    7    6    3 1 1 1
    742    7    6    4 1 1 1
    743    7    6    5 1 1 1
    744    7    6    6 1 1 1
    745    7    6    7 1 1 1
    746    7    6    8 1 1 1
    747    7    6    9 1 1 1
    748    7    6   10 1 1 1
    749    7    6   11 1 1 1
    750    7    6   12 1 1 1
    751    7    6   13 1 1 1
    752    7    6   14 1 1 1
    753    7    6   15 1 1 1
    754    7    6   16 1 1 1
    755    7    6   17 1 1 1
    756    7    6   18 1 1 1
    757    8    1    1 1 1 1
    758    8    1    2 1 1 1
    759    8    1    3 1 1 1
    760    8    1    4 1 1 1
    761    8    1    5 1 1 1
    762    8    1    6 1 1 1
    763    8    1    7 1 1 1
    764    8    1    8 1 1 1
    765    8    1    9 1 1 1
    766    8    1   10 1 1 1
    767    8    1   11 1 1 1
    768    8    1   12 1 1 1
    769    8    1   13 1 1 1
    770    8    1   14 1 1 1
    771    8    1   15 1 1 1
    772    8    1   16 1 1 1
    773    8    1   17 1 1 1
    774    8    1   18 1 1 1
    775    8    2    1 1 1 1
    776    8    2    2 1 1 1
    777    8    2    3 1 1 1
    778    8    2    4 1 1 1
    779    8    2    5 1 1 1
    780    8    2    6 1 1 1
    781    8    2    7 1 1 1
    782    8    2    8 1 1 1
    783    8    2    9 1 1 1
    784    8    2   10 1 1 1
    785    8    2   11 1 1 1
    786    8    2   12 1 1 1
    787    8    2   13 1 1 1
    788    8    2   14 1 1 1
    789    8    2   15 1 1 1
    790    8    2   16 1 1 1
    791    8    2   17 1 1 1
    792    8    2   18 1 1 1
    793    8    3    1 1 1 1
    794    8    3    2 1 1 1
    795    8    3    3 1 1 1
    796    8    3    4 1 1 1
    797    8    3    5 1 1 1
    798    8    3    6 1 1 1
    799    8    3    7 1 1 1
    800    8    3    8 1 1 1
    801    8    3    9 1 1 1
    802    8    3   10 1 1 1
    803    8    3   11 1 1 1
    804    8    3   12 1 1 1
    805    8    3   13 1 1 1
    806    8    3   14 1 1 1
    807    8    3   15 1 1 1
    808    8    3   16 1 1 1
    809    8    3   17 1 1 1
    810    8    3   18 1 1 1
    811    8    4    1 1 1 1
    812    8    4    2 1 1 1
    813    8    4    3 1 1 1
    814    8    4    4 1 1 1
    815    8    4    5 1 1 1
    816    8    4    6 1 1 1
    817    8    4    7 1 1 1
    818    8    4    8 1 1 1
    819    8    4    9 1 1 1
    820    8    4   10 1 1 1
    821    8    4   11 1 1 1
    822    8    4   12 1 1 1
    823    8    4   13 1 1 1
    824    8    4   14 1 1 1
    825    8    4   15 1 1 1
    826    8    4   16 1 1 1
    827    8    4   17 1 1 1
    828    8    4   18 1 1 1
    829    8    5    1 1 1 1
    830    8    5    2 1 1 1
    831    8    5    3 1 1 1
    832    8    5    4 1 1 1
    833    8    5    5 1 1 1
    834    8    5    6 1 1 1
    835    8    5    7 1 1 1
    836    8    5    8 1 1 1
    837    8    5    9 1 1 1
    838    8    5   10 1 1 1
    839    8    5   11 1 1 1
    840    8    5   12 1 1 1
    841    8    5   13 1 1 1
    842    8    5   14 1 1 1
    843    8    5   15 1 1 1
    844    8    5   16 1 1 1
    845    8    5   17 1 1 1
    846    8    5   18 1 1 1
    847    8    6    1 1 1 1
    848    8    6    2 1 1 1
    849    8    6    3 1 1 1
    850    8    6    4 1 1 1
    851    8    6    5 1 1 1
    852    8    6    6 1 1 1
    853    8    6    7 1 1 1
    854    8    6    8 1 1 1
    855    8    6    9 1 1 1
    856    8    6   10 1 1 1
    857    8    6   11 1 1 1
    858    8    6   12 1 1 1
    859    8    6   13 1 1 1
    860    8    6   14 1 1 1
    861    8    6   15 1 1 1
    862    8    6   16 1 1 1
    863    8    6   17 1 1 1
    864    8    6   18 1 1 1
    865    9    1    1 1 1 1
    866    9    1    2 1 1 1
    867    9    1    3 1 1 1
    868    9    1    4 1 1 1
    869    9    1    5 1 1 1
    870    9    1    6 1 1 1
    871    9    1    7 1 1 1
    872    9    1    8 1 1 1
    873    9    1    9 1 1 1
    874    9    1   10 1 1 1
    875    9    1   11 1 1 1
    876    9    1   12 1 1 1
    877    9    1   13 1 1 1
    878    9    1   14 1 1 1
    879    9    1   15 1 1 1
    880    9    1   16 1 1 1
    881    9    1   17 1 1 1
    882    9    1   18 1 1 1
    883    9    2    1 1 1 1
    884    9    2    2 1 1 1
    885    9    2    3 1 1 1
    886    9    2    4 1 1 1
    887    9    2    5 1 1 1
    888    9    2    6 1 1 1
    889    9    2    7 1 1 1
    890    9    2    8 1 1 1
    891    9    2    9 1 1 1
    892    9    2   10 1 1 1
    893    9    2   11 1 1 1
    894    9    2   12 1 1 1
    895    9    2   13 1 1 1
    896    9    2   14 1 1 1
    897    9    2   15 1 1 1
    898    9    2   16 1 1 1
    899    9    2   17 1 1 1
    900    9    2   18 1 1 1
    901    9    3    1 1 1 1
    902    9    3    2 1 1 1
    903    9    3    3 1 1 1
    904    9    3    4 1 1 1
    905    9    3    5 1 1 1
    906    9    3    6 1 1 1
    907    9    3    7 1 1 1
    908    9    3    8 1 1 1
    909    9    3    9 1 1 1
    910    9    3   10 1 1 1
    911    9    3   11 1 1 1
    912    9    3   12 1 1 1
    913    9    3   13 1 1 1
    914    9    3   14 1 1 1
    915    9    3   15 1 1 1
    916    9    3   16 1 1 1
    917    9    3   17 1 1 1
    918    9    3   18 1 1 1
    919    9    4    1 1 1 1
    920    9    4    2 1 1 1
    921    9    4    3 1 1 1
    922    9    4    4 1 1 1
    923    9    4    5 1 1 1
    924    9    4    6 1 1 1
    925    9    4    7 1 1 1
    926    9    4    8 1 1 1
    927    9    4    9 1 1 1
    928    9    4   10 1 1 1
    929    9    4   11 1 1 1
    930    9    4   12 1 1 1
    931    9    4   13 1 1 1
    932    9    4   14 1 1 1
    933    9    4   15 1 1 1
    934    9    4   16 1 1 1
    935    9    4   17 1 1 1
    936    9    4   18 1 1 1
    937    9    5    1 1 1 1
    938    9    5    2 1 1 1
    939    9    5    3 1 1 1
    940    9    5    4 1 1 1
    941    9    5    5 1 1 1
    942    9    5    6 1 1 1
    943    9    5    7 1 1 1
    944    9    5    8 1 1 1
    945    9    5    9 1 1 1
    946    9    5   10 1 1 1
    947    9    5   11 1 1 1
    948    9    5   12 1 1 1
    949    9    5   13 1 1 1
    950    9    5   14 1 1 1
    951    9    5   15 1 1 1
    952    9    5   16 1 1 1
    953    9    5   17 1 1 1
    954    9    5   18 1 1 1
    955    9    6    1 1 1 1
    956    9    6    2 1 1 1
    957    9    6    3 1 1 1
    958    9    6    4 1 1 1
    959    9    6    5 1 1 1
    960    9    6    6 1 1 1
    961    9    6    7 1 1 1
    962    9    6    8 1 1 1
    963    9    6    9 1 1 1
    964    9    6   10 1 1 1
    965    9    6   11 1 1 1
    966    9    6   12 1 1 1
    967    9    6   13 1 1 1
    968    9    6   14 1 1 1
    969    9    6   15 1 1 1
    970    9    6   16 1 1 1
    971    9    6   17 1 1 1
    972    9    6   18 1 1 1
    973   10    1    1 1 1 1
    974   10    1    2 1 1 1
    975   10    1    3 1 1 1
    976   10    1    4 1 1 1
    977   10    1    5 1 1 1
    978   10    1    6 1 1 1
    979   10    1    7 1 1 1
    980   10    1    8 1 1 1
    981   10    1    9 1 1 1
    982   10    1   10 1 1 1
    983   10    1   11 1 1 1
    984   10    1   12 1 1 1
    985   10    1   13 1 1 1
    986   10    1   14 1 1 1
    987   10    1   15 1 1 1
    988   10    1   16 1 1 1
    989   10    1   17 1 1 1
    990   10    1   18 1 1 1
    991   10    2    1 1 1 1
    992   10    2    2 1 1 1
    993   10    2    3 1 1 1
    994   10    2    4 1 1 1
    995   10    2    5 1 1 1
    996   10    2    6 1 1 1
    997   10    2    7 1 1 1
    998   10    2    8 1 1 1
    999   10    2    9 1 1 1
   1000   10    2   10 1 1 1
   1001   10    2   11 1 1 1
   1002   10    2   12 1 1 1
   1003   10    2   13 1 1 1
   1004   10    2   14 1 1 1
   1005   10    2   15 1 1 1
   1006   10    2   16 1 1 1
   1007   10    2   17 1 1 1
   1008   10    2   18 1 1 1
   1009   10    3    1 1 1 1
   1010   10    3    2 1 1 1
   1011   10    3    3 1 1 1
   1012   10    3    4 1 1 1
   1013   10    3    5 1 1 1
   1014   10    3    6 1 1 1
   1015   10    3    7 1 1 1
   1016   10    3    8 1 1 1
   1017   10    3    9 1 1 1
   1018   10    3   10 1 1 1
   1019   10    3   11 1 1 1
   1020   10    3   12 1 1 1
   1021   10    3   13 1 1 1
   1022   10    3   14 1 1 1
   1023   10    3   15 1 1 1
   1024   10    3   16 1 1 1
   1025   10    3   17 1 1 1
   1026   10    3   18 1 1 1
   1027   10    4    1 1 1 1
   1028   10    4    2 1 1 1
   1029   10    4    3 1 1 1
   1030   10    4    4 1 1 1
   1031   10    4    5 1 1 1
   1032   10    4    6 1 1 1
   1033   10    4    7 1 1 1
   1034   10    4    8 1 1 1
   1035   10    4    9 1 1 1
   1036   10    4   10 1 1 1
   1037   10    4   11 1 1 1
   1038   10    4   12 1 1 1
   1039   10    4   13 1 1 1
   1040   10    4   14 1 1 1
   1041   10    4   15 1 1 1
   1042   10    4   16 1 1 1
   1043   10    4   17 1 1 1
   1044   10    4   18 1 1 1
   1045   10    5    1 1 1 1
   1046   10    5    2 1 1 1
   1047   10    5    3 1 1 1
   1048   10    5    4 1 1 1
   1049   10    5    5 1 1 1
   1050   10    5    6 1 1 1
   1051   10    5    7 1 1 1
   1052   10    5    8 1 1 1
   1053   10    5    9 1 1 1
   1054   10    5   10 1 1 1
   1055   10    5   11 1 1 1
   1056   10    5   12 1 1 1
   1057   10    5   13 1 1 1
   1058   10    5   14 1 1 1
   1059   10    5   15 1 1 1
   1060   10    5   16 1 1 1
   1061   10    5   17 1 1 1
   1062   10    5   18 1 1 1
   1063   10    6    1 1 1 1
   1064   10    6    2 1 1 1
   1065   10    6    3 1 1 1
   1066   10    6    4 1 1 1
   1067   10    6    5 1 1 1
   1068   10    6    6 1 1 1
   1069   10    6    7 1 1 1
   1070   10    6    8 1 1 1
   1071   10    6    9 1 1 1
   1072   10    6   10 1 1 1
   1073   10    6   11 1 1 1
   1074   10    6   12 1 1 1
   1075   10    6   13 1 1 1
   1076   10    6   14 1 1 1
   1077   10    6   15 1 1 1
   1078   10    6   16 1 1 1
   1079   10    6   17 1 1 1
   1080   10    6   18 1 1 1
   1081   11    1    1 1 1 1
   1082   11    1    2 1 1 1
   1083   11    1    3 1 1 1
   1084   11    1    4 1 1 1
   1085   11    1    5 1 1 1
   1086   11    1    6 1 1 1
   1087   11    1    7 1 1 1
   1088   11    1    8 1 1 1
   1089   11    1    9 1 1 1
   1090   11    1   10 1 1 1
   1091   11    1   11 1 1 1
   1092   11    1   12 1 1 1
   1093   11    1   13 1 1 1
   1094   11    1   14 1 1 1
   1095   11    1   15 1 1 1
   1096   11    1   16 1 1 1
   1097   11    1   17 1 1 1
   1098   11    1   18 1 1 1
   1099   11    2    1 1 1 1
   1100   11    2    2 1 1 1
   1101   11    2    3 1 1 1
   1102   11    2    4 1 1 1
   1103   11    2    5 1 1 1
   1104   11    2    6 1 1 1
   1105   11    2    7 1 1 1
   1106   11    2    8 1 1 1
   1107   11    2    9 1 1 1
   1108   11    2   10 1 1 1
   1109   11    2   11 1 1 1
   1110   11    2   12 1 1 1
   1111   11    2   13 1 1 1
   1112   11    2   14 1 1 1
   1113   11    2   15 1 1 1
   1114   11    2   16 1 1 1
   1115   11    2   17 1 1 1
   1116   11    2   18 1 1 1
   1117   11    3    1 1 1 1
   1118   11    3    2 1 1 1
   1119   11    3    3 1 1 1
   1120   11    3    4 1 1 1
   1121   11    3    5 1 1 1
   1122   11    3    6 1 1 1
   1123   11    3    7 1 1 1
   1124   11    3    8 1 1 1
   1125   11    3    9 1 1 1
   1126   11    3   10 1 1 1
   1127   11    3   11 1 1 1
   1128   11    3   12 1 1 1
   1129   11    3   13 1 1 1
   1130   11    3   14 1 1 1
   1131   11    3   15 1 1 1
   1132   11    3   16 1 1 1
   1133   11    3   17 1 1 1
   1134   11    3   18 1 1 1
   1135   11    4    1 1 1 1
   1136   11    4    2 1 1 1
   1137   11    4    3 1 1 1
   1138   11    4    4 1 1 1
   1139   11    4    5 1 1 1
   1140   11    4    6 1 1 1
   1141   11    4    7 1 1 1
   1142   11    4    8 1 1 1
   1143   11    4    9 1 1 1
   1144   11    4   10 1 1 1
   1145   11    4   11 1 1 1
   1146   11    4   12 1 1 1
   1147   11    4   13 1 1 1
   1148   11    4   14 1 1 1
   1149   11    4   15 1 1 1
   1150   11    4   16 1 1 1
   1151   11    4   17 1 1 1
   1152   11    4   18 1 1 1
   1153   11    5    1 1 1 1
   1154   11    5    2 1 1 1
   1155   11    5    3 1 1 1
   1156   11    5    4 1 1 1
   1157   11    5    5 1 1 1
   1158   11    5    6 1 1 1
   1159   11    5    7 1 1 1
   1160   11    5    8 1 1 1
   1161   11    5    9 1 1 1
   1162   11    5   10 1 1 1
   1163   11    5   11 1 1 1
   1164   11    5   12 1 1 1
   1165   11    5   13 1 1 1
   1166   11    5   14 1 1 1
   1167   11    5   15 1 1 1
   1168   11    5   16 1 1 1
   1169   11    5   17 1 1 1
   1170   11    5   18 1 1 1
   1171   11    6    1 1 1 1
   1172   11    6    2 1 1 1
   1173   11    6    3 1 1 1
   1174   11    6    4 1 1 1
   1175   11    6    5 1 1 1
   1176   11    6    6 1 1 1
   1177   11    6    7 1 1 1
   1178   11    6    8 1 1 1
   1179   11    6    9 1 1 1
   1180   11    6   10 1 1 1
   1181   11    6   11 1 1 1
   1182   11    6   12 1 1 1
   1183   11    6   13 1 1 1
   1184   11    6   14 1 1 1
   1185   11    6   15 1 1 1
   1186   11    6   16 1 1 1
   1187   11    6   17 1 1 1
   1188   11    6   18 1 1 1
   1189   12    1    1 1 1 1
   1190   12    1    2 1 1 1
   1191   12    1    3 1 1 1
   1192   12    1    4 1 1 1
   1193   12    1    5 1 1 1
   1194   12    1    6 1 1 1
   1195   12    1    7 1 1 1
   1196   12    1    8 1 1 1
   1197   12    1    9 1 1 1
   1198   12    1   10 1 1 1
   1199   12    1   11 1 1 1
   1200   12    1   12 1 1 1
   1201   12    1   13 1 1 1
   1202   12    1   14 1 1 1
   1203   12    1   15 1 1 1
   1204   12    1   16 1 1 1
   1205   12    1   17 1 1 1
   1206   12    1   18 1 1 1
   1207   12    2    1 1 1 1
   1208   12    2    2 1 1 1
   1209   12    2    3 1 1 1
   1210   12    2    4 1 1 1
   1211   12    2    5 1 1 1
   1212   12    2    6 1 1 1
   1213   12    2    7 1 1 1
   1214   12    2    8 1 1 1
   1215   12    2    9 1 1 1
   1216   12    2   10 1 1 1
   1217   12    2   11 1 1 1
   1218   12    2   12 1 1 1
   1219   12    2   13 1 1 1
   1220   12    2   14 1 1 1
   1221   12    2   15 1 1 1
   1222   12    2   16 1 1 1
   1223   12    2   17 1 1 1
   1224   12    2   18 1 1 1
   1225   12    3    1 1 1 1
   1226   12    3    2 1 1 1
   1227   12    3    3 1 1 1
   1228   12    3    4 1 1 1
   1229   12    3    5 1 1 1
   1230   12    3    6 1 1 1
   1231   12    3    7 1 1 1
   1232   12    3    8 1 1 1
   1233   12    3    9 1 1 1
   1234   12    3   10 1 1 1
   1235   12    3   11 1 1 1
   1236   12    3   12 1 1 1
   1237   12    3   13 1 1 1
   1238   12    3   14 1 1 1
   1239   12    3   15 1 1 1
   1240   12    3   16 1 1 1
   1241   12    3   17 1 1 1
   1242   12    3   18 1 1 1
   1243   12    4    1 1 1 1
   1244   12    4    2 1 1 1
   1245   12    4    3 1 1 1
   1246   12    4    4 1 1 1
   1247   12    4    5 1 1 1
   1248   12    4    6 1 1 1
   1249   12    4    7 1 1 1
   1250   12    4    8 1 1 1
   1251   12    4    9 1 1 1
   1252   12    4   10 1 1 1
   1253   12    4   11 1 1 1
   1254   12    4   12 1 1 1
   1255   12    4   13 1 1 1
   1256   12    4   14 1 1 1
   1257   12    4   15 1 1 1
   1258   12    4   16 1 1 1
   1259   12    4   17 1 1 1
   1260   12    4   18 1 1 1
   1261   12    5    1 1 1 1
   1262   12    5    2 1 1 1
   1263   12    5    3 1 1 1
   1264   12    5    4 1 1 1
   1265   12    5    5 1 1 1
   1266   12    5    6 1 1 1
   1267   12    5    7 1 1 1
   1268   12    5    8 1 1 1
   1269   12    5    9 1 1 1
   1270   12    5   10 1 1 1
   1271   12    5   11 1 1 1
   1272   12    5   12 1 1 1
   1273   12    5   13 1 1 1
   1274   12    5   14 1 1 1
   1275   12    5   15 1 1 1
   1276   12    5   16 1 1 1
   1277   12    5   17 1 1 1
   1278   12    5   18 1 1 1
   1279   12    6    1 1 1 1
   1280   12    6    2 1 1 1
   1281   12    6    3 1 1 1
   1282   12    6    4 1 1 1
   1283   12    6    5 1 1 1
   1284   12    6    6 1 1 1
   1285   12    6    7 1 1 1
   1286   12    6    8 1 1 1
   1287   12    6    9 1 1 1
   1288   12    6   10 1 1 1
   1289   12    6   11 1 1 1
   1290   12    6   12 1 1 1
   1291   12    6   13 1 1 1
   1292   12    6   14 1 1 1
   1293   12    6   15 1 1 1
   1294   12    6   16 1 1 1
   1295   12    6   17 1 1 1
   1296   12    6   18 1 1 1
   1297   13    1    1 1 1 1
   1298   13    1    2 1 1 1
   1299   13    1    3 1 1 1
   1300   13    1    4 1 1 1
   1301   13    1    5 1 1 1
   1302   13    1    6 1 1 1
   1303   13    1    7 1 1 1
   1304   13    1    8 1 1 1
   1305   13    1    9 1 1 1
   1306   13    1   10 1 1 1
   1307   13    1   11 1 1 1
   1308   13    1   12 1 1 1
   1309   13    1   13 1 1 1
   1310   13    1   14 1 1 1
   1311   13    1   15 1 1 1
   1312   13    1   16 1 1 1
   1313   13    1   17 1 1 1
   1314   13    1   18 1 1 1
   1315   13    2    1 1 1 1
   1316   13    2    2 1 1 1
   1317   13    2    3 1 1 1
   1318   13    2    4 1 1 1
   1319   13    2    5 1 1 1
   1320   13    2    6 1 1 1
   1321   13    2    7 1 1 1
   1322   13    2    8 1 1 1
   1323   13    2    9 1 1 1
   1324   13    2   10 1 1 1
   1325   13    2   11 1 1 1
   1326   13    2   12 1 1 1
   1327   13    2   13 1 1 1
   1328   13    2   14 1 1 1
   1329   13    2   15 1 1 1
   1330   13    2   16 1 1 1
   1331   13    2   17 1 1 1
   1332   13    2   18 1 1 1
   1333   13    3    1 1 1 1
   1334   13    3    2 1 1 1
   1335   13    3    3 1 1 1
   1336   13    3    4 1 1 1
   1337   13    3    5 1 1 1
   1338   13    3    6 1 1 1
   1339   13    3    7 1 1 1
   1340   13    3    8 1 1 1
   1341   13    3    9 1 1 1
   1342   13    3   10 1 1 1
   1343   13    3   11 1 1 1
   1344   13    3   12 1 1 1
   1345   13    3   13 1 1 1
   1346   13    3   14 1 1 1
   1347   13    3   15 1 1 1
   1348   13    3   16 1 1 1
   1349   13    3   17 1 1 1
   1350   13    3   18 1 1 1
   1351   13    4    1 1 1 1
   1352   13    4    2 1 1 1
   1353   13    4    3 1 1 1
   1354   13    4    4 1 1 1
   1355   13    4    5 1 1 1
   1356   13    4    6 1 1 1
   1357   13    4    7 1 1 1
   1358   13    4    8 1 1 1
   1359   13    4    9 1 1 1
   1360   13    4   10 1 1 1
   1361   13    4   11 1 1 1
   1362   13    4   12 1 1 1
   1363   13    4   13 1 1 1
   1364   13    4   14 1 1 1
   1365   13    4   15 1 1 1
   1366   13    4   16 1 1 1
   1367   13    4   17 1 1 1
   1368   13    4   18 1 1 1
   1369   13    5    1 1 1 1
   1370   13    5    2 1 1 1
   1371   13    5    3 1 1 1
   1372   13    5    4 1 1 1
   1373   13    5    5 1 1 1
   1374   13    5    6 1 1 1
   1375   13    5    7 1 1 1
   1376   13    5    8 1 1 1
   1377   13    5    9 1 1 1
   1378   13    5   10 1 1 1
   1379   13    5   11 1 1 1
   1380   13    5   12 1 1 1
   1381   13    5   13 1 1 1
   1382   13    5   14 1 1 1
   1383   13    5   15 1 1 1
   1384   13    5   16 1 1 1
   1385   13    5   17 1 1 1
   1386   13    5   18 1 1 1
   1387   13    6    1 1 1 1
   1388   13    6    2 1 1 1
   1389   13    6    3 1 1 1
   1390   13    6    4 1 1 1
   1391   13    6    5 1 1 1
   1392   13    6    6 1 1 1
   1393   13    6    7 1 1 1
   1394   13    6    8 1 1 1
   1395   13    6    9 1 1 1
   1396   13    6   10 1 1 1
   1397   13    6   11 1 1 1
   1398   13    6   12 1 1 1
   1399   13    6   13 1 1 1
   1400   13    6   14 1 1 1
   1401   13    6   15 1 1 1
   1402   13    6   16 1 1 1
   1403   13    6   17 1 1 1
   1404   13    6   18 1 1 1
   1405   14    1    1 1 1 1
   1406   14    1    2 1 1 1
   1407   14    1    3 1 1 1
   1408   14    1    4 1 1 1
   1409   14    1    5 1 1 1
   1410   14    1    6 1 1 1
   1411   14    1    7 1 1 1
   1412   14    1    8 1 1 1
   1413   14    1    9 1 1 1
   1414   14    1   10 1 1 1
   1415   14    1   11 1 1 1
   1416   14    1   12 1 1 1
   1417   14    1   13 1 1 1
   1418   14    1   14 1 1 1
   1419   14    1   15 1 1 1
   1420   14    1   16 1 1 1
   1421   14    1   17 1 1 1
   1422   14    1   18 1 1 1
   1423   14    2    1 1 1 1
   1424   14    2    2 1 1 1
   1425   14    2    3 1 1 1
   1426   14    2    4 1 1 1
   1427   14    2    5 1 1 1
   1428   14    2    6 1 1 1
   1429   14    2    7 1 1 1
   1430   14    2    8 1 1 1
   1431   14    2    9 1 1 1
   1432   14    2   10 1 1 1
   1433   14    2   11 1 1 1
   1434   14    2   12 1 1 1
   1435   14    2   13 1 1 1
   1436   14    2   14 1 1 1
   1437   14    2   15 1 1 1
   1438   14    2   16 1 1 1
   1439   14    2   17 1 1 1
   1440   14    2   18 1 1 1
   1441   14    3    1 1 1 1
   1442   14    3    2 1 1 1
   1443   14    3    3 1 1 1
   1444   14    3    4 1 1 1
   1445   14    3    5 1 1 1
   1446   14    3    6 1 1 1
   1447   14    3    7 1 1 1
   1448   14    3    8 1 1 1
   1449   14    3    9 1 1 1
   1450   14    3   10 1 1 1
   1451   14    3   11 1 1 1
   1452   14    3   12 1 1 1
   1453   14    3   13 1 1 1
   1454   14    3   14 1 1 1
   1455   14    3   15 1 1 1
   1456   14    3   16 1 1 1
   1457   14    3   17 1 1 1
   1458   14    3   18 1 1 1
   1459   14    4    1 1 1 1
   1460   14    4    2 1 1 1
   1461   14    4    3 1 1 1
   1462   14    4    4 1 1 1
   1463   14    4    5 1 1 1
   1464   14    4    6 1 1 1
   1465   14    4    7 1 1 1
   1466   14    4    8 1 1 1
   1467   14    4    9 1 1 1
   1468   14    4   10 1 1 1
   1469   14    4   11 1 1 1
   1470   14    4   12 1 1 1
   1471   14    4   13 1 1 1
   1472   14    4   14 1 1 1
   1473   14    4   15 1 1 1
   1474   14    4   16 1 1 1
   1475   14    4   17 1 1 1
   1476   14    4   18 1 1 1
   1477   14    5    1 1 1 1
   1478   14    5    2 1 1 1
   1479   14    5    3 1 1 1
   1480   14    5    4 1 1 1
   1481   14    5    5 1 1 1
   1482   14    5    6 1 1 1
   1483   14    5    7 1 1 1
   1484   14    5    8 1 1 1
   1485   14    5    9 1 1 1
   1486   14    5   10 1 1 1
   1487   14    5   11 1 1 1
   1488   14    5   12 1 1 1
   1489   14    5   13 1 1 1
   1490   14    5   14 1 1 1
   1491   14    5   15 1 1 1
   1492   14    5   16 1 1 1
   1493   14    5   17 1 1 1
   1494   14    5   18 1 1 1
   1495   14    6    1 1 1 1
   1496   14    6    2 1 1 1
   1497   14    6    3 1 1 1
   1498   14    6    4 1 1 1
   1499   14    6    5 1 1 1
   1500   14    6    6 1 1 1
   1501   14    6    7 1 1 1
   1502   14    6    8 1 1 1
   1503   14    6    9 1 1 1
   1504   14    6   10 1 1 1
   1505   14    6   11 1 1 1
   1506   14    6   12 1 1 1
   1507   14    6   13 1 1 1
   1508   14    6   14 1 1 1
   1509   14    6   15 1 1 1
   1510   14    6   16 1 1 1
   1511   14    6   17 1 1 1
   1512   14    6   18 1 1 1
   1513   15    1    1 1 1 1
   1514   15    1    2 1 1 1
   1515   15    1    3 1 1 1
   1516   15    1    4 1 1 1
   1517   15    1    5 1 1 1
   1518   15    1    6 1 1 1
   1519   15    1    7 1 1 1
   1520   15    1    8 1 1 1
   1521   15    1    9 1 1 1
   1522   15    1   10 1 1 1
   1523   15    1   11 1 1 1
   1524   15    1   12 1 1 1
   1525   15    1   13 1 1 1
   1526   15    1   14 1 1 1
   1527   15    1   15 1 1 1
   1528   15    1   16 1 1 1
   1529   15    1   17 1 1 1
   1530   15    1   18 1 1 1
   1531   15    2    1 1 1 1
   1532   15    2    2 1 1 1
   1533   15    2    3 1 1 1
   1534   15    2    4 1 1 1
   1535   15    2    5 1 1 1
   1536   15    2    6 1 1 1
   1537   15    2    7 1 1 1
   1538   15    2    8 1 1 1
   1539   15    2    9 1 1 1
   1540   15    2   10 1 1 1
   1541   15    2   11 1 1 1
   1542   15    2   12 1 1 1
   1543   15    2   13 1 1 1
   1544   15    2   14 1 1 1
   1545   15    2   15 1 1 1
   1546   15    2   16 1 1 1
   1547   15    2   17 1 1 1
   1548   15    2   18 1 1 1
   1549   15    3    1 1 1 1
   1550   15    3    2 1 1 1
   1551   15    3    3 1 1 1
   1552   15    3    4 1 1 1
   1553   15    3    5 1 1 1
   1554   15    3    6 1 1 1
   1555   15    3    7 1 1 1
   1556   15    3    8 1 1 1
   1557   15    3    9 1 1 1
   1558   15    3   10 1 1 1
   1559   15    3   11 1 1 1
   1560   15    3   12 1 1 1
   1561   15    3   13 1 1 1
   1562   15    3   14 1 1 1
   1563   15    3   15 1 1 1
   1564   15    3   16 1 1 1
   1565   15    3   17 1 1 1
   1566   15    3   18 1 1 1
   1567   15    4    1 1 1 1
   1568   15    4    2 1 1 1
   1569   15    4    3 1 1 1
   1570   15    4    4 1 1 1
   1571   15    4    5 1 1 1
   1572   15    4    6 1 1 1
   1573   15    4    7 1 1 1
   1574   15    4    8 1 1 1
   1575   15    4    9 1 1 1
   1576   15    4   10 1 1 1
   1577   15    4   11 1 1 1
   1578   15    4   12 1 1 1
   1579   15    4   13 1 1 1
   1580   15    4   14 1 1 1
   1581   15    4   15 1 1 1
   1582   15    4   16 1 1 1
   1583   15    4   17 1 1 1
   1584   15    4   18 1 1 1
   1585   15    5    1 1 1 1
   1586   15    5    2 1 1 1
   1587   15    5    3 1 1 1
   1588   15    5    4 1 1 1
   1589   15    5    5 1 1 1
   1590   15    5    6 1 1 1
   1591   15    5    7 1 1 1
   1592   15    5    8 1 1 1
   1593   15    5    9 1 1 1
   1594   15    5   10 1 1 1
   1595   15    5   11 1 1 1
   1596   15    5   12 1 1 1
   1597   15    5   13 1 1 1
   1598   15    5   14 1 1 1
   1599   15    5   15 1 1 1
   1600   15    5   16 1 1 1
   1601   15    5   17 1 1 1
   1602   15    5   18 1 1 1
   1603   15    6    1 1 1 1
   1604   15    6    2 1 1 1
   1605   15    6    3 1 1 1
   1606   15    6    4 1 1 1
   1607   15    6    5 1 1 1
   1608   15    6    6 1 1 1
   1609   15    6    7 1 1 1
   1610   15    6    8 1 1 1
   1611   15    6    9 1 1 1
   1612   15    6   10 1 1 1
   1613   15    6   11 1 1 1
   1614   15    6   12 1 1 1
   1615   15    6   13 1 1 1
   1616   15    6   14 1 1 1
   1617   15    6   15 1 1 1
   1618   15    6   16 1 1 1
   1619   15    6   17 1 1 1
   1620   15    6   18 1 1 1
   1621   16    1    1 1 1 1
   1622   16    1    2 1 1 1
   1623   16    1    3 1 1 1
   1624   16    1    4 1 1 1
   1625   16    1    5 1 1 1
   1626   16    1    6 1 1 1
   1627   16    1    7 1 1 1
   1628   16    1    8 1 1 1
   1629   16    1    9 1 1 1
   1630   16    1   10 1 1 1
   1631   16    1   11 1 1 1
   1632   16    1   12 1 1 1
   1633   16    1   13 1 1 1
   1634   16    1   14 1 1 1
   1635   16    1   15 1 1 1
   1636   16    1   16 1 1 1
   1637   16    1   17 1 1 1
   1638   16    1   18 1 1 1
   1639   16    2    1 1 1 1
   1640   16    2    2 1 1 1
   1641   16    2    3 1 1 1
   1642   16    2    4 1 1 1
   1643   16    2    5 1 1 1
   1644   16    2    6 1 1 1
   1645   16    2    7 1 1 1
   1646   16    2    8 1 1 1
   1647   16    2    9 1 1 1
   1648   16    2   10 1 1 1
   1649   16    2   11 1 1 1
   1650   16    2   12 1 1 1
   1651   16    2   13 1 1 1
   1652   16    2   14 1 1 1
   1653   16    2   15 1 1 1
   1654   16    2   16 1 1 1
   1655   16    2   17 1 1 1
   1656   16    2   18 1 1 1
   1657   16    3    1 1 1 1
   1658   16    3    2 1 1 1
   1659   16    3    3 1 1 1
   1660   16    3    4 1 1 1
   1661   16    3    5 1 1 1
   1662   16    3    6 1 1 1
   1663   16    3    7 1 1 1
   1664   16    3    8 1 1 1
   1665   16    3    9 1 1 1
   1666   16    3   10 1 1 1
   1667   16    3   11 1 1 1
   1668   16    3   12 1 1 1
   1669   16    3   13 1 1 1
   1670   16    3   14 1 1 1
   1671   16    3   15 1 1 1
   1672   16    3   16 1 1 1
   1673   16    3   17 1 1 1
   1674   16    3   18 1 1 1
   1675   16    4    1 1 1 1
   1676   16    4    2 1 1 1
   1677   16    4    3 1 1 1
   1678   16    4    4 1 1 1
   1679   16    4    5 1 1 1
   1680   16    4    6 1 1 1
   1681   16    4    7 1 1 1
   1682   16    4    8 1 1 1
   1683   16    4    9 1 1 1
   1684   16    4   10 1 1 1
   1685   16    4   11 1 1 1
   1686   16    4   12 1 1 1
   1687   16    4   13 1 1 1
   1688   16    4   14 1 1 1
   1689   16    4   15 1 1 1
   1690   16    4   16 1 1 1
   1691   16    4   17 1 1 1
   1692   16    4   18 1 1 1
   1693   16    5    1 1 1 1
   1694   16    5    2 1 1 1
   1695   16    5    3 1 1 1
   1696   16    5    4 1 1 1
   1697   16    5    5 1 1 1
   1698   16    5    6 1 1 1
   1699   16    5    7 1 1 1
   1700   16    5    8 1 1 1
   1701   16    5    9 1 1 1
   1702   16    5   10 1 1 1
   1703   16    5   11 1 1 1
   1704   16    5   12 1 1 1
   1705   16    5   13 1 1 1
   1706   16    5   14 1 1 1
   1707   16    5   15 1 1 1
   1708   16    5   16 1 1 1
   1709   16    5   17 1 1 1
   1710   16    5   18 1 1 1
   1711   16    6    1 1 1 1
   1712   16    6    2 1 1 1
   1713   16    6    3 1 1 1
   1714   16    6    4 1 1 1
   1715   16    6    5 1 1 1
   1716   16    6    6 1 1 1
   1717   16    6    7 1 1 1
   1718   16    6    8 1 1 1
   1719   16    6    9 1 1 1
   1720   16    6   10 1 1 1
   1721   16    6   11 1 1 1
   1722   16    6   12 1 1 1
   1723   16    6   13 1 1 1
   1724   16    6   14 1 1 1
   1725   16    6   15 1 1 1
   1726   16    6   16 1 1 1
   1727   16    6   17 1 1 1
   1728   16    6   18 1 1 1
   1729   17    1    1 1 1 1
   1730   17    1    2 1 1 1
   1731   17    1    3 1 1 1
   1732   17    1    4 1 1 1
   1733   17    1    5 1 1 1
   1734   17    1    6 1 1 1
   1735   17    1    7 1 1 1
   1736   17    1    8 1 1 1
   1737   17    1    9 1 1 1
   1738   17    1   10 1 1 1
   1739   17    1   11 1 1 1
   1740   17    1   12 1 1 1
   1741   17    1   13 1 1 1
   1742   17    1   14 1 1 1
   1743   17    1   15 1 1 1
   1744   17    1   16 1 1 1
   1745   17    1   17 1 1 1
   1746   17    1   18 1 1 1
   1747   17    2    1 1 1 1
   1748   17    2    2 1 1 1
   1749   17    2    3 1 1 1
   1750   17    2    4 1 1 1
   1751   17    2    5 1 1 1
   1752   17    2    6 1 1 1
   1753   17    2    7 1 1 1
   1754   17    2    8 1 1 1
   1755   17    2    9 1 1 1
   1756   17    2   10 1 1 1
   1757   17    2   11 1 1 1
   1758   17    2   12 1 1 1
   1759   17    2   13 1 1 1
   1760   17    2   14 1 1 1
   1761   17    2   15 1 1 1
   1762   17    2   16 1 1 1
   1763   17    2   17 1 1 1
   1764   17    2   18 1 1 1
   1765   17    3    1 1 1 1
   1766   17    3    2 1 1 1
   1767   17    3    3 1 1 1
   1768   17    3    4 1 1 1
   1769   17    3    5 1 1 1
   1770   17    3    6 1 1 1
   1771   17    3    7 1 1 1
   1772   17    3    8 1 1 1
   1773   17    3    9 1 1 1
   1774   17    3   10 1 1 1
   1775   17    3   11 1 1 1
   1776   17    3   12 1 1 1
   1777   17    3   13 1 1 1
   1778   17    3   14 1 1 1
   1779   17    3   15 1 1 1
   1780   17    3   16 1 1 1
   1781   17    3   17 1 1 1
   1782   17    3   18 1 1 1
   1783   17    4    1 1 1 1
   1784   17    4    2 1 1 1
   1785   17    4    3 1 1 1
   1786   17    4    4 1 1 1
   1787   17    4    5 1 1 1
   1788   17    4    6 1 1 1
   1789   17    4    7 1 1 1
   1790   17    4    8 1 1 1
   1791   17    4    9 1 1 1
   1792   17    4   10 1 1 1
   1793   17    4   11 1 1 1
   1794   17    4   12 1 1 1
   1795   17    4   13 1 1 1
   1796   17    4   14 1 1 1
   1797   17    4   15 1 1 1
   1798   17    4   16 1 1 1
   1799   17    4   17 1 1 1
   1800   17    4   18 1 1 1
   1801   17    5    1 1 1 1
   1802   17    5    2 1 1 1
   1803   17    5    3 1 1 1
   1804   17    5    4 1 1 1
   1805   17    5    5 1 1 1
   1806   17    5    6 1 1 1
   1807   17    5    7 1 1 1
   1808   17    5    8 1 1 1
   1809   17    5    9 1 1 1
   1810   17    5   10 1 1 1
   1811   17    5   11 1 1 1
   1812   17    5   12 1 1 1
   1813   17    5   13 1 1 1
   1814   17    5   14 1 1 1
   1815   17    5   15 1 1 1
   1816   17    5   16 1 1 1
   1817   17    5   17 1 1 1
   1818   17    5   18 1 1 1
   1819   17    6    1 1 1 1
   1820   17    6    2 1 1 1
   1821   17    6    3 1 1 1
   1822   17    6    4 1 1 1
   1823   17    6    5 1 1 1
   1824   17    6    6 1 1 1
   1825   17    6    7 1 1 1
   1826   17    6    8 1 1 1
   1827   17    6    9 1 1 1
   1828   17    6   10 1 1 1
   1829   17    6   11 1 1 1
   1830   17    6   12 1 1 1
   1831   17    6   13 1 1 1
   1832   17    6   14 1 1 1
   1833   17    6   15 1 1 1
   1834   17    6   16 1 1 1
   1835   17    6   17 1 1 1
   1836   17    6   18 1 1 1
   1837   18    1    1 1 1 1
   1838   18    1    2 1 1 1
   1839   18    1    3 1 1 1
   1840   18    1    4 1 1 1
   1841   18    1    5 1 1 1
   1842   18    1    6 1 1 1
   1843   18    1    7 1 1 1
   1844   18    1    8 1 1 1
   1845   18    1    9 1 1 1
   1846   18    1   10 1 1 1
   1847   18    1   11 1 1 1
   1848   18    1   12 1 1 1
   1849   18    1   13 1 1 1
   1850   18    1   14 1 1 1
   1851   18    1   15 1 1 1
   1852   18    1   16 1 1 1
   1853   18    1   17 1 1 1
   1854   18    1   18 1 1 1
   1855   18    2    1 1 1 1
   1856   18    2    2 1 1 1
   1857   18    2    3 1 1 1
   1858   18    2    4 1 1 1
   1859   18    2    5 1 1 1
   1860   18    2    6 1 1 1
   1861   18    2    7 1 1 1
   1862   18    2    8 1 1 1
   1863   18    2    9 1 1 1
   1864   18    2   10 1 1 1
   1865   18    2   11 1 1 1
   1866   18    2   12 1 1 1
   1867   18    2   13 1 1 1
   1868   18    2   14 1 1 1
   1869   18    2   15 1 1 1
   1870   18    2   16 1 1 1
   1871   18    2   17 1 1 1
   1872   18    2   18 1 1 1
   1873   18    3    1 1 1 1
   1874   18    3    2 1 1 1
   1875   18    3    3 1 1 1
   1876   18    3    4 1 1 1
   1877   18    3    5 1 1 1
   1878   18    3    6 1 1 1
   1879   18    3    7 1 1 1
   1880   18    3    8 1 1 1
   1881   18    3    9 1 1 1
   1882   18    3   10 1 1 1
   1883   18    3   11 1 1 1
   1884   18    3   12 1 1 1
   1885   18    3   13 1 1 1
   1886   18    3   14 1 1 1
   1887   18    3   15 1 1 1
   1888   18    3   16 1 1 1
   1889   18    3   17 1 1 1
   1890   18    3   18 1 1 1
   1891   18    4    1 1 1 1
   1892   18    4    2 1 1 1
   1893   18    4    3 1 1 1
   1894   18    4    4 1 1 1
   1895   18    4    5 1 1 1
   1896   18    4    6 1 1 1
   1897   18    4    7 1 1 1
   1898   18    4    8 1 1 1
   1899   18    4    9 1 1 1
   1900   18    4   10 1 1 1
   1901   18    4   11 1 1 1
   1902   18    4   12 1 1 1
   1903   18    4   13 1 1 1
   1904   18    4   14 1 1 1
   1905   18    4   15 1 1 1
   1906   18    4   16 1 1 1
   1907   18    4   17 1 1 1
   1908   18    4   18 1 1 1
   1909   18    5    1 1 1 1
   1910   18    5    2 1 1 1
   1911   18    5    3 1 1 1
   1912   18    5    4 1 1 1
   1913   18    5    5 1 1 1
   1914   18    5    6 1 1 1
   1915   18    5    7 1 1 1
   1916   18    5    8 1 1 1
   1917   18    5    9 1 1 1
   1918   18    5   10 1 1 1
   1919   18    5   11 1 1 1
   1920   18    5   12 1 1 1
   1921   18    5   13 1 1 1
   1922   18    5   14 1 1 1
   1923   18    5   15 1 1 1
   1924   18    5   16 1 1 1
   1925   18    5   17 1 1 1
   1926   18    5   18 1 1 1
   1927   18    6    1 1 1 1
   1928   18    6    2 1 1 1
   1929   18    6    3 1 1 1
   1930   18    6    4 1 1 1
   1931   18    6    5 1 1 1
   1932   18    6    6 1 1 1
   1933   18    6    7 1 1 1
   1934   18    6    8 1 1 1
   1935   18    6    9 1 1 1
   1936   18    6   10 1 1 1
   1937   18    6   11 1 1 1
   1938   18    6   12 1 1 1
   1939   18    6   13 1 1 1
   1940   18    6   14 1 1 1
   1941   18    6   15 1 1 1
   1942   18    6   16 1 1 1
   1943   18    6   17 1 1 1
   1944   18    6   18 1 1 1
   1945   19    1    1 1 1 1
   1946   19    1    2 1 1 1
   1947   19    1    3 1 1 1
   1948   19    1    4 1 1 1
   1949   19    1    5 1 1 1
   1950   19    1    6 1 1 1
   1951   19    1    7 1 1 1
   1952   19    1    8 1 1 1
   1953   19    1    9 1 1 1
   1954   19    1   10 1 1 1
   1955   19    1   11 1 1 1
   1956   19    1   12 1 1 1
   1957   19    1   13 1 1 1
   1958   19    1   14 1 1 1
   1959   19    1   15 1 1 1
   1960   19    1   16 1 1 1
   1961   19    1   17 1 1 1
   1962   19    1   18 1 1 1
   1963   19    2    1 1 1 1
   1964   19    2    2 1 1 1
   1965   19    2    3 1 1 1
   1966   19    2    4 1 1 1
   1967   19    2    5 1 1 1
   1968   19    2    6 1 1 1
   1969   19    2    7 1 1 1
   1970   19    2    8 1 1 1
   1971   19    2    9 1 1 1
   1972   19    2   10 1 1 1
   1973   19    2   11 1 1 1
   1974   19    2   12 1 1 1
   1975   19    2   13 1 1 1
   1976   19    2   14 1 1 1
   1977   19    2   15 1 1 1
   1978   19    2   16 1 1 1
   1979   19    2   17 1 1 1
   1980   19    2   18 1 1 1
   1981   19    3    1 1 1 1
   1982   19    3    2 1 1 1
   1983   19    3    3 1 1 1
   1984   19    3    4 1 1 1
   1985   19    3    5 1 1 1
   1986   19    3    6 1 1 1
   1987   19    3    7 1 1 1
   1988   19    3    8 1 1 1
   1989   19    3    9 1 1 1
   1990   19    3   10 1 1 1
   1991   19    3   11 1 1 1
   1992   19    3   12 1 1 1
   1993   19    3   13 1 1 1
   1994   19    3   14 1 1 1
   1995   19    3   15 1 1 1
   1996   19    3   16 1 1 1
   1997   19    3   17 1 1 1
   1998   19    3   18 1 1 1
   1999   19    4    1 1 1 1
   2000   19    4    2 1 1 1
   2001   19    4    3 1 1 1
   2002   19    4    4 1 1 1
   2003   19    4    5 1 1 1
   2004   19    4    6 1 1 1
   2005   19    4    7 1 1 1
   2006   19    4    8 1 1 1
   2007   19    4    9 1 1 1
   2008   19    4   10 1 1 1
   2009   19    4   11 1 1 1
   2010   19    4   12 1 1 1
   2011   19    4   13 1 1 1
   2012   19    4   14 1 1 1
   2013   19    4   15 1 1 1
   2014   19    4   16 1 1 1
   2015   19    4   17 1 1 1
   2016   19    4   18 1 1 1
   2017   19    5    1 1 1 1
   2018   19    5    2 1 1 1
   2019   19    5    3 1 1 1
   2020   19    5    4 1 1 1
   2021   19    5    5 1 1 1
   2022   19    5    6 1 1 1
   2023   19    5    7 1 1 1
   2024   19    5    8 1 1 1
   2025   19    5    9 1 1 1
   2026   19    5   10 1 1 1
   2027   19    5   11 1 1 1
   2028   19    5   12 1 1 1
   2029   19    5   13 1 1 1
   2030   19    5   14 1 1 1
   2031   19    5   15 1 1 1
   2032   19    5   16 1 1 1
   2033   19    5   17 1 1 1
   2034   19    5   18 1 1 1
   2035   19    6    1 1 1 1
   2036   19    6    2 1 1 1
   2037   19    6    3 1 1 1
   2038   19    6    4 1 1 1
   2039   19    6    5 1 1 1
   2040   19    6    6 1 1 1
   2041   19    6    7 1 1 1
   2042   19    6    8 1 1 1
   2043   19    6    9 1 1 1
   2044   19    6   10 1 1 1
   2045   19    6   11 1 1 1
   2046   19    6   12 1 1 1
   2047   19    6   13 1 1 1
   2048   19    6   14 1 1 1
   2049   19    6   15 1 1 1
   2050   19    6   16 1 1 1
   2051   19    6   17 1 1 1
   2052   19    6   18 1 1 1
   2053   20    1    1 1 1 1
   2054   20    1    2 1 1 1
   2055   20    1    3 1 1 1
   2056   20    1    4 1 1 1
   2057   20    1    5 1 1 1
   2058   20    1    6 1 1 1
   2059   20    1    7 1 1 1
   2060   20    1    8 1 1 1
   2061   20    1    9 1 1 1
   2062   20    1   10 1 1 1
   2063   20    1   11 1 1 1
   2064   20    1   12 1 1 1
   2065   20    1   13 1 1 1
   2066   20    1   14 1 1 1
   2067   20    1   15 1 1 1
   2068   20    1   16 1 1 1
   2069   20    1   17 1 1 1
   2070   20    1   18 1 1 1
   2071   20    2    1 1 1 1
   2072   20    2    2 1 1 1
   2073   20    2    3 1 1 1
   2074   20    2    4 1 1 1
   2075   20    2    5 1 1 1
   2076   20    2    6 1 1 1
   2077   20    2    7 1 1 1
   2078   20    2    8 1 1 1
   2079   20    2    9 1 1 1
   2080   20    2   10 1 1 1
   2081   20    2   11 1 1 1
   2082   20    2   12 1 1 1
   2083   20    2   13 1 1 1
   2084   20    2   14 1 1 1
   2085   20    2   15 1 1 1
   2086   20    2   16 1 1 1
   2087   20    2   17 1 1 1
   2088   20    2   18 1 1 1
   2089   20    3    1 1 1 1
   2090   20    3    2 1 1 1
   2091   20    3    3 1 1 1
   2092   20    3    4 1 1 1
   2093   20    3    5 1 1 1
   2094   20    3    6 1 1 1
   2095   20    3    7 1 1 1
   2096   20    3    8 1 1 1
   2097   20    3    9 1 1 1
   2098   20    3   10 1 1 1
   2099   20    3   11 1 1 1
   2100   20    3   12 1 1 1
   2101   20    3   13 1 1 1
   2102   20    3   14 1 1 1
   2103   20    3   15 1 1 1
   2104   20    3   16 1 1 1
   2105   20    3   17 1 1 1
   2106   20    3   18 1 1 1
   2107   20    4    1 1 1 1
   2108   20    4    2 1 1 1
   2109   20    4    3 1 1 1
   2110   20    4    4 1 1 1
   2111   20    4    5 1 1 1
   2112   20    4    6 1 1 1
   2113   20    4    7 1 1 1
   2114   20    4    8 1 1 1
   2115   20    4    9 1 1 1
   2116   20    4   10 1 1 1
   2117   20    4   11 1 1 1
   2118   20    4   12 1 1 1
   2119   20    4   13 1 1 1
   2120   20    4   14 1 1 1
   2121   20    4   15 1 1 1
   2122   20    4   16 1 1 1
   2123   20    4   17 1 1 1
   2124   20    4   18 1 1 1
   2125   20    5    1 1 1 1
   2126   20    5    2 1 1 1
   2127   20    5    3 1 1 1
   2128   20    5    4 1 1 1
   2129   20    5    5 1 1 1
   2130   20    5    6 1 1 1
   2131   20    5    7 1 1 1
   2132   20    5    8 1 1 1
   2133   20    5    9 1 1 1
   2134   20    5   10 1 1 1
   2135   20    5   11 1 1 1
   2136   20    5   12 1 1 1
   2137   20    5   13 1 1 1
   2138   20    5   14 1 1 1
   2139   20    5   15 1 1 1
   2140   20    5   16 1 1 1
   2141   20    5   17 1 1 1
   2142   20    5   18 1 1 1
   2143   20    6    1 1 1 1
   2144   20    6    2 1 1 1
   2145   20    6    3 1 1 1
   2146   20    6    4 1 1 1
   2147   20    6    5 1 1 1
   2148   20    6    6 1 1 1
   2149   20    6    7 1 1 1
   2150   20    6    8 1 1 1
   2151   20    6    9 1 1 1
   2152   20    6   10 1 1 1
   2153   20    6   11 1 1 1
   2154   20    6   12 1 1 1
   2155   20    6   13 1 1 1
   2156   20    6   14 1 1 1
   2157   20    6   15 1 1 1
   2158   20    6   16 1 1 1
   2159   20    6   17 1 1 1
   2160   20    6   18 1 1 1
   2161   21    1    1 1 1 1
   2162   21    1    2 1 1 1
   2163   21    1    3 1 1 1
   2164   21    1    4 1 1 1
   2165   21    1    5 1 1 1
   2166   21    1    6 1 1 1
   2167   21    1    7 1 1 1
   2168   21    1    8 1 1 1
   2169   21    1    9 1 1 1
   2170   21    1   10 1 1 1
   2171   21    1   11 1 1 1
   2172   21    1   12 1 1 1
   2173   21    1   13 1 1 1
   2174   21    1   14 1 1 1
   2175   21    1   15 1 1 1
   2176   21    1   16 1 1 1
   2177   21    1   17 1 1 1
   2178   21    1   18 1 1 1
   2179   21    2    1 1 1 1
   2180   21    2    2 1 1 1
   2181   21    2    3 1 1 1
   2182   21    2    4 1 1 1
   2183   21    2    5 1 1 1
   2184   21    2    6 1 1 1
   2185   21    2    7 1 1 1
   2186   21    2    8 1 1 1
   2187   21    2    9 1 1 1
   2188   21    2   10 1 1 1
   2189   21    2   11 1 1 1
   2190   21    2   12 1 1 1
   2191   21    2   13 1 1 1
   2192   21    2   14 1 1 1
   2193   21    2   15 1 1 1
   2194   21    2   16 1 1 1
   2195   21    2   17 1 1 1
   2196   21    2   18 1 1 1
   2197   21    3    1 1 1 1
   2198   21    3    2 1 1 1
   2199   21    3    3 1 1 1
   2200   21    3    4 1 1 1
   2201   21    3    5 1 1 1
   2202   21    3    6 1 1 1
   2203   21    3    7 1 1 1
   2204   21    3    8 1 1 1
   2205   21    3    9 1 1 1
   2206   21    3   10 1 1 1
   2207   21    3   11 1 1 1
   2208   21    3   12 1 1 1
   2209   21    3   13 1 1 1
   2210   21    3   14 1 1 1
   2211   21    3   15 1 1 1
   2212   21    3   16 1 1 1
   2213   21    3   17 1 1 1
   2214   21    3   18 1 1 1
   2215   21    4    1 1 1 1
   2216   21    4    2 1 1 1
   2217   21    4    3 1 1 1
   2218   21    4    4 1 1 1
   2219   21    4    5 1 1 1
   2220   21    4    6 1 1 1
   2221   21    4    7 1 1 1
   2222   21    4    8 1 1 1
   2223   21    4    9 1 1 1
   2224   21    4   10 1 1 1
   2225   21    4   11 1 1 1
   2226   21    4   12 1 1 1
   2227   21    4   13 1 1 1
   2228   21    4   14 1 1 1
   2229   21    4   15 1 1 1
   2230   21    4   16 1 1 1
   2231   21    4   17 1 1 1
   2232   21    4   18 1 1 1
   2233   21    5    1 1 1 1
   2234   21    5    2 1 1 1
   2235   21    5    3 1 1 1
   2236   21    5    4 1 1 1
   2237   21    5    5 1 1 1
   2238   21    5    6 1 1 1
   2239   21    5    7 1 1 1
   2240   21    5    8 1 1 1
   2241   21    5    9 1 1 1
   2242   21    5   10 1 1 1
   2243   21    5   11 1 1 1
   2244   21    5   12 1 1 1
   2245   21    5   13 1 1 1
   2246   21    5   14 1 1 1
   2247   21    5   15 1 1 1
   2248   21    5   16 1 1 1
   2249   21    5   17 1 1 1
   2250   21    5   18 1 1 1
   2251   21    6    1 1 1 1
   2252   21    6    2 1 1 1
   2253   21    6    3 1 1 1
   2254   21    6    4 1 1 1
   2255   21    6    5 1 1 1
   2256   21    6    6 1 1 1
   2257   21    6    7 1 1 1
   2258   21    6    8 1 1 1
   2259   21    6    9 1 1 1
   2260   21    6   10 1 1 1
   2261   21    6   11 1 1 1
   2262   21    6   12 1 1 1
   2263   21    6   13 1 1 1
   2264   21    6   14 1 1 1
   2265   21    6   15 1 1 1
   2266   21    6   16 1 1 1
   2267   21    6   17 1 1 1
   2268   21    6   18 1 1 1
   2269   22    1    1 1 1 1
   2270   22    1    2 1 1 1
   2271   22    1    3 1 1 1
   2272   22    1    4 1 1 1
   2273   22    1    5 1 1 1
   2274   22    1    6 1 1 1
   2275   22    1    7 1 1 1
   2276   22    1    8 1 1 1
   2277   22    1    9 1 1 1
   2278   22    1   10 1 1 1
   2279   22    1   11 1 1 1
   2280   22    1   12 1 1 1
   2281   22    1   13 1 1 1
   2282   22    1   14 1 1 1
   2283   22    1   15 1 1 1
   2284   22    1   16 1 1 1
   2285   22    1   17 1 1 1
   2286   22    1   18 1 1 1
   2287   22    2    1 1 1 1
   2288   22    2    2 1 1 1
   2289   22    2    3 1 1 1
   2290   22    2    4 1 1 1
   2291   22    2    5 1 1 1
   2292   22    2    6 1 1 1
   2293   22    2    7 1 1 1
   2294   22    2    8 1 1 1
   2295   22    2    9 1 1 1
   2296   22    2   10 1 1 1
   2297   22    2   11 1 1 1
   2298   22    2   12 1 1 1
   2299   22    2   13 1 1 1
   2300   22    2   14 1 1 1
   2301   22    2   15 1 1 1
   2302   22    2   16 1 1 1
   2303   22    2   17 1 1 1
   2304   22    2   18 1 1 1
   2305   22    3    1 1 1 1
   2306   22    3    2 1 1 1
   2307   22    3    3 1 1 1
   2308   22    3    4 1 1 1
   2309   22    3    5 1 1 1
   2310   22    3    6 1 1 1
   2311   22    3    7 1 1 1
   2312   22    3    8 1 1 1
   2313   22    3    9 1 1 1
   2314   22    3   10 1 1 1
   2315   22    3   11 1 1 1
   2316   22    3   12 1 1 1
   2317   22    3   13 1 1 1
   2318   22    3   14 1 1 1
   2319   22    3   15 1 1 1
   2320   22    3   16 1 1 1
   2321   22    3   17 1 1 1
   2322   22    3   18 1 1 1
   2323   22    4    1 1 1 1
   2324   22    4    2 1 1 1
   2325   22    4    3 1 1 1
   2326   22    4    4 1 1 1
   2327   22    4    5 1 1 1
   2328   22    4    6 1 1 1
   2329   22    4    7 1 1 1
   2330   22    4    8 1 1 1
   2331   22    4    9 1 1 1
   2332   22    4   10 1 1 1
   2333   22    4   11 1 1 1
   2334   22    4   12 1 1 1
   2335   22    4   13 1 1 1
   2336   22    4   14 1 1 1
   2337   22    4   15 1 1 1
   2338   22    4   16 1 1 1
   2339   22    4   17 1 1 1
   2340   22    4   18 1 1 1
   2341   22    5    1 1 1 1
   2342   22    5    2 1 1 1
   2343   22    5    3 1 1 1
   2344   22    5    4 1 1 1
   2345   22    5    5 1 1 1
   2346   22    5    6 1 1 1
   2347   22    5    7 1 1 1
   2348   22    5    8 1 1 1
   2349   22    5    9 1 1 1
   2350   22    5   10 1 1 1
   2351   22    5   11 1 1 1
   2352   22    5   12 1 1 1
   2353   22    5   13 1 1 1
   2354   22    5   14 1 1 1
   2355   22    5   15 1 1 1
   2356   22    5   16 1 1 1
   2357   22    5   17 1 1 1
   2358   22    5   18 1 1 1
   2359   22    6    1 1 1 1
   2360   22    6    2 1 1 1
   2361   22    6    3 1 1 1
   2362   22    6    4 1 1 1
   2363   22    6    5 1 1 1
   2364   22    6    6 1 1 1
   2365   22    6    7 1 1 1
   2366   22    6    8 1 1 1
   2367   22    6    9 1 1 1
   2368   22    6   10 1 1 1
   2369   22    6   11 1 1 1
   2370   22    6   12 1 1 1
   2371   22    6   13 1 1 1
   2372   22    6   14 1 1 1
   2373   22    6   15 1 1 1
   2374   22    6   16 1 1 1
   2375   22    6   17 1 1 1
   2376   22    6   18 1 1 1
   2377   23    1    1 1 1 1
   2378   23    1    2 1 1 1
   2379   23    1    3 1 1 1
   2380   23    1    4 1 1 1
   2381   23    1    5 1 1 1
   2382   23    1    6 1 1 1
   2383   23    1    7 1 1 1
   2384   23    1    8 1 1 1
   2385   23    1    9 1 1 1
   2386   23    1   10 1 1 1
   2387   23    1   11 1 1 1
   2388   23    1   12 1 1 1
   2389   23    1   13 1 1 1
   2390   23    1   14 1 1 1
   2391   23    1   15 1 1 1
   2392   23    1   16 1 1 1
   2393   23    1   17 1 1 1
   2394   23    1   18 1 1 1
   2395   23    2    1 1 1 1
   2396   23    2    2 1 1 1
   2397   23    2    3 1 1 1
   2398   23    2    4 1 1 1
   2399   23    2    5 1 1 1
   2400   23    2    6 1 1 1
   2401   23    2    7 1 1 1
   2402   23    2    8 1 1 1
   2403   23    2    9 1 1 1
   2404   23    2   10 1 1 1
   2405   23    2   11 1 1 1
   2406   23    2   12 1 1 1
   2407   23    2   13 1 1 1
   2408   23    2   14 1 1 1
   2409   23    2   15 1 1 1
   2410   23    2   16 1 1 1
   2411   23    2   17 1 1 1
   2412   23    2   18 1 1 1
   2413   23    3    1 1 1 1
   2414   23    3    2 1 1 1
   2415   23    3    3 1 1 1
   2416   23    3    4 1 1 1
   2417   23    3    5 1 1 1
   2418   23    3    6 1 1 1
   2419   23    3    7 1 1 1
   2420   23    3    8 1 1 1
   2421   23    3    9 1 1 1
   2422   23    3   10 1 1 1
   2423   23    3   11 1 1 1
   2424   23    3   12 1 1 1
   2425   23    3   13 1 1 1
   2426   23    3   14 1 1 1
   2427   23    3   15 1 1 1
   2428   23    3   16 1 1 1
   2429   23    3   17 1 1 1
   2430   23    3   18 1 1 1
   2431   23    4    1 1 1 1
   2432   23    4    2 1 1 1
   2433   23    4    3 1 1 1
   2434   23    4    4 1 1 1
   2435   23    4    5 1 1 1
   2436   23    4    6 1 1 1
   2437   23    4    7 1 1 1
   2438   23    4    8 1 1 1
   2439   23    4    9 1 1 1
   2440   23    4   10 1 1 1
   2441   23    4   11 1 1 1
   2442   23    4   12 1 1 1
   2443   23    4   13 1 1 1
   2444   23    4   14 1 1 1
   2445   23    4   15 1 1 1
   2446   23    4   16 1 1 1
   2447   23    4   17 1 1 1
   2448   23    4   18 1 1 1
   2449   23    5    1 1 1 1
   2450   23    5    2 1 1 1
   2451   23    5    3 1 1 1
   2452   23    5    4 1 1 1
   2453   23    5    5 1 1 1
   2454   23    5    6 1 1 1
   2455   23    5    7 1 1 1
   2456   23    5    8 1 1 1
   2457   23    5    9 1 1 1
   2458   23    5   10 1 1 1
   2459   23    5   11 1 1 1
   2460   23    5   12 1 1 1
   2461   23    5   13 1 1 1
   2462   23    5   14 1 1 1
   2463   23    5   15 1 1 1
   2464   23    5   16 1 1 1
   2465   23    5   17 1 1 1
   2466   23    5   18 1 1 1
   2467   23    6    1 1 1 1
   2468   23    6    2 1 1 1
   2469   23    6    3 1 1 1
   2470   23    6    4 1 1 1
   2471   23    6    5 1 1 1
   2472   23    6    6 1 1 1
   2473   23    6    7 1 1 1
   2474   23    6    8 1 1 1
   2475   23    6    9 1 1 1
   2476   23    6   10 1 1 1
   2477   23    6   11 1 1 1
   2478   23    6   12 1 1 1
   2479   23    6   13 1 1 1
   2480   23    6   14 1 1 1
   2481   23    6   15 1 1 1
   2482   23    6   16 1 1 1
   2483   23    6   17 1 1 1
   2484   23    6   18 1 1 1
   2485   24    1    1 1 1 1
   2486   24    1    2 1 1 1
   2487   24    1    3 1 1 1
   2488   24    1    4 1 1 1
   2489   24    1    5 1 1 1
   2490   24    1    6 1 1 1
   2491   24    1    7 1 1 1
   2492   24    1    8 1 1 1
   2493   24    1    9 1 1 1
   2494   24    1   10 1 1 1
   2495   24    1   11 1 1 1
   2496   24    1   12 1 1 1
   2497   24    1   13 1 1 1
   2498   24    1   14 1 1 1
   2499   24    1   15 1 1 1
   2500   24    1   16 1 1 1
   2501   24    1   17 1 1 1
   2502   24    1   18 1 1 1
   2503   24    2    1 1 1 1
   2504   24    2    2 1 1 1
   2505   24    2    3 1 1 1
   2506   24    2    4 1 1 1
   2507   24    2    5 1 1 1
   2508   24    2    6 1 1 1
   2509   24    2    7 1 1 1
   2510   24    2    8 1 1 1
   2511   24    2    9 1 1 1
   2512   24    2   10 1 1 1
   2513   24    2   11 1 1 1
   2514   24    2   12 1 1 1
   2515   24    2   13 1 1 1
   2516   24    2   14 1 1 1
   2517   24    2   15 1 1 1
   2518   24    2   16 1 1 1
   2519   24    2   17 1 1 1
   2520   24    2   18 1 1 1
   2521   24    3    1 1 1 1
   2522   24    3    2 1 1 1
   2523   24    3    3 1 1 1
   2524   24    3    4 1 1 1
   2525   24    3    5 1 1 1
   2526   24    3    6 1 1 1
   2527   24    3    7 1 1 1
   2528   24    3    8 1 1 1
   2529   24    3    9 1 1 1
   2530   24    3   10 1 1 1
   2531   24    3   11 1 1 1
   2532   24    3   12 1 1 1
   2533   24    3   13 1 1 1
   2534   24    3   14 1 1 1
   2535   24    3   15 1 1 1
   2536   24    3   16 1 1 1
   2537   24    3   17 1 1 1
   2538   24    3   18 1 1 1
   2539   24    4    1 1 1 1
   2540   24    4    2 1 1 1
   2541   24    4    3 1 1 1
   2542   24    4    4 1 1 1
   2543   24    4    5 1 1 1
   2544   24    4    6 1 1 1
   2545   24    4    7 1 1 1
   2546   24    4    8 1 1 1
   2547   24    4    9 1 1 1
   2548   24    4   10 1 1 1
   2549   24    4   11 1 1 1
   2550   24    4   12 1 1 1
   2551   24    4   13 1 1 1
   2552   24    4   14 1 1 1
   2553   24    4   15 1 1 1
   2554   24    4   16 1 1 1
   2555   24    4   17 1 1 1
   2556   24    4   18 1 1 1
   2557   24    5    1 1 1 1
   2558   24    5    2 1 1 1
   2559   24    5    3 1 1 1
   2560   24    5    4 1 1 1
   2561   24    5    5 1 1 1
   2562   24    5    6 1 1 1
   2563   24    5    7 1 1 1
   2564   24    5    8 1 1 1
   2565   24    5    9 1 1 1
   2566   24    5   10 1 1 1
   2567   24    5   11 1 1 1
   2568   24    5   12 1 1 1
   2569   24    5   13 1 1 1
   2570   24    5   14 1 1 1
   2571   24    5   15 1 1 1
   2572   24    5   16 1 1 1
   2573   24    5   17 1 1 1
   2574   24    5   18 1 1 1
   2575   24    6    1 1 1 1
   2576   24    6    2 1 1 1
   2577   24    6    3 1 1 1
   2578   24    6    4 1 1 1
   2579   24    6    5 1 1 1
   2580   24    6    6 1 1 1
   2581   24    6    7 1 1 1
   2582   24    6    8 1 1 1
   2583   24    6    9 1 1 1
   2584   24    6   10 1 1 1
   2585   24    6   11 1 1 1
   2586   24    6   12 1 1 1
   2587   24    6   13 1 1 1
   2588   24    6   14 1 1 1
   2589   24    6   15 1 1 1
   2590   24    6   16 1 1 1
   2591   24    6   17 1 1 1
   2592   24    6   18 1 1 1
   2593   25    1    1 1 1 1
   2594   25    1    2 1 1 1
   2595   25    1    3 1 1 1
   2596   25    1    4 1 1 1
   2597   25    1    5 1 1 1
   2598   25    1    6 1 1 1
   2599   25    1    7 1 1 1
   2600   25    1    8 1 1 1
   2601   25    1    9 1 1 1
   2602   25    1   10 1 1 1
   2603   25    1   11 1 1 1
   2604   25    1   12 1 1 1
   2605   25    1   13 1 1 1
   2606   25    1   14 1 1 1
   2607   25    1   15 1 1 1
   2608   25    1   16 1 1 1
   2609   25    1   17 1 1 1
   2610   25    1   18 1 1 1
   2611   25    2    1 1 1 1
   2612   25    2    2 1 1 1
   2613   25    2    3 1 1 1
   2614   25    2    4 1 1 1
   2615   25    2    5 1 1 1
   2616   25    2    6 1 1 1
   2617   25    2    7 1 1 1
   2618   25    2    8 1 1 1
   2619   25    2    9 1 1 1
   2620   25    2   10 1 1 1
   2621   25    2   11 1 1 1
   2622   25    2   12 1 1 1
   2623   25    2   13 1 1 1
   2624   25    2   14 1 1 1
   2625   25    2   15 1 1 1
   2626   25    2   16 1 1 1
   2627   25    2   17 1 1 1
   2628   25    2   18 1 1 1
   2629   25    3    1 1 1 1
   2630   25    3    2 1 1 1
   2631   25    3    3 1 1 1
   2632   25    3    4 1 1 1
   2633   25    3    5 1 1 1
   2634   25    3    6 1 1 1
   2635   25    3    7 1 1 1
   2636   25    3    8 1 1 1
   2637   25    3    9 1 1 1
   2638   25    3   10 1 1 1
   2639   25    3   11 1 1 1
   2640   25    3   12 1 1 1
   2641   25    3   13 1 1 1
   2642   25    3   14 1 1 1
   2643   25    3   15 1 1 1
   2644   25    3   16 1 1 1
   2645   25    3   17 1 1 1
   2646   25    3   18 1 1 1
   2647   25    4    1 1 1 1
   2648   25    4    2 1 1 1
   2649   25    4    3 1 1 1
   2650   25    4    4 1 1 1
   2651   25    4    5 1 1 1
   2652   25    4    6 1 1 1
   2653   25    4    7 1 1 1
   2654   25    4    8 1 1 1
   2655   25    4    9 1 1 1
   2656   25    4   10 1 1 1
   2657   25    4   11 1 1 1
   2658   25    4   12 1 1 1
   2659   25    4   13 1 1 1
   2660   25    4   14 1 1 1
   2661   25    4   15 1 1 1
   2662   25    4   16 1 1 1
   2663   25    4   17 1 1 1
   2664   25    4   18 1 1 1
   2665   25    5    1 1 1 1
   2666   25    5    2 1 1 1
   2667   25    5    3 1 1 1
   2668   25    5    4 1 1 1
   2669   25    5    5 1 1 1
   2670   25    5    6 1 1 1
   2671   25    5    7 1 1 1
   2672   25    5    8 1 1 1
   2673   25    5    9 1 1 1
   2674   25    5   10 1 1 1
   2675   25    5   11 1 1 1
   2676   25    5   12 1 1 1
   2677   25    5   13 1 1 1
   2678   25    5   14 1 1 1
   2679   25    5   15 1 1 1
   2680   25    5   16 1 1 1
   2681   25    5   17 1 1 1
   2682   25    5   18 1 1 1
   2683   25    6    1 1 1 1
   2684   25    6    2 1 1 1
   2685   25    6    3 1 1 1
   2686   25    6    4 1 1 1
   2687   25    6    5 1 1 1
   2688   25    6    6 1 1 1
   2689   25    6    7 1 1 1
   2690   25    6    8 1 1 1
   2691   25    6    9 1 1 1
   2692   25    6   10 1 1 1
   2693   25    6   11 1 1 1
   2694   25    6   12 1 1 1
   2695   25    6   13 1 1 1
   2696   25    6   14 1 1 1
   2697   25    6   15 1 1 1
   2698   25    6   16 1 1 1
   2699   25    6   17 1 1 1
   2700   25    6   18 1 1 1
   2701   26    1    1 1 1 1
   2702   26    1    2 1 1 1
   2703   26    1    3 1 1 1
   2704   26    1    4 1 1 1
   2705   26    1    5 1 1 1
   2706   26    1    6 1 1 1
   2707   26    1    7 1 1 1
   2708   26    1    8 1 1 1
   2709   26    1    9 1 1 1
   2710   26    1   10 1 1 1
   2711   26    1   11 1 1 1
   2712   26    1   12 1 1 1
   2713   26    1   13 1 1 1
   2714   26    1   14 1 1 1
   2715   26    1   15 1 1 1
   2716   26    1   16 1 1 1
   2717   26    1   17 1 1 1
   2718   26    1   18 1 1 1
   2719   26    2    1 1 1 1
   2720   26    2    2 1 1 1
   2721   26    2    3 1 1 1
   2722   26    2    4 1 1 1
   2723   26    2    5 1 1 1
   2724   26    2    6 1 1 1
   2725   26    2    7 1 1 1
   2726   26    2    8 1 1 1
   2727   26    2    9 1 1 1
   2728   26    2   10 1 1 1
   2729   26    2   11 1 1 1
   2730   26    2   12 1 1 1
   2731   26    2   13 1 1 1
   2732   26    2   14 1 1 1
   2733   26    2   15 1 1 1
   2734   26    2   16 1 1 1
   2735   26    2   17 1 1 1
   2736   26    2   18 1 1 1
   2737   26    3    1 1 1 1
   2738   26    3    2 1 1 1
   2739   26    3    3 1 1 1
   2740   26    3    4 1 1 1
   2741   26    3    5 1 1 1
   2742   26    3    6 1 1 1
   2743   26    3    7 1 1 1
   2744   26    3    8 1 1 1
   2745   26    3    9 1 1 1
   2746   26    3   10 1 1 1
   2747   26    3   11 1 1 1
   2748   26    3   12 1 1 1
   2749   26    3   13 1 1 1
   2750   26    3   14 1 1 1
   2751   26    3   15 1 1 1
   2752   26    3   16 1 1 1
   2753   26    3   17 1 1 1
   2754   26    3   18 1 1 1
   2755   26    4    1 1 1 1
   2756   26    4    2 1 1 1
   2757   26    4    3 1 1 1
   2758   26    4    4 1 1 1
   2759   26    4    5 1 1 1
   2760   26    4    6 1 1 1
   2761   26    4    7 1 1 1
   2762   26    4    8 1 1 1
   2763   26    4    9 1 1 1
   2764   26    4   10 1 1 1
   2765   26    4   11 1 1 1
   2766   26    4   12 1 1 1
   2767   26    4   13 1 1 1
   2768   26    4   14 1 1 1
   2769   26    4   15 1 1 1
   2770   26    4   16 1 1 1
   2771   26    4   17 1 1 1
   2772   26    4   18 1 1 1
   2773   26    5    1 1 1 1
   2774   26    5    2 1 1 1
   2775   26    5    3 1 1 1
   2776   26    5    4 1 1 1
   2777   26    5    5 1 1 1
   2778   26    5    6 1 1 1
   2779   26    5    7 1 1 1
   2780   26    5    8 1 1 1
   2781   26    5    9 1 1 1
   2782   26    5   10 1 1 1
   2783   26    5   11 1 1 1
   2784   26    5   12 1 1 1
   2785   26    5   13 1 1 1
   2786   26    5   14 1 1 1
   2787   26    5   15 1 1 1
   2788   26    5   16 1 1 1
   2789   26    5   17 1 1 1
   2790   26    5   18 1 1 1
   2791   26    6    1 1 1 1
   2792   26    6    2 1 1 1
   2793   26    6    3 1 1 1
   2794   26    6    4 1 1 1
   2795   26    6    5 1 1 1
   2796   26    6    6 1 1 1
   2797   26    6    7 1 1 1
   2798   26    6    8 1 1 1
   2799   26    6    9 1 1 1
   2800   26    6   10 1 1 1
   2801   26    6   11 1 1 1
   2802   26    6   12 1 1 1
   2803   26    6   13 1 1 1
   2804   26    6   14 1 1 1
   2805   26    6   15 1 1 1
   2806   26    6   16 1 1 1
   2807   26    6   17 1 1 1
   2808   26    6   18 1 1 1
   2809   27    1    1 1 1 1
   2810   27    1    2 1 1 1
   2811   27    1    3 1 1 1
   2812   27    1    4 1 1 1
   2813   27    1    5 1 1 1
   2814   27    1    6 1 1 1
   2815   27    1    7 1 1 1
   2816   27    1    8 1 1 1
   2817   27    1    9 1 1 1
   2818   27    1   10 1 1 1
   2819   27    1   11 1 1 1
   2820   27    1   12 1 1 1
   2821   27    1   13 1 1 1
   2822   27    1   14 1 1 1
   2823   27    1   15 1 1 1
   2824   27    1   16 1 1 1
   2825   27    1   17 1 1 1
   2826   27    1   18 1 1 1
   2827   27    2    1 1 1 1
   2828   27    2    2 1 1 1
   2829   27    2    3 1 1 1
   2830   27    2    4 1 1 1
   2831   27    2    5 1 1 1
   2832   27    2    6 1 1 1
   2833   27    2    7 1 1 1
   2834   27    2    8 1 1 1
   2835   27    2    9 1 1 1
   2836   27    2   10 1 1 1
   2837   27    2   11 1 1 1
   2838   27    2   12 1 1 1
   2839   27    2   13 1 1 1
   2840   27    2   14 1 1 1
   2841   27    2   15 1 1 1
   2842   27    2   16 1 1 1
   2843   27    2   17 1 1 1
   2844   27    2   18 1 1 1
   2845   27    3    1 1 1 1
   2846   27    3    2 1 1 1
   2847   27    3    3 1 1 1
   2848   27    3    4 1 1 1
   2849   27    3    5 1 1 1
   2850   27    3    6 1 1 1
   2851   27    3    7 1 1 1
   2852   27    3    8 1 1 1
   2853   27    3    9 1 1 1
   2854   27    3   10 1 1 1
   2855   27    3   11 1 1 1
   2856   27    3   12 1 1 1
   2857   27    3   13 1 1 1
   2858   27    3   14 1 1 1
   2859   27    3   15 1 1 1
   2860   27    3   16 1 1 1
   2861   27    3   17 1 1 1
   2862   27    3   18 1 1 1
   2863   27    4    1 1 1 1
   2864   27    4    2 1 1 1
   2865   27    4    3 1 1 1
   2866   27    4    4 1 1 1
   2867   27    4    5 1 1 1
   2868   27    4    6 1 1 1
   2869   27    4    7 1 1 1
   2870   27    4    8 1 1 1
   2871   27    4    9 1 1 1
   2872   27    4   10 1 1 1
   2873   27    4   11 1 1 1
   2874   27    4   12 1 1 1
   2875   27    4   13 1 1 1
   2876   27    4   14 1 1 1
   2877   27    4   15 1 1 1
   2878   27    4   16 1 1 1
   2879   27    4   17 1 1 1
   2880   27    4   18 1 1 1
   2881   27    5    1 1 1 1
   2882   27    5    2 1 1 1
   2883   27    5    3 1 1 1
   2884   27    5    4 1 1 1
   2885   27    5    5 1 1 1
   2886   27    5    6 1 1 1
   2887   27    5    7 1 1 1
   2888   27    5    8 1 1 1
   2889   27    5    9 1 1 1
   2890   27    5   10 1 1 1
   2891   27    5   11 1 1 1
   2892   27    5   12 1 1 1
   2893   27    5   13 1 1 1
   2894   27    5   14 1 1 1
   2895   27    5   15 1 1 1
   2896   27    5   16 1 1 1
   2897   27    5   17 1 1 1
   2898   27    5   18 1 1 1
   2899   27    6    1 1 1 1
   2900   27    6    2 1 1 1
   2901   27    6    3 1 1 1
   2902   27    6    4 1 1 1
   2903   27    6    5 1 1 1
   2904   27    6    6 1 1 1
   2905   27    6    7 1 1 1
   2906   27    6    8 1 1 1
   2907   27    6    9 1 1 1
   2908   27    6   10 1 1 1
   2909   27    6   11 1 1 1
   2910   27    6   12 1 1 1
   2911   27    6   13 1 1 1
   2912   27    6   14 1 1 1
   2913   27    6   15 1 1 1
   2914   27    6   16 1 1 1
   2915   27    6   17 1 1 1
   2916   27    6   18 1 1 1
