 >REASHP: option FROM_FILE
      1260 = NAT
  1.000000  0.000000  0.000000 = A_1 vector
  0.000000  1.000000  0.000000 = A_2 vector
  1.000000  1.000000  1.000000 = lattice spacings (d_x,d_y,d_z)/d
  -0.02800  -0.10210  -0.04715 = lattice offset x0(1-3) = (x_TF,y_TF,z_TF)/d for dipole 0 0 0
     JA  IX  IY  IZ ICOMP(x,y,z)
      1    1    1    1 1 1 1
      2    1    1    2 1 1 1
      3    1    1    3 1 1 1
      4    1    1    4 1 1 1
      5    1    1    5 1 1 1
      6    1    1    6 1 1 1
      7    1    1    7 1 1 1
      8    1    1    8 1 1 1
      9    1    1    9 1 1 1
     10    1    1   10 1 1 1
     11    1    2    1 1 1 1
     12    1    2    2 1 1 1
     13    1    2    3 1 1 1
     14    1    2    4 1 1 1
     15    1    2    5 1 1 1
     16    1    2    6 1 1 1
     17    1    2    7 1 1 1
     18    1    2    8 1 1 1
     19    1    2    9 1 1 1
     20    1    2   10 1 1 1
     21    1    3    1 1 1 1
     22    1    3    2 1 1 1
     23    1    3    3 1 1 1
     24    1    3    4 1 1 1
     25    1    3    5 1 1 1
     26    1    3    6 1 1 1
     27    1    3    7 1 1 1
     28    1    3    8 1 1 1
     29    1    3    9 1 1 1
     30    1    3   10 1 1 1
     31    1    4    1 1 1 1
     32    1    4    2 1 1 1
     33    1    4    3 1 1 1
     34    1    4    4 1 1 1
     35    1    4    5 1 1 1
     36    1    4    6 1 1 1
     37    1    4    7 1 1 1
     38    1    4    8 1 1 1
     39    1    4    9 1 1 1
     40    1    4   10 1 1 1
     41    1    5    1 1 1 1
     42    1    5    2 1 1 1
     43    1    5    3 1 1 1
     44    1    5    4 1 1 1
     45    1    5    5 1 1 1
     46    1    5    6 1 1 1
     47    1    5    7 1 1 1
     48    1    5    8 1 1 1
     49    1    5    9 1 1 1
     50    1    5   10 1 1 1
     51    1    6    1 1 1 1
     52    1    6    2 1 1 1
     53    1    6    3 1 1 1
     54    1    6    4 1 1 1
     55    1    6    5 1 1 1
     56    1    6    6 1 1 1
     57    1    6    7 1 1 1
     58    1    6    8 1 1 1
     59    1    6    9 1 1 1
     60    1    6   10 1 1 1
     61    1    7    1 1 1 1
     62    1    7    2 1 1 1
     63    1    7    3 1 1 1
     64    1    7    4 1 1 1
     65    1    7    5 1 1 1
     66    1    7    6 1 1 1
     67    1    7    7 1 1 1
     68    1    7    8 1 1 1
     69    1    7    9 1 1 1
     70    1    7   10 1 1 1
     71    1    8    1 1 1 1
     72    1    8    2 1 1 1
     73    1    8    3 1 1 1
     74    1    8    4 1 1 1
     75    1    8    5 1 1 1
     76    1    8    6 1 1 1
     77    1    8    7 1 1 1
     78    1    8    8 1 1 1
     79    1    8    9 1 1 1
     80    1    8   10 1 1 1
     81    1    9    1 1 1 1
     82    1    9    2 1 1 1
     83    1    9    3 1 1 1
     84    1    9    4 1 1 1
     85    1    9    5 1 1 1
     86    1    9    6 1 1 1
     87    1    9    7 1 1 1
     88    1    9    8 1 1 1
     89    1    9    9 1 1 1
     90    1    9   10 1 1 1
     91    1   10    1 1 1 1
     92    1   10    2 1 1 1
     93    1   10    3 1 1 1
     94    1   10    4 1 1 1
     95    1   10    5 1 1 1
     96    1   10    6 1 1 1
     97    1   10    7 1 1 1
     98    1   10    8 1 1 1
     99    1   10    9 1 1 1
    100    1   10   10 1 1 1
    101    1   11    1 1 1 1
    102    1   11    2 1 1 1
    103    1   11    3 1 1 1
    104    1   11    4 1 1 1
    105    1   11    5 1 1 1
    106    1   11    6 1 1 1
    107    1   11    7 1 1 1
    108    1   11    8 1 1 1
    109    1   11    9 1 1 1
    110    1   11   10 1 1 1
    111    1   12    1 1 1 1
    112    1   12    2 1 1 1
    113    1   12    3 1 1 1
    114    1   12    4 1 1 1
    115    1   12    5 1 1 1
    116    1   12    6 1 1 1
    117    1   12    7 1 1 1
    118    1   12    8 1 1 1
    119    1   12    9 1 1 1
    120    1   12   10 1 1 1
    121    1   13    1 1 1 1
    122    1   13    2 1 1 1
    123    1   13    3 1 1 1
    124    1   13    4 1 1 1
    125    1   13    5 1 1 1
    126    1   13    6 1 1 1
    127    1   13    7 1 1 1
    128    1   13    8 1 1 1
    129    1   13    9 1 1 1
    130    1   13   10 1 1 1
    131    1   14    1 1 1 1
    132    1   14    2 1 1 1
    133    1   14    3 1 1 1
    134    1   14    4 1 1 1
    135    1   14    5 1 1 1
    136    1   14    6 1 1 1
    137    1   14    7 1 1 1
    138    1   14    8 1 1 1
    139    1   14    9 1 1 1
    140    1   14   10 1 1 1
    141    1   15    1 1 1 1
    142    1   15    2 1 1 1
    143    1   15    3 1 1 1
    144    1   15    4 1 1 1
    145    1   15    5 1 1 1
    146    1   15    6 1 1 1
    147    1   15    7 1 1 1
    148    1   15    8 1 1 1
    149    1   15    9 1 1 1
    150    1   15   10 1 1 1
    151    1   16    1 1 1 1
    152    1   16    2 1 1 1
    153    1   16    3 1 1 1
    154    1   16    4 1 1 1
    155    1   16    5 1 1 1
    156    1   16    6 1 1 1
    157    1   16    7 1 1 1
    158    1   16    8 1 1 1
    159    1   16    9 1 1 1
    160    1   16   10 1 1 1
    161    1   17    1 1 1 1
    162    1   17    2 1 1 1
    163    1   17    3 1 1 1
    164    1   17    4 1 1 1
    165    1   17    5 1 1 1
    166    1   17    6 1 1 1
    167    1   17    7 1 1 1
    168    1   17    8 1 1 1
    169    1   17    9 1 1 1
    170    1   17   10 1 1 1
    171    1   18    1 1 1 1
    172    1   18    2 1 1 1
    173    1   18    3 1 1 1
    174    1   18    4 1 1 1
    175    1   18    5 1 1 1
    176    1   18    6 1 1 1
    177    1   18    7 1 1 1
    178    1   18    8 1 1 1
    179    1   18    9 1 1 1
    180    1   18   10 1 1 1
    181    1   19    1 1 1 1
    182    1   19    2 1 1 1
    183    1   19    3 1 1 1
    184    1   19    4 1 1 1
    185    1   19    5 1 1 1
    186    1   19    6 1 1 1
    187    1   19    7 1 1 1
    188    1   19    8 1 1 1
    189    1   19    9 1 1 1
    190    1   19   10 1 1 1
    191    1   20    1 1 1 1
    192    1   20    2 1 1 1
    193    1   20    3 1 1 1
    194    1   20    4 1 1 1
    195    1   20    5 1 1 1
    196    1   20    6 1 1 1
    197    1   20    7 1 1 1
    198    1   20    8 1 1 1
    199    1   20    9 1 1 1
    200    1   20   10 1 1 1
    201    1   21    1 1 1 1
    202    1   21    2 1 1 1
    203    1   21    3 1 1 1
    204    1   21    4 1 1 1
    205    1   21    5 1 1 1
    206    1   21    6 1 1 1
    207    1   21    7 1 1 1
    208    1   21    8 1 1 1
    209    1   21    9 1 1 1
    210    1   21   10 1 1 1
    211    2    1    1 1 1 1
    212    2    1    2 1 1 1
    213    2    1    3 1 1 1
    214    2    1    4 1 1 1
    215    2    1    5 1 1 1
    216    2    1    6 1 1 1
    217    2    1    7 1 1 1
    218    2    1    8 1 1 1
    219    2    1    9 1 1 1
    220    2    1   10 1 1 1
    221    2    2    1 1 1 1
    222    2    2    2 1 1 1
    223    2    2    3 1 1 1
    224    2    2    4 1 1 1
    225    2    2    5 1 1 1
    226    2    2    6 1 1 1
    227    2    2    7 1 1 1
    228    2    2    8 1 1 1
    229    2    2    9 1 1 1
    230    2    2   10 1 1 1
    231    2    3    1 1 1 1
    232    2    3    2 1 1 1
    233    2    3    3 1 1 1
    234    2    3    4 1 1 1
    235    2    3    5 1 1 1
    236    2    3    6 1 1 1
    237    2    3    7 1 1 1
    238    2    3    8 1 1 1
    239    2    3    9 1 1 1
    240    2    3   10 1 1 1
    241    2    4    1 1 1 1
    242    2    4    2 1 1 1
    243    2    4    3 1 1 1
    244    2    4    4 1 1 1
    245    2    4    5 1 1 1
    246    2    4    6 1 1 1
    247    2    4    7 1 1 1
    248    2    4    8 1 1 1
    249    2    4    9 1 1 1
    250    2    4   10 1 1 1
    251    2    5    1 1 1 1
    252    2    5    2 1 1 1
    253    2    5    3 1 1 1
    254    2    5    4 1 1 1
    255    2    5    5 1 1 1
    256    2    5    6 1 1 1
    257    2    5    7 1 1 1
    258    2    5    8 1 1 1
    259    2    5    9 1 1 1
    260    2    5   10 1 1 1
    261    2    6    1 1 1 1
    262    2    6    2 1 1 1
    263    2    6    3 1 1 1
    264    2    6    4 1 1 1
    265    2    6    5 1 1 1
    266    2    6    6 1 1 1
    267    2    6    7 1 1 1
    268    2    6    8 1 1 1
    269    2    6    9 1 1 1
    270    2    6   10 1 1 1
    271    2    7    1 1 1 1
    272    2    7    2 1 1 1
    273    2    7    3 1 1 1
    274    2    7    4 1 1 1
    275    2    7    5 1 1 1
    276    2    7    6 1 1 1
    277    2    7    7 1 1 1
    278    2    7    8 1 1 1
    279    2    7    9 1 1 1
    280    2    7   10 1 1 1
    281    2    8    1 1 1 1
    282    2    8    2 1 1 1
    283    2    8    3 1 1 1
    284    2    8    4 1 1 1
    285    2    8    5 1 1 1
    286    2    8    6 1 1 1
    287    2    8    7 1 1 1
    288    2    8    8 1 1 1
    289    2    8    9 1 1 1
    290    2    8   10 1 1 1
    291    2    9    1 1 1 1
    292    2    9    2 1 1 1
    293    2    9    3 1 1 1
    294    2    9    4 1 1 1
    295    2    9    5 1 1 1
    296    2    9    6 1 1 1
    297    2    9    7 1 1 1
    298    2    9    8 1 1 1
    299    2    9    9 1 1 1
    300    2    9   10 1 1 1
    301    2   10    1 1 1 1
    302    2   10    2 1 1 1
    303    2   10    3 1 1 1
    304    2   10    4 1 1 1
    305    2   10    5 1 1 1
    306    2   10    6 1 1 1
    307    2   10    7 1 1 1
    308    2   10    8 1 1 1
    309    2   10    9 1 1 1
    310    2   10   10 1 1 1
    311    2   11    1 1 1 1
    312    2   11    2 1 1 1
    313    2   11    3 1 1 1
    314    2   11    4 1 1 1
    315    2   11    5 1 1 1
    316    2   11    6 1 1 1
    317    2   11    7 1 1 1
    318    2   11    8 1 1 1
    319    2   11    9 1 1 1
    320    2   11   10 1 1 1
    321    2   12    1 1 1 1
    322    2   12    2 1 1 1
    323    2   12    3 1 1 1
    324    2   12    4 1 1 1
    325    2   12    5 1 1 1
    326    2   12    6 1 1 1
    327    2   12    7 1 1 1
    328    2   12    8 1 1 1
    329    2   12    9 1 1 1
    330    2   12   10 1 1 1
    331    2   13    1 1 1 1
    332    2   13    2 1 1 1
    333    2   13    3 1 1 1
    334    2   13    4 1 1 1
    335    2   13    5 1 1 1
    336    2   13    6 1 1 1
    337    2   13    7 1 1 1
    338    2   13    8 1 1 1
    339    2   13    9 1 1 1
    340    2   13   10 1 1 1
    341    2   14    1 1 1 1
    342    2   14    2 1 1 1
    343    2   14    3 1 1 1
    344    2   14    4 1 1 1
    345    2   14    5 1 1 1
    346    2   14    6 1 1 1
    347    2   14    7 1 1 1
    348    2   14    8 1 1 1
    349    2   14    9 1 1 1
    350    2   14   10 1 1 1
    351    2   15    1 1 1 1
    352    2   15    2 1 1 1
    353    2   15    3 1 1 1
    354    2   15    4 1 1 1
    355    2   15    5 1 1 1
    356    2   15    6 1 1 1
    357    2   15    7 1 1 1
    358    2   15    8 1 1 1
    359    2   15    9 1 1 1
    360    2   15   10 1 1 1
    361    2   16    1 1 1 1
    362    2   16    2 1 1 1
    363    2   16    3 1 1 1
    364    2   16    4 1 1 1
    365    2   16    5 1 1 1
    366    2   16    6 1 1 1
    367    2   16    7 1 1 1
    368    2   16    8 1 1 1
    369    2   16    9 1 1 1
    370    2   16   10 1 1 1
    371    2   17    1 1 1 1
    372    2   17    2 1 1 1
    373    2   17    3 1 1 1
    374    2   17    4 1 1 1
    375    2   17    5 1 1 1
    376    2   17    6 1 1 1
    377    2   17    7 1 1 1
    378    2   17    8 1 1 1
    379    2   17    9 1 1 1
    380    2   17   10 1 1 1
    381    2   18    1 1 1 1
    382    2   18    2 1 1 1
    383    2   18    3 1 1 1
    384    2   18    4 1 1 1
    385    2   18    5 1 1 1
    386    2   18    6 1 1 1
    387    2   18    7 1 1 1
    388    2   18    8 1 1 1
    389    2   18    9 1 1 1
    390    2   18   10 1 1 1
    391    2   19    1 1 1 1
    392    2   19    2 1 1 1
    393    2   19    3 1 1 1
    394    2   19    4 1 1 1
    395    2   19    5 1 1 1
    396    2   19    6 1 1 1
    397    2   19    7 1 1 1
    398    2   19    8 1 1 1
    399    2   19    9 1 1 1
    400    2   19   10 1 1 1
    401    2   20    1 1 1 1
    402    2   20    2 1 1 1
    403    2   20    3 1 1 1
    404    2   20    4 1 1 1
    405    2   20    5 1 1 1
    406    2   20    6 1 1 1
    407    2   20    7 1 1 1
    408    2   20    8 1 1 1
    409    2   20    9 1 1 1
    410    2   20   10 1 1 1
    411    2   21    1 1 1 1
    412    2   21    2 1 1 1
    413    2   21    3 1 1 1
    414    2   21    4 1 1 1
    415    2   21    5 1 1 1
    416    2   21    6 1 1 1
    417    2   21    7 1 1 1
    418    2   21    8 1 1 1
    419    2   21    9 1 1 1
    420    2   21   10 1 1 1
    421    3    1    1 1 1 1
    422    3    1    2 1 1 1
    423    3    1    3 1 1 1
    424    3    1    4 1 1 1
    425    3    1    5 1 1 1
    426    3    1    6 1 1 1
    427    3    1    7 1 1 1
    428    3    1    8 1 1 1
    429    3    1    9 1 1 1
    430    3    1   10 1 1 1
    431    3    2    1 1 1 1
    432    3    2    2 1 1 1
    433    3    2    3 1 1 1
    434    3    2    4 1 1 1
    435    3    2    5 1 1 1
    436    3    2    6 1 1 1
    437    3    2    7 1 1 1
    438    3    2    8 1 1 1
    439    3    2    9 1 1 1
    440    3    2   10 1 1 1
    441    3    3    1 1 1 1
    442    3    3    2 1 1 1
    443    3    3    3 1 1 1
    444    3    3    4 1 1 1
    445    3    3    5 1 1 1
    446    3    3    6 1 1 1
    447    3    3    7 1 1 1
    448    3    3    8 1 1 1
    449    3    3    9 1 1 1
    450    3    3   10 1 1 1
    451    3    4    1 1 1 1
    452    3    4    2 1 1 1
    453    3    4    3 1 1 1
    454    3    4    4 1 1 1
    455    3    4    5 1 1 1
    456    3    4    6 1 1 1
    457    3    4    7 1 1 1
    458    3    4    8 1 1 1
    459    3    4    9 1 1 1
    460    3    4   10 1 1 1
    461    3    5    1 1 1 1
    462    3    5    2 1 1 1
    463    3    5    3 1 1 1
    464    3    5    4 1 1 1
    465    3    5    5 1 1 1
    466    3    5    6 1 1 1
    467    3    5    7 1 1 1
    468    3    5    8 1 1 1
    469    3    5    9 1 1 1
    470    3    5   10 1 1 1
    471    3    6    1 1 1 1
    472    3    6    2 1 1 1
    473    3    6    3 1 1 1
    474    3    6    4 1 1 1
    475    3    6    5 1 1 1
    476    3    6    6 1 1 1
    477    3    6    7 1 1 1
    478    3    6    8 1 1 1
    479    3    6    9 1 1 1
    480    3    6   10 1 1 1
    481    3    7    1 1 1 1
    482    3    7    2 1 1 1
    483    3    7    3 1 1 1
    484    3    7    4 1 1 1
    485    3    7    5 1 1 1
    486    3    7    6 1 1 1
    487    3    7    7 1 1 1
    488    3    7    8 1 1 1
    489    3    7    9 1 1 1
    490    3    7   10 1 1 1
    491    3    8    1 1 1 1
    492    3    8    2 1 1 1
    493    3    8    3 1 1 1
    494    3    8    4 1 1 1
    495    3    8    5 1 1 1
    496    3    8    6 1 1 1
    497    3    8    7 1 1 1
    498    3    8    8 1 1 1
    499    3    8    9 1 1 1
    500    3    8   10 1 1 1
    501    3    9    1 1 1 1
    502    3    9    2 1 1 1
    503    3    9    3 1 1 1
    504    3    9    4 1 1 1
    505    3    9    5 1 1 1
    506    3    9    6 1 1 1
    507    3    9    7 1 1 1
    508    3    9    8 1 1 1
    509    3    9    9 1 1 1
    510    3    9   10 1 1 1
    511    3   10    1 1 1 1
    512    3   10    2 1 1 1
    513    3   10    3 1 1 1
    514    3   10    4 1 1 1
    515    3   10    5 1 1 1
    516    3   10    6 1 1 1
    517    3   10    7 1 1 1
    518    3   10    8 1 1 1
    519    3   10    9 1 1 1
    520    3   10   10 1 1 1
    521    3   11    1 1 1 1
    522    3   11    2 1 1 1
    523    3   11    3 1 1 1
    524    3   11    4 1 1 1
    525    3   11    5 1 1 1
    526    3   11    6 1 1 1
    527    3   11    7 1 1 1
    528    3   11    8 1 1 1
    529    3   11    9 1 1 1
    530    3   11   10 1 1 1
    531    3   12    1 1 1 1
    532    3   12    2 1 1 1
    533    3   12    3 1 1 1
    534    3   12    4 1 1 1
    535    3   12    5 1 1 1
    536    3   12    6 1 1 1
    537    3   12    7 1 1 1
    538    3   12    8 1 1 1
    539    3   12    9 1 1 1
    540    3   12   10 1 1 1
    541    3   13    1 1 1 1
    542    3   13    2 1 1 1
    543    3   13    3 1 1 1
    544    3   13    4 1 1 1
    545    3   13    5 1 1 1
    546    3   13    6 1 1 1
    547    3   13    7 1 1 1
    548    3   13    8 1 1 1
    549    3   13    9 1 1 1
    550    3   13   10 1 1 1
    551    3   14    1 1 1 1
    552    3   14    2 1 1 1
    553    3   14    3 1 1 1
    554    3   14    4 1 1 1
    555    3   14    5 1 1 1
    556    3   14    6 1 1 1
    557    3   14    7 1 1 1
    558    3   14    8 1 1 1
    559    3   14    9 1 1 1
    560    3   14   10 1 1 1
    561    3   15    1 1 1 1
    562    3   15    2 1 1 1
    563    3   15    3 1 1 1
    564    3   15    4 1 1 1
    565    3   15    5 1 1 1
    566    3   15    6 1 1 1
    567    3   15    7 1 1 1
    568    3   15    8 1 1 1
    569    3   15    9 1 1 1
    570    3   15   10 1 1 1
    571    3   16    1 1 1 1
    572    3   16    2 1 1 1
    573    3   16    3 1 1 1
    574    3   16    4 1 1 1
    575    3   16    5 1 1 1
    576    3   16    6 1 1 1
    577    3   16    7 1 1 1
    578    3   16    8 1 1 1
    579    3   16    9 1 1 1
    580    3   16   10 1 1 1
    581    3   17    1 1 1 1
    582    3   17    2 1 1 1
    583    3   17    3 1 1 1
    584    3   17    4 1 1 1
    585    3   17    5 1 1 1
    586    3   17    6 1 1 1
    587    3   17    7 1 1 1
    588    3   17    8 1 1 1
    589    3   17    9 1 1 1
    590    3   17   10 1 1 1
    591    3   18    1 1 1 1
    592    3   18    2 1 1 1
    593    3   18    3 1 1 1
    594    3   18    4 1 1 1
    595    3   18    5 1 1 1
    596    3   18    6 1 1 1
    597    3   18    7 1 1 1
    598    3   18    8 1 1 1
    599    3   18    9 1 1 1
    600    3   18   10 1 1 1
    601    3   19    1 1 1 1
    602    3   19    2 1 1 1
    603    3   19    3 1 1 1
    604    3   19    4 1 1 1
    605    3   19    5 1 1 1
    606    3   19    6 1 1 1
    607    3   19    7 1 1 1
    608    3   19    8 1 1 1
    609    3   19    9 1 1 1
    610    3   19   10 1 1 1
    611    3   20    1 1 1 1
    612    3   20    2 1 1 1
    613    3   20    3 1 1 1
    614    3   20    4 1 1 1
    615    3   20    5 1 1 1
    616    3   20    6 1 1 1
    617    3   20    7 1 1 1
    618    3   20    8 1 1 1
    619    3   20    9 1 1 1
    620    3   20   10 1 1 1
    621    3   21    1 1 1 1
    622    3   21    2 1 1 1
    623    3   21    3 1 1 1
    624    3   21    4 1 1 1
    625    3   21    5 1 1 1
    626    3   21    6 1 1 1
    627    3   21    7 1 1 1
    628    3   21    8 1 1 1
    629    3   21    9 1 1 1
    630    3   21   10 1 1 1
    631    4    1    1 1 1 1
    632    4    1    2 1 1 1
    633    4    1    3 1 1 1
    634    4    1    4 1 1 1
    635    4    1    5 1 1 1
    636    4    1    6 1 1 1
    637    4    1    7 1 1 1
    638    4    1    8 1 1 1
    639    4    1    9 1 1 1
    640    4    1   10 1 1 1
    641    4    2    1 1 1 1
    642    4    2    2 1 1 1
    643    4    2    3 1 1 1
    644    4    2    4 1 1 1
    645    4    2    5 1 1 1
    646    4    2    6 1 1 1
    647    4    2    7 1 1 1
    648    4    2    8 1 1 1
    649    4    2    9 1 1 1
    650    4    2   10 1 1 1
    651    4    3    1 1 1 1
    652    4    3    2 1 1 1
    653    4    3    3 1 1 1
    654    4    3    4 1 1 1
    655    4    3    5 1 1 1
    656    4    3    6 1 1 1
    657    4    3    7 1 1 1
    658    4    3    8 1 1 1
    659    4    3    9 1 1 1
    660    4    3   10 1 1 1
    661    4    4    1 1 1 1
    662    4    4    2 1 1 1
    663    4    4    3 1 1 1
    664    4    4    4 1 1 1
    665    4    4    5 1 1 1
    666    4    4    6 1 1 1
    667    4    4    7 1 1 1
    668    4    4    8 1 1 1
    669    4    4    9 1 1 1
    670    4    4   10 1 1 1
    671    4    5    1 1 1 1
    672    4    5    2 1 1 1
    673    4    5    3 1 1 1
    674    4    5    4 1 1 1
    675    4    5    5 1 1 1
    676    4    5    6 1 1 1
    677    4    5    7 1 1 1
    678    4    5    8 1 1 1
    679    4    5    9 1 1 1
    680    4    5   10 1 1 1
    681    4    6    1 1 1 1
    682    4    6    2 1 1 1
    683    4    6    3 1 1 1
    684    4    6    4 1 1 1
    685    4    6    5 1 1 1
    686    4    6    6 1 1 1
    687    4    6    7 1 1 1
    688    4    6    8 1 1 1
    689    4    6    9 1 1 1
    690    4    6   10 1 1 1
    691    4    7    1 1 1 1
    692    4    7    2 1 1 1
    693    4    7    3 1 1 1
    694    4    7    4 1 1 1
    695    4    7    5 1 1 1
    696    4    7    6 1 1 1
    697    4    7    7 1 1 1
    698    4    7    8 1 1 1
    699    4    7    9 1 1 1
    700    4    7   10 1 1 1
    701    4    8    1 1 1 1
    702    4    8    2 1 1 1
    703    4    8    3 1 1 1
    704    4    8    4 1 1 1
    705    4    8    5 1 1 1
    706    4    8    6 1 1 1
    707    4    8    7 1 1 1
    708    4    8    8 1 1 1
    709    4    8    9 1 1 1
    710    4    8   10 1 1 1
    711    4    9    1 1 1 1
    712    4    9    2 1 1 1
    713    4    9    3 1 1 1
    714    4    9    4 1 1 1
    715    4    9    5 1 1 1
    716    4    9    6 1 1 1
    717    4    9    7 1 1 1
    718    4    9    8 1 1 1
    719    4    9    9 1 1 1
    720    4    9   10 1 1 1
    721    4   10    1 1 1 1
    722    4   10    2 1 1 1
    723    4   10    3 1 1 1
    724    4   10    4 1 1 1
    725    4   10    5 1 1 1
    726    4   10    6 1 1 1
    727    4   10    7 1 1 1
    728    4   10    8 1 1 1
    729    4   10    9 1 1 1
    730    4   10   10 1 1 1
    731    4   11    1 1 1 1
    732    4   11    2 1 1 1
    733    4   11    3 1 1 1
    734    4   11    4 1 1 1
    735    4   11    5 1 1 1
    736    4   11    6 1 1 1
    737    4   11    7 1 1 1
    738    4   11    8 1 1 1
    739    4   11    9 1 1 1
    740    4   11   10 1 1 1
    741    4   12    1 1 1 1
    742    4   12    2 1 1 1
    743    4   12    3 1 1 1
    744    4   12    4 1 1 1
    745    4   12    5 1 1 1
    746    4   12    6 1 1 1
    747    4   12    7 1 1 1
    748    4   12    8 1 1 1
    749    4   12    9 1 1 1
    750    4   12   10 1 1 1
    751    4   13    1 1 1 1
    752    4   13    2 1 1 1
    753    4   13    3 1 1 1
    754    4   13    4 1 1 1
    755    4   13    5 1 1 1
    756    4   13    6 1 1 1
    757    4   13    7 1 1 1
    758    4   13    8 1 1 1
    759    4   13    9 1 1 1
    760    4   13   10 1 1 1
    761    4   14    1 1 1 1
    762    4   14    2 1 1 1
    763    4   14    3 1 1 1
    764    4   14    4 1 1 1
    765    4   14    5 1 1 1
    766    4   14    6 1 1 1
    767    4   14    7 1 1 1
    768    4   14    8 1 1 1
    769    4   14    9 1 1 1
    770    4   14   10 1 1 1
    771    4   15    1 1 1 1
    772    4   15    2 1 1 1
    773    4   15    3 1 1 1
    774    4   15    4 1 1 1
    775    4   15    5 1 1 1
    776    4   15    6 1 1 1
    777    4   15    7 1 1 1
    778    4   15    8 1 1 1
    779    4   15    9 1 1 1
    780    4   15   10 1 1 1
    781    4   16    1 1 1 1
    782    4   16    2 1 1 1
    783    4   16    3 1 1 1
    784    4   16    4 1 1 1
    785    4   16    5 1 1 1
    786    4   16    6 1 1 1
    787    4   16    7 1 1 1
    788    4   16    8 1 1 1
    789    4   16    9 1 1 1
    790    4   16   10 1 1 1
    791    4   17    1 1 1 1
    792    4   17    2 1 1 1
    793    4   17    3 1 1 1
    794    4   17    4 1 1 1
    795    4   17    5 1 1 1
    796    4   17    6 1 1 1
    797    4   17    7 1 1 1
    798    4   17    8 1 1 1
    799    4   17    9 1 1 1
    800    4   17   10 1 1 1
    801    4   18    1 1 1 1
    802    4   18    2 1 1 1
    803    4   18    3 1 1 1
    804    4   18    4 1 1 1
    805    4   18    5 1 1 1
    806    4   18    6 1 1 1
    807    4   18    7 1 1 1
    808    4   18    8 1 1 1
    809    4   18    9 1 1 1
    810    4   18   10 1 1 1
    811    4   19    1 1 1 1
    812    4   19    2 1 1 1
    813    4   19    3 1 1 1
    814    4   19    4 1 1 1
    815    4   19    5 1 1 1
    816    4   19    6 1 1 1
    817    4   19    7 1 1 1
    818    4   19    8 1 1 1
    819    4   19    9 1 1 1
    820    4   19   10 1 1 1
    821    4   20    1 1 1 1
    822    4   20    2 1 1 1
    823    4   20    3 1 1 1
    824    4   20    4 1 1 1
    825    4   20    5 1 1 1
    826    4   20    6 1 1 1
    827    4   20    7 1 1 1
    828    4   20    8 1 1 1
    829    4   20    9 1 1 1
    830    4   20   10 1 1 1
    831    4   21    1 1 1 1
    832    4   21    2 1 1 1
    833    4   21    3 1 1 1
    834    4   21    4 1 1 1
    835    4   21    5 1 1 1
    836    4   21    6 1 1 1
    837    4   21    7 1 1 1
    838    4   21    8 1 1 1
    839    4   21    9 1 1 1
    840    4   21   10 1 1 1
    841    5    1    1 1 1 1
    842    5    1    2 1 1 1
    843    5    1    3 1 1 1
    844    5    1    4 1 1 1
    845    5    1    5 1 1 1
    846    5    1    6 1 1 1
    847    5    1    7 1 1 1
    848    5    1    8 1 1 1
    849    5    1    9 1 1 1
    850    5    1   10 1 1 1
    851    5    2    1 1 1 1
    852    5    2    2 1 1 1
    853    5    2    3 1 1 1
    854    5    2    4 1 1 1
    855    5    2    5 1 1 1
    856    5    2    6 1 1 1
    857    5    2    7 1 1 1
    858    5    2    8 1 1 1
    859    5    2    9 1 1 1
    860    5    2   10 1 1 1
    861    5    3    1 1 1 1
    862    5    3    2 1 1 1
    863    5    3    3 1 1 1
    864    5    3    4 1 1 1
    865    5    3    5 1 1 1
    866    5    3    6 1 1 1
    867    5    3    7 1 1 1
    868    5    3    8 1 1 1
    869    5    3    9 1 1 1
    870    5    3   10 1 1 1
    871    5    4    1 1 1 1
    872    5    4    2 1 1 1
    873    5    4    3 1 1 1
    874    5    4    4 1 1 1
    875    5    4    5 1 1 1
    876    5    4    6 1 1 1
    877    5    4    7 1 1 1
    878    5    4    8 1 1 1
    879    5    4    9 1 1 1
    880    5    4   10 1 1 1
    881    5    5    1 1 1 1
    882    5    5    2 1 1 1
    883    5    5    3 1 1 1
    884    5    5    4 1 1 1
    885    5    5    5 1 1 1
    886    5    5    6 1 1 1
    887    5    5    7 1 1 1
    888    5    5    8 1 1 1
    889    5    5    9 1 1 1
    890    5    5   10 1 1 1
    891    5    6    1 1 1 1
    892    5    6    2 1 1 1
    893    5    6    3 1 1 1
    894    5    6    4 1 1 1
    895    5    6    5 1 1 1
    896    5    6    6 1 1 1
    897    5    6    7 1 1 1
    898    5    6    8 1 1 1
    899    5    6    9 1 1 1
    900    5    6   10 1 1 1
    901    5    7    1 1 1 1
    902    5    7    2 1 1 1
    903    5    7    3 1 1 1
    904    5    7    4 1 1 1
    905    5    7    5 1 1 1
    906    5    7    6 1 1 1
    907    5    7    7 1 1 1
    908    5    7    8 1 1 1
    909    5    7    9 1 1 1
    910    5    7   10 1 1 1
    911    5    8    1 1 1 1
    912    5    8    2 1 1 1
    913    5    8    3 1 1 1
    914    5    8    4 1 1 1
    915    5    8    5 1 1 1
    916    5    8    6 1 1 1
    917    5    8    7 1 1 1
    918    5    8    8 1 1 1
    919    5    8    9 1 1 1
    920    5    8   10 1 1 1
    921    5    9    1 1 1 1
    922    5    9    2 1 1 1
    923    5    9    3 1 1 1
    924    5    9    4 1 1 1
    925    5    9    5 1 1 1
    926    5    9    6 1 1 1
    927    5    9    7 1 1 1
    928    5    9    8 1 1 1
    929    5    9    9 1 1 1
    930    5    9   10 1 1 1
    931    5   10    1 1 1 1
    932    5   10    2 1 1 1
    933    5   10    3 1 1 1
    934    5   10    4 1 1 1
    935    5   10    5 1 1 1
    936    5   10    6 1 1 1
    937    5   10    7 1 1 1
    938    5   10    8 1 1 1
    939    5   10    9 1 1 1
    940    5   10   10 1 1 1
    941    5   11    1 1 1 1
    942    5   11    2 1 1 1
    943    5   11    3 1 1 1
    944    5   11    4 1 1 1
    945    5   11    5 1 1 1
    946    5   11    6 1 1 1
    947    5   11    7 1 1 1
    948    5   11    8 1 1 1
    949    5   11    9 1 1 1
    950    5   11   10 1 1 1
    951    5   12    1 1 1 1
    952    5   12    2 1 1 1
    953    5   12    3 1 1 1
    954    5   12    4 1 1 1
    955    5   12    5 1 1 1
    956    5   12    6 1 1 1
    957    5   12    7 1 1 1
    958    5   12    8 1 1 1
    959    5   12    9 1 1 1
    960    5   12   10 1 1 1
    961    5   13    1 1 1 1
    962    5   13    2 1 1 1
    963    5   13    3 1 1 1
    964    5   13    4 1 1 1
    965    5   13    5 1 1 1
    966    5   13    6 1 1 1
    967    5   13    7 1 1 1
    968    5   13    8 1 1 1
    969    5   13    9 1 1 1
    970    5   13   10 1 1 1
    971    5   14    1 1 1 1
    972    5   14    2 1 1 1
    973    5   14    3 1 1 1
    974    5   14    4 1 1 1
    975    5   14    5 1 1 1
    976    5   14    6 1 1 1
    977    5   14    7 1 1 1
    978    5   14    8 1 1 1
    979    5   14    9 1 1 1
    980    5   14   10 1 1 1
    981    5   15    1 1 1 1
    982    5   15    2 1 1 1
    983    5   15    3 1 1 1
    984    5   15    4 1 1 1
    985    5   15    5 1 1 1
    986    5   15    6 1 1 1
    987    5   15    7 1 1 1
    988    5   15    8 1 1 1
    989    5   15    9 1 1 1
    990    5   15   10 1 1 1
    991    5   16    1 1 1 1
    992    5   16    2 1 1 1
    993    5   16    3 1 1 1
    994    5   16    4 1 1 1
    995    5   16    5 1 1 1
    996    5   16    6 1 1 1
    997    5   16    7 1 1 1
    998    5   16    8 1 1 1
    999    5   16    9 1 1 1
   1000    5   16   10 1 1 1
   1001    5   17    1 1 1 1
   1002    5   17    2 1 1 1
   1003    5   17    3 1 1 1
   1004    5   17    4 1 1 1
   1005    5   17    5 1 1 1
   1006    5   17    6 1 1 1
   1007    5   17    7 1 1 1
   1008    5   17    8 1 1 1
   1009    5   17    9 1 1 1
   1010    5   17   10 1 1 1
   1011    5   18    1 1 1 1
   1012    5   18    2 1 1 1
   1013    5   18    3 1 1 1
   1014    5   18    4 1 1 1
   1015    5   18    5 1 1 1
   1016    5   18    6 1 1 1
   1017    5   18    7 1 1 1
   1018    5   18    8 1 1 1
   1019    5   18    9 1 1 1
   1020    5   18   10 1 1 1
   1021    5   19    1 1 1 1
   1022    5   19    2 1 1 1
   1023    5   19    3 1 1 1
   1024    5   19    4 1 1 1
   1025    5   19    5 1 1 1
   1026    5   19    6 1 1 1
   1027    5   19    7 1 1 1
   1028    5   19    8 1 1 1
   1029    5   19    9 1 1 1
   1030    5   19   10 1 1 1
   1031    5   20    1 1 1 1
   1032    5   20    2 1 1 1
   1033    5   20    3 1 1 1
   1034    5   20    4 1 1 1
   1035    5   20    5 1 1 1
   1036    5   20    6 1 1 1
   1037    5   20    7 1 1 1
   1038    5   20    8 1 1 1
   1039    5   20    9 1 1 1
   1040    5   20   10 1 1 1
   1041    5   21    1 1 1 1
   1042    5   21    2 1 1 1
   1043    5   21    3 1 1 1
   1044    5   21    4 1 1 1
   1045    5   21    5 1 1 1
   1046    5   21    6 1 1 1
   1047    5   21    7 1 1 1
   1048    5   21    8 1 1 1
   1049    5   21    9 1 1 1
   1050    5   21   10 1 1 1
   1051    6    1    1 1 1 1
   1052    6    1    2 1 1 1
   1053    6    1    3 1 1 1
   1054    6    1    4 1 1 1
   1055    6    1    5 1 1 1
   1056    6    1    6 1 1 1
   1057    6    1    7 1 1 1
   1058    6    1    8 1 1 1
   1059    6    1    9 1 1 1
   1060    6    1   10 1 1 1
   1061    6    2    1 1 1 1
   1062    6    2    2 1 1 1
   1063    6    2    3 1 1 1
   1064    6    2    4 1 1 1
   1065    6    2    5 1 1 1
   1066    6    2    6 1 1 1
   1067    6    2    7 1 1 1
   1068    6    2    8 1 1 1
   1069    6    2    9 1 1 1
   1070    6    2   10 1 1 1
   1071    6    3    1 1 1 1
   1072    6    3    2 1 1 1
   1073    6    3    3 1 1 1
   1074    6    3    4 1 1 1
   1075    6    3    5 1 1 1
   1076    6    3    6 1 1 1
   1077    6    3    7 1 1 1
   1078    6    3    8 1 1 1
   1079    6    3    9 1 1 1
   1080    6    3   10 1 1 1
   1081    6    4    1 1 1 1
   1082    6    4    2 1 1 1
   1083    6    4    3 1 1 1
   1084    6    4    4 1 1 1
   1085    6    4    5 1 1 1
   1086    6    4    6 1 1 1
   1087    6    4    7 1 1 1
   1088    6    4    8 1 1 1
   1089    6    4    9 1 1 1
   1090    6    4   10 1 1 1
   1091    6    5    1 1 1 1
   1092    6    5    2 1 1 1
   1093    6    5    3 1 1 1
   1094    6    5    4 1 1 1
   1095    6    5    5 1 1 1
   1096    6    5    6 1 1 1
   1097    6    5    7 1 1 1
   1098    6    5    8 1 1 1
   1099    6    5    9 1 1 1
   1100    6    5   10 1 1 1
   1101    6    6    1 1 1 1
   1102    6    6    2 1 1 1
   1103    6    6    3 1 1 1
   1104    6    6    4 1 1 1
   1105    6    6    5 1 1 1
   1106    6    6    6 1 1 1
   1107    6    6    7 1 1 1
   1108    6    6    8 1 1 1
   1109    6    6    9 1 1 1
   1110    6    6   10 1 1 1
   1111    6    7    1 1 1 1
   1112    6    7    2 1 1 1
   1113    6    7    3 1 1 1
   1114    6    7    4 1 1 1
   1115    6    7    5 1 1 1
   1116    6    7    6 1 1 1
   1117    6    7    7 1 1 1
   1118    6    7    8 1 1 1
   1119    6    7    9 1 1 1
   1120    6    7   10 1 1 1
   1121    6    8    1 1 1 1
   1122    6    8    2 1 1 1
   1123    6    8    3 1 1 1
   1124    6    8    4 1 1 1
   1125    6    8    5 1 1 1
   1126    6    8    6 1 1 1
   1127    6    8    7 1 1 1
   1128    6    8    8 1 1 1
   1129    6    8    9 1 1 1
   1130    6    8   10 1 1 1
   1131    6    9    1 1 1 1
   1132    6    9    2 1 1 1
   1133    6    9    3 1 1 1
   1134    6    9    4 1 1 1
   1135    6    9    5 1 1 1
   1136    6    9    6 1 1 1
   1137    6    9    7 1 1 1
   1138    6    9    8 1 1 1
   1139    6    9    9 1 1 1
   1140    6    9   10 1 1 1
   1141    6   10    1 1 1 1
   1142    6   10    2 1 1 1
   1143    6   10    3 1 1 1
   1144    6   10    4 1 1 1
   1145    6   10    5 1 1 1
   1146    6   10    6 1 1 1
   1147    6   10    7 1 1 1
   1148    6   10    8 1 1 1
   1149    6   10    9 1 1 1
   1150    6   10   10 1 1 1
   1151    6   11    1 1 1 1
   1152    6   11    2 1 1 1
   1153    6   11    3 1 1 1
   1154    6   11    4 1 1 1
   1155    6   11    5 1 1 1
   1156    6   11    6 1 1 1
   1157    6   11    7 1 1 1
   1158    6   11    8 1 1 1
   1159    6   11    9 1 1 1
   1160    6   11   10 1 1 1
   1161    6   12    1 1 1 1
   1162    6   12    2 1 1 1
   1163    6   12    3 1 1 1
   1164    6   12    4 1 1 1
   1165    6   12    5 1 1 1
   1166    6   12    6 1 1 1
   1167    6   12    7 1 1 1
   1168    6   12    8 1 1 1
   1169    6   12    9 1 1 1
   1170    6   12   10 1 1 1
   1171    6   13    1 1 1 1
   1172    6   13    2 1 1 1
   1173    6   13    3 1 1 1
   1174    6   13    4 1 1 1
   1175    6   13    5 1 1 1
   1176    6   13    6 1 1 1
   1177    6   13    7 1 1 1
   1178    6   13    8 1 1 1
   1179    6   13    9 1 1 1
   1180    6   13   10 1 1 1
   1181    6   14    1 1 1 1
   1182    6   14    2 1 1 1
   1183    6   14    3 1 1 1
   1184    6   14    4 1 1 1
   1185    6   14    5 1 1 1
   1186    6   14    6 1 1 1
   1187    6   14    7 1 1 1
   1188    6   14    8 1 1 1
   1189    6   14    9 1 1 1
   1190    6   14   10 1 1 1
   1191    6   15    1 1 1 1
   1192    6   15    2 1 1 1
   1193    6   15    3 1 1 1
   1194    6   15    4 1 1 1
   1195    6   15    5 1 1 1
   1196    6   15    6 1 1 1
   1197    6   15    7 1 1 1
   1198    6   15    8 1 1 1
   1199    6   15    9 1 1 1
   1200    6   15   10 1 1 1
   1201    6   16    1 1 1 1
   1202    6   16    2 1 1 1
   1203    6   16    3 1 1 1
   1204    6   16    4 1 1 1
   1205    6   16    5 1 1 1
   1206    6   16    6 1 1 1
   1207    6   16    7 1 1 1
   1208    6   16    8 1 1 1
   1209    6   16    9 1 1 1
   1210    6   16   10 1 1 1
   1211    6   17    1 1 1 1
   1212    6   17    2 1 1 1
   1213    6   17    3 1 1 1
   1214    6   17    4 1 1 1
   1215    6   17    5 1 1 1
   1216    6   17    6 1 1 1
   1217    6   17    7 1 1 1
   1218    6   17    8 1 1 1
   1219    6   17    9 1 1 1
   1220    6   17   10 1 1 1
   1221    6   18    1 1 1 1
   1222    6   18    2 1 1 1
   1223    6   18    3 1 1 1
   1224    6   18    4 1 1 1
   1225    6   18    5 1 1 1
   1226    6   18    6 1 1 1
   1227    6   18    7 1 1 1
   1228    6   18    8 1 1 1
   1229    6   18    9 1 1 1
   1230    6   18   10 1 1 1
   1231    6   19    1 1 1 1
   1232    6   19    2 1 1 1
   1233    6   19    3 1 1 1
   1234    6   19    4 1 1 1
   1235    6   19    5 1 1 1
   1236    6   19    6 1 1 1
   1237    6   19    7 1 1 1
   1238    6   19    8 1 1 1
   1239    6   19    9 1 1 1
   1240    6   19   10 1 1 1
   1241    6   20    1 1 1 1
   1242    6   20    2 1 1 1
   1243    6   20    3 1 1 1
   1244    6   20    4 1 1 1
   1245    6   20    5 1 1 1
   1246    6   20    6 1 1 1
   1247    6   20    7 1 1 1
   1248    6   20    8 1 1 1
   1249    6   20    9 1 1 1
   1250    6   20   10 1 1 1
   1251    6   21    1 1 1 1
   1252    6   21    2 1 1 1
   1253    6   21    3 1 1 1
   1254    6   21    4 1 1 1
   1255    6   21    5 1 1 1
   1256    6   21    6 1 1 1
   1257    6   21    7 1 1 1
   1258    6   21    8 1 1 1
   1259    6   21    9 1 1 1
   1260    6   21   10 1 1 1
