 >REASHP: option FROM_FILE
      2240 = NAT
  1.000000  0.000000  0.000000 = A_1 vector
  0.000000  1.000000  0.000000 = A_2 vector
  1.000000  1.000000  1.000000 = lattice spacings (d_x,d_y,d_z)/d
  -0.06670  -0.07555  -0.04970 = lattice offset x0(1-3) = (x_TF,y_TF,z_TF)/d for dipole 0 0 0
     JA  IX  IY  IZ ICOMP(x,y,z)
      1    1    1    1 1 1 1
      2    1    1    2 1 1 1
      3    1    1    3 1 1 1
      4    1    1    4 1 1 1
      5    1    1    5 1 1 1
      6    1    1    6 1 1 1
      7    1    1    7 1 1 1
      8    1    1    8 1 1 1
      9    1    1    9 1 1 1
     10    1    1   10 1 1 1
     11    1    2    1 1 1 1
     12    1    2    2 1 1 1
     13    1    2    3 1 1 1
     14    1    2    4 1 1 1
     15    1    2    5 1 1 1
     16    1    2    6 1 1 1
     17    1    2    7 1 1 1
     18    1    2    8 1 1 1
     19    1    2    9 1 1 1
     20    1    2   10 1 1 1
     21    1    3    1 1 1 1
     22    1    3    2 1 1 1
     23    1    3    3 1 1 1
     24    1    3    4 1 1 1
     25    1    3    5 1 1 1
     26    1    3    6 1 1 1
     27    1    3    7 1 1 1
     28    1    3    8 1 1 1
     29    1    3    9 1 1 1
     30    1    3   10 1 1 1
     31    1    4    1 1 1 1
     32    1    4    2 1 1 1
     33    1    4    3 1 1 1
     34    1    4    4 1 1 1
     35    1    4    5 1 1 1
     36    1    4    6 1 1 1
     37    1    4    7 1 1 1
     38    1    4    8 1 1 1
     39    1    4    9 1 1 1
     40    1    4   10 1 1 1
     41    1    5    1 1 1 1
     42    1    5    2 1 1 1
     43    1    5    3 1 1 1
     44    1    5    4 1 1 1
     45    1    5    5 1 1 1
     46    1    5    6 1 1 1
     47    1    5    7 1 1 1
     48    1    5    8 1 1 1
     49    1    5    9 1 1 1
     50    1    5   10 1 1 1
     51    1    6    1 1 1 1
     52    1    6    2 1 1 1
     53    1    6    3 1 1 1
     54    1    6    4 1 1 1
     55    1    6    5 1 1 1
     56    1    6    6 1 1 1
     57    1    6    7 1 1 1
     58    1    6    8 1 1 1
     59    1    6    9 1 1 1
     60    1    6   10 1 1 1
     61    1    7    1 1 1 1
     62    1    7    2 1 1 1
     63    1    7    3 1 1 1
     64    1    7    4 1 1 1
     65    1    7    5 1 1 1
     66    1    7    6 1 1 1
     67    1    7    7 1 1 1
     68    1    7    8 1 1 1
     69    1    7    9 1 1 1
     70    1    7   10 1 1 1
     71    1    8    1 1 1 1
     72    1    8    2 1 1 1
     73    1    8    3 1 1 1
     74    1    8    4 1 1 1
     75    1    8    5 1 1 1
     76    1    8    6 1 1 1
     77    1    8    7 1 1 1
     78    1    8    8 1 1 1
     79    1    8    9 1 1 1
     80    1    8   10 1 1 1
     81    1    9    1 1 1 1
     82    1    9    2 1 1 1
     83    1    9    3 1 1 1
     84    1    9    4 1 1 1
     85    1    9    5 1 1 1
     86    1    9    6 1 1 1
     87    1    9    7 1 1 1
     88    1    9    8 1 1 1
     89    1    9    9 1 1 1
     90    1    9   10 1 1 1
     91    1   10    1 1 1 1
     92    1   10    2 1 1 1
     93    1   10    3 1 1 1
     94    1   10    4 1 1 1
     95    1   10    5 1 1 1
     96    1   10    6 1 1 1
     97    1   10    7 1 1 1
     98    1   10    8 1 1 1
     99    1   10    9 1 1 1
    100    1   10   10 1 1 1
    101    1   11    1 1 1 1
    102    1   11    2 1 1 1
    103    1   11    3 1 1 1
    104    1   11    4 1 1 1
    105    1   11    5 1 1 1
    106    1   11    6 1 1 1
    107    1   11    7 1 1 1
    108    1   11    8 1 1 1
    109    1   11    9 1 1 1
    110    1   11   10 1 1 1
    111    1   12    1 1 1 1
    112    1   12    2 1 1 1
    113    1   12    3 1 1 1
    114    1   12    4 1 1 1
    115    1   12    5 1 1 1
    116    1   12    6 1 1 1
    117    1   12    7 1 1 1
    118    1   12    8 1 1 1
    119    1   12    9 1 1 1
    120    1   12   10 1 1 1
    121    1   13    1 1 1 1
    122    1   13    2 1 1 1
    123    1   13    3 1 1 1
    124    1   13    4 1 1 1
    125    1   13    5 1 1 1
    126    1   13    6 1 1 1
    127    1   13    7 1 1 1
    128    1   13    8 1 1 1
    129    1   13    9 1 1 1
    130    1   13   10 1 1 1
    131    1   14    1 1 1 1
    132    1   14    2 1 1 1
    133    1   14    3 1 1 1
    134    1   14    4 1 1 1
    135    1   14    5 1 1 1
    136    1   14    6 1 1 1
    137    1   14    7 1 1 1
    138    1   14    8 1 1 1
    139    1   14    9 1 1 1
    140    1   14   10 1 1 1
    141    1   15    1 1 1 1
    142    1   15    2 1 1 1
    143    1   15    3 1 1 1
    144    1   15    4 1 1 1
    145    1   15    5 1 1 1
    146    1   15    6 1 1 1
    147    1   15    7 1 1 1
    148    1   15    8 1 1 1
    149    1   15    9 1 1 1
    150    1   15   10 1 1 1
    151    1   16    1 1 1 1
    152    1   16    2 1 1 1
    153    1   16    3 1 1 1
    154    1   16    4 1 1 1
    155    1   16    5 1 1 1
    156    1   16    6 1 1 1
    157    1   16    7 1 1 1
    158    1   16    8 1 1 1
    159    1   16    9 1 1 1
    160    1   16   10 1 1 1
    161    2    1    1 1 1 1
    162    2    1    2 1 1 1
    163    2    1    3 1 1 1
    164    2    1    4 1 1 1
    165    2    1    5 1 1 1
    166    2    1    6 1 1 1
    167    2    1    7 1 1 1
    168    2    1    8 1 1 1
    169    2    1    9 1 1 1
    170    2    1   10 1 1 1
    171    2    2    1 1 1 1
    172    2    2    2 1 1 1
    173    2    2    3 1 1 1
    174    2    2    4 1 1 1
    175    2    2    5 1 1 1
    176    2    2    6 1 1 1
    177    2    2    7 1 1 1
    178    2    2    8 1 1 1
    179    2    2    9 1 1 1
    180    2    2   10 1 1 1
    181    2    3    1 1 1 1
    182    2    3    2 1 1 1
    183    2    3    3 1 1 1
    184    2    3    4 1 1 1
    185    2    3    5 1 1 1
    186    2    3    6 1 1 1
    187    2    3    7 1 1 1
    188    2    3    8 1 1 1
    189    2    3    9 1 1 1
    190    2    3   10 1 1 1
    191    2    4    1 1 1 1
    192    2    4    2 1 1 1
    193    2    4    3 1 1 1
    194    2    4    4 1 1 1
    195    2    4    5 1 1 1
    196    2    4    6 1 1 1
    197    2    4    7 1 1 1
    198    2    4    8 1 1 1
    199    2    4    9 1 1 1
    200    2    4   10 1 1 1
    201    2    5    1 1 1 1
    202    2    5    2 1 1 1
    203    2    5    3 1 1 1
    204    2    5    4 1 1 1
    205    2    5    5 1 1 1
    206    2    5    6 1 1 1
    207    2    5    7 1 1 1
    208    2    5    8 1 1 1
    209    2    5    9 1 1 1
    210    2    5   10 1 1 1
    211    2    6    1 1 1 1
    212    2    6    2 1 1 1
    213    2    6    3 1 1 1
    214    2    6    4 1 1 1
    215    2    6    5 1 1 1
    216    2    6    6 1 1 1
    217    2    6    7 1 1 1
    218    2    6    8 1 1 1
    219    2    6    9 1 1 1
    220    2    6   10 1 1 1
    221    2    7    1 1 1 1
    222    2    7    2 1 1 1
    223    2    7    3 1 1 1
    224    2    7    4 1 1 1
    225    2    7    5 1 1 1
    226    2    7    6 1 1 1
    227    2    7    7 1 1 1
    228    2    7    8 1 1 1
    229    2    7    9 1 1 1
    230    2    7   10 1 1 1
    231    2    8    1 1 1 1
    232    2    8    2 1 1 1
    233    2    8    3 1 1 1
    234    2    8    4 1 1 1
    235    2    8    5 1 1 1
    236    2    8    6 1 1 1
    237    2    8    7 1 1 1
    238    2    8    8 1 1 1
    239    2    8    9 1 1 1
    240    2    8   10 1 1 1
    241    2    9    1 1 1 1
    242    2    9    2 1 1 1
    243    2    9    3 1 1 1
    244    2    9    4 1 1 1
    245    2    9    5 1 1 1
    246    2    9    6 1 1 1
    247    2    9    7 1 1 1
    248    2    9    8 1 1 1
    249    2    9    9 1 1 1
    250    2    9   10 1 1 1
    251    2   10    1 1 1 1
    252    2   10    2 1 1 1
    253    2   10    3 1 1 1
    254    2   10    4 1 1 1
    255    2   10    5 1 1 1
    256    2   10    6 1 1 1
    257    2   10    7 1 1 1
    258    2   10    8 1 1 1
    259    2   10    9 1 1 1
    260    2   10   10 1 1 1
    261    2   11    1 1 1 1
    262    2   11    2 1 1 1
    263    2   11    3 1 1 1
    264    2   11    4 1 1 1
    265    2   11    5 1 1 1
    266    2   11    6 1 1 1
    267    2   11    7 1 1 1
    268    2   11    8 1 1 1
    269    2   11    9 1 1 1
    270    2   11   10 1 1 1
    271    2   12    1 1 1 1
    272    2   12    2 1 1 1
    273    2   12    3 1 1 1
    274    2   12    4 1 1 1
    275    2   12    5 1 1 1
    276    2   12    6 1 1 1
    277    2   12    7 1 1 1
    278    2   12    8 1 1 1
    279    2   12    9 1 1 1
    280    2   12   10 1 1 1
    281    2   13    1 1 1 1
    282    2   13    2 1 1 1
    283    2   13    3 1 1 1
    284    2   13    4 1 1 1
    285    2   13    5 1 1 1
    286    2   13    6 1 1 1
    287    2   13    7 1 1 1
    288    2   13    8 1 1 1
    289    2   13    9 1 1 1
    290    2   13   10 1 1 1
    291    2   14    1 1 1 1
    292    2   14    2 1 1 1
    293    2   14    3 1 1 1
    294    2   14    4 1 1 1
    295    2   14    5 1 1 1
    296    2   14    6 1 1 1
    297    2   14    7 1 1 1
    298    2   14    8 1 1 1
    299    2   14    9 1 1 1
    300    2   14   10 1 1 1
    301    2   15    1 1 1 1
    302    2   15    2 1 1 1
    303    2   15    3 1 1 1
    304    2   15    4 1 1 1
    305    2   15    5 1 1 1
    306    2   15    6 1 1 1
    307    2   15    7 1 1 1
    308    2   15    8 1 1 1
    309    2   15    9 1 1 1
    310    2   15   10 1 1 1
    311    2   16    1 1 1 1
    312    2   16    2 1 1 1
    313    2   16    3 1 1 1
    314    2   16    4 1 1 1
    315    2   16    5 1 1 1
    316    2   16    6 1 1 1
    317    2   16    7 1 1 1
    318    2   16    8 1 1 1
    319    2   16    9 1 1 1
    320    2   16   10 1 1 1
    321    3    1    1 1 1 1
    322    3    1    2 1 1 1
    323    3    1    3 1 1 1
    324    3    1    4 1 1 1
    325    3    1    5 1 1 1
    326    3    1    6 1 1 1
    327    3    1    7 1 1 1
    328    3    1    8 1 1 1
    329    3    1    9 1 1 1
    330    3    1   10 1 1 1
    331    3    2    1 1 1 1
    332    3    2    2 1 1 1
    333    3    2    3 1 1 1
    334    3    2    4 1 1 1
    335    3    2    5 1 1 1
    336    3    2    6 1 1 1
    337    3    2    7 1 1 1
    338    3    2    8 1 1 1
    339    3    2    9 1 1 1
    340    3    2   10 1 1 1
    341    3    3    1 1 1 1
    342    3    3    2 1 1 1
    343    3    3    3 1 1 1
    344    3    3    4 1 1 1
    345    3    3    5 1 1 1
    346    3    3    6 1 1 1
    347    3    3    7 1 1 1
    348    3    3    8 1 1 1
    349    3    3    9 1 1 1
    350    3    3   10 1 1 1
    351    3    4    1 1 1 1
    352    3    4    2 1 1 1
    353    3    4    3 1 1 1
    354    3    4    4 1 1 1
    355    3    4    5 1 1 1
    356    3    4    6 1 1 1
    357    3    4    7 1 1 1
    358    3    4    8 1 1 1
    359    3    4    9 1 1 1
    360    3    4   10 1 1 1
    361    3    5    1 1 1 1
    362    3    5    2 1 1 1
    363    3    5    3 1 1 1
    364    3    5    4 1 1 1
    365    3    5    5 1 1 1
    366    3    5    6 1 1 1
    367    3    5    7 1 1 1
    368    3    5    8 1 1 1
    369    3    5    9 1 1 1
    370    3    5   10 1 1 1
    371    3    6    1 1 1 1
    372    3    6    2 1 1 1
    373    3    6    3 1 1 1
    374    3    6    4 1 1 1
    375    3    6    5 1 1 1
    376    3    6    6 1 1 1
    377    3    6    7 1 1 1
    378    3    6    8 1 1 1
    379    3    6    9 1 1 1
    380    3    6   10 1 1 1
    381    3    7    1 1 1 1
    382    3    7    2 1 1 1
    383    3    7    3 1 1 1
    384    3    7    4 1 1 1
    385    3    7    5 1 1 1
    386    3    7    6 1 1 1
    387    3    7    7 1 1 1
    388    3    7    8 1 1 1
    389    3    7    9 1 1 1
    390    3    7   10 1 1 1
    391    3    8    1 1 1 1
    392    3    8    2 1 1 1
    393    3    8    3 1 1 1
    394    3    8    4 1 1 1
    395    3    8    5 1 1 1
    396    3    8    6 1 1 1
    397    3    8    7 1 1 1
    398    3    8    8 1 1 1
    399    3    8    9 1 1 1
    400    3    8   10 1 1 1
    401    3    9    1 1 1 1
    402    3    9    2 1 1 1
    403    3    9    3 1 1 1
    404    3    9    4 1 1 1
    405    3    9    5 1 1 1
    406    3    9    6 1 1 1
    407    3    9    7 1 1 1
    408    3    9    8 1 1 1
    409    3    9    9 1 1 1
    410    3    9   10 1 1 1
    411    3   10    1 1 1 1
    412    3   10    2 1 1 1
    413    3   10    3 1 1 1
    414    3   10    4 1 1 1
    415    3   10    5 1 1 1
    416    3   10    6 1 1 1
    417    3   10    7 1 1 1
    418    3   10    8 1 1 1
    419    3   10    9 1 1 1
    420    3   10   10 1 1 1
    421    3   11    1 1 1 1
    422    3   11    2 1 1 1
    423    3   11    3 1 1 1
    424    3   11    4 1 1 1
    425    3   11    5 1 1 1
    426    3   11    6 1 1 1
    427    3   11    7 1 1 1
    428    3   11    8 1 1 1
    429    3   11    9 1 1 1
    430    3   11   10 1 1 1
    431    3   12    1 1 1 1
    432    3   12    2 1 1 1
    433    3   12    3 1 1 1
    434    3   12    4 1 1 1
    435    3   12    5 1 1 1
    436    3   12    6 1 1 1
    437    3   12    7 1 1 1
    438    3   12    8 1 1 1
    439    3   12    9 1 1 1
    440    3   12   10 1 1 1
    441    3   13    1 1 1 1
    442    3   13    2 1 1 1
    443    3   13    3 1 1 1
    444    3   13    4 1 1 1
    445    3   13    5 1 1 1
    446    3   13    6 1 1 1
    447    3   13    7 1 1 1
    448    3   13    8 1 1 1
    449    3   13    9 1 1 1
    450    3   13   10 1 1 1
    451    3   14    1 1 1 1
    452    3   14    2 1 1 1
    453    3   14    3 1 1 1
    454    3   14    4 1 1 1
    455    3   14    5 1 1 1
    456    3   14    6 1 1 1
    457    3   14    7 1 1 1
    458    3   14    8 1 1 1
    459    3   14    9 1 1 1
    460    3   14   10 1 1 1
    461    3   15    1 1 1 1
    462    3   15    2 1 1 1
    463    3   15    3 1 1 1
    464    3   15    4 1 1 1
    465    3   15    5 1 1 1
    466    3   15    6 1 1 1
    467    3   15    7 1 1 1
    468    3   15    8 1 1 1
    469    3   15    9 1 1 1
    470    3   15   10 1 1 1
    471    3   16    1 1 1 1
    472    3   16    2 1 1 1
    473    3   16    3 1 1 1
    474    3   16    4 1 1 1
    475    3   16    5 1 1 1
    476    3   16    6 1 1 1
    477    3   16    7 1 1 1
    478    3   16    8 1 1 1
    479    3   16    9 1 1 1
    480    3   16   10 1 1 1
    481    4    1    1 1 1 1
    482    4    1    2 1 1 1
    483    4    1    3 1 1 1
    484    4    1    4 1 1 1
    485    4    1    5 1 1 1
    486    4    1    6 1 1 1
    487    4    1    7 1 1 1
    488    4    1    8 1 1 1
    489    4    1    9 1 1 1
    490    4    1   10 1 1 1
    491    4    2    1 1 1 1
    492    4    2    2 1 1 1
    493    4    2    3 1 1 1
    494    4    2    4 1 1 1
    495    4    2    5 1 1 1
    496    4    2    6 1 1 1
    497    4    2    7 1 1 1
    498    4    2    8 1 1 1
    499    4    2    9 1 1 1
    500    4    2   10 1 1 1
    501    4    3    1 1 1 1
    502    4    3    2 1 1 1
    503    4    3    3 1 1 1
    504    4    3    4 1 1 1
    505    4    3    5 1 1 1
    506    4    3    6 1 1 1
    507    4    3    7 1 1 1
    508    4    3    8 1 1 1
    509    4    3    9 1 1 1
    510    4    3   10 1 1 1
    511    4    4    1 1 1 1
    512    4    4    2 1 1 1
    513    4    4    3 1 1 1
    514    4    4    4 1 1 1
    515    4    4    5 1 1 1
    516    4    4    6 1 1 1
    517    4    4    7 1 1 1
    518    4    4    8 1 1 1
    519    4    4    9 1 1 1
    520    4    4   10 1 1 1
    521    4    5    1 1 1 1
    522    4    5    2 1 1 1
    523    4    5    3 1 1 1
    524    4    5    4 1 1 1
    525    4    5    5 1 1 1
    526    4    5    6 1 1 1
    527    4    5    7 1 1 1
    528    4    5    8 1 1 1
    529    4    5    9 1 1 1
    530    4    5   10 1 1 1
    531    4    6    1 1 1 1
    532    4    6    2 1 1 1
    533    4    6    3 1 1 1
    534    4    6    4 1 1 1
    535    4    6    5 1 1 1
    536    4    6    6 1 1 1
    537    4    6    7 1 1 1
    538    4    6    8 1 1 1
    539    4    6    9 1 1 1
    540    4    6   10 1 1 1
    541    4    7    1 1 1 1
    542    4    7    2 1 1 1
    543    4    7    3 1 1 1
    544    4    7    4 1 1 1
    545    4    7    5 1 1 1
    546    4    7    6 1 1 1
    547    4    7    7 1 1 1
    548    4    7    8 1 1 1
    549    4    7    9 1 1 1
    550    4    7   10 1 1 1
    551    4    8    1 1 1 1
    552    4    8    2 1 1 1
    553    4    8    3 1 1 1
    554    4    8    4 1 1 1
    555    4    8    5 1 1 1
    556    4    8    6 1 1 1
    557    4    8    7 1 1 1
    558    4    8    8 1 1 1
    559    4    8    9 1 1 1
    560    4    8   10 1 1 1
    561    4    9    1 1 1 1
    562    4    9    2 1 1 1
    563    4    9    3 1 1 1
    564    4    9    4 1 1 1
    565    4    9    5 1 1 1
    566    4    9    6 1 1 1
    567    4    9    7 1 1 1
    568    4    9    8 1 1 1
    569    4    9    9 1 1 1
    570    4    9   10 1 1 1
    571    4   10    1 1 1 1
    572    4   10    2 1 1 1
    573    4   10    3 1 1 1
    574    4   10    4 1 1 1
    575    4   10    5 1 1 1
    576    4   10    6 1 1 1
    577    4   10    7 1 1 1
    578    4   10    8 1 1 1
    579    4   10    9 1 1 1
    580    4   10   10 1 1 1
    581    4   11    1 1 1 1
    582    4   11    2 1 1 1
    583    4   11    3 1 1 1
    584    4   11    4 1 1 1
    585    4   11    5 1 1 1
    586    4   11    6 1 1 1
    587    4   11    7 1 1 1
    588    4   11    8 1 1 1
    589    4   11    9 1 1 1
    590    4   11   10 1 1 1
    591    4   12    1 1 1 1
    592    4   12    2 1 1 1
    593    4   12    3 1 1 1
    594    4   12    4 1 1 1
    595    4   12    5 1 1 1
    596    4   12    6 1 1 1
    597    4   12    7 1 1 1
    598    4   12    8 1 1 1
    599    4   12    9 1 1 1
    600    4   12   10 1 1 1
    601    4   13    1 1 1 1
    602    4   13    2 1 1 1
    603    4   13    3 1 1 1
    604    4   13    4 1 1 1
    605    4   13    5 1 1 1
    606    4   13    6 1 1 1
    607    4   13    7 1 1 1
    608    4   13    8 1 1 1
    609    4   13    9 1 1 1
    610    4   13   10 1 1 1
    611    4   14    1 1 1 1
    612    4   14    2 1 1 1
    613    4   14    3 1 1 1
    614    4   14    4 1 1 1
    615    4   14    5 1 1 1
    616    4   14    6 1 1 1
    617    4   14    7 1 1 1
    618    4   14    8 1 1 1
    619    4   14    9 1 1 1
    620    4   14   10 1 1 1
    621    4   15    1 1 1 1
    622    4   15    2 1 1 1
    623    4   15    3 1 1 1
    624    4   15    4 1 1 1
    625    4   15    5 1 1 1
    626    4   15    6 1 1 1
    627    4   15    7 1 1 1
    628    4   15    8 1 1 1
    629    4   15    9 1 1 1
    630    4   15   10 1 1 1
    631    4   16    1 1 1 1
    632    4   16    2 1 1 1
    633    4   16    3 1 1 1
    634    4   16    4 1 1 1
    635    4   16    5 1 1 1
    636    4   16    6 1 1 1
    637    4   16    7 1 1 1
    638    4   16    8 1 1 1
    639    4   16    9 1 1 1
    640    4   16   10 1 1 1
    641    5    1    1 1 1 1
    642    5    1    2 1 1 1
    643    5    1    3 1 1 1
    644    5    1    4 1 1 1
    645    5    1    5 1 1 1
    646    5    1    6 1 1 1
    647    5    1    7 1 1 1
    648    5    1    8 1 1 1
    649    5    1    9 1 1 1
    650    5    1   10 1 1 1
    651    5    2    1 1 1 1
    652    5    2    2 1 1 1
    653    5    2    3 1 1 1
    654    5    2    4 1 1 1
    655    5    2    5 1 1 1
    656    5    2    6 1 1 1
    657    5    2    7 1 1 1
    658    5    2    8 1 1 1
    659    5    2    9 1 1 1
    660    5    2   10 1 1 1
    661    5    3    1 1 1 1
    662    5    3    2 1 1 1
    663    5    3    3 1 1 1
    664    5    3    4 1 1 1
    665    5    3    5 1 1 1
    666    5    3    6 1 1 1
    667    5    3    7 1 1 1
    668    5    3    8 1 1 1
    669    5    3    9 1 1 1
    670    5    3   10 1 1 1
    671    5    4    1 1 1 1
    672    5    4    2 1 1 1
    673    5    4    3 1 1 1
    674    5    4    4 1 1 1
    675    5    4    5 1 1 1
    676    5    4    6 1 1 1
    677    5    4    7 1 1 1
    678    5    4    8 1 1 1
    679    5    4    9 1 1 1
    680    5    4   10 1 1 1
    681    5    5    1 1 1 1
    682    5    5    2 1 1 1
    683    5    5    3 1 1 1
    684    5    5    4 1 1 1
    685    5    5    5 1 1 1
    686    5    5    6 1 1 1
    687    5    5    7 1 1 1
    688    5    5    8 1 1 1
    689    5    5    9 1 1 1
    690    5    5   10 1 1 1
    691    5    6    1 1 1 1
    692    5    6    2 1 1 1
    693    5    6    3 1 1 1
    694    5    6    4 1 1 1
    695    5    6    5 1 1 1
    696    5    6    6 1 1 1
    697    5    6    7 1 1 1
    698    5    6    8 1 1 1
    699    5    6    9 1 1 1
    700    5    6   10 1 1 1
    701    5    7    1 1 1 1
    702    5    7    2 1 1 1
    703    5    7    3 1 1 1
    704    5    7    4 1 1 1
    705    5    7    5 1 1 1
    706    5    7    6 1 1 1
    707    5    7    7 1 1 1
    708    5    7    8 1 1 1
    709    5    7    9 1 1 1
    710    5    7   10 1 1 1
    711    5    8    1 1 1 1
    712    5    8    2 1 1 1
    713    5    8    3 1 1 1
    714    5    8    4 1 1 1
    715    5    8    5 1 1 1
    716    5    8    6 1 1 1
    717    5    8    7 1 1 1
    718    5    8    8 1 1 1
    719    5    8    9 1 1 1
    720    5    8   10 1 1 1
    721    5    9    1 1 1 1
    722    5    9    2 1 1 1
    723    5    9    3 1 1 1
    724    5    9    4 1 1 1
    725    5    9    5 1 1 1
    726    5    9    6 1 1 1
    727    5    9    7 1 1 1
    728    5    9    8 1 1 1
    729    5    9    9 1 1 1
    730    5    9   10 1 1 1
    731    5   10    1 1 1 1
    732    5   10    2 1 1 1
    733    5   10    3 1 1 1
    734    5   10    4 1 1 1
    735    5   10    5 1 1 1
    736    5   10    6 1 1 1
    737    5   10    7 1 1 1
    738    5   10    8 1 1 1
    739    5   10    9 1 1 1
    740    5   10   10 1 1 1
    741    5   11    1 1 1 1
    742    5   11    2 1 1 1
    743    5   11    3 1 1 1
    744    5   11    4 1 1 1
    745    5   11    5 1 1 1
    746    5   11    6 1 1 1
    747    5   11    7 1 1 1
    748    5   11    8 1 1 1
    749    5   11    9 1 1 1
    750    5   11   10 1 1 1
    751    5   12    1 1 1 1
    752    5   12    2 1 1 1
    753    5   12    3 1 1 1
    754    5   12    4 1 1 1
    755    5   12    5 1 1 1
    756    5   12    6 1 1 1
    757    5   12    7 1 1 1
    758    5   12    8 1 1 1
    759    5   12    9 1 1 1
    760    5   12   10 1 1 1
    761    5   13    1 1 1 1
    762    5   13    2 1 1 1
    763    5   13    3 1 1 1
    764    5   13    4 1 1 1
    765    5   13    5 1 1 1
    766    5   13    6 1 1 1
    767    5   13    7 1 1 1
    768    5   13    8 1 1 1
    769    5   13    9 1 1 1
    770    5   13   10 1 1 1
    771    5   14    1 1 1 1
    772    5   14    2 1 1 1
    773    5   14    3 1 1 1
    774    5   14    4 1 1 1
    775    5   14    5 1 1 1
    776    5   14    6 1 1 1
    777    5   14    7 1 1 1
    778    5   14    8 1 1 1
    779    5   14    9 1 1 1
    780    5   14   10 1 1 1
    781    5   15    1 1 1 1
    782    5   15    2 1 1 1
    783    5   15    3 1 1 1
    784    5   15    4 1 1 1
    785    5   15    5 1 1 1
    786    5   15    6 1 1 1
    787    5   15    7 1 1 1
    788    5   15    8 1 1 1
    789    5   15    9 1 1 1
    790    5   15   10 1 1 1
    791    5   16    1 1 1 1
    792    5   16    2 1 1 1
    793    5   16    3 1 1 1
    794    5   16    4 1 1 1
    795    5   16    5 1 1 1
    796    5   16    6 1 1 1
    797    5   16    7 1 1 1
    798    5   16    8 1 1 1
    799    5   16    9 1 1 1
    800    5   16   10 1 1 1
    801    6    1    1 1 1 1
    802    6    1    2 1 1 1
    803    6    1    3 1 1 1
    804    6    1    4 1 1 1
    805    6    1    5 1 1 1
    806    6    1    6 1 1 1
    807    6    1    7 1 1 1
    808    6    1    8 1 1 1
    809    6    1    9 1 1 1
    810    6    1   10 1 1 1
    811    6    2    1 1 1 1
    812    6    2    2 1 1 1
    813    6    2    3 1 1 1
    814    6    2    4 1 1 1
    815    6    2    5 1 1 1
    816    6    2    6 1 1 1
    817    6    2    7 1 1 1
    818    6    2    8 1 1 1
    819    6    2    9 1 1 1
    820    6    2   10 1 1 1
    821    6    3    1 1 1 1
    822    6    3    2 1 1 1
    823    6    3    3 1 1 1
    824    6    3    4 1 1 1
    825    6    3    5 1 1 1
    826    6    3    6 1 1 1
    827    6    3    7 1 1 1
    828    6    3    8 1 1 1
    829    6    3    9 1 1 1
    830    6    3   10 1 1 1
    831    6    4    1 1 1 1
    832    6    4    2 1 1 1
    833    6    4    3 1 1 1
    834    6    4    4 1 1 1
    835    6    4    5 1 1 1
    836    6    4    6 1 1 1
    837    6    4    7 1 1 1
    838    6    4    8 1 1 1
    839    6    4    9 1 1 1
    840    6    4   10 1 1 1
    841    6    5    1 1 1 1
    842    6    5    2 1 1 1
    843    6    5    3 1 1 1
    844    6    5    4 1 1 1
    845    6    5    5 1 1 1
    846    6    5    6 1 1 1
    847    6    5    7 1 1 1
    848    6    5    8 1 1 1
    849    6    5    9 1 1 1
    850    6    5   10 1 1 1
    851    6    6    1 1 1 1
    852    6    6    2 1 1 1
    853    6    6    3 1 1 1
    854    6    6    4 1 1 1
    855    6    6    5 1 1 1
    856    6    6    6 1 1 1
    857    6    6    7 1 1 1
    858    6    6    8 1 1 1
    859    6    6    9 1 1 1
    860    6    6   10 1 1 1
    861    6    7    1 1 1 1
    862    6    7    2 1 1 1
    863    6    7    3 1 1 1
    864    6    7    4 1 1 1
    865    6    7    5 1 1 1
    866    6    7    6 1 1 1
    867    6    7    7 1 1 1
    868    6    7    8 1 1 1
    869    6    7    9 1 1 1
    870    6    7   10 1 1 1
    871    6    8    1 1 1 1
    872    6    8    2 1 1 1
    873    6    8    3 1 1 1
    874    6    8    4 1 1 1
    875    6    8    5 1 1 1
    876    6    8    6 1 1 1
    877    6    8    7 1 1 1
    878    6    8    8 1 1 1
    879    6    8    9 1 1 1
    880    6    8   10 1 1 1
    881    6    9    1 1 1 1
    882    6    9    2 1 1 1
    883    6    9    3 1 1 1
    884    6    9    4 1 1 1
    885    6    9    5 1 1 1
    886    6    9    6 1 1 1
    887    6    9    7 1 1 1
    888    6    9    8 1 1 1
    889    6    9    9 1 1 1
    890    6    9   10 1 1 1
    891    6   10    1 1 1 1
    892    6   10    2 1 1 1
    893    6   10    3 1 1 1
    894    6   10    4 1 1 1
    895    6   10    5 1 1 1
    896    6   10    6 1 1 1
    897    6   10    7 1 1 1
    898    6   10    8 1 1 1
    899    6   10    9 1 1 1
    900    6   10   10 1 1 1
    901    6   11    1 1 1 1
    902    6   11    2 1 1 1
    903    6   11    3 1 1 1
    904    6   11    4 1 1 1
    905    6   11    5 1 1 1
    906    6   11    6 1 1 1
    907    6   11    7 1 1 1
    908    6   11    8 1 1 1
    909    6   11    9 1 1 1
    910    6   11   10 1 1 1
    911    6   12    1 1 1 1
    912    6   12    2 1 1 1
    913    6   12    3 1 1 1
    914    6   12    4 1 1 1
    915    6   12    5 1 1 1
    916    6   12    6 1 1 1
    917    6   12    7 1 1 1
    918    6   12    8 1 1 1
    919    6   12    9 1 1 1
    920    6   12   10 1 1 1
    921    6   13    1 1 1 1
    922    6   13    2 1 1 1
    923    6   13    3 1 1 1
    924    6   13    4 1 1 1
    925    6   13    5 1 1 1
    926    6   13    6 1 1 1
    927    6   13    7 1 1 1
    928    6   13    8 1 1 1
    929    6   13    9 1 1 1
    930    6   13   10 1 1 1
    931    6   14    1 1 1 1
    932    6   14    2 1 1 1
    933    6   14    3 1 1 1
    934    6   14    4 1 1 1
    935    6   14    5 1 1 1
    936    6   14    6 1 1 1
    937    6   14    7 1 1 1
    938    6   14    8 1 1 1
    939    6   14    9 1 1 1
    940    6   14   10 1 1 1
    941    6   15    1 1 1 1
    942    6   15    2 1 1 1
    943    6   15    3 1 1 1
    944    6   15    4 1 1 1
    945    6   15    5 1 1 1
    946    6   15    6 1 1 1
    947    6   15    7 1 1 1
    948    6   15    8 1 1 1
    949    6   15    9 1 1 1
    950    6   15   10 1 1 1
    951    6   16    1 1 1 1
    952    6   16    2 1 1 1
    953    6   16    3 1 1 1
    954    6   16    4 1 1 1
    955    6   16    5 1 1 1
    956    6   16    6 1 1 1
    957    6   16    7 1 1 1
    958    6   16    8 1 1 1
    959    6   16    9 1 1 1
    960    6   16   10 1 1 1
    961    7    1    1 1 1 1
    962    7    1    2 1 1 1
    963    7    1    3 1 1 1
    964    7    1    4 1 1 1
    965    7    1    5 1 1 1
    966    7    1    6 1 1 1
    967    7    1    7 1 1 1
    968    7    1    8 1 1 1
    969    7    1    9 1 1 1
    970    7    1   10 1 1 1
    971    7    2    1 1 1 1
    972    7    2    2 1 1 1
    973    7    2    3 1 1 1
    974    7    2    4 1 1 1
    975    7    2    5 1 1 1
    976    7    2    6 1 1 1
    977    7    2    7 1 1 1
    978    7    2    8 1 1 1
    979    7    2    9 1 1 1
    980    7    2   10 1 1 1
    981    7    3    1 1 1 1
    982    7    3    2 1 1 1
    983    7    3    3 1 1 1
    984    7    3    4 1 1 1
    985    7    3    5 1 1 1
    986    7    3    6 1 1 1
    987    7    3    7 1 1 1
    988    7    3    8 1 1 1
    989    7    3    9 1 1 1
    990    7    3   10 1 1 1
    991    7    4    1 1 1 1
    992    7    4    2 1 1 1
    993    7    4    3 1 1 1
    994    7    4    4 1 1 1
    995    7    4    5 1 1 1
    996    7    4    6 1 1 1
    997    7    4    7 1 1 1
    998    7    4    8 1 1 1
    999    7    4    9 1 1 1
   1000    7    4   10 1 1 1
   1001    7    5    1 1 1 1
   1002    7    5    2 1 1 1
   1003    7    5    3 1 1 1
   1004    7    5    4 1 1 1
   1005    7    5    5 1 1 1
   1006    7    5    6 1 1 1
   1007    7    5    7 1 1 1
   1008    7    5    8 1 1 1
   1009    7    5    9 1 1 1
   1010    7    5   10 1 1 1
   1011    7    6    1 1 1 1
   1012    7    6    2 1 1 1
   1013    7    6    3 1 1 1
   1014    7    6    4 1 1 1
   1015    7    6    5 1 1 1
   1016    7    6    6 1 1 1
   1017    7    6    7 1 1 1
   1018    7    6    8 1 1 1
   1019    7    6    9 1 1 1
   1020    7    6   10 1 1 1
   1021    7    7    1 1 1 1
   1022    7    7    2 1 1 1
   1023    7    7    3 1 1 1
   1024    7    7    4 1 1 1
   1025    7    7    5 1 1 1
   1026    7    7    6 1 1 1
   1027    7    7    7 1 1 1
   1028    7    7    8 1 1 1
   1029    7    7    9 1 1 1
   1030    7    7   10 1 1 1
   1031    7    8    1 1 1 1
   1032    7    8    2 1 1 1
   1033    7    8    3 1 1 1
   1034    7    8    4 1 1 1
   1035    7    8    5 1 1 1
   1036    7    8    6 1 1 1
   1037    7    8    7 1 1 1
   1038    7    8    8 1 1 1
   1039    7    8    9 1 1 1
   1040    7    8   10 1 1 1
   1041    7    9    1 1 1 1
   1042    7    9    2 1 1 1
   1043    7    9    3 1 1 1
   1044    7    9    4 1 1 1
   1045    7    9    5 1 1 1
   1046    7    9    6 1 1 1
   1047    7    9    7 1 1 1
   1048    7    9    8 1 1 1
   1049    7    9    9 1 1 1
   1050    7    9   10 1 1 1
   1051    7   10    1 1 1 1
   1052    7   10    2 1 1 1
   1053    7   10    3 1 1 1
   1054    7   10    4 1 1 1
   1055    7   10    5 1 1 1
   1056    7   10    6 1 1 1
   1057    7   10    7 1 1 1
   1058    7   10    8 1 1 1
   1059    7   10    9 1 1 1
   1060    7   10   10 1 1 1
   1061    7   11    1 1 1 1
   1062    7   11    2 1 1 1
   1063    7   11    3 1 1 1
   1064    7   11    4 1 1 1
   1065    7   11    5 1 1 1
   1066    7   11    6 1 1 1
   1067    7   11    7 1 1 1
   1068    7   11    8 1 1 1
   1069    7   11    9 1 1 1
   1070    7   11   10 1 1 1
   1071    7   12    1 1 1 1
   1072    7   12    2 1 1 1
   1073    7   12    3 1 1 1
   1074    7   12    4 1 1 1
   1075    7   12    5 1 1 1
   1076    7   12    6 1 1 1
   1077    7   12    7 1 1 1
   1078    7   12    8 1 1 1
   1079    7   12    9 1 1 1
   1080    7   12   10 1 1 1
   1081    7   13    1 1 1 1
   1082    7   13    2 1 1 1
   1083    7   13    3 1 1 1
   1084    7   13    4 1 1 1
   1085    7   13    5 1 1 1
   1086    7   13    6 1 1 1
   1087    7   13    7 1 1 1
   1088    7   13    8 1 1 1
   1089    7   13    9 1 1 1
   1090    7   13   10 1 1 1
   1091    7   14    1 1 1 1
   1092    7   14    2 1 1 1
   1093    7   14    3 1 1 1
   1094    7   14    4 1 1 1
   1095    7   14    5 1 1 1
   1096    7   14    6 1 1 1
   1097    7   14    7 1 1 1
   1098    7   14    8 1 1 1
   1099    7   14    9 1 1 1
   1100    7   14   10 1 1 1
   1101    7   15    1 1 1 1
   1102    7   15    2 1 1 1
   1103    7   15    3 1 1 1
   1104    7   15    4 1 1 1
   1105    7   15    5 1 1 1
   1106    7   15    6 1 1 1
   1107    7   15    7 1 1 1
   1108    7   15    8 1 1 1
   1109    7   15    9 1 1 1
   1110    7   15   10 1 1 1
   1111    7   16    1 1 1 1
   1112    7   16    2 1 1 1
   1113    7   16    3 1 1 1
   1114    7   16    4 1 1 1
   1115    7   16    5 1 1 1
   1116    7   16    6 1 1 1
   1117    7   16    7 1 1 1
   1118    7   16    8 1 1 1
   1119    7   16    9 1 1 1
   1120    7   16   10 1 1 1
   1121    8    1    1 1 1 1
   1122    8    1    2 1 1 1
   1123    8    1    3 1 1 1
   1124    8    1    4 1 1 1
   1125    8    1    5 1 1 1
   1126    8    1    6 1 1 1
   1127    8    1    7 1 1 1
   1128    8    1    8 1 1 1
   1129    8    1    9 1 1 1
   1130    8    1   10 1 1 1
   1131    8    2    1 1 1 1
   1132    8    2    2 1 1 1
   1133    8    2    3 1 1 1
   1134    8    2    4 1 1 1
   1135    8    2    5 1 1 1
   1136    8    2    6 1 1 1
   1137    8    2    7 1 1 1
   1138    8    2    8 1 1 1
   1139    8    2    9 1 1 1
   1140    8    2   10 1 1 1
   1141    8    3    1 1 1 1
   1142    8    3    2 1 1 1
   1143    8    3    3 1 1 1
   1144    8    3    4 1 1 1
   1145    8    3    5 1 1 1
   1146    8    3    6 1 1 1
   1147    8    3    7 1 1 1
   1148    8    3    8 1 1 1
   1149    8    3    9 1 1 1
   1150    8    3   10 1 1 1
   1151    8    4    1 1 1 1
   1152    8    4    2 1 1 1
   1153    8    4    3 1 1 1
   1154    8    4    4 1 1 1
   1155    8    4    5 1 1 1
   1156    8    4    6 1 1 1
   1157    8    4    7 1 1 1
   1158    8    4    8 1 1 1
   1159    8    4    9 1 1 1
   1160    8    4   10 1 1 1
   1161    8    5    1 1 1 1
   1162    8    5    2 1 1 1
   1163    8    5    3 1 1 1
   1164    8    5    4 1 1 1
   1165    8    5    5 1 1 1
   1166    8    5    6 1 1 1
   1167    8    5    7 1 1 1
   1168    8    5    8 1 1 1
   1169    8    5    9 1 1 1
   1170    8    5   10 1 1 1
   1171    8    6    1 1 1 1
   1172    8    6    2 1 1 1
   1173    8    6    3 1 1 1
   1174    8    6    4 1 1 1
   1175    8    6    5 1 1 1
   1176    8    6    6 1 1 1
   1177    8    6    7 1 1 1
   1178    8    6    8 1 1 1
   1179    8    6    9 1 1 1
   1180    8    6   10 1 1 1
   1181    8    7    1 1 1 1
   1182    8    7    2 1 1 1
   1183    8    7    3 1 1 1
   1184    8    7    4 1 1 1
   1185    8    7    5 1 1 1
   1186    8    7    6 1 1 1
   1187    8    7    7 1 1 1
   1188    8    7    8 1 1 1
   1189    8    7    9 1 1 1
   1190    8    7   10 1 1 1
   1191    8    8    1 1 1 1
   1192    8    8    2 1 1 1
   1193    8    8    3 1 1 1
   1194    8    8    4 1 1 1
   1195    8    8    5 1 1 1
   1196    8    8    6 1 1 1
   1197    8    8    7 1 1 1
   1198    8    8    8 1 1 1
   1199    8    8    9 1 1 1
   1200    8    8   10 1 1 1
   1201    8    9    1 1 1 1
   1202    8    9    2 1 1 1
   1203    8    9    3 1 1 1
   1204    8    9    4 1 1 1
   1205    8    9    5 1 1 1
   1206    8    9    6 1 1 1
   1207    8    9    7 1 1 1
   1208    8    9    8 1 1 1
   1209    8    9    9 1 1 1
   1210    8    9   10 1 1 1
   1211    8   10    1 1 1 1
   1212    8   10    2 1 1 1
   1213    8   10    3 1 1 1
   1214    8   10    4 1 1 1
   1215    8   10    5 1 1 1
   1216    8   10    6 1 1 1
   1217    8   10    7 1 1 1
   1218    8   10    8 1 1 1
   1219    8   10    9 1 1 1
   1220    8   10   10 1 1 1
   1221    8   11    1 1 1 1
   1222    8   11    2 1 1 1
   1223    8   11    3 1 1 1
   1224    8   11    4 1 1 1
   1225    8   11    5 1 1 1
   1226    8   11    6 1 1 1
   1227    8   11    7 1 1 1
   1228    8   11    8 1 1 1
   1229    8   11    9 1 1 1
   1230    8   11   10 1 1 1
   1231    8   12    1 1 1 1
   1232    8   12    2 1 1 1
   1233    8   12    3 1 1 1
   1234    8   12    4 1 1 1
   1235    8   12    5 1 1 1
   1236    8   12    6 1 1 1
   1237    8   12    7 1 1 1
   1238    8   12    8 1 1 1
   1239    8   12    9 1 1 1
   1240    8   12   10 1 1 1
   1241    8   13    1 1 1 1
   1242    8   13    2 1 1 1
   1243    8   13    3 1 1 1
   1244    8   13    4 1 1 1
   1245    8   13    5 1 1 1
   1246    8   13    6 1 1 1
   1247    8   13    7 1 1 1
   1248    8   13    8 1 1 1
   1249    8   13    9 1 1 1
   1250    8   13   10 1 1 1
   1251    8   14    1 1 1 1
   1252    8   14    2 1 1 1
   1253    8   14    3 1 1 1
   1254    8   14    4 1 1 1
   1255    8   14    5 1 1 1
   1256    8   14    6 1 1 1
   1257    8   14    7 1 1 1
   1258    8   14    8 1 1 1
   1259    8   14    9 1 1 1
   1260    8   14   10 1 1 1
   1261    8   15    1 1 1 1
   1262    8   15    2 1 1 1
   1263    8   15    3 1 1 1
   1264    8   15    4 1 1 1
   1265    8   15    5 1 1 1
   1266    8   15    6 1 1 1
   1267    8   15    7 1 1 1
   1268    8   15    8 1 1 1
   1269    8   15    9 1 1 1
   1270    8   15   10 1 1 1
   1271    8   16    1 1 1 1
   1272    8   16    2 1 1 1
   1273    8   16    3 1 1 1
   1274    8   16    4 1 1 1
   1275    8   16    5 1 1 1
   1276    8   16    6 1 1 1
   1277    8   16    7 1 1 1
   1278    8   16    8 1 1 1
   1279    8   16    9 1 1 1
   1280    8   16   10 1 1 1
   1281    9    1    1 1 1 1
   1282    9    1    2 1 1 1
   1283    9    1    3 1 1 1
   1284    9    1    4 1 1 1
   1285    9    1    5 1 1 1
   1286    9    1    6 1 1 1
   1287    9    1    7 1 1 1
   1288    9    1    8 1 1 1
   1289    9    1    9 1 1 1
   1290    9    1   10 1 1 1
   1291    9    2    1 1 1 1
   1292    9    2    2 1 1 1
   1293    9    2    3 1 1 1
   1294    9    2    4 1 1 1
   1295    9    2    5 1 1 1
   1296    9    2    6 1 1 1
   1297    9    2    7 1 1 1
   1298    9    2    8 1 1 1
   1299    9    2    9 1 1 1
   1300    9    2   10 1 1 1
   1301    9    3    1 1 1 1
   1302    9    3    2 1 1 1
   1303    9    3    3 1 1 1
   1304    9    3    4 1 1 1
   1305    9    3    5 1 1 1
   1306    9    3    6 1 1 1
   1307    9    3    7 1 1 1
   1308    9    3    8 1 1 1
   1309    9    3    9 1 1 1
   1310    9    3   10 1 1 1
   1311    9    4    1 1 1 1
   1312    9    4    2 1 1 1
   1313    9    4    3 1 1 1
   1314    9    4    4 1 1 1
   1315    9    4    5 1 1 1
   1316    9    4    6 1 1 1
   1317    9    4    7 1 1 1
   1318    9    4    8 1 1 1
   1319    9    4    9 1 1 1
   1320    9    4   10 1 1 1
   1321    9    5    1 1 1 1
   1322    9    5    2 1 1 1
   1323    9    5    3 1 1 1
   1324    9    5    4 1 1 1
   1325    9    5    5 1 1 1
   1326    9    5    6 1 1 1
   1327    9    5    7 1 1 1
   1328    9    5    8 1 1 1
   1329    9    5    9 1 1 1
   1330    9    5   10 1 1 1
   1331    9    6    1 1 1 1
   1332    9    6    2 1 1 1
   1333    9    6    3 1 1 1
   1334    9    6    4 1 1 1
   1335    9    6    5 1 1 1
   1336    9    6    6 1 1 1
   1337    9    6    7 1 1 1
   1338    9    6    8 1 1 1
   1339    9    6    9 1 1 1
   1340    9    6   10 1 1 1
   1341    9    7    1 1 1 1
   1342    9    7    2 1 1 1
   1343    9    7    3 1 1 1
   1344    9    7    4 1 1 1
   1345    9    7    5 1 1 1
   1346    9    7    6 1 1 1
   1347    9    7    7 1 1 1
   1348    9    7    8 1 1 1
   1349    9    7    9 1 1 1
   1350    9    7   10 1 1 1
   1351    9    8    1 1 1 1
   1352    9    8    2 1 1 1
   1353    9    8    3 1 1 1
   1354    9    8    4 1 1 1
   1355    9    8    5 1 1 1
   1356    9    8    6 1 1 1
   1357    9    8    7 1 1 1
   1358    9    8    8 1 1 1
   1359    9    8    9 1 1 1
   1360    9    8   10 1 1 1
   1361    9    9    1 1 1 1
   1362    9    9    2 1 1 1
   1363    9    9    3 1 1 1
   1364    9    9    4 1 1 1
   1365    9    9    5 1 1 1
   1366    9    9    6 1 1 1
   1367    9    9    7 1 1 1
   1368    9    9    8 1 1 1
   1369    9    9    9 1 1 1
   1370    9    9   10 1 1 1
   1371    9   10    1 1 1 1
   1372    9   10    2 1 1 1
   1373    9   10    3 1 1 1
   1374    9   10    4 1 1 1
   1375    9   10    5 1 1 1
   1376    9   10    6 1 1 1
   1377    9   10    7 1 1 1
   1378    9   10    8 1 1 1
   1379    9   10    9 1 1 1
   1380    9   10   10 1 1 1
   1381    9   11    1 1 1 1
   1382    9   11    2 1 1 1
   1383    9   11    3 1 1 1
   1384    9   11    4 1 1 1
   1385    9   11    5 1 1 1
   1386    9   11    6 1 1 1
   1387    9   11    7 1 1 1
   1388    9   11    8 1 1 1
   1389    9   11    9 1 1 1
   1390    9   11   10 1 1 1
   1391    9   12    1 1 1 1
   1392    9   12    2 1 1 1
   1393    9   12    3 1 1 1
   1394    9   12    4 1 1 1
   1395    9   12    5 1 1 1
   1396    9   12    6 1 1 1
   1397    9   12    7 1 1 1
   1398    9   12    8 1 1 1
   1399    9   12    9 1 1 1
   1400    9   12   10 1 1 1
   1401    9   13    1 1 1 1
   1402    9   13    2 1 1 1
   1403    9   13    3 1 1 1
   1404    9   13    4 1 1 1
   1405    9   13    5 1 1 1
   1406    9   13    6 1 1 1
   1407    9   13    7 1 1 1
   1408    9   13    8 1 1 1
   1409    9   13    9 1 1 1
   1410    9   13   10 1 1 1
   1411    9   14    1 1 1 1
   1412    9   14    2 1 1 1
   1413    9   14    3 1 1 1
   1414    9   14    4 1 1 1
   1415    9   14    5 1 1 1
   1416    9   14    6 1 1 1
   1417    9   14    7 1 1 1
   1418    9   14    8 1 1 1
   1419    9   14    9 1 1 1
   1420    9   14   10 1 1 1
   1421    9   15    1 1 1 1
   1422    9   15    2 1 1 1
   1423    9   15    3 1 1 1
   1424    9   15    4 1 1 1
   1425    9   15    5 1 1 1
   1426    9   15    6 1 1 1
   1427    9   15    7 1 1 1
   1428    9   15    8 1 1 1
   1429    9   15    9 1 1 1
   1430    9   15   10 1 1 1
   1431    9   16    1 1 1 1
   1432    9   16    2 1 1 1
   1433    9   16    3 1 1 1
   1434    9   16    4 1 1 1
   1435    9   16    5 1 1 1
   1436    9   16    6 1 1 1
   1437    9   16    7 1 1 1
   1438    9   16    8 1 1 1
   1439    9   16    9 1 1 1
   1440    9   16   10 1 1 1
   1441   10    1    1 1 1 1
   1442   10    1    2 1 1 1
   1443   10    1    3 1 1 1
   1444   10    1    4 1 1 1
   1445   10    1    5 1 1 1
   1446   10    1    6 1 1 1
   1447   10    1    7 1 1 1
   1448   10    1    8 1 1 1
   1449   10    1    9 1 1 1
   1450   10    1   10 1 1 1
   1451   10    2    1 1 1 1
   1452   10    2    2 1 1 1
   1453   10    2    3 1 1 1
   1454   10    2    4 1 1 1
   1455   10    2    5 1 1 1
   1456   10    2    6 1 1 1
   1457   10    2    7 1 1 1
   1458   10    2    8 1 1 1
   1459   10    2    9 1 1 1
   1460   10    2   10 1 1 1
   1461   10    3    1 1 1 1
   1462   10    3    2 1 1 1
   1463   10    3    3 1 1 1
   1464   10    3    4 1 1 1
   1465   10    3    5 1 1 1
   1466   10    3    6 1 1 1
   1467   10    3    7 1 1 1
   1468   10    3    8 1 1 1
   1469   10    3    9 1 1 1
   1470   10    3   10 1 1 1
   1471   10    4    1 1 1 1
   1472   10    4    2 1 1 1
   1473   10    4    3 1 1 1
   1474   10    4    4 1 1 1
   1475   10    4    5 1 1 1
   1476   10    4    6 1 1 1
   1477   10    4    7 1 1 1
   1478   10    4    8 1 1 1
   1479   10    4    9 1 1 1
   1480   10    4   10 1 1 1
   1481   10    5    1 1 1 1
   1482   10    5    2 1 1 1
   1483   10    5    3 1 1 1
   1484   10    5    4 1 1 1
   1485   10    5    5 1 1 1
   1486   10    5    6 1 1 1
   1487   10    5    7 1 1 1
   1488   10    5    8 1 1 1
   1489   10    5    9 1 1 1
   1490   10    5   10 1 1 1
   1491   10    6    1 1 1 1
   1492   10    6    2 1 1 1
   1493   10    6    3 1 1 1
   1494   10    6    4 1 1 1
   1495   10    6    5 1 1 1
   1496   10    6    6 1 1 1
   1497   10    6    7 1 1 1
   1498   10    6    8 1 1 1
   1499   10    6    9 1 1 1
   1500   10    6   10 1 1 1
   1501   10    7    1 1 1 1
   1502   10    7    2 1 1 1
   1503   10    7    3 1 1 1
   1504   10    7    4 1 1 1
   1505   10    7    5 1 1 1
   1506   10    7    6 1 1 1
   1507   10    7    7 1 1 1
   1508   10    7    8 1 1 1
   1509   10    7    9 1 1 1
   1510   10    7   10 1 1 1
   1511   10    8    1 1 1 1
   1512   10    8    2 1 1 1
   1513   10    8    3 1 1 1
   1514   10    8    4 1 1 1
   1515   10    8    5 1 1 1
   1516   10    8    6 1 1 1
   1517   10    8    7 1 1 1
   1518   10    8    8 1 1 1
   1519   10    8    9 1 1 1
   1520   10    8   10 1 1 1
   1521   10    9    1 1 1 1
   1522   10    9    2 1 1 1
   1523   10    9    3 1 1 1
   1524   10    9    4 1 1 1
   1525   10    9    5 1 1 1
   1526   10    9    6 1 1 1
   1527   10    9    7 1 1 1
   1528   10    9    8 1 1 1
   1529   10    9    9 1 1 1
   1530   10    9   10 1 1 1
   1531   10   10    1 1 1 1
   1532   10   10    2 1 1 1
   1533   10   10    3 1 1 1
   1534   10   10    4 1 1 1
   1535   10   10    5 1 1 1
   1536   10   10    6 1 1 1
   1537   10   10    7 1 1 1
   1538   10   10    8 1 1 1
   1539   10   10    9 1 1 1
   1540   10   10   10 1 1 1
   1541   10   11    1 1 1 1
   1542   10   11    2 1 1 1
   1543   10   11    3 1 1 1
   1544   10   11    4 1 1 1
   1545   10   11    5 1 1 1
   1546   10   11    6 1 1 1
   1547   10   11    7 1 1 1
   1548   10   11    8 1 1 1
   1549   10   11    9 1 1 1
   1550   10   11   10 1 1 1
   1551   10   12    1 1 1 1
   1552   10   12    2 1 1 1
   1553   10   12    3 1 1 1
   1554   10   12    4 1 1 1
   1555   10   12    5 1 1 1
   1556   10   12    6 1 1 1
   1557   10   12    7 1 1 1
   1558   10   12    8 1 1 1
   1559   10   12    9 1 1 1
   1560   10   12   10 1 1 1
   1561   10   13    1 1 1 1
   1562   10   13    2 1 1 1
   1563   10   13    3 1 1 1
   1564   10   13    4 1 1 1
   1565   10   13    5 1 1 1
   1566   10   13    6 1 1 1
   1567   10   13    7 1 1 1
   1568   10   13    8 1 1 1
   1569   10   13    9 1 1 1
   1570   10   13   10 1 1 1
   1571   10   14    1 1 1 1
   1572   10   14    2 1 1 1
   1573   10   14    3 1 1 1
   1574   10   14    4 1 1 1
   1575   10   14    5 1 1 1
   1576   10   14    6 1 1 1
   1577   10   14    7 1 1 1
   1578   10   14    8 1 1 1
   1579   10   14    9 1 1 1
   1580   10   14   10 1 1 1
   1581   10   15    1 1 1 1
   1582   10   15    2 1 1 1
   1583   10   15    3 1 1 1
   1584   10   15    4 1 1 1
   1585   10   15    5 1 1 1
   1586   10   15    6 1 1 1
   1587   10   15    7 1 1 1
   1588   10   15    8 1 1 1
   1589   10   15    9 1 1 1
   1590   10   15   10 1 1 1
   1591   10   16    1 1 1 1
   1592   10   16    2 1 1 1
   1593   10   16    3 1 1 1
   1594   10   16    4 1 1 1
   1595   10   16    5 1 1 1
   1596   10   16    6 1 1 1
   1597   10   16    7 1 1 1
   1598   10   16    8 1 1 1
   1599   10   16    9 1 1 1
   1600   10   16   10 1 1 1
   1601   11    1    1 1 1 1
   1602   11    1    2 1 1 1
   1603   11    1    3 1 1 1
   1604   11    1    4 1 1 1
   1605   11    1    5 1 1 1
   1606   11    1    6 1 1 1
   1607   11    1    7 1 1 1
   1608   11    1    8 1 1 1
   1609   11    1    9 1 1 1
   1610   11    1   10 1 1 1
   1611   11    2    1 1 1 1
   1612   11    2    2 1 1 1
   1613   11    2    3 1 1 1
   1614   11    2    4 1 1 1
   1615   11    2    5 1 1 1
   1616   11    2    6 1 1 1
   1617   11    2    7 1 1 1
   1618   11    2    8 1 1 1
   1619   11    2    9 1 1 1
   1620   11    2   10 1 1 1
   1621   11    3    1 1 1 1
   1622   11    3    2 1 1 1
   1623   11    3    3 1 1 1
   1624   11    3    4 1 1 1
   1625   11    3    5 1 1 1
   1626   11    3    6 1 1 1
   1627   11    3    7 1 1 1
   1628   11    3    8 1 1 1
   1629   11    3    9 1 1 1
   1630   11    3   10 1 1 1
   1631   11    4    1 1 1 1
   1632   11    4    2 1 1 1
   1633   11    4    3 1 1 1
   1634   11    4    4 1 1 1
   1635   11    4    5 1 1 1
   1636   11    4    6 1 1 1
   1637   11    4    7 1 1 1
   1638   11    4    8 1 1 1
   1639   11    4    9 1 1 1
   1640   11    4   10 1 1 1
   1641   11    5    1 1 1 1
   1642   11    5    2 1 1 1
   1643   11    5    3 1 1 1
   1644   11    5    4 1 1 1
   1645   11    5    5 1 1 1
   1646   11    5    6 1 1 1
   1647   11    5    7 1 1 1
   1648   11    5    8 1 1 1
   1649   11    5    9 1 1 1
   1650   11    5   10 1 1 1
   1651   11    6    1 1 1 1
   1652   11    6    2 1 1 1
   1653   11    6    3 1 1 1
   1654   11    6    4 1 1 1
   1655   11    6    5 1 1 1
   1656   11    6    6 1 1 1
   1657   11    6    7 1 1 1
   1658   11    6    8 1 1 1
   1659   11    6    9 1 1 1
   1660   11    6   10 1 1 1
   1661   11    7    1 1 1 1
   1662   11    7    2 1 1 1
   1663   11    7    3 1 1 1
   1664   11    7    4 1 1 1
   1665   11    7    5 1 1 1
   1666   11    7    6 1 1 1
   1667   11    7    7 1 1 1
   1668   11    7    8 1 1 1
   1669   11    7    9 1 1 1
   1670   11    7   10 1 1 1
   1671   11    8    1 1 1 1
   1672   11    8    2 1 1 1
   1673   11    8    3 1 1 1
   1674   11    8    4 1 1 1
   1675   11    8    5 1 1 1
   1676   11    8    6 1 1 1
   1677   11    8    7 1 1 1
   1678   11    8    8 1 1 1
   1679   11    8    9 1 1 1
   1680   11    8   10 1 1 1
   1681   11    9    1 1 1 1
   1682   11    9    2 1 1 1
   1683   11    9    3 1 1 1
   1684   11    9    4 1 1 1
   1685   11    9    5 1 1 1
   1686   11    9    6 1 1 1
   1687   11    9    7 1 1 1
   1688   11    9    8 1 1 1
   1689   11    9    9 1 1 1
   1690   11    9   10 1 1 1
   1691   11   10    1 1 1 1
   1692   11   10    2 1 1 1
   1693   11   10    3 1 1 1
   1694   11   10    4 1 1 1
   1695   11   10    5 1 1 1
   1696   11   10    6 1 1 1
   1697   11   10    7 1 1 1
   1698   11   10    8 1 1 1
   1699   11   10    9 1 1 1
   1700   11   10   10 1 1 1
   1701   11   11    1 1 1 1
   1702   11   11    2 1 1 1
   1703   11   11    3 1 1 1
   1704   11   11    4 1 1 1
   1705   11   11    5 1 1 1
   1706   11   11    6 1 1 1
   1707   11   11    7 1 1 1
   1708   11   11    8 1 1 1
   1709   11   11    9 1 1 1
   1710   11   11   10 1 1 1
   1711   11   12    1 1 1 1
   1712   11   12    2 1 1 1
   1713   11   12    3 1 1 1
   1714   11   12    4 1 1 1
   1715   11   12    5 1 1 1
   1716   11   12    6 1 1 1
   1717   11   12    7 1 1 1
   1718   11   12    8 1 1 1
   1719   11   12    9 1 1 1
   1720   11   12   10 1 1 1
   1721   11   13    1 1 1 1
   1722   11   13    2 1 1 1
   1723   11   13    3 1 1 1
   1724   11   13    4 1 1 1
   1725   11   13    5 1 1 1
   1726   11   13    6 1 1 1
   1727   11   13    7 1 1 1
   1728   11   13    8 1 1 1
   1729   11   13    9 1 1 1
   1730   11   13   10 1 1 1
   1731   11   14    1 1 1 1
   1732   11   14    2 1 1 1
   1733   11   14    3 1 1 1
   1734   11   14    4 1 1 1
   1735   11   14    5 1 1 1
   1736   11   14    6 1 1 1
   1737   11   14    7 1 1 1
   1738   11   14    8 1 1 1
   1739   11   14    9 1 1 1
   1740   11   14   10 1 1 1
   1741   11   15    1 1 1 1
   1742   11   15    2 1 1 1
   1743   11   15    3 1 1 1
   1744   11   15    4 1 1 1
   1745   11   15    5 1 1 1
   1746   11   15    6 1 1 1
   1747   11   15    7 1 1 1
   1748   11   15    8 1 1 1
   1749   11   15    9 1 1 1
   1750   11   15   10 1 1 1
   1751   11   16    1 1 1 1
   1752   11   16    2 1 1 1
   1753   11   16    3 1 1 1
   1754   11   16    4 1 1 1
   1755   11   16    5 1 1 1
   1756   11   16    6 1 1 1
   1757   11   16    7 1 1 1
   1758   11   16    8 1 1 1
   1759   11   16    9 1 1 1
   1760   11   16   10 1 1 1
   1761   12    1    1 1 1 1
   1762   12    1    2 1 1 1
   1763   12    1    3 1 1 1
   1764   12    1    4 1 1 1
   1765   12    1    5 1 1 1
   1766   12    1    6 1 1 1
   1767   12    1    7 1 1 1
   1768   12    1    8 1 1 1
   1769   12    1    9 1 1 1
   1770   12    1   10 1 1 1
   1771   12    2    1 1 1 1
   1772   12    2    2 1 1 1
   1773   12    2    3 1 1 1
   1774   12    2    4 1 1 1
   1775   12    2    5 1 1 1
   1776   12    2    6 1 1 1
   1777   12    2    7 1 1 1
   1778   12    2    8 1 1 1
   1779   12    2    9 1 1 1
   1780   12    2   10 1 1 1
   1781   12    3    1 1 1 1
   1782   12    3    2 1 1 1
   1783   12    3    3 1 1 1
   1784   12    3    4 1 1 1
   1785   12    3    5 1 1 1
   1786   12    3    6 1 1 1
   1787   12    3    7 1 1 1
   1788   12    3    8 1 1 1
   1789   12    3    9 1 1 1
   1790   12    3   10 1 1 1
   1791   12    4    1 1 1 1
   1792   12    4    2 1 1 1
   1793   12    4    3 1 1 1
   1794   12    4    4 1 1 1
   1795   12    4    5 1 1 1
   1796   12    4    6 1 1 1
   1797   12    4    7 1 1 1
   1798   12    4    8 1 1 1
   1799   12    4    9 1 1 1
   1800   12    4   10 1 1 1
   1801   12    5    1 1 1 1
   1802   12    5    2 1 1 1
   1803   12    5    3 1 1 1
   1804   12    5    4 1 1 1
   1805   12    5    5 1 1 1
   1806   12    5    6 1 1 1
   1807   12    5    7 1 1 1
   1808   12    5    8 1 1 1
   1809   12    5    9 1 1 1
   1810   12    5   10 1 1 1
   1811   12    6    1 1 1 1
   1812   12    6    2 1 1 1
   1813   12    6    3 1 1 1
   1814   12    6    4 1 1 1
   1815   12    6    5 1 1 1
   1816   12    6    6 1 1 1
   1817   12    6    7 1 1 1
   1818   12    6    8 1 1 1
   1819   12    6    9 1 1 1
   1820   12    6   10 1 1 1
   1821   12    7    1 1 1 1
   1822   12    7    2 1 1 1
   1823   12    7    3 1 1 1
   1824   12    7    4 1 1 1
   1825   12    7    5 1 1 1
   1826   12    7    6 1 1 1
   1827   12    7    7 1 1 1
   1828   12    7    8 1 1 1
   1829   12    7    9 1 1 1
   1830   12    7   10 1 1 1
   1831   12    8    1 1 1 1
   1832   12    8    2 1 1 1
   1833   12    8    3 1 1 1
   1834   12    8    4 1 1 1
   1835   12    8    5 1 1 1
   1836   12    8    6 1 1 1
   1837   12    8    7 1 1 1
   1838   12    8    8 1 1 1
   1839   12    8    9 1 1 1
   1840   12    8   10 1 1 1
   1841   12    9    1 1 1 1
   1842   12    9    2 1 1 1
   1843   12    9    3 1 1 1
   1844   12    9    4 1 1 1
   1845   12    9    5 1 1 1
   1846   12    9    6 1 1 1
   1847   12    9    7 1 1 1
   1848   12    9    8 1 1 1
   1849   12    9    9 1 1 1
   1850   12    9   10 1 1 1
   1851   12   10    1 1 1 1
   1852   12   10    2 1 1 1
   1853   12   10    3 1 1 1
   1854   12   10    4 1 1 1
   1855   12   10    5 1 1 1
   1856   12   10    6 1 1 1
   1857   12   10    7 1 1 1
   1858   12   10    8 1 1 1
   1859   12   10    9 1 1 1
   1860   12   10   10 1 1 1
   1861   12   11    1 1 1 1
   1862   12   11    2 1 1 1
   1863   12   11    3 1 1 1
   1864   12   11    4 1 1 1
   1865   12   11    5 1 1 1
   1866   12   11    6 1 1 1
   1867   12   11    7 1 1 1
   1868   12   11    8 1 1 1
   1869   12   11    9 1 1 1
   1870   12   11   10 1 1 1
   1871   12   12    1 1 1 1
   1872   12   12    2 1 1 1
   1873   12   12    3 1 1 1
   1874   12   12    4 1 1 1
   1875   12   12    5 1 1 1
   1876   12   12    6 1 1 1
   1877   12   12    7 1 1 1
   1878   12   12    8 1 1 1
   1879   12   12    9 1 1 1
   1880   12   12   10 1 1 1
   1881   12   13    1 1 1 1
   1882   12   13    2 1 1 1
   1883   12   13    3 1 1 1
   1884   12   13    4 1 1 1
   1885   12   13    5 1 1 1
   1886   12   13    6 1 1 1
   1887   12   13    7 1 1 1
   1888   12   13    8 1 1 1
   1889   12   13    9 1 1 1
   1890   12   13   10 1 1 1
   1891   12   14    1 1 1 1
   1892   12   14    2 1 1 1
   1893   12   14    3 1 1 1
   1894   12   14    4 1 1 1
   1895   12   14    5 1 1 1
   1896   12   14    6 1 1 1
   1897   12   14    7 1 1 1
   1898   12   14    8 1 1 1
   1899   12   14    9 1 1 1
   1900   12   14   10 1 1 1
   1901   12   15    1 1 1 1
   1902   12   15    2 1 1 1
   1903   12   15    3 1 1 1
   1904   12   15    4 1 1 1
   1905   12   15    5 1 1 1
   1906   12   15    6 1 1 1
   1907   12   15    7 1 1 1
   1908   12   15    8 1 1 1
   1909   12   15    9 1 1 1
   1910   12   15   10 1 1 1
   1911   12   16    1 1 1 1
   1912   12   16    2 1 1 1
   1913   12   16    3 1 1 1
   1914   12   16    4 1 1 1
   1915   12   16    5 1 1 1
   1916   12   16    6 1 1 1
   1917   12   16    7 1 1 1
   1918   12   16    8 1 1 1
   1919   12   16    9 1 1 1
   1920   12   16   10 1 1 1
   1921   13    1    1 1 1 1
   1922   13    1    2 1 1 1
   1923   13    1    3 1 1 1
   1924   13    1    4 1 1 1
   1925   13    1    5 1 1 1
   1926   13    1    6 1 1 1
   1927   13    1    7 1 1 1
   1928   13    1    8 1 1 1
   1929   13    1    9 1 1 1
   1930   13    1   10 1 1 1
   1931   13    2    1 1 1 1
   1932   13    2    2 1 1 1
   1933   13    2    3 1 1 1
   1934   13    2    4 1 1 1
   1935   13    2    5 1 1 1
   1936   13    2    6 1 1 1
   1937   13    2    7 1 1 1
   1938   13    2    8 1 1 1
   1939   13    2    9 1 1 1
   1940   13    2   10 1 1 1
   1941   13    3    1 1 1 1
   1942   13    3    2 1 1 1
   1943   13    3    3 1 1 1
   1944   13    3    4 1 1 1
   1945   13    3    5 1 1 1
   1946   13    3    6 1 1 1
   1947   13    3    7 1 1 1
   1948   13    3    8 1 1 1
   1949   13    3    9 1 1 1
   1950   13    3   10 1 1 1
   1951   13    4    1 1 1 1
   1952   13    4    2 1 1 1
   1953   13    4    3 1 1 1
   1954   13    4    4 1 1 1
   1955   13    4    5 1 1 1
   1956   13    4    6 1 1 1
   1957   13    4    7 1 1 1
   1958   13    4    8 1 1 1
   1959   13    4    9 1 1 1
   1960   13    4   10 1 1 1
   1961   13    5    1 1 1 1
   1962   13    5    2 1 1 1
   1963   13    5    3 1 1 1
   1964   13    5    4 1 1 1
   1965   13    5    5 1 1 1
   1966   13    5    6 1 1 1
   1967   13    5    7 1 1 1
   1968   13    5    8 1 1 1
   1969   13    5    9 1 1 1
   1970   13    5   10 1 1 1
   1971   13    6    1 1 1 1
   1972   13    6    2 1 1 1
   1973   13    6    3 1 1 1
   1974   13    6    4 1 1 1
   1975   13    6    5 1 1 1
   1976   13    6    6 1 1 1
   1977   13    6    7 1 1 1
   1978   13    6    8 1 1 1
   1979   13    6    9 1 1 1
   1980   13    6   10 1 1 1
   1981   13    7    1 1 1 1
   1982   13    7    2 1 1 1
   1983   13    7    3 1 1 1
   1984   13    7    4 1 1 1
   1985   13    7    5 1 1 1
   1986   13    7    6 1 1 1
   1987   13    7    7 1 1 1
   1988   13    7    8 1 1 1
   1989   13    7    9 1 1 1
   1990   13    7   10 1 1 1
   1991   13    8    1 1 1 1
   1992   13    8    2 1 1 1
   1993   13    8    3 1 1 1
   1994   13    8    4 1 1 1
   1995   13    8    5 1 1 1
   1996   13    8    6 1 1 1
   1997   13    8    7 1 1 1
   1998   13    8    8 1 1 1
   1999   13    8    9 1 1 1
   2000   13    8   10 1 1 1
   2001   13    9    1 1 1 1
   2002   13    9    2 1 1 1
   2003   13    9    3 1 1 1
   2004   13    9    4 1 1 1
   2005   13    9    5 1 1 1
   2006   13    9    6 1 1 1
   2007   13    9    7 1 1 1
   2008   13    9    8 1 1 1
   2009   13    9    9 1 1 1
   2010   13    9   10 1 1 1
   2011   13   10    1 1 1 1
   2012   13   10    2 1 1 1
   2013   13   10    3 1 1 1
   2014   13   10    4 1 1 1
   2015   13   10    5 1 1 1
   2016   13   10    6 1 1 1
   2017   13   10    7 1 1 1
   2018   13   10    8 1 1 1
   2019   13   10    9 1 1 1
   2020   13   10   10 1 1 1
   2021   13   11    1 1 1 1
   2022   13   11    2 1 1 1
   2023   13   11    3 1 1 1
   2024   13   11    4 1 1 1
   2025   13   11    5 1 1 1
   2026   13   11    6 1 1 1
   2027   13   11    7 1 1 1
   2028   13   11    8 1 1 1
   2029   13   11    9 1 1 1
   2030   13   11   10 1 1 1
   2031   13   12    1 1 1 1
   2032   13   12    2 1 1 1
   2033   13   12    3 1 1 1
   2034   13   12    4 1 1 1
   2035   13   12    5 1 1 1
   2036   13   12    6 1 1 1
   2037   13   12    7 1 1 1
   2038   13   12    8 1 1 1
   2039   13   12    9 1 1 1
   2040   13   12   10 1 1 1
   2041   13   13    1 1 1 1
   2042   13   13    2 1 1 1
   2043   13   13    3 1 1 1
   2044   13   13    4 1 1 1
   2045   13   13    5 1 1 1
   2046   13   13    6 1 1 1
   2047   13   13    7 1 1 1
   2048   13   13    8 1 1 1
   2049   13   13    9 1 1 1
   2050   13   13   10 1 1 1
   2051   13   14    1 1 1 1
   2052   13   14    2 1 1 1
   2053   13   14    3 1 1 1
   2054   13   14    4 1 1 1
   2055   13   14    5 1 1 1
   2056   13   14    6 1 1 1
   2057   13   14    7 1 1 1
   2058   13   14    8 1 1 1
   2059   13   14    9 1 1 1
   2060   13   14   10 1 1 1
   2061   13   15    1 1 1 1
   2062   13   15    2 1 1 1
   2063   13   15    3 1 1 1
   2064   13   15    4 1 1 1
   2065   13   15    5 1 1 1
   2066   13   15    6 1 1 1
   2067   13   15    7 1 1 1
   2068   13   15    8 1 1 1
   2069   13   15    9 1 1 1
   2070   13   15   10 1 1 1
   2071   13   16    1 1 1 1
   2072   13   16    2 1 1 1
   2073   13   16    3 1 1 1
   2074   13   16    4 1 1 1
   2075   13   16    5 1 1 1
   2076   13   16    6 1 1 1
   2077   13   16    7 1 1 1
   2078   13   16    8 1 1 1
   2079   13   16    9 1 1 1
   2080   13   16   10 1 1 1
   2081   14    1    1 1 1 1
   2082   14    1    2 1 1 1
   2083   14    1    3 1 1 1
   2084   14    1    4 1 1 1
   2085   14    1    5 1 1 1
   2086   14    1    6 1 1 1
   2087   14    1    7 1 1 1
   2088   14    1    8 1 1 1
   2089   14    1    9 1 1 1
   2090   14    1   10 1 1 1
   2091   14    2    1 1 1 1
   2092   14    2    2 1 1 1
   2093   14    2    3 1 1 1
   2094   14    2    4 1 1 1
   2095   14    2    5 1 1 1
   2096   14    2    6 1 1 1
   2097   14    2    7 1 1 1
   2098   14    2    8 1 1 1
   2099   14    2    9 1 1 1
   2100   14    2   10 1 1 1
   2101   14    3    1 1 1 1
   2102   14    3    2 1 1 1
   2103   14    3    3 1 1 1
   2104   14    3    4 1 1 1
   2105   14    3    5 1 1 1
   2106   14    3    6 1 1 1
   2107   14    3    7 1 1 1
   2108   14    3    8 1 1 1
   2109   14    3    9 1 1 1
   2110   14    3   10 1 1 1
   2111   14    4    1 1 1 1
   2112   14    4    2 1 1 1
   2113   14    4    3 1 1 1
   2114   14    4    4 1 1 1
   2115   14    4    5 1 1 1
   2116   14    4    6 1 1 1
   2117   14    4    7 1 1 1
   2118   14    4    8 1 1 1
   2119   14    4    9 1 1 1
   2120   14    4   10 1 1 1
   2121   14    5    1 1 1 1
   2122   14    5    2 1 1 1
   2123   14    5    3 1 1 1
   2124   14    5    4 1 1 1
   2125   14    5    5 1 1 1
   2126   14    5    6 1 1 1
   2127   14    5    7 1 1 1
   2128   14    5    8 1 1 1
   2129   14    5    9 1 1 1
   2130   14    5   10 1 1 1
   2131   14    6    1 1 1 1
   2132   14    6    2 1 1 1
   2133   14    6    3 1 1 1
   2134   14    6    4 1 1 1
   2135   14    6    5 1 1 1
   2136   14    6    6 1 1 1
   2137   14    6    7 1 1 1
   2138   14    6    8 1 1 1
   2139   14    6    9 1 1 1
   2140   14    6   10 1 1 1
   2141   14    7    1 1 1 1
   2142   14    7    2 1 1 1
   2143   14    7    3 1 1 1
   2144   14    7    4 1 1 1
   2145   14    7    5 1 1 1
   2146   14    7    6 1 1 1
   2147   14    7    7 1 1 1
   2148   14    7    8 1 1 1
   2149   14    7    9 1 1 1
   2150   14    7   10 1 1 1
   2151   14    8    1 1 1 1
   2152   14    8    2 1 1 1
   2153   14    8    3 1 1 1
   2154   14    8    4 1 1 1
   2155   14    8    5 1 1 1
   2156   14    8    6 1 1 1
   2157   14    8    7 1 1 1
   2158   14    8    8 1 1 1
   2159   14    8    9 1 1 1
   2160   14    8   10 1 1 1
   2161   14    9    1 1 1 1
   2162   14    9    2 1 1 1
   2163   14    9    3 1 1 1
   2164   14    9    4 1 1 1
   2165   14    9    5 1 1 1
   2166   14    9    6 1 1 1
   2167   14    9    7 1 1 1
   2168   14    9    8 1 1 1
   2169   14    9    9 1 1 1
   2170   14    9   10 1 1 1
   2171   14   10    1 1 1 1
   2172   14   10    2 1 1 1
   2173   14   10    3 1 1 1
   2174   14   10    4 1 1 1
   2175   14   10    5 1 1 1
   2176   14   10    6 1 1 1
   2177   14   10    7 1 1 1
   2178   14   10    8 1 1 1
   2179   14   10    9 1 1 1
   2180   14   10   10 1 1 1
   2181   14   11    1 1 1 1
   2182   14   11    2 1 1 1
   2183   14   11    3 1 1 1
   2184   14   11    4 1 1 1
   2185   14   11    5 1 1 1
   2186   14   11    6 1 1 1
   2187   14   11    7 1 1 1
   2188   14   11    8 1 1 1
   2189   14   11    9 1 1 1
   2190   14   11   10 1 1 1
   2191   14   12    1 1 1 1
   2192   14   12    2 1 1 1
   2193   14   12    3 1 1 1
   2194   14   12    4 1 1 1
   2195   14   12    5 1 1 1
   2196   14   12    6 1 1 1
   2197   14   12    7 1 1 1
   2198   14   12    8 1 1 1
   2199   14   12    9 1 1 1
   2200   14   12   10 1 1 1
   2201   14   13    1 1 1 1
   2202   14   13    2 1 1 1
   2203   14   13    3 1 1 1
   2204   14   13    4 1 1 1
   2205   14   13    5 1 1 1
   2206   14   13    6 1 1 1
   2207   14   13    7 1 1 1
   2208   14   13    8 1 1 1
   2209   14   13    9 1 1 1
   2210   14   13   10 1 1 1
   2211   14   14    1 1 1 1
   2212   14   14    2 1 1 1
   2213   14   14    3 1 1 1
   2214   14   14    4 1 1 1
   2215   14   14    5 1 1 1
   2216   14   14    6 1 1 1
   2217   14   14    7 1 1 1
   2218   14   14    8 1 1 1
   2219   14   14    9 1 1 1
   2220   14   14   10 1 1 1
   2221   14   15    1 1 1 1
   2222   14   15    2 1 1 1
   2223   14   15    3 1 1 1
   2224   14   15    4 1 1 1
   2225   14   15    5 1 1 1
   2226   14   15    6 1 1 1
   2227   14   15    7 1 1 1
   2228   14   15    8 1 1 1
   2229   14   15    9 1 1 1
   2230   14   15   10 1 1 1
   2231   14   16    1 1 1 1
   2232   14   16    2 1 1 1
   2233   14   16    3 1 1 1
   2234   14   16    4 1 1 1
   2235   14   16    5 1 1 1
   2236   14   16    6 1 1 1
   2237   14   16    7 1 1 1
   2238   14   16    8 1 1 1
   2239   14   16    9 1 1 1
   2240   14   16   10 1 1 1
