 >REASHP: option FROM_FILE
      2512 = NAT
  1.000000  0.000000  0.000000 = A_1 vector
  0.000000  1.000000  0.000000 = A_2 vector
  1.000000  1.000000  1.000000 = lattice spacings (d_x,d_y,d_z)/d
  -0.00000  -0.00000  -0.00000 = lattice offset x0(1-3) = (x_TF,y_TF,z_TF)/d for dipole 0 0 0
     JA  IX  IY  IZ ICOMP(x,y,z)
      1    1    5    7 1 1 1
      2    1    5    8 1 1 1
      3    1    5    9 1 1 1
      4    1    5   10 1 1 1
      5    1    6    6 1 1 1
      6    1    6    7 1 1 1
      7    1    6    8 1 1 1
      8    1    6    9 1 1 1
      9    1    6   10 1 1 1
     10    1    6   12 1 1 1
     11    1    7    5 1 1 1
     12    1    7    6 1 1 1
     13    1    7    7 1 1 1
     14    1    7    8 1 1 1
     15    1    7    9 1 1 1
     16    1    7   10 1 1 1
     17    1    7   12 1 1 1
     18    1    7   13 1 1 1
     19    1    8    5 1 1 1
     20    1    8    6 1 1 1
     21    1    8    7 1 1 1
     22    1    8    8 1 1 1
     23    1    8    9 1 1 1
     24    1    8   10 1 1 1
     25    1    8   12 1 1 1
     26    1    8   13 1 1 1
     27    1    9    5 1 1 1
     28    1    9    6 1 1 1
     29    1    9    7 1 1 1
     30    1    9    8 1 1 1
     31    1    9    9 1 1 1
     32    1    9   10 1 1 1
     33    1    9   12 1 1 1
     34    1    9   13 1 1 1
     35    1   10    5 1 1 1
     36    1   10    6 1 1 1
     37    1   10    7 1 1 1
     38    1   10    8 1 1 1
     39    1   10    9 1 1 1
     40    1   10   10 1 1 1
     41    1   10   12 1 1 1
     42    1   10   13 1 1 1
     43    1   12    6 1 1 1
     44    1   12    7 1 1 1
     45    1   12    8 1 1 1
     46    1   12    9 1 1 1
     47    1   12   10 1 1 1
     48    1   12   12 1 1 1
     49    1   13    7 1 1 1
     50    1   13    8 1 1 1
     51    1   13    9 1 1 1
     52    1   13   10 1 1 1
     53    2    4    6 1 1 1
     54    2    4    7 1 1 1
     55    2    4    8 1 1 1
     56    2    4    9 1 1 1
     57    2    4   10 1 1 1
     58    2    4   12 1 1 1
     59    2    5    5 1 1 1
     60    2    5    6 1 1 1
     61    2    5    7 1 1 1
     62    2    5    8 1 1 1
     63    2    5    9 1 1 1
     64    2    5   10 1 1 1
     65    2    5   12 1 1 1
     66    2    5   13 1 1 1
     67    2    6    4 1 1 1
     68    2    6    5 1 1 1
     69    2    6    6 1 1 1
     70    2    6    7 1 1 1
     71    2    6    8 1 1 1
     72    2    6    9 1 1 1
     73    2    6   10 1 1 1
     74    2    6   12 1 1 1
     75    2    6   13 1 1 1
     76    2    6   14 1 1 1
     77    2    7    4 1 1 1
     78    2    7    5 1 1 1
     79    2    7    6 1 1 1
     80    2    7    7 1 1 1
     81    2    7    8 1 1 1
     82    2    7    9 1 1 1
     83    2    7   10 1 1 1
     84    2    7   12 1 1 1
     85    2    7   13 1 1 1
     86    2    7   14 1 1 1
     87    2    8    4 1 1 1
     88    2    8    5 1 1 1
     89    2    8    6 1 1 1
     90    2    8    7 1 1 1
     91    2    8    8 1 1 1
     92    2    8    9 1 1 1
     93    2    8   10 1 1 1
     94    2    8   12 1 1 1
     95    2    8   13 1 1 1
     96    2    8   14 1 1 1
     97    2    9    4 1 1 1
     98    2    9    5 1 1 1
     99    2    9    6 1 1 1
    100    2    9    7 1 1 1
    101    2    9    8 1 1 1
    102    2    9    9 1 1 1
    103    2    9   10 1 1 1
    104    2    9   12 1 1 1
    105    2    9   13 1 1 1
    106    2    9   14 1 1 1
    107    2   10    4 1 1 1
    108    2   10    5 1 1 1
    109    2   10    6 1 1 1
    110    2   10    7 1 1 1
    111    2   10    8 1 1 1
    112    2   10    9 1 1 1
    113    2   10   10 1 1 1
    114    2   10   12 1 1 1
    115    2   10   13 1 1 1
    116    2   10   14 1 1 1
    117    2   12    4 1 1 1
    118    2   12    5 1 1 1
    119    2   12    6 1 1 1
    120    2   12    7 1 1 1
    121    2   12    8 1 1 1
    122    2   12    9 1 1 1
    123    2   12   10 1 1 1
    124    2   12   12 1 1 1
    125    2   12   13 1 1 1
    126    2   12   14 1 1 1
    127    2   13    5 1 1 1
    128    2   13    6 1 1 1
    129    2   13    7 1 1 1
    130    2   13    8 1 1 1
    131    2   13    9 1 1 1
    132    2   13   10 1 1 1
    133    2   13   12 1 1 1
    134    2   13   13 1 1 1
    135    2   14    6 1 1 1
    136    2   14    7 1 1 1
    137    2   14    8 1 1 1
    138    2   14    9 1 1 1
    139    2   14   10 1 1 1
    140    2   14   12 1 1 1
    141    3    3    6 1 1 1
    142    3    3    7 1 1 1
    143    3    3    8 1 1 1
    144    3    3    9 1 1 1
    145    3    3   10 1 1 1
    146    3    3   12 1 1 1
    147    3    4    4 1 1 1
    148    3    4    5 1 1 1
    149    3    4    6 1 1 1
    150    3    4    7 1 1 1
    151    3    4    8 1 1 1
    152    3    4    9 1 1 1
    153    3    4   10 1 1 1
    154    3    4   12 1 1 1
    155    3    4   13 1 1 1
    156    3    4   14 1 1 1
    157    3    5    4 1 1 1
    158    3    5    5 1 1 1
    159    3    5    6 1 1 1
    160    3    5    7 1 1 1
    161    3    5    8 1 1 1
    162    3    5    9 1 1 1
    163    3    5   10 1 1 1
    164    3    5   12 1 1 1
    165    3    5   13 1 1 1
    166    3    5   14 1 1 1
    167    3    6    3 1 1 1
    168    3    6    4 1 1 1
    169    3    6    5 1 1 1
    170    3    6    6 1 1 1
    171    3    6    7 1 1 1
    172    3    6    8 1 1 1
    173    3    6    9 1 1 1
    174    3    6   10 1 1 1
    175    3    6   12 1 1 1
    176    3    6   13 1 1 1
    177    3    6   14 1 1 1
    178    3    6   15 1 1 1
    179    3    7    3 1 1 1
    180    3    7    4 1 1 1
    181    3    7    5 1 1 1
    182    3    7    6 1 1 1
    183    3    7    7 1 1 1
    184    3    7    8 1 1 1
    185    3    7    9 1 1 1
    186    3    7   10 1 1 1
    187    3    7   12 1 1 1
    188    3    7   13 1 1 1
    189    3    7   14 1 1 1
    190    3    7   15 1 1 1
    191    3    8    3 1 1 1
    192    3    8    4 1 1 1
    193    3    8    5 1 1 1
    194    3    8    6 1 1 1
    195    3    8    7 1 1 1
    196    3    8    8 1 1 1
    197    3    8    9 1 1 1
    198    3    8   10 1 1 1
    199    3    8   12 1 1 1
    200    3    8   13 1 1 1
    201    3    8   14 1 1 1
    202    3    8   15 1 1 1
    203    3    9    3 1 1 1
    204    3    9    4 1 1 1
    205    3    9    5 1 1 1
    206    3    9    6 1 1 1
    207    3    9    7 1 1 1
    208    3    9    8 1 1 1
    209    3    9    9 1 1 1
    210    3    9   10 1 1 1
    211    3    9   12 1 1 1
    212    3    9   13 1 1 1
    213    3    9   14 1 1 1
    214    3    9   15 1 1 1
    215    3   10    3 1 1 1
    216    3   10    4 1 1 1
    217    3   10    5 1 1 1
    218    3   10    6 1 1 1
    219    3   10    7 1 1 1
    220    3   10    8 1 1 1
    221    3   10    9 1 1 1
    222    3   10   10 1 1 1
    223    3   10   12 1 1 1
    224    3   10   13 1 1 1
    225    3   10   14 1 1 1
    226    3   10   15 1 1 1
    227    3   12    3 1 1 1
    228    3   12    4 1 1 1
    229    3   12    5 1 1 1
    230    3   12    6 1 1 1
    231    3   12    7 1 1 1
    232    3   12    8 1 1 1
    233    3   12    9 1 1 1
    234    3   12   10 1 1 1
    235    3   12   12 1 1 1
    236    3   12   13 1 1 1
    237    3   12   14 1 1 1
    238    3   12   15 1 1 1
    239    3   13    4 1 1 1
    240    3   13    5 1 1 1
    241    3   13    6 1 1 1
    242    3   13    7 1 1 1
    243    3   13    8 1 1 1
    244    3   13    9 1 1 1
    245    3   13   10 1 1 1
    246    3   13   12 1 1 1
    247    3   13   13 1 1 1
    248    3   13   14 1 1 1
    249    3   14    4 1 1 1
    250    3   14    5 1 1 1
    251    3   14    6 1 1 1
    252    3   14    7 1 1 1
    253    3   14    8 1 1 1
    254    3   14    9 1 1 1
    255    3   14   10 1 1 1
    256    3   14   12 1 1 1
    257    3   14   13 1 1 1
    258    3   14   14 1 1 1
    259    3   15    6 1 1 1
    260    3   15    7 1 1 1
    261    3   15    8 1 1 1
    262    3   15    9 1 1 1
    263    3   15   10 1 1 1
    264    3   15   12 1 1 1
    265    4    2    6 1 1 1
    266    4    2    7 1 1 1
    267    4    2    8 1 1 1
    268    4    2    9 1 1 1
    269    4    2   10 1 1 1
    270    4    2   12 1 1 1
    271    4    3    4 1 1 1
    272    4    3    5 1 1 1
    273    4    3    6 1 1 1
    274    4    3    7 1 1 1
    275    4    3    8 1 1 1
    276    4    3    9 1 1 1
    277    4    3   10 1 1 1
    278    4    3   12 1 1 1
    279    4    3   13 1 1 1
    280    4    3   14 1 1 1
    281    4    4    3 1 1 1
    282    4    4    4 1 1 1
    283    4    4    5 1 1 1
    284    4    4    6 1 1 1
    285    4    4    7 1 1 1
    286    4    4    8 1 1 1
    287    4    4    9 1 1 1
    288    4    4   10 1 1 1
    289    4    4   12 1 1 1
    290    4    4   13 1 1 1
    291    4    4   14 1 1 1
    292    4    4   15 1 1 1
    293    4    5    3 1 1 1
    294    4    5    4 1 1 1
    295    4    5    5 1 1 1
    296    4    5    6 1 1 1
    297    4    5    7 1 1 1
    298    4    5    8 1 1 1
    299    4    5    9 1 1 1
    300    4    5   10 1 1 1
    301    4    5   12 1 1 1
    302    4    5   13 1 1 1
    303    4    5   14 1 1 1
    304    4    5   15 1 1 1
    305    4    6    2 1 1 1
    306    4    6    3 1 1 1
    307    4    6    4 1 1 1
    308    4    6    5 1 1 1
    309    4    6    6 1 1 1
    310    4    6    7 1 1 1
    311    4    6    8 1 1 1
    312    4    6    9 1 1 1
    313    4    6   10 1 1 1
    314    4    6   12 1 1 1
    315    4    6   13 1 1 1
    316    4    6   14 1 1 1
    317    4    6   15 1 1 1
    318    4    6   16 1 1 1
    319    4    7    2 1 1 1
    320    4    7    3 1 1 1
    321    4    7    4 1 1 1
    322    4    7    5 1 1 1
    323    4    7    6 1 1 1
    324    4    7    7 1 1 1
    325    4    7    8 1 1 1
    326    4    7    9 1 1 1
    327    4    7   10 1 1 1
    328    4    7   12 1 1 1
    329    4    7   13 1 1 1
    330    4    7   14 1 1 1
    331    4    7   15 1 1 1
    332    4    7   16 1 1 1
    333    4    8    2 1 1 1
    334    4    8    3 1 1 1
    335    4    8    4 1 1 1
    336    4    8    5 1 1 1
    337    4    8    6 1 1 1
    338    4    8    7 1 1 1
    339    4    8    8 1 1 1
    340    4    8    9 1 1 1
    341    4    8   10 1 1 1
    342    4    8   12 1 1 1
    343    4    8   13 1 1 1
    344    4    8   14 1 1 1
    345    4    8   15 1 1 1
    346    4    8   16 1 1 1
    347    4    9    2 1 1 1
    348    4    9    3 1 1 1
    349    4    9    4 1 1 1
    350    4    9    5 1 1 1
    351    4    9    6 1 1 1
    352    4    9    7 1 1 1
    353    4    9    8 1 1 1
    354    4    9    9 1 1 1
    355    4    9   10 1 1 1
    356    4    9   12 1 1 1
    357    4    9   13 1 1 1
    358    4    9   14 1 1 1
    359    4    9   15 1 1 1
    360    4    9   16 1 1 1
    361    4   10    2 1 1 1
    362    4   10    3 1 1 1
    363    4   10    4 1 1 1
    364    4   10    5 1 1 1
    365    4   10    6 1 1 1
    366    4   10    7 1 1 1
    367    4   10    8 1 1 1
    368    4   10    9 1 1 1
    369    4   10   10 1 1 1
    370    4   10   12 1 1 1
    371    4   10   13 1 1 1
    372    4   10   14 1 1 1
    373    4   10   15 1 1 1
    374    4   10   16 1 1 1
    375    4   12    2 1 1 1
    376    4   12    3 1 1 1
    377    4   12    4 1 1 1
    378    4   12    5 1 1 1
    379    4   12    6 1 1 1
    380    4   12    7 1 1 1
    381    4   12    8 1 1 1
    382    4   12    9 1 1 1
    383    4   12   10 1 1 1
    384    4   12   12 1 1 1
    385    4   12   13 1 1 1
    386    4   12   14 1 1 1
    387    4   12   15 1 1 1
    388    4   12   16 1 1 1
    389    4   13    3 1 1 1
    390    4   13    4 1 1 1
    391    4   13    5 1 1 1
    392    4   13    6 1 1 1
    393    4   13    7 1 1 1
    394    4   13    8 1 1 1
    395    4   13    9 1 1 1
    396    4   13   10 1 1 1
    397    4   13   12 1 1 1
    398    4   13   13 1 1 1
    399    4   13   14 1 1 1
    400    4   13   15 1 1 1
    401    4   14    3 1 1 1
    402    4   14    4 1 1 1
    403    4   14    5 1 1 1
    404    4   14    6 1 1 1
    405    4   14    7 1 1 1
    406    4   14    8 1 1 1
    407    4   14    9 1 1 1
    408    4   14   10 1 1 1
    409    4   14   12 1 1 1
    410    4   14   13 1 1 1
    411    4   14   14 1 1 1
    412    4   14   15 1 1 1
    413    4   15    4 1 1 1
    414    4   15    5 1 1 1
    415    4   15    6 1 1 1
    416    4   15    7 1 1 1
    417    4   15    8 1 1 1
    418    4   15    9 1 1 1
    419    4   15   10 1 1 1
    420    4   15   12 1 1 1
    421    4   15   13 1 1 1
    422    4   15   14 1 1 1
    423    4   16    6 1 1 1
    424    4   16    7 1 1 1
    425    4   16    8 1 1 1
    426    4   16    9 1 1 1
    427    4   16   10 1 1 1
    428    4   16   12 1 1 1
    429    5    1    7 1 1 1
    430    5    1    8 1 1 1
    431    5    1    9 1 1 1
    432    5    1   10 1 1 1
    433    5    2    5 1 1 1
    434    5    2    6 1 1 1
    435    5    2    7 1 1 1
    436    5    2    8 1 1 1
    437    5    2    9 1 1 1
    438    5    2   10 1 1 1
    439    5    2   12 1 1 1
    440    5    2   13 1 1 1
    441    5    3    4 1 1 1
    442    5    3    5 1 1 1
    443    5    3    6 1 1 1
    444    5    3    7 1 1 1
    445    5    3    8 1 1 1
    446    5    3    9 1 1 1
    447    5    3   10 1 1 1
    448    5    3   12 1 1 1
    449    5    3   13 1 1 1
    450    5    3   14 1 1 1
    451    5    4    3 1 1 1
    452    5    4    4 1 1 1
    453    5    4    5 1 1 1
    454    5    4    6 1 1 1
    455    5    4    7 1 1 1
    456    5    4    8 1 1 1
    457    5    4    9 1 1 1
    458    5    4   10 1 1 1
    459    5    4   12 1 1 1
    460    5    4   13 1 1 1
    461    5    4   14 1 1 1
    462    5    4   15 1 1 1
    463    5    5    2 1 1 1
    464    5    5    3 1 1 1
    465    5    5    4 1 1 1
    466    5    5    5 1 1 1
    467    5    5    6 1 1 1
    468    5    5    7 1 1 1
    469    5    5    8 1 1 1
    470    5    5    9 1 1 1
    471    5    5   10 1 1 1
    472    5    5   12 1 1 1
    473    5    5   13 1 1 1
    474    5    5   14 1 1 1
    475    5    5   15 1 1 1
    476    5    5   16 1 1 1
    477    5    6    2 1 1 1
    478    5    6    3 1 1 1
    479    5    6    4 1 1 1
    480    5    6    5 1 1 1
    481    5    6    6 1 1 1
    482    5    6    7 1 1 1
    483    5    6    8 1 1 1
    484    5    6    9 1 1 1
    485    5    6   10 1 1 1
    486    5    6   12 1 1 1
    487    5    6   13 1 1 1
    488    5    6   14 1 1 1
    489    5    6   15 1 1 1
    490    5    6   16 1 1 1
    491    5    7    1 1 1 1
    492    5    7    2 1 1 1
    493    5    7    3 1 1 1
    494    5    7    4 1 1 1
    495    5    7    5 1 1 1
    496    5    7    6 1 1 1
    497    5    7    7 1 1 1
    498    5    7    8 1 1 1
    499    5    7    9 1 1 1
    500    5    7   10 1 1 1
    501    5    7   12 1 1 1
    502    5    7   13 1 1 1
    503    5    7   14 1 1 1
    504    5    7   15 1 1 1
    505    5    7   16 1 1 1
    506    5    7   17 1 1 1
    507    5    8    1 1 1 1
    508    5    8    2 1 1 1
    509    5    8    3 1 1 1
    510    5    8    4 1 1 1
    511    5    8    5 1 1 1
    512    5    8    6 1 1 1
    513    5    8    7 1 1 1
    514    5    8    8 1 1 1
    515    5    8    9 1 1 1
    516    5    8   10 1 1 1
    517    5    8   12 1 1 1
    518    5    8   13 1 1 1
    519    5    8   14 1 1 1
    520    5    8   15 1 1 1
    521    5    8   16 1 1 1
    522    5    8   17 1 1 1
    523    5    9    1 1 1 1
    524    5    9    2 1 1 1
    525    5    9    3 1 1 1
    526    5    9    4 1 1 1
    527    5    9    5 1 1 1
    528    5    9    6 1 1 1
    529    5    9    7 1 1 1
    530    5    9    8 1 1 1
    531    5    9    9 1 1 1
    532    5    9   10 1 1 1
    533    5    9   12 1 1 1
    534    5    9   13 1 1 1
    535    5    9   14 1 1 1
    536    5    9   15 1 1 1
    537    5    9   16 1 1 1
    538    5    9   17 1 1 1
    539    5   10    1 1 1 1
    540    5   10    2 1 1 1
    541    5   10    3 1 1 1
    542    5   10    4 1 1 1
    543    5   10    5 1 1 1
    544    5   10    6 1 1 1
    545    5   10    7 1 1 1
    546    5   10    8 1 1 1
    547    5   10    9 1 1 1
    548    5   10   10 1 1 1
    549    5   10   12 1 1 1
    550    5   10   13 1 1 1
    551    5   10   14 1 1 1
    552    5   10   15 1 1 1
    553    5   10   16 1 1 1
    554    5   10   17 1 1 1
    555    5   12    2 1 1 1
    556    5   12    3 1 1 1
    557    5   12    4 1 1 1
    558    5   12    5 1 1 1
    559    5   12    6 1 1 1
    560    5   12    7 1 1 1
    561    5   12    8 1 1 1
    562    5   12    9 1 1 1
    563    5   12   10 1 1 1
    564    5   12   12 1 1 1
    565    5   12   13 1 1 1
    566    5   12   14 1 1 1
    567    5   12   15 1 1 1
    568    5   12   16 1 1 1
    569    5   13    2 1 1 1
    570    5   13    3 1 1 1
    571    5   13    4 1 1 1
    572    5   13    5 1 1 1
    573    5   13    6 1 1 1
    574    5   13    7 1 1 1
    575    5   13    8 1 1 1
    576    5   13    9 1 1 1
    577    5   13   10 1 1 1
    578    5   13   12 1 1 1
    579    5   13   13 1 1 1
    580    5   13   14 1 1 1
    581    5   13   15 1 1 1
    582    5   13   16 1 1 1
    583    5   14    3 1 1 1
    584    5   14    4 1 1 1
    585    5   14    5 1 1 1
    586    5   14    6 1 1 1
    587    5   14    7 1 1 1
    588    5   14    8 1 1 1
    589    5   14    9 1 1 1
    590    5   14   10 1 1 1
    591    5   14   12 1 1 1
    592    5   14   13 1 1 1
    593    5   14   14 1 1 1
    594    5   14   15 1 1 1
    595    5   15    4 1 1 1
    596    5   15    5 1 1 1
    597    5   15    6 1 1 1
    598    5   15    7 1 1 1
    599    5   15    8 1 1 1
    600    5   15    9 1 1 1
    601    5   15   10 1 1 1
    602    5   15   12 1 1 1
    603    5   15   13 1 1 1
    604    5   15   14 1 1 1
    605    5   16    5 1 1 1
    606    5   16    6 1 1 1
    607    5   16    7 1 1 1
    608    5   16    8 1 1 1
    609    5   16    9 1 1 1
    610    5   16   10 1 1 1
    611    5   16   12 1 1 1
    612    5   16   13 1 1 1
    613    5   17    7 1 1 1
    614    5   17    8 1 1 1
    615    5   17    9 1 1 1
    616    5   17   10 1 1 1
    617    6    1    6 1 1 1
    618    6    1    7 1 1 1
    619    6    1    8 1 1 1
    620    6    1    9 1 1 1
    621    6    1   10 1 1 1
    622    6    1   12 1 1 1
    623    6    2    4 1 1 1
    624    6    2    5 1 1 1
    625    6    2    6 1 1 1
    626    6    2    7 1 1 1
    627    6    2    8 1 1 1
    628    6    2    9 1 1 1
    629    6    2   10 1 1 1
    630    6    2   12 1 1 1
    631    6    2   13 1 1 1
    632    6    2   14 1 1 1
    633    6    3    3 1 1 1
    634    6    3    4 1 1 1
    635    6    3    5 1 1 1
    636    6    3    6 1 1 1
    637    6    3    7 1 1 1
    638    6    3    8 1 1 1
    639    6    3    9 1 1 1
    640    6    3   10 1 1 1
    641    6    3   12 1 1 1
    642    6    3   13 1 1 1
    643    6    3   14 1 1 1
    644    6    3   15 1 1 1
    645    6    4    2 1 1 1
    646    6    4    3 1 1 1
    647    6    4    4 1 1 1
    648    6    4    5 1 1 1
    649    6    4    6 1 1 1
    650    6    4    7 1 1 1
    651    6    4    8 1 1 1
    652    6    4    9 1 1 1
    653    6    4   10 1 1 1
    654    6    4   12 1 1 1
    655    6    4   13 1 1 1
    656    6    4   14 1 1 1
    657    6    4   15 1 1 1
    658    6    4   16 1 1 1
    659    6    5    2 1 1 1
    660    6    5    3 1 1 1
    661    6    5    4 1 1 1
    662    6    5    5 1 1 1
    663    6    5    6 1 1 1
    664    6    5    7 1 1 1
    665    6    5    8 1 1 1
    666    6    5    9 1 1 1
    667    6    5   10 1 1 1
    668    6    5   12 1 1 1
    669    6    5   13 1 1 1
    670    6    5   14 1 1 1
    671    6    5   15 1 1 1
    672    6    5   16 1 1 1
    673    6    6    1 1 1 1
    674    6    6    2 1 1 1
    675    6    6    3 1 1 1
    676    6    6    4 1 1 1
    677    6    6    5 1 1 1
    678    6    6    6 1 1 1
    679    6    6    7 1 1 1
    680    6    6    8 1 1 1
    681    6    6    9 1 1 1
    682    6    6   10 1 1 1
    683    6    6   12 1 1 1
    684    6    6   13 1 1 1
    685    6    6   14 1 1 1
    686    6    6   15 1 1 1
    687    6    6   16 1 1 1
    688    6    6   17 1 1 1
    689    6    7    1 1 1 1
    690    6    7    2 1 1 1
    691    6    7    3 1 1 1
    692    6    7    4 1 1 1
    693    6    7    5 1 1 1
    694    6    7    6 1 1 1
    695    6    7    7 1 1 1
    696    6    7    8 1 1 1
    697    6    7    9 1 1 1
    698    6    7   10 1 1 1
    699    6    7   12 1 1 1
    700    6    7   13 1 1 1
    701    6    7   14 1 1 1
    702    6    7   15 1 1 1
    703    6    7   16 1 1 1
    704    6    7   17 1 1 1
    705    6    8    1 1 1 1
    706    6    8    2 1 1 1
    707    6    8    3 1 1 1
    708    6    8    4 1 1 1
    709    6    8    5 1 1 1
    710    6    8    6 1 1 1
    711    6    8    7 1 1 1
    712    6    8    8 1 1 1
    713    6    8    9 1 1 1
    714    6    8   10 1 1 1
    715    6    8   12 1 1 1
    716    6    8   13 1 1 1
    717    6    8   14 1 1 1
    718    6    8   15 1 1 1
    719    6    8   16 1 1 1
    720    6    8   17 1 1 1
    721    6    9    1 1 1 1
    722    6    9    2 1 1 1
    723    6    9    3 1 1 1
    724    6    9    4 1 1 1
    725    6    9    5 1 1 1
    726    6    9    6 1 1 1
    727    6    9    7 1 1 1
    728    6    9    8 1 1 1
    729    6    9    9 1 1 1
    730    6    9   10 1 1 1
    731    6    9   12 1 1 1
    732    6    9   13 1 1 1
    733    6    9   14 1 1 1
    734    6    9   15 1 1 1
    735    6    9   16 1 1 1
    736    6    9   17 1 1 1
    737    6   10    1 1 1 1
    738    6   10    2 1 1 1
    739    6   10    3 1 1 1
    740    6   10    4 1 1 1
    741    6   10    5 1 1 1
    742    6   10    6 1 1 1
    743    6   10    7 1 1 1
    744    6   10    8 1 1 1
    745    6   10    9 1 1 1
    746    6   10   10 1 1 1
    747    6   10   12 1 1 1
    748    6   10   13 1 1 1
    749    6   10   14 1 1 1
    750    6   10   15 1 1 1
    751    6   10   16 1 1 1
    752    6   10   17 1 1 1
    753    6   12    1 1 1 1
    754    6   12    2 1 1 1
    755    6   12    3 1 1 1
    756    6   12    4 1 1 1
    757    6   12    5 1 1 1
    758    6   12    6 1 1 1
    759    6   12    7 1 1 1
    760    6   12    8 1 1 1
    761    6   12    9 1 1 1
    762    6   12   10 1 1 1
    763    6   12   12 1 1 1
    764    6   12   13 1 1 1
    765    6   12   14 1 1 1
    766    6   12   15 1 1 1
    767    6   12   16 1 1 1
    768    6   12   17 1 1 1
    769    6   13    2 1 1 1
    770    6   13    3 1 1 1
    771    6   13    4 1 1 1
    772    6   13    5 1 1 1
    773    6   13    6 1 1 1
    774    6   13    7 1 1 1
    775    6   13    8 1 1 1
    776    6   13    9 1 1 1
    777    6   13   10 1 1 1
    778    6   13   12 1 1 1
    779    6   13   13 1 1 1
    780    6   13   14 1 1 1
    781    6   13   15 1 1 1
    782    6   13   16 1 1 1
    783    6   14    2 1 1 1
    784    6   14    3 1 1 1
    785    6   14    4 1 1 1
    786    6   14    5 1 1 1
    787    6   14    6 1 1 1
    788    6   14    7 1 1 1
    789    6   14    8 1 1 1
    790    6   14    9 1 1 1
    791    6   14   10 1 1 1
    792    6   14   12 1 1 1
    793    6   14   13 1 1 1
    794    6   14   14 1 1 1
    795    6   14   15 1 1 1
    796    6   14   16 1 1 1
    797    6   15    3 1 1 1
    798    6   15    4 1 1 1
    799    6   15    5 1 1 1
    800    6   15    6 1 1 1
    801    6   15    7 1 1 1
    802    6   15    8 1 1 1
    803    6   15    9 1 1 1
    804    6   15   10 1 1 1
    805    6   15   12 1 1 1
    806    6   15   13 1 1 1
    807    6   15   14 1 1 1
    808    6   15   15 1 1 1
    809    6   16    4 1 1 1
    810    6   16    5 1 1 1
    811    6   16    6 1 1 1
    812    6   16    7 1 1 1
    813    6   16    8 1 1 1
    814    6   16    9 1 1 1
    815    6   16   10 1 1 1
    816    6   16   12 1 1 1
    817    6   16   13 1 1 1
    818    6   16   14 1 1 1
    819    6   17    6 1 1 1
    820    6   17    7 1 1 1
    821    6   17    8 1 1 1
    822    6   17    9 1 1 1
    823    6   17   10 1 1 1
    824    6   17   12 1 1 1
    825    7    1    5 1 1 1
    826    7    1    6 1 1 1
    827    7    1    7 1 1 1
    828    7    1    8 1 1 1
    829    7    1    9 1 1 1
    830    7    1   10 1 1 1
    831    7    1   12 1 1 1
    832    7    1   13 1 1 1
    833    7    2    4 1 1 1
    834    7    2    5 1 1 1
    835    7    2    6 1 1 1
    836    7    2    7 1 1 1
    837    7    2    8 1 1 1
    838    7    2    9 1 1 1
    839    7    2   10 1 1 1
    840    7    2   12 1 1 1
    841    7    2   13 1 1 1
    842    7    2   14 1 1 1
    843    7    3    3 1 1 1
    844    7    3    4 1 1 1
    845    7    3    5 1 1 1
    846    7    3    6 1 1 1
    847    7    3    7 1 1 1
    848    7    3    8 1 1 1
    849    7    3    9 1 1 1
    850    7    3   10 1 1 1
    851    7    3   12 1 1 1
    852    7    3   13 1 1 1
    853    7    3   14 1 1 1
    854    7    3   15 1 1 1
    855    7    4    2 1 1 1
    856    7    4    3 1 1 1
    857    7    4    4 1 1 1
    858    7    4    5 1 1 1
    859    7    4    6 1 1 1
    860    7    4    7 1 1 1
    861    7    4    8 1 1 1
    862    7    4    9 1 1 1
    863    7    4   10 1 1 1
    864    7    4   12 1 1 1
    865    7    4   13 1 1 1
    866    7    4   14 1 1 1
    867    7    4   15 1 1 1
    868    7    4   16 1 1 1
    869    7    5    1 1 1 1
    870    7    5    2 1 1 1
    871    7    5    3 1 1 1
    872    7    5    4 1 1 1
    873    7    5    5 1 1 1
    874    7    5    6 1 1 1
    875    7    5    7 1 1 1
    876    7    5    8 1 1 1
    877    7    5    9 1 1 1
    878    7    5   10 1 1 1
    879    7    5   12 1 1 1
    880    7    5   13 1 1 1
    881    7    5   14 1 1 1
    882    7    5   15 1 1 1
    883    7    5   16 1 1 1
    884    7    5   17 1 1 1
    885    7    6    1 1 1 1
    886    7    6    2 1 1 1
    887    7    6    3 1 1 1
    888    7    6    4 1 1 1
    889    7    6    5 1 1 1
    890    7    6    6 1 1 1
    891    7    6    7 1 1 1
    892    7    6    8 1 1 1
    893    7    6    9 1 1 1
    894    7    6   10 1 1 1
    895    7    6   12 1 1 1
    896    7    6   13 1 1 1
    897    7    6   14 1 1 1
    898    7    6   15 1 1 1
    899    7    6   16 1 1 1
    900    7    6   17 1 1 1
    901    7    7    1 1 1 1
    902    7    7    2 1 1 1
    903    7    7    3 1 1 1
    904    7    7    4 1 1 1
    905    7    7    5 1 1 1
    906    7    7    6 1 1 1
    907    7    7    7 1 1 1
    908    7    7    8 1 1 1
    909    7    7    9 1 1 1
    910    7    7   10 1 1 1
    911    7    7   12 1 1 1
    912    7    7   13 1 1 1
    913    7    7   14 1 1 1
    914    7    7   15 1 1 1
    915    7    7   16 1 1 1
    916    7    7   17 1 1 1
    917    7    8    1 1 1 1
    918    7    8    2 1 1 1
    919    7    8    3 1 1 1
    920    7    8    4 1 1 1
    921    7    8    5 1 1 1
    922    7    8    6 1 1 1
    923    7    8    7 1 1 1
    924    7    8    8 1 1 1
    925    7    8    9 1 1 1
    926    7    8   10 1 1 1
    927    7    8   12 1 1 1
    928    7    8   13 1 1 1
    929    7    8   14 1 1 1
    930    7    8   15 1 1 1
    931    7    8   16 1 1 1
    932    7    8   17 1 1 1
    933    7    9    1 1 1 1
    934    7    9    2 1 1 1
    935    7    9    3 1 1 1
    936    7    9    4 1 1 1
    937    7    9    5 1 1 1
    938    7    9    6 1 1 1
    939    7    9    7 1 1 1
    940    7    9    8 1 1 1
    941    7    9    9 1 1 1
    942    7    9   10 1 1 1
    943    7    9   12 1 1 1
    944    7    9   13 1 1 1
    945    7    9   14 1 1 1
    946    7    9   15 1 1 1
    947    7    9   16 1 1 1
    948    7    9   17 1 1 1
    949    7   10    1 1 1 1
    950    7   10    2 1 1 1
    951    7   10    3 1 1 1
    952    7   10    4 1 1 1
    953    7   10    5 1 1 1
    954    7   10    6 1 1 1
    955    7   10    7 1 1 1
    956    7   10    8 1 1 1
    957    7   10    9 1 1 1
    958    7   10   10 1 1 1
    959    7   10   12 1 1 1
    960    7   10   13 1 1 1
    961    7   10   14 1 1 1
    962    7   10   15 1 1 1
    963    7   10   16 1 1 1
    964    7   10   17 1 1 1
    965    7   12    1 1 1 1
    966    7   12    2 1 1 1
    967    7   12    3 1 1 1
    968    7   12    4 1 1 1
    969    7   12    5 1 1 1
    970    7   12    6 1 1 1
    971    7   12    7 1 1 1
    972    7   12    8 1 1 1
    973    7   12    9 1 1 1
    974    7   12   10 1 1 1
    975    7   12   12 1 1 1
    976    7   12   13 1 1 1
    977    7   12   14 1 1 1
    978    7   12   15 1 1 1
    979    7   12   16 1 1 1
    980    7   12   17 1 1 1
    981    7   13    1 1 1 1
    982    7   13    2 1 1 1
    983    7   13    3 1 1 1
    984    7   13    4 1 1 1
    985    7   13    5 1 1 1
    986    7   13    6 1 1 1
    987    7   13    7 1 1 1
    988    7   13    8 1 1 1
    989    7   13    9 1 1 1
    990    7   13   10 1 1 1
    991    7   13   12 1 1 1
    992    7   13   13 1 1 1
    993    7   13   14 1 1 1
    994    7   13   15 1 1 1
    995    7   13   16 1 1 1
    996    7   13   17 1 1 1
    997    7   14    2 1 1 1
    998    7   14    3 1 1 1
    999    7   14    4 1 1 1
   1000    7   14    5 1 1 1
   1001    7   14    6 1 1 1
   1002    7   14    7 1 1 1
   1003    7   14    8 1 1 1
   1004    7   14    9 1 1 1
   1005    7   14   10 1 1 1
   1006    7   14   12 1 1 1
   1007    7   14   13 1 1 1
   1008    7   14   14 1 1 1
   1009    7   14   15 1 1 1
   1010    7   14   16 1 1 1
   1011    7   15    3 1 1 1
   1012    7   15    4 1 1 1
   1013    7   15    5 1 1 1
   1014    7   15    6 1 1 1
   1015    7   15    7 1 1 1
   1016    7   15    8 1 1 1
   1017    7   15    9 1 1 1
   1018    7   15   10 1 1 1
   1019    7   15   12 1 1 1
   1020    7   15   13 1 1 1
   1021    7   15   14 1 1 1
   1022    7   15   15 1 1 1
   1023    7   16    4 1 1 1
   1024    7   16    5 1 1 1
   1025    7   16    6 1 1 1
   1026    7   16    7 1 1 1
   1027    7   16    8 1 1 1
   1028    7   16    9 1 1 1
   1029    7   16   10 1 1 1
   1030    7   16   12 1 1 1
   1031    7   16   13 1 1 1
   1032    7   16   14 1 1 1
   1033    7   17    5 1 1 1
   1034    7   17    6 1 1 1
   1035    7   17    7 1 1 1
   1036    7   17    8 1 1 1
   1037    7   17    9 1 1 1
   1038    7   17   10 1 1 1
   1039    7   17   12 1 1 1
   1040    7   17   13 1 1 1
   1041    8    1    5 1 1 1
   1042    8    1    6 1 1 1
   1043    8    1    7 1 1 1
   1044    8    1    8 1 1 1
   1045    8    1    9 1 1 1
   1046    8    1   10 1 1 1
   1047    8    1   12 1 1 1
   1048    8    1   13 1 1 1
   1049    8    2    4 1 1 1
   1050    8    2    5 1 1 1
   1051    8    2    6 1 1 1
   1052    8    2    7 1 1 1
   1053    8    2    8 1 1 1
   1054    8    2    9 1 1 1
   1055    8    2   10 1 1 1
   1056    8    2   12 1 1 1
   1057    8    2   13 1 1 1
   1058    8    2   14 1 1 1
   1059    8    3    3 1 1 1
   1060    8    3    4 1 1 1
   1061    8    3    5 1 1 1
   1062    8    3    6 1 1 1
   1063    8    3    7 1 1 1
   1064    8    3    8 1 1 1
   1065    8    3    9 1 1 1
   1066    8    3   10 1 1 1
   1067    8    3   12 1 1 1
   1068    8    3   13 1 1 1
   1069    8    3   14 1 1 1
   1070    8    3   15 1 1 1
   1071    8    4    2 1 1 1
   1072    8    4    3 1 1 1
   1073    8    4    4 1 1 1
   1074    8    4    5 1 1 1
   1075    8    4    6 1 1 1
   1076    8    4    7 1 1 1
   1077    8    4    8 1 1 1
   1078    8    4    9 1 1 1
   1079    8    4   10 1 1 1
   1080    8    4   12 1 1 1
   1081    8    4   13 1 1 1
   1082    8    4   14 1 1 1
   1083    8    4   15 1 1 1
   1084    8    4   16 1 1 1
   1085    8    5    1 1 1 1
   1086    8    5    2 1 1 1
   1087    8    5    3 1 1 1
   1088    8    5    4 1 1 1
   1089    8    5    5 1 1 1
   1090    8    5    6 1 1 1
   1091    8    5    7 1 1 1
   1092    8    5    8 1 1 1
   1093    8    5    9 1 1 1
   1094    8    5   10 1 1 1
   1095    8    5   12 1 1 1
   1096    8    5   13 1 1 1
   1097    8    5   14 1 1 1
   1098    8    5   15 1 1 1
   1099    8    5   16 1 1 1
   1100    8    5   17 1 1 1
   1101    8    6    1 1 1 1
   1102    8    6    2 1 1 1
   1103    8    6    3 1 1 1
   1104    8    6    4 1 1 1
   1105    8    6    5 1 1 1
   1106    8    6    6 1 1 1
   1107    8    6    7 1 1 1
   1108    8    6    8 1 1 1
   1109    8    6    9 1 1 1
   1110    8    6   10 1 1 1
   1111    8    6   12 1 1 1
   1112    8    6   13 1 1 1
   1113    8    6   14 1 1 1
   1114    8    6   15 1 1 1
   1115    8    6   16 1 1 1
   1116    8    6   17 1 1 1
   1117    8    7    1 1 1 1
   1118    8    7    2 1 1 1
   1119    8    7    3 1 1 1
   1120    8    7    4 1 1 1
   1121    8    7    5 1 1 1
   1122    8    7    6 1 1 1
   1123    8    7    7 1 1 1
   1124    8    7    8 1 1 1
   1125    8    7    9 1 1 1
   1126    8    7   10 1 1 1
   1127    8    7   12 1 1 1
   1128    8    7   13 1 1 1
   1129    8    7   14 1 1 1
   1130    8    7   15 1 1 1
   1131    8    7   16 1 1 1
   1132    8    7   17 1 1 1
   1133    8    8    1 1 1 1
   1134    8    8    2 1 1 1
   1135    8    8    3 1 1 1
   1136    8    8    4 1 1 1
   1137    8    8    5 1 1 1
   1138    8    8    6 1 1 1
   1139    8    8    7 1 1 1
   1140    8    8    8 1 1 1
   1141    8    8    9 1 1 1
   1142    8    8   10 1 1 1
   1143    8    8   12 1 1 1
   1144    8    8   13 1 1 1
   1145    8    8   14 1 1 1
   1146    8    8   15 1 1 1
   1147    8    8   16 1 1 1
   1148    8    8   17 1 1 1
   1149    8    9    1 1 1 1
   1150    8    9    2 1 1 1
   1151    8    9    3 1 1 1
   1152    8    9    4 1 1 1
   1153    8    9    5 1 1 1
   1154    8    9    6 1 1 1
   1155    8    9    7 1 1 1
   1156    8    9    8 1 1 1
   1157    8    9    9 1 1 1
   1158    8    9   10 1 1 1
   1159    8    9   12 1 1 1
   1160    8    9   13 1 1 1
   1161    8    9   14 1 1 1
   1162    8    9   15 1 1 1
   1163    8    9   16 1 1 1
   1164    8    9   17 1 1 1
   1165    8   10    1 1 1 1
   1166    8   10    2 1 1 1
   1167    8   10    3 1 1 1
   1168    8   10    4 1 1 1
   1169    8   10    5 1 1 1
   1170    8   10    6 1 1 1
   1171    8   10    7 1 1 1
   1172    8   10    8 1 1 1
   1173    8   10    9 1 1 1
   1174    8   10   10 1 1 1
   1175    8   10   12 1 1 1
   1176    8   10   13 1 1 1
   1177    8   10   14 1 1 1
   1178    8   10   15 1 1 1
   1179    8   10   16 1 1 1
   1180    8   10   17 1 1 1
   1181    8   12    1 1 1 1
   1182    8   12    2 1 1 1
   1183    8   12    3 1 1 1
   1184    8   12    4 1 1 1
   1185    8   12    5 1 1 1
   1186    8   12    6 1 1 1
   1187    8   12    7 1 1 1
   1188    8   12    8 1 1 1
   1189    8   12    9 1 1 1
   1190    8   12   10 1 1 1
   1191    8   12   12 1 1 1
   1192    8   12   13 1 1 1
   1193    8   12   14 1 1 1
   1194    8   12   15 1 1 1
   1195    8   12   16 1 1 1
   1196    8   12   17 1 1 1
   1197    8   13    1 1 1 1
   1198    8   13    2 1 1 1
   1199    8   13    3 1 1 1
   1200    8   13    4 1 1 1
   1201    8   13    5 1 1 1
   1202    8   13    6 1 1 1
   1203    8   13    7 1 1 1
   1204    8   13    8 1 1 1
   1205    8   13    9 1 1 1
   1206    8   13   10 1 1 1
   1207    8   13   12 1 1 1
   1208    8   13   13 1 1 1
   1209    8   13   14 1 1 1
   1210    8   13   15 1 1 1
   1211    8   13   16 1 1 1
   1212    8   13   17 1 1 1
   1213    8   14    2 1 1 1
   1214    8   14    3 1 1 1
   1215    8   14    4 1 1 1
   1216    8   14    5 1 1 1
   1217    8   14    6 1 1 1
   1218    8   14    7 1 1 1
   1219    8   14    8 1 1 1
   1220    8   14    9 1 1 1
   1221    8   14   10 1 1 1
   1222    8   14   12 1 1 1
   1223    8   14   13 1 1 1
   1224    8   14   14 1 1 1
   1225    8   14   15 1 1 1
   1226    8   14   16 1 1 1
   1227    8   15    3 1 1 1
   1228    8   15    4 1 1 1
   1229    8   15    5 1 1 1
   1230    8   15    6 1 1 1
   1231    8   15    7 1 1 1
   1232    8   15    8 1 1 1
   1233    8   15    9 1 1 1
   1234    8   15   10 1 1 1
   1235    8   15   12 1 1 1
   1236    8   15   13 1 1 1
   1237    8   15   14 1 1 1
   1238    8   15   15 1 1 1
   1239    8   16    4 1 1 1
   1240    8   16    5 1 1 1
   1241    8   16    6 1 1 1
   1242    8   16    7 1 1 1
   1243    8   16    8 1 1 1
   1244    8   16    9 1 1 1
   1245    8   16   10 1 1 1
   1246    8   16   12 1 1 1
   1247    8   16   13 1 1 1
   1248    8   16   14 1 1 1
   1249    8   17    5 1 1 1
   1250    8   17    6 1 1 1
   1251    8   17    7 1 1 1
   1252    8   17    8 1 1 1
   1253    8   17    9 1 1 1
   1254    8   17   10 1 1 1
   1255    8   17   12 1 1 1
   1256    8   17   13 1 1 1
   1257    9    1    5 1 1 1
   1258    9    1    6 1 1 1
   1259    9    1    7 1 1 1
   1260    9    1    8 1 1 1
   1261    9    1    9 1 1 1
   1262    9    1   10 1 1 1
   1263    9    1   12 1 1 1
   1264    9    1   13 1 1 1
   1265    9    2    4 1 1 1
   1266    9    2    5 1 1 1
   1267    9    2    6 1 1 1
   1268    9    2    7 1 1 1
   1269    9    2    8 1 1 1
   1270    9    2    9 1 1 1
   1271    9    2   10 1 1 1
   1272    9    2   12 1 1 1
   1273    9    2   13 1 1 1
   1274    9    2   14 1 1 1
   1275    9    3    3 1 1 1
   1276    9    3    4 1 1 1
   1277    9    3    5 1 1 1
   1278    9    3    6 1 1 1
   1279    9    3    7 1 1 1
   1280    9    3    8 1 1 1
   1281    9    3    9 1 1 1
   1282    9    3   10 1 1 1
   1283    9    3   12 1 1 1
   1284    9    3   13 1 1 1
   1285    9    3   14 1 1 1
   1286    9    3   15 1 1 1
   1287    9    4    2 1 1 1
   1288    9    4    3 1 1 1
   1289    9    4    4 1 1 1
   1290    9    4    5 1 1 1
   1291    9    4    6 1 1 1
   1292    9    4    7 1 1 1
   1293    9    4    8 1 1 1
   1294    9    4    9 1 1 1
   1295    9    4   10 1 1 1
   1296    9    4   12 1 1 1
   1297    9    4   13 1 1 1
   1298    9    4   14 1 1 1
   1299    9    4   15 1 1 1
   1300    9    4   16 1 1 1
   1301    9    5    1 1 1 1
   1302    9    5    2 1 1 1
   1303    9    5    3 1 1 1
   1304    9    5    4 1 1 1
   1305    9    5    5 1 1 1
   1306    9    5    6 1 1 1
   1307    9    5    7 1 1 1
   1308    9    5    8 1 1 1
   1309    9    5    9 1 1 1
   1310    9    5   10 1 1 1
   1311    9    5   12 1 1 1
   1312    9    5   13 1 1 1
   1313    9    5   14 1 1 1
   1314    9    5   15 1 1 1
   1315    9    5   16 1 1 1
   1316    9    5   17 1 1 1
   1317    9    6    1 1 1 1
   1318    9    6    2 1 1 1
   1319    9    6    3 1 1 1
   1320    9    6    4 1 1 1
   1321    9    6    5 1 1 1
   1322    9    6    6 1 1 1
   1323    9    6    7 1 1 1
   1324    9    6    8 1 1 1
   1325    9    6    9 1 1 1
   1326    9    6   10 1 1 1
   1327    9    6   12 1 1 1
   1328    9    6   13 1 1 1
   1329    9    6   14 1 1 1
   1330    9    6   15 1 1 1
   1331    9    6   16 1 1 1
   1332    9    6   17 1 1 1
   1333    9    7    1 1 1 1
   1334    9    7    2 1 1 1
   1335    9    7    3 1 1 1
   1336    9    7    4 1 1 1
   1337    9    7    5 1 1 1
   1338    9    7    6 1 1 1
   1339    9    7    7 1 1 1
   1340    9    7    8 1 1 1
   1341    9    7    9 1 1 1
   1342    9    7   10 1 1 1
   1343    9    7   12 1 1 1
   1344    9    7   13 1 1 1
   1345    9    7   14 1 1 1
   1346    9    7   15 1 1 1
   1347    9    7   16 1 1 1
   1348    9    7   17 1 1 1
   1349    9    8    1 1 1 1
   1350    9    8    2 1 1 1
   1351    9    8    3 1 1 1
   1352    9    8    4 1 1 1
   1353    9    8    5 1 1 1
   1354    9    8    6 1 1 1
   1355    9    8    7 1 1 1
   1356    9    8    8 1 1 1
   1357    9    8    9 1 1 1
   1358    9    8   10 1 1 1
   1359    9    8   12 1 1 1
   1360    9    8   13 1 1 1
   1361    9    8   14 1 1 1
   1362    9    8   15 1 1 1
   1363    9    8   16 1 1 1
   1364    9    8   17 1 1 1
   1365    9    9    1 1 1 1
   1366    9    9    2 1 1 1
   1367    9    9    3 1 1 1
   1368    9    9    4 1 1 1
   1369    9    9    5 1 1 1
   1370    9    9    6 1 1 1
   1371    9    9    7 1 1 1
   1372    9    9    8 1 1 1
   1373    9    9    9 1 1 1
   1374    9    9   10 1 1 1
   1375    9    9   12 1 1 1
   1376    9    9   13 1 1 1
   1377    9    9   14 1 1 1
   1378    9    9   15 1 1 1
   1379    9    9   16 1 1 1
   1380    9    9   17 1 1 1
   1381    9   10    1 1 1 1
   1382    9   10    2 1 1 1
   1383    9   10    3 1 1 1
   1384    9   10    4 1 1 1
   1385    9   10    5 1 1 1
   1386    9   10    6 1 1 1
   1387    9   10    7 1 1 1
   1388    9   10    8 1 1 1
   1389    9   10    9 1 1 1
   1390    9   10   10 1 1 1
   1391    9   10   12 1 1 1
   1392    9   10   13 1 1 1
   1393    9   10   14 1 1 1
   1394    9   10   15 1 1 1
   1395    9   10   16 1 1 1
   1396    9   10   17 1 1 1
   1397    9   12    1 1 1 1
   1398    9   12    2 1 1 1
   1399    9   12    3 1 1 1
   1400    9   12    4 1 1 1
   1401    9   12    5 1 1 1
   1402    9   12    6 1 1 1
   1403    9   12    7 1 1 1
   1404    9   12    8 1 1 1
   1405    9   12    9 1 1 1
   1406    9   12   10 1 1 1
   1407    9   12   12 1 1 1
   1408    9   12   13 1 1 1
   1409    9   12   14 1 1 1
   1410    9   12   15 1 1 1
   1411    9   12   16 1 1 1
   1412    9   12   17 1 1 1
   1413    9   13    1 1 1 1
   1414    9   13    2 1 1 1
   1415    9   13    3 1 1 1
   1416    9   13    4 1 1 1
   1417    9   13    5 1 1 1
   1418    9   13    6 1 1 1
   1419    9   13    7 1 1 1
   1420    9   13    8 1 1 1
   1421    9   13    9 1 1 1
   1422    9   13   10 1 1 1
   1423    9   13   12 1 1 1
   1424    9   13   13 1 1 1
   1425    9   13   14 1 1 1
   1426    9   13   15 1 1 1
   1427    9   13   16 1 1 1
   1428    9   13   17 1 1 1
   1429    9   14    2 1 1 1
   1430    9   14    3 1 1 1
   1431    9   14    4 1 1 1
   1432    9   14    5 1 1 1
   1433    9   14    6 1 1 1
   1434    9   14    7 1 1 1
   1435    9   14    8 1 1 1
   1436    9   14    9 1 1 1
   1437    9   14   10 1 1 1
   1438    9   14   12 1 1 1
   1439    9   14   13 1 1 1
   1440    9   14   14 1 1 1
   1441    9   14   15 1 1 1
   1442    9   14   16 1 1 1
   1443    9   15    3 1 1 1
   1444    9   15    4 1 1 1
   1445    9   15    5 1 1 1
   1446    9   15    6 1 1 1
   1447    9   15    7 1 1 1
   1448    9   15    8 1 1 1
   1449    9   15    9 1 1 1
   1450    9   15   10 1 1 1
   1451    9   15   12 1 1 1
   1452    9   15   13 1 1 1
   1453    9   15   14 1 1 1
   1454    9   15   15 1 1 1
   1455    9   16    4 1 1 1
   1456    9   16    5 1 1 1
   1457    9   16    6 1 1 1
   1458    9   16    7 1 1 1
   1459    9   16    8 1 1 1
   1460    9   16    9 1 1 1
   1461    9   16   10 1 1 1
   1462    9   16   12 1 1 1
   1463    9   16   13 1 1 1
   1464    9   16   14 1 1 1
   1465    9   17    5 1 1 1
   1466    9   17    6 1 1 1
   1467    9   17    7 1 1 1
   1468    9   17    8 1 1 1
   1469    9   17    9 1 1 1
   1470    9   17   10 1 1 1
   1471    9   17   12 1 1 1
   1472    9   17   13 1 1 1
   1473   10    1    5 1 1 1
   1474   10    1    6 1 1 1
   1475   10    1    7 1 1 1
   1476   10    1    8 1 1 1
   1477   10    1    9 1 1 1
   1478   10    1   10 1 1 1
   1479   10    1   12 1 1 1
   1480   10    1   13 1 1 1
   1481   10    2    4 1 1 1
   1482   10    2    5 1 1 1
   1483   10    2    6 1 1 1
   1484   10    2    7 1 1 1
   1485   10    2    8 1 1 1
   1486   10    2    9 1 1 1
   1487   10    2   10 1 1 1
   1488   10    2   12 1 1 1
   1489   10    2   13 1 1 1
   1490   10    2   14 1 1 1
   1491   10    3    3 1 1 1
   1492   10    3    4 1 1 1
   1493   10    3    5 1 1 1
   1494   10    3    6 1 1 1
   1495   10    3    7 1 1 1
   1496   10    3    8 1 1 1
   1497   10    3    9 1 1 1
   1498   10    3   10 1 1 1
   1499   10    3   12 1 1 1
   1500   10    3   13 1 1 1
   1501   10    3   14 1 1 1
   1502   10    3   15 1 1 1
   1503   10    4    2 1 1 1
   1504   10    4    3 1 1 1
   1505   10    4    4 1 1 1
   1506   10    4    5 1 1 1
   1507   10    4    6 1 1 1
   1508   10    4    7 1 1 1
   1509   10    4    8 1 1 1
   1510   10    4    9 1 1 1
   1511   10    4   10 1 1 1
   1512   10    4   12 1 1 1
   1513   10    4   13 1 1 1
   1514   10    4   14 1 1 1
   1515   10    4   15 1 1 1
   1516   10    4   16 1 1 1
   1517   10    5    1 1 1 1
   1518   10    5    2 1 1 1
   1519   10    5    3 1 1 1
   1520   10    5    4 1 1 1
   1521   10    5    5 1 1 1
   1522   10    5    6 1 1 1
   1523   10    5    7 1 1 1
   1524   10    5    8 1 1 1
   1525   10    5    9 1 1 1
   1526   10    5   10 1 1 1
   1527   10    5   12 1 1 1
   1528   10    5   13 1 1 1
   1529   10    5   14 1 1 1
   1530   10    5   15 1 1 1
   1531   10    5   16 1 1 1
   1532   10    5   17 1 1 1
   1533   10    6    1 1 1 1
   1534   10    6    2 1 1 1
   1535   10    6    3 1 1 1
   1536   10    6    4 1 1 1
   1537   10    6    5 1 1 1
   1538   10    6    6 1 1 1
   1539   10    6    7 1 1 1
   1540   10    6    8 1 1 1
   1541   10    6    9 1 1 1
   1542   10    6   10 1 1 1
   1543   10    6   12 1 1 1
   1544   10    6   13 1 1 1
   1545   10    6   14 1 1 1
   1546   10    6   15 1 1 1
   1547   10    6   16 1 1 1
   1548   10    6   17 1 1 1
   1549   10    7    1 1 1 1
   1550   10    7    2 1 1 1
   1551   10    7    3 1 1 1
   1552   10    7    4 1 1 1
   1553   10    7    5 1 1 1
   1554   10    7    6 1 1 1
   1555   10    7    7 1 1 1
   1556   10    7    8 1 1 1
   1557   10    7    9 1 1 1
   1558   10    7   10 1 1 1
   1559   10    7   12 1 1 1
   1560   10    7   13 1 1 1
   1561   10    7   14 1 1 1
   1562   10    7   15 1 1 1
   1563   10    7   16 1 1 1
   1564   10    7   17 1 1 1
   1565   10    8    1 1 1 1
   1566   10    8    2 1 1 1
   1567   10    8    3 1 1 1
   1568   10    8    4 1 1 1
   1569   10    8    5 1 1 1
   1570   10    8    6 1 1 1
   1571   10    8    7 1 1 1
   1572   10    8    8 1 1 1
   1573   10    8    9 1 1 1
   1574   10    8   10 1 1 1
   1575   10    8   12 1 1 1
   1576   10    8   13 1 1 1
   1577   10    8   14 1 1 1
   1578   10    8   15 1 1 1
   1579   10    8   16 1 1 1
   1580   10    8   17 1 1 1
   1581   10    9    1 1 1 1
   1582   10    9    2 1 1 1
   1583   10    9    3 1 1 1
   1584   10    9    4 1 1 1
   1585   10    9    5 1 1 1
   1586   10    9    6 1 1 1
   1587   10    9    7 1 1 1
   1588   10    9    8 1 1 1
   1589   10    9    9 1 1 1
   1590   10    9   10 1 1 1
   1591   10    9   12 1 1 1
   1592   10    9   13 1 1 1
   1593   10    9   14 1 1 1
   1594   10    9   15 1 1 1
   1595   10    9   16 1 1 1
   1596   10    9   17 1 1 1
   1597   10   10    1 1 1 1
   1598   10   10    2 1 1 1
   1599   10   10    3 1 1 1
   1600   10   10    4 1 1 1
   1601   10   10    5 1 1 1
   1602   10   10    6 1 1 1
   1603   10   10    7 1 1 1
   1604   10   10    8 1 1 1
   1605   10   10    9 1 1 1
   1606   10   10   10 1 1 1
   1607   10   10   12 1 1 1
   1608   10   10   13 1 1 1
   1609   10   10   14 1 1 1
   1610   10   10   15 1 1 1
   1611   10   10   16 1 1 1
   1612   10   10   17 1 1 1
   1613   10   12    1 1 1 1
   1614   10   12    2 1 1 1
   1615   10   12    3 1 1 1
   1616   10   12    4 1 1 1
   1617   10   12    5 1 1 1
   1618   10   12    6 1 1 1
   1619   10   12    7 1 1 1
   1620   10   12    8 1 1 1
   1621   10   12    9 1 1 1
   1622   10   12   10 1 1 1
   1623   10   12   12 1 1 1
   1624   10   12   13 1 1 1
   1625   10   12   14 1 1 1
   1626   10   12   15 1 1 1
   1627   10   12   16 1 1 1
   1628   10   12   17 1 1 1
   1629   10   13    1 1 1 1
   1630   10   13    2 1 1 1
   1631   10   13    3 1 1 1
   1632   10   13    4 1 1 1
   1633   10   13    5 1 1 1
   1634   10   13    6 1 1 1
   1635   10   13    7 1 1 1
   1636   10   13    8 1 1 1
   1637   10   13    9 1 1 1
   1638   10   13   10 1 1 1
   1639   10   13   12 1 1 1
   1640   10   13   13 1 1 1
   1641   10   13   14 1 1 1
   1642   10   13   15 1 1 1
   1643   10   13   16 1 1 1
   1644   10   13   17 1 1 1
   1645   10   14    2 1 1 1
   1646   10   14    3 1 1 1
   1647   10   14    4 1 1 1
   1648   10   14    5 1 1 1
   1649   10   14    6 1 1 1
   1650   10   14    7 1 1 1
   1651   10   14    8 1 1 1
   1652   10   14    9 1 1 1
   1653   10   14   10 1 1 1
   1654   10   14   12 1 1 1
   1655   10   14   13 1 1 1
   1656   10   14   14 1 1 1
   1657   10   14   15 1 1 1
   1658   10   14   16 1 1 1
   1659   10   15    3 1 1 1
   1660   10   15    4 1 1 1
   1661   10   15    5 1 1 1
   1662   10   15    6 1 1 1
   1663   10   15    7 1 1 1
   1664   10   15    8 1 1 1
   1665   10   15    9 1 1 1
   1666   10   15   10 1 1 1
   1667   10   15   12 1 1 1
   1668   10   15   13 1 1 1
   1669   10   15   14 1 1 1
   1670   10   15   15 1 1 1
   1671   10   16    4 1 1 1
   1672   10   16    5 1 1 1
   1673   10   16    6 1 1 1
   1674   10   16    7 1 1 1
   1675   10   16    8 1 1 1
   1676   10   16    9 1 1 1
   1677   10   16   10 1 1 1
   1678   10   16   12 1 1 1
   1679   10   16   13 1 1 1
   1680   10   16   14 1 1 1
   1681   10   17    5 1 1 1
   1682   10   17    6 1 1 1
   1683   10   17    7 1 1 1
   1684   10   17    8 1 1 1
   1685   10   17    9 1 1 1
   1686   10   17   10 1 1 1
   1687   10   17   12 1 1 1
   1688   10   17   13 1 1 1
   1689   12    1    6 1 1 1
   1690   12    1    7 1 1 1
   1691   12    1    8 1 1 1
   1692   12    1    9 1 1 1
   1693   12    1   10 1 1 1
   1694   12    1   12 1 1 1
   1695   12    2    4 1 1 1
   1696   12    2    5 1 1 1
   1697   12    2    6 1 1 1
   1698   12    2    7 1 1 1
   1699   12    2    8 1 1 1
   1700   12    2    9 1 1 1
   1701   12    2   10 1 1 1
   1702   12    2   12 1 1 1
   1703   12    2   13 1 1 1
   1704   12    2   14 1 1 1
   1705   12    3    3 1 1 1
   1706   12    3    4 1 1 1
   1707   12    3    5 1 1 1
   1708   12    3    6 1 1 1
   1709   12    3    7 1 1 1
   1710   12    3    8 1 1 1
   1711   12    3    9 1 1 1
   1712   12    3   10 1 1 1
   1713   12    3   12 1 1 1
   1714   12    3   13 1 1 1
   1715   12    3   14 1 1 1
   1716   12    3   15 1 1 1
   1717   12    4    2 1 1 1
   1718   12    4    3 1 1 1
   1719   12    4    4 1 1 1
   1720   12    4    5 1 1 1
   1721   12    4    6 1 1 1
   1722   12    4    7 1 1 1
   1723   12    4    8 1 1 1
   1724   12    4    9 1 1 1
   1725   12    4   10 1 1 1
   1726   12    4   12 1 1 1
   1727   12    4   13 1 1 1
   1728   12    4   14 1 1 1
   1729   12    4   15 1 1 1
   1730   12    4   16 1 1 1
   1731   12    5    2 1 1 1
   1732   12    5    3 1 1 1
   1733   12    5    4 1 1 1
   1734   12    5    5 1 1 1
   1735   12    5    6 1 1 1
   1736   12    5    7 1 1 1
   1737   12    5    8 1 1 1
   1738   12    5    9 1 1 1
   1739   12    5   10 1 1 1
   1740   12    5   12 1 1 1
   1741   12    5   13 1 1 1
   1742   12    5   14 1 1 1
   1743   12    5   15 1 1 1
   1744   12    5   16 1 1 1
   1745   12    6    1 1 1 1
   1746   12    6    2 1 1 1
   1747   12    6    3 1 1 1
   1748   12    6    4 1 1 1
   1749   12    6    5 1 1 1
   1750   12    6    6 1 1 1
   1751   12    6    7 1 1 1
   1752   12    6    8 1 1 1
   1753   12    6    9 1 1 1
   1754   12    6   10 1 1 1
   1755   12    6   12 1 1 1
   1756   12    6   13 1 1 1
   1757   12    6   14 1 1 1
   1758   12    6   15 1 1 1
   1759   12    6   16 1 1 1
   1760   12    6   17 1 1 1
   1761   12    7    1 1 1 1
   1762   12    7    2 1 1 1
   1763   12    7    3 1 1 1
   1764   12    7    4 1 1 1
   1765   12    7    5 1 1 1
   1766   12    7    6 1 1 1
   1767   12    7    7 1 1 1
   1768   12    7    8 1 1 1
   1769   12    7    9 1 1 1
   1770   12    7   10 1 1 1
   1771   12    7   12 1 1 1
   1772   12    7   13 1 1 1
   1773   12    7   14 1 1 1
   1774   12    7   15 1 1 1
   1775   12    7   16 1 1 1
   1776   12    7   17 1 1 1
   1777   12    8    1 1 1 1
   1778   12    8    2 1 1 1
   1779   12    8    3 1 1 1
   1780   12    8    4 1 1 1
   1781   12    8    5 1 1 1
   1782   12    8    6 1 1 1
   1783   12    8    7 1 1 1
   1784   12    8    8 1 1 1
   1785   12    8    9 1 1 1
   1786   12    8   10 1 1 1
   1787   12    8   12 1 1 1
   1788   12    8   13 1 1 1
   1789   12    8   14 1 1 1
   1790   12    8   15 1 1 1
   1791   12    8   16 1 1 1
   1792   12    8   17 1 1 1
   1793   12    9    1 1 1 1
   1794   12    9    2 1 1 1
   1795   12    9    3 1 1 1
   1796   12    9    4 1 1 1
   1797   12    9    5 1 1 1
   1798   12    9    6 1 1 1
   1799   12    9    7 1 1 1
   1800   12    9    8 1 1 1
   1801   12    9    9 1 1 1
   1802   12    9   10 1 1 1
   1803   12    9   12 1 1 1
   1804   12    9   13 1 1 1
   1805   12    9   14 1 1 1
   1806   12    9   15 1 1 1
   1807   12    9   16 1 1 1
   1808   12    9   17 1 1 1
   1809   12   10    1 1 1 1
   1810   12   10    2 1 1 1
   1811   12   10    3 1 1 1
   1812   12   10    4 1 1 1
   1813   12   10    5 1 1 1
   1814   12   10    6 1 1 1
   1815   12   10    7 1 1 1
   1816   12   10    8 1 1 1
   1817   12   10    9 1 1 1
   1818   12   10   10 1 1 1
   1819   12   10   12 1 1 1
   1820   12   10   13 1 1 1
   1821   12   10   14 1 1 1
   1822   12   10   15 1 1 1
   1823   12   10   16 1 1 1
   1824   12   10   17 1 1 1
   1825   12   12    1 1 1 1
   1826   12   12    2 1 1 1
   1827   12   12    3 1 1 1
   1828   12   12    4 1 1 1
   1829   12   12    5 1 1 1
   1830   12   12    6 1 1 1
   1831   12   12    7 1 1 1
   1832   12   12    8 1 1 1
   1833   12   12    9 1 1 1
   1834   12   12   10 1 1 1
   1835   12   12   12 1 1 1
   1836   12   12   13 1 1 1
   1837   12   12   14 1 1 1
   1838   12   12   15 1 1 1
   1839   12   12   16 1 1 1
   1840   12   12   17 1 1 1
   1841   12   13    2 1 1 1
   1842   12   13    3 1 1 1
   1843   12   13    4 1 1 1
   1844   12   13    5 1 1 1
   1845   12   13    6 1 1 1
   1846   12   13    7 1 1 1
   1847   12   13    8 1 1 1
   1848   12   13    9 1 1 1
   1849   12   13   10 1 1 1
   1850   12   13   12 1 1 1
   1851   12   13   13 1 1 1
   1852   12   13   14 1 1 1
   1853   12   13   15 1 1 1
   1854   12   13   16 1 1 1
   1855   12   14    2 1 1 1
   1856   12   14    3 1 1 1
   1857   12   14    4 1 1 1
   1858   12   14    5 1 1 1
   1859   12   14    6 1 1 1
   1860   12   14    7 1 1 1
   1861   12   14    8 1 1 1
   1862   12   14    9 1 1 1
   1863   12   14   10 1 1 1
   1864   12   14   12 1 1 1
   1865   12   14   13 1 1 1
   1866   12   14   14 1 1 1
   1867   12   14   15 1 1 1
   1868   12   14   16 1 1 1
   1869   12   15    3 1 1 1
   1870   12   15    4 1 1 1
   1871   12   15    5 1 1 1
   1872   12   15    6 1 1 1
   1873   12   15    7 1 1 1
   1874   12   15    8 1 1 1
   1875   12   15    9 1 1 1
   1876   12   15   10 1 1 1
   1877   12   15   12 1 1 1
   1878   12   15   13 1 1 1
   1879   12   15   14 1 1 1
   1880   12   15   15 1 1 1
   1881   12   16    4 1 1 1
   1882   12   16    5 1 1 1
   1883   12   16    6 1 1 1
   1884   12   16    7 1 1 1
   1885   12   16    8 1 1 1
   1886   12   16    9 1 1 1
   1887   12   16   10 1 1 1
   1888   12   16   12 1 1 1
   1889   12   16   13 1 1 1
   1890   12   16   14 1 1 1
   1891   12   17    6 1 1 1
   1892   12   17    7 1 1 1
   1893   12   17    8 1 1 1
   1894   12   17    9 1 1 1
   1895   12   17   10 1 1 1
   1896   12   17   12 1 1 1
   1897   13    1    7 1 1 1
   1898   13    1    8 1 1 1
   1899   13    1    9 1 1 1
   1900   13    1   10 1 1 1
   1901   13    2    5 1 1 1
   1902   13    2    6 1 1 1
   1903   13    2    7 1 1 1
   1904   13    2    8 1 1 1
   1905   13    2    9 1 1 1
   1906   13    2   10 1 1 1
   1907   13    2   12 1 1 1
   1908   13    2   13 1 1 1
   1909   13    3    4 1 1 1
   1910   13    3    5 1 1 1
   1911   13    3    6 1 1 1
   1912   13    3    7 1 1 1
   1913   13    3    8 1 1 1
   1914   13    3    9 1 1 1
   1915   13    3   10 1 1 1
   1916   13    3   12 1 1 1
   1917   13    3   13 1 1 1
   1918   13    3   14 1 1 1
   1919   13    4    3 1 1 1
   1920   13    4    4 1 1 1
   1921   13    4    5 1 1 1
   1922   13    4    6 1 1 1
   1923   13    4    7 1 1 1
   1924   13    4    8 1 1 1
   1925   13    4    9 1 1 1
   1926   13    4   10 1 1 1
   1927   13    4   12 1 1 1
   1928   13    4   13 1 1 1
   1929   13    4   14 1 1 1
   1930   13    4   15 1 1 1
   1931   13    5    2 1 1 1
   1932   13    5    3 1 1 1
   1933   13    5    4 1 1 1
   1934   13    5    5 1 1 1
   1935   13    5    6 1 1 1
   1936   13    5    7 1 1 1
   1937   13    5    8 1 1 1
   1938   13    5    9 1 1 1
   1939   13    5   10 1 1 1
   1940   13    5   12 1 1 1
   1941   13    5   13 1 1 1
   1942   13    5   14 1 1 1
   1943   13    5   15 1 1 1
   1944   13    5   16 1 1 1
   1945   13    6    2 1 1 1
   1946   13    6    3 1 1 1
   1947   13    6    4 1 1 1
   1948   13    6    5 1 1 1
   1949   13    6    6 1 1 1
   1950   13    6    7 1 1 1
   1951   13    6    8 1 1 1
   1952   13    6    9 1 1 1
   1953   13    6   10 1 1 1
   1954   13    6   12 1 1 1
   1955   13    6   13 1 1 1
   1956   13    6   14 1 1 1
   1957   13    6   15 1 1 1
   1958   13    6   16 1 1 1
   1959   13    7    1 1 1 1
   1960   13    7    2 1 1 1
   1961   13    7    3 1 1 1
   1962   13    7    4 1 1 1
   1963   13    7    5 1 1 1
   1964   13    7    6 1 1 1
   1965   13    7    7 1 1 1
   1966   13    7    8 1 1 1
   1967   13    7    9 1 1 1
   1968   13    7   10 1 1 1
   1969   13    7   12 1 1 1
   1970   13    7   13 1 1 1
   1971   13    7   14 1 1 1
   1972   13    7   15 1 1 1
   1973   13    7   16 1 1 1
   1974   13    7   17 1 1 1
   1975   13    8    1 1 1 1
   1976   13    8    2 1 1 1
   1977   13    8    3 1 1 1
   1978   13    8    4 1 1 1
   1979   13    8    5 1 1 1
   1980   13    8    6 1 1 1
   1981   13    8    7 1 1 1
   1982   13    8    8 1 1 1
   1983   13    8    9 1 1 1
   1984   13    8   10 1 1 1
   1985   13    8   12 1 1 1
   1986   13    8   13 1 1 1
   1987   13    8   14 1 1 1
   1988   13    8   15 1 1 1
   1989   13    8   16 1 1 1
   1990   13    8   17 1 1 1
   1991   13    9    1 1 1 1
   1992   13    9    2 1 1 1
   1993   13    9    3 1 1 1
   1994   13    9    4 1 1 1
   1995   13    9    5 1 1 1
   1996   13    9    6 1 1 1
   1997   13    9    7 1 1 1
   1998   13    9    8 1 1 1
   1999   13    9    9 1 1 1
   2000   13    9   10 1 1 1
   2001   13    9   12 1 1 1
   2002   13    9   13 1 1 1
   2003   13    9   14 1 1 1
   2004   13    9   15 1 1 1
   2005   13    9   16 1 1 1
   2006   13    9   17 1 1 1
   2007   13   10    1 1 1 1
   2008   13   10    2 1 1 1
   2009   13   10    3 1 1 1
   2010   13   10    4 1 1 1
   2011   13   10    5 1 1 1
   2012   13   10    6 1 1 1
   2013   13   10    7 1 1 1
   2014   13   10    8 1 1 1
   2015   13   10    9 1 1 1
   2016   13   10   10 1 1 1
   2017   13   10   12 1 1 1
   2018   13   10   13 1 1 1
   2019   13   10   14 1 1 1
   2020   13   10   15 1 1 1
   2021   13   10   16 1 1 1
   2022   13   10   17 1 1 1
   2023   13   12    2 1 1 1
   2024   13   12    3 1 1 1
   2025   13   12    4 1 1 1
   2026   13   12    5 1 1 1
   2027   13   12    6 1 1 1
   2028   13   12    7 1 1 1
   2029   13   12    8 1 1 1
   2030   13   12    9 1 1 1
   2031   13   12   10 1 1 1
   2032   13   12   12 1 1 1
   2033   13   12   13 1 1 1
   2034   13   12   14 1 1 1
   2035   13   12   15 1 1 1
   2036   13   12   16 1 1 1
   2037   13   13    2 1 1 1
   2038   13   13    3 1 1 1
   2039   13   13    4 1 1 1
   2040   13   13    5 1 1 1
   2041   13   13    6 1 1 1
   2042   13   13    7 1 1 1
   2043   13   13    8 1 1 1
   2044   13   13    9 1 1 1
   2045   13   13   10 1 1 1
   2046   13   13   12 1 1 1
   2047   13   13   13 1 1 1
   2048   13   13   14 1 1 1
   2049   13   13   15 1 1 1
   2050   13   13   16 1 1 1
   2051   13   14    3 1 1 1
   2052   13   14    4 1 1 1
   2053   13   14    5 1 1 1
   2054   13   14    6 1 1 1
   2055   13   14    7 1 1 1
   2056   13   14    8 1 1 1
   2057   13   14    9 1 1 1
   2058   13   14   10 1 1 1
   2059   13   14   12 1 1 1
   2060   13   14   13 1 1 1
   2061   13   14   14 1 1 1
   2062   13   14   15 1 1 1
   2063   13   15    4 1 1 1
   2064   13   15    5 1 1 1
   2065   13   15    6 1 1 1
   2066   13   15    7 1 1 1
   2067   13   15    8 1 1 1
   2068   13   15    9 1 1 1
   2069   13   15   10 1 1 1
   2070   13   15   12 1 1 1
   2071   13   15   13 1 1 1
   2072   13   15   14 1 1 1
   2073   13   16    5 1 1 1
   2074   13   16    6 1 1 1
   2075   13   16    7 1 1 1
   2076   13   16    8 1 1 1
   2077   13   16    9 1 1 1
   2078   13   16   10 1 1 1
   2079   13   16   12 1 1 1
   2080   13   16   13 1 1 1
   2081   13   17    7 1 1 1
   2082   13   17    8 1 1 1
   2083   13   17    9 1 1 1
   2084   13   17   10 1 1 1
   2085   14    2    6 1 1 1
   2086   14    2    7 1 1 1
   2087   14    2    8 1 1 1
   2088   14    2    9 1 1 1
   2089   14    2   10 1 1 1
   2090   14    2   12 1 1 1
   2091   14    3    4 1 1 1
   2092   14    3    5 1 1 1
   2093   14    3    6 1 1 1
   2094   14    3    7 1 1 1
   2095   14    3    8 1 1 1
   2096   14    3    9 1 1 1
   2097   14    3   10 1 1 1
   2098   14    3   12 1 1 1
   2099   14    3   13 1 1 1
   2100   14    3   14 1 1 1
   2101   14    4    3 1 1 1
   2102   14    4    4 1 1 1
   2103   14    4    5 1 1 1
   2104   14    4    6 1 1 1
   2105   14    4    7 1 1 1
   2106   14    4    8 1 1 1
   2107   14    4    9 1 1 1
   2108   14    4   10 1 1 1
   2109   14    4   12 1 1 1
   2110   14    4   13 1 1 1
   2111   14    4   14 1 1 1
   2112   14    4   15 1 1 1
   2113   14    5    3 1 1 1
   2114   14    5    4 1 1 1
   2115   14    5    5 1 1 1
   2116   14    5    6 1 1 1
   2117   14    5    7 1 1 1
   2118   14    5    8 1 1 1
   2119   14    5    9 1 1 1
   2120   14    5   10 1 1 1
   2121   14    5   12 1 1 1
   2122   14    5   13 1 1 1
   2123   14    5   14 1 1 1
   2124   14    5   15 1 1 1
   2125   14    6    2 1 1 1
   2126   14    6    3 1 1 1
   2127   14    6    4 1 1 1
   2128   14    6    5 1 1 1
   2129   14    6    6 1 1 1
   2130   14    6    7 1 1 1
   2131   14    6    8 1 1 1
   2132   14    6    9 1 1 1
   2133   14    6   10 1 1 1
   2134   14    6   12 1 1 1
   2135   14    6   13 1 1 1
   2136   14    6   14 1 1 1
   2137   14    6   15 1 1 1
   2138   14    6   16 1 1 1
   2139   14    7    2 1 1 1
   2140   14    7    3 1 1 1
   2141   14    7    4 1 1 1
   2142   14    7    5 1 1 1
   2143   14    7    6 1 1 1
   2144   14    7    7 1 1 1
   2145   14    7    8 1 1 1
   2146   14    7    9 1 1 1
   2147   14    7   10 1 1 1
   2148   14    7   12 1 1 1
   2149   14    7   13 1 1 1
   2150   14    7   14 1 1 1
   2151   14    7   15 1 1 1
   2152   14    7   16 1 1 1
   2153   14    8    2 1 1 1
   2154   14    8    3 1 1 1
   2155   14    8    4 1 1 1
   2156   14    8    5 1 1 1
   2157   14    8    6 1 1 1
   2158   14    8    7 1 1 1
   2159   14    8    8 1 1 1
   2160   14    8    9 1 1 1
   2161   14    8   10 1 1 1
   2162   14    8   12 1 1 1
   2163   14    8   13 1 1 1
   2164   14    8   14 1 1 1
   2165   14    8   15 1 1 1
   2166   14    8   16 1 1 1
   2167   14    9    2 1 1 1
   2168   14    9    3 1 1 1
   2169   14    9    4 1 1 1
   2170   14    9    5 1 1 1
   2171   14    9    6 1 1 1
   2172   14    9    7 1 1 1
   2173   14    9    8 1 1 1
   2174   14    9    9 1 1 1
   2175   14    9   10 1 1 1
   2176   14    9   12 1 1 1
   2177   14    9   13 1 1 1
   2178   14    9   14 1 1 1
   2179   14    9   15 1 1 1
   2180   14    9   16 1 1 1
   2181   14   10    2 1 1 1
   2182   14   10    3 1 1 1
   2183   14   10    4 1 1 1
   2184   14   10    5 1 1 1
   2185   14   10    6 1 1 1
   2186   14   10    7 1 1 1
   2187   14   10    8 1 1 1
   2188   14   10    9 1 1 1
   2189   14   10   10 1 1 1
   2190   14   10   12 1 1 1
   2191   14   10   13 1 1 1
   2192   14   10   14 1 1 1
   2193   14   10   15 1 1 1
   2194   14   10   16 1 1 1
   2195   14   12    2 1 1 1
   2196   14   12    3 1 1 1
   2197   14   12    4 1 1 1
   2198   14   12    5 1 1 1
   2199   14   12    6 1 1 1
   2200   14   12    7 1 1 1
   2201   14   12    8 1 1 1
   2202   14   12    9 1 1 1
   2203   14   12   10 1 1 1
   2204   14   12   12 1 1 1
   2205   14   12   13 1 1 1
   2206   14   12   14 1 1 1
   2207   14   12   15 1 1 1
   2208   14   12   16 1 1 1
   2209   14   13    3 1 1 1
   2210   14   13    4 1 1 1
   2211   14   13    5 1 1 1
   2212   14   13    6 1 1 1
   2213   14   13    7 1 1 1
   2214   14   13    8 1 1 1
   2215   14   13    9 1 1 1
   2216   14   13   10 1 1 1
   2217   14   13   12 1 1 1
   2218   14   13   13 1 1 1
   2219   14   13   14 1 1 1
   2220   14   13   15 1 1 1
   2221   14   14    3 1 1 1
   2222   14   14    4 1 1 1
   2223   14   14    5 1 1 1
   2224   14   14    6 1 1 1
   2225   14   14    7 1 1 1
   2226   14   14    8 1 1 1
   2227   14   14    9 1 1 1
   2228   14   14   10 1 1 1
   2229   14   14   12 1 1 1
   2230   14   14   13 1 1 1
   2231   14   14   14 1 1 1
   2232   14   14   15 1 1 1
   2233   14   15    4 1 1 1
   2234   14   15    5 1 1 1
   2235   14   15    6 1 1 1
   2236   14   15    7 1 1 1
   2237   14   15    8 1 1 1
   2238   14   15    9 1 1 1
   2239   14   15   10 1 1 1
   2240   14   15   12 1 1 1
   2241   14   15   13 1 1 1
   2242   14   15   14 1 1 1
   2243   14   16    6 1 1 1
   2244   14   16    7 1 1 1
   2245   14   16    8 1 1 1
   2246   14   16    9 1 1 1
   2247   14   16   10 1 1 1
   2248   14   16   12 1 1 1
   2249   15    3    6 1 1 1
   2250   15    3    7 1 1 1
   2251   15    3    8 1 1 1
   2252   15    3    9 1 1 1
   2253   15    3   10 1 1 1
   2254   15    3   12 1 1 1
   2255   15    4    4 1 1 1
   2256   15    4    5 1 1 1
   2257   15    4    6 1 1 1
   2258   15    4    7 1 1 1
   2259   15    4    8 1 1 1
   2260   15    4    9 1 1 1
   2261   15    4   10 1 1 1
   2262   15    4   12 1 1 1
   2263   15    4   13 1 1 1
   2264   15    4   14 1 1 1
   2265   15    5    4 1 1 1
   2266   15    5    5 1 1 1
   2267   15    5    6 1 1 1
   2268   15    5    7 1 1 1
   2269   15    5    8 1 1 1
   2270   15    5    9 1 1 1
   2271   15    5   10 1 1 1
   2272   15    5   12 1 1 1
   2273   15    5   13 1 1 1
   2274   15    5   14 1 1 1
   2275   15    6    3 1 1 1
   2276   15    6    4 1 1 1
   2277   15    6    5 1 1 1
   2278   15    6    6 1 1 1
   2279   15    6    7 1 1 1
   2280   15    6    8 1 1 1
   2281   15    6    9 1 1 1
   2282   15    6   10 1 1 1
   2283   15    6   12 1 1 1
   2284   15    6   13 1 1 1
   2285   15    6   14 1 1 1
   2286   15    6   15 1 1 1
   2287   15    7    3 1 1 1
   2288   15    7    4 1 1 1
   2289   15    7    5 1 1 1
   2290   15    7    6 1 1 1
   2291   15    7    7 1 1 1
   2292   15    7    8 1 1 1
   2293   15    7    9 1 1 1
   2294   15    7   10 1 1 1
   2295   15    7   12 1 1 1
   2296   15    7   13 1 1 1
   2297   15    7   14 1 1 1
   2298   15    7   15 1 1 1
   2299   15    8    3 1 1 1
   2300   15    8    4 1 1 1
   2301   15    8    5 1 1 1
   2302   15    8    6 1 1 1
   2303   15    8    7 1 1 1
   2304   15    8    8 1 1 1
   2305   15    8    9 1 1 1
   2306   15    8   10 1 1 1
   2307   15    8   12 1 1 1
   2308   15    8   13 1 1 1
   2309   15    8   14 1 1 1
   2310   15    8   15 1 1 1
   2311   15    9    3 1 1 1
   2312   15    9    4 1 1 1
   2313   15    9    5 1 1 1
   2314   15    9    6 1 1 1
   2315   15    9    7 1 1 1
   2316   15    9    8 1 1 1
   2317   15    9    9 1 1 1
   2318   15    9   10 1 1 1
   2319   15    9   12 1 1 1
   2320   15    9   13 1 1 1
   2321   15    9   14 1 1 1
   2322   15    9   15 1 1 1
   2323   15   10    3 1 1 1
   2324   15   10    4 1 1 1
   2325   15   10    5 1 1 1
   2326   15   10    6 1 1 1
   2327   15   10    7 1 1 1
   2328   15   10    8 1 1 1
   2329   15   10    9 1 1 1
   2330   15   10   10 1 1 1
   2331   15   10   12 1 1 1
   2332   15   10   13 1 1 1
   2333   15   10   14 1 1 1
   2334   15   10   15 1 1 1
   2335   15   12    3 1 1 1
   2336   15   12    4 1 1 1
   2337   15   12    5 1 1 1
   2338   15   12    6 1 1 1
   2339   15   12    7 1 1 1
   2340   15   12    8 1 1 1
   2341   15   12    9 1 1 1
   2342   15   12   10 1 1 1
   2343   15   12   12 1 1 1
   2344   15   12   13 1 1 1
   2345   15   12   14 1 1 1
   2346   15   12   15 1 1 1
   2347   15   13    4 1 1 1
   2348   15   13    5 1 1 1
   2349   15   13    6 1 1 1
   2350   15   13    7 1 1 1
   2351   15   13    8 1 1 1
   2352   15   13    9 1 1 1
   2353   15   13   10 1 1 1
   2354   15   13   12 1 1 1
   2355   15   13   13 1 1 1
   2356   15   13   14 1 1 1
   2357   15   14    4 1 1 1
   2358   15   14    5 1 1 1
   2359   15   14    6 1 1 1
   2360   15   14    7 1 1 1
   2361   15   14    8 1 1 1
   2362   15   14    9 1 1 1
   2363   15   14   10 1 1 1
   2364   15   14   12 1 1 1
   2365   15   14   13 1 1 1
   2366   15   14   14 1 1 1
   2367   15   15    6 1 1 1
   2368   15   15    7 1 1 1
   2369   15   15    8 1 1 1
   2370   15   15    9 1 1 1
   2371   15   15   10 1 1 1
   2372   15   15   12 1 1 1
   2373   16    4    6 1 1 1
   2374   16    4    7 1 1 1
   2375   16    4    8 1 1 1
   2376   16    4    9 1 1 1
   2377   16    4   10 1 1 1
   2378   16    4   12 1 1 1
   2379   16    5    5 1 1 1
   2380   16    5    6 1 1 1
   2381   16    5    7 1 1 1
   2382   16    5    8 1 1 1
   2383   16    5    9 1 1 1
   2384   16    5   10 1 1 1
   2385   16    5   12 1 1 1
   2386   16    5   13 1 1 1
   2387   16    6    4 1 1 1
   2388   16    6    5 1 1 1
   2389   16    6    6 1 1 1
   2390   16    6    7 1 1 1
   2391   16    6    8 1 1 1
   2392   16    6    9 1 1 1
   2393   16    6   10 1 1 1
   2394   16    6   12 1 1 1
   2395   16    6   13 1 1 1
   2396   16    6   14 1 1 1
   2397   16    7    4 1 1 1
   2398   16    7    5 1 1 1
   2399   16    7    6 1 1 1
   2400   16    7    7 1 1 1
   2401   16    7    8 1 1 1
   2402   16    7    9 1 1 1
   2403   16    7   10 1 1 1
   2404   16    7   12 1 1 1
   2405   16    7   13 1 1 1
   2406   16    7   14 1 1 1
   2407   16    8    4 1 1 1
   2408   16    8    5 1 1 1
   2409   16    8    6 1 1 1
   2410   16    8    7 1 1 1
   2411   16    8    8 1 1 1
   2412   16    8    9 1 1 1
   2413   16    8   10 1 1 1
   2414   16    8   12 1 1 1
   2415   16    8   13 1 1 1
   2416   16    8   14 1 1 1
   2417   16    9    4 1 1 1
   2418   16    9    5 1 1 1
   2419   16    9    6 1 1 1
   2420   16    9    7 1 1 1
   2421   16    9    8 1 1 1
   2422   16    9    9 1 1 1
   2423   16    9   10 1 1 1
   2424   16    9   12 1 1 1
   2425   16    9   13 1 1 1
   2426   16    9   14 1 1 1
   2427   16   10    4 1 1 1
   2428   16   10    5 1 1 1
   2429   16   10    6 1 1 1
   2430   16   10    7 1 1 1
   2431   16   10    8 1 1 1
   2432   16   10    9 1 1 1
   2433   16   10   10 1 1 1
   2434   16   10   12 1 1 1
   2435   16   10   13 1 1 1
   2436   16   10   14 1 1 1
   2437   16   12    4 1 1 1
   2438   16   12    5 1 1 1
   2439   16   12    6 1 1 1
   2440   16   12    7 1 1 1
   2441   16   12    8 1 1 1
   2442   16   12    9 1 1 1
   2443   16   12   10 1 1 1
   2444   16   12   12 1 1 1
   2445   16   12   13 1 1 1
   2446   16   12   14 1 1 1
   2447   16   13    5 1 1 1
   2448   16   13    6 1 1 1
   2449   16   13    7 1 1 1
   2450   16   13    8 1 1 1
   2451   16   13    9 1 1 1
   2452   16   13   10 1 1 1
   2453   16   13   12 1 1 1
   2454   16   13   13 1 1 1
   2455   16   14    6 1 1 1
   2456   16   14    7 1 1 1
   2457   16   14    8 1 1 1
   2458   16   14    9 1 1 1
   2459   16   14   10 1 1 1
   2460   16   14   12 1 1 1
   2461   17    5    7 1 1 1
   2462   17    5    8 1 1 1
   2463   17    5    9 1 1 1
   2464   17    5   10 1 1 1
   2465   17    6    6 1 1 1
   2466   17    6    7 1 1 1
   2467   17    6    8 1 1 1
   2468   17    6    9 1 1 1
   2469   17    6   10 1 1 1
   2470   17    6   12 1 1 1
   2471   17    7    5 1 1 1
   2472   17    7    6 1 1 1
   2473   17    7    7 1 1 1
   2474   17    7    8 1 1 1
   2475   17    7    9 1 1 1
   2476   17    7   10 1 1 1
   2477   17    7   12 1 1 1
   2478   17    7   13 1 1 1
   2479   17    8    5 1 1 1
   2480   17    8    6 1 1 1
   2481   17    8    7 1 1 1
   2482   17    8    8 1 1 1
   2483   17    8    9 1 1 1
   2484   17    8   10 1 1 1
   2485   17    8   12 1 1 1
   2486   17    8   13 1 1 1
   2487   17    9    5 1 1 1
   2488   17    9    6 1 1 1
   2489   17    9    7 1 1 1
   2490   17    9    8 1 1 1
   2491   17    9    9 1 1 1
   2492   17    9   10 1 1 1
   2493   17    9   12 1 1 1
   2494   17    9   13 1 1 1
   2495   17   10    5 1 1 1
   2496   17   10    6 1 1 1
   2497   17   10    7 1 1 1
   2498   17   10    8 1 1 1
   2499   17   10    9 1 1 1
   2500   17   10   10 1 1 1
   2501   17   10   12 1 1 1
   2502   17   10   13 1 1 1
   2503   17   12    6 1 1 1
   2504   17   12    7 1 1 1
   2505   17   12    8 1 1 1
   2506   17   12    9 1 1 1
   2507   17   12   10 1 1 1
   2508   17   12   12 1 1 1
   2509   17   13    7 1 1 1
   2510   17   13    8 1 1 1
   2511   17   13    9 1 1 1
   2512   17   13   10 1 1 1
