 >REASHP: option FROM_FILE
      3344 = NAT
  1.000000  0.000000  0.000000 = A_1 vector
  0.000000  1.000000  0.000000 = A_2 vector
  1.000000  1.000000  1.000000 = lattice spacings (d_x,d_y,d_z)/d
  -0.10650  -0.09010  -0.03645 = lattice offset x0(1-3) = (x_TF,y_TF,z_TF)/d for dipole 0 0 0
     JA  IX  IY  IZ ICOMP(x,y,z)
      1    1    1    1 1 1 1
      2    1    1    2 1 1 1
      3    1    1    3 1 1 1
      4    1    1    4 1 1 1
      5    1    1    5 1 1 1
      6    1    1    6 1 1 1
      7    1    1    7 1 1 1
      8    1    1    8 1 1 1
      9    1    2    1 1 1 1
     10    1    2    2 1 1 1
     11    1    2    3 1 1 1
     12    1    2    4 1 1 1
     13    1    2    5 1 1 1
     14    1    2    6 1 1 1
     15    1    2    7 1 1 1
     16    1    2    8 1 1 1
     17    1    3    1 1 1 1
     18    1    3    2 1 1 1
     19    1    3    3 1 1 1
     20    1    3    4 1 1 1
     21    1    3    5 1 1 1
     22    1    3    6 1 1 1
     23    1    3    7 1 1 1
     24    1    3    8 1 1 1
     25    1    4    1 1 1 1
     26    1    4    2 1 1 1
     27    1    4    3 1 1 1
     28    1    4    4 1 1 1
     29    1    4    5 1 1 1
     30    1    4    6 1 1 1
     31    1    4    7 1 1 1
     32    1    4    8 1 1 1
     33    1    5    1 1 1 1
     34    1    5    2 1 1 1
     35    1    5    3 1 1 1
     36    1    5    4 1 1 1
     37    1    5    5 1 1 1
     38    1    5    6 1 1 1
     39    1    5    7 1 1 1
     40    1    5    8 1 1 1
     41    1    6    1 1 1 1
     42    1    6    2 1 1 1
     43    1    6    3 1 1 1
     44    1    6    4 1 1 1
     45    1    6    5 1 1 1
     46    1    6    6 1 1 1
     47    1    6    7 1 1 1
     48    1    6    8 1 1 1
     49    1    7    1 1 1 1
     50    1    7    2 1 1 1
     51    1    7    3 1 1 1
     52    1    7    4 1 1 1
     53    1    7    5 1 1 1
     54    1    7    6 1 1 1
     55    1    7    7 1 1 1
     56    1    7    8 1 1 1
     57    1    8    1 1 1 1
     58    1    8    2 1 1 1
     59    1    8    3 1 1 1
     60    1    8    4 1 1 1
     61    1    8    5 1 1 1
     62    1    8    6 1 1 1
     63    1    8    7 1 1 1
     64    1    8    8 1 1 1
     65    1    9    1 1 1 1
     66    1    9    2 1 1 1
     67    1    9    3 1 1 1
     68    1    9    4 1 1 1
     69    1    9    5 1 1 1
     70    1    9    6 1 1 1
     71    1    9    7 1 1 1
     72    1    9    8 1 1 1
     73    1   10    1 1 1 1
     74    1   10    2 1 1 1
     75    1   10    3 1 1 1
     76    1   10    4 1 1 1
     77    1   10    5 1 1 1
     78    1   10    6 1 1 1
     79    1   10    7 1 1 1
     80    1   10    8 1 1 1
     81    1   11    1 1 1 1
     82    1   11    2 1 1 1
     83    1   11    3 1 1 1
     84    1   11    4 1 1 1
     85    1   11    5 1 1 1
     86    1   11    6 1 1 1
     87    1   11    7 1 1 1
     88    1   11    8 1 1 1
     89    1   12    1 1 1 1
     90    1   12    2 1 1 1
     91    1   12    3 1 1 1
     92    1   12    4 1 1 1
     93    1   12    5 1 1 1
     94    1   12    6 1 1 1
     95    1   12    7 1 1 1
     96    1   12    8 1 1 1
     97    1   13    1 1 1 1
     98    1   13    2 1 1 1
     99    1   13    3 1 1 1
    100    1   13    4 1 1 1
    101    1   13    5 1 1 1
    102    1   13    6 1 1 1
    103    1   13    7 1 1 1
    104    1   13    8 1 1 1
    105    1   14    1 1 1 1
    106    1   14    2 1 1 1
    107    1   14    3 1 1 1
    108    1   14    4 1 1 1
    109    1   14    5 1 1 1
    110    1   14    6 1 1 1
    111    1   14    7 1 1 1
    112    1   14    8 1 1 1
    113    1   15    1 1 1 1
    114    1   15    2 1 1 1
    115    1   15    3 1 1 1
    116    1   15    4 1 1 1
    117    1   15    5 1 1 1
    118    1   15    6 1 1 1
    119    1   15    7 1 1 1
    120    1   15    8 1 1 1
    121    1   16    1 1 1 1
    122    1   16    2 1 1 1
    123    1   16    3 1 1 1
    124    1   16    4 1 1 1
    125    1   16    5 1 1 1
    126    1   16    6 1 1 1
    127    1   16    7 1 1 1
    128    1   16    8 1 1 1
    129    1   17    1 1 1 1
    130    1   17    2 1 1 1
    131    1   17    3 1 1 1
    132    1   17    4 1 1 1
    133    1   17    5 1 1 1
    134    1   17    6 1 1 1
    135    1   17    7 1 1 1
    136    1   17    8 1 1 1
    137    1   18    1 1 1 1
    138    1   18    2 1 1 1
    139    1   18    3 1 1 1
    140    1   18    4 1 1 1
    141    1   18    5 1 1 1
    142    1   18    6 1 1 1
    143    1   18    7 1 1 1
    144    1   18    8 1 1 1
    145    1   19    1 1 1 1
    146    1   19    2 1 1 1
    147    1   19    3 1 1 1
    148    1   19    4 1 1 1
    149    1   19    5 1 1 1
    150    1   19    6 1 1 1
    151    1   19    7 1 1 1
    152    1   19    8 1 1 1
    153    2    1    1 1 1 1
    154    2    1    2 1 1 1
    155    2    1    3 1 1 1
    156    2    1    4 1 1 1
    157    2    1    5 1 1 1
    158    2    1    6 1 1 1
    159    2    1    7 1 1 1
    160    2    1    8 1 1 1
    161    2    2    1 1 1 1
    162    2    2    2 1 1 1
    163    2    2    3 1 1 1
    164    2    2    4 1 1 1
    165    2    2    5 1 1 1
    166    2    2    6 1 1 1
    167    2    2    7 1 1 1
    168    2    2    8 1 1 1
    169    2    3    1 1 1 1
    170    2    3    2 1 1 1
    171    2    3    3 1 1 1
    172    2    3    4 1 1 1
    173    2    3    5 1 1 1
    174    2    3    6 1 1 1
    175    2    3    7 1 1 1
    176    2    3    8 1 1 1
    177    2    4    1 1 1 1
    178    2    4    2 1 1 1
    179    2    4    3 1 1 1
    180    2    4    4 1 1 1
    181    2    4    5 1 1 1
    182    2    4    6 1 1 1
    183    2    4    7 1 1 1
    184    2    4    8 1 1 1
    185    2    5    1 1 1 1
    186    2    5    2 1 1 1
    187    2    5    3 1 1 1
    188    2    5    4 1 1 1
    189    2    5    5 1 1 1
    190    2    5    6 1 1 1
    191    2    5    7 1 1 1
    192    2    5    8 1 1 1
    193    2    6    1 1 1 1
    194    2    6    2 1 1 1
    195    2    6    3 1 1 1
    196    2    6    4 1 1 1
    197    2    6    5 1 1 1
    198    2    6    6 1 1 1
    199    2    6    7 1 1 1
    200    2    6    8 1 1 1
    201    2    7    1 1 1 1
    202    2    7    2 1 1 1
    203    2    7    3 1 1 1
    204    2    7    4 1 1 1
    205    2    7    5 1 1 1
    206    2    7    6 1 1 1
    207    2    7    7 1 1 1
    208    2    7    8 1 1 1
    209    2    8    1 1 1 1
    210    2    8    2 1 1 1
    211    2    8    3 1 1 1
    212    2    8    4 1 1 1
    213    2    8    5 1 1 1
    214    2    8    6 1 1 1
    215    2    8    7 1 1 1
    216    2    8    8 1 1 1
    217    2    9    1 1 1 1
    218    2    9    2 1 1 1
    219    2    9    3 1 1 1
    220    2    9    4 1 1 1
    221    2    9    5 1 1 1
    222    2    9    6 1 1 1
    223    2    9    7 1 1 1
    224    2    9    8 1 1 1
    225    2   10    1 1 1 1
    226    2   10    2 1 1 1
    227    2   10    3 1 1 1
    228    2   10    4 1 1 1
    229    2   10    5 1 1 1
    230    2   10    6 1 1 1
    231    2   10    7 1 1 1
    232    2   10    8 1 1 1
    233    2   11    1 1 1 1
    234    2   11    2 1 1 1
    235    2   11    3 1 1 1
    236    2   11    4 1 1 1
    237    2   11    5 1 1 1
    238    2   11    6 1 1 1
    239    2   11    7 1 1 1
    240    2   11    8 1 1 1
    241    2   12    1 1 1 1
    242    2   12    2 1 1 1
    243    2   12    3 1 1 1
    244    2   12    4 1 1 1
    245    2   12    5 1 1 1
    246    2   12    6 1 1 1
    247    2   12    7 1 1 1
    248    2   12    8 1 1 1
    249    2   13    1 1 1 1
    250    2   13    2 1 1 1
    251    2   13    3 1 1 1
    252    2   13    4 1 1 1
    253    2   13    5 1 1 1
    254    2   13    6 1 1 1
    255    2   13    7 1 1 1
    256    2   13    8 1 1 1
    257    2   14    1 1 1 1
    258    2   14    2 1 1 1
    259    2   14    3 1 1 1
    260    2   14    4 1 1 1
    261    2   14    5 1 1 1
    262    2   14    6 1 1 1
    263    2   14    7 1 1 1
    264    2   14    8 1 1 1
    265    2   15    1 1 1 1
    266    2   15    2 1 1 1
    267    2   15    3 1 1 1
    268    2   15    4 1 1 1
    269    2   15    5 1 1 1
    270    2   15    6 1 1 1
    271    2   15    7 1 1 1
    272    2   15    8 1 1 1
    273    2   16    1 1 1 1
    274    2   16    2 1 1 1
    275    2   16    3 1 1 1
    276    2   16    4 1 1 1
    277    2   16    5 1 1 1
    278    2   16    6 1 1 1
    279    2   16    7 1 1 1
    280    2   16    8 1 1 1
    281    2   17    1 1 1 1
    282    2   17    2 1 1 1
    283    2   17    3 1 1 1
    284    2   17    4 1 1 1
    285    2   17    5 1 1 1
    286    2   17    6 1 1 1
    287    2   17    7 1 1 1
    288    2   17    8 1 1 1
    289    2   18    1 1 1 1
    290    2   18    2 1 1 1
    291    2   18    3 1 1 1
    292    2   18    4 1 1 1
    293    2   18    5 1 1 1
    294    2   18    6 1 1 1
    295    2   18    7 1 1 1
    296    2   18    8 1 1 1
    297    2   19    1 1 1 1
    298    2   19    2 1 1 1
    299    2   19    3 1 1 1
    300    2   19    4 1 1 1
    301    2   19    5 1 1 1
    302    2   19    6 1 1 1
    303    2   19    7 1 1 1
    304    2   19    8 1 1 1
    305    3    1    1 1 1 1
    306    3    1    2 1 1 1
    307    3    1    3 1 1 1
    308    3    1    4 1 1 1
    309    3    1    5 1 1 1
    310    3    1    6 1 1 1
    311    3    1    7 1 1 1
    312    3    1    8 1 1 1
    313    3    2    1 1 1 1
    314    3    2    2 1 1 1
    315    3    2    3 1 1 1
    316    3    2    4 1 1 1
    317    3    2    5 1 1 1
    318    3    2    6 1 1 1
    319    3    2    7 1 1 1
    320    3    2    8 1 1 1
    321    3    3    1 1 1 1
    322    3    3    2 1 1 1
    323    3    3    3 1 1 1
    324    3    3    4 1 1 1
    325    3    3    5 1 1 1
    326    3    3    6 1 1 1
    327    3    3    7 1 1 1
    328    3    3    8 1 1 1
    329    3    4    1 1 1 1
    330    3    4    2 1 1 1
    331    3    4    3 1 1 1
    332    3    4    4 1 1 1
    333    3    4    5 1 1 1
    334    3    4    6 1 1 1
    335    3    4    7 1 1 1
    336    3    4    8 1 1 1
    337    3    5    1 1 1 1
    338    3    5    2 1 1 1
    339    3    5    3 1 1 1
    340    3    5    4 1 1 1
    341    3    5    5 1 1 1
    342    3    5    6 1 1 1
    343    3    5    7 1 1 1
    344    3    5    8 1 1 1
    345    3    6    1 1 1 1
    346    3    6    2 1 1 1
    347    3    6    3 1 1 1
    348    3    6    4 1 1 1
    349    3    6    5 1 1 1
    350    3    6    6 1 1 1
    351    3    6    7 1 1 1
    352    3    6    8 1 1 1
    353    3    7    1 1 1 1
    354    3    7    2 1 1 1
    355    3    7    3 1 1 1
    356    3    7    4 1 1 1
    357    3    7    5 1 1 1
    358    3    7    6 1 1 1
    359    3    7    7 1 1 1
    360    3    7    8 1 1 1
    361    3    8    1 1 1 1
    362    3    8    2 1 1 1
    363    3    8    3 1 1 1
    364    3    8    4 1 1 1
    365    3    8    5 1 1 1
    366    3    8    6 1 1 1
    367    3    8    7 1 1 1
    368    3    8    8 1 1 1
    369    3    9    1 1 1 1
    370    3    9    2 1 1 1
    371    3    9    3 1 1 1
    372    3    9    4 1 1 1
    373    3    9    5 1 1 1
    374    3    9    6 1 1 1
    375    3    9    7 1 1 1
    376    3    9    8 1 1 1
    377    3   10    1 1 1 1
    378    3   10    2 1 1 1
    379    3   10    3 1 1 1
    380    3   10    4 1 1 1
    381    3   10    5 1 1 1
    382    3   10    6 1 1 1
    383    3   10    7 1 1 1
    384    3   10    8 1 1 1
    385    3   11    1 1 1 1
    386    3   11    2 1 1 1
    387    3   11    3 1 1 1
    388    3   11    4 1 1 1
    389    3   11    5 1 1 1
    390    3   11    6 1 1 1
    391    3   11    7 1 1 1
    392    3   11    8 1 1 1
    393    3   12    1 1 1 1
    394    3   12    2 1 1 1
    395    3   12    3 1 1 1
    396    3   12    4 1 1 1
    397    3   12    5 1 1 1
    398    3   12    6 1 1 1
    399    3   12    7 1 1 1
    400    3   12    8 1 1 1
    401    3   13    1 1 1 1
    402    3   13    2 1 1 1
    403    3   13    3 1 1 1
    404    3   13    4 1 1 1
    405    3   13    5 1 1 1
    406    3   13    6 1 1 1
    407    3   13    7 1 1 1
    408    3   13    8 1 1 1
    409    3   14    1 1 1 1
    410    3   14    2 1 1 1
    411    3   14    3 1 1 1
    412    3   14    4 1 1 1
    413    3   14    5 1 1 1
    414    3   14    6 1 1 1
    415    3   14    7 1 1 1
    416    3   14    8 1 1 1
    417    3   15    1 1 1 1
    418    3   15    2 1 1 1
    419    3   15    3 1 1 1
    420    3   15    4 1 1 1
    421    3   15    5 1 1 1
    422    3   15    6 1 1 1
    423    3   15    7 1 1 1
    424    3   15    8 1 1 1
    425    3   16    1 1 1 1
    426    3   16    2 1 1 1
    427    3   16    3 1 1 1
    428    3   16    4 1 1 1
    429    3   16    5 1 1 1
    430    3   16    6 1 1 1
    431    3   16    7 1 1 1
    432    3   16    8 1 1 1
    433    3   17    1 1 1 1
    434    3   17    2 1 1 1
    435    3   17    3 1 1 1
    436    3   17    4 1 1 1
    437    3   17    5 1 1 1
    438    3   17    6 1 1 1
    439    3   17    7 1 1 1
    440    3   17    8 1 1 1
    441    3   18    1 1 1 1
    442    3   18    2 1 1 1
    443    3   18    3 1 1 1
    444    3   18    4 1 1 1
    445    3   18    5 1 1 1
    446    3   18    6 1 1 1
    447    3   18    7 1 1 1
    448    3   18    8 1 1 1
    449    3   19    1 1 1 1
    450    3   19    2 1 1 1
    451    3   19    3 1 1 1
    452    3   19    4 1 1 1
    453    3   19    5 1 1 1
    454    3   19    6 1 1 1
    455    3   19    7 1 1 1
    456    3   19    8 1 1 1
    457    4    1    1 1 1 1
    458    4    1    2 1 1 1
    459    4    1    3 1 1 1
    460    4    1    4 1 1 1
    461    4    1    5 1 1 1
    462    4    1    6 1 1 1
    463    4    1    7 1 1 1
    464    4    1    8 1 1 1
    465    4    2    1 1 1 1
    466    4    2    2 1 1 1
    467    4    2    3 1 1 1
    468    4    2    4 1 1 1
    469    4    2    5 1 1 1
    470    4    2    6 1 1 1
    471    4    2    7 1 1 1
    472    4    2    8 1 1 1
    473    4    3    1 1 1 1
    474    4    3    2 1 1 1
    475    4    3    3 1 1 1
    476    4    3    4 1 1 1
    477    4    3    5 1 1 1
    478    4    3    6 1 1 1
    479    4    3    7 1 1 1
    480    4    3    8 1 1 1
    481    4    4    1 1 1 1
    482    4    4    2 1 1 1
    483    4    4    3 1 1 1
    484    4    4    4 1 1 1
    485    4    4    5 1 1 1
    486    4    4    6 1 1 1
    487    4    4    7 1 1 1
    488    4    4    8 1 1 1
    489    4    5    1 1 1 1
    490    4    5    2 1 1 1
    491    4    5    3 1 1 1
    492    4    5    4 1 1 1
    493    4    5    5 1 1 1
    494    4    5    6 1 1 1
    495    4    5    7 1 1 1
    496    4    5    8 1 1 1
    497    4    6    1 1 1 1
    498    4    6    2 1 1 1
    499    4    6    3 1 1 1
    500    4    6    4 1 1 1
    501    4    6    5 1 1 1
    502    4    6    6 1 1 1
    503    4    6    7 1 1 1
    504    4    6    8 1 1 1
    505    4    7    1 1 1 1
    506    4    7    2 1 1 1
    507    4    7    3 1 1 1
    508    4    7    4 1 1 1
    509    4    7    5 1 1 1
    510    4    7    6 1 1 1
    511    4    7    7 1 1 1
    512    4    7    8 1 1 1
    513    4    8    1 1 1 1
    514    4    8    2 1 1 1
    515    4    8    3 1 1 1
    516    4    8    4 1 1 1
    517    4    8    5 1 1 1
    518    4    8    6 1 1 1
    519    4    8    7 1 1 1
    520    4    8    8 1 1 1
    521    4    9    1 1 1 1
    522    4    9    2 1 1 1
    523    4    9    3 1 1 1
    524    4    9    4 1 1 1
    525    4    9    5 1 1 1
    526    4    9    6 1 1 1
    527    4    9    7 1 1 1
    528    4    9    8 1 1 1
    529    4   10    1 1 1 1
    530    4   10    2 1 1 1
    531    4   10    3 1 1 1
    532    4   10    4 1 1 1
    533    4   10    5 1 1 1
    534    4   10    6 1 1 1
    535    4   10    7 1 1 1
    536    4   10    8 1 1 1
    537    4   11    1 1 1 1
    538    4   11    2 1 1 1
    539    4   11    3 1 1 1
    540    4   11    4 1 1 1
    541    4   11    5 1 1 1
    542    4   11    6 1 1 1
    543    4   11    7 1 1 1
    544    4   11    8 1 1 1
    545    4   12    1 1 1 1
    546    4   12    2 1 1 1
    547    4   12    3 1 1 1
    548    4   12    4 1 1 1
    549    4   12    5 1 1 1
    550    4   12    6 1 1 1
    551    4   12    7 1 1 1
    552    4   12    8 1 1 1
    553    4   13    1 1 1 1
    554    4   13    2 1 1 1
    555    4   13    3 1 1 1
    556    4   13    4 1 1 1
    557    4   13    5 1 1 1
    558    4   13    6 1 1 1
    559    4   13    7 1 1 1
    560    4   13    8 1 1 1
    561    4   14    1 1 1 1
    562    4   14    2 1 1 1
    563    4   14    3 1 1 1
    564    4   14    4 1 1 1
    565    4   14    5 1 1 1
    566    4   14    6 1 1 1
    567    4   14    7 1 1 1
    568    4   14    8 1 1 1
    569    4   15    1 1 1 1
    570    4   15    2 1 1 1
    571    4   15    3 1 1 1
    572    4   15    4 1 1 1
    573    4   15    5 1 1 1
    574    4   15    6 1 1 1
    575    4   15    7 1 1 1
    576    4   15    8 1 1 1
    577    4   16    1 1 1 1
    578    4   16    2 1 1 1
    579    4   16    3 1 1 1
    580    4   16    4 1 1 1
    581    4   16    5 1 1 1
    582    4   16    6 1 1 1
    583    4   16    7 1 1 1
    584    4   16    8 1 1 1
    585    4   17    1 1 1 1
    586    4   17    2 1 1 1
    587    4   17    3 1 1 1
    588    4   17    4 1 1 1
    589    4   17    5 1 1 1
    590    4   17    6 1 1 1
    591    4   17    7 1 1 1
    592    4   17    8 1 1 1
    593    4   18    1 1 1 1
    594    4   18    2 1 1 1
    595    4   18    3 1 1 1
    596    4   18    4 1 1 1
    597    4   18    5 1 1 1
    598    4   18    6 1 1 1
    599    4   18    7 1 1 1
    600    4   18    8 1 1 1
    601    4   19    1 1 1 1
    602    4   19    2 1 1 1
    603    4   19    3 1 1 1
    604    4   19    4 1 1 1
    605    4   19    5 1 1 1
    606    4   19    6 1 1 1
    607    4   19    7 1 1 1
    608    4   19    8 1 1 1
    609    5    1    1 1 1 1
    610    5    1    2 1 1 1
    611    5    1    3 1 1 1
    612    5    1    4 1 1 1
    613    5    1    5 1 1 1
    614    5    1    6 1 1 1
    615    5    1    7 1 1 1
    616    5    1    8 1 1 1
    617    5    2    1 1 1 1
    618    5    2    2 1 1 1
    619    5    2    3 1 1 1
    620    5    2    4 1 1 1
    621    5    2    5 1 1 1
    622    5    2    6 1 1 1
    623    5    2    7 1 1 1
    624    5    2    8 1 1 1
    625    5    3    1 1 1 1
    626    5    3    2 1 1 1
    627    5    3    3 1 1 1
    628    5    3    4 1 1 1
    629    5    3    5 1 1 1
    630    5    3    6 1 1 1
    631    5    3    7 1 1 1
    632    5    3    8 1 1 1
    633    5    4    1 1 1 1
    634    5    4    2 1 1 1
    635    5    4    3 1 1 1
    636    5    4    4 1 1 1
    637    5    4    5 1 1 1
    638    5    4    6 1 1 1
    639    5    4    7 1 1 1
    640    5    4    8 1 1 1
    641    5    5    1 1 1 1
    642    5    5    2 1 1 1
    643    5    5    3 1 1 1
    644    5    5    4 1 1 1
    645    5    5    5 1 1 1
    646    5    5    6 1 1 1
    647    5    5    7 1 1 1
    648    5    5    8 1 1 1
    649    5    6    1 1 1 1
    650    5    6    2 1 1 1
    651    5    6    3 1 1 1
    652    5    6    4 1 1 1
    653    5    6    5 1 1 1
    654    5    6    6 1 1 1
    655    5    6    7 1 1 1
    656    5    6    8 1 1 1
    657    5    7    1 1 1 1
    658    5    7    2 1 1 1
    659    5    7    3 1 1 1
    660    5    7    4 1 1 1
    661    5    7    5 1 1 1
    662    5    7    6 1 1 1
    663    5    7    7 1 1 1
    664    5    7    8 1 1 1
    665    5    8    1 1 1 1
    666    5    8    2 1 1 1
    667    5    8    3 1 1 1
    668    5    8    4 1 1 1
    669    5    8    5 1 1 1
    670    5    8    6 1 1 1
    671    5    8    7 1 1 1
    672    5    8    8 1 1 1
    673    5    9    1 1 1 1
    674    5    9    2 1 1 1
    675    5    9    3 1 1 1
    676    5    9    4 1 1 1
    677    5    9    5 1 1 1
    678    5    9    6 1 1 1
    679    5    9    7 1 1 1
    680    5    9    8 1 1 1
    681    5   10    1 1 1 1
    682    5   10    2 1 1 1
    683    5   10    3 1 1 1
    684    5   10    4 1 1 1
    685    5   10    5 1 1 1
    686    5   10    6 1 1 1
    687    5   10    7 1 1 1
    688    5   10    8 1 1 1
    689    5   11    1 1 1 1
    690    5   11    2 1 1 1
    691    5   11    3 1 1 1
    692    5   11    4 1 1 1
    693    5   11    5 1 1 1
    694    5   11    6 1 1 1
    695    5   11    7 1 1 1
    696    5   11    8 1 1 1
    697    5   12    1 1 1 1
    698    5   12    2 1 1 1
    699    5   12    3 1 1 1
    700    5   12    4 1 1 1
    701    5   12    5 1 1 1
    702    5   12    6 1 1 1
    703    5   12    7 1 1 1
    704    5   12    8 1 1 1
    705    5   13    1 1 1 1
    706    5   13    2 1 1 1
    707    5   13    3 1 1 1
    708    5   13    4 1 1 1
    709    5   13    5 1 1 1
    710    5   13    6 1 1 1
    711    5   13    7 1 1 1
    712    5   13    8 1 1 1
    713    5   14    1 1 1 1
    714    5   14    2 1 1 1
    715    5   14    3 1 1 1
    716    5   14    4 1 1 1
    717    5   14    5 1 1 1
    718    5   14    6 1 1 1
    719    5   14    7 1 1 1
    720    5   14    8 1 1 1
    721    5   15    1 1 1 1
    722    5   15    2 1 1 1
    723    5   15    3 1 1 1
    724    5   15    4 1 1 1
    725    5   15    5 1 1 1
    726    5   15    6 1 1 1
    727    5   15    7 1 1 1
    728    5   15    8 1 1 1
    729    5   16    1 1 1 1
    730    5   16    2 1 1 1
    731    5   16    3 1 1 1
    732    5   16    4 1 1 1
    733    5   16    5 1 1 1
    734    5   16    6 1 1 1
    735    5   16    7 1 1 1
    736    5   16    8 1 1 1
    737    5   17    1 1 1 1
    738    5   17    2 1 1 1
    739    5   17    3 1 1 1
    740    5   17    4 1 1 1
    741    5   17    5 1 1 1
    742    5   17    6 1 1 1
    743    5   17    7 1 1 1
    744    5   17    8 1 1 1
    745    5   18    1 1 1 1
    746    5   18    2 1 1 1
    747    5   18    3 1 1 1
    748    5   18    4 1 1 1
    749    5   18    5 1 1 1
    750    5   18    6 1 1 1
    751    5   18    7 1 1 1
    752    5   18    8 1 1 1
    753    5   19    1 1 1 1
    754    5   19    2 1 1 1
    755    5   19    3 1 1 1
    756    5   19    4 1 1 1
    757    5   19    5 1 1 1
    758    5   19    6 1 1 1
    759    5   19    7 1 1 1
    760    5   19    8 1 1 1
    761    6    1    1 1 1 1
    762    6    1    2 1 1 1
    763    6    1    3 1 1 1
    764    6    1    4 1 1 1
    765    6    1    5 1 1 1
    766    6    1    6 1 1 1
    767    6    1    7 1 1 1
    768    6    1    8 1 1 1
    769    6    2    1 1 1 1
    770    6    2    2 1 1 1
    771    6    2    3 1 1 1
    772    6    2    4 1 1 1
    773    6    2    5 1 1 1
    774    6    2    6 1 1 1
    775    6    2    7 1 1 1
    776    6    2    8 1 1 1
    777    6    3    1 1 1 1
    778    6    3    2 1 1 1
    779    6    3    3 1 1 1
    780    6    3    4 1 1 1
    781    6    3    5 1 1 1
    782    6    3    6 1 1 1
    783    6    3    7 1 1 1
    784    6    3    8 1 1 1
    785    6    4    1 1 1 1
    786    6    4    2 1 1 1
    787    6    4    3 1 1 1
    788    6    4    4 1 1 1
    789    6    4    5 1 1 1
    790    6    4    6 1 1 1
    791    6    4    7 1 1 1
    792    6    4    8 1 1 1
    793    6    5    1 1 1 1
    794    6    5    2 1 1 1
    795    6    5    3 1 1 1
    796    6    5    4 1 1 1
    797    6    5    5 1 1 1
    798    6    5    6 1 1 1
    799    6    5    7 1 1 1
    800    6    5    8 1 1 1
    801    6    6    1 1 1 1
    802    6    6    2 1 1 1
    803    6    6    3 1 1 1
    804    6    6    4 1 1 1
    805    6    6    5 1 1 1
    806    6    6    6 1 1 1
    807    6    6    7 1 1 1
    808    6    6    8 1 1 1
    809    6    7    1 1 1 1
    810    6    7    2 1 1 1
    811    6    7    3 1 1 1
    812    6    7    4 1 1 1
    813    6    7    5 1 1 1
    814    6    7    6 1 1 1
    815    6    7    7 1 1 1
    816    6    7    8 1 1 1
    817    6    8    1 1 1 1
    818    6    8    2 1 1 1
    819    6    8    3 1 1 1
    820    6    8    4 1 1 1
    821    6    8    5 1 1 1
    822    6    8    6 1 1 1
    823    6    8    7 1 1 1
    824    6    8    8 1 1 1
    825    6    9    1 1 1 1
    826    6    9    2 1 1 1
    827    6    9    3 1 1 1
    828    6    9    4 1 1 1
    829    6    9    5 1 1 1
    830    6    9    6 1 1 1
    831    6    9    7 1 1 1
    832    6    9    8 1 1 1
    833    6   10    1 1 1 1
    834    6   10    2 1 1 1
    835    6   10    3 1 1 1
    836    6   10    4 1 1 1
    837    6   10    5 1 1 1
    838    6   10    6 1 1 1
    839    6   10    7 1 1 1
    840    6   10    8 1 1 1
    841    6   11    1 1 1 1
    842    6   11    2 1 1 1
    843    6   11    3 1 1 1
    844    6   11    4 1 1 1
    845    6   11    5 1 1 1
    846    6   11    6 1 1 1
    847    6   11    7 1 1 1
    848    6   11    8 1 1 1
    849    6   12    1 1 1 1
    850    6   12    2 1 1 1
    851    6   12    3 1 1 1
    852    6   12    4 1 1 1
    853    6   12    5 1 1 1
    854    6   12    6 1 1 1
    855    6   12    7 1 1 1
    856    6   12    8 1 1 1
    857    6   13    1 1 1 1
    858    6   13    2 1 1 1
    859    6   13    3 1 1 1
    860    6   13    4 1 1 1
    861    6   13    5 1 1 1
    862    6   13    6 1 1 1
    863    6   13    7 1 1 1
    864    6   13    8 1 1 1
    865    6   14    1 1 1 1
    866    6   14    2 1 1 1
    867    6   14    3 1 1 1
    868    6   14    4 1 1 1
    869    6   14    5 1 1 1
    870    6   14    6 1 1 1
    871    6   14    7 1 1 1
    872    6   14    8 1 1 1
    873    6   15    1 1 1 1
    874    6   15    2 1 1 1
    875    6   15    3 1 1 1
    876    6   15    4 1 1 1
    877    6   15    5 1 1 1
    878    6   15    6 1 1 1
    879    6   15    7 1 1 1
    880    6   15    8 1 1 1
    881    6   16    1 1 1 1
    882    6   16    2 1 1 1
    883    6   16    3 1 1 1
    884    6   16    4 1 1 1
    885    6   16    5 1 1 1
    886    6   16    6 1 1 1
    887    6   16    7 1 1 1
    888    6   16    8 1 1 1
    889    6   17    1 1 1 1
    890    6   17    2 1 1 1
    891    6   17    3 1 1 1
    892    6   17    4 1 1 1
    893    6   17    5 1 1 1
    894    6   17    6 1 1 1
    895    6   17    7 1 1 1
    896    6   17    8 1 1 1
    897    6   18    1 1 1 1
    898    6   18    2 1 1 1
    899    6   18    3 1 1 1
    900    6   18    4 1 1 1
    901    6   18    5 1 1 1
    902    6   18    6 1 1 1
    903    6   18    7 1 1 1
    904    6   18    8 1 1 1
    905    6   19    1 1 1 1
    906    6   19    2 1 1 1
    907    6   19    3 1 1 1
    908    6   19    4 1 1 1
    909    6   19    5 1 1 1
    910    6   19    6 1 1 1
    911    6   19    7 1 1 1
    912    6   19    8 1 1 1
    913    7    1    1 1 1 1
    914    7    1    2 1 1 1
    915    7    1    3 1 1 1
    916    7    1    4 1 1 1
    917    7    1    5 1 1 1
    918    7    1    6 1 1 1
    919    7    1    7 1 1 1
    920    7    1    8 1 1 1
    921    7    2    1 1 1 1
    922    7    2    2 1 1 1
    923    7    2    3 1 1 1
    924    7    2    4 1 1 1
    925    7    2    5 1 1 1
    926    7    2    6 1 1 1
    927    7    2    7 1 1 1
    928    7    2    8 1 1 1
    929    7    3    1 1 1 1
    930    7    3    2 1 1 1
    931    7    3    3 1 1 1
    932    7    3    4 1 1 1
    933    7    3    5 1 1 1
    934    7    3    6 1 1 1
    935    7    3    7 1 1 1
    936    7    3    8 1 1 1
    937    7    4    1 1 1 1
    938    7    4    2 1 1 1
    939    7    4    3 1 1 1
    940    7    4    4 1 1 1
    941    7    4    5 1 1 1
    942    7    4    6 1 1 1
    943    7    4    7 1 1 1
    944    7    4    8 1 1 1
    945    7    5    1 1 1 1
    946    7    5    2 1 1 1
    947    7    5    3 1 1 1
    948    7    5    4 1 1 1
    949    7    5    5 1 1 1
    950    7    5    6 1 1 1
    951    7    5    7 1 1 1
    952    7    5    8 1 1 1
    953    7    6    1 1 1 1
    954    7    6    2 1 1 1
    955    7    6    3 1 1 1
    956    7    6    4 1 1 1
    957    7    6    5 1 1 1
    958    7    6    6 1 1 1
    959    7    6    7 1 1 1
    960    7    6    8 1 1 1
    961    7    7    1 1 1 1
    962    7    7    2 1 1 1
    963    7    7    3 1 1 1
    964    7    7    4 1 1 1
    965    7    7    5 1 1 1
    966    7    7    6 1 1 1
    967    7    7    7 1 1 1
    968    7    7    8 1 1 1
    969    7    8    1 1 1 1
    970    7    8    2 1 1 1
    971    7    8    3 1 1 1
    972    7    8    4 1 1 1
    973    7    8    5 1 1 1
    974    7    8    6 1 1 1
    975    7    8    7 1 1 1
    976    7    8    8 1 1 1
    977    7    9    1 1 1 1
    978    7    9    2 1 1 1
    979    7    9    3 1 1 1
    980    7    9    4 1 1 1
    981    7    9    5 1 1 1
    982    7    9    6 1 1 1
    983    7    9    7 1 1 1
    984    7    9    8 1 1 1
    985    7   10    1 1 1 1
    986    7   10    2 1 1 1
    987    7   10    3 1 1 1
    988    7   10    4 1 1 1
    989    7   10    5 1 1 1
    990    7   10    6 1 1 1
    991    7   10    7 1 1 1
    992    7   10    8 1 1 1
    993    7   11    1 1 1 1
    994    7   11    2 1 1 1
    995    7   11    3 1 1 1
    996    7   11    4 1 1 1
    997    7   11    5 1 1 1
    998    7   11    6 1 1 1
    999    7   11    7 1 1 1
   1000    7   11    8 1 1 1
   1001    7   12    1 1 1 1
   1002    7   12    2 1 1 1
   1003    7   12    3 1 1 1
   1004    7   12    4 1 1 1
   1005    7   12    5 1 1 1
   1006    7   12    6 1 1 1
   1007    7   12    7 1 1 1
   1008    7   12    8 1 1 1
   1009    7   13    1 1 1 1
   1010    7   13    2 1 1 1
   1011    7   13    3 1 1 1
   1012    7   13    4 1 1 1
   1013    7   13    5 1 1 1
   1014    7   13    6 1 1 1
   1015    7   13    7 1 1 1
   1016    7   13    8 1 1 1
   1017    7   14    1 1 1 1
   1018    7   14    2 1 1 1
   1019    7   14    3 1 1 1
   1020    7   14    4 1 1 1
   1021    7   14    5 1 1 1
   1022    7   14    6 1 1 1
   1023    7   14    7 1 1 1
   1024    7   14    8 1 1 1
   1025    7   15    1 1 1 1
   1026    7   15    2 1 1 1
   1027    7   15    3 1 1 1
   1028    7   15    4 1 1 1
   1029    7   15    5 1 1 1
   1030    7   15    6 1 1 1
   1031    7   15    7 1 1 1
   1032    7   15    8 1 1 1
   1033    7   16    1 1 1 1
   1034    7   16    2 1 1 1
   1035    7   16    3 1 1 1
   1036    7   16    4 1 1 1
   1037    7   16    5 1 1 1
   1038    7   16    6 1 1 1
   1039    7   16    7 1 1 1
   1040    7   16    8 1 1 1
   1041    7   17    1 1 1 1
   1042    7   17    2 1 1 1
   1043    7   17    3 1 1 1
   1044    7   17    4 1 1 1
   1045    7   17    5 1 1 1
   1046    7   17    6 1 1 1
   1047    7   17    7 1 1 1
   1048    7   17    8 1 1 1
   1049    7   18    1 1 1 1
   1050    7   18    2 1 1 1
   1051    7   18    3 1 1 1
   1052    7   18    4 1 1 1
   1053    7   18    5 1 1 1
   1054    7   18    6 1 1 1
   1055    7   18    7 1 1 1
   1056    7   18    8 1 1 1
   1057    7   19    1 1 1 1
   1058    7   19    2 1 1 1
   1059    7   19    3 1 1 1
   1060    7   19    4 1 1 1
   1061    7   19    5 1 1 1
   1062    7   19    6 1 1 1
   1063    7   19    7 1 1 1
   1064    7   19    8 1 1 1
   1065    8    1    1 1 1 1
   1066    8    1    2 1 1 1
   1067    8    1    3 1 1 1
   1068    8    1    4 1 1 1
   1069    8    1    5 1 1 1
   1070    8    1    6 1 1 1
   1071    8    1    7 1 1 1
   1072    8    1    8 1 1 1
   1073    8    2    1 1 1 1
   1074    8    2    2 1 1 1
   1075    8    2    3 1 1 1
   1076    8    2    4 1 1 1
   1077    8    2    5 1 1 1
   1078    8    2    6 1 1 1
   1079    8    2    7 1 1 1
   1080    8    2    8 1 1 1
   1081    8    3    1 1 1 1
   1082    8    3    2 1 1 1
   1083    8    3    3 1 1 1
   1084    8    3    4 1 1 1
   1085    8    3    5 1 1 1
   1086    8    3    6 1 1 1
   1087    8    3    7 1 1 1
   1088    8    3    8 1 1 1
   1089    8    4    1 1 1 1
   1090    8    4    2 1 1 1
   1091    8    4    3 1 1 1
   1092    8    4    4 1 1 1
   1093    8    4    5 1 1 1
   1094    8    4    6 1 1 1
   1095    8    4    7 1 1 1
   1096    8    4    8 1 1 1
   1097    8    5    1 1 1 1
   1098    8    5    2 1 1 1
   1099    8    5    3 1 1 1
   1100    8    5    4 1 1 1
   1101    8    5    5 1 1 1
   1102    8    5    6 1 1 1
   1103    8    5    7 1 1 1
   1104    8    5    8 1 1 1
   1105    8    6    1 1 1 1
   1106    8    6    2 1 1 1
   1107    8    6    3 1 1 1
   1108    8    6    4 1 1 1
   1109    8    6    5 1 1 1
   1110    8    6    6 1 1 1
   1111    8    6    7 1 1 1
   1112    8    6    8 1 1 1
   1113    8    7    1 1 1 1
   1114    8    7    2 1 1 1
   1115    8    7    3 1 1 1
   1116    8    7    4 1 1 1
   1117    8    7    5 1 1 1
   1118    8    7    6 1 1 1
   1119    8    7    7 1 1 1
   1120    8    7    8 1 1 1
   1121    8    8    1 1 1 1
   1122    8    8    2 1 1 1
   1123    8    8    3 1 1 1
   1124    8    8    4 1 1 1
   1125    8    8    5 1 1 1
   1126    8    8    6 1 1 1
   1127    8    8    7 1 1 1
   1128    8    8    8 1 1 1
   1129    8    9    1 1 1 1
   1130    8    9    2 1 1 1
   1131    8    9    3 1 1 1
   1132    8    9    4 1 1 1
   1133    8    9    5 1 1 1
   1134    8    9    6 1 1 1
   1135    8    9    7 1 1 1
   1136    8    9    8 1 1 1
   1137    8   10    1 1 1 1
   1138    8   10    2 1 1 1
   1139    8   10    3 1 1 1
   1140    8   10    4 1 1 1
   1141    8   10    5 1 1 1
   1142    8   10    6 1 1 1
   1143    8   10    7 1 1 1
   1144    8   10    8 1 1 1
   1145    8   11    1 1 1 1
   1146    8   11    2 1 1 1
   1147    8   11    3 1 1 1
   1148    8   11    4 1 1 1
   1149    8   11    5 1 1 1
   1150    8   11    6 1 1 1
   1151    8   11    7 1 1 1
   1152    8   11    8 1 1 1
   1153    8   12    1 1 1 1
   1154    8   12    2 1 1 1
   1155    8   12    3 1 1 1
   1156    8   12    4 1 1 1
   1157    8   12    5 1 1 1
   1158    8   12    6 1 1 1
   1159    8   12    7 1 1 1
   1160    8   12    8 1 1 1
   1161    8   13    1 1 1 1
   1162    8   13    2 1 1 1
   1163    8   13    3 1 1 1
   1164    8   13    4 1 1 1
   1165    8   13    5 1 1 1
   1166    8   13    6 1 1 1
   1167    8   13    7 1 1 1
   1168    8   13    8 1 1 1
   1169    8   14    1 1 1 1
   1170    8   14    2 1 1 1
   1171    8   14    3 1 1 1
   1172    8   14    4 1 1 1
   1173    8   14    5 1 1 1
   1174    8   14    6 1 1 1
   1175    8   14    7 1 1 1
   1176    8   14    8 1 1 1
   1177    8   15    1 1 1 1
   1178    8   15    2 1 1 1
   1179    8   15    3 1 1 1
   1180    8   15    4 1 1 1
   1181    8   15    5 1 1 1
   1182    8   15    6 1 1 1
   1183    8   15    7 1 1 1
   1184    8   15    8 1 1 1
   1185    8   16    1 1 1 1
   1186    8   16    2 1 1 1
   1187    8   16    3 1 1 1
   1188    8   16    4 1 1 1
   1189    8   16    5 1 1 1
   1190    8   16    6 1 1 1
   1191    8   16    7 1 1 1
   1192    8   16    8 1 1 1
   1193    8   17    1 1 1 1
   1194    8   17    2 1 1 1
   1195    8   17    3 1 1 1
   1196    8   17    4 1 1 1
   1197    8   17    5 1 1 1
   1198    8   17    6 1 1 1
   1199    8   17    7 1 1 1
   1200    8   17    8 1 1 1
   1201    8   18    1 1 1 1
   1202    8   18    2 1 1 1
   1203    8   18    3 1 1 1
   1204    8   18    4 1 1 1
   1205    8   18    5 1 1 1
   1206    8   18    6 1 1 1
   1207    8   18    7 1 1 1
   1208    8   18    8 1 1 1
   1209    8   19    1 1 1 1
   1210    8   19    2 1 1 1
   1211    8   19    3 1 1 1
   1212    8   19    4 1 1 1
   1213    8   19    5 1 1 1
   1214    8   19    6 1 1 1
   1215    8   19    7 1 1 1
   1216    8   19    8 1 1 1
   1217    9    1    1 1 1 1
   1218    9    1    2 1 1 1
   1219    9    1    3 1 1 1
   1220    9    1    4 1 1 1
   1221    9    1    5 1 1 1
   1222    9    1    6 1 1 1
   1223    9    1    7 1 1 1
   1224    9    1    8 1 1 1
   1225    9    2    1 1 1 1
   1226    9    2    2 1 1 1
   1227    9    2    3 1 1 1
   1228    9    2    4 1 1 1
   1229    9    2    5 1 1 1
   1230    9    2    6 1 1 1
   1231    9    2    7 1 1 1
   1232    9    2    8 1 1 1
   1233    9    3    1 1 1 1
   1234    9    3    2 1 1 1
   1235    9    3    3 1 1 1
   1236    9    3    4 1 1 1
   1237    9    3    5 1 1 1
   1238    9    3    6 1 1 1
   1239    9    3    7 1 1 1
   1240    9    3    8 1 1 1
   1241    9    4    1 1 1 1
   1242    9    4    2 1 1 1
   1243    9    4    3 1 1 1
   1244    9    4    4 1 1 1
   1245    9    4    5 1 1 1
   1246    9    4    6 1 1 1
   1247    9    4    7 1 1 1
   1248    9    4    8 1 1 1
   1249    9    5    1 1 1 1
   1250    9    5    2 1 1 1
   1251    9    5    3 1 1 1
   1252    9    5    4 1 1 1
   1253    9    5    5 1 1 1
   1254    9    5    6 1 1 1
   1255    9    5    7 1 1 1
   1256    9    5    8 1 1 1
   1257    9    6    1 1 1 1
   1258    9    6    2 1 1 1
   1259    9    6    3 1 1 1
   1260    9    6    4 1 1 1
   1261    9    6    5 1 1 1
   1262    9    6    6 1 1 1
   1263    9    6    7 1 1 1
   1264    9    6    8 1 1 1
   1265    9    7    1 1 1 1
   1266    9    7    2 1 1 1
   1267    9    7    3 1 1 1
   1268    9    7    4 1 1 1
   1269    9    7    5 1 1 1
   1270    9    7    6 1 1 1
   1271    9    7    7 1 1 1
   1272    9    7    8 1 1 1
   1273    9    8    1 1 1 1
   1274    9    8    2 1 1 1
   1275    9    8    3 1 1 1
   1276    9    8    4 1 1 1
   1277    9    8    5 1 1 1
   1278    9    8    6 1 1 1
   1279    9    8    7 1 1 1
   1280    9    8    8 1 1 1
   1281    9    9    1 1 1 1
   1282    9    9    2 1 1 1
   1283    9    9    3 1 1 1
   1284    9    9    4 1 1 1
   1285    9    9    5 1 1 1
   1286    9    9    6 1 1 1
   1287    9    9    7 1 1 1
   1288    9    9    8 1 1 1
   1289    9   10    1 1 1 1
   1290    9   10    2 1 1 1
   1291    9   10    3 1 1 1
   1292    9   10    4 1 1 1
   1293    9   10    5 1 1 1
   1294    9   10    6 1 1 1
   1295    9   10    7 1 1 1
   1296    9   10    8 1 1 1
   1297    9   11    1 1 1 1
   1298    9   11    2 1 1 1
   1299    9   11    3 1 1 1
   1300    9   11    4 1 1 1
   1301    9   11    5 1 1 1
   1302    9   11    6 1 1 1
   1303    9   11    7 1 1 1
   1304    9   11    8 1 1 1
   1305    9   12    1 1 1 1
   1306    9   12    2 1 1 1
   1307    9   12    3 1 1 1
   1308    9   12    4 1 1 1
   1309    9   12    5 1 1 1
   1310    9   12    6 1 1 1
   1311    9   12    7 1 1 1
   1312    9   12    8 1 1 1
   1313    9   13    1 1 1 1
   1314    9   13    2 1 1 1
   1315    9   13    3 1 1 1
   1316    9   13    4 1 1 1
   1317    9   13    5 1 1 1
   1318    9   13    6 1 1 1
   1319    9   13    7 1 1 1
   1320    9   13    8 1 1 1
   1321    9   14    1 1 1 1
   1322    9   14    2 1 1 1
   1323    9   14    3 1 1 1
   1324    9   14    4 1 1 1
   1325    9   14    5 1 1 1
   1326    9   14    6 1 1 1
   1327    9   14    7 1 1 1
   1328    9   14    8 1 1 1
   1329    9   15    1 1 1 1
   1330    9   15    2 1 1 1
   1331    9   15    3 1 1 1
   1332    9   15    4 1 1 1
   1333    9   15    5 1 1 1
   1334    9   15    6 1 1 1
   1335    9   15    7 1 1 1
   1336    9   15    8 1 1 1
   1337    9   16    1 1 1 1
   1338    9   16    2 1 1 1
   1339    9   16    3 1 1 1
   1340    9   16    4 1 1 1
   1341    9   16    5 1 1 1
   1342    9   16    6 1 1 1
   1343    9   16    7 1 1 1
   1344    9   16    8 1 1 1
   1345    9   17    1 1 1 1
   1346    9   17    2 1 1 1
   1347    9   17    3 1 1 1
   1348    9   17    4 1 1 1
   1349    9   17    5 1 1 1
   1350    9   17    6 1 1 1
   1351    9   17    7 1 1 1
   1352    9   17    8 1 1 1
   1353    9   18    1 1 1 1
   1354    9   18    2 1 1 1
   1355    9   18    3 1 1 1
   1356    9   18    4 1 1 1
   1357    9   18    5 1 1 1
   1358    9   18    6 1 1 1
   1359    9   18    7 1 1 1
   1360    9   18    8 1 1 1
   1361    9   19    1 1 1 1
   1362    9   19    2 1 1 1
   1363    9   19    3 1 1 1
   1364    9   19    4 1 1 1
   1365    9   19    5 1 1 1
   1366    9   19    6 1 1 1
   1367    9   19    7 1 1 1
   1368    9   19    8 1 1 1
   1369   10    1    1 1 1 1
   1370   10    1    2 1 1 1
   1371   10    1    3 1 1 1
   1372   10    1    4 1 1 1
   1373   10    1    5 1 1 1
   1374   10    1    6 1 1 1
   1375   10    1    7 1 1 1
   1376   10    1    8 1 1 1
   1377   10    2    1 1 1 1
   1378   10    2    2 1 1 1
   1379   10    2    3 1 1 1
   1380   10    2    4 1 1 1
   1381   10    2    5 1 1 1
   1382   10    2    6 1 1 1
   1383   10    2    7 1 1 1
   1384   10    2    8 1 1 1
   1385   10    3    1 1 1 1
   1386   10    3    2 1 1 1
   1387   10    3    3 1 1 1
   1388   10    3    4 1 1 1
   1389   10    3    5 1 1 1
   1390   10    3    6 1 1 1
   1391   10    3    7 1 1 1
   1392   10    3    8 1 1 1
   1393   10    4    1 1 1 1
   1394   10    4    2 1 1 1
   1395   10    4    3 1 1 1
   1396   10    4    4 1 1 1
   1397   10    4    5 1 1 1
   1398   10    4    6 1 1 1
   1399   10    4    7 1 1 1
   1400   10    4    8 1 1 1
   1401   10    5    1 1 1 1
   1402   10    5    2 1 1 1
   1403   10    5    3 1 1 1
   1404   10    5    4 1 1 1
   1405   10    5    5 1 1 1
   1406   10    5    6 1 1 1
   1407   10    5    7 1 1 1
   1408   10    5    8 1 1 1
   1409   10    6    1 1 1 1
   1410   10    6    2 1 1 1
   1411   10    6    3 1 1 1
   1412   10    6    4 1 1 1
   1413   10    6    5 1 1 1
   1414   10    6    6 1 1 1
   1415   10    6    7 1 1 1
   1416   10    6    8 1 1 1
   1417   10    7    1 1 1 1
   1418   10    7    2 1 1 1
   1419   10    7    3 1 1 1
   1420   10    7    4 1 1 1
   1421   10    7    5 1 1 1
   1422   10    7    6 1 1 1
   1423   10    7    7 1 1 1
   1424   10    7    8 1 1 1
   1425   10    8    1 1 1 1
   1426   10    8    2 1 1 1
   1427   10    8    3 1 1 1
   1428   10    8    4 1 1 1
   1429   10    8    5 1 1 1
   1430   10    8    6 1 1 1
   1431   10    8    7 1 1 1
   1432   10    8    8 1 1 1
   1433   10    9    1 1 1 1
   1434   10    9    2 1 1 1
   1435   10    9    3 1 1 1
   1436   10    9    4 1 1 1
   1437   10    9    5 1 1 1
   1438   10    9    6 1 1 1
   1439   10    9    7 1 1 1
   1440   10    9    8 1 1 1
   1441   10   10    1 1 1 1
   1442   10   10    2 1 1 1
   1443   10   10    3 1 1 1
   1444   10   10    4 1 1 1
   1445   10   10    5 1 1 1
   1446   10   10    6 1 1 1
   1447   10   10    7 1 1 1
   1448   10   10    8 1 1 1
   1449   10   11    1 1 1 1
   1450   10   11    2 1 1 1
   1451   10   11    3 1 1 1
   1452   10   11    4 1 1 1
   1453   10   11    5 1 1 1
   1454   10   11    6 1 1 1
   1455   10   11    7 1 1 1
   1456   10   11    8 1 1 1
   1457   10   12    1 1 1 1
   1458   10   12    2 1 1 1
   1459   10   12    3 1 1 1
   1460   10   12    4 1 1 1
   1461   10   12    5 1 1 1
   1462   10   12    6 1 1 1
   1463   10   12    7 1 1 1
   1464   10   12    8 1 1 1
   1465   10   13    1 1 1 1
   1466   10   13    2 1 1 1
   1467   10   13    3 1 1 1
   1468   10   13    4 1 1 1
   1469   10   13    5 1 1 1
   1470   10   13    6 1 1 1
   1471   10   13    7 1 1 1
   1472   10   13    8 1 1 1
   1473   10   14    1 1 1 1
   1474   10   14    2 1 1 1
   1475   10   14    3 1 1 1
   1476   10   14    4 1 1 1
   1477   10   14    5 1 1 1
   1478   10   14    6 1 1 1
   1479   10   14    7 1 1 1
   1480   10   14    8 1 1 1
   1481   10   15    1 1 1 1
   1482   10   15    2 1 1 1
   1483   10   15    3 1 1 1
   1484   10   15    4 1 1 1
   1485   10   15    5 1 1 1
   1486   10   15    6 1 1 1
   1487   10   15    7 1 1 1
   1488   10   15    8 1 1 1
   1489   10   16    1 1 1 1
   1490   10   16    2 1 1 1
   1491   10   16    3 1 1 1
   1492   10   16    4 1 1 1
   1493   10   16    5 1 1 1
   1494   10   16    6 1 1 1
   1495   10   16    7 1 1 1
   1496   10   16    8 1 1 1
   1497   10   17    1 1 1 1
   1498   10   17    2 1 1 1
   1499   10   17    3 1 1 1
   1500   10   17    4 1 1 1
   1501   10   17    5 1 1 1
   1502   10   17    6 1 1 1
   1503   10   17    7 1 1 1
   1504   10   17    8 1 1 1
   1505   10   18    1 1 1 1
   1506   10   18    2 1 1 1
   1507   10   18    3 1 1 1
   1508   10   18    4 1 1 1
   1509   10   18    5 1 1 1
   1510   10   18    6 1 1 1
   1511   10   18    7 1 1 1
   1512   10   18    8 1 1 1
   1513   10   19    1 1 1 1
   1514   10   19    2 1 1 1
   1515   10   19    3 1 1 1
   1516   10   19    4 1 1 1
   1517   10   19    5 1 1 1
   1518   10   19    6 1 1 1
   1519   10   19    7 1 1 1
   1520   10   19    8 1 1 1
   1521   11    1    1 1 1 1
   1522   11    1    2 1 1 1
   1523   11    1    3 1 1 1
   1524   11    1    4 1 1 1
   1525   11    1    5 1 1 1
   1526   11    1    6 1 1 1
   1527   11    1    7 1 1 1
   1528   11    1    8 1 1 1
   1529   11    2    1 1 1 1
   1530   11    2    2 1 1 1
   1531   11    2    3 1 1 1
   1532   11    2    4 1 1 1
   1533   11    2    5 1 1 1
   1534   11    2    6 1 1 1
   1535   11    2    7 1 1 1
   1536   11    2    8 1 1 1
   1537   11    3    1 1 1 1
   1538   11    3    2 1 1 1
   1539   11    3    3 1 1 1
   1540   11    3    4 1 1 1
   1541   11    3    5 1 1 1
   1542   11    3    6 1 1 1
   1543   11    3    7 1 1 1
   1544   11    3    8 1 1 1
   1545   11    4    1 1 1 1
   1546   11    4    2 1 1 1
   1547   11    4    3 1 1 1
   1548   11    4    4 1 1 1
   1549   11    4    5 1 1 1
   1550   11    4    6 1 1 1
   1551   11    4    7 1 1 1
   1552   11    4    8 1 1 1
   1553   11    5    1 1 1 1
   1554   11    5    2 1 1 1
   1555   11    5    3 1 1 1
   1556   11    5    4 1 1 1
   1557   11    5    5 1 1 1
   1558   11    5    6 1 1 1
   1559   11    5    7 1 1 1
   1560   11    5    8 1 1 1
   1561   11    6    1 1 1 1
   1562   11    6    2 1 1 1
   1563   11    6    3 1 1 1
   1564   11    6    4 1 1 1
   1565   11    6    5 1 1 1
   1566   11    6    6 1 1 1
   1567   11    6    7 1 1 1
   1568   11    6    8 1 1 1
   1569   11    7    1 1 1 1
   1570   11    7    2 1 1 1
   1571   11    7    3 1 1 1
   1572   11    7    4 1 1 1
   1573   11    7    5 1 1 1
   1574   11    7    6 1 1 1
   1575   11    7    7 1 1 1
   1576   11    7    8 1 1 1
   1577   11    8    1 1 1 1
   1578   11    8    2 1 1 1
   1579   11    8    3 1 1 1
   1580   11    8    4 1 1 1
   1581   11    8    5 1 1 1
   1582   11    8    6 1 1 1
   1583   11    8    7 1 1 1
   1584   11    8    8 1 1 1
   1585   11    9    1 1 1 1
   1586   11    9    2 1 1 1
   1587   11    9    3 1 1 1
   1588   11    9    4 1 1 1
   1589   11    9    5 1 1 1
   1590   11    9    6 1 1 1
   1591   11    9    7 1 1 1
   1592   11    9    8 1 1 1
   1593   11   10    1 1 1 1
   1594   11   10    2 1 1 1
   1595   11   10    3 1 1 1
   1596   11   10    4 1 1 1
   1597   11   10    5 1 1 1
   1598   11   10    6 1 1 1
   1599   11   10    7 1 1 1
   1600   11   10    8 1 1 1
   1601   11   11    1 1 1 1
   1602   11   11    2 1 1 1
   1603   11   11    3 1 1 1
   1604   11   11    4 1 1 1
   1605   11   11    5 1 1 1
   1606   11   11    6 1 1 1
   1607   11   11    7 1 1 1
   1608   11   11    8 1 1 1
   1609   11   12    1 1 1 1
   1610   11   12    2 1 1 1
   1611   11   12    3 1 1 1
   1612   11   12    4 1 1 1
   1613   11   12    5 1 1 1
   1614   11   12    6 1 1 1
   1615   11   12    7 1 1 1
   1616   11   12    8 1 1 1
   1617   11   13    1 1 1 1
   1618   11   13    2 1 1 1
   1619   11   13    3 1 1 1
   1620   11   13    4 1 1 1
   1621   11   13    5 1 1 1
   1622   11   13    6 1 1 1
   1623   11   13    7 1 1 1
   1624   11   13    8 1 1 1
   1625   11   14    1 1 1 1
   1626   11   14    2 1 1 1
   1627   11   14    3 1 1 1
   1628   11   14    4 1 1 1
   1629   11   14    5 1 1 1
   1630   11   14    6 1 1 1
   1631   11   14    7 1 1 1
   1632   11   14    8 1 1 1
   1633   11   15    1 1 1 1
   1634   11   15    2 1 1 1
   1635   11   15    3 1 1 1
   1636   11   15    4 1 1 1
   1637   11   15    5 1 1 1
   1638   11   15    6 1 1 1
   1639   11   15    7 1 1 1
   1640   11   15    8 1 1 1
   1641   11   16    1 1 1 1
   1642   11   16    2 1 1 1
   1643   11   16    3 1 1 1
   1644   11   16    4 1 1 1
   1645   11   16    5 1 1 1
   1646   11   16    6 1 1 1
   1647   11   16    7 1 1 1
   1648   11   16    8 1 1 1
   1649   11   17    1 1 1 1
   1650   11   17    2 1 1 1
   1651   11   17    3 1 1 1
   1652   11   17    4 1 1 1
   1653   11   17    5 1 1 1
   1654   11   17    6 1 1 1
   1655   11   17    7 1 1 1
   1656   11   17    8 1 1 1
   1657   11   18    1 1 1 1
   1658   11   18    2 1 1 1
   1659   11   18    3 1 1 1
   1660   11   18    4 1 1 1
   1661   11   18    5 1 1 1
   1662   11   18    6 1 1 1
   1663   11   18    7 1 1 1
   1664   11   18    8 1 1 1
   1665   11   19    1 1 1 1
   1666   11   19    2 1 1 1
   1667   11   19    3 1 1 1
   1668   11   19    4 1 1 1
   1669   11   19    5 1 1 1
   1670   11   19    6 1 1 1
   1671   11   19    7 1 1 1
   1672   11   19    8 1 1 1
   1673   12    1    1 1 1 1
   1674   12    1    2 1 1 1
   1675   12    1    3 1 1 1
   1676   12    1    4 1 1 1
   1677   12    1    5 1 1 1
   1678   12    1    6 1 1 1
   1679   12    1    7 1 1 1
   1680   12    1    8 1 1 1
   1681   12    2    1 1 1 1
   1682   12    2    2 1 1 1
   1683   12    2    3 1 1 1
   1684   12    2    4 1 1 1
   1685   12    2    5 1 1 1
   1686   12    2    6 1 1 1
   1687   12    2    7 1 1 1
   1688   12    2    8 1 1 1
   1689   12    3    1 1 1 1
   1690   12    3    2 1 1 1
   1691   12    3    3 1 1 1
   1692   12    3    4 1 1 1
   1693   12    3    5 1 1 1
   1694   12    3    6 1 1 1
   1695   12    3    7 1 1 1
   1696   12    3    8 1 1 1
   1697   12    4    1 1 1 1
   1698   12    4    2 1 1 1
   1699   12    4    3 1 1 1
   1700   12    4    4 1 1 1
   1701   12    4    5 1 1 1
   1702   12    4    6 1 1 1
   1703   12    4    7 1 1 1
   1704   12    4    8 1 1 1
   1705   12    5    1 1 1 1
   1706   12    5    2 1 1 1
   1707   12    5    3 1 1 1
   1708   12    5    4 1 1 1
   1709   12    5    5 1 1 1
   1710   12    5    6 1 1 1
   1711   12    5    7 1 1 1
   1712   12    5    8 1 1 1
   1713   12    6    1 1 1 1
   1714   12    6    2 1 1 1
   1715   12    6    3 1 1 1
   1716   12    6    4 1 1 1
   1717   12    6    5 1 1 1
   1718   12    6    6 1 1 1
   1719   12    6    7 1 1 1
   1720   12    6    8 1 1 1
   1721   12    7    1 1 1 1
   1722   12    7    2 1 1 1
   1723   12    7    3 1 1 1
   1724   12    7    4 1 1 1
   1725   12    7    5 1 1 1
   1726   12    7    6 1 1 1
   1727   12    7    7 1 1 1
   1728   12    7    8 1 1 1
   1729   12    8    1 1 1 1
   1730   12    8    2 1 1 1
   1731   12    8    3 1 1 1
   1732   12    8    4 1 1 1
   1733   12    8    5 1 1 1
   1734   12    8    6 1 1 1
   1735   12    8    7 1 1 1
   1736   12    8    8 1 1 1
   1737   12    9    1 1 1 1
   1738   12    9    2 1 1 1
   1739   12    9    3 1 1 1
   1740   12    9    4 1 1 1
   1741   12    9    5 1 1 1
   1742   12    9    6 1 1 1
   1743   12    9    7 1 1 1
   1744   12    9    8 1 1 1
   1745   12   10    1 1 1 1
   1746   12   10    2 1 1 1
   1747   12   10    3 1 1 1
   1748   12   10    4 1 1 1
   1749   12   10    5 1 1 1
   1750   12   10    6 1 1 1
   1751   12   10    7 1 1 1
   1752   12   10    8 1 1 1
   1753   12   11    1 1 1 1
   1754   12   11    2 1 1 1
   1755   12   11    3 1 1 1
   1756   12   11    4 1 1 1
   1757   12   11    5 1 1 1
   1758   12   11    6 1 1 1
   1759   12   11    7 1 1 1
   1760   12   11    8 1 1 1
   1761   12   12    1 1 1 1
   1762   12   12    2 1 1 1
   1763   12   12    3 1 1 1
   1764   12   12    4 1 1 1
   1765   12   12    5 1 1 1
   1766   12   12    6 1 1 1
   1767   12   12    7 1 1 1
   1768   12   12    8 1 1 1
   1769   12   13    1 1 1 1
   1770   12   13    2 1 1 1
   1771   12   13    3 1 1 1
   1772   12   13    4 1 1 1
   1773   12   13    5 1 1 1
   1774   12   13    6 1 1 1
   1775   12   13    7 1 1 1
   1776   12   13    8 1 1 1
   1777   12   14    1 1 1 1
   1778   12   14    2 1 1 1
   1779   12   14    3 1 1 1
   1780   12   14    4 1 1 1
   1781   12   14    5 1 1 1
   1782   12   14    6 1 1 1
   1783   12   14    7 1 1 1
   1784   12   14    8 1 1 1
   1785   12   15    1 1 1 1
   1786   12   15    2 1 1 1
   1787   12   15    3 1 1 1
   1788   12   15    4 1 1 1
   1789   12   15    5 1 1 1
   1790   12   15    6 1 1 1
   1791   12   15    7 1 1 1
   1792   12   15    8 1 1 1
   1793   12   16    1 1 1 1
   1794   12   16    2 1 1 1
   1795   12   16    3 1 1 1
   1796   12   16    4 1 1 1
   1797   12   16    5 1 1 1
   1798   12   16    6 1 1 1
   1799   12   16    7 1 1 1
   1800   12   16    8 1 1 1
   1801   12   17    1 1 1 1
   1802   12   17    2 1 1 1
   1803   12   17    3 1 1 1
   1804   12   17    4 1 1 1
   1805   12   17    5 1 1 1
   1806   12   17    6 1 1 1
   1807   12   17    7 1 1 1
   1808   12   17    8 1 1 1
   1809   12   18    1 1 1 1
   1810   12   18    2 1 1 1
   1811   12   18    3 1 1 1
   1812   12   18    4 1 1 1
   1813   12   18    5 1 1 1
   1814   12   18    6 1 1 1
   1815   12   18    7 1 1 1
   1816   12   18    8 1 1 1
   1817   12   19    1 1 1 1
   1818   12   19    2 1 1 1
   1819   12   19    3 1 1 1
   1820   12   19    4 1 1 1
   1821   12   19    5 1 1 1
   1822   12   19    6 1 1 1
   1823   12   19    7 1 1 1
   1824   12   19    8 1 1 1
   1825   13    1    1 1 1 1
   1826   13    1    2 1 1 1
   1827   13    1    3 1 1 1
   1828   13    1    4 1 1 1
   1829   13    1    5 1 1 1
   1830   13    1    6 1 1 1
   1831   13    1    7 1 1 1
   1832   13    1    8 1 1 1
   1833   13    2    1 1 1 1
   1834   13    2    2 1 1 1
   1835   13    2    3 1 1 1
   1836   13    2    4 1 1 1
   1837   13    2    5 1 1 1
   1838   13    2    6 1 1 1
   1839   13    2    7 1 1 1
   1840   13    2    8 1 1 1
   1841   13    3    1 1 1 1
   1842   13    3    2 1 1 1
   1843   13    3    3 1 1 1
   1844   13    3    4 1 1 1
   1845   13    3    5 1 1 1
   1846   13    3    6 1 1 1
   1847   13    3    7 1 1 1
   1848   13    3    8 1 1 1
   1849   13    4    1 1 1 1
   1850   13    4    2 1 1 1
   1851   13    4    3 1 1 1
   1852   13    4    4 1 1 1
   1853   13    4    5 1 1 1
   1854   13    4    6 1 1 1
   1855   13    4    7 1 1 1
   1856   13    4    8 1 1 1
   1857   13    5    1 1 1 1
   1858   13    5    2 1 1 1
   1859   13    5    3 1 1 1
   1860   13    5    4 1 1 1
   1861   13    5    5 1 1 1
   1862   13    5    6 1 1 1
   1863   13    5    7 1 1 1
   1864   13    5    8 1 1 1
   1865   13    6    1 1 1 1
   1866   13    6    2 1 1 1
   1867   13    6    3 1 1 1
   1868   13    6    4 1 1 1
   1869   13    6    5 1 1 1
   1870   13    6    6 1 1 1
   1871   13    6    7 1 1 1
   1872   13    6    8 1 1 1
   1873   13    7    1 1 1 1
   1874   13    7    2 1 1 1
   1875   13    7    3 1 1 1
   1876   13    7    4 1 1 1
   1877   13    7    5 1 1 1
   1878   13    7    6 1 1 1
   1879   13    7    7 1 1 1
   1880   13    7    8 1 1 1
   1881   13    8    1 1 1 1
   1882   13    8    2 1 1 1
   1883   13    8    3 1 1 1
   1884   13    8    4 1 1 1
   1885   13    8    5 1 1 1
   1886   13    8    6 1 1 1
   1887   13    8    7 1 1 1
   1888   13    8    8 1 1 1
   1889   13    9    1 1 1 1
   1890   13    9    2 1 1 1
   1891   13    9    3 1 1 1
   1892   13    9    4 1 1 1
   1893   13    9    5 1 1 1
   1894   13    9    6 1 1 1
   1895   13    9    7 1 1 1
   1896   13    9    8 1 1 1
   1897   13   10    1 1 1 1
   1898   13   10    2 1 1 1
   1899   13   10    3 1 1 1
   1900   13   10    4 1 1 1
   1901   13   10    5 1 1 1
   1902   13   10    6 1 1 1
   1903   13   10    7 1 1 1
   1904   13   10    8 1 1 1
   1905   13   11    1 1 1 1
   1906   13   11    2 1 1 1
   1907   13   11    3 1 1 1
   1908   13   11    4 1 1 1
   1909   13   11    5 1 1 1
   1910   13   11    6 1 1 1
   1911   13   11    7 1 1 1
   1912   13   11    8 1 1 1
   1913   13   12    1 1 1 1
   1914   13   12    2 1 1 1
   1915   13   12    3 1 1 1
   1916   13   12    4 1 1 1
   1917   13   12    5 1 1 1
   1918   13   12    6 1 1 1
   1919   13   12    7 1 1 1
   1920   13   12    8 1 1 1
   1921   13   13    1 1 1 1
   1922   13   13    2 1 1 1
   1923   13   13    3 1 1 1
   1924   13   13    4 1 1 1
   1925   13   13    5 1 1 1
   1926   13   13    6 1 1 1
   1927   13   13    7 1 1 1
   1928   13   13    8 1 1 1
   1929   13   14    1 1 1 1
   1930   13   14    2 1 1 1
   1931   13   14    3 1 1 1
   1932   13   14    4 1 1 1
   1933   13   14    5 1 1 1
   1934   13   14    6 1 1 1
   1935   13   14    7 1 1 1
   1936   13   14    8 1 1 1
   1937   13   15    1 1 1 1
   1938   13   15    2 1 1 1
   1939   13   15    3 1 1 1
   1940   13   15    4 1 1 1
   1941   13   15    5 1 1 1
   1942   13   15    6 1 1 1
   1943   13   15    7 1 1 1
   1944   13   15    8 1 1 1
   1945   13   16    1 1 1 1
   1946   13   16    2 1 1 1
   1947   13   16    3 1 1 1
   1948   13   16    4 1 1 1
   1949   13   16    5 1 1 1
   1950   13   16    6 1 1 1
   1951   13   16    7 1 1 1
   1952   13   16    8 1 1 1
   1953   13   17    1 1 1 1
   1954   13   17    2 1 1 1
   1955   13   17    3 1 1 1
   1956   13   17    4 1 1 1
   1957   13   17    5 1 1 1
   1958   13   17    6 1 1 1
   1959   13   17    7 1 1 1
   1960   13   17    8 1 1 1
   1961   13   18    1 1 1 1
   1962   13   18    2 1 1 1
   1963   13   18    3 1 1 1
   1964   13   18    4 1 1 1
   1965   13   18    5 1 1 1
   1966   13   18    6 1 1 1
   1967   13   18    7 1 1 1
   1968   13   18    8 1 1 1
   1969   13   19    1 1 1 1
   1970   13   19    2 1 1 1
   1971   13   19    3 1 1 1
   1972   13   19    4 1 1 1
   1973   13   19    5 1 1 1
   1974   13   19    6 1 1 1
   1975   13   19    7 1 1 1
   1976   13   19    8 1 1 1
   1977   14    1    1 1 1 1
   1978   14    1    2 1 1 1
   1979   14    1    3 1 1 1
   1980   14    1    4 1 1 1
   1981   14    1    5 1 1 1
   1982   14    1    6 1 1 1
   1983   14    1    7 1 1 1
   1984   14    1    8 1 1 1
   1985   14    2    1 1 1 1
   1986   14    2    2 1 1 1
   1987   14    2    3 1 1 1
   1988   14    2    4 1 1 1
   1989   14    2    5 1 1 1
   1990   14    2    6 1 1 1
   1991   14    2    7 1 1 1
   1992   14    2    8 1 1 1
   1993   14    3    1 1 1 1
   1994   14    3    2 1 1 1
   1995   14    3    3 1 1 1
   1996   14    3    4 1 1 1
   1997   14    3    5 1 1 1
   1998   14    3    6 1 1 1
   1999   14    3    7 1 1 1
   2000   14    3    8 1 1 1
   2001   14    4    1 1 1 1
   2002   14    4    2 1 1 1
   2003   14    4    3 1 1 1
   2004   14    4    4 1 1 1
   2005   14    4    5 1 1 1
   2006   14    4    6 1 1 1
   2007   14    4    7 1 1 1
   2008   14    4    8 1 1 1
   2009   14    5    1 1 1 1
   2010   14    5    2 1 1 1
   2011   14    5    3 1 1 1
   2012   14    5    4 1 1 1
   2013   14    5    5 1 1 1
   2014   14    5    6 1 1 1
   2015   14    5    7 1 1 1
   2016   14    5    8 1 1 1
   2017   14    6    1 1 1 1
   2018   14    6    2 1 1 1
   2019   14    6    3 1 1 1
   2020   14    6    4 1 1 1
   2021   14    6    5 1 1 1
   2022   14    6    6 1 1 1
   2023   14    6    7 1 1 1
   2024   14    6    8 1 1 1
   2025   14    7    1 1 1 1
   2026   14    7    2 1 1 1
   2027   14    7    3 1 1 1
   2028   14    7    4 1 1 1
   2029   14    7    5 1 1 1
   2030   14    7    6 1 1 1
   2031   14    7    7 1 1 1
   2032   14    7    8 1 1 1
   2033   14    8    1 1 1 1
   2034   14    8    2 1 1 1
   2035   14    8    3 1 1 1
   2036   14    8    4 1 1 1
   2037   14    8    5 1 1 1
   2038   14    8    6 1 1 1
   2039   14    8    7 1 1 1
   2040   14    8    8 1 1 1
   2041   14    9    1 1 1 1
   2042   14    9    2 1 1 1
   2043   14    9    3 1 1 1
   2044   14    9    4 1 1 1
   2045   14    9    5 1 1 1
   2046   14    9    6 1 1 1
   2047   14    9    7 1 1 1
   2048   14    9    8 1 1 1
   2049   14   10    1 1 1 1
   2050   14   10    2 1 1 1
   2051   14   10    3 1 1 1
   2052   14   10    4 1 1 1
   2053   14   10    5 1 1 1
   2054   14   10    6 1 1 1
   2055   14   10    7 1 1 1
   2056   14   10    8 1 1 1
   2057   14   11    1 1 1 1
   2058   14   11    2 1 1 1
   2059   14   11    3 1 1 1
   2060   14   11    4 1 1 1
   2061   14   11    5 1 1 1
   2062   14   11    6 1 1 1
   2063   14   11    7 1 1 1
   2064   14   11    8 1 1 1
   2065   14   12    1 1 1 1
   2066   14   12    2 1 1 1
   2067   14   12    3 1 1 1
   2068   14   12    4 1 1 1
   2069   14   12    5 1 1 1
   2070   14   12    6 1 1 1
   2071   14   12    7 1 1 1
   2072   14   12    8 1 1 1
   2073   14   13    1 1 1 1
   2074   14   13    2 1 1 1
   2075   14   13    3 1 1 1
   2076   14   13    4 1 1 1
   2077   14   13    5 1 1 1
   2078   14   13    6 1 1 1
   2079   14   13    7 1 1 1
   2080   14   13    8 1 1 1
   2081   14   14    1 1 1 1
   2082   14   14    2 1 1 1
   2083   14   14    3 1 1 1
   2084   14   14    4 1 1 1
   2085   14   14    5 1 1 1
   2086   14   14    6 1 1 1
   2087   14   14    7 1 1 1
   2088   14   14    8 1 1 1
   2089   14   15    1 1 1 1
   2090   14   15    2 1 1 1
   2091   14   15    3 1 1 1
   2092   14   15    4 1 1 1
   2093   14   15    5 1 1 1
   2094   14   15    6 1 1 1
   2095   14   15    7 1 1 1
   2096   14   15    8 1 1 1
   2097   14   16    1 1 1 1
   2098   14   16    2 1 1 1
   2099   14   16    3 1 1 1
   2100   14   16    4 1 1 1
   2101   14   16    5 1 1 1
   2102   14   16    6 1 1 1
   2103   14   16    7 1 1 1
   2104   14   16    8 1 1 1
   2105   14   17    1 1 1 1
   2106   14   17    2 1 1 1
   2107   14   17    3 1 1 1
   2108   14   17    4 1 1 1
   2109   14   17    5 1 1 1
   2110   14   17    6 1 1 1
   2111   14   17    7 1 1 1
   2112   14   17    8 1 1 1
   2113   14   18    1 1 1 1
   2114   14   18    2 1 1 1
   2115   14   18    3 1 1 1
   2116   14   18    4 1 1 1
   2117   14   18    5 1 1 1
   2118   14   18    6 1 1 1
   2119   14   18    7 1 1 1
   2120   14   18    8 1 1 1
   2121   14   19    1 1 1 1
   2122   14   19    2 1 1 1
   2123   14   19    3 1 1 1
   2124   14   19    4 1 1 1
   2125   14   19    5 1 1 1
   2126   14   19    6 1 1 1
   2127   14   19    7 1 1 1
   2128   14   19    8 1 1 1
   2129   15    1    1 1 1 1
   2130   15    1    2 1 1 1
   2131   15    1    3 1 1 1
   2132   15    1    4 1 1 1
   2133   15    1    5 1 1 1
   2134   15    1    6 1 1 1
   2135   15    1    7 1 1 1
   2136   15    1    8 1 1 1
   2137   15    2    1 1 1 1
   2138   15    2    2 1 1 1
   2139   15    2    3 1 1 1
   2140   15    2    4 1 1 1
   2141   15    2    5 1 1 1
   2142   15    2    6 1 1 1
   2143   15    2    7 1 1 1
   2144   15    2    8 1 1 1
   2145   15    3    1 1 1 1
   2146   15    3    2 1 1 1
   2147   15    3    3 1 1 1
   2148   15    3    4 1 1 1
   2149   15    3    5 1 1 1
   2150   15    3    6 1 1 1
   2151   15    3    7 1 1 1
   2152   15    3    8 1 1 1
   2153   15    4    1 1 1 1
   2154   15    4    2 1 1 1
   2155   15    4    3 1 1 1
   2156   15    4    4 1 1 1
   2157   15    4    5 1 1 1
   2158   15    4    6 1 1 1
   2159   15    4    7 1 1 1
   2160   15    4    8 1 1 1
   2161   15    5    1 1 1 1
   2162   15    5    2 1 1 1
   2163   15    5    3 1 1 1
   2164   15    5    4 1 1 1
   2165   15    5    5 1 1 1
   2166   15    5    6 1 1 1
   2167   15    5    7 1 1 1
   2168   15    5    8 1 1 1
   2169   15    6    1 1 1 1
   2170   15    6    2 1 1 1
   2171   15    6    3 1 1 1
   2172   15    6    4 1 1 1
   2173   15    6    5 1 1 1
   2174   15    6    6 1 1 1
   2175   15    6    7 1 1 1
   2176   15    6    8 1 1 1
   2177   15    7    1 1 1 1
   2178   15    7    2 1 1 1
   2179   15    7    3 1 1 1
   2180   15    7    4 1 1 1
   2181   15    7    5 1 1 1
   2182   15    7    6 1 1 1
   2183   15    7    7 1 1 1
   2184   15    7    8 1 1 1
   2185   15    8    1 1 1 1
   2186   15    8    2 1 1 1
   2187   15    8    3 1 1 1
   2188   15    8    4 1 1 1
   2189   15    8    5 1 1 1
   2190   15    8    6 1 1 1
   2191   15    8    7 1 1 1
   2192   15    8    8 1 1 1
   2193   15    9    1 1 1 1
   2194   15    9    2 1 1 1
   2195   15    9    3 1 1 1
   2196   15    9    4 1 1 1
   2197   15    9    5 1 1 1
   2198   15    9    6 1 1 1
   2199   15    9    7 1 1 1
   2200   15    9    8 1 1 1
   2201   15   10    1 1 1 1
   2202   15   10    2 1 1 1
   2203   15   10    3 1 1 1
   2204   15   10    4 1 1 1
   2205   15   10    5 1 1 1
   2206   15   10    6 1 1 1
   2207   15   10    7 1 1 1
   2208   15   10    8 1 1 1
   2209   15   11    1 1 1 1
   2210   15   11    2 1 1 1
   2211   15   11    3 1 1 1
   2212   15   11    4 1 1 1
   2213   15   11    5 1 1 1
   2214   15   11    6 1 1 1
   2215   15   11    7 1 1 1
   2216   15   11    8 1 1 1
   2217   15   12    1 1 1 1
   2218   15   12    2 1 1 1
   2219   15   12    3 1 1 1
   2220   15   12    4 1 1 1
   2221   15   12    5 1 1 1
   2222   15   12    6 1 1 1
   2223   15   12    7 1 1 1
   2224   15   12    8 1 1 1
   2225   15   13    1 1 1 1
   2226   15   13    2 1 1 1
   2227   15   13    3 1 1 1
   2228   15   13    4 1 1 1
   2229   15   13    5 1 1 1
   2230   15   13    6 1 1 1
   2231   15   13    7 1 1 1
   2232   15   13    8 1 1 1
   2233   15   14    1 1 1 1
   2234   15   14    2 1 1 1
   2235   15   14    3 1 1 1
   2236   15   14    4 1 1 1
   2237   15   14    5 1 1 1
   2238   15   14    6 1 1 1
   2239   15   14    7 1 1 1
   2240   15   14    8 1 1 1
   2241   15   15    1 1 1 1
   2242   15   15    2 1 1 1
   2243   15   15    3 1 1 1
   2244   15   15    4 1 1 1
   2245   15   15    5 1 1 1
   2246   15   15    6 1 1 1
   2247   15   15    7 1 1 1
   2248   15   15    8 1 1 1
   2249   15   16    1 1 1 1
   2250   15   16    2 1 1 1
   2251   15   16    3 1 1 1
   2252   15   16    4 1 1 1
   2253   15   16    5 1 1 1
   2254   15   16    6 1 1 1
   2255   15   16    7 1 1 1
   2256   15   16    8 1 1 1
   2257   15   17    1 1 1 1
   2258   15   17    2 1 1 1
   2259   15   17    3 1 1 1
   2260   15   17    4 1 1 1
   2261   15   17    5 1 1 1
   2262   15   17    6 1 1 1
   2263   15   17    7 1 1 1
   2264   15   17    8 1 1 1
   2265   15   18    1 1 1 1
   2266   15   18    2 1 1 1
   2267   15   18    3 1 1 1
   2268   15   18    4 1 1 1
   2269   15   18    5 1 1 1
   2270   15   18    6 1 1 1
   2271   15   18    7 1 1 1
   2272   15   18    8 1 1 1
   2273   15   19    1 1 1 1
   2274   15   19    2 1 1 1
   2275   15   19    3 1 1 1
   2276   15   19    4 1 1 1
   2277   15   19    5 1 1 1
   2278   15   19    6 1 1 1
   2279   15   19    7 1 1 1
   2280   15   19    8 1 1 1
   2281   16    1    1 1 1 1
   2282   16    1    2 1 1 1
   2283   16    1    3 1 1 1
   2284   16    1    4 1 1 1
   2285   16    1    5 1 1 1
   2286   16    1    6 1 1 1
   2287   16    1    7 1 1 1
   2288   16    1    8 1 1 1
   2289   16    2    1 1 1 1
   2290   16    2    2 1 1 1
   2291   16    2    3 1 1 1
   2292   16    2    4 1 1 1
   2293   16    2    5 1 1 1
   2294   16    2    6 1 1 1
   2295   16    2    7 1 1 1
   2296   16    2    8 1 1 1
   2297   16    3    1 1 1 1
   2298   16    3    2 1 1 1
   2299   16    3    3 1 1 1
   2300   16    3    4 1 1 1
   2301   16    3    5 1 1 1
   2302   16    3    6 1 1 1
   2303   16    3    7 1 1 1
   2304   16    3    8 1 1 1
   2305   16    4    1 1 1 1
   2306   16    4    2 1 1 1
   2307   16    4    3 1 1 1
   2308   16    4    4 1 1 1
   2309   16    4    5 1 1 1
   2310   16    4    6 1 1 1
   2311   16    4    7 1 1 1
   2312   16    4    8 1 1 1
   2313   16    5    1 1 1 1
   2314   16    5    2 1 1 1
   2315   16    5    3 1 1 1
   2316   16    5    4 1 1 1
   2317   16    5    5 1 1 1
   2318   16    5    6 1 1 1
   2319   16    5    7 1 1 1
   2320   16    5    8 1 1 1
   2321   16    6    1 1 1 1
   2322   16    6    2 1 1 1
   2323   16    6    3 1 1 1
   2324   16    6    4 1 1 1
   2325   16    6    5 1 1 1
   2326   16    6    6 1 1 1
   2327   16    6    7 1 1 1
   2328   16    6    8 1 1 1
   2329   16    7    1 1 1 1
   2330   16    7    2 1 1 1
   2331   16    7    3 1 1 1
   2332   16    7    4 1 1 1
   2333   16    7    5 1 1 1
   2334   16    7    6 1 1 1
   2335   16    7    7 1 1 1
   2336   16    7    8 1 1 1
   2337   16    8    1 1 1 1
   2338   16    8    2 1 1 1
   2339   16    8    3 1 1 1
   2340   16    8    4 1 1 1
   2341   16    8    5 1 1 1
   2342   16    8    6 1 1 1
   2343   16    8    7 1 1 1
   2344   16    8    8 1 1 1
   2345   16    9    1 1 1 1
   2346   16    9    2 1 1 1
   2347   16    9    3 1 1 1
   2348   16    9    4 1 1 1
   2349   16    9    5 1 1 1
   2350   16    9    6 1 1 1
   2351   16    9    7 1 1 1
   2352   16    9    8 1 1 1
   2353   16   10    1 1 1 1
   2354   16   10    2 1 1 1
   2355   16   10    3 1 1 1
   2356   16   10    4 1 1 1
   2357   16   10    5 1 1 1
   2358   16   10    6 1 1 1
   2359   16   10    7 1 1 1
   2360   16   10    8 1 1 1
   2361   16   11    1 1 1 1
   2362   16   11    2 1 1 1
   2363   16   11    3 1 1 1
   2364   16   11    4 1 1 1
   2365   16   11    5 1 1 1
   2366   16   11    6 1 1 1
   2367   16   11    7 1 1 1
   2368   16   11    8 1 1 1
   2369   16   12    1 1 1 1
   2370   16   12    2 1 1 1
   2371   16   12    3 1 1 1
   2372   16   12    4 1 1 1
   2373   16   12    5 1 1 1
   2374   16   12    6 1 1 1
   2375   16   12    7 1 1 1
   2376   16   12    8 1 1 1
   2377   16   13    1 1 1 1
   2378   16   13    2 1 1 1
   2379   16   13    3 1 1 1
   2380   16   13    4 1 1 1
   2381   16   13    5 1 1 1
   2382   16   13    6 1 1 1
   2383   16   13    7 1 1 1
   2384   16   13    8 1 1 1
   2385   16   14    1 1 1 1
   2386   16   14    2 1 1 1
   2387   16   14    3 1 1 1
   2388   16   14    4 1 1 1
   2389   16   14    5 1 1 1
   2390   16   14    6 1 1 1
   2391   16   14    7 1 1 1
   2392   16   14    8 1 1 1
   2393   16   15    1 1 1 1
   2394   16   15    2 1 1 1
   2395   16   15    3 1 1 1
   2396   16   15    4 1 1 1
   2397   16   15    5 1 1 1
   2398   16   15    6 1 1 1
   2399   16   15    7 1 1 1
   2400   16   15    8 1 1 1
   2401   16   16    1 1 1 1
   2402   16   16    2 1 1 1
   2403   16   16    3 1 1 1
   2404   16   16    4 1 1 1
   2405   16   16    5 1 1 1
   2406   16   16    6 1 1 1
   2407   16   16    7 1 1 1
   2408   16   16    8 1 1 1
   2409   16   17    1 1 1 1
   2410   16   17    2 1 1 1
   2411   16   17    3 1 1 1
   2412   16   17    4 1 1 1
   2413   16   17    5 1 1 1
   2414   16   17    6 1 1 1
   2415   16   17    7 1 1 1
   2416   16   17    8 1 1 1
   2417   16   18    1 1 1 1
   2418   16   18    2 1 1 1
   2419   16   18    3 1 1 1
   2420   16   18    4 1 1 1
   2421   16   18    5 1 1 1
   2422   16   18    6 1 1 1
   2423   16   18    7 1 1 1
   2424   16   18    8 1 1 1
   2425   16   19    1 1 1 1
   2426   16   19    2 1 1 1
   2427   16   19    3 1 1 1
   2428   16   19    4 1 1 1
   2429   16   19    5 1 1 1
   2430   16   19    6 1 1 1
   2431   16   19    7 1 1 1
   2432   16   19    8 1 1 1
   2433   17    1    1 1 1 1
   2434   17    1    2 1 1 1
   2435   17    1    3 1 1 1
   2436   17    1    4 1 1 1
   2437   17    1    5 1 1 1
   2438   17    1    6 1 1 1
   2439   17    1    7 1 1 1
   2440   17    1    8 1 1 1
   2441   17    2    1 1 1 1
   2442   17    2    2 1 1 1
   2443   17    2    3 1 1 1
   2444   17    2    4 1 1 1
   2445   17    2    5 1 1 1
   2446   17    2    6 1 1 1
   2447   17    2    7 1 1 1
   2448   17    2    8 1 1 1
   2449   17    3    1 1 1 1
   2450   17    3    2 1 1 1
   2451   17    3    3 1 1 1
   2452   17    3    4 1 1 1
   2453   17    3    5 1 1 1
   2454   17    3    6 1 1 1
   2455   17    3    7 1 1 1
   2456   17    3    8 1 1 1
   2457   17    4    1 1 1 1
   2458   17    4    2 1 1 1
   2459   17    4    3 1 1 1
   2460   17    4    4 1 1 1
   2461   17    4    5 1 1 1
   2462   17    4    6 1 1 1
   2463   17    4    7 1 1 1
   2464   17    4    8 1 1 1
   2465   17    5    1 1 1 1
   2466   17    5    2 1 1 1
   2467   17    5    3 1 1 1
   2468   17    5    4 1 1 1
   2469   17    5    5 1 1 1
   2470   17    5    6 1 1 1
   2471   17    5    7 1 1 1
   2472   17    5    8 1 1 1
   2473   17    6    1 1 1 1
   2474   17    6    2 1 1 1
   2475   17    6    3 1 1 1
   2476   17    6    4 1 1 1
   2477   17    6    5 1 1 1
   2478   17    6    6 1 1 1
   2479   17    6    7 1 1 1
   2480   17    6    8 1 1 1
   2481   17    7    1 1 1 1
   2482   17    7    2 1 1 1
   2483   17    7    3 1 1 1
   2484   17    7    4 1 1 1
   2485   17    7    5 1 1 1
   2486   17    7    6 1 1 1
   2487   17    7    7 1 1 1
   2488   17    7    8 1 1 1
   2489   17    8    1 1 1 1
   2490   17    8    2 1 1 1
   2491   17    8    3 1 1 1
   2492   17    8    4 1 1 1
   2493   17    8    5 1 1 1
   2494   17    8    6 1 1 1
   2495   17    8    7 1 1 1
   2496   17    8    8 1 1 1
   2497   17    9    1 1 1 1
   2498   17    9    2 1 1 1
   2499   17    9    3 1 1 1
   2500   17    9    4 1 1 1
   2501   17    9    5 1 1 1
   2502   17    9    6 1 1 1
   2503   17    9    7 1 1 1
   2504   17    9    8 1 1 1
   2505   17   10    1 1 1 1
   2506   17   10    2 1 1 1
   2507   17   10    3 1 1 1
   2508   17   10    4 1 1 1
   2509   17   10    5 1 1 1
   2510   17   10    6 1 1 1
   2511   17   10    7 1 1 1
   2512   17   10    8 1 1 1
   2513   17   11    1 1 1 1
   2514   17   11    2 1 1 1
   2515   17   11    3 1 1 1
   2516   17   11    4 1 1 1
   2517   17   11    5 1 1 1
   2518   17   11    6 1 1 1
   2519   17   11    7 1 1 1
   2520   17   11    8 1 1 1
   2521   17   12    1 1 1 1
   2522   17   12    2 1 1 1
   2523   17   12    3 1 1 1
   2524   17   12    4 1 1 1
   2525   17   12    5 1 1 1
   2526   17   12    6 1 1 1
   2527   17   12    7 1 1 1
   2528   17   12    8 1 1 1
   2529   17   13    1 1 1 1
   2530   17   13    2 1 1 1
   2531   17   13    3 1 1 1
   2532   17   13    4 1 1 1
   2533   17   13    5 1 1 1
   2534   17   13    6 1 1 1
   2535   17   13    7 1 1 1
   2536   17   13    8 1 1 1
   2537   17   14    1 1 1 1
   2538   17   14    2 1 1 1
   2539   17   14    3 1 1 1
   2540   17   14    4 1 1 1
   2541   17   14    5 1 1 1
   2542   17   14    6 1 1 1
   2543   17   14    7 1 1 1
   2544   17   14    8 1 1 1
   2545   17   15    1 1 1 1
   2546   17   15    2 1 1 1
   2547   17   15    3 1 1 1
   2548   17   15    4 1 1 1
   2549   17   15    5 1 1 1
   2550   17   15    6 1 1 1
   2551   17   15    7 1 1 1
   2552   17   15    8 1 1 1
   2553   17   16    1 1 1 1
   2554   17   16    2 1 1 1
   2555   17   16    3 1 1 1
   2556   17   16    4 1 1 1
   2557   17   16    5 1 1 1
   2558   17   16    6 1 1 1
   2559   17   16    7 1 1 1
   2560   17   16    8 1 1 1
   2561   17   17    1 1 1 1
   2562   17   17    2 1 1 1
   2563   17   17    3 1 1 1
   2564   17   17    4 1 1 1
   2565   17   17    5 1 1 1
   2566   17   17    6 1 1 1
   2567   17   17    7 1 1 1
   2568   17   17    8 1 1 1
   2569   17   18    1 1 1 1
   2570   17   18    2 1 1 1
   2571   17   18    3 1 1 1
   2572   17   18    4 1 1 1
   2573   17   18    5 1 1 1
   2574   17   18    6 1 1 1
   2575   17   18    7 1 1 1
   2576   17   18    8 1 1 1
   2577   17   19    1 1 1 1
   2578   17   19    2 1 1 1
   2579   17   19    3 1 1 1
   2580   17   19    4 1 1 1
   2581   17   19    5 1 1 1
   2582   17   19    6 1 1 1
   2583   17   19    7 1 1 1
   2584   17   19    8 1 1 1
   2585   18    1    1 1 1 1
   2586   18    1    2 1 1 1
   2587   18    1    3 1 1 1
   2588   18    1    4 1 1 1
   2589   18    1    5 1 1 1
   2590   18    1    6 1 1 1
   2591   18    1    7 1 1 1
   2592   18    1    8 1 1 1
   2593   18    2    1 1 1 1
   2594   18    2    2 1 1 1
   2595   18    2    3 1 1 1
   2596   18    2    4 1 1 1
   2597   18    2    5 1 1 1
   2598   18    2    6 1 1 1
   2599   18    2    7 1 1 1
   2600   18    2    8 1 1 1
   2601   18    3    1 1 1 1
   2602   18    3    2 1 1 1
   2603   18    3    3 1 1 1
   2604   18    3    4 1 1 1
   2605   18    3    5 1 1 1
   2606   18    3    6 1 1 1
   2607   18    3    7 1 1 1
   2608   18    3    8 1 1 1
   2609   18    4    1 1 1 1
   2610   18    4    2 1 1 1
   2611   18    4    3 1 1 1
   2612   18    4    4 1 1 1
   2613   18    4    5 1 1 1
   2614   18    4    6 1 1 1
   2615   18    4    7 1 1 1
   2616   18    4    8 1 1 1
   2617   18    5    1 1 1 1
   2618   18    5    2 1 1 1
   2619   18    5    3 1 1 1
   2620   18    5    4 1 1 1
   2621   18    5    5 1 1 1
   2622   18    5    6 1 1 1
   2623   18    5    7 1 1 1
   2624   18    5    8 1 1 1
   2625   18    6    1 1 1 1
   2626   18    6    2 1 1 1
   2627   18    6    3 1 1 1
   2628   18    6    4 1 1 1
   2629   18    6    5 1 1 1
   2630   18    6    6 1 1 1
   2631   18    6    7 1 1 1
   2632   18    6    8 1 1 1
   2633   18    7    1 1 1 1
   2634   18    7    2 1 1 1
   2635   18    7    3 1 1 1
   2636   18    7    4 1 1 1
   2637   18    7    5 1 1 1
   2638   18    7    6 1 1 1
   2639   18    7    7 1 1 1
   2640   18    7    8 1 1 1
   2641   18    8    1 1 1 1
   2642   18    8    2 1 1 1
   2643   18    8    3 1 1 1
   2644   18    8    4 1 1 1
   2645   18    8    5 1 1 1
   2646   18    8    6 1 1 1
   2647   18    8    7 1 1 1
   2648   18    8    8 1 1 1
   2649   18    9    1 1 1 1
   2650   18    9    2 1 1 1
   2651   18    9    3 1 1 1
   2652   18    9    4 1 1 1
   2653   18    9    5 1 1 1
   2654   18    9    6 1 1 1
   2655   18    9    7 1 1 1
   2656   18    9    8 1 1 1
   2657   18   10    1 1 1 1
   2658   18   10    2 1 1 1
   2659   18   10    3 1 1 1
   2660   18   10    4 1 1 1
   2661   18   10    5 1 1 1
   2662   18   10    6 1 1 1
   2663   18   10    7 1 1 1
   2664   18   10    8 1 1 1
   2665   18   11    1 1 1 1
   2666   18   11    2 1 1 1
   2667   18   11    3 1 1 1
   2668   18   11    4 1 1 1
   2669   18   11    5 1 1 1
   2670   18   11    6 1 1 1
   2671   18   11    7 1 1 1
   2672   18   11    8 1 1 1
   2673   18   12    1 1 1 1
   2674   18   12    2 1 1 1
   2675   18   12    3 1 1 1
   2676   18   12    4 1 1 1
   2677   18   12    5 1 1 1
   2678   18   12    6 1 1 1
   2679   18   12    7 1 1 1
   2680   18   12    8 1 1 1
   2681   18   13    1 1 1 1
   2682   18   13    2 1 1 1
   2683   18   13    3 1 1 1
   2684   18   13    4 1 1 1
   2685   18   13    5 1 1 1
   2686   18   13    6 1 1 1
   2687   18   13    7 1 1 1
   2688   18   13    8 1 1 1
   2689   18   14    1 1 1 1
   2690   18   14    2 1 1 1
   2691   18   14    3 1 1 1
   2692   18   14    4 1 1 1
   2693   18   14    5 1 1 1
   2694   18   14    6 1 1 1
   2695   18   14    7 1 1 1
   2696   18   14    8 1 1 1
   2697   18   15    1 1 1 1
   2698   18   15    2 1 1 1
   2699   18   15    3 1 1 1
   2700   18   15    4 1 1 1
   2701   18   15    5 1 1 1
   2702   18   15    6 1 1 1
   2703   18   15    7 1 1 1
   2704   18   15    8 1 1 1
   2705   18   16    1 1 1 1
   2706   18   16    2 1 1 1
   2707   18   16    3 1 1 1
   2708   18   16    4 1 1 1
   2709   18   16    5 1 1 1
   2710   18   16    6 1 1 1
   2711   18   16    7 1 1 1
   2712   18   16    8 1 1 1
   2713   18   17    1 1 1 1
   2714   18   17    2 1 1 1
   2715   18   17    3 1 1 1
   2716   18   17    4 1 1 1
   2717   18   17    5 1 1 1
   2718   18   17    6 1 1 1
   2719   18   17    7 1 1 1
   2720   18   17    8 1 1 1
   2721   18   18    1 1 1 1
   2722   18   18    2 1 1 1
   2723   18   18    3 1 1 1
   2724   18   18    4 1 1 1
   2725   18   18    5 1 1 1
   2726   18   18    6 1 1 1
   2727   18   18    7 1 1 1
   2728   18   18    8 1 1 1
   2729   18   19    1 1 1 1
   2730   18   19    2 1 1 1
   2731   18   19    3 1 1 1
   2732   18   19    4 1 1 1
   2733   18   19    5 1 1 1
   2734   18   19    6 1 1 1
   2735   18   19    7 1 1 1
   2736   18   19    8 1 1 1
   2737   19    1    1 1 1 1
   2738   19    1    2 1 1 1
   2739   19    1    3 1 1 1
   2740   19    1    4 1 1 1
   2741   19    1    5 1 1 1
   2742   19    1    6 1 1 1
   2743   19    1    7 1 1 1
   2744   19    1    8 1 1 1
   2745   19    2    1 1 1 1
   2746   19    2    2 1 1 1
   2747   19    2    3 1 1 1
   2748   19    2    4 1 1 1
   2749   19    2    5 1 1 1
   2750   19    2    6 1 1 1
   2751   19    2    7 1 1 1
   2752   19    2    8 1 1 1
   2753   19    3    1 1 1 1
   2754   19    3    2 1 1 1
   2755   19    3    3 1 1 1
   2756   19    3    4 1 1 1
   2757   19    3    5 1 1 1
   2758   19    3    6 1 1 1
   2759   19    3    7 1 1 1
   2760   19    3    8 1 1 1
   2761   19    4    1 1 1 1
   2762   19    4    2 1 1 1
   2763   19    4    3 1 1 1
   2764   19    4    4 1 1 1
   2765   19    4    5 1 1 1
   2766   19    4    6 1 1 1
   2767   19    4    7 1 1 1
   2768   19    4    8 1 1 1
   2769   19    5    1 1 1 1
   2770   19    5    2 1 1 1
   2771   19    5    3 1 1 1
   2772   19    5    4 1 1 1
   2773   19    5    5 1 1 1
   2774   19    5    6 1 1 1
   2775   19    5    7 1 1 1
   2776   19    5    8 1 1 1
   2777   19    6    1 1 1 1
   2778   19    6    2 1 1 1
   2779   19    6    3 1 1 1
   2780   19    6    4 1 1 1
   2781   19    6    5 1 1 1
   2782   19    6    6 1 1 1
   2783   19    6    7 1 1 1
   2784   19    6    8 1 1 1
   2785   19    7    1 1 1 1
   2786   19    7    2 1 1 1
   2787   19    7    3 1 1 1
   2788   19    7    4 1 1 1
   2789   19    7    5 1 1 1
   2790   19    7    6 1 1 1
   2791   19    7    7 1 1 1
   2792   19    7    8 1 1 1
   2793   19    8    1 1 1 1
   2794   19    8    2 1 1 1
   2795   19    8    3 1 1 1
   2796   19    8    4 1 1 1
   2797   19    8    5 1 1 1
   2798   19    8    6 1 1 1
   2799   19    8    7 1 1 1
   2800   19    8    8 1 1 1
   2801   19    9    1 1 1 1
   2802   19    9    2 1 1 1
   2803   19    9    3 1 1 1
   2804   19    9    4 1 1 1
   2805   19    9    5 1 1 1
   2806   19    9    6 1 1 1
   2807   19    9    7 1 1 1
   2808   19    9    8 1 1 1
   2809   19   10    1 1 1 1
   2810   19   10    2 1 1 1
   2811   19   10    3 1 1 1
   2812   19   10    4 1 1 1
   2813   19   10    5 1 1 1
   2814   19   10    6 1 1 1
   2815   19   10    7 1 1 1
   2816   19   10    8 1 1 1
   2817   19   11    1 1 1 1
   2818   19   11    2 1 1 1
   2819   19   11    3 1 1 1
   2820   19   11    4 1 1 1
   2821   19   11    5 1 1 1
   2822   19   11    6 1 1 1
   2823   19   11    7 1 1 1
   2824   19   11    8 1 1 1
   2825   19   12    1 1 1 1
   2826   19   12    2 1 1 1
   2827   19   12    3 1 1 1
   2828   19   12    4 1 1 1
   2829   19   12    5 1 1 1
   2830   19   12    6 1 1 1
   2831   19   12    7 1 1 1
   2832   19   12    8 1 1 1
   2833   19   13    1 1 1 1
   2834   19   13    2 1 1 1
   2835   19   13    3 1 1 1
   2836   19   13    4 1 1 1
   2837   19   13    5 1 1 1
   2838   19   13    6 1 1 1
   2839   19   13    7 1 1 1
   2840   19   13    8 1 1 1
   2841   19   14    1 1 1 1
   2842   19   14    2 1 1 1
   2843   19   14    3 1 1 1
   2844   19   14    4 1 1 1
   2845   19   14    5 1 1 1
   2846   19   14    6 1 1 1
   2847   19   14    7 1 1 1
   2848   19   14    8 1 1 1
   2849   19   15    1 1 1 1
   2850   19   15    2 1 1 1
   2851   19   15    3 1 1 1
   2852   19   15    4 1 1 1
   2853   19   15    5 1 1 1
   2854   19   15    6 1 1 1
   2855   19   15    7 1 1 1
   2856   19   15    8 1 1 1
   2857   19   16    1 1 1 1
   2858   19   16    2 1 1 1
   2859   19   16    3 1 1 1
   2860   19   16    4 1 1 1
   2861   19   16    5 1 1 1
   2862   19   16    6 1 1 1
   2863   19   16    7 1 1 1
   2864   19   16    8 1 1 1
   2865   19   17    1 1 1 1
   2866   19   17    2 1 1 1
   2867   19   17    3 1 1 1
   2868   19   17    4 1 1 1
   2869   19   17    5 1 1 1
   2870   19   17    6 1 1 1
   2871   19   17    7 1 1 1
   2872   19   17    8 1 1 1
   2873   19   18    1 1 1 1
   2874   19   18    2 1 1 1
   2875   19   18    3 1 1 1
   2876   19   18    4 1 1 1
   2877   19   18    5 1 1 1
   2878   19   18    6 1 1 1
   2879   19   18    7 1 1 1
   2880   19   18    8 1 1 1
   2881   19   19    1 1 1 1
   2882   19   19    2 1 1 1
   2883   19   19    3 1 1 1
   2884   19   19    4 1 1 1
   2885   19   19    5 1 1 1
   2886   19   19    6 1 1 1
   2887   19   19    7 1 1 1
   2888   19   19    8 1 1 1
   2889   20    1    1 1 1 1
   2890   20    1    2 1 1 1
   2891   20    1    3 1 1 1
   2892   20    1    4 1 1 1
   2893   20    1    5 1 1 1
   2894   20    1    6 1 1 1
   2895   20    1    7 1 1 1
   2896   20    1    8 1 1 1
   2897   20    2    1 1 1 1
   2898   20    2    2 1 1 1
   2899   20    2    3 1 1 1
   2900   20    2    4 1 1 1
   2901   20    2    5 1 1 1
   2902   20    2    6 1 1 1
   2903   20    2    7 1 1 1
   2904   20    2    8 1 1 1
   2905   20    3    1 1 1 1
   2906   20    3    2 1 1 1
   2907   20    3    3 1 1 1
   2908   20    3    4 1 1 1
   2909   20    3    5 1 1 1
   2910   20    3    6 1 1 1
   2911   20    3    7 1 1 1
   2912   20    3    8 1 1 1
   2913   20    4    1 1 1 1
   2914   20    4    2 1 1 1
   2915   20    4    3 1 1 1
   2916   20    4    4 1 1 1
   2917   20    4    5 1 1 1
   2918   20    4    6 1 1 1
   2919   20    4    7 1 1 1
   2920   20    4    8 1 1 1
   2921   20    5    1 1 1 1
   2922   20    5    2 1 1 1
   2923   20    5    3 1 1 1
   2924   20    5    4 1 1 1
   2925   20    5    5 1 1 1
   2926   20    5    6 1 1 1
   2927   20    5    7 1 1 1
   2928   20    5    8 1 1 1
   2929   20    6    1 1 1 1
   2930   20    6    2 1 1 1
   2931   20    6    3 1 1 1
   2932   20    6    4 1 1 1
   2933   20    6    5 1 1 1
   2934   20    6    6 1 1 1
   2935   20    6    7 1 1 1
   2936   20    6    8 1 1 1
   2937   20    7    1 1 1 1
   2938   20    7    2 1 1 1
   2939   20    7    3 1 1 1
   2940   20    7    4 1 1 1
   2941   20    7    5 1 1 1
   2942   20    7    6 1 1 1
   2943   20    7    7 1 1 1
   2944   20    7    8 1 1 1
   2945   20    8    1 1 1 1
   2946   20    8    2 1 1 1
   2947   20    8    3 1 1 1
   2948   20    8    4 1 1 1
   2949   20    8    5 1 1 1
   2950   20    8    6 1 1 1
   2951   20    8    7 1 1 1
   2952   20    8    8 1 1 1
   2953   20    9    1 1 1 1
   2954   20    9    2 1 1 1
   2955   20    9    3 1 1 1
   2956   20    9    4 1 1 1
   2957   20    9    5 1 1 1
   2958   20    9    6 1 1 1
   2959   20    9    7 1 1 1
   2960   20    9    8 1 1 1
   2961   20   10    1 1 1 1
   2962   20   10    2 1 1 1
   2963   20   10    3 1 1 1
   2964   20   10    4 1 1 1
   2965   20   10    5 1 1 1
   2966   20   10    6 1 1 1
   2967   20   10    7 1 1 1
   2968   20   10    8 1 1 1
   2969   20   11    1 1 1 1
   2970   20   11    2 1 1 1
   2971   20   11    3 1 1 1
   2972   20   11    4 1 1 1
   2973   20   11    5 1 1 1
   2974   20   11    6 1 1 1
   2975   20   11    7 1 1 1
   2976   20   11    8 1 1 1
   2977   20   12    1 1 1 1
   2978   20   12    2 1 1 1
   2979   20   12    3 1 1 1
   2980   20   12    4 1 1 1
   2981   20   12    5 1 1 1
   2982   20   12    6 1 1 1
   2983   20   12    7 1 1 1
   2984   20   12    8 1 1 1
   2985   20   13    1 1 1 1
   2986   20   13    2 1 1 1
   2987   20   13    3 1 1 1
   2988   20   13    4 1 1 1
   2989   20   13    5 1 1 1
   2990   20   13    6 1 1 1
   2991   20   13    7 1 1 1
   2992   20   13    8 1 1 1
   2993   20   14    1 1 1 1
   2994   20   14    2 1 1 1
   2995   20   14    3 1 1 1
   2996   20   14    4 1 1 1
   2997   20   14    5 1 1 1
   2998   20   14    6 1 1 1
   2999   20   14    7 1 1 1
   3000   20   14    8 1 1 1
   3001   20   15    1 1 1 1
   3002   20   15    2 1 1 1
   3003   20   15    3 1 1 1
   3004   20   15    4 1 1 1
   3005   20   15    5 1 1 1
   3006   20   15    6 1 1 1
   3007   20   15    7 1 1 1
   3008   20   15    8 1 1 1
   3009   20   16    1 1 1 1
   3010   20   16    2 1 1 1
   3011   20   16    3 1 1 1
   3012   20   16    4 1 1 1
   3013   20   16    5 1 1 1
   3014   20   16    6 1 1 1
   3015   20   16    7 1 1 1
   3016   20   16    8 1 1 1
   3017   20   17    1 1 1 1
   3018   20   17    2 1 1 1
   3019   20   17    3 1 1 1
   3020   20   17    4 1 1 1
   3021   20   17    5 1 1 1
   3022   20   17    6 1 1 1
   3023   20   17    7 1 1 1
   3024   20   17    8 1 1 1
   3025   20   18    1 1 1 1
   3026   20   18    2 1 1 1
   3027   20   18    3 1 1 1
   3028   20   18    4 1 1 1
   3029   20   18    5 1 1 1
   3030   20   18    6 1 1 1
   3031   20   18    7 1 1 1
   3032   20   18    8 1 1 1
   3033   20   19    1 1 1 1
   3034   20   19    2 1 1 1
   3035   20   19    3 1 1 1
   3036   20   19    4 1 1 1
   3037   20   19    5 1 1 1
   3038   20   19    6 1 1 1
   3039   20   19    7 1 1 1
   3040   20   19    8 1 1 1
   3041   21    1    1 1 1 1
   3042   21    1    2 1 1 1
   3043   21    1    3 1 1 1
   3044   21    1    4 1 1 1
   3045   21    1    5 1 1 1
   3046   21    1    6 1 1 1
   3047   21    1    7 1 1 1
   3048   21    1    8 1 1 1
   3049   21    2    1 1 1 1
   3050   21    2    2 1 1 1
   3051   21    2    3 1 1 1
   3052   21    2    4 1 1 1
   3053   21    2    5 1 1 1
   3054   21    2    6 1 1 1
   3055   21    2    7 1 1 1
   3056   21    2    8 1 1 1
   3057   21    3    1 1 1 1
   3058   21    3    2 1 1 1
   3059   21    3    3 1 1 1
   3060   21    3    4 1 1 1
   3061   21    3    5 1 1 1
   3062   21    3    6 1 1 1
   3063   21    3    7 1 1 1
   3064   21    3    8 1 1 1
   3065   21    4    1 1 1 1
   3066   21    4    2 1 1 1
   3067   21    4    3 1 1 1
   3068   21    4    4 1 1 1
   3069   21    4    5 1 1 1
   3070   21    4    6 1 1 1
   3071   21    4    7 1 1 1
   3072   21    4    8 1 1 1
   3073   21    5    1 1 1 1
   3074   21    5    2 1 1 1
   3075   21    5    3 1 1 1
   3076   21    5    4 1 1 1
   3077   21    5    5 1 1 1
   3078   21    5    6 1 1 1
   3079   21    5    7 1 1 1
   3080   21    5    8 1 1 1
   3081   21    6    1 1 1 1
   3082   21    6    2 1 1 1
   3083   21    6    3 1 1 1
   3084   21    6    4 1 1 1
   3085   21    6    5 1 1 1
   3086   21    6    6 1 1 1
   3087   21    6    7 1 1 1
   3088   21    6    8 1 1 1
   3089   21    7    1 1 1 1
   3090   21    7    2 1 1 1
   3091   21    7    3 1 1 1
   3092   21    7    4 1 1 1
   3093   21    7    5 1 1 1
   3094   21    7    6 1 1 1
   3095   21    7    7 1 1 1
   3096   21    7    8 1 1 1
   3097   21    8    1 1 1 1
   3098   21    8    2 1 1 1
   3099   21    8    3 1 1 1
   3100   21    8    4 1 1 1
   3101   21    8    5 1 1 1
   3102   21    8    6 1 1 1
   3103   21    8    7 1 1 1
   3104   21    8    8 1 1 1
   3105   21    9    1 1 1 1
   3106   21    9    2 1 1 1
   3107   21    9    3 1 1 1
   3108   21    9    4 1 1 1
   3109   21    9    5 1 1 1
   3110   21    9    6 1 1 1
   3111   21    9    7 1 1 1
   3112   21    9    8 1 1 1
   3113   21   10    1 1 1 1
   3114   21   10    2 1 1 1
   3115   21   10    3 1 1 1
   3116   21   10    4 1 1 1
   3117   21   10    5 1 1 1
   3118   21   10    6 1 1 1
   3119   21   10    7 1 1 1
   3120   21   10    8 1 1 1
   3121   21   11    1 1 1 1
   3122   21   11    2 1 1 1
   3123   21   11    3 1 1 1
   3124   21   11    4 1 1 1
   3125   21   11    5 1 1 1
   3126   21   11    6 1 1 1
   3127   21   11    7 1 1 1
   3128   21   11    8 1 1 1
   3129   21   12    1 1 1 1
   3130   21   12    2 1 1 1
   3131   21   12    3 1 1 1
   3132   21   12    4 1 1 1
   3133   21   12    5 1 1 1
   3134   21   12    6 1 1 1
   3135   21   12    7 1 1 1
   3136   21   12    8 1 1 1
   3137   21   13    1 1 1 1
   3138   21   13    2 1 1 1
   3139   21   13    3 1 1 1
   3140   21   13    4 1 1 1
   3141   21   13    5 1 1 1
   3142   21   13    6 1 1 1
   3143   21   13    7 1 1 1
   3144   21   13    8 1 1 1
   3145   21   14    1 1 1 1
   3146   21   14    2 1 1 1
   3147   21   14    3 1 1 1
   3148   21   14    4 1 1 1
   3149   21   14    5 1 1 1
   3150   21   14    6 1 1 1
   3151   21   14    7 1 1 1
   3152   21   14    8 1 1 1
   3153   21   15    1 1 1 1
   3154   21   15    2 1 1 1
   3155   21   15    3 1 1 1
   3156   21   15    4 1 1 1
   3157   21   15    5 1 1 1
   3158   21   15    6 1 1 1
   3159   21   15    7 1 1 1
   3160   21   15    8 1 1 1
   3161   21   16    1 1 1 1
   3162   21   16    2 1 1 1
   3163   21   16    3 1 1 1
   3164   21   16    4 1 1 1
   3165   21   16    5 1 1 1
   3166   21   16    6 1 1 1
   3167   21   16    7 1 1 1
   3168   21   16    8 1 1 1
   3169   21   17    1 1 1 1
   3170   21   17    2 1 1 1
   3171   21   17    3 1 1 1
   3172   21   17    4 1 1 1
   3173   21   17    5 1 1 1
   3174   21   17    6 1 1 1
   3175   21   17    7 1 1 1
   3176   21   17    8 1 1 1
   3177   21   18    1 1 1 1
   3178   21   18    2 1 1 1
   3179   21   18    3 1 1 1
   3180   21   18    4 1 1 1
   3181   21   18    5 1 1 1
   3182   21   18    6 1 1 1
   3183   21   18    7 1 1 1
   3184   21   18    8 1 1 1
   3185   21   19    1 1 1 1
   3186   21   19    2 1 1 1
   3187   21   19    3 1 1 1
   3188   21   19    4 1 1 1
   3189   21   19    5 1 1 1
   3190   21   19    6 1 1 1
   3191   21   19    7 1 1 1
   3192   21   19    8 1 1 1
   3193   22    1    1 1 1 1
   3194   22    1    2 1 1 1
   3195   22    1    3 1 1 1
   3196   22    1    4 1 1 1
   3197   22    1    5 1 1 1
   3198   22    1    6 1 1 1
   3199   22    1    7 1 1 1
   3200   22    1    8 1 1 1
   3201   22    2    1 1 1 1
   3202   22    2    2 1 1 1
   3203   22    2    3 1 1 1
   3204   22    2    4 1 1 1
   3205   22    2    5 1 1 1
   3206   22    2    6 1 1 1
   3207   22    2    7 1 1 1
   3208   22    2    8 1 1 1
   3209   22    3    1 1 1 1
   3210   22    3    2 1 1 1
   3211   22    3    3 1 1 1
   3212   22    3    4 1 1 1
   3213   22    3    5 1 1 1
   3214   22    3    6 1 1 1
   3215   22    3    7 1 1 1
   3216   22    3    8 1 1 1
   3217   22    4    1 1 1 1
   3218   22    4    2 1 1 1
   3219   22    4    3 1 1 1
   3220   22    4    4 1 1 1
   3221   22    4    5 1 1 1
   3222   22    4    6 1 1 1
   3223   22    4    7 1 1 1
   3224   22    4    8 1 1 1
   3225   22    5    1 1 1 1
   3226   22    5    2 1 1 1
   3227   22    5    3 1 1 1
   3228   22    5    4 1 1 1
   3229   22    5    5 1 1 1
   3230   22    5    6 1 1 1
   3231   22    5    7 1 1 1
   3232   22    5    8 1 1 1
   3233   22    6    1 1 1 1
   3234   22    6    2 1 1 1
   3235   22    6    3 1 1 1
   3236   22    6    4 1 1 1
   3237   22    6    5 1 1 1
   3238   22    6    6 1 1 1
   3239   22    6    7 1 1 1
   3240   22    6    8 1 1 1
   3241   22    7    1 1 1 1
   3242   22    7    2 1 1 1
   3243   22    7    3 1 1 1
   3244   22    7    4 1 1 1
   3245   22    7    5 1 1 1
   3246   22    7    6 1 1 1
   3247   22    7    7 1 1 1
   3248   22    7    8 1 1 1
   3249   22    8    1 1 1 1
   3250   22    8    2 1 1 1
   3251   22    8    3 1 1 1
   3252   22    8    4 1 1 1
   3253   22    8    5 1 1 1
   3254   22    8    6 1 1 1
   3255   22    8    7 1 1 1
   3256   22    8    8 1 1 1
   3257   22    9    1 1 1 1
   3258   22    9    2 1 1 1
   3259   22    9    3 1 1 1
   3260   22    9    4 1 1 1
   3261   22    9    5 1 1 1
   3262   22    9    6 1 1 1
   3263   22    9    7 1 1 1
   3264   22    9    8 1 1 1
   3265   22   10    1 1 1 1
   3266   22   10    2 1 1 1
   3267   22   10    3 1 1 1
   3268   22   10    4 1 1 1
   3269   22   10    5 1 1 1
   3270   22   10    6 1 1 1
   3271   22   10    7 1 1 1
   3272   22   10    8 1 1 1
   3273   22   11    1 1 1 1
   3274   22   11    2 1 1 1
   3275   22   11    3 1 1 1
   3276   22   11    4 1 1 1
   3277   22   11    5 1 1 1
   3278   22   11    6 1 1 1
   3279   22   11    7 1 1 1
   3280   22   11    8 1 1 1
   3281   22   12    1 1 1 1
   3282   22   12    2 1 1 1
   3283   22   12    3 1 1 1
   3284   22   12    4 1 1 1
   3285   22   12    5 1 1 1
   3286   22   12    6 1 1 1
   3287   22   12    7 1 1 1
   3288   22   12    8 1 1 1
   3289   22   13    1 1 1 1
   3290   22   13    2 1 1 1
   3291   22   13    3 1 1 1
   3292   22   13    4 1 1 1
   3293   22   13    5 1 1 1
   3294   22   13    6 1 1 1
   3295   22   13    7 1 1 1
   3296   22   13    8 1 1 1
   3297   22   14    1 1 1 1
   3298   22   14    2 1 1 1
   3299   22   14    3 1 1 1
   3300   22   14    4 1 1 1
   3301   22   14    5 1 1 1
   3302   22   14    6 1 1 1
   3303   22   14    7 1 1 1
   3304   22   14    8 1 1 1
   3305   22   15    1 1 1 1
   3306   22   15    2 1 1 1
   3307   22   15    3 1 1 1
   3308   22   15    4 1 1 1
   3309   22   15    5 1 1 1
   3310   22   15    6 1 1 1
   3311   22   15    7 1 1 1
   3312   22   15    8 1 1 1
   3313   22   16    1 1 1 1
   3314   22   16    2 1 1 1
   3315   22   16    3 1 1 1
   3316   22   16    4 1 1 1
   3317   22   16    5 1 1 1
   3318   22   16    6 1 1 1
   3319   22   16    7 1 1 1
   3320   22   16    8 1 1 1
   3321   22   17    1 1 1 1
   3322   22   17    2 1 1 1
   3323   22   17    3 1 1 1
   3324   22   17    4 1 1 1
   3325   22   17    5 1 1 1
   3326   22   17    6 1 1 1
   3327   22   17    7 1 1 1
   3328   22   17    8 1 1 1
   3329   22   18    1 1 1 1
   3330   22   18    2 1 1 1
   3331   22   18    3 1 1 1
   3332   22   18    4 1 1 1
   3333   22   18    5 1 1 1
   3334   22   18    6 1 1 1
   3335   22   18    7 1 1 1
   3336   22   18    8 1 1 1
   3337   22   19    1 1 1 1
   3338   22   19    2 1 1 1
   3339   22   19    3 1 1 1
   3340   22   19    4 1 1 1
   3341   22   19    5 1 1 1
   3342   22   19    6 1 1 1
   3343   22   19    7 1 1 1
   3344   22   19    8 1 1 1
