 >REASHP: option FROM_FILE
       650 = NAT
  1.000000  0.000000  0.000000 = A_1 vector
  0.000000  1.000000  0.000000 = A_2 vector
  1.000000  1.000000  1.000000 = lattice spacings (d_x,d_y,d_z)/d
  -0.02435  -0.06320  -0.04650 = lattice offset x0(1-3) = (x_TF,y_TF,z_TF)/d for dipole 0 0 0
     JA  IX  IY  IZ ICOMP(x,y,z)
      1    1    1    1 1 1 1
      2    1    1    2 1 1 1
      3    1    1    3 1 1 1
      4    1    1    4 1 1 1
      5    1    1    5 1 1 1
      6    1    1    6 1 1 1
      7    1    1    7 1 1 1
      8    1    1    8 1 1 1
      9    1    1    9 1 1 1
     10    1    1   10 1 1 1
     11    1    2    1 1 1 1
     12    1    2    2 1 1 1
     13    1    2    3 1 1 1
     14    1    2    4 1 1 1
     15    1    2    5 1 1 1
     16    1    2    6 1 1 1
     17    1    2    7 1 1 1
     18    1    2    8 1 1 1
     19    1    2    9 1 1 1
     20    1    2   10 1 1 1
     21    1    3    1 1 1 1
     22    1    3    2 1 1 1
     23    1    3    3 1 1 1
     24    1    3    4 1 1 1
     25    1    3    5 1 1 1
     26    1    3    6 1 1 1
     27    1    3    7 1 1 1
     28    1    3    8 1 1 1
     29    1    3    9 1 1 1
     30    1    3   10 1 1 1
     31    1    4    1 1 1 1
     32    1    4    2 1 1 1
     33    1    4    3 1 1 1
     34    1    4    4 1 1 1
     35    1    4    5 1 1 1
     36    1    4    6 1 1 1
     37    1    4    7 1 1 1
     38    1    4    8 1 1 1
     39    1    4    9 1 1 1
     40    1    4   10 1 1 1
     41    1    5    1 1 1 1
     42    1    5    2 1 1 1
     43    1    5    3 1 1 1
     44    1    5    4 1 1 1
     45    1    5    5 1 1 1
     46    1    5    6 1 1 1
     47    1    5    7 1 1 1
     48    1    5    8 1 1 1
     49    1    5    9 1 1 1
     50    1    5   10 1 1 1
     51    1    6    1 1 1 1
     52    1    6    2 1 1 1
     53    1    6    3 1 1 1
     54    1    6    4 1 1 1
     55    1    6    5 1 1 1
     56    1    6    6 1 1 1
     57    1    6    7 1 1 1
     58    1    6    8 1 1 1
     59    1    6    9 1 1 1
     60    1    6   10 1 1 1
     61    1    7    1 1 1 1
     62    1    7    2 1 1 1
     63    1    7    3 1 1 1
     64    1    7    4 1 1 1
     65    1    7    5 1 1 1
     66    1    7    6 1 1 1
     67    1    7    7 1 1 1
     68    1    7    8 1 1 1
     69    1    7    9 1 1 1
     70    1    7   10 1 1 1
     71    1    8    1 1 1 1
     72    1    8    2 1 1 1
     73    1    8    3 1 1 1
     74    1    8    4 1 1 1
     75    1    8    5 1 1 1
     76    1    8    6 1 1 1
     77    1    8    7 1 1 1
     78    1    8    8 1 1 1
     79    1    8    9 1 1 1
     80    1    8   10 1 1 1
     81    1    9    1 1 1 1
     82    1    9    2 1 1 1
     83    1    9    3 1 1 1
     84    1    9    4 1 1 1
     85    1    9    5 1 1 1
     86    1    9    6 1 1 1
     87    1    9    7 1 1 1
     88    1    9    8 1 1 1
     89    1    9    9 1 1 1
     90    1    9   10 1 1 1
     91    1   10    1 1 1 1
     92    1   10    2 1 1 1
     93    1   10    3 1 1 1
     94    1   10    4 1 1 1
     95    1   10    5 1 1 1
     96    1   10    6 1 1 1
     97    1   10    7 1 1 1
     98    1   10    8 1 1 1
     99    1   10    9 1 1 1
    100    1   10   10 1 1 1
    101    1   11    1 1 1 1
    102    1   11    2 1 1 1
    103    1   11    3 1 1 1
    104    1   11    4 1 1 1
    105    1   11    5 1 1 1
    106    1   11    6 1 1 1
    107    1   11    7 1 1 1
    108    1   11    8 1 1 1
    109    1   11    9 1 1 1
    110    1   11   10 1 1 1
    111    1   12    1 1 1 1
    112    1   12    2 1 1 1
    113    1   12    3 1 1 1
    114    1   12    4 1 1 1
    115    1   12    5 1 1 1
    116    1   12    6 1 1 1
    117    1   12    7 1 1 1
    118    1   12    8 1 1 1
    119    1   12    9 1 1 1
    120    1   12   10 1 1 1
    121    1   13    1 1 1 1
    122    1   13    2 1 1 1
    123    1   13    3 1 1 1
    124    1   13    4 1 1 1
    125    1   13    5 1 1 1
    126    1   13    6 1 1 1
    127    1   13    7 1 1 1
    128    1   13    8 1 1 1
    129    1   13    9 1 1 1
    130    1   13   10 1 1 1
    131    2    1    1 1 1 1
    132    2    1    2 1 1 1
    133    2    1    3 1 1 1
    134    2    1    4 1 1 1
    135    2    1    5 1 1 1
    136    2    1    6 1 1 1
    137    2    1    7 1 1 1
    138    2    1    8 1 1 1
    139    2    1    9 1 1 1
    140    2    1   10 1 1 1
    141    2    2    1 1 1 1
    142    2    2    2 1 1 1
    143    2    2    3 1 1 1
    144    2    2    4 1 1 1
    145    2    2    5 1 1 1
    146    2    2    6 1 1 1
    147    2    2    7 1 1 1
    148    2    2    8 1 1 1
    149    2    2    9 1 1 1
    150    2    2   10 1 1 1
    151    2    3    1 1 1 1
    152    2    3    2 1 1 1
    153    2    3    3 1 1 1
    154    2    3    4 1 1 1
    155    2    3    5 1 1 1
    156    2    3    6 1 1 1
    157    2    3    7 1 1 1
    158    2    3    8 1 1 1
    159    2    3    9 1 1 1
    160    2    3   10 1 1 1
    161    2    4    1 1 1 1
    162    2    4    2 1 1 1
    163    2    4    3 1 1 1
    164    2    4    4 1 1 1
    165    2    4    5 1 1 1
    166    2    4    6 1 1 1
    167    2    4    7 1 1 1
    168    2    4    8 1 1 1
    169    2    4    9 1 1 1
    170    2    4   10 1 1 1
    171    2    5    1 1 1 1
    172    2    5    2 1 1 1
    173    2    5    3 1 1 1
    174    2    5    4 1 1 1
    175    2    5    5 1 1 1
    176    2    5    6 1 1 1
    177    2    5    7 1 1 1
    178    2    5    8 1 1 1
    179    2    5    9 1 1 1
    180    2    5   10 1 1 1
    181    2    6    1 1 1 1
    182    2    6    2 1 1 1
    183    2    6    3 1 1 1
    184    2    6    4 1 1 1
    185    2    6    5 1 1 1
    186    2    6    6 1 1 1
    187    2    6    7 1 1 1
    188    2    6    8 1 1 1
    189    2    6    9 1 1 1
    190    2    6   10 1 1 1
    191    2    7    1 1 1 1
    192    2    7    2 1 1 1
    193    2    7    3 1 1 1
    194    2    7    4 1 1 1
    195    2    7    5 1 1 1
    196    2    7    6 1 1 1
    197    2    7    7 1 1 1
    198    2    7    8 1 1 1
    199    2    7    9 1 1 1
    200    2    7   10 1 1 1
    201    2    8    1 1 1 1
    202    2    8    2 1 1 1
    203    2    8    3 1 1 1
    204    2    8    4 1 1 1
    205    2    8    5 1 1 1
    206    2    8    6 1 1 1
    207    2    8    7 1 1 1
    208    2    8    8 1 1 1
    209    2    8    9 1 1 1
    210    2    8   10 1 1 1
    211    2    9    1 1 1 1
    212    2    9    2 1 1 1
    213    2    9    3 1 1 1
    214    2    9    4 1 1 1
    215    2    9    5 1 1 1
    216    2    9    6 1 1 1
    217    2    9    7 1 1 1
    218    2    9    8 1 1 1
    219    2    9    9 1 1 1
    220    2    9   10 1 1 1
    221    2   10    1 1 1 1
    222    2   10    2 1 1 1
    223    2   10    3 1 1 1
    224    2   10    4 1 1 1
    225    2   10    5 1 1 1
    226    2   10    6 1 1 1
    227    2   10    7 1 1 1
    228    2   10    8 1 1 1
    229    2   10    9 1 1 1
    230    2   10   10 1 1 1
    231    2   11    1 1 1 1
    232    2   11    2 1 1 1
    233    2   11    3 1 1 1
    234    2   11    4 1 1 1
    235    2   11    5 1 1 1
    236    2   11    6 1 1 1
    237    2   11    7 1 1 1
    238    2   11    8 1 1 1
    239    2   11    9 1 1 1
    240    2   11   10 1 1 1
    241    2   12    1 1 1 1
    242    2   12    2 1 1 1
    243    2   12    3 1 1 1
    244    2   12    4 1 1 1
    245    2   12    5 1 1 1
    246    2   12    6 1 1 1
    247    2   12    7 1 1 1
    248    2   12    8 1 1 1
    249    2   12    9 1 1 1
    250    2   12   10 1 1 1
    251    2   13    1 1 1 1
    252    2   13    2 1 1 1
    253    2   13    3 1 1 1
    254    2   13    4 1 1 1
    255    2   13    5 1 1 1
    256    2   13    6 1 1 1
    257    2   13    7 1 1 1
    258    2   13    8 1 1 1
    259    2   13    9 1 1 1
    260    2   13   10 1 1 1
    261    3    1    1 1 1 1
    262    3    1    2 1 1 1
    263    3    1    3 1 1 1
    264    3    1    4 1 1 1
    265    3    1    5 1 1 1
    266    3    1    6 1 1 1
    267    3    1    7 1 1 1
    268    3    1    8 1 1 1
    269    3    1    9 1 1 1
    270    3    1   10 1 1 1
    271    3    2    1 1 1 1
    272    3    2    2 1 1 1
    273    3    2    3 1 1 1
    274    3    2    4 1 1 1
    275    3    2    5 1 1 1
    276    3    2    6 1 1 1
    277    3    2    7 1 1 1
    278    3    2    8 1 1 1
    279    3    2    9 1 1 1
    280    3    2   10 1 1 1
    281    3    3    1 1 1 1
    282    3    3    2 1 1 1
    283    3    3    3 1 1 1
    284    3    3    4 1 1 1
    285    3    3    5 1 1 1
    286    3    3    6 1 1 1
    287    3    3    7 1 1 1
    288    3    3    8 1 1 1
    289    3    3    9 1 1 1
    290    3    3   10 1 1 1
    291    3    4    1 1 1 1
    292    3    4    2 1 1 1
    293    3    4    3 1 1 1
    294    3    4    4 1 1 1
    295    3    4    5 1 1 1
    296    3    4    6 1 1 1
    297    3    4    7 1 1 1
    298    3    4    8 1 1 1
    299    3    4    9 1 1 1
    300    3    4   10 1 1 1
    301    3    5    1 1 1 1
    302    3    5    2 1 1 1
    303    3    5    3 1 1 1
    304    3    5    4 1 1 1
    305    3    5    5 1 1 1
    306    3    5    6 1 1 1
    307    3    5    7 1 1 1
    308    3    5    8 1 1 1
    309    3    5    9 1 1 1
    310    3    5   10 1 1 1
    311    3    6    1 1 1 1
    312    3    6    2 1 1 1
    313    3    6    3 1 1 1
    314    3    6    4 1 1 1
    315    3    6    5 1 1 1
    316    3    6    6 1 1 1
    317    3    6    7 1 1 1
    318    3    6    8 1 1 1
    319    3    6    9 1 1 1
    320    3    6   10 1 1 1
    321    3    7    1 1 1 1
    322    3    7    2 1 1 1
    323    3    7    3 1 1 1
    324    3    7    4 1 1 1
    325    3    7    5 1 1 1
    326    3    7    6 1 1 1
    327    3    7    7 1 1 1
    328    3    7    8 1 1 1
    329    3    7    9 1 1 1
    330    3    7   10 1 1 1
    331    3    8    1 1 1 1
    332    3    8    2 1 1 1
    333    3    8    3 1 1 1
    334    3    8    4 1 1 1
    335    3    8    5 1 1 1
    336    3    8    6 1 1 1
    337    3    8    7 1 1 1
    338    3    8    8 1 1 1
    339    3    8    9 1 1 1
    340    3    8   10 1 1 1
    341    3    9    1 1 1 1
    342    3    9    2 1 1 1
    343    3    9    3 1 1 1
    344    3    9    4 1 1 1
    345    3    9    5 1 1 1
    346    3    9    6 1 1 1
    347    3    9    7 1 1 1
    348    3    9    8 1 1 1
    349    3    9    9 1 1 1
    350    3    9   10 1 1 1
    351    3   10    1 1 1 1
    352    3   10    2 1 1 1
    353    3   10    3 1 1 1
    354    3   10    4 1 1 1
    355    3   10    5 1 1 1
    356    3   10    6 1 1 1
    357    3   10    7 1 1 1
    358    3   10    8 1 1 1
    359    3   10    9 1 1 1
    360    3   10   10 1 1 1
    361    3   11    1 1 1 1
    362    3   11    2 1 1 1
    363    3   11    3 1 1 1
    364    3   11    4 1 1 1
    365    3   11    5 1 1 1
    366    3   11    6 1 1 1
    367    3   11    7 1 1 1
    368    3   11    8 1 1 1
    369    3   11    9 1 1 1
    370    3   11   10 1 1 1
    371    3   12    1 1 1 1
    372    3   12    2 1 1 1
    373    3   12    3 1 1 1
    374    3   12    4 1 1 1
    375    3   12    5 1 1 1
    376    3   12    6 1 1 1
    377    3   12    7 1 1 1
    378    3   12    8 1 1 1
    379    3   12    9 1 1 1
    380    3   12   10 1 1 1
    381    3   13    1 1 1 1
    382    3   13    2 1 1 1
    383    3   13    3 1 1 1
    384    3   13    4 1 1 1
    385    3   13    5 1 1 1
    386    3   13    6 1 1 1
    387    3   13    7 1 1 1
    388    3   13    8 1 1 1
    389    3   13    9 1 1 1
    390    3   13   10 1 1 1
    391    4    1    1 1 1 1
    392    4    1    2 1 1 1
    393    4    1    3 1 1 1
    394    4    1    4 1 1 1
    395    4    1    5 1 1 1
    396    4    1    6 1 1 1
    397    4    1    7 1 1 1
    398    4    1    8 1 1 1
    399    4    1    9 1 1 1
    400    4    1   10 1 1 1
    401    4    2    1 1 1 1
    402    4    2    2 1 1 1
    403    4    2    3 1 1 1
    404    4    2    4 1 1 1
    405    4    2    5 1 1 1
    406    4    2    6 1 1 1
    407    4    2    7 1 1 1
    408    4    2    8 1 1 1
    409    4    2    9 1 1 1
    410    4    2   10 1 1 1
    411    4    3    1 1 1 1
    412    4    3    2 1 1 1
    413    4    3    3 1 1 1
    414    4    3    4 1 1 1
    415    4    3    5 1 1 1
    416    4    3    6 1 1 1
    417    4    3    7 1 1 1
    418    4    3    8 1 1 1
    419    4    3    9 1 1 1
    420    4    3   10 1 1 1
    421    4    4    1 1 1 1
    422    4    4    2 1 1 1
    423    4    4    3 1 1 1
    424    4    4    4 1 1 1
    425    4    4    5 1 1 1
    426    4    4    6 1 1 1
    427    4    4    7 1 1 1
    428    4    4    8 1 1 1
    429    4    4    9 1 1 1
    430    4    4   10 1 1 1
    431    4    5    1 1 1 1
    432    4    5    2 1 1 1
    433    4    5    3 1 1 1
    434    4    5    4 1 1 1
    435    4    5    5 1 1 1
    436    4    5    6 1 1 1
    437    4    5    7 1 1 1
    438    4    5    8 1 1 1
    439    4    5    9 1 1 1
    440    4    5   10 1 1 1
    441    4    6    1 1 1 1
    442    4    6    2 1 1 1
    443    4    6    3 1 1 1
    444    4    6    4 1 1 1
    445    4    6    5 1 1 1
    446    4    6    6 1 1 1
    447    4    6    7 1 1 1
    448    4    6    8 1 1 1
    449    4    6    9 1 1 1
    450    4    6   10 1 1 1
    451    4    7    1 1 1 1
    452    4    7    2 1 1 1
    453    4    7    3 1 1 1
    454    4    7    4 1 1 1
    455    4    7    5 1 1 1
    456    4    7    6 1 1 1
    457    4    7    7 1 1 1
    458    4    7    8 1 1 1
    459    4    7    9 1 1 1
    460    4    7   10 1 1 1
    461    4    8    1 1 1 1
    462    4    8    2 1 1 1
    463    4    8    3 1 1 1
    464    4    8    4 1 1 1
    465    4    8    5 1 1 1
    466    4    8    6 1 1 1
    467    4    8    7 1 1 1
    468    4    8    8 1 1 1
    469    4    8    9 1 1 1
    470    4    8   10 1 1 1
    471    4    9    1 1 1 1
    472    4    9    2 1 1 1
    473    4    9    3 1 1 1
    474    4    9    4 1 1 1
    475    4    9    5 1 1 1
    476    4    9    6 1 1 1
    477    4    9    7 1 1 1
    478    4    9    8 1 1 1
    479    4    9    9 1 1 1
    480    4    9   10 1 1 1
    481    4   10    1 1 1 1
    482    4   10    2 1 1 1
    483    4   10    3 1 1 1
    484    4   10    4 1 1 1
    485    4   10    5 1 1 1
    486    4   10    6 1 1 1
    487    4   10    7 1 1 1
    488    4   10    8 1 1 1
    489    4   10    9 1 1 1
    490    4   10   10 1 1 1
    491    4   11    1 1 1 1
    492    4   11    2 1 1 1
    493    4   11    3 1 1 1
    494    4   11    4 1 1 1
    495    4   11    5 1 1 1
    496    4   11    6 1 1 1
    497    4   11    7 1 1 1
    498    4   11    8 1 1 1
    499    4   11    9 1 1 1
    500    4   11   10 1 1 1
    501    4   12    1 1 1 1
    502    4   12    2 1 1 1
    503    4   12    3 1 1 1
    504    4   12    4 1 1 1
    505    4   12    5 1 1 1
    506    4   12    6 1 1 1
    507    4   12    7 1 1 1
    508    4   12    8 1 1 1
    509    4   12    9 1 1 1
    510    4   12   10 1 1 1
    511    4   13    1 1 1 1
    512    4   13    2 1 1 1
    513    4   13    3 1 1 1
    514    4   13    4 1 1 1
    515    4   13    5 1 1 1
    516    4   13    6 1 1 1
    517    4   13    7 1 1 1
    518    4   13    8 1 1 1
    519    4   13    9 1 1 1
    520    4   13   10 1 1 1
    521    5    1    1 1 1 1
    522    5    1    2 1 1 1
    523    5    1    3 1 1 1
    524    5    1    4 1 1 1
    525    5    1    5 1 1 1
    526    5    1    6 1 1 1
    527    5    1    7 1 1 1
    528    5    1    8 1 1 1
    529    5    1    9 1 1 1
    530    5    1   10 1 1 1
    531    5    2    1 1 1 1
    532    5    2    2 1 1 1
    533    5    2    3 1 1 1
    534    5    2    4 1 1 1
    535    5    2    5 1 1 1
    536    5    2    6 1 1 1
    537    5    2    7 1 1 1
    538    5    2    8 1 1 1
    539    5    2    9 1 1 1
    540    5    2   10 1 1 1
    541    5    3    1 1 1 1
    542    5    3    2 1 1 1
    543    5    3    3 1 1 1
    544    5    3    4 1 1 1
    545    5    3    5 1 1 1
    546    5    3    6 1 1 1
    547    5    3    7 1 1 1
    548    5    3    8 1 1 1
    549    5    3    9 1 1 1
    550    5    3   10 1 1 1
    551    5    4    1 1 1 1
    552    5    4    2 1 1 1
    553    5    4    3 1 1 1
    554    5    4    4 1 1 1
    555    5    4    5 1 1 1
    556    5    4    6 1 1 1
    557    5    4    7 1 1 1
    558    5    4    8 1 1 1
    559    5    4    9 1 1 1
    560    5    4   10 1 1 1
    561    5    5    1 1 1 1
    562    5    5    2 1 1 1
    563    5    5    3 1 1 1
    564    5    5    4 1 1 1
    565    5    5    5 1 1 1
    566    5    5    6 1 1 1
    567    5    5    7 1 1 1
    568    5    5    8 1 1 1
    569    5    5    9 1 1 1
    570    5    5   10 1 1 1
    571    5    6    1 1 1 1
    572    5    6    2 1 1 1
    573    5    6    3 1 1 1
    574    5    6    4 1 1 1
    575    5    6    5 1 1 1
    576    5    6    6 1 1 1
    577    5    6    7 1 1 1
    578    5    6    8 1 1 1
    579    5    6    9 1 1 1
    580    5    6   10 1 1 1
    581    5    7    1 1 1 1
    582    5    7    2 1 1 1
    583    5    7    3 1 1 1
    584    5    7    4 1 1 1
    585    5    7    5 1 1 1
    586    5    7    6 1 1 1
    587    5    7    7 1 1 1
    588    5    7    8 1 1 1
    589    5    7    9 1 1 1
    590    5    7   10 1 1 1
    591    5    8    1 1 1 1
    592    5    8    2 1 1 1
    593    5    8    3 1 1 1
    594    5    8    4 1 1 1
    595    5    8    5 1 1 1
    596    5    8    6 1 1 1
    597    5    8    7 1 1 1
    598    5    8    8 1 1 1
    599    5    8    9 1 1 1
    600    5    8   10 1 1 1
    601    5    9    1 1 1 1
    602    5    9    2 1 1 1
    603    5    9    3 1 1 1
    604    5    9    4 1 1 1
    605    5    9    5 1 1 1
    606    5    9    6 1 1 1
    607    5    9    7 1 1 1
    608    5    9    8 1 1 1
    609    5    9    9 1 1 1
    610    5    9   10 1 1 1
    611    5   10    1 1 1 1
    612    5   10    2 1 1 1
    613    5   10    3 1 1 1
    614    5   10    4 1 1 1
    615    5   10    5 1 1 1
    616    5   10    6 1 1 1
    617    5   10    7 1 1 1
    618    5   10    8 1 1 1
    619    5   10    9 1 1 1
    620    5   10   10 1 1 1
    621    5   11    1 1 1 1
    622    5   11    2 1 1 1
    623    5   11    3 1 1 1
    624    5   11    4 1 1 1
    625    5   11    5 1 1 1
    626    5   11    6 1 1 1
    627    5   11    7 1 1 1
    628    5   11    8 1 1 1
    629    5   11    9 1 1 1
    630    5   11   10 1 1 1
    631    5   12    1 1 1 1
    632    5   12    2 1 1 1
    633    5   12    3 1 1 1
    634    5   12    4 1 1 1
    635    5   12    5 1 1 1
    636    5   12    6 1 1 1
    637    5   12    7 1 1 1
    638    5   12    8 1 1 1
    639    5   12    9 1 1 1
    640    5   12   10 1 1 1
    641    5   13    1 1 1 1
    642    5   13    2 1 1 1
    643    5   13    3 1 1 1
    644    5   13    4 1 1 1
    645    5   13    5 1 1 1
    646    5   13    6 1 1 1
    647    5   13    7 1 1 1
    648    5   13    8 1 1 1
    649    5   13    9 1 1 1
    650    5   13   10 1 1 1
