 >REASHP: option FROM_FILE
      2500 = NAT
  1.000000  0.000000  0.000000 = A_1 vector
  0.000000  1.000000  0.000000 = A_2 vector
  1.000000  1.000000  1.000000 = lattice spacings (d_x,d_y,d_z)/d
  -0.12015  -0.12300  -0.01645 = lattice offset x0(1-3) = (x_TF,y_TF,z_TF)/d for dipole 0 0 0
     JA  IX  IY  IZ ICOMP(x,y,z)
      1    1    1    1 1 1 1
      2    1    1    2 1 1 1
      3    1    1    3 1 1 1
      4    1    1    4 1 1 1
      5    1    2    1 1 1 1
      6    1    2    2 1 1 1
      7    1    2    3 1 1 1
      8    1    2    4 1 1 1
      9    1    3    1 1 1 1
     10    1    3    2 1 1 1
     11    1    3    3 1 1 1
     12    1    3    4 1 1 1
     13    1    4    1 1 1 1
     14    1    4    2 1 1 1
     15    1    4    3 1 1 1
     16    1    4    4 1 1 1
     17    1    5    1 1 1 1
     18    1    5    2 1 1 1
     19    1    5    3 1 1 1
     20    1    5    4 1 1 1
     21    1    6    1 1 1 1
     22    1    6    2 1 1 1
     23    1    6    3 1 1 1
     24    1    6    4 1 1 1
     25    1    7    1 1 1 1
     26    1    7    2 1 1 1
     27    1    7    3 1 1 1
     28    1    7    4 1 1 1
     29    1    8    1 1 1 1
     30    1    8    2 1 1 1
     31    1    8    3 1 1 1
     32    1    8    4 1 1 1
     33    1    9    1 1 1 1
     34    1    9    2 1 1 1
     35    1    9    3 1 1 1
     36    1    9    4 1 1 1
     37    1   10    1 1 1 1
     38    1   10    2 1 1 1
     39    1   10    3 1 1 1
     40    1   10    4 1 1 1
     41    1   11    1 1 1 1
     42    1   11    2 1 1 1
     43    1   11    3 1 1 1
     44    1   11    4 1 1 1
     45    1   12    1 1 1 1
     46    1   12    2 1 1 1
     47    1   12    3 1 1 1
     48    1   12    4 1 1 1
     49    1   13    1 1 1 1
     50    1   13    2 1 1 1
     51    1   13    3 1 1 1
     52    1   13    4 1 1 1
     53    1   14    1 1 1 1
     54    1   14    2 1 1 1
     55    1   14    3 1 1 1
     56    1   14    4 1 1 1
     57    1   15    1 1 1 1
     58    1   15    2 1 1 1
     59    1   15    3 1 1 1
     60    1   15    4 1 1 1
     61    1   16    1 1 1 1
     62    1   16    2 1 1 1
     63    1   16    3 1 1 1
     64    1   16    4 1 1 1
     65    1   17    1 1 1 1
     66    1   17    2 1 1 1
     67    1   17    3 1 1 1
     68    1   17    4 1 1 1
     69    1   18    1 1 1 1
     70    1   18    2 1 1 1
     71    1   18    3 1 1 1
     72    1   18    4 1 1 1
     73    1   19    1 1 1 1
     74    1   19    2 1 1 1
     75    1   19    3 1 1 1
     76    1   19    4 1 1 1
     77    1   20    1 1 1 1
     78    1   20    2 1 1 1
     79    1   20    3 1 1 1
     80    1   20    4 1 1 1
     81    1   21    1 1 1 1
     82    1   21    2 1 1 1
     83    1   21    3 1 1 1
     84    1   21    4 1 1 1
     85    1   22    1 1 1 1
     86    1   22    2 1 1 1
     87    1   22    3 1 1 1
     88    1   22    4 1 1 1
     89    1   23    1 1 1 1
     90    1   23    2 1 1 1
     91    1   23    3 1 1 1
     92    1   23    4 1 1 1
     93    1   24    1 1 1 1
     94    1   24    2 1 1 1
     95    1   24    3 1 1 1
     96    1   24    4 1 1 1
     97    1   25    1 1 1 1
     98    1   25    2 1 1 1
     99    1   25    3 1 1 1
    100    1   25    4 1 1 1
    101    2    1    1 1 1 1
    102    2    1    2 1 1 1
    103    2    1    3 1 1 1
    104    2    1    4 1 1 1
    105    2    2    1 1 1 1
    106    2    2    2 1 1 1
    107    2    2    3 1 1 1
    108    2    2    4 1 1 1
    109    2    3    1 1 1 1
    110    2    3    2 1 1 1
    111    2    3    3 1 1 1
    112    2    3    4 1 1 1
    113    2    4    1 1 1 1
    114    2    4    2 1 1 1
    115    2    4    3 1 1 1
    116    2    4    4 1 1 1
    117    2    5    1 1 1 1
    118    2    5    2 1 1 1
    119    2    5    3 1 1 1
    120    2    5    4 1 1 1
    121    2    6    1 1 1 1
    122    2    6    2 1 1 1
    123    2    6    3 1 1 1
    124    2    6    4 1 1 1
    125    2    7    1 1 1 1
    126    2    7    2 1 1 1
    127    2    7    3 1 1 1
    128    2    7    4 1 1 1
    129    2    8    1 1 1 1
    130    2    8    2 1 1 1
    131    2    8    3 1 1 1
    132    2    8    4 1 1 1
    133    2    9    1 1 1 1
    134    2    9    2 1 1 1
    135    2    9    3 1 1 1
    136    2    9    4 1 1 1
    137    2   10    1 1 1 1
    138    2   10    2 1 1 1
    139    2   10    3 1 1 1
    140    2   10    4 1 1 1
    141    2   11    1 1 1 1
    142    2   11    2 1 1 1
    143    2   11    3 1 1 1
    144    2   11    4 1 1 1
    145    2   12    1 1 1 1
    146    2   12    2 1 1 1
    147    2   12    3 1 1 1
    148    2   12    4 1 1 1
    149    2   13    1 1 1 1
    150    2   13    2 1 1 1
    151    2   13    3 1 1 1
    152    2   13    4 1 1 1
    153    2   14    1 1 1 1
    154    2   14    2 1 1 1
    155    2   14    3 1 1 1
    156    2   14    4 1 1 1
    157    2   15    1 1 1 1
    158    2   15    2 1 1 1
    159    2   15    3 1 1 1
    160    2   15    4 1 1 1
    161    2   16    1 1 1 1
    162    2   16    2 1 1 1
    163    2   16    3 1 1 1
    164    2   16    4 1 1 1
    165    2   17    1 1 1 1
    166    2   17    2 1 1 1
    167    2   17    3 1 1 1
    168    2   17    4 1 1 1
    169    2   18    1 1 1 1
    170    2   18    2 1 1 1
    171    2   18    3 1 1 1
    172    2   18    4 1 1 1
    173    2   19    1 1 1 1
    174    2   19    2 1 1 1
    175    2   19    3 1 1 1
    176    2   19    4 1 1 1
    177    2   20    1 1 1 1
    178    2   20    2 1 1 1
    179    2   20    3 1 1 1
    180    2   20    4 1 1 1
    181    2   21    1 1 1 1
    182    2   21    2 1 1 1
    183    2   21    3 1 1 1
    184    2   21    4 1 1 1
    185    2   22    1 1 1 1
    186    2   22    2 1 1 1
    187    2   22    3 1 1 1
    188    2   22    4 1 1 1
    189    2   23    1 1 1 1
    190    2   23    2 1 1 1
    191    2   23    3 1 1 1
    192    2   23    4 1 1 1
    193    2   24    1 1 1 1
    194    2   24    2 1 1 1
    195    2   24    3 1 1 1
    196    2   24    4 1 1 1
    197    2   25    1 1 1 1
    198    2   25    2 1 1 1
    199    2   25    3 1 1 1
    200    2   25    4 1 1 1
    201    3    1    1 1 1 1
    202    3    1    2 1 1 1
    203    3    1    3 1 1 1
    204    3    1    4 1 1 1
    205    3    2    1 1 1 1
    206    3    2    2 1 1 1
    207    3    2    3 1 1 1
    208    3    2    4 1 1 1
    209    3    3    1 1 1 1
    210    3    3    2 1 1 1
    211    3    3    3 1 1 1
    212    3    3    4 1 1 1
    213    3    4    1 1 1 1
    214    3    4    2 1 1 1
    215    3    4    3 1 1 1
    216    3    4    4 1 1 1
    217    3    5    1 1 1 1
    218    3    5    2 1 1 1
    219    3    5    3 1 1 1
    220    3    5    4 1 1 1
    221    3    6    1 1 1 1
    222    3    6    2 1 1 1
    223    3    6    3 1 1 1
    224    3    6    4 1 1 1
    225    3    7    1 1 1 1
    226    3    7    2 1 1 1
    227    3    7    3 1 1 1
    228    3    7    4 1 1 1
    229    3    8    1 1 1 1
    230    3    8    2 1 1 1
    231    3    8    3 1 1 1
    232    3    8    4 1 1 1
    233    3    9    1 1 1 1
    234    3    9    2 1 1 1
    235    3    9    3 1 1 1
    236    3    9    4 1 1 1
    237    3   10    1 1 1 1
    238    3   10    2 1 1 1
    239    3   10    3 1 1 1
    240    3   10    4 1 1 1
    241    3   11    1 1 1 1
    242    3   11    2 1 1 1
    243    3   11    3 1 1 1
    244    3   11    4 1 1 1
    245    3   12    1 1 1 1
    246    3   12    2 1 1 1
    247    3   12    3 1 1 1
    248    3   12    4 1 1 1
    249    3   13    1 1 1 1
    250    3   13    2 1 1 1
    251    3   13    3 1 1 1
    252    3   13    4 1 1 1
    253    3   14    1 1 1 1
    254    3   14    2 1 1 1
    255    3   14    3 1 1 1
    256    3   14    4 1 1 1
    257    3   15    1 1 1 1
    258    3   15    2 1 1 1
    259    3   15    3 1 1 1
    260    3   15    4 1 1 1
    261    3   16    1 1 1 1
    262    3   16    2 1 1 1
    263    3   16    3 1 1 1
    264    3   16    4 1 1 1
    265    3   17    1 1 1 1
    266    3   17    2 1 1 1
    267    3   17    3 1 1 1
    268    3   17    4 1 1 1
    269    3   18    1 1 1 1
    270    3   18    2 1 1 1
    271    3   18    3 1 1 1
    272    3   18    4 1 1 1
    273    3   19    1 1 1 1
    274    3   19    2 1 1 1
    275    3   19    3 1 1 1
    276    3   19    4 1 1 1
    277    3   20    1 1 1 1
    278    3   20    2 1 1 1
    279    3   20    3 1 1 1
    280    3   20    4 1 1 1
    281    3   21    1 1 1 1
    282    3   21    2 1 1 1
    283    3   21    3 1 1 1
    284    3   21    4 1 1 1
    285    3   22    1 1 1 1
    286    3   22    2 1 1 1
    287    3   22    3 1 1 1
    288    3   22    4 1 1 1
    289    3   23    1 1 1 1
    290    3   23    2 1 1 1
    291    3   23    3 1 1 1
    292    3   23    4 1 1 1
    293    3   24    1 1 1 1
    294    3   24    2 1 1 1
    295    3   24    3 1 1 1
    296    3   24    4 1 1 1
    297    3   25    1 1 1 1
    298    3   25    2 1 1 1
    299    3   25    3 1 1 1
    300    3   25    4 1 1 1
    301    4    1    1 1 1 1
    302    4    1    2 1 1 1
    303    4    1    3 1 1 1
    304    4    1    4 1 1 1
    305    4    2    1 1 1 1
    306    4    2    2 1 1 1
    307    4    2    3 1 1 1
    308    4    2    4 1 1 1
    309    4    3    1 1 1 1
    310    4    3    2 1 1 1
    311    4    3    3 1 1 1
    312    4    3    4 1 1 1
    313    4    4    1 1 1 1
    314    4    4    2 1 1 1
    315    4    4    3 1 1 1
    316    4    4    4 1 1 1
    317    4    5    1 1 1 1
    318    4    5    2 1 1 1
    319    4    5    3 1 1 1
    320    4    5    4 1 1 1
    321    4    6    1 1 1 1
    322    4    6    2 1 1 1
    323    4    6    3 1 1 1
    324    4    6    4 1 1 1
    325    4    7    1 1 1 1
    326    4    7    2 1 1 1
    327    4    7    3 1 1 1
    328    4    7    4 1 1 1
    329    4    8    1 1 1 1
    330    4    8    2 1 1 1
    331    4    8    3 1 1 1
    332    4    8    4 1 1 1
    333    4    9    1 1 1 1
    334    4    9    2 1 1 1
    335    4    9    3 1 1 1
    336    4    9    4 1 1 1
    337    4   10    1 1 1 1
    338    4   10    2 1 1 1
    339    4   10    3 1 1 1
    340    4   10    4 1 1 1
    341    4   11    1 1 1 1
    342    4   11    2 1 1 1
    343    4   11    3 1 1 1
    344    4   11    4 1 1 1
    345    4   12    1 1 1 1
    346    4   12    2 1 1 1
    347    4   12    3 1 1 1
    348    4   12    4 1 1 1
    349    4   13    1 1 1 1
    350    4   13    2 1 1 1
    351    4   13    3 1 1 1
    352    4   13    4 1 1 1
    353    4   14    1 1 1 1
    354    4   14    2 1 1 1
    355    4   14    3 1 1 1
    356    4   14    4 1 1 1
    357    4   15    1 1 1 1
    358    4   15    2 1 1 1
    359    4   15    3 1 1 1
    360    4   15    4 1 1 1
    361    4   16    1 1 1 1
    362    4   16    2 1 1 1
    363    4   16    3 1 1 1
    364    4   16    4 1 1 1
    365    4   17    1 1 1 1
    366    4   17    2 1 1 1
    367    4   17    3 1 1 1
    368    4   17    4 1 1 1
    369    4   18    1 1 1 1
    370    4   18    2 1 1 1
    371    4   18    3 1 1 1
    372    4   18    4 1 1 1
    373    4   19    1 1 1 1
    374    4   19    2 1 1 1
    375    4   19    3 1 1 1
    376    4   19    4 1 1 1
    377    4   20    1 1 1 1
    378    4   20    2 1 1 1
    379    4   20    3 1 1 1
    380    4   20    4 1 1 1
    381    4   21    1 1 1 1
    382    4   21    2 1 1 1
    383    4   21    3 1 1 1
    384    4   21    4 1 1 1
    385    4   22    1 1 1 1
    386    4   22    2 1 1 1
    387    4   22    3 1 1 1
    388    4   22    4 1 1 1
    389    4   23    1 1 1 1
    390    4   23    2 1 1 1
    391    4   23    3 1 1 1
    392    4   23    4 1 1 1
    393    4   24    1 1 1 1
    394    4   24    2 1 1 1
    395    4   24    3 1 1 1
    396    4   24    4 1 1 1
    397    4   25    1 1 1 1
    398    4   25    2 1 1 1
    399    4   25    3 1 1 1
    400    4   25    4 1 1 1
    401    5    1    1 1 1 1
    402    5    1    2 1 1 1
    403    5    1    3 1 1 1
    404    5    1    4 1 1 1
    405    5    2    1 1 1 1
    406    5    2    2 1 1 1
    407    5    2    3 1 1 1
    408    5    2    4 1 1 1
    409    5    3    1 1 1 1
    410    5    3    2 1 1 1
    411    5    3    3 1 1 1
    412    5    3    4 1 1 1
    413    5    4    1 1 1 1
    414    5    4    2 1 1 1
    415    5    4    3 1 1 1
    416    5    4    4 1 1 1
    417    5    5    1 1 1 1
    418    5    5    2 1 1 1
    419    5    5    3 1 1 1
    420    5    5    4 1 1 1
    421    5    6    1 1 1 1
    422    5    6    2 1 1 1
    423    5    6    3 1 1 1
    424    5    6    4 1 1 1
    425    5    7    1 1 1 1
    426    5    7    2 1 1 1
    427    5    7    3 1 1 1
    428    5    7    4 1 1 1
    429    5    8    1 1 1 1
    430    5    8    2 1 1 1
    431    5    8    3 1 1 1
    432    5    8    4 1 1 1
    433    5    9    1 1 1 1
    434    5    9    2 1 1 1
    435    5    9    3 1 1 1
    436    5    9    4 1 1 1
    437    5   10    1 1 1 1
    438    5   10    2 1 1 1
    439    5   10    3 1 1 1
    440    5   10    4 1 1 1
    441    5   11    1 1 1 1
    442    5   11    2 1 1 1
    443    5   11    3 1 1 1
    444    5   11    4 1 1 1
    445    5   12    1 1 1 1
    446    5   12    2 1 1 1
    447    5   12    3 1 1 1
    448    5   12    4 1 1 1
    449    5   13    1 1 1 1
    450    5   13    2 1 1 1
    451    5   13    3 1 1 1
    452    5   13    4 1 1 1
    453    5   14    1 1 1 1
    454    5   14    2 1 1 1
    455    5   14    3 1 1 1
    456    5   14    4 1 1 1
    457    5   15    1 1 1 1
    458    5   15    2 1 1 1
    459    5   15    3 1 1 1
    460    5   15    4 1 1 1
    461    5   16    1 1 1 1
    462    5   16    2 1 1 1
    463    5   16    3 1 1 1
    464    5   16    4 1 1 1
    465    5   17    1 1 1 1
    466    5   17    2 1 1 1
    467    5   17    3 1 1 1
    468    5   17    4 1 1 1
    469    5   18    1 1 1 1
    470    5   18    2 1 1 1
    471    5   18    3 1 1 1
    472    5   18    4 1 1 1
    473    5   19    1 1 1 1
    474    5   19    2 1 1 1
    475    5   19    3 1 1 1
    476    5   19    4 1 1 1
    477    5   20    1 1 1 1
    478    5   20    2 1 1 1
    479    5   20    3 1 1 1
    480    5   20    4 1 1 1
    481    5   21    1 1 1 1
    482    5   21    2 1 1 1
    483    5   21    3 1 1 1
    484    5   21    4 1 1 1
    485    5   22    1 1 1 1
    486    5   22    2 1 1 1
    487    5   22    3 1 1 1
    488    5   22    4 1 1 1
    489    5   23    1 1 1 1
    490    5   23    2 1 1 1
    491    5   23    3 1 1 1
    492    5   23    4 1 1 1
    493    5   24    1 1 1 1
    494    5   24    2 1 1 1
    495    5   24    3 1 1 1
    496    5   24    4 1 1 1
    497    5   25    1 1 1 1
    498    5   25    2 1 1 1
    499    5   25    3 1 1 1
    500    5   25    4 1 1 1
    501    6    1    1 1 1 1
    502    6    1    2 1 1 1
    503    6    1    3 1 1 1
    504    6    1    4 1 1 1
    505    6    2    1 1 1 1
    506    6    2    2 1 1 1
    507    6    2    3 1 1 1
    508    6    2    4 1 1 1
    509    6    3    1 1 1 1
    510    6    3    2 1 1 1
    511    6    3    3 1 1 1
    512    6    3    4 1 1 1
    513    6    4    1 1 1 1
    514    6    4    2 1 1 1
    515    6    4    3 1 1 1
    516    6    4    4 1 1 1
    517    6    5    1 1 1 1
    518    6    5    2 1 1 1
    519    6    5    3 1 1 1
    520    6    5    4 1 1 1
    521    6    6    1 1 1 1
    522    6    6    2 1 1 1
    523    6    6    3 1 1 1
    524    6    6    4 1 1 1
    525    6    7    1 1 1 1
    526    6    7    2 1 1 1
    527    6    7    3 1 1 1
    528    6    7    4 1 1 1
    529    6    8    1 1 1 1
    530    6    8    2 1 1 1
    531    6    8    3 1 1 1
    532    6    8    4 1 1 1
    533    6    9    1 1 1 1
    534    6    9    2 1 1 1
    535    6    9    3 1 1 1
    536    6    9    4 1 1 1
    537    6   10    1 1 1 1
    538    6   10    2 1 1 1
    539    6   10    3 1 1 1
    540    6   10    4 1 1 1
    541    6   11    1 1 1 1
    542    6   11    2 1 1 1
    543    6   11    3 1 1 1
    544    6   11    4 1 1 1
    545    6   12    1 1 1 1
    546    6   12    2 1 1 1
    547    6   12    3 1 1 1
    548    6   12    4 1 1 1
    549    6   13    1 1 1 1
    550    6   13    2 1 1 1
    551    6   13    3 1 1 1
    552    6   13    4 1 1 1
    553    6   14    1 1 1 1
    554    6   14    2 1 1 1
    555    6   14    3 1 1 1
    556    6   14    4 1 1 1
    557    6   15    1 1 1 1
    558    6   15    2 1 1 1
    559    6   15    3 1 1 1
    560    6   15    4 1 1 1
    561    6   16    1 1 1 1
    562    6   16    2 1 1 1
    563    6   16    3 1 1 1
    564    6   16    4 1 1 1
    565    6   17    1 1 1 1
    566    6   17    2 1 1 1
    567    6   17    3 1 1 1
    568    6   17    4 1 1 1
    569    6   18    1 1 1 1
    570    6   18    2 1 1 1
    571    6   18    3 1 1 1
    572    6   18    4 1 1 1
    573    6   19    1 1 1 1
    574    6   19    2 1 1 1
    575    6   19    3 1 1 1
    576    6   19    4 1 1 1
    577    6   20    1 1 1 1
    578    6   20    2 1 1 1
    579    6   20    3 1 1 1
    580    6   20    4 1 1 1
    581    6   21    1 1 1 1
    582    6   21    2 1 1 1
    583    6   21    3 1 1 1
    584    6   21    4 1 1 1
    585    6   22    1 1 1 1
    586    6   22    2 1 1 1
    587    6   22    3 1 1 1
    588    6   22    4 1 1 1
    589    6   23    1 1 1 1
    590    6   23    2 1 1 1
    591    6   23    3 1 1 1
    592    6   23    4 1 1 1
    593    6   24    1 1 1 1
    594    6   24    2 1 1 1
    595    6   24    3 1 1 1
    596    6   24    4 1 1 1
    597    6   25    1 1 1 1
    598    6   25    2 1 1 1
    599    6   25    3 1 1 1
    600    6   25    4 1 1 1
    601    7    1    1 1 1 1
    602    7    1    2 1 1 1
    603    7    1    3 1 1 1
    604    7    1    4 1 1 1
    605    7    2    1 1 1 1
    606    7    2    2 1 1 1
    607    7    2    3 1 1 1
    608    7    2    4 1 1 1
    609    7    3    1 1 1 1
    610    7    3    2 1 1 1
    611    7    3    3 1 1 1
    612    7    3    4 1 1 1
    613    7    4    1 1 1 1
    614    7    4    2 1 1 1
    615    7    4    3 1 1 1
    616    7    4    4 1 1 1
    617    7    5    1 1 1 1
    618    7    5    2 1 1 1
    619    7    5    3 1 1 1
    620    7    5    4 1 1 1
    621    7    6    1 1 1 1
    622    7    6    2 1 1 1
    623    7    6    3 1 1 1
    624    7    6    4 1 1 1
    625    7    7    1 1 1 1
    626    7    7    2 1 1 1
    627    7    7    3 1 1 1
    628    7    7    4 1 1 1
    629    7    8    1 1 1 1
    630    7    8    2 1 1 1
    631    7    8    3 1 1 1
    632    7    8    4 1 1 1
    633    7    9    1 1 1 1
    634    7    9    2 1 1 1
    635    7    9    3 1 1 1
    636    7    9    4 1 1 1
    637    7   10    1 1 1 1
    638    7   10    2 1 1 1
    639    7   10    3 1 1 1
    640    7   10    4 1 1 1
    641    7   11    1 1 1 1
    642    7   11    2 1 1 1
    643    7   11    3 1 1 1
    644    7   11    4 1 1 1
    645    7   12    1 1 1 1
    646    7   12    2 1 1 1
    647    7   12    3 1 1 1
    648    7   12    4 1 1 1
    649    7   13    1 1 1 1
    650    7   13    2 1 1 1
    651    7   13    3 1 1 1
    652    7   13    4 1 1 1
    653    7   14    1 1 1 1
    654    7   14    2 1 1 1
    655    7   14    3 1 1 1
    656    7   14    4 1 1 1
    657    7   15    1 1 1 1
    658    7   15    2 1 1 1
    659    7   15    3 1 1 1
    660    7   15    4 1 1 1
    661    7   16    1 1 1 1
    662    7   16    2 1 1 1
    663    7   16    3 1 1 1
    664    7   16    4 1 1 1
    665    7   17    1 1 1 1
    666    7   17    2 1 1 1
    667    7   17    3 1 1 1
    668    7   17    4 1 1 1
    669    7   18    1 1 1 1
    670    7   18    2 1 1 1
    671    7   18    3 1 1 1
    672    7   18    4 1 1 1
    673    7   19    1 1 1 1
    674    7   19    2 1 1 1
    675    7   19    3 1 1 1
    676    7   19    4 1 1 1
    677    7   20    1 1 1 1
    678    7   20    2 1 1 1
    679    7   20    3 1 1 1
    680    7   20    4 1 1 1
    681    7   21    1 1 1 1
    682    7   21    2 1 1 1
    683    7   21    3 1 1 1
    684    7   21    4 1 1 1
    685    7   22    1 1 1 1
    686    7   22    2 1 1 1
    687    7   22    3 1 1 1
    688    7   22    4 1 1 1
    689    7   23    1 1 1 1
    690    7   23    2 1 1 1
    691    7   23    3 1 1 1
    692    7   23    4 1 1 1
    693    7   24    1 1 1 1
    694    7   24    2 1 1 1
    695    7   24    3 1 1 1
    696    7   24    4 1 1 1
    697    7   25    1 1 1 1
    698    7   25    2 1 1 1
    699    7   25    3 1 1 1
    700    7   25    4 1 1 1
    701    8    1    1 1 1 1
    702    8    1    2 1 1 1
    703    8    1    3 1 1 1
    704    8    1    4 1 1 1
    705    8    2    1 1 1 1
    706    8    2    2 1 1 1
    707    8    2    3 1 1 1
    708    8    2    4 1 1 1
    709    8    3    1 1 1 1
    710    8    3    2 1 1 1
    711    8    3    3 1 1 1
    712    8    3    4 1 1 1
    713    8    4    1 1 1 1
    714    8    4    2 1 1 1
    715    8    4    3 1 1 1
    716    8    4    4 1 1 1
    717    8    5    1 1 1 1
    718    8    5    2 1 1 1
    719    8    5    3 1 1 1
    720    8    5    4 1 1 1
    721    8    6    1 1 1 1
    722    8    6    2 1 1 1
    723    8    6    3 1 1 1
    724    8    6    4 1 1 1
    725    8    7    1 1 1 1
    726    8    7    2 1 1 1
    727    8    7    3 1 1 1
    728    8    7    4 1 1 1
    729    8    8    1 1 1 1
    730    8    8    2 1 1 1
    731    8    8    3 1 1 1
    732    8    8    4 1 1 1
    733    8    9    1 1 1 1
    734    8    9    2 1 1 1
    735    8    9    3 1 1 1
    736    8    9    4 1 1 1
    737    8   10    1 1 1 1
    738    8   10    2 1 1 1
    739    8   10    3 1 1 1
    740    8   10    4 1 1 1
    741    8   11    1 1 1 1
    742    8   11    2 1 1 1
    743    8   11    3 1 1 1
    744    8   11    4 1 1 1
    745    8   12    1 1 1 1
    746    8   12    2 1 1 1
    747    8   12    3 1 1 1
    748    8   12    4 1 1 1
    749    8   13    1 1 1 1
    750    8   13    2 1 1 1
    751    8   13    3 1 1 1
    752    8   13    4 1 1 1
    753    8   14    1 1 1 1
    754    8   14    2 1 1 1
    755    8   14    3 1 1 1
    756    8   14    4 1 1 1
    757    8   15    1 1 1 1
    758    8   15    2 1 1 1
    759    8   15    3 1 1 1
    760    8   15    4 1 1 1
    761    8   16    1 1 1 1
    762    8   16    2 1 1 1
    763    8   16    3 1 1 1
    764    8   16    4 1 1 1
    765    8   17    1 1 1 1
    766    8   17    2 1 1 1
    767    8   17    3 1 1 1
    768    8   17    4 1 1 1
    769    8   18    1 1 1 1
    770    8   18    2 1 1 1
    771    8   18    3 1 1 1
    772    8   18    4 1 1 1
    773    8   19    1 1 1 1
    774    8   19    2 1 1 1
    775    8   19    3 1 1 1
    776    8   19    4 1 1 1
    777    8   20    1 1 1 1
    778    8   20    2 1 1 1
    779    8   20    3 1 1 1
    780    8   20    4 1 1 1
    781    8   21    1 1 1 1
    782    8   21    2 1 1 1
    783    8   21    3 1 1 1
    784    8   21    4 1 1 1
    785    8   22    1 1 1 1
    786    8   22    2 1 1 1
    787    8   22    3 1 1 1
    788    8   22    4 1 1 1
    789    8   23    1 1 1 1
    790    8   23    2 1 1 1
    791    8   23    3 1 1 1
    792    8   23    4 1 1 1
    793    8   24    1 1 1 1
    794    8   24    2 1 1 1
    795    8   24    3 1 1 1
    796    8   24    4 1 1 1
    797    8   25    1 1 1 1
    798    8   25    2 1 1 1
    799    8   25    3 1 1 1
    800    8   25    4 1 1 1
    801    9    1    1 1 1 1
    802    9    1    2 1 1 1
    803    9    1    3 1 1 1
    804    9    1    4 1 1 1
    805    9    2    1 1 1 1
    806    9    2    2 1 1 1
    807    9    2    3 1 1 1
    808    9    2    4 1 1 1
    809    9    3    1 1 1 1
    810    9    3    2 1 1 1
    811    9    3    3 1 1 1
    812    9    3    4 1 1 1
    813    9    4    1 1 1 1
    814    9    4    2 1 1 1
    815    9    4    3 1 1 1
    816    9    4    4 1 1 1
    817    9    5    1 1 1 1
    818    9    5    2 1 1 1
    819    9    5    3 1 1 1
    820    9    5    4 1 1 1
    821    9    6    1 1 1 1
    822    9    6    2 1 1 1
    823    9    6    3 1 1 1
    824    9    6    4 1 1 1
    825    9    7    1 1 1 1
    826    9    7    2 1 1 1
    827    9    7    3 1 1 1
    828    9    7    4 1 1 1
    829    9    8    1 1 1 1
    830    9    8    2 1 1 1
    831    9    8    3 1 1 1
    832    9    8    4 1 1 1
    833    9    9    1 1 1 1
    834    9    9    2 1 1 1
    835    9    9    3 1 1 1
    836    9    9    4 1 1 1
    837    9   10    1 1 1 1
    838    9   10    2 1 1 1
    839    9   10    3 1 1 1
    840    9   10    4 1 1 1
    841    9   11    1 1 1 1
    842    9   11    2 1 1 1
    843    9   11    3 1 1 1
    844    9   11    4 1 1 1
    845    9   12    1 1 1 1
    846    9   12    2 1 1 1
    847    9   12    3 1 1 1
    848    9   12    4 1 1 1
    849    9   13    1 1 1 1
    850    9   13    2 1 1 1
    851    9   13    3 1 1 1
    852    9   13    4 1 1 1
    853    9   14    1 1 1 1
    854    9   14    2 1 1 1
    855    9   14    3 1 1 1
    856    9   14    4 1 1 1
    857    9   15    1 1 1 1
    858    9   15    2 1 1 1
    859    9   15    3 1 1 1
    860    9   15    4 1 1 1
    861    9   16    1 1 1 1
    862    9   16    2 1 1 1
    863    9   16    3 1 1 1
    864    9   16    4 1 1 1
    865    9   17    1 1 1 1
    866    9   17    2 1 1 1
    867    9   17    3 1 1 1
    868    9   17    4 1 1 1
    869    9   18    1 1 1 1
    870    9   18    2 1 1 1
    871    9   18    3 1 1 1
    872    9   18    4 1 1 1
    873    9   19    1 1 1 1
    874    9   19    2 1 1 1
    875    9   19    3 1 1 1
    876    9   19    4 1 1 1
    877    9   20    1 1 1 1
    878    9   20    2 1 1 1
    879    9   20    3 1 1 1
    880    9   20    4 1 1 1
    881    9   21    1 1 1 1
    882    9   21    2 1 1 1
    883    9   21    3 1 1 1
    884    9   21    4 1 1 1
    885    9   22    1 1 1 1
    886    9   22    2 1 1 1
    887    9   22    3 1 1 1
    888    9   22    4 1 1 1
    889    9   23    1 1 1 1
    890    9   23    2 1 1 1
    891    9   23    3 1 1 1
    892    9   23    4 1 1 1
    893    9   24    1 1 1 1
    894    9   24    2 1 1 1
    895    9   24    3 1 1 1
    896    9   24    4 1 1 1
    897    9   25    1 1 1 1
    898    9   25    2 1 1 1
    899    9   25    3 1 1 1
    900    9   25    4 1 1 1
    901   10    1    1 1 1 1
    902   10    1    2 1 1 1
    903   10    1    3 1 1 1
    904   10    1    4 1 1 1
    905   10    2    1 1 1 1
    906   10    2    2 1 1 1
    907   10    2    3 1 1 1
    908   10    2    4 1 1 1
    909   10    3    1 1 1 1
    910   10    3    2 1 1 1
    911   10    3    3 1 1 1
    912   10    3    4 1 1 1
    913   10    4    1 1 1 1
    914   10    4    2 1 1 1
    915   10    4    3 1 1 1
    916   10    4    4 1 1 1
    917   10    5    1 1 1 1
    918   10    5    2 1 1 1
    919   10    5    3 1 1 1
    920   10    5    4 1 1 1
    921   10    6    1 1 1 1
    922   10    6    2 1 1 1
    923   10    6    3 1 1 1
    924   10    6    4 1 1 1
    925   10    7    1 1 1 1
    926   10    7    2 1 1 1
    927   10    7    3 1 1 1
    928   10    7    4 1 1 1
    929   10    8    1 1 1 1
    930   10    8    2 1 1 1
    931   10    8    3 1 1 1
    932   10    8    4 1 1 1
    933   10    9    1 1 1 1
    934   10    9    2 1 1 1
    935   10    9    3 1 1 1
    936   10    9    4 1 1 1
    937   10   10    1 1 1 1
    938   10   10    2 1 1 1
    939   10   10    3 1 1 1
    940   10   10    4 1 1 1
    941   10   11    1 1 1 1
    942   10   11    2 1 1 1
    943   10   11    3 1 1 1
    944   10   11    4 1 1 1
    945   10   12    1 1 1 1
    946   10   12    2 1 1 1
    947   10   12    3 1 1 1
    948   10   12    4 1 1 1
    949   10   13    1 1 1 1
    950   10   13    2 1 1 1
    951   10   13    3 1 1 1
    952   10   13    4 1 1 1
    953   10   14    1 1 1 1
    954   10   14    2 1 1 1
    955   10   14    3 1 1 1
    956   10   14    4 1 1 1
    957   10   15    1 1 1 1
    958   10   15    2 1 1 1
    959   10   15    3 1 1 1
    960   10   15    4 1 1 1
    961   10   16    1 1 1 1
    962   10   16    2 1 1 1
    963   10   16    3 1 1 1
    964   10   16    4 1 1 1
    965   10   17    1 1 1 1
    966   10   17    2 1 1 1
    967   10   17    3 1 1 1
    968   10   17    4 1 1 1
    969   10   18    1 1 1 1
    970   10   18    2 1 1 1
    971   10   18    3 1 1 1
    972   10   18    4 1 1 1
    973   10   19    1 1 1 1
    974   10   19    2 1 1 1
    975   10   19    3 1 1 1
    976   10   19    4 1 1 1
    977   10   20    1 1 1 1
    978   10   20    2 1 1 1
    979   10   20    3 1 1 1
    980   10   20    4 1 1 1
    981   10   21    1 1 1 1
    982   10   21    2 1 1 1
    983   10   21    3 1 1 1
    984   10   21    4 1 1 1
    985   10   22    1 1 1 1
    986   10   22    2 1 1 1
    987   10   22    3 1 1 1
    988   10   22    4 1 1 1
    989   10   23    1 1 1 1
    990   10   23    2 1 1 1
    991   10   23    3 1 1 1
    992   10   23    4 1 1 1
    993   10   24    1 1 1 1
    994   10   24    2 1 1 1
    995   10   24    3 1 1 1
    996   10   24    4 1 1 1
    997   10   25    1 1 1 1
    998   10   25    2 1 1 1
    999   10   25    3 1 1 1
   1000   10   25    4 1 1 1
   1001   11    1    1 1 1 1
   1002   11    1    2 1 1 1
   1003   11    1    3 1 1 1
   1004   11    1    4 1 1 1
   1005   11    2    1 1 1 1
   1006   11    2    2 1 1 1
   1007   11    2    3 1 1 1
   1008   11    2    4 1 1 1
   1009   11    3    1 1 1 1
   1010   11    3    2 1 1 1
   1011   11    3    3 1 1 1
   1012   11    3    4 1 1 1
   1013   11    4    1 1 1 1
   1014   11    4    2 1 1 1
   1015   11    4    3 1 1 1
   1016   11    4    4 1 1 1
   1017   11    5    1 1 1 1
   1018   11    5    2 1 1 1
   1019   11    5    3 1 1 1
   1020   11    5    4 1 1 1
   1021   11    6    1 1 1 1
   1022   11    6    2 1 1 1
   1023   11    6    3 1 1 1
   1024   11    6    4 1 1 1
   1025   11    7    1 1 1 1
   1026   11    7    2 1 1 1
   1027   11    7    3 1 1 1
   1028   11    7    4 1 1 1
   1029   11    8    1 1 1 1
   1030   11    8    2 1 1 1
   1031   11    8    3 1 1 1
   1032   11    8    4 1 1 1
   1033   11    9    1 1 1 1
   1034   11    9    2 1 1 1
   1035   11    9    3 1 1 1
   1036   11    9    4 1 1 1
   1037   11   10    1 1 1 1
   1038   11   10    2 1 1 1
   1039   11   10    3 1 1 1
   1040   11   10    4 1 1 1
   1041   11   11    1 1 1 1
   1042   11   11    2 1 1 1
   1043   11   11    3 1 1 1
   1044   11   11    4 1 1 1
   1045   11   12    1 1 1 1
   1046   11   12    2 1 1 1
   1047   11   12    3 1 1 1
   1048   11   12    4 1 1 1
   1049   11   13    1 1 1 1
   1050   11   13    2 1 1 1
   1051   11   13    3 1 1 1
   1052   11   13    4 1 1 1
   1053   11   14    1 1 1 1
   1054   11   14    2 1 1 1
   1055   11   14    3 1 1 1
   1056   11   14    4 1 1 1
   1057   11   15    1 1 1 1
   1058   11   15    2 1 1 1
   1059   11   15    3 1 1 1
   1060   11   15    4 1 1 1
   1061   11   16    1 1 1 1
   1062   11   16    2 1 1 1
   1063   11   16    3 1 1 1
   1064   11   16    4 1 1 1
   1065   11   17    1 1 1 1
   1066   11   17    2 1 1 1
   1067   11   17    3 1 1 1
   1068   11   17    4 1 1 1
   1069   11   18    1 1 1 1
   1070   11   18    2 1 1 1
   1071   11   18    3 1 1 1
   1072   11   18    4 1 1 1
   1073   11   19    1 1 1 1
   1074   11   19    2 1 1 1
   1075   11   19    3 1 1 1
   1076   11   19    4 1 1 1
   1077   11   20    1 1 1 1
   1078   11   20    2 1 1 1
   1079   11   20    3 1 1 1
   1080   11   20    4 1 1 1
   1081   11   21    1 1 1 1
   1082   11   21    2 1 1 1
   1083   11   21    3 1 1 1
   1084   11   21    4 1 1 1
   1085   11   22    1 1 1 1
   1086   11   22    2 1 1 1
   1087   11   22    3 1 1 1
   1088   11   22    4 1 1 1
   1089   11   23    1 1 1 1
   1090   11   23    2 1 1 1
   1091   11   23    3 1 1 1
   1092   11   23    4 1 1 1
   1093   11   24    1 1 1 1
   1094   11   24    2 1 1 1
   1095   11   24    3 1 1 1
   1096   11   24    4 1 1 1
   1097   11   25    1 1 1 1
   1098   11   25    2 1 1 1
   1099   11   25    3 1 1 1
   1100   11   25    4 1 1 1
   1101   12    1    1 1 1 1
   1102   12    1    2 1 1 1
   1103   12    1    3 1 1 1
   1104   12    1    4 1 1 1
   1105   12    2    1 1 1 1
   1106   12    2    2 1 1 1
   1107   12    2    3 1 1 1
   1108   12    2    4 1 1 1
   1109   12    3    1 1 1 1
   1110   12    3    2 1 1 1
   1111   12    3    3 1 1 1
   1112   12    3    4 1 1 1
   1113   12    4    1 1 1 1
   1114   12    4    2 1 1 1
   1115   12    4    3 1 1 1
   1116   12    4    4 1 1 1
   1117   12    5    1 1 1 1
   1118   12    5    2 1 1 1
   1119   12    5    3 1 1 1
   1120   12    5    4 1 1 1
   1121   12    6    1 1 1 1
   1122   12    6    2 1 1 1
   1123   12    6    3 1 1 1
   1124   12    6    4 1 1 1
   1125   12    7    1 1 1 1
   1126   12    7    2 1 1 1
   1127   12    7    3 1 1 1
   1128   12    7    4 1 1 1
   1129   12    8    1 1 1 1
   1130   12    8    2 1 1 1
   1131   12    8    3 1 1 1
   1132   12    8    4 1 1 1
   1133   12    9    1 1 1 1
   1134   12    9    2 1 1 1
   1135   12    9    3 1 1 1
   1136   12    9    4 1 1 1
   1137   12   10    1 1 1 1
   1138   12   10    2 1 1 1
   1139   12   10    3 1 1 1
   1140   12   10    4 1 1 1
   1141   12   11    1 1 1 1
   1142   12   11    2 1 1 1
   1143   12   11    3 1 1 1
   1144   12   11    4 1 1 1
   1145   12   12    1 1 1 1
   1146   12   12    2 1 1 1
   1147   12   12    3 1 1 1
   1148   12   12    4 1 1 1
   1149   12   13    1 1 1 1
   1150   12   13    2 1 1 1
   1151   12   13    3 1 1 1
   1152   12   13    4 1 1 1
   1153   12   14    1 1 1 1
   1154   12   14    2 1 1 1
   1155   12   14    3 1 1 1
   1156   12   14    4 1 1 1
   1157   12   15    1 1 1 1
   1158   12   15    2 1 1 1
   1159   12   15    3 1 1 1
   1160   12   15    4 1 1 1
   1161   12   16    1 1 1 1
   1162   12   16    2 1 1 1
   1163   12   16    3 1 1 1
   1164   12   16    4 1 1 1
   1165   12   17    1 1 1 1
   1166   12   17    2 1 1 1
   1167   12   17    3 1 1 1
   1168   12   17    4 1 1 1
   1169   12   18    1 1 1 1
   1170   12   18    2 1 1 1
   1171   12   18    3 1 1 1
   1172   12   18    4 1 1 1
   1173   12   19    1 1 1 1
   1174   12   19    2 1 1 1
   1175   12   19    3 1 1 1
   1176   12   19    4 1 1 1
   1177   12   20    1 1 1 1
   1178   12   20    2 1 1 1
   1179   12   20    3 1 1 1
   1180   12   20    4 1 1 1
   1181   12   21    1 1 1 1
   1182   12   21    2 1 1 1
   1183   12   21    3 1 1 1
   1184   12   21    4 1 1 1
   1185   12   22    1 1 1 1
   1186   12   22    2 1 1 1
   1187   12   22    3 1 1 1
   1188   12   22    4 1 1 1
   1189   12   23    1 1 1 1
   1190   12   23    2 1 1 1
   1191   12   23    3 1 1 1
   1192   12   23    4 1 1 1
   1193   12   24    1 1 1 1
   1194   12   24    2 1 1 1
   1195   12   24    3 1 1 1
   1196   12   24    4 1 1 1
   1197   12   25    1 1 1 1
   1198   12   25    2 1 1 1
   1199   12   25    3 1 1 1
   1200   12   25    4 1 1 1
   1201   13    1    1 1 1 1
   1202   13    1    2 1 1 1
   1203   13    1    3 1 1 1
   1204   13    1    4 1 1 1
   1205   13    2    1 1 1 1
   1206   13    2    2 1 1 1
   1207   13    2    3 1 1 1
   1208   13    2    4 1 1 1
   1209   13    3    1 1 1 1
   1210   13    3    2 1 1 1
   1211   13    3    3 1 1 1
   1212   13    3    4 1 1 1
   1213   13    4    1 1 1 1
   1214   13    4    2 1 1 1
   1215   13    4    3 1 1 1
   1216   13    4    4 1 1 1
   1217   13    5    1 1 1 1
   1218   13    5    2 1 1 1
   1219   13    5    3 1 1 1
   1220   13    5    4 1 1 1
   1221   13    6    1 1 1 1
   1222   13    6    2 1 1 1
   1223   13    6    3 1 1 1
   1224   13    6    4 1 1 1
   1225   13    7    1 1 1 1
   1226   13    7    2 1 1 1
   1227   13    7    3 1 1 1
   1228   13    7    4 1 1 1
   1229   13    8    1 1 1 1
   1230   13    8    2 1 1 1
   1231   13    8    3 1 1 1
   1232   13    8    4 1 1 1
   1233   13    9    1 1 1 1
   1234   13    9    2 1 1 1
   1235   13    9    3 1 1 1
   1236   13    9    4 1 1 1
   1237   13   10    1 1 1 1
   1238   13   10    2 1 1 1
   1239   13   10    3 1 1 1
   1240   13   10    4 1 1 1
   1241   13   11    1 1 1 1
   1242   13   11    2 1 1 1
   1243   13   11    3 1 1 1
   1244   13   11    4 1 1 1
   1245   13   12    1 1 1 1
   1246   13   12    2 1 1 1
   1247   13   12    3 1 1 1
   1248   13   12    4 1 1 1
   1249   13   13    1 1 1 1
   1250   13   13    2 1 1 1
   1251   13   13    3 1 1 1
   1252   13   13    4 1 1 1
   1253   13   14    1 1 1 1
   1254   13   14    2 1 1 1
   1255   13   14    3 1 1 1
   1256   13   14    4 1 1 1
   1257   13   15    1 1 1 1
   1258   13   15    2 1 1 1
   1259   13   15    3 1 1 1
   1260   13   15    4 1 1 1
   1261   13   16    1 1 1 1
   1262   13   16    2 1 1 1
   1263   13   16    3 1 1 1
   1264   13   16    4 1 1 1
   1265   13   17    1 1 1 1
   1266   13   17    2 1 1 1
   1267   13   17    3 1 1 1
   1268   13   17    4 1 1 1
   1269   13   18    1 1 1 1
   1270   13   18    2 1 1 1
   1271   13   18    3 1 1 1
   1272   13   18    4 1 1 1
   1273   13   19    1 1 1 1
   1274   13   19    2 1 1 1
   1275   13   19    3 1 1 1
   1276   13   19    4 1 1 1
   1277   13   20    1 1 1 1
   1278   13   20    2 1 1 1
   1279   13   20    3 1 1 1
   1280   13   20    4 1 1 1
   1281   13   21    1 1 1 1
   1282   13   21    2 1 1 1
   1283   13   21    3 1 1 1
   1284   13   21    4 1 1 1
   1285   13   22    1 1 1 1
   1286   13   22    2 1 1 1
   1287   13   22    3 1 1 1
   1288   13   22    4 1 1 1
   1289   13   23    1 1 1 1
   1290   13   23    2 1 1 1
   1291   13   23    3 1 1 1
   1292   13   23    4 1 1 1
   1293   13   24    1 1 1 1
   1294   13   24    2 1 1 1
   1295   13   24    3 1 1 1
   1296   13   24    4 1 1 1
   1297   13   25    1 1 1 1
   1298   13   25    2 1 1 1
   1299   13   25    3 1 1 1
   1300   13   25    4 1 1 1
   1301   14    1    1 1 1 1
   1302   14    1    2 1 1 1
   1303   14    1    3 1 1 1
   1304   14    1    4 1 1 1
   1305   14    2    1 1 1 1
   1306   14    2    2 1 1 1
   1307   14    2    3 1 1 1
   1308   14    2    4 1 1 1
   1309   14    3    1 1 1 1
   1310   14    3    2 1 1 1
   1311   14    3    3 1 1 1
   1312   14    3    4 1 1 1
   1313   14    4    1 1 1 1
   1314   14    4    2 1 1 1
   1315   14    4    3 1 1 1
   1316   14    4    4 1 1 1
   1317   14    5    1 1 1 1
   1318   14    5    2 1 1 1
   1319   14    5    3 1 1 1
   1320   14    5    4 1 1 1
   1321   14    6    1 1 1 1
   1322   14    6    2 1 1 1
   1323   14    6    3 1 1 1
   1324   14    6    4 1 1 1
   1325   14    7    1 1 1 1
   1326   14    7    2 1 1 1
   1327   14    7    3 1 1 1
   1328   14    7    4 1 1 1
   1329   14    8    1 1 1 1
   1330   14    8    2 1 1 1
   1331   14    8    3 1 1 1
   1332   14    8    4 1 1 1
   1333   14    9    1 1 1 1
   1334   14    9    2 1 1 1
   1335   14    9    3 1 1 1
   1336   14    9    4 1 1 1
   1337   14   10    1 1 1 1
   1338   14   10    2 1 1 1
   1339   14   10    3 1 1 1
   1340   14   10    4 1 1 1
   1341   14   11    1 1 1 1
   1342   14   11    2 1 1 1
   1343   14   11    3 1 1 1
   1344   14   11    4 1 1 1
   1345   14   12    1 1 1 1
   1346   14   12    2 1 1 1
   1347   14   12    3 1 1 1
   1348   14   12    4 1 1 1
   1349   14   13    1 1 1 1
   1350   14   13    2 1 1 1
   1351   14   13    3 1 1 1
   1352   14   13    4 1 1 1
   1353   14   14    1 1 1 1
   1354   14   14    2 1 1 1
   1355   14   14    3 1 1 1
   1356   14   14    4 1 1 1
   1357   14   15    1 1 1 1
   1358   14   15    2 1 1 1
   1359   14   15    3 1 1 1
   1360   14   15    4 1 1 1
   1361   14   16    1 1 1 1
   1362   14   16    2 1 1 1
   1363   14   16    3 1 1 1
   1364   14   16    4 1 1 1
   1365   14   17    1 1 1 1
   1366   14   17    2 1 1 1
   1367   14   17    3 1 1 1
   1368   14   17    4 1 1 1
   1369   14   18    1 1 1 1
   1370   14   18    2 1 1 1
   1371   14   18    3 1 1 1
   1372   14   18    4 1 1 1
   1373   14   19    1 1 1 1
   1374   14   19    2 1 1 1
   1375   14   19    3 1 1 1
   1376   14   19    4 1 1 1
   1377   14   20    1 1 1 1
   1378   14   20    2 1 1 1
   1379   14   20    3 1 1 1
   1380   14   20    4 1 1 1
   1381   14   21    1 1 1 1
   1382   14   21    2 1 1 1
   1383   14   21    3 1 1 1
   1384   14   21    4 1 1 1
   1385   14   22    1 1 1 1
   1386   14   22    2 1 1 1
   1387   14   22    3 1 1 1
   1388   14   22    4 1 1 1
   1389   14   23    1 1 1 1
   1390   14   23    2 1 1 1
   1391   14   23    3 1 1 1
   1392   14   23    4 1 1 1
   1393   14   24    1 1 1 1
   1394   14   24    2 1 1 1
   1395   14   24    3 1 1 1
   1396   14   24    4 1 1 1
   1397   14   25    1 1 1 1
   1398   14   25    2 1 1 1
   1399   14   25    3 1 1 1
   1400   14   25    4 1 1 1
   1401   15    1    1 1 1 1
   1402   15    1    2 1 1 1
   1403   15    1    3 1 1 1
   1404   15    1    4 1 1 1
   1405   15    2    1 1 1 1
   1406   15    2    2 1 1 1
   1407   15    2    3 1 1 1
   1408   15    2    4 1 1 1
   1409   15    3    1 1 1 1
   1410   15    3    2 1 1 1
   1411   15    3    3 1 1 1
   1412   15    3    4 1 1 1
   1413   15    4    1 1 1 1
   1414   15    4    2 1 1 1
   1415   15    4    3 1 1 1
   1416   15    4    4 1 1 1
   1417   15    5    1 1 1 1
   1418   15    5    2 1 1 1
   1419   15    5    3 1 1 1
   1420   15    5    4 1 1 1
   1421   15    6    1 1 1 1
   1422   15    6    2 1 1 1
   1423   15    6    3 1 1 1
   1424   15    6    4 1 1 1
   1425   15    7    1 1 1 1
   1426   15    7    2 1 1 1
   1427   15    7    3 1 1 1
   1428   15    7    4 1 1 1
   1429   15    8    1 1 1 1
   1430   15    8    2 1 1 1
   1431   15    8    3 1 1 1
   1432   15    8    4 1 1 1
   1433   15    9    1 1 1 1
   1434   15    9    2 1 1 1
   1435   15    9    3 1 1 1
   1436   15    9    4 1 1 1
   1437   15   10    1 1 1 1
   1438   15   10    2 1 1 1
   1439   15   10    3 1 1 1
   1440   15   10    4 1 1 1
   1441   15   11    1 1 1 1
   1442   15   11    2 1 1 1
   1443   15   11    3 1 1 1
   1444   15   11    4 1 1 1
   1445   15   12    1 1 1 1
   1446   15   12    2 1 1 1
   1447   15   12    3 1 1 1
   1448   15   12    4 1 1 1
   1449   15   13    1 1 1 1
   1450   15   13    2 1 1 1
   1451   15   13    3 1 1 1
   1452   15   13    4 1 1 1
   1453   15   14    1 1 1 1
   1454   15   14    2 1 1 1
   1455   15   14    3 1 1 1
   1456   15   14    4 1 1 1
   1457   15   15    1 1 1 1
   1458   15   15    2 1 1 1
   1459   15   15    3 1 1 1
   1460   15   15    4 1 1 1
   1461   15   16    1 1 1 1
   1462   15   16    2 1 1 1
   1463   15   16    3 1 1 1
   1464   15   16    4 1 1 1
   1465   15   17    1 1 1 1
   1466   15   17    2 1 1 1
   1467   15   17    3 1 1 1
   1468   15   17    4 1 1 1
   1469   15   18    1 1 1 1
   1470   15   18    2 1 1 1
   1471   15   18    3 1 1 1
   1472   15   18    4 1 1 1
   1473   15   19    1 1 1 1
   1474   15   19    2 1 1 1
   1475   15   19    3 1 1 1
   1476   15   19    4 1 1 1
   1477   15   20    1 1 1 1
   1478   15   20    2 1 1 1
   1479   15   20    3 1 1 1
   1480   15   20    4 1 1 1
   1481   15   21    1 1 1 1
   1482   15   21    2 1 1 1
   1483   15   21    3 1 1 1
   1484   15   21    4 1 1 1
   1485   15   22    1 1 1 1
   1486   15   22    2 1 1 1
   1487   15   22    3 1 1 1
   1488   15   22    4 1 1 1
   1489   15   23    1 1 1 1
   1490   15   23    2 1 1 1
   1491   15   23    3 1 1 1
   1492   15   23    4 1 1 1
   1493   15   24    1 1 1 1
   1494   15   24    2 1 1 1
   1495   15   24    3 1 1 1
   1496   15   24    4 1 1 1
   1497   15   25    1 1 1 1
   1498   15   25    2 1 1 1
   1499   15   25    3 1 1 1
   1500   15   25    4 1 1 1
   1501   16    1    1 1 1 1
   1502   16    1    2 1 1 1
   1503   16    1    3 1 1 1
   1504   16    1    4 1 1 1
   1505   16    2    1 1 1 1
   1506   16    2    2 1 1 1
   1507   16    2    3 1 1 1
   1508   16    2    4 1 1 1
   1509   16    3    1 1 1 1
   1510   16    3    2 1 1 1
   1511   16    3    3 1 1 1
   1512   16    3    4 1 1 1
   1513   16    4    1 1 1 1
   1514   16    4    2 1 1 1
   1515   16    4    3 1 1 1
   1516   16    4    4 1 1 1
   1517   16    5    1 1 1 1
   1518   16    5    2 1 1 1
   1519   16    5    3 1 1 1
   1520   16    5    4 1 1 1
   1521   16    6    1 1 1 1
   1522   16    6    2 1 1 1
   1523   16    6    3 1 1 1
   1524   16    6    4 1 1 1
   1525   16    7    1 1 1 1
   1526   16    7    2 1 1 1
   1527   16    7    3 1 1 1
   1528   16    7    4 1 1 1
   1529   16    8    1 1 1 1
   1530   16    8    2 1 1 1
   1531   16    8    3 1 1 1
   1532   16    8    4 1 1 1
   1533   16    9    1 1 1 1
   1534   16    9    2 1 1 1
   1535   16    9    3 1 1 1
   1536   16    9    4 1 1 1
   1537   16   10    1 1 1 1
   1538   16   10    2 1 1 1
   1539   16   10    3 1 1 1
   1540   16   10    4 1 1 1
   1541   16   11    1 1 1 1
   1542   16   11    2 1 1 1
   1543   16   11    3 1 1 1
   1544   16   11    4 1 1 1
   1545   16   12    1 1 1 1
   1546   16   12    2 1 1 1
   1547   16   12    3 1 1 1
   1548   16   12    4 1 1 1
   1549   16   13    1 1 1 1
   1550   16   13    2 1 1 1
   1551   16   13    3 1 1 1
   1552   16   13    4 1 1 1
   1553   16   14    1 1 1 1
   1554   16   14    2 1 1 1
   1555   16   14    3 1 1 1
   1556   16   14    4 1 1 1
   1557   16   15    1 1 1 1
   1558   16   15    2 1 1 1
   1559   16   15    3 1 1 1
   1560   16   15    4 1 1 1
   1561   16   16    1 1 1 1
   1562   16   16    2 1 1 1
   1563   16   16    3 1 1 1
   1564   16   16    4 1 1 1
   1565   16   17    1 1 1 1
   1566   16   17    2 1 1 1
   1567   16   17    3 1 1 1
   1568   16   17    4 1 1 1
   1569   16   18    1 1 1 1
   1570   16   18    2 1 1 1
   1571   16   18    3 1 1 1
   1572   16   18    4 1 1 1
   1573   16   19    1 1 1 1
   1574   16   19    2 1 1 1
   1575   16   19    3 1 1 1
   1576   16   19    4 1 1 1
   1577   16   20    1 1 1 1
   1578   16   20    2 1 1 1
   1579   16   20    3 1 1 1
   1580   16   20    4 1 1 1
   1581   16   21    1 1 1 1
   1582   16   21    2 1 1 1
   1583   16   21    3 1 1 1
   1584   16   21    4 1 1 1
   1585   16   22    1 1 1 1
   1586   16   22    2 1 1 1
   1587   16   22    3 1 1 1
   1588   16   22    4 1 1 1
   1589   16   23    1 1 1 1
   1590   16   23    2 1 1 1
   1591   16   23    3 1 1 1
   1592   16   23    4 1 1 1
   1593   16   24    1 1 1 1
   1594   16   24    2 1 1 1
   1595   16   24    3 1 1 1
   1596   16   24    4 1 1 1
   1597   16   25    1 1 1 1
   1598   16   25    2 1 1 1
   1599   16   25    3 1 1 1
   1600   16   25    4 1 1 1
   1601   17    1    1 1 1 1
   1602   17    1    2 1 1 1
   1603   17    1    3 1 1 1
   1604   17    1    4 1 1 1
   1605   17    2    1 1 1 1
   1606   17    2    2 1 1 1
   1607   17    2    3 1 1 1
   1608   17    2    4 1 1 1
   1609   17    3    1 1 1 1
   1610   17    3    2 1 1 1
   1611   17    3    3 1 1 1
   1612   17    3    4 1 1 1
   1613   17    4    1 1 1 1
   1614   17    4    2 1 1 1
   1615   17    4    3 1 1 1
   1616   17    4    4 1 1 1
   1617   17    5    1 1 1 1
   1618   17    5    2 1 1 1
   1619   17    5    3 1 1 1
   1620   17    5    4 1 1 1
   1621   17    6    1 1 1 1
   1622   17    6    2 1 1 1
   1623   17    6    3 1 1 1
   1624   17    6    4 1 1 1
   1625   17    7    1 1 1 1
   1626   17    7    2 1 1 1
   1627   17    7    3 1 1 1
   1628   17    7    4 1 1 1
   1629   17    8    1 1 1 1
   1630   17    8    2 1 1 1
   1631   17    8    3 1 1 1
   1632   17    8    4 1 1 1
   1633   17    9    1 1 1 1
   1634   17    9    2 1 1 1
   1635   17    9    3 1 1 1
   1636   17    9    4 1 1 1
   1637   17   10    1 1 1 1
   1638   17   10    2 1 1 1
   1639   17   10    3 1 1 1
   1640   17   10    4 1 1 1
   1641   17   11    1 1 1 1
   1642   17   11    2 1 1 1
   1643   17   11    3 1 1 1
   1644   17   11    4 1 1 1
   1645   17   12    1 1 1 1
   1646   17   12    2 1 1 1
   1647   17   12    3 1 1 1
   1648   17   12    4 1 1 1
   1649   17   13    1 1 1 1
   1650   17   13    2 1 1 1
   1651   17   13    3 1 1 1
   1652   17   13    4 1 1 1
   1653   17   14    1 1 1 1
   1654   17   14    2 1 1 1
   1655   17   14    3 1 1 1
   1656   17   14    4 1 1 1
   1657   17   15    1 1 1 1
   1658   17   15    2 1 1 1
   1659   17   15    3 1 1 1
   1660   17   15    4 1 1 1
   1661   17   16    1 1 1 1
   1662   17   16    2 1 1 1
   1663   17   16    3 1 1 1
   1664   17   16    4 1 1 1
   1665   17   17    1 1 1 1
   1666   17   17    2 1 1 1
   1667   17   17    3 1 1 1
   1668   17   17    4 1 1 1
   1669   17   18    1 1 1 1
   1670   17   18    2 1 1 1
   1671   17   18    3 1 1 1
   1672   17   18    4 1 1 1
   1673   17   19    1 1 1 1
   1674   17   19    2 1 1 1
   1675   17   19    3 1 1 1
   1676   17   19    4 1 1 1
   1677   17   20    1 1 1 1
   1678   17   20    2 1 1 1
   1679   17   20    3 1 1 1
   1680   17   20    4 1 1 1
   1681   17   21    1 1 1 1
   1682   17   21    2 1 1 1
   1683   17   21    3 1 1 1
   1684   17   21    4 1 1 1
   1685   17   22    1 1 1 1
   1686   17   22    2 1 1 1
   1687   17   22    3 1 1 1
   1688   17   22    4 1 1 1
   1689   17   23    1 1 1 1
   1690   17   23    2 1 1 1
   1691   17   23    3 1 1 1
   1692   17   23    4 1 1 1
   1693   17   24    1 1 1 1
   1694   17   24    2 1 1 1
   1695   17   24    3 1 1 1
   1696   17   24    4 1 1 1
   1697   17   25    1 1 1 1
   1698   17   25    2 1 1 1
   1699   17   25    3 1 1 1
   1700   17   25    4 1 1 1
   1701   18    1    1 1 1 1
   1702   18    1    2 1 1 1
   1703   18    1    3 1 1 1
   1704   18    1    4 1 1 1
   1705   18    2    1 1 1 1
   1706   18    2    2 1 1 1
   1707   18    2    3 1 1 1
   1708   18    2    4 1 1 1
   1709   18    3    1 1 1 1
   1710   18    3    2 1 1 1
   1711   18    3    3 1 1 1
   1712   18    3    4 1 1 1
   1713   18    4    1 1 1 1
   1714   18    4    2 1 1 1
   1715   18    4    3 1 1 1
   1716   18    4    4 1 1 1
   1717   18    5    1 1 1 1
   1718   18    5    2 1 1 1
   1719   18    5    3 1 1 1
   1720   18    5    4 1 1 1
   1721   18    6    1 1 1 1
   1722   18    6    2 1 1 1
   1723   18    6    3 1 1 1
   1724   18    6    4 1 1 1
   1725   18    7    1 1 1 1
   1726   18    7    2 1 1 1
   1727   18    7    3 1 1 1
   1728   18    7    4 1 1 1
   1729   18    8    1 1 1 1
   1730   18    8    2 1 1 1
   1731   18    8    3 1 1 1
   1732   18    8    4 1 1 1
   1733   18    9    1 1 1 1
   1734   18    9    2 1 1 1
   1735   18    9    3 1 1 1
   1736   18    9    4 1 1 1
   1737   18   10    1 1 1 1
   1738   18   10    2 1 1 1
   1739   18   10    3 1 1 1
   1740   18   10    4 1 1 1
   1741   18   11    1 1 1 1
   1742   18   11    2 1 1 1
   1743   18   11    3 1 1 1
   1744   18   11    4 1 1 1
   1745   18   12    1 1 1 1
   1746   18   12    2 1 1 1
   1747   18   12    3 1 1 1
   1748   18   12    4 1 1 1
   1749   18   13    1 1 1 1
   1750   18   13    2 1 1 1
   1751   18   13    3 1 1 1
   1752   18   13    4 1 1 1
   1753   18   14    1 1 1 1
   1754   18   14    2 1 1 1
   1755   18   14    3 1 1 1
   1756   18   14    4 1 1 1
   1757   18   15    1 1 1 1
   1758   18   15    2 1 1 1
   1759   18   15    3 1 1 1
   1760   18   15    4 1 1 1
   1761   18   16    1 1 1 1
   1762   18   16    2 1 1 1
   1763   18   16    3 1 1 1
   1764   18   16    4 1 1 1
   1765   18   17    1 1 1 1
   1766   18   17    2 1 1 1
   1767   18   17    3 1 1 1
   1768   18   17    4 1 1 1
   1769   18   18    1 1 1 1
   1770   18   18    2 1 1 1
   1771   18   18    3 1 1 1
   1772   18   18    4 1 1 1
   1773   18   19    1 1 1 1
   1774   18   19    2 1 1 1
   1775   18   19    3 1 1 1
   1776   18   19    4 1 1 1
   1777   18   20    1 1 1 1
   1778   18   20    2 1 1 1
   1779   18   20    3 1 1 1
   1780   18   20    4 1 1 1
   1781   18   21    1 1 1 1
   1782   18   21    2 1 1 1
   1783   18   21    3 1 1 1
   1784   18   21    4 1 1 1
   1785   18   22    1 1 1 1
   1786   18   22    2 1 1 1
   1787   18   22    3 1 1 1
   1788   18   22    4 1 1 1
   1789   18   23    1 1 1 1
   1790   18   23    2 1 1 1
   1791   18   23    3 1 1 1
   1792   18   23    4 1 1 1
   1793   18   24    1 1 1 1
   1794   18   24    2 1 1 1
   1795   18   24    3 1 1 1
   1796   18   24    4 1 1 1
   1797   18   25    1 1 1 1
   1798   18   25    2 1 1 1
   1799   18   25    3 1 1 1
   1800   18   25    4 1 1 1
   1801   19    1    1 1 1 1
   1802   19    1    2 1 1 1
   1803   19    1    3 1 1 1
   1804   19    1    4 1 1 1
   1805   19    2    1 1 1 1
   1806   19    2    2 1 1 1
   1807   19    2    3 1 1 1
   1808   19    2    4 1 1 1
   1809   19    3    1 1 1 1
   1810   19    3    2 1 1 1
   1811   19    3    3 1 1 1
   1812   19    3    4 1 1 1
   1813   19    4    1 1 1 1
   1814   19    4    2 1 1 1
   1815   19    4    3 1 1 1
   1816   19    4    4 1 1 1
   1817   19    5    1 1 1 1
   1818   19    5    2 1 1 1
   1819   19    5    3 1 1 1
   1820   19    5    4 1 1 1
   1821   19    6    1 1 1 1
   1822   19    6    2 1 1 1
   1823   19    6    3 1 1 1
   1824   19    6    4 1 1 1
   1825   19    7    1 1 1 1
   1826   19    7    2 1 1 1
   1827   19    7    3 1 1 1
   1828   19    7    4 1 1 1
   1829   19    8    1 1 1 1
   1830   19    8    2 1 1 1
   1831   19    8    3 1 1 1
   1832   19    8    4 1 1 1
   1833   19    9    1 1 1 1
   1834   19    9    2 1 1 1
   1835   19    9    3 1 1 1
   1836   19    9    4 1 1 1
   1837   19   10    1 1 1 1
   1838   19   10    2 1 1 1
   1839   19   10    3 1 1 1
   1840   19   10    4 1 1 1
   1841   19   11    1 1 1 1
   1842   19   11    2 1 1 1
   1843   19   11    3 1 1 1
   1844   19   11    4 1 1 1
   1845   19   12    1 1 1 1
   1846   19   12    2 1 1 1
   1847   19   12    3 1 1 1
   1848   19   12    4 1 1 1
   1849   19   13    1 1 1 1
   1850   19   13    2 1 1 1
   1851   19   13    3 1 1 1
   1852   19   13    4 1 1 1
   1853   19   14    1 1 1 1
   1854   19   14    2 1 1 1
   1855   19   14    3 1 1 1
   1856   19   14    4 1 1 1
   1857   19   15    1 1 1 1
   1858   19   15    2 1 1 1
   1859   19   15    3 1 1 1
   1860   19   15    4 1 1 1
   1861   19   16    1 1 1 1
   1862   19   16    2 1 1 1
   1863   19   16    3 1 1 1
   1864   19   16    4 1 1 1
   1865   19   17    1 1 1 1
   1866   19   17    2 1 1 1
   1867   19   17    3 1 1 1
   1868   19   17    4 1 1 1
   1869   19   18    1 1 1 1
   1870   19   18    2 1 1 1
   1871   19   18    3 1 1 1
   1872   19   18    4 1 1 1
   1873   19   19    1 1 1 1
   1874   19   19    2 1 1 1
   1875   19   19    3 1 1 1
   1876   19   19    4 1 1 1
   1877   19   20    1 1 1 1
   1878   19   20    2 1 1 1
   1879   19   20    3 1 1 1
   1880   19   20    4 1 1 1
   1881   19   21    1 1 1 1
   1882   19   21    2 1 1 1
   1883   19   21    3 1 1 1
   1884   19   21    4 1 1 1
   1885   19   22    1 1 1 1
   1886   19   22    2 1 1 1
   1887   19   22    3 1 1 1
   1888   19   22    4 1 1 1
   1889   19   23    1 1 1 1
   1890   19   23    2 1 1 1
   1891   19   23    3 1 1 1
   1892   19   23    4 1 1 1
   1893   19   24    1 1 1 1
   1894   19   24    2 1 1 1
   1895   19   24    3 1 1 1
   1896   19   24    4 1 1 1
   1897   19   25    1 1 1 1
   1898   19   25    2 1 1 1
   1899   19   25    3 1 1 1
   1900   19   25    4 1 1 1
   1901   20    1    1 1 1 1
   1902   20    1    2 1 1 1
   1903   20    1    3 1 1 1
   1904   20    1    4 1 1 1
   1905   20    2    1 1 1 1
   1906   20    2    2 1 1 1
   1907   20    2    3 1 1 1
   1908   20    2    4 1 1 1
   1909   20    3    1 1 1 1
   1910   20    3    2 1 1 1
   1911   20    3    3 1 1 1
   1912   20    3    4 1 1 1
   1913   20    4    1 1 1 1
   1914   20    4    2 1 1 1
   1915   20    4    3 1 1 1
   1916   20    4    4 1 1 1
   1917   20    5    1 1 1 1
   1918   20    5    2 1 1 1
   1919   20    5    3 1 1 1
   1920   20    5    4 1 1 1
   1921   20    6    1 1 1 1
   1922   20    6    2 1 1 1
   1923   20    6    3 1 1 1
   1924   20    6    4 1 1 1
   1925   20    7    1 1 1 1
   1926   20    7    2 1 1 1
   1927   20    7    3 1 1 1
   1928   20    7    4 1 1 1
   1929   20    8    1 1 1 1
   1930   20    8    2 1 1 1
   1931   20    8    3 1 1 1
   1932   20    8    4 1 1 1
   1933   20    9    1 1 1 1
   1934   20    9    2 1 1 1
   1935   20    9    3 1 1 1
   1936   20    9    4 1 1 1
   1937   20   10    1 1 1 1
   1938   20   10    2 1 1 1
   1939   20   10    3 1 1 1
   1940   20   10    4 1 1 1
   1941   20   11    1 1 1 1
   1942   20   11    2 1 1 1
   1943   20   11    3 1 1 1
   1944   20   11    4 1 1 1
   1945   20   12    1 1 1 1
   1946   20   12    2 1 1 1
   1947   20   12    3 1 1 1
   1948   20   12    4 1 1 1
   1949   20   13    1 1 1 1
   1950   20   13    2 1 1 1
   1951   20   13    3 1 1 1
   1952   20   13    4 1 1 1
   1953   20   14    1 1 1 1
   1954   20   14    2 1 1 1
   1955   20   14    3 1 1 1
   1956   20   14    4 1 1 1
   1957   20   15    1 1 1 1
   1958   20   15    2 1 1 1
   1959   20   15    3 1 1 1
   1960   20   15    4 1 1 1
   1961   20   16    1 1 1 1
   1962   20   16    2 1 1 1
   1963   20   16    3 1 1 1
   1964   20   16    4 1 1 1
   1965   20   17    1 1 1 1
   1966   20   17    2 1 1 1
   1967   20   17    3 1 1 1
   1968   20   17    4 1 1 1
   1969   20   18    1 1 1 1
   1970   20   18    2 1 1 1
   1971   20   18    3 1 1 1
   1972   20   18    4 1 1 1
   1973   20   19    1 1 1 1
   1974   20   19    2 1 1 1
   1975   20   19    3 1 1 1
   1976   20   19    4 1 1 1
   1977   20   20    1 1 1 1
   1978   20   20    2 1 1 1
   1979   20   20    3 1 1 1
   1980   20   20    4 1 1 1
   1981   20   21    1 1 1 1
   1982   20   21    2 1 1 1
   1983   20   21    3 1 1 1
   1984   20   21    4 1 1 1
   1985   20   22    1 1 1 1
   1986   20   22    2 1 1 1
   1987   20   22    3 1 1 1
   1988   20   22    4 1 1 1
   1989   20   23    1 1 1 1
   1990   20   23    2 1 1 1
   1991   20   23    3 1 1 1
   1992   20   23    4 1 1 1
   1993   20   24    1 1 1 1
   1994   20   24    2 1 1 1
   1995   20   24    3 1 1 1
   1996   20   24    4 1 1 1
   1997   20   25    1 1 1 1
   1998   20   25    2 1 1 1
   1999   20   25    3 1 1 1
   2000   20   25    4 1 1 1
   2001   21    1    1 1 1 1
   2002   21    1    2 1 1 1
   2003   21    1    3 1 1 1
   2004   21    1    4 1 1 1
   2005   21    2    1 1 1 1
   2006   21    2    2 1 1 1
   2007   21    2    3 1 1 1
   2008   21    2    4 1 1 1
   2009   21    3    1 1 1 1
   2010   21    3    2 1 1 1
   2011   21    3    3 1 1 1
   2012   21    3    4 1 1 1
   2013   21    4    1 1 1 1
   2014   21    4    2 1 1 1
   2015   21    4    3 1 1 1
   2016   21    4    4 1 1 1
   2017   21    5    1 1 1 1
   2018   21    5    2 1 1 1
   2019   21    5    3 1 1 1
   2020   21    5    4 1 1 1
   2021   21    6    1 1 1 1
   2022   21    6    2 1 1 1
   2023   21    6    3 1 1 1
   2024   21    6    4 1 1 1
   2025   21    7    1 1 1 1
   2026   21    7    2 1 1 1
   2027   21    7    3 1 1 1
   2028   21    7    4 1 1 1
   2029   21    8    1 1 1 1
   2030   21    8    2 1 1 1
   2031   21    8    3 1 1 1
   2032   21    8    4 1 1 1
   2033   21    9    1 1 1 1
   2034   21    9    2 1 1 1
   2035   21    9    3 1 1 1
   2036   21    9    4 1 1 1
   2037   21   10    1 1 1 1
   2038   21   10    2 1 1 1
   2039   21   10    3 1 1 1
   2040   21   10    4 1 1 1
   2041   21   11    1 1 1 1
   2042   21   11    2 1 1 1
   2043   21   11    3 1 1 1
   2044   21   11    4 1 1 1
   2045   21   12    1 1 1 1
   2046   21   12    2 1 1 1
   2047   21   12    3 1 1 1
   2048   21   12    4 1 1 1
   2049   21   13    1 1 1 1
   2050   21   13    2 1 1 1
   2051   21   13    3 1 1 1
   2052   21   13    4 1 1 1
   2053   21   14    1 1 1 1
   2054   21   14    2 1 1 1
   2055   21   14    3 1 1 1
   2056   21   14    4 1 1 1
   2057   21   15    1 1 1 1
   2058   21   15    2 1 1 1
   2059   21   15    3 1 1 1
   2060   21   15    4 1 1 1
   2061   21   16    1 1 1 1
   2062   21   16    2 1 1 1
   2063   21   16    3 1 1 1
   2064   21   16    4 1 1 1
   2065   21   17    1 1 1 1
   2066   21   17    2 1 1 1
   2067   21   17    3 1 1 1
   2068   21   17    4 1 1 1
   2069   21   18    1 1 1 1
   2070   21   18    2 1 1 1
   2071   21   18    3 1 1 1
   2072   21   18    4 1 1 1
   2073   21   19    1 1 1 1
   2074   21   19    2 1 1 1
   2075   21   19    3 1 1 1
   2076   21   19    4 1 1 1
   2077   21   20    1 1 1 1
   2078   21   20    2 1 1 1
   2079   21   20    3 1 1 1
   2080   21   20    4 1 1 1
   2081   21   21    1 1 1 1
   2082   21   21    2 1 1 1
   2083   21   21    3 1 1 1
   2084   21   21    4 1 1 1
   2085   21   22    1 1 1 1
   2086   21   22    2 1 1 1
   2087   21   22    3 1 1 1
   2088   21   22    4 1 1 1
   2089   21   23    1 1 1 1
   2090   21   23    2 1 1 1
   2091   21   23    3 1 1 1
   2092   21   23    4 1 1 1
   2093   21   24    1 1 1 1
   2094   21   24    2 1 1 1
   2095   21   24    3 1 1 1
   2096   21   24    4 1 1 1
   2097   21   25    1 1 1 1
   2098   21   25    2 1 1 1
   2099   21   25    3 1 1 1
   2100   21   25    4 1 1 1
   2101   22    1    1 1 1 1
   2102   22    1    2 1 1 1
   2103   22    1    3 1 1 1
   2104   22    1    4 1 1 1
   2105   22    2    1 1 1 1
   2106   22    2    2 1 1 1
   2107   22    2    3 1 1 1
   2108   22    2    4 1 1 1
   2109   22    3    1 1 1 1
   2110   22    3    2 1 1 1
   2111   22    3    3 1 1 1
   2112   22    3    4 1 1 1
   2113   22    4    1 1 1 1
   2114   22    4    2 1 1 1
   2115   22    4    3 1 1 1
   2116   22    4    4 1 1 1
   2117   22    5    1 1 1 1
   2118   22    5    2 1 1 1
   2119   22    5    3 1 1 1
   2120   22    5    4 1 1 1
   2121   22    6    1 1 1 1
   2122   22    6    2 1 1 1
   2123   22    6    3 1 1 1
   2124   22    6    4 1 1 1
   2125   22    7    1 1 1 1
   2126   22    7    2 1 1 1
   2127   22    7    3 1 1 1
   2128   22    7    4 1 1 1
   2129   22    8    1 1 1 1
   2130   22    8    2 1 1 1
   2131   22    8    3 1 1 1
   2132   22    8    4 1 1 1
   2133   22    9    1 1 1 1
   2134   22    9    2 1 1 1
   2135   22    9    3 1 1 1
   2136   22    9    4 1 1 1
   2137   22   10    1 1 1 1
   2138   22   10    2 1 1 1
   2139   22   10    3 1 1 1
   2140   22   10    4 1 1 1
   2141   22   11    1 1 1 1
   2142   22   11    2 1 1 1
   2143   22   11    3 1 1 1
   2144   22   11    4 1 1 1
   2145   22   12    1 1 1 1
   2146   22   12    2 1 1 1
   2147   22   12    3 1 1 1
   2148   22   12    4 1 1 1
   2149   22   13    1 1 1 1
   2150   22   13    2 1 1 1
   2151   22   13    3 1 1 1
   2152   22   13    4 1 1 1
   2153   22   14    1 1 1 1
   2154   22   14    2 1 1 1
   2155   22   14    3 1 1 1
   2156   22   14    4 1 1 1
   2157   22   15    1 1 1 1
   2158   22   15    2 1 1 1
   2159   22   15    3 1 1 1
   2160   22   15    4 1 1 1
   2161   22   16    1 1 1 1
   2162   22   16    2 1 1 1
   2163   22   16    3 1 1 1
   2164   22   16    4 1 1 1
   2165   22   17    1 1 1 1
   2166   22   17    2 1 1 1
   2167   22   17    3 1 1 1
   2168   22   17    4 1 1 1
   2169   22   18    1 1 1 1
   2170   22   18    2 1 1 1
   2171   22   18    3 1 1 1
   2172   22   18    4 1 1 1
   2173   22   19    1 1 1 1
   2174   22   19    2 1 1 1
   2175   22   19    3 1 1 1
   2176   22   19    4 1 1 1
   2177   22   20    1 1 1 1
   2178   22   20    2 1 1 1
   2179   22   20    3 1 1 1
   2180   22   20    4 1 1 1
   2181   22   21    1 1 1 1
   2182   22   21    2 1 1 1
   2183   22   21    3 1 1 1
   2184   22   21    4 1 1 1
   2185   22   22    1 1 1 1
   2186   22   22    2 1 1 1
   2187   22   22    3 1 1 1
   2188   22   22    4 1 1 1
   2189   22   23    1 1 1 1
   2190   22   23    2 1 1 1
   2191   22   23    3 1 1 1
   2192   22   23    4 1 1 1
   2193   22   24    1 1 1 1
   2194   22   24    2 1 1 1
   2195   22   24    3 1 1 1
   2196   22   24    4 1 1 1
   2197   22   25    1 1 1 1
   2198   22   25    2 1 1 1
   2199   22   25    3 1 1 1
   2200   22   25    4 1 1 1
   2201   23    1    1 1 1 1
   2202   23    1    2 1 1 1
   2203   23    1    3 1 1 1
   2204   23    1    4 1 1 1
   2205   23    2    1 1 1 1
   2206   23    2    2 1 1 1
   2207   23    2    3 1 1 1
   2208   23    2    4 1 1 1
   2209   23    3    1 1 1 1
   2210   23    3    2 1 1 1
   2211   23    3    3 1 1 1
   2212   23    3    4 1 1 1
   2213   23    4    1 1 1 1
   2214   23    4    2 1 1 1
   2215   23    4    3 1 1 1
   2216   23    4    4 1 1 1
   2217   23    5    1 1 1 1
   2218   23    5    2 1 1 1
   2219   23    5    3 1 1 1
   2220   23    5    4 1 1 1
   2221   23    6    1 1 1 1
   2222   23    6    2 1 1 1
   2223   23    6    3 1 1 1
   2224   23    6    4 1 1 1
   2225   23    7    1 1 1 1
   2226   23    7    2 1 1 1
   2227   23    7    3 1 1 1
   2228   23    7    4 1 1 1
   2229   23    8    1 1 1 1
   2230   23    8    2 1 1 1
   2231   23    8    3 1 1 1
   2232   23    8    4 1 1 1
   2233   23    9    1 1 1 1
   2234   23    9    2 1 1 1
   2235   23    9    3 1 1 1
   2236   23    9    4 1 1 1
   2237   23   10    1 1 1 1
   2238   23   10    2 1 1 1
   2239   23   10    3 1 1 1
   2240   23   10    4 1 1 1
   2241   23   11    1 1 1 1
   2242   23   11    2 1 1 1
   2243   23   11    3 1 1 1
   2244   23   11    4 1 1 1
   2245   23   12    1 1 1 1
   2246   23   12    2 1 1 1
   2247   23   12    3 1 1 1
   2248   23   12    4 1 1 1
   2249   23   13    1 1 1 1
   2250   23   13    2 1 1 1
   2251   23   13    3 1 1 1
   2252   23   13    4 1 1 1
   2253   23   14    1 1 1 1
   2254   23   14    2 1 1 1
   2255   23   14    3 1 1 1
   2256   23   14    4 1 1 1
   2257   23   15    1 1 1 1
   2258   23   15    2 1 1 1
   2259   23   15    3 1 1 1
   2260   23   15    4 1 1 1
   2261   23   16    1 1 1 1
   2262   23   16    2 1 1 1
   2263   23   16    3 1 1 1
   2264   23   16    4 1 1 1
   2265   23   17    1 1 1 1
   2266   23   17    2 1 1 1
   2267   23   17    3 1 1 1
   2268   23   17    4 1 1 1
   2269   23   18    1 1 1 1
   2270   23   18    2 1 1 1
   2271   23   18    3 1 1 1
   2272   23   18    4 1 1 1
   2273   23   19    1 1 1 1
   2274   23   19    2 1 1 1
   2275   23   19    3 1 1 1
   2276   23   19    4 1 1 1
   2277   23   20    1 1 1 1
   2278   23   20    2 1 1 1
   2279   23   20    3 1 1 1
   2280   23   20    4 1 1 1
   2281   23   21    1 1 1 1
   2282   23   21    2 1 1 1
   2283   23   21    3 1 1 1
   2284   23   21    4 1 1 1
   2285   23   22    1 1 1 1
   2286   23   22    2 1 1 1
   2287   23   22    3 1 1 1
   2288   23   22    4 1 1 1
   2289   23   23    1 1 1 1
   2290   23   23    2 1 1 1
   2291   23   23    3 1 1 1
   2292   23   23    4 1 1 1
   2293   23   24    1 1 1 1
   2294   23   24    2 1 1 1
   2295   23   24    3 1 1 1
   2296   23   24    4 1 1 1
   2297   23   25    1 1 1 1
   2298   23   25    2 1 1 1
   2299   23   25    3 1 1 1
   2300   23   25    4 1 1 1
   2301   24    1    1 1 1 1
   2302   24    1    2 1 1 1
   2303   24    1    3 1 1 1
   2304   24    1    4 1 1 1
   2305   24    2    1 1 1 1
   2306   24    2    2 1 1 1
   2307   24    2    3 1 1 1
   2308   24    2    4 1 1 1
   2309   24    3    1 1 1 1
   2310   24    3    2 1 1 1
   2311   24    3    3 1 1 1
   2312   24    3    4 1 1 1
   2313   24    4    1 1 1 1
   2314   24    4    2 1 1 1
   2315   24    4    3 1 1 1
   2316   24    4    4 1 1 1
   2317   24    5    1 1 1 1
   2318   24    5    2 1 1 1
   2319   24    5    3 1 1 1
   2320   24    5    4 1 1 1
   2321   24    6    1 1 1 1
   2322   24    6    2 1 1 1
   2323   24    6    3 1 1 1
   2324   24    6    4 1 1 1
   2325   24    7    1 1 1 1
   2326   24    7    2 1 1 1
   2327   24    7    3 1 1 1
   2328   24    7    4 1 1 1
   2329   24    8    1 1 1 1
   2330   24    8    2 1 1 1
   2331   24    8    3 1 1 1
   2332   24    8    4 1 1 1
   2333   24    9    1 1 1 1
   2334   24    9    2 1 1 1
   2335   24    9    3 1 1 1
   2336   24    9    4 1 1 1
   2337   24   10    1 1 1 1
   2338   24   10    2 1 1 1
   2339   24   10    3 1 1 1
   2340   24   10    4 1 1 1
   2341   24   11    1 1 1 1
   2342   24   11    2 1 1 1
   2343   24   11    3 1 1 1
   2344   24   11    4 1 1 1
   2345   24   12    1 1 1 1
   2346   24   12    2 1 1 1
   2347   24   12    3 1 1 1
   2348   24   12    4 1 1 1
   2349   24   13    1 1 1 1
   2350   24   13    2 1 1 1
   2351   24   13    3 1 1 1
   2352   24   13    4 1 1 1
   2353   24   14    1 1 1 1
   2354   24   14    2 1 1 1
   2355   24   14    3 1 1 1
   2356   24   14    4 1 1 1
   2357   24   15    1 1 1 1
   2358   24   15    2 1 1 1
   2359   24   15    3 1 1 1
   2360   24   15    4 1 1 1
   2361   24   16    1 1 1 1
   2362   24   16    2 1 1 1
   2363   24   16    3 1 1 1
   2364   24   16    4 1 1 1
   2365   24   17    1 1 1 1
   2366   24   17    2 1 1 1
   2367   24   17    3 1 1 1
   2368   24   17    4 1 1 1
   2369   24   18    1 1 1 1
   2370   24   18    2 1 1 1
   2371   24   18    3 1 1 1
   2372   24   18    4 1 1 1
   2373   24   19    1 1 1 1
   2374   24   19    2 1 1 1
   2375   24   19    3 1 1 1
   2376   24   19    4 1 1 1
   2377   24   20    1 1 1 1
   2378   24   20    2 1 1 1
   2379   24   20    3 1 1 1
   2380   24   20    4 1 1 1
   2381   24   21    1 1 1 1
   2382   24   21    2 1 1 1
   2383   24   21    3 1 1 1
   2384   24   21    4 1 1 1
   2385   24   22    1 1 1 1
   2386   24   22    2 1 1 1
   2387   24   22    3 1 1 1
   2388   24   22    4 1 1 1
   2389   24   23    1 1 1 1
   2390   24   23    2 1 1 1
   2391   24   23    3 1 1 1
   2392   24   23    4 1 1 1
   2393   24   24    1 1 1 1
   2394   24   24    2 1 1 1
   2395   24   24    3 1 1 1
   2396   24   24    4 1 1 1
   2397   24   25    1 1 1 1
   2398   24   25    2 1 1 1
   2399   24   25    3 1 1 1
   2400   24   25    4 1 1 1
   2401   25    1    1 1 1 1
   2402   25    1    2 1 1 1
   2403   25    1    3 1 1 1
   2404   25    1    4 1 1 1
   2405   25    2    1 1 1 1
   2406   25    2    2 1 1 1
   2407   25    2    3 1 1 1
   2408   25    2    4 1 1 1
   2409   25    3    1 1 1 1
   2410   25    3    2 1 1 1
   2411   25    3    3 1 1 1
   2412   25    3    4 1 1 1
   2413   25    4    1 1 1 1
   2414   25    4    2 1 1 1
   2415   25    4    3 1 1 1
   2416   25    4    4 1 1 1
   2417   25    5    1 1 1 1
   2418   25    5    2 1 1 1
   2419   25    5    3 1 1 1
   2420   25    5    4 1 1 1
   2421   25    6    1 1 1 1
   2422   25    6    2 1 1 1
   2423   25    6    3 1 1 1
   2424   25    6    4 1 1 1
   2425   25    7    1 1 1 1
   2426   25    7    2 1 1 1
   2427   25    7    3 1 1 1
   2428   25    7    4 1 1 1
   2429   25    8    1 1 1 1
   2430   25    8    2 1 1 1
   2431   25    8    3 1 1 1
   2432   25    8    4 1 1 1
   2433   25    9    1 1 1 1
   2434   25    9    2 1 1 1
   2435   25    9    3 1 1 1
   2436   25    9    4 1 1 1
   2437   25   10    1 1 1 1
   2438   25   10    2 1 1 1
   2439   25   10    3 1 1 1
   2440   25   10    4 1 1 1
   2441   25   11    1 1 1 1
   2442   25   11    2 1 1 1
   2443   25   11    3 1 1 1
   2444   25   11    4 1 1 1
   2445   25   12    1 1 1 1
   2446   25   12    2 1 1 1
   2447   25   12    3 1 1 1
   2448   25   12    4 1 1 1
   2449   25   13    1 1 1 1
   2450   25   13    2 1 1 1
   2451   25   13    3 1 1 1
   2452   25   13    4 1 1 1
   2453   25   14    1 1 1 1
   2454   25   14    2 1 1 1
   2455   25   14    3 1 1 1
   2456   25   14    4 1 1 1
   2457   25   15    1 1 1 1
   2458   25   15    2 1 1 1
   2459   25   15    3 1 1 1
   2460   25   15    4 1 1 1
   2461   25   16    1 1 1 1
   2462   25   16    2 1 1 1
   2463   25   16    3 1 1 1
   2464   25   16    4 1 1 1
   2465   25   17    1 1 1 1
   2466   25   17    2 1 1 1
   2467   25   17    3 1 1 1
   2468   25   17    4 1 1 1
   2469   25   18    1 1 1 1
   2470   25   18    2 1 1 1
   2471   25   18    3 1 1 1
   2472   25   18    4 1 1 1
   2473   25   19    1 1 1 1
   2474   25   19    2 1 1 1
   2475   25   19    3 1 1 1
   2476   25   19    4 1 1 1
   2477   25   20    1 1 1 1
   2478   25   20    2 1 1 1
   2479   25   20    3 1 1 1
   2480   25   20    4 1 1 1
   2481   25   21    1 1 1 1
   2482   25   21    2 1 1 1
   2483   25   21    3 1 1 1
   2484   25   21    4 1 1 1
   2485   25   22    1 1 1 1
   2486   25   22    2 1 1 1
   2487   25   22    3 1 1 1
   2488   25   22    4 1 1 1
   2489   25   23    1 1 1 1
   2490   25   23    2 1 1 1
   2491   25   23    3 1 1 1
   2492   25   23    4 1 1 1
   2493   25   24    1 1 1 1
   2494   25   24    2 1 1 1
   2495   25   24    3 1 1 1
   2496   25   24    4 1 1 1
   2497   25   25    1 1 1 1
   2498   25   25    2 1 1 1
   2499   25   25    3 1 1 1
   2500   25   25    4 1 1 1
