 >REASHP: option FROM_FILE
      3162 = NAT
  1.000000  0.000000  0.000000 = A_1 vector
  0.000000  1.000000  0.000000 = A_2 vector
  1.000000  1.000000  1.000000 = lattice spacings (d_x,d_y,d_z)/d
  -0.08325  -0.15050  -0.02875 = lattice offset x0(1-3) = (x_TF,y_TF,z_TF)/d for dipole 0 0 0
     JA  IX  IY  IZ ICOMP(x,y,z)
      1    1    1    1 1 1 1
      2    1    1    2 1 1 1
      3    1    1    3 1 1 1
      4    1    1    4 1 1 1
      5    1    1    5 1 1 1
      6    1    1    6 1 1 1
      7    1    2    1 1 1 1
      8    1    2    2 1 1 1
      9    1    2    3 1 1 1
     10    1    2    4 1 1 1
     11    1    2    5 1 1 1
     12    1    2    6 1 1 1
     13    1    3    1 1 1 1
     14    1    3    2 1 1 1
     15    1    3    3 1 1 1
     16    1    3    4 1 1 1
     17    1    3    5 1 1 1
     18    1    3    6 1 1 1
     19    1    4    1 1 1 1
     20    1    4    2 1 1 1
     21    1    4    3 1 1 1
     22    1    4    4 1 1 1
     23    1    4    5 1 1 1
     24    1    4    6 1 1 1
     25    1    5    1 1 1 1
     26    1    5    2 1 1 1
     27    1    5    3 1 1 1
     28    1    5    4 1 1 1
     29    1    5    5 1 1 1
     30    1    5    6 1 1 1
     31    1    6    1 1 1 1
     32    1    6    2 1 1 1
     33    1    6    3 1 1 1
     34    1    6    4 1 1 1
     35    1    6    5 1 1 1
     36    1    6    6 1 1 1
     37    1    7    1 1 1 1
     38    1    7    2 1 1 1
     39    1    7    3 1 1 1
     40    1    7    4 1 1 1
     41    1    7    5 1 1 1
     42    1    7    6 1 1 1
     43    1    8    1 1 1 1
     44    1    8    2 1 1 1
     45    1    8    3 1 1 1
     46    1    8    4 1 1 1
     47    1    8    5 1 1 1
     48    1    8    6 1 1 1
     49    1    9    1 1 1 1
     50    1    9    2 1 1 1
     51    1    9    3 1 1 1
     52    1    9    4 1 1 1
     53    1    9    5 1 1 1
     54    1    9    6 1 1 1
     55    1   10    1 1 1 1
     56    1   10    2 1 1 1
     57    1   10    3 1 1 1
     58    1   10    4 1 1 1
     59    1   10    5 1 1 1
     60    1   10    6 1 1 1
     61    1   11    1 1 1 1
     62    1   11    2 1 1 1
     63    1   11    3 1 1 1
     64    1   11    4 1 1 1
     65    1   11    5 1 1 1
     66    1   11    6 1 1 1
     67    1   12    1 1 1 1
     68    1   12    2 1 1 1
     69    1   12    3 1 1 1
     70    1   12    4 1 1 1
     71    1   12    5 1 1 1
     72    1   12    6 1 1 1
     73    1   13    1 1 1 1
     74    1   13    2 1 1 1
     75    1   13    3 1 1 1
     76    1   13    4 1 1 1
     77    1   13    5 1 1 1
     78    1   13    6 1 1 1
     79    1   14    1 1 1 1
     80    1   14    2 1 1 1
     81    1   14    3 1 1 1
     82    1   14    4 1 1 1
     83    1   14    5 1 1 1
     84    1   14    6 1 1 1
     85    1   15    1 1 1 1
     86    1   15    2 1 1 1
     87    1   15    3 1 1 1
     88    1   15    4 1 1 1
     89    1   15    5 1 1 1
     90    1   15    6 1 1 1
     91    1   16    1 1 1 1
     92    1   16    2 1 1 1
     93    1   16    3 1 1 1
     94    1   16    4 1 1 1
     95    1   16    5 1 1 1
     96    1   16    6 1 1 1
     97    1   17    1 1 1 1
     98    1   17    2 1 1 1
     99    1   17    3 1 1 1
    100    1   17    4 1 1 1
    101    1   17    5 1 1 1
    102    1   17    6 1 1 1
    103    1   18    1 1 1 1
    104    1   18    2 1 1 1
    105    1   18    3 1 1 1
    106    1   18    4 1 1 1
    107    1   18    5 1 1 1
    108    1   18    6 1 1 1
    109    1   19    1 1 1 1
    110    1   19    2 1 1 1
    111    1   19    3 1 1 1
    112    1   19    4 1 1 1
    113    1   19    5 1 1 1
    114    1   19    6 1 1 1
    115    1   20    1 1 1 1
    116    1   20    2 1 1 1
    117    1   20    3 1 1 1
    118    1   20    4 1 1 1
    119    1   20    5 1 1 1
    120    1   20    6 1 1 1
    121    1   21    1 1 1 1
    122    1   21    2 1 1 1
    123    1   21    3 1 1 1
    124    1   21    4 1 1 1
    125    1   21    5 1 1 1
    126    1   21    6 1 1 1
    127    1   22    1 1 1 1
    128    1   22    2 1 1 1
    129    1   22    3 1 1 1
    130    1   22    4 1 1 1
    131    1   22    5 1 1 1
    132    1   22    6 1 1 1
    133    1   23    1 1 1 1
    134    1   23    2 1 1 1
    135    1   23    3 1 1 1
    136    1   23    4 1 1 1
    137    1   23    5 1 1 1
    138    1   23    6 1 1 1
    139    1   24    1 1 1 1
    140    1   24    2 1 1 1
    141    1   24    3 1 1 1
    142    1   24    4 1 1 1
    143    1   24    5 1 1 1
    144    1   24    6 1 1 1
    145    1   25    1 1 1 1
    146    1   25    2 1 1 1
    147    1   25    3 1 1 1
    148    1   25    4 1 1 1
    149    1   25    5 1 1 1
    150    1   25    6 1 1 1
    151    1   26    1 1 1 1
    152    1   26    2 1 1 1
    153    1   26    3 1 1 1
    154    1   26    4 1 1 1
    155    1   26    5 1 1 1
    156    1   26    6 1 1 1
    157    1   27    1 1 1 1
    158    1   27    2 1 1 1
    159    1   27    3 1 1 1
    160    1   27    4 1 1 1
    161    1   27    5 1 1 1
    162    1   27    6 1 1 1
    163    1   28    1 1 1 1
    164    1   28    2 1 1 1
    165    1   28    3 1 1 1
    166    1   28    4 1 1 1
    167    1   28    5 1 1 1
    168    1   28    6 1 1 1
    169    1   29    1 1 1 1
    170    1   29    2 1 1 1
    171    1   29    3 1 1 1
    172    1   29    4 1 1 1
    173    1   29    5 1 1 1
    174    1   29    6 1 1 1
    175    1   30    1 1 1 1
    176    1   30    2 1 1 1
    177    1   30    3 1 1 1
    178    1   30    4 1 1 1
    179    1   30    5 1 1 1
    180    1   30    6 1 1 1
    181    1   31    1 1 1 1
    182    1   31    2 1 1 1
    183    1   31    3 1 1 1
    184    1   31    4 1 1 1
    185    1   31    5 1 1 1
    186    1   31    6 1 1 1
    187    2    1    1 1 1 1
    188    2    1    2 1 1 1
    189    2    1    3 1 1 1
    190    2    1    4 1 1 1
    191    2    1    5 1 1 1
    192    2    1    6 1 1 1
    193    2    2    1 1 1 1
    194    2    2    2 1 1 1
    195    2    2    3 1 1 1
    196    2    2    4 1 1 1
    197    2    2    5 1 1 1
    198    2    2    6 1 1 1
    199    2    3    1 1 1 1
    200    2    3    2 1 1 1
    201    2    3    3 1 1 1
    202    2    3    4 1 1 1
    203    2    3    5 1 1 1
    204    2    3    6 1 1 1
    205    2    4    1 1 1 1
    206    2    4    2 1 1 1
    207    2    4    3 1 1 1
    208    2    4    4 1 1 1
    209    2    4    5 1 1 1
    210    2    4    6 1 1 1
    211    2    5    1 1 1 1
    212    2    5    2 1 1 1
    213    2    5    3 1 1 1
    214    2    5    4 1 1 1
    215    2    5    5 1 1 1
    216    2    5    6 1 1 1
    217    2    6    1 1 1 1
    218    2    6    2 1 1 1
    219    2    6    3 1 1 1
    220    2    6    4 1 1 1
    221    2    6    5 1 1 1
    222    2    6    6 1 1 1
    223    2    7    1 1 1 1
    224    2    7    2 1 1 1
    225    2    7    3 1 1 1
    226    2    7    4 1 1 1
    227    2    7    5 1 1 1
    228    2    7    6 1 1 1
    229    2    8    1 1 1 1
    230    2    8    2 1 1 1
    231    2    8    3 1 1 1
    232    2    8    4 1 1 1
    233    2    8    5 1 1 1
    234    2    8    6 1 1 1
    235    2    9    1 1 1 1
    236    2    9    2 1 1 1
    237    2    9    3 1 1 1
    238    2    9    4 1 1 1
    239    2    9    5 1 1 1
    240    2    9    6 1 1 1
    241    2   10    1 1 1 1
    242    2   10    2 1 1 1
    243    2   10    3 1 1 1
    244    2   10    4 1 1 1
    245    2   10    5 1 1 1
    246    2   10    6 1 1 1
    247    2   11    1 1 1 1
    248    2   11    2 1 1 1
    249    2   11    3 1 1 1
    250    2   11    4 1 1 1
    251    2   11    5 1 1 1
    252    2   11    6 1 1 1
    253    2   12    1 1 1 1
    254    2   12    2 1 1 1
    255    2   12    3 1 1 1
    256    2   12    4 1 1 1
    257    2   12    5 1 1 1
    258    2   12    6 1 1 1
    259    2   13    1 1 1 1
    260    2   13    2 1 1 1
    261    2   13    3 1 1 1
    262    2   13    4 1 1 1
    263    2   13    5 1 1 1
    264    2   13    6 1 1 1
    265    2   14    1 1 1 1
    266    2   14    2 1 1 1
    267    2   14    3 1 1 1
    268    2   14    4 1 1 1
    269    2   14    5 1 1 1
    270    2   14    6 1 1 1
    271    2   15    1 1 1 1
    272    2   15    2 1 1 1
    273    2   15    3 1 1 1
    274    2   15    4 1 1 1
    275    2   15    5 1 1 1
    276    2   15    6 1 1 1
    277    2   16    1 1 1 1
    278    2   16    2 1 1 1
    279    2   16    3 1 1 1
    280    2   16    4 1 1 1
    281    2   16    5 1 1 1
    282    2   16    6 1 1 1
    283    2   17    1 1 1 1
    284    2   17    2 1 1 1
    285    2   17    3 1 1 1
    286    2   17    4 1 1 1
    287    2   17    5 1 1 1
    288    2   17    6 1 1 1
    289    2   18    1 1 1 1
    290    2   18    2 1 1 1
    291    2   18    3 1 1 1
    292    2   18    4 1 1 1
    293    2   18    5 1 1 1
    294    2   18    6 1 1 1
    295    2   19    1 1 1 1
    296    2   19    2 1 1 1
    297    2   19    3 1 1 1
    298    2   19    4 1 1 1
    299    2   19    5 1 1 1
    300    2   19    6 1 1 1
    301    2   20    1 1 1 1
    302    2   20    2 1 1 1
    303    2   20    3 1 1 1
    304    2   20    4 1 1 1
    305    2   20    5 1 1 1
    306    2   20    6 1 1 1
    307    2   21    1 1 1 1
    308    2   21    2 1 1 1
    309    2   21    3 1 1 1
    310    2   21    4 1 1 1
    311    2   21    5 1 1 1
    312    2   21    6 1 1 1
    313    2   22    1 1 1 1
    314    2   22    2 1 1 1
    315    2   22    3 1 1 1
    316    2   22    4 1 1 1
    317    2   22    5 1 1 1
    318    2   22    6 1 1 1
    319    2   23    1 1 1 1
    320    2   23    2 1 1 1
    321    2   23    3 1 1 1
    322    2   23    4 1 1 1
    323    2   23    5 1 1 1
    324    2   23    6 1 1 1
    325    2   24    1 1 1 1
    326    2   24    2 1 1 1
    327    2   24    3 1 1 1
    328    2   24    4 1 1 1
    329    2   24    5 1 1 1
    330    2   24    6 1 1 1
    331    2   25    1 1 1 1
    332    2   25    2 1 1 1
    333    2   25    3 1 1 1
    334    2   25    4 1 1 1
    335    2   25    5 1 1 1
    336    2   25    6 1 1 1
    337    2   26    1 1 1 1
    338    2   26    2 1 1 1
    339    2   26    3 1 1 1
    340    2   26    4 1 1 1
    341    2   26    5 1 1 1
    342    2   26    6 1 1 1
    343    2   27    1 1 1 1
    344    2   27    2 1 1 1
    345    2   27    3 1 1 1
    346    2   27    4 1 1 1
    347    2   27    5 1 1 1
    348    2   27    6 1 1 1
    349    2   28    1 1 1 1
    350    2   28    2 1 1 1
    351    2   28    3 1 1 1
    352    2   28    4 1 1 1
    353    2   28    5 1 1 1
    354    2   28    6 1 1 1
    355    2   29    1 1 1 1
    356    2   29    2 1 1 1
    357    2   29    3 1 1 1
    358    2   29    4 1 1 1
    359    2   29    5 1 1 1
    360    2   29    6 1 1 1
    361    2   30    1 1 1 1
    362    2   30    2 1 1 1
    363    2   30    3 1 1 1
    364    2   30    4 1 1 1
    365    2   30    5 1 1 1
    366    2   30    6 1 1 1
    367    2   31    1 1 1 1
    368    2   31    2 1 1 1
    369    2   31    3 1 1 1
    370    2   31    4 1 1 1
    371    2   31    5 1 1 1
    372    2   31    6 1 1 1
    373    3    1    1 1 1 1
    374    3    1    2 1 1 1
    375    3    1    3 1 1 1
    376    3    1    4 1 1 1
    377    3    1    5 1 1 1
    378    3    1    6 1 1 1
    379    3    2    1 1 1 1
    380    3    2    2 1 1 1
    381    3    2    3 1 1 1
    382    3    2    4 1 1 1
    383    3    2    5 1 1 1
    384    3    2    6 1 1 1
    385    3    3    1 1 1 1
    386    3    3    2 1 1 1
    387    3    3    3 1 1 1
    388    3    3    4 1 1 1
    389    3    3    5 1 1 1
    390    3    3    6 1 1 1
    391    3    4    1 1 1 1
    392    3    4    2 1 1 1
    393    3    4    3 1 1 1
    394    3    4    4 1 1 1
    395    3    4    5 1 1 1
    396    3    4    6 1 1 1
    397    3    5    1 1 1 1
    398    3    5    2 1 1 1
    399    3    5    3 1 1 1
    400    3    5    4 1 1 1
    401    3    5    5 1 1 1
    402    3    5    6 1 1 1
    403    3    6    1 1 1 1
    404    3    6    2 1 1 1
    405    3    6    3 1 1 1
    406    3    6    4 1 1 1
    407    3    6    5 1 1 1
    408    3    6    6 1 1 1
    409    3    7    1 1 1 1
    410    3    7    2 1 1 1
    411    3    7    3 1 1 1
    412    3    7    4 1 1 1
    413    3    7    5 1 1 1
    414    3    7    6 1 1 1
    415    3    8    1 1 1 1
    416    3    8    2 1 1 1
    417    3    8    3 1 1 1
    418    3    8    4 1 1 1
    419    3    8    5 1 1 1
    420    3    8    6 1 1 1
    421    3    9    1 1 1 1
    422    3    9    2 1 1 1
    423    3    9    3 1 1 1
    424    3    9    4 1 1 1
    425    3    9    5 1 1 1
    426    3    9    6 1 1 1
    427    3   10    1 1 1 1
    428    3   10    2 1 1 1
    429    3   10    3 1 1 1
    430    3   10    4 1 1 1
    431    3   10    5 1 1 1
    432    3   10    6 1 1 1
    433    3   11    1 1 1 1
    434    3   11    2 1 1 1
    435    3   11    3 1 1 1
    436    3   11    4 1 1 1
    437    3   11    5 1 1 1
    438    3   11    6 1 1 1
    439    3   12    1 1 1 1
    440    3   12    2 1 1 1
    441    3   12    3 1 1 1
    442    3   12    4 1 1 1
    443    3   12    5 1 1 1
    444    3   12    6 1 1 1
    445    3   13    1 1 1 1
    446    3   13    2 1 1 1
    447    3   13    3 1 1 1
    448    3   13    4 1 1 1
    449    3   13    5 1 1 1
    450    3   13    6 1 1 1
    451    3   14    1 1 1 1
    452    3   14    2 1 1 1
    453    3   14    3 1 1 1
    454    3   14    4 1 1 1
    455    3   14    5 1 1 1
    456    3   14    6 1 1 1
    457    3   15    1 1 1 1
    458    3   15    2 1 1 1
    459    3   15    3 1 1 1
    460    3   15    4 1 1 1
    461    3   15    5 1 1 1
    462    3   15    6 1 1 1
    463    3   16    1 1 1 1
    464    3   16    2 1 1 1
    465    3   16    3 1 1 1
    466    3   16    4 1 1 1
    467    3   16    5 1 1 1
    468    3   16    6 1 1 1
    469    3   17    1 1 1 1
    470    3   17    2 1 1 1
    471    3   17    3 1 1 1
    472    3   17    4 1 1 1
    473    3   17    5 1 1 1
    474    3   17    6 1 1 1
    475    3   18    1 1 1 1
    476    3   18    2 1 1 1
    477    3   18    3 1 1 1
    478    3   18    4 1 1 1
    479    3   18    5 1 1 1
    480    3   18    6 1 1 1
    481    3   19    1 1 1 1
    482    3   19    2 1 1 1
    483    3   19    3 1 1 1
    484    3   19    4 1 1 1
    485    3   19    5 1 1 1
    486    3   19    6 1 1 1
    487    3   20    1 1 1 1
    488    3   20    2 1 1 1
    489    3   20    3 1 1 1
    490    3   20    4 1 1 1
    491    3   20    5 1 1 1
    492    3   20    6 1 1 1
    493    3   21    1 1 1 1
    494    3   21    2 1 1 1
    495    3   21    3 1 1 1
    496    3   21    4 1 1 1
    497    3   21    5 1 1 1
    498    3   21    6 1 1 1
    499    3   22    1 1 1 1
    500    3   22    2 1 1 1
    501    3   22    3 1 1 1
    502    3   22    4 1 1 1
    503    3   22    5 1 1 1
    504    3   22    6 1 1 1
    505    3   23    1 1 1 1
    506    3   23    2 1 1 1
    507    3   23    3 1 1 1
    508    3   23    4 1 1 1
    509    3   23    5 1 1 1
    510    3   23    6 1 1 1
    511    3   24    1 1 1 1
    512    3   24    2 1 1 1
    513    3   24    3 1 1 1
    514    3   24    4 1 1 1
    515    3   24    5 1 1 1
    516    3   24    6 1 1 1
    517    3   25    1 1 1 1
    518    3   25    2 1 1 1
    519    3   25    3 1 1 1
    520    3   25    4 1 1 1
    521    3   25    5 1 1 1
    522    3   25    6 1 1 1
    523    3   26    1 1 1 1
    524    3   26    2 1 1 1
    525    3   26    3 1 1 1
    526    3   26    4 1 1 1
    527    3   26    5 1 1 1
    528    3   26    6 1 1 1
    529    3   27    1 1 1 1
    530    3   27    2 1 1 1
    531    3   27    3 1 1 1
    532    3   27    4 1 1 1
    533    3   27    5 1 1 1
    534    3   27    6 1 1 1
    535    3   28    1 1 1 1
    536    3   28    2 1 1 1
    537    3   28    3 1 1 1
    538    3   28    4 1 1 1
    539    3   28    5 1 1 1
    540    3   28    6 1 1 1
    541    3   29    1 1 1 1
    542    3   29    2 1 1 1
    543    3   29    3 1 1 1
    544    3   29    4 1 1 1
    545    3   29    5 1 1 1
    546    3   29    6 1 1 1
    547    3   30    1 1 1 1
    548    3   30    2 1 1 1
    549    3   30    3 1 1 1
    550    3   30    4 1 1 1
    551    3   30    5 1 1 1
    552    3   30    6 1 1 1
    553    3   31    1 1 1 1
    554    3   31    2 1 1 1
    555    3   31    3 1 1 1
    556    3   31    4 1 1 1
    557    3   31    5 1 1 1
    558    3   31    6 1 1 1
    559    4    1    1 1 1 1
    560    4    1    2 1 1 1
    561    4    1    3 1 1 1
    562    4    1    4 1 1 1
    563    4    1    5 1 1 1
    564    4    1    6 1 1 1
    565    4    2    1 1 1 1
    566    4    2    2 1 1 1
    567    4    2    3 1 1 1
    568    4    2    4 1 1 1
    569    4    2    5 1 1 1
    570    4    2    6 1 1 1
    571    4    3    1 1 1 1
    572    4    3    2 1 1 1
    573    4    3    3 1 1 1
    574    4    3    4 1 1 1
    575    4    3    5 1 1 1
    576    4    3    6 1 1 1
    577    4    4    1 1 1 1
    578    4    4    2 1 1 1
    579    4    4    3 1 1 1
    580    4    4    4 1 1 1
    581    4    4    5 1 1 1
    582    4    4    6 1 1 1
    583    4    5    1 1 1 1
    584    4    5    2 1 1 1
    585    4    5    3 1 1 1
    586    4    5    4 1 1 1
    587    4    5    5 1 1 1
    588    4    5    6 1 1 1
    589    4    6    1 1 1 1
    590    4    6    2 1 1 1
    591    4    6    3 1 1 1
    592    4    6    4 1 1 1
    593    4    6    5 1 1 1
    594    4    6    6 1 1 1
    595    4    7    1 1 1 1
    596    4    7    2 1 1 1
    597    4    7    3 1 1 1
    598    4    7    4 1 1 1
    599    4    7    5 1 1 1
    600    4    7    6 1 1 1
    601    4    8    1 1 1 1
    602    4    8    2 1 1 1
    603    4    8    3 1 1 1
    604    4    8    4 1 1 1
    605    4    8    5 1 1 1
    606    4    8    6 1 1 1
    607    4    9    1 1 1 1
    608    4    9    2 1 1 1
    609    4    9    3 1 1 1
    610    4    9    4 1 1 1
    611    4    9    5 1 1 1
    612    4    9    6 1 1 1
    613    4   10    1 1 1 1
    614    4   10    2 1 1 1
    615    4   10    3 1 1 1
    616    4   10    4 1 1 1
    617    4   10    5 1 1 1
    618    4   10    6 1 1 1
    619    4   11    1 1 1 1
    620    4   11    2 1 1 1
    621    4   11    3 1 1 1
    622    4   11    4 1 1 1
    623    4   11    5 1 1 1
    624    4   11    6 1 1 1
    625    4   12    1 1 1 1
    626    4   12    2 1 1 1
    627    4   12    3 1 1 1
    628    4   12    4 1 1 1
    629    4   12    5 1 1 1
    630    4   12    6 1 1 1
    631    4   13    1 1 1 1
    632    4   13    2 1 1 1
    633    4   13    3 1 1 1
    634    4   13    4 1 1 1
    635    4   13    5 1 1 1
    636    4   13    6 1 1 1
    637    4   14    1 1 1 1
    638    4   14    2 1 1 1
    639    4   14    3 1 1 1
    640    4   14    4 1 1 1
    641    4   14    5 1 1 1
    642    4   14    6 1 1 1
    643    4   15    1 1 1 1
    644    4   15    2 1 1 1
    645    4   15    3 1 1 1
    646    4   15    4 1 1 1
    647    4   15    5 1 1 1
    648    4   15    6 1 1 1
    649    4   16    1 1 1 1
    650    4   16    2 1 1 1
    651    4   16    3 1 1 1
    652    4   16    4 1 1 1
    653    4   16    5 1 1 1
    654    4   16    6 1 1 1
    655    4   17    1 1 1 1
    656    4   17    2 1 1 1
    657    4   17    3 1 1 1
    658    4   17    4 1 1 1
    659    4   17    5 1 1 1
    660    4   17    6 1 1 1
    661    4   18    1 1 1 1
    662    4   18    2 1 1 1
    663    4   18    3 1 1 1
    664    4   18    4 1 1 1
    665    4   18    5 1 1 1
    666    4   18    6 1 1 1
    667    4   19    1 1 1 1
    668    4   19    2 1 1 1
    669    4   19    3 1 1 1
    670    4   19    4 1 1 1
    671    4   19    5 1 1 1
    672    4   19    6 1 1 1
    673    4   20    1 1 1 1
    674    4   20    2 1 1 1
    675    4   20    3 1 1 1
    676    4   20    4 1 1 1
    677    4   20    5 1 1 1
    678    4   20    6 1 1 1
    679    4   21    1 1 1 1
    680    4   21    2 1 1 1
    681    4   21    3 1 1 1
    682    4   21    4 1 1 1
    683    4   21    5 1 1 1
    684    4   21    6 1 1 1
    685    4   22    1 1 1 1
    686    4   22    2 1 1 1
    687    4   22    3 1 1 1
    688    4   22    4 1 1 1
    689    4   22    5 1 1 1
    690    4   22    6 1 1 1
    691    4   23    1 1 1 1
    692    4   23    2 1 1 1
    693    4   23    3 1 1 1
    694    4   23    4 1 1 1
    695    4   23    5 1 1 1
    696    4   23    6 1 1 1
    697    4   24    1 1 1 1
    698    4   24    2 1 1 1
    699    4   24    3 1 1 1
    700    4   24    4 1 1 1
    701    4   24    5 1 1 1
    702    4   24    6 1 1 1
    703    4   25    1 1 1 1
    704    4   25    2 1 1 1
    705    4   25    3 1 1 1
    706    4   25    4 1 1 1
    707    4   25    5 1 1 1
    708    4   25    6 1 1 1
    709    4   26    1 1 1 1
    710    4   26    2 1 1 1
    711    4   26    3 1 1 1
    712    4   26    4 1 1 1
    713    4   26    5 1 1 1
    714    4   26    6 1 1 1
    715    4   27    1 1 1 1
    716    4   27    2 1 1 1
    717    4   27    3 1 1 1
    718    4   27    4 1 1 1
    719    4   27    5 1 1 1
    720    4   27    6 1 1 1
    721    4   28    1 1 1 1
    722    4   28    2 1 1 1
    723    4   28    3 1 1 1
    724    4   28    4 1 1 1
    725    4   28    5 1 1 1
    726    4   28    6 1 1 1
    727    4   29    1 1 1 1
    728    4   29    2 1 1 1
    729    4   29    3 1 1 1
    730    4   29    4 1 1 1
    731    4   29    5 1 1 1
    732    4   29    6 1 1 1
    733    4   30    1 1 1 1
    734    4   30    2 1 1 1
    735    4   30    3 1 1 1
    736    4   30    4 1 1 1
    737    4   30    5 1 1 1
    738    4   30    6 1 1 1
    739    4   31    1 1 1 1
    740    4   31    2 1 1 1
    741    4   31    3 1 1 1
    742    4   31    4 1 1 1
    743    4   31    5 1 1 1
    744    4   31    6 1 1 1
    745    5    1    1 1 1 1
    746    5    1    2 1 1 1
    747    5    1    3 1 1 1
    748    5    1    4 1 1 1
    749    5    1    5 1 1 1
    750    5    1    6 1 1 1
    751    5    2    1 1 1 1
    752    5    2    2 1 1 1
    753    5    2    3 1 1 1
    754    5    2    4 1 1 1
    755    5    2    5 1 1 1
    756    5    2    6 1 1 1
    757    5    3    1 1 1 1
    758    5    3    2 1 1 1
    759    5    3    3 1 1 1
    760    5    3    4 1 1 1
    761    5    3    5 1 1 1
    762    5    3    6 1 1 1
    763    5    4    1 1 1 1
    764    5    4    2 1 1 1
    765    5    4    3 1 1 1
    766    5    4    4 1 1 1
    767    5    4    5 1 1 1
    768    5    4    6 1 1 1
    769    5    5    1 1 1 1
    770    5    5    2 1 1 1
    771    5    5    3 1 1 1
    772    5    5    4 1 1 1
    773    5    5    5 1 1 1
    774    5    5    6 1 1 1
    775    5    6    1 1 1 1
    776    5    6    2 1 1 1
    777    5    6    3 1 1 1
    778    5    6    4 1 1 1
    779    5    6    5 1 1 1
    780    5    6    6 1 1 1
    781    5    7    1 1 1 1
    782    5    7    2 1 1 1
    783    5    7    3 1 1 1
    784    5    7    4 1 1 1
    785    5    7    5 1 1 1
    786    5    7    6 1 1 1
    787    5    8    1 1 1 1
    788    5    8    2 1 1 1
    789    5    8    3 1 1 1
    790    5    8    4 1 1 1
    791    5    8    5 1 1 1
    792    5    8    6 1 1 1
    793    5    9    1 1 1 1
    794    5    9    2 1 1 1
    795    5    9    3 1 1 1
    796    5    9    4 1 1 1
    797    5    9    5 1 1 1
    798    5    9    6 1 1 1
    799    5   10    1 1 1 1
    800    5   10    2 1 1 1
    801    5   10    3 1 1 1
    802    5   10    4 1 1 1
    803    5   10    5 1 1 1
    804    5   10    6 1 1 1
    805    5   11    1 1 1 1
    806    5   11    2 1 1 1
    807    5   11    3 1 1 1
    808    5   11    4 1 1 1
    809    5   11    5 1 1 1
    810    5   11    6 1 1 1
    811    5   12    1 1 1 1
    812    5   12    2 1 1 1
    813    5   12    3 1 1 1
    814    5   12    4 1 1 1
    815    5   12    5 1 1 1
    816    5   12    6 1 1 1
    817    5   13    1 1 1 1
    818    5   13    2 1 1 1
    819    5   13    3 1 1 1
    820    5   13    4 1 1 1
    821    5   13    5 1 1 1
    822    5   13    6 1 1 1
    823    5   14    1 1 1 1
    824    5   14    2 1 1 1
    825    5   14    3 1 1 1
    826    5   14    4 1 1 1
    827    5   14    5 1 1 1
    828    5   14    6 1 1 1
    829    5   15    1 1 1 1
    830    5   15    2 1 1 1
    831    5   15    3 1 1 1
    832    5   15    4 1 1 1
    833    5   15    5 1 1 1
    834    5   15    6 1 1 1
    835    5   16    1 1 1 1
    836    5   16    2 1 1 1
    837    5   16    3 1 1 1
    838    5   16    4 1 1 1
    839    5   16    5 1 1 1
    840    5   16    6 1 1 1
    841    5   17    1 1 1 1
    842    5   17    2 1 1 1
    843    5   17    3 1 1 1
    844    5   17    4 1 1 1
    845    5   17    5 1 1 1
    846    5   17    6 1 1 1
    847    5   18    1 1 1 1
    848    5   18    2 1 1 1
    849    5   18    3 1 1 1
    850    5   18    4 1 1 1
    851    5   18    5 1 1 1
    852    5   18    6 1 1 1
    853    5   19    1 1 1 1
    854    5   19    2 1 1 1
    855    5   19    3 1 1 1
    856    5   19    4 1 1 1
    857    5   19    5 1 1 1
    858    5   19    6 1 1 1
    859    5   20    1 1 1 1
    860    5   20    2 1 1 1
    861    5   20    3 1 1 1
    862    5   20    4 1 1 1
    863    5   20    5 1 1 1
    864    5   20    6 1 1 1
    865    5   21    1 1 1 1
    866    5   21    2 1 1 1
    867    5   21    3 1 1 1
    868    5   21    4 1 1 1
    869    5   21    5 1 1 1
    870    5   21    6 1 1 1
    871    5   22    1 1 1 1
    872    5   22    2 1 1 1
    873    5   22    3 1 1 1
    874    5   22    4 1 1 1
    875    5   22    5 1 1 1
    876    5   22    6 1 1 1
    877    5   23    1 1 1 1
    878    5   23    2 1 1 1
    879    5   23    3 1 1 1
    880    5   23    4 1 1 1
    881    5   23    5 1 1 1
    882    5   23    6 1 1 1
    883    5   24    1 1 1 1
    884    5   24    2 1 1 1
    885    5   24    3 1 1 1
    886    5   24    4 1 1 1
    887    5   24    5 1 1 1
    888    5   24    6 1 1 1
    889    5   25    1 1 1 1
    890    5   25    2 1 1 1
    891    5   25    3 1 1 1
    892    5   25    4 1 1 1
    893    5   25    5 1 1 1
    894    5   25    6 1 1 1
    895    5   26    1 1 1 1
    896    5   26    2 1 1 1
    897    5   26    3 1 1 1
    898    5   26    4 1 1 1
    899    5   26    5 1 1 1
    900    5   26    6 1 1 1
    901    5   27    1 1 1 1
    902    5   27    2 1 1 1
    903    5   27    3 1 1 1
    904    5   27    4 1 1 1
    905    5   27    5 1 1 1
    906    5   27    6 1 1 1
    907    5   28    1 1 1 1
    908    5   28    2 1 1 1
    909    5   28    3 1 1 1
    910    5   28    4 1 1 1
    911    5   28    5 1 1 1
    912    5   28    6 1 1 1
    913    5   29    1 1 1 1
    914    5   29    2 1 1 1
    915    5   29    3 1 1 1
    916    5   29    4 1 1 1
    917    5   29    5 1 1 1
    918    5   29    6 1 1 1
    919    5   30    1 1 1 1
    920    5   30    2 1 1 1
    921    5   30    3 1 1 1
    922    5   30    4 1 1 1
    923    5   30    5 1 1 1
    924    5   30    6 1 1 1
    925    5   31    1 1 1 1
    926    5   31    2 1 1 1
    927    5   31    3 1 1 1
    928    5   31    4 1 1 1
    929    5   31    5 1 1 1
    930    5   31    6 1 1 1
    931    6    1    1 1 1 1
    932    6    1    2 1 1 1
    933    6    1    3 1 1 1
    934    6    1    4 1 1 1
    935    6    1    5 1 1 1
    936    6    1    6 1 1 1
    937    6    2    1 1 1 1
    938    6    2    2 1 1 1
    939    6    2    3 1 1 1
    940    6    2    4 1 1 1
    941    6    2    5 1 1 1
    942    6    2    6 1 1 1
    943    6    3    1 1 1 1
    944    6    3    2 1 1 1
    945    6    3    3 1 1 1
    946    6    3    4 1 1 1
    947    6    3    5 1 1 1
    948    6    3    6 1 1 1
    949    6    4    1 1 1 1
    950    6    4    2 1 1 1
    951    6    4    3 1 1 1
    952    6    4    4 1 1 1
    953    6    4    5 1 1 1
    954    6    4    6 1 1 1
    955    6    5    1 1 1 1
    956    6    5    2 1 1 1
    957    6    5    3 1 1 1
    958    6    5    4 1 1 1
    959    6    5    5 1 1 1
    960    6    5    6 1 1 1
    961    6    6    1 1 1 1
    962    6    6    2 1 1 1
    963    6    6    3 1 1 1
    964    6    6    4 1 1 1
    965    6    6    5 1 1 1
    966    6    6    6 1 1 1
    967    6    7    1 1 1 1
    968    6    7    2 1 1 1
    969    6    7    3 1 1 1
    970    6    7    4 1 1 1
    971    6    7    5 1 1 1
    972    6    7    6 1 1 1
    973    6    8    1 1 1 1
    974    6    8    2 1 1 1
    975    6    8    3 1 1 1
    976    6    8    4 1 1 1
    977    6    8    5 1 1 1
    978    6    8    6 1 1 1
    979    6    9    1 1 1 1
    980    6    9    2 1 1 1
    981    6    9    3 1 1 1
    982    6    9    4 1 1 1
    983    6    9    5 1 1 1
    984    6    9    6 1 1 1
    985    6   10    1 1 1 1
    986    6   10    2 1 1 1
    987    6   10    3 1 1 1
    988    6   10    4 1 1 1
    989    6   10    5 1 1 1
    990    6   10    6 1 1 1
    991    6   11    1 1 1 1
    992    6   11    2 1 1 1
    993    6   11    3 1 1 1
    994    6   11    4 1 1 1
    995    6   11    5 1 1 1
    996    6   11    6 1 1 1
    997    6   12    1 1 1 1
    998    6   12    2 1 1 1
    999    6   12    3 1 1 1
   1000    6   12    4 1 1 1
   1001    6   12    5 1 1 1
   1002    6   12    6 1 1 1
   1003    6   13    1 1 1 1
   1004    6   13    2 1 1 1
   1005    6   13    3 1 1 1
   1006    6   13    4 1 1 1
   1007    6   13    5 1 1 1
   1008    6   13    6 1 1 1
   1009    6   14    1 1 1 1
   1010    6   14    2 1 1 1
   1011    6   14    3 1 1 1
   1012    6   14    4 1 1 1
   1013    6   14    5 1 1 1
   1014    6   14    6 1 1 1
   1015    6   15    1 1 1 1
   1016    6   15    2 1 1 1
   1017    6   15    3 1 1 1
   1018    6   15    4 1 1 1
   1019    6   15    5 1 1 1
   1020    6   15    6 1 1 1
   1021    6   16    1 1 1 1
   1022    6   16    2 1 1 1
   1023    6   16    3 1 1 1
   1024    6   16    4 1 1 1
   1025    6   16    5 1 1 1
   1026    6   16    6 1 1 1
   1027    6   17    1 1 1 1
   1028    6   17    2 1 1 1
   1029    6   17    3 1 1 1
   1030    6   17    4 1 1 1
   1031    6   17    5 1 1 1
   1032    6   17    6 1 1 1
   1033    6   18    1 1 1 1
   1034    6   18    2 1 1 1
   1035    6   18    3 1 1 1
   1036    6   18    4 1 1 1
   1037    6   18    5 1 1 1
   1038    6   18    6 1 1 1
   1039    6   19    1 1 1 1
   1040    6   19    2 1 1 1
   1041    6   19    3 1 1 1
   1042    6   19    4 1 1 1
   1043    6   19    5 1 1 1
   1044    6   19    6 1 1 1
   1045    6   20    1 1 1 1
   1046    6   20    2 1 1 1
   1047    6   20    3 1 1 1
   1048    6   20    4 1 1 1
   1049    6   20    5 1 1 1
   1050    6   20    6 1 1 1
   1051    6   21    1 1 1 1
   1052    6   21    2 1 1 1
   1053    6   21    3 1 1 1
   1054    6   21    4 1 1 1
   1055    6   21    5 1 1 1
   1056    6   21    6 1 1 1
   1057    6   22    1 1 1 1
   1058    6   22    2 1 1 1
   1059    6   22    3 1 1 1
   1060    6   22    4 1 1 1
   1061    6   22    5 1 1 1
   1062    6   22    6 1 1 1
   1063    6   23    1 1 1 1
   1064    6   23    2 1 1 1
   1065    6   23    3 1 1 1
   1066    6   23    4 1 1 1
   1067    6   23    5 1 1 1
   1068    6   23    6 1 1 1
   1069    6   24    1 1 1 1
   1070    6   24    2 1 1 1
   1071    6   24    3 1 1 1
   1072    6   24    4 1 1 1
   1073    6   24    5 1 1 1
   1074    6   24    6 1 1 1
   1075    6   25    1 1 1 1
   1076    6   25    2 1 1 1
   1077    6   25    3 1 1 1
   1078    6   25    4 1 1 1
   1079    6   25    5 1 1 1
   1080    6   25    6 1 1 1
   1081    6   26    1 1 1 1
   1082    6   26    2 1 1 1
   1083    6   26    3 1 1 1
   1084    6   26    4 1 1 1
   1085    6   26    5 1 1 1
   1086    6   26    6 1 1 1
   1087    6   27    1 1 1 1
   1088    6   27    2 1 1 1
   1089    6   27    3 1 1 1
   1090    6   27    4 1 1 1
   1091    6   27    5 1 1 1
   1092    6   27    6 1 1 1
   1093    6   28    1 1 1 1
   1094    6   28    2 1 1 1
   1095    6   28    3 1 1 1
   1096    6   28    4 1 1 1
   1097    6   28    5 1 1 1
   1098    6   28    6 1 1 1
   1099    6   29    1 1 1 1
   1100    6   29    2 1 1 1
   1101    6   29    3 1 1 1
   1102    6   29    4 1 1 1
   1103    6   29    5 1 1 1
   1104    6   29    6 1 1 1
   1105    6   30    1 1 1 1
   1106    6   30    2 1 1 1
   1107    6   30    3 1 1 1
   1108    6   30    4 1 1 1
   1109    6   30    5 1 1 1
   1110    6   30    6 1 1 1
   1111    6   31    1 1 1 1
   1112    6   31    2 1 1 1
   1113    6   31    3 1 1 1
   1114    6   31    4 1 1 1
   1115    6   31    5 1 1 1
   1116    6   31    6 1 1 1
   1117    7    1    1 1 1 1
   1118    7    1    2 1 1 1
   1119    7    1    3 1 1 1
   1120    7    1    4 1 1 1
   1121    7    1    5 1 1 1
   1122    7    1    6 1 1 1
   1123    7    2    1 1 1 1
   1124    7    2    2 1 1 1
   1125    7    2    3 1 1 1
   1126    7    2    4 1 1 1
   1127    7    2    5 1 1 1
   1128    7    2    6 1 1 1
   1129    7    3    1 1 1 1
   1130    7    3    2 1 1 1
   1131    7    3    3 1 1 1
   1132    7    3    4 1 1 1
   1133    7    3    5 1 1 1
   1134    7    3    6 1 1 1
   1135    7    4    1 1 1 1
   1136    7    4    2 1 1 1
   1137    7    4    3 1 1 1
   1138    7    4    4 1 1 1
   1139    7    4    5 1 1 1
   1140    7    4    6 1 1 1
   1141    7    5    1 1 1 1
   1142    7    5    2 1 1 1
   1143    7    5    3 1 1 1
   1144    7    5    4 1 1 1
   1145    7    5    5 1 1 1
   1146    7    5    6 1 1 1
   1147    7    6    1 1 1 1
   1148    7    6    2 1 1 1
   1149    7    6    3 1 1 1
   1150    7    6    4 1 1 1
   1151    7    6    5 1 1 1
   1152    7    6    6 1 1 1
   1153    7    7    1 1 1 1
   1154    7    7    2 1 1 1
   1155    7    7    3 1 1 1
   1156    7    7    4 1 1 1
   1157    7    7    5 1 1 1
   1158    7    7    6 1 1 1
   1159    7    8    1 1 1 1
   1160    7    8    2 1 1 1
   1161    7    8    3 1 1 1
   1162    7    8    4 1 1 1
   1163    7    8    5 1 1 1
   1164    7    8    6 1 1 1
   1165    7    9    1 1 1 1
   1166    7    9    2 1 1 1
   1167    7    9    3 1 1 1
   1168    7    9    4 1 1 1
   1169    7    9    5 1 1 1
   1170    7    9    6 1 1 1
   1171    7   10    1 1 1 1
   1172    7   10    2 1 1 1
   1173    7   10    3 1 1 1
   1174    7   10    4 1 1 1
   1175    7   10    5 1 1 1
   1176    7   10    6 1 1 1
   1177    7   11    1 1 1 1
   1178    7   11    2 1 1 1
   1179    7   11    3 1 1 1
   1180    7   11    4 1 1 1
   1181    7   11    5 1 1 1
   1182    7   11    6 1 1 1
   1183    7   12    1 1 1 1
   1184    7   12    2 1 1 1
   1185    7   12    3 1 1 1
   1186    7   12    4 1 1 1
   1187    7   12    5 1 1 1
   1188    7   12    6 1 1 1
   1189    7   13    1 1 1 1
   1190    7   13    2 1 1 1
   1191    7   13    3 1 1 1
   1192    7   13    4 1 1 1
   1193    7   13    5 1 1 1
   1194    7   13    6 1 1 1
   1195    7   14    1 1 1 1
   1196    7   14    2 1 1 1
   1197    7   14    3 1 1 1
   1198    7   14    4 1 1 1
   1199    7   14    5 1 1 1
   1200    7   14    6 1 1 1
   1201    7   15    1 1 1 1
   1202    7   15    2 1 1 1
   1203    7   15    3 1 1 1
   1204    7   15    4 1 1 1
   1205    7   15    5 1 1 1
   1206    7   15    6 1 1 1
   1207    7   16    1 1 1 1
   1208    7   16    2 1 1 1
   1209    7   16    3 1 1 1
   1210    7   16    4 1 1 1
   1211    7   16    5 1 1 1
   1212    7   16    6 1 1 1
   1213    7   17    1 1 1 1
   1214    7   17    2 1 1 1
   1215    7   17    3 1 1 1
   1216    7   17    4 1 1 1
   1217    7   17    5 1 1 1
   1218    7   17    6 1 1 1
   1219    7   18    1 1 1 1
   1220    7   18    2 1 1 1
   1221    7   18    3 1 1 1
   1222    7   18    4 1 1 1
   1223    7   18    5 1 1 1
   1224    7   18    6 1 1 1
   1225    7   19    1 1 1 1
   1226    7   19    2 1 1 1
   1227    7   19    3 1 1 1
   1228    7   19    4 1 1 1
   1229    7   19    5 1 1 1
   1230    7   19    6 1 1 1
   1231    7   20    1 1 1 1
   1232    7   20    2 1 1 1
   1233    7   20    3 1 1 1
   1234    7   20    4 1 1 1
   1235    7   20    5 1 1 1
   1236    7   20    6 1 1 1
   1237    7   21    1 1 1 1
   1238    7   21    2 1 1 1
   1239    7   21    3 1 1 1
   1240    7   21    4 1 1 1
   1241    7   21    5 1 1 1
   1242    7   21    6 1 1 1
   1243    7   22    1 1 1 1
   1244    7   22    2 1 1 1
   1245    7   22    3 1 1 1
   1246    7   22    4 1 1 1
   1247    7   22    5 1 1 1
   1248    7   22    6 1 1 1
   1249    7   23    1 1 1 1
   1250    7   23    2 1 1 1
   1251    7   23    3 1 1 1
   1252    7   23    4 1 1 1
   1253    7   23    5 1 1 1
   1254    7   23    6 1 1 1
   1255    7   24    1 1 1 1
   1256    7   24    2 1 1 1
   1257    7   24    3 1 1 1
   1258    7   24    4 1 1 1
   1259    7   24    5 1 1 1
   1260    7   24    6 1 1 1
   1261    7   25    1 1 1 1
   1262    7   25    2 1 1 1
   1263    7   25    3 1 1 1
   1264    7   25    4 1 1 1
   1265    7   25    5 1 1 1
   1266    7   25    6 1 1 1
   1267    7   26    1 1 1 1
   1268    7   26    2 1 1 1
   1269    7   26    3 1 1 1
   1270    7   26    4 1 1 1
   1271    7   26    5 1 1 1
   1272    7   26    6 1 1 1
   1273    7   27    1 1 1 1
   1274    7   27    2 1 1 1
   1275    7   27    3 1 1 1
   1276    7   27    4 1 1 1
   1277    7   27    5 1 1 1
   1278    7   27    6 1 1 1
   1279    7   28    1 1 1 1
   1280    7   28    2 1 1 1
   1281    7   28    3 1 1 1
   1282    7   28    4 1 1 1
   1283    7   28    5 1 1 1
   1284    7   28    6 1 1 1
   1285    7   29    1 1 1 1
   1286    7   29    2 1 1 1
   1287    7   29    3 1 1 1
   1288    7   29    4 1 1 1
   1289    7   29    5 1 1 1
   1290    7   29    6 1 1 1
   1291    7   30    1 1 1 1
   1292    7   30    2 1 1 1
   1293    7   30    3 1 1 1
   1294    7   30    4 1 1 1
   1295    7   30    5 1 1 1
   1296    7   30    6 1 1 1
   1297    7   31    1 1 1 1
   1298    7   31    2 1 1 1
   1299    7   31    3 1 1 1
   1300    7   31    4 1 1 1
   1301    7   31    5 1 1 1
   1302    7   31    6 1 1 1
   1303    8    1    1 1 1 1
   1304    8    1    2 1 1 1
   1305    8    1    3 1 1 1
   1306    8    1    4 1 1 1
   1307    8    1    5 1 1 1
   1308    8    1    6 1 1 1
   1309    8    2    1 1 1 1
   1310    8    2    2 1 1 1
   1311    8    2    3 1 1 1
   1312    8    2    4 1 1 1
   1313    8    2    5 1 1 1
   1314    8    2    6 1 1 1
   1315    8    3    1 1 1 1
   1316    8    3    2 1 1 1
   1317    8    3    3 1 1 1
   1318    8    3    4 1 1 1
   1319    8    3    5 1 1 1
   1320    8    3    6 1 1 1
   1321    8    4    1 1 1 1
   1322    8    4    2 1 1 1
   1323    8    4    3 1 1 1
   1324    8    4    4 1 1 1
   1325    8    4    5 1 1 1
   1326    8    4    6 1 1 1
   1327    8    5    1 1 1 1
   1328    8    5    2 1 1 1
   1329    8    5    3 1 1 1
   1330    8    5    4 1 1 1
   1331    8    5    5 1 1 1
   1332    8    5    6 1 1 1
   1333    8    6    1 1 1 1
   1334    8    6    2 1 1 1
   1335    8    6    3 1 1 1
   1336    8    6    4 1 1 1
   1337    8    6    5 1 1 1
   1338    8    6    6 1 1 1
   1339    8    7    1 1 1 1
   1340    8    7    2 1 1 1
   1341    8    7    3 1 1 1
   1342    8    7    4 1 1 1
   1343    8    7    5 1 1 1
   1344    8    7    6 1 1 1
   1345    8    8    1 1 1 1
   1346    8    8    2 1 1 1
   1347    8    8    3 1 1 1
   1348    8    8    4 1 1 1
   1349    8    8    5 1 1 1
   1350    8    8    6 1 1 1
   1351    8    9    1 1 1 1
   1352    8    9    2 1 1 1
   1353    8    9    3 1 1 1
   1354    8    9    4 1 1 1
   1355    8    9    5 1 1 1
   1356    8    9    6 1 1 1
   1357    8   10    1 1 1 1
   1358    8   10    2 1 1 1
   1359    8   10    3 1 1 1
   1360    8   10    4 1 1 1
   1361    8   10    5 1 1 1
   1362    8   10    6 1 1 1
   1363    8   11    1 1 1 1
   1364    8   11    2 1 1 1
   1365    8   11    3 1 1 1
   1366    8   11    4 1 1 1
   1367    8   11    5 1 1 1
   1368    8   11    6 1 1 1
   1369    8   12    1 1 1 1
   1370    8   12    2 1 1 1
   1371    8   12    3 1 1 1
   1372    8   12    4 1 1 1
   1373    8   12    5 1 1 1
   1374    8   12    6 1 1 1
   1375    8   13    1 1 1 1
   1376    8   13    2 1 1 1
   1377    8   13    3 1 1 1
   1378    8   13    4 1 1 1
   1379    8   13    5 1 1 1
   1380    8   13    6 1 1 1
   1381    8   14    1 1 1 1
   1382    8   14    2 1 1 1
   1383    8   14    3 1 1 1
   1384    8   14    4 1 1 1
   1385    8   14    5 1 1 1
   1386    8   14    6 1 1 1
   1387    8   15    1 1 1 1
   1388    8   15    2 1 1 1
   1389    8   15    3 1 1 1
   1390    8   15    4 1 1 1
   1391    8   15    5 1 1 1
   1392    8   15    6 1 1 1
   1393    8   16    1 1 1 1
   1394    8   16    2 1 1 1
   1395    8   16    3 1 1 1
   1396    8   16    4 1 1 1
   1397    8   16    5 1 1 1
   1398    8   16    6 1 1 1
   1399    8   17    1 1 1 1
   1400    8   17    2 1 1 1
   1401    8   17    3 1 1 1
   1402    8   17    4 1 1 1
   1403    8   17    5 1 1 1
   1404    8   17    6 1 1 1
   1405    8   18    1 1 1 1
   1406    8   18    2 1 1 1
   1407    8   18    3 1 1 1
   1408    8   18    4 1 1 1
   1409    8   18    5 1 1 1
   1410    8   18    6 1 1 1
   1411    8   19    1 1 1 1
   1412    8   19    2 1 1 1
   1413    8   19    3 1 1 1
   1414    8   19    4 1 1 1
   1415    8   19    5 1 1 1
   1416    8   19    6 1 1 1
   1417    8   20    1 1 1 1
   1418    8   20    2 1 1 1
   1419    8   20    3 1 1 1
   1420    8   20    4 1 1 1
   1421    8   20    5 1 1 1
   1422    8   20    6 1 1 1
   1423    8   21    1 1 1 1
   1424    8   21    2 1 1 1
   1425    8   21    3 1 1 1
   1426    8   21    4 1 1 1
   1427    8   21    5 1 1 1
   1428    8   21    6 1 1 1
   1429    8   22    1 1 1 1
   1430    8   22    2 1 1 1
   1431    8   22    3 1 1 1
   1432    8   22    4 1 1 1
   1433    8   22    5 1 1 1
   1434    8   22    6 1 1 1
   1435    8   23    1 1 1 1
   1436    8   23    2 1 1 1
   1437    8   23    3 1 1 1
   1438    8   23    4 1 1 1
   1439    8   23    5 1 1 1
   1440    8   23    6 1 1 1
   1441    8   24    1 1 1 1
   1442    8   24    2 1 1 1
   1443    8   24    3 1 1 1
   1444    8   24    4 1 1 1
   1445    8   24    5 1 1 1
   1446    8   24    6 1 1 1
   1447    8   25    1 1 1 1
   1448    8   25    2 1 1 1
   1449    8   25    3 1 1 1
   1450    8   25    4 1 1 1
   1451    8   25    5 1 1 1
   1452    8   25    6 1 1 1
   1453    8   26    1 1 1 1
   1454    8   26    2 1 1 1
   1455    8   26    3 1 1 1
   1456    8   26    4 1 1 1
   1457    8   26    5 1 1 1
   1458    8   26    6 1 1 1
   1459    8   27    1 1 1 1
   1460    8   27    2 1 1 1
   1461    8   27    3 1 1 1
   1462    8   27    4 1 1 1
   1463    8   27    5 1 1 1
   1464    8   27    6 1 1 1
   1465    8   28    1 1 1 1
   1466    8   28    2 1 1 1
   1467    8   28    3 1 1 1
   1468    8   28    4 1 1 1
   1469    8   28    5 1 1 1
   1470    8   28    6 1 1 1
   1471    8   29    1 1 1 1
   1472    8   29    2 1 1 1
   1473    8   29    3 1 1 1
   1474    8   29    4 1 1 1
   1475    8   29    5 1 1 1
   1476    8   29    6 1 1 1
   1477    8   30    1 1 1 1
   1478    8   30    2 1 1 1
   1479    8   30    3 1 1 1
   1480    8   30    4 1 1 1
   1481    8   30    5 1 1 1
   1482    8   30    6 1 1 1
   1483    8   31    1 1 1 1
   1484    8   31    2 1 1 1
   1485    8   31    3 1 1 1
   1486    8   31    4 1 1 1
   1487    8   31    5 1 1 1
   1488    8   31    6 1 1 1
   1489    9    1    1 1 1 1
   1490    9    1    2 1 1 1
   1491    9    1    3 1 1 1
   1492    9    1    4 1 1 1
   1493    9    1    5 1 1 1
   1494    9    1    6 1 1 1
   1495    9    2    1 1 1 1
   1496    9    2    2 1 1 1
   1497    9    2    3 1 1 1
   1498    9    2    4 1 1 1
   1499    9    2    5 1 1 1
   1500    9    2    6 1 1 1
   1501    9    3    1 1 1 1
   1502    9    3    2 1 1 1
   1503    9    3    3 1 1 1
   1504    9    3    4 1 1 1
   1505    9    3    5 1 1 1
   1506    9    3    6 1 1 1
   1507    9    4    1 1 1 1
   1508    9    4    2 1 1 1
   1509    9    4    3 1 1 1
   1510    9    4    4 1 1 1
   1511    9    4    5 1 1 1
   1512    9    4    6 1 1 1
   1513    9    5    1 1 1 1
   1514    9    5    2 1 1 1
   1515    9    5    3 1 1 1
   1516    9    5    4 1 1 1
   1517    9    5    5 1 1 1
   1518    9    5    6 1 1 1
   1519    9    6    1 1 1 1
   1520    9    6    2 1 1 1
   1521    9    6    3 1 1 1
   1522    9    6    4 1 1 1
   1523    9    6    5 1 1 1
   1524    9    6    6 1 1 1
   1525    9    7    1 1 1 1
   1526    9    7    2 1 1 1
   1527    9    7    3 1 1 1
   1528    9    7    4 1 1 1
   1529    9    7    5 1 1 1
   1530    9    7    6 1 1 1
   1531    9    8    1 1 1 1
   1532    9    8    2 1 1 1
   1533    9    8    3 1 1 1
   1534    9    8    4 1 1 1
   1535    9    8    5 1 1 1
   1536    9    8    6 1 1 1
   1537    9    9    1 1 1 1
   1538    9    9    2 1 1 1
   1539    9    9    3 1 1 1
   1540    9    9    4 1 1 1
   1541    9    9    5 1 1 1
   1542    9    9    6 1 1 1
   1543    9   10    1 1 1 1
   1544    9   10    2 1 1 1
   1545    9   10    3 1 1 1
   1546    9   10    4 1 1 1
   1547    9   10    5 1 1 1
   1548    9   10    6 1 1 1
   1549    9   11    1 1 1 1
   1550    9   11    2 1 1 1
   1551    9   11    3 1 1 1
   1552    9   11    4 1 1 1
   1553    9   11    5 1 1 1
   1554    9   11    6 1 1 1
   1555    9   12    1 1 1 1
   1556    9   12    2 1 1 1
   1557    9   12    3 1 1 1
   1558    9   12    4 1 1 1
   1559    9   12    5 1 1 1
   1560    9   12    6 1 1 1
   1561    9   13    1 1 1 1
   1562    9   13    2 1 1 1
   1563    9   13    3 1 1 1
   1564    9   13    4 1 1 1
   1565    9   13    5 1 1 1
   1566    9   13    6 1 1 1
   1567    9   14    1 1 1 1
   1568    9   14    2 1 1 1
   1569    9   14    3 1 1 1
   1570    9   14    4 1 1 1
   1571    9   14    5 1 1 1
   1572    9   14    6 1 1 1
   1573    9   15    1 1 1 1
   1574    9   15    2 1 1 1
   1575    9   15    3 1 1 1
   1576    9   15    4 1 1 1
   1577    9   15    5 1 1 1
   1578    9   15    6 1 1 1
   1579    9   16    1 1 1 1
   1580    9   16    2 1 1 1
   1581    9   16    3 1 1 1
   1582    9   16    4 1 1 1
   1583    9   16    5 1 1 1
   1584    9   16    6 1 1 1
   1585    9   17    1 1 1 1
   1586    9   17    2 1 1 1
   1587    9   17    3 1 1 1
   1588    9   17    4 1 1 1
   1589    9   17    5 1 1 1
   1590    9   17    6 1 1 1
   1591    9   18    1 1 1 1
   1592    9   18    2 1 1 1
   1593    9   18    3 1 1 1
   1594    9   18    4 1 1 1
   1595    9   18    5 1 1 1
   1596    9   18    6 1 1 1
   1597    9   19    1 1 1 1
   1598    9   19    2 1 1 1
   1599    9   19    3 1 1 1
   1600    9   19    4 1 1 1
   1601    9   19    5 1 1 1
   1602    9   19    6 1 1 1
   1603    9   20    1 1 1 1
   1604    9   20    2 1 1 1
   1605    9   20    3 1 1 1
   1606    9   20    4 1 1 1
   1607    9   20    5 1 1 1
   1608    9   20    6 1 1 1
   1609    9   21    1 1 1 1
   1610    9   21    2 1 1 1
   1611    9   21    3 1 1 1
   1612    9   21    4 1 1 1
   1613    9   21    5 1 1 1
   1614    9   21    6 1 1 1
   1615    9   22    1 1 1 1
   1616    9   22    2 1 1 1
   1617    9   22    3 1 1 1
   1618    9   22    4 1 1 1
   1619    9   22    5 1 1 1
   1620    9   22    6 1 1 1
   1621    9   23    1 1 1 1
   1622    9   23    2 1 1 1
   1623    9   23    3 1 1 1
   1624    9   23    4 1 1 1
   1625    9   23    5 1 1 1
   1626    9   23    6 1 1 1
   1627    9   24    1 1 1 1
   1628    9   24    2 1 1 1
   1629    9   24    3 1 1 1
   1630    9   24    4 1 1 1
   1631    9   24    5 1 1 1
   1632    9   24    6 1 1 1
   1633    9   25    1 1 1 1
   1634    9   25    2 1 1 1
   1635    9   25    3 1 1 1
   1636    9   25    4 1 1 1
   1637    9   25    5 1 1 1
   1638    9   25    6 1 1 1
   1639    9   26    1 1 1 1
   1640    9   26    2 1 1 1
   1641    9   26    3 1 1 1
   1642    9   26    4 1 1 1
   1643    9   26    5 1 1 1
   1644    9   26    6 1 1 1
   1645    9   27    1 1 1 1
   1646    9   27    2 1 1 1
   1647    9   27    3 1 1 1
   1648    9   27    4 1 1 1
   1649    9   27    5 1 1 1
   1650    9   27    6 1 1 1
   1651    9   28    1 1 1 1
   1652    9   28    2 1 1 1
   1653    9   28    3 1 1 1
   1654    9   28    4 1 1 1
   1655    9   28    5 1 1 1
   1656    9   28    6 1 1 1
   1657    9   29    1 1 1 1
   1658    9   29    2 1 1 1
   1659    9   29    3 1 1 1
   1660    9   29    4 1 1 1
   1661    9   29    5 1 1 1
   1662    9   29    6 1 1 1
   1663    9   30    1 1 1 1
   1664    9   30    2 1 1 1
   1665    9   30    3 1 1 1
   1666    9   30    4 1 1 1
   1667    9   30    5 1 1 1
   1668    9   30    6 1 1 1
   1669    9   31    1 1 1 1
   1670    9   31    2 1 1 1
   1671    9   31    3 1 1 1
   1672    9   31    4 1 1 1
   1673    9   31    5 1 1 1
   1674    9   31    6 1 1 1
   1675   10    1    1 1 1 1
   1676   10    1    2 1 1 1
   1677   10    1    3 1 1 1
   1678   10    1    4 1 1 1
   1679   10    1    5 1 1 1
   1680   10    1    6 1 1 1
   1681   10    2    1 1 1 1
   1682   10    2    2 1 1 1
   1683   10    2    3 1 1 1
   1684   10    2    4 1 1 1
   1685   10    2    5 1 1 1
   1686   10    2    6 1 1 1
   1687   10    3    1 1 1 1
   1688   10    3    2 1 1 1
   1689   10    3    3 1 1 1
   1690   10    3    4 1 1 1
   1691   10    3    5 1 1 1
   1692   10    3    6 1 1 1
   1693   10    4    1 1 1 1
   1694   10    4    2 1 1 1
   1695   10    4    3 1 1 1
   1696   10    4    4 1 1 1
   1697   10    4    5 1 1 1
   1698   10    4    6 1 1 1
   1699   10    5    1 1 1 1
   1700   10    5    2 1 1 1
   1701   10    5    3 1 1 1
   1702   10    5    4 1 1 1
   1703   10    5    5 1 1 1
   1704   10    5    6 1 1 1
   1705   10    6    1 1 1 1
   1706   10    6    2 1 1 1
   1707   10    6    3 1 1 1
   1708   10    6    4 1 1 1
   1709   10    6    5 1 1 1
   1710   10    6    6 1 1 1
   1711   10    7    1 1 1 1
   1712   10    7    2 1 1 1
   1713   10    7    3 1 1 1
   1714   10    7    4 1 1 1
   1715   10    7    5 1 1 1
   1716   10    7    6 1 1 1
   1717   10    8    1 1 1 1
   1718   10    8    2 1 1 1
   1719   10    8    3 1 1 1
   1720   10    8    4 1 1 1
   1721   10    8    5 1 1 1
   1722   10    8    6 1 1 1
   1723   10    9    1 1 1 1
   1724   10    9    2 1 1 1
   1725   10    9    3 1 1 1
   1726   10    9    4 1 1 1
   1727   10    9    5 1 1 1
   1728   10    9    6 1 1 1
   1729   10   10    1 1 1 1
   1730   10   10    2 1 1 1
   1731   10   10    3 1 1 1
   1732   10   10    4 1 1 1
   1733   10   10    5 1 1 1
   1734   10   10    6 1 1 1
   1735   10   11    1 1 1 1
   1736   10   11    2 1 1 1
   1737   10   11    3 1 1 1
   1738   10   11    4 1 1 1
   1739   10   11    5 1 1 1
   1740   10   11    6 1 1 1
   1741   10   12    1 1 1 1
   1742   10   12    2 1 1 1
   1743   10   12    3 1 1 1
   1744   10   12    4 1 1 1
   1745   10   12    5 1 1 1
   1746   10   12    6 1 1 1
   1747   10   13    1 1 1 1
   1748   10   13    2 1 1 1
   1749   10   13    3 1 1 1
   1750   10   13    4 1 1 1
   1751   10   13    5 1 1 1
   1752   10   13    6 1 1 1
   1753   10   14    1 1 1 1
   1754   10   14    2 1 1 1
   1755   10   14    3 1 1 1
   1756   10   14    4 1 1 1
   1757   10   14    5 1 1 1
   1758   10   14    6 1 1 1
   1759   10   15    1 1 1 1
   1760   10   15    2 1 1 1
   1761   10   15    3 1 1 1
   1762   10   15    4 1 1 1
   1763   10   15    5 1 1 1
   1764   10   15    6 1 1 1
   1765   10   16    1 1 1 1
   1766   10   16    2 1 1 1
   1767   10   16    3 1 1 1
   1768   10   16    4 1 1 1
   1769   10   16    5 1 1 1
   1770   10   16    6 1 1 1
   1771   10   17    1 1 1 1
   1772   10   17    2 1 1 1
   1773   10   17    3 1 1 1
   1774   10   17    4 1 1 1
   1775   10   17    5 1 1 1
   1776   10   17    6 1 1 1
   1777   10   18    1 1 1 1
   1778   10   18    2 1 1 1
   1779   10   18    3 1 1 1
   1780   10   18    4 1 1 1
   1781   10   18    5 1 1 1
   1782   10   18    6 1 1 1
   1783   10   19    1 1 1 1
   1784   10   19    2 1 1 1
   1785   10   19    3 1 1 1
   1786   10   19    4 1 1 1
   1787   10   19    5 1 1 1
   1788   10   19    6 1 1 1
   1789   10   20    1 1 1 1
   1790   10   20    2 1 1 1
   1791   10   20    3 1 1 1
   1792   10   20    4 1 1 1
   1793   10   20    5 1 1 1
   1794   10   20    6 1 1 1
   1795   10   21    1 1 1 1
   1796   10   21    2 1 1 1
   1797   10   21    3 1 1 1
   1798   10   21    4 1 1 1
   1799   10   21    5 1 1 1
   1800   10   21    6 1 1 1
   1801   10   22    1 1 1 1
   1802   10   22    2 1 1 1
   1803   10   22    3 1 1 1
   1804   10   22    4 1 1 1
   1805   10   22    5 1 1 1
   1806   10   22    6 1 1 1
   1807   10   23    1 1 1 1
   1808   10   23    2 1 1 1
   1809   10   23    3 1 1 1
   1810   10   23    4 1 1 1
   1811   10   23    5 1 1 1
   1812   10   23    6 1 1 1
   1813   10   24    1 1 1 1
   1814   10   24    2 1 1 1
   1815   10   24    3 1 1 1
   1816   10   24    4 1 1 1
   1817   10   24    5 1 1 1
   1818   10   24    6 1 1 1
   1819   10   25    1 1 1 1
   1820   10   25    2 1 1 1
   1821   10   25    3 1 1 1
   1822   10   25    4 1 1 1
   1823   10   25    5 1 1 1
   1824   10   25    6 1 1 1
   1825   10   26    1 1 1 1
   1826   10   26    2 1 1 1
   1827   10   26    3 1 1 1
   1828   10   26    4 1 1 1
   1829   10   26    5 1 1 1
   1830   10   26    6 1 1 1
   1831   10   27    1 1 1 1
   1832   10   27    2 1 1 1
   1833   10   27    3 1 1 1
   1834   10   27    4 1 1 1
   1835   10   27    5 1 1 1
   1836   10   27    6 1 1 1
   1837   10   28    1 1 1 1
   1838   10   28    2 1 1 1
   1839   10   28    3 1 1 1
   1840   10   28    4 1 1 1
   1841   10   28    5 1 1 1
   1842   10   28    6 1 1 1
   1843   10   29    1 1 1 1
   1844   10   29    2 1 1 1
   1845   10   29    3 1 1 1
   1846   10   29    4 1 1 1
   1847   10   29    5 1 1 1
   1848   10   29    6 1 1 1
   1849   10   30    1 1 1 1
   1850   10   30    2 1 1 1
   1851   10   30    3 1 1 1
   1852   10   30    4 1 1 1
   1853   10   30    5 1 1 1
   1854   10   30    6 1 1 1
   1855   10   31    1 1 1 1
   1856   10   31    2 1 1 1
   1857   10   31    3 1 1 1
   1858   10   31    4 1 1 1
   1859   10   31    5 1 1 1
   1860   10   31    6 1 1 1
   1861   11    1    1 1 1 1
   1862   11    1    2 1 1 1
   1863   11    1    3 1 1 1
   1864   11    1    4 1 1 1
   1865   11    1    5 1 1 1
   1866   11    1    6 1 1 1
   1867   11    2    1 1 1 1
   1868   11    2    2 1 1 1
   1869   11    2    3 1 1 1
   1870   11    2    4 1 1 1
   1871   11    2    5 1 1 1
   1872   11    2    6 1 1 1
   1873   11    3    1 1 1 1
   1874   11    3    2 1 1 1
   1875   11    3    3 1 1 1
   1876   11    3    4 1 1 1
   1877   11    3    5 1 1 1
   1878   11    3    6 1 1 1
   1879   11    4    1 1 1 1
   1880   11    4    2 1 1 1
   1881   11    4    3 1 1 1
   1882   11    4    4 1 1 1
   1883   11    4    5 1 1 1
   1884   11    4    6 1 1 1
   1885   11    5    1 1 1 1
   1886   11    5    2 1 1 1
   1887   11    5    3 1 1 1
   1888   11    5    4 1 1 1
   1889   11    5    5 1 1 1
   1890   11    5    6 1 1 1
   1891   11    6    1 1 1 1
   1892   11    6    2 1 1 1
   1893   11    6    3 1 1 1
   1894   11    6    4 1 1 1
   1895   11    6    5 1 1 1
   1896   11    6    6 1 1 1
   1897   11    7    1 1 1 1
   1898   11    7    2 1 1 1
   1899   11    7    3 1 1 1
   1900   11    7    4 1 1 1
   1901   11    7    5 1 1 1
   1902   11    7    6 1 1 1
   1903   11    8    1 1 1 1
   1904   11    8    2 1 1 1
   1905   11    8    3 1 1 1
   1906   11    8    4 1 1 1
   1907   11    8    5 1 1 1
   1908   11    8    6 1 1 1
   1909   11    9    1 1 1 1
   1910   11    9    2 1 1 1
   1911   11    9    3 1 1 1
   1912   11    9    4 1 1 1
   1913   11    9    5 1 1 1
   1914   11    9    6 1 1 1
   1915   11   10    1 1 1 1
   1916   11   10    2 1 1 1
   1917   11   10    3 1 1 1
   1918   11   10    4 1 1 1
   1919   11   10    5 1 1 1
   1920   11   10    6 1 1 1
   1921   11   11    1 1 1 1
   1922   11   11    2 1 1 1
   1923   11   11    3 1 1 1
   1924   11   11    4 1 1 1
   1925   11   11    5 1 1 1
   1926   11   11    6 1 1 1
   1927   11   12    1 1 1 1
   1928   11   12    2 1 1 1
   1929   11   12    3 1 1 1
   1930   11   12    4 1 1 1
   1931   11   12    5 1 1 1
   1932   11   12    6 1 1 1
   1933   11   13    1 1 1 1
   1934   11   13    2 1 1 1
   1935   11   13    3 1 1 1
   1936   11   13    4 1 1 1
   1937   11   13    5 1 1 1
   1938   11   13    6 1 1 1
   1939   11   14    1 1 1 1
   1940   11   14    2 1 1 1
   1941   11   14    3 1 1 1
   1942   11   14    4 1 1 1
   1943   11   14    5 1 1 1
   1944   11   14    6 1 1 1
   1945   11   15    1 1 1 1
   1946   11   15    2 1 1 1
   1947   11   15    3 1 1 1
   1948   11   15    4 1 1 1
   1949   11   15    5 1 1 1
   1950   11   15    6 1 1 1
   1951   11   16    1 1 1 1
   1952   11   16    2 1 1 1
   1953   11   16    3 1 1 1
   1954   11   16    4 1 1 1
   1955   11   16    5 1 1 1
   1956   11   16    6 1 1 1
   1957   11   17    1 1 1 1
   1958   11   17    2 1 1 1
   1959   11   17    3 1 1 1
   1960   11   17    4 1 1 1
   1961   11   17    5 1 1 1
   1962   11   17    6 1 1 1
   1963   11   18    1 1 1 1
   1964   11   18    2 1 1 1
   1965   11   18    3 1 1 1
   1966   11   18    4 1 1 1
   1967   11   18    5 1 1 1
   1968   11   18    6 1 1 1
   1969   11   19    1 1 1 1
   1970   11   19    2 1 1 1
   1971   11   19    3 1 1 1
   1972   11   19    4 1 1 1
   1973   11   19    5 1 1 1
   1974   11   19    6 1 1 1
   1975   11   20    1 1 1 1
   1976   11   20    2 1 1 1
   1977   11   20    3 1 1 1
   1978   11   20    4 1 1 1
   1979   11   20    5 1 1 1
   1980   11   20    6 1 1 1
   1981   11   21    1 1 1 1
   1982   11   21    2 1 1 1
   1983   11   21    3 1 1 1
   1984   11   21    4 1 1 1
   1985   11   21    5 1 1 1
   1986   11   21    6 1 1 1
   1987   11   22    1 1 1 1
   1988   11   22    2 1 1 1
   1989   11   22    3 1 1 1
   1990   11   22    4 1 1 1
   1991   11   22    5 1 1 1
   1992   11   22    6 1 1 1
   1993   11   23    1 1 1 1
   1994   11   23    2 1 1 1
   1995   11   23    3 1 1 1
   1996   11   23    4 1 1 1
   1997   11   23    5 1 1 1
   1998   11   23    6 1 1 1
   1999   11   24    1 1 1 1
   2000   11   24    2 1 1 1
   2001   11   24    3 1 1 1
   2002   11   24    4 1 1 1
   2003   11   24    5 1 1 1
   2004   11   24    6 1 1 1
   2005   11   25    1 1 1 1
   2006   11   25    2 1 1 1
   2007   11   25    3 1 1 1
   2008   11   25    4 1 1 1
   2009   11   25    5 1 1 1
   2010   11   25    6 1 1 1
   2011   11   26    1 1 1 1
   2012   11   26    2 1 1 1
   2013   11   26    3 1 1 1
   2014   11   26    4 1 1 1
   2015   11   26    5 1 1 1
   2016   11   26    6 1 1 1
   2017   11   27    1 1 1 1
   2018   11   27    2 1 1 1
   2019   11   27    3 1 1 1
   2020   11   27    4 1 1 1
   2021   11   27    5 1 1 1
   2022   11   27    6 1 1 1
   2023   11   28    1 1 1 1
   2024   11   28    2 1 1 1
   2025   11   28    3 1 1 1
   2026   11   28    4 1 1 1
   2027   11   28    5 1 1 1
   2028   11   28    6 1 1 1
   2029   11   29    1 1 1 1
   2030   11   29    2 1 1 1
   2031   11   29    3 1 1 1
   2032   11   29    4 1 1 1
   2033   11   29    5 1 1 1
   2034   11   29    6 1 1 1
   2035   11   30    1 1 1 1
   2036   11   30    2 1 1 1
   2037   11   30    3 1 1 1
   2038   11   30    4 1 1 1
   2039   11   30    5 1 1 1
   2040   11   30    6 1 1 1
   2041   11   31    1 1 1 1
   2042   11   31    2 1 1 1
   2043   11   31    3 1 1 1
   2044   11   31    4 1 1 1
   2045   11   31    5 1 1 1
   2046   11   31    6 1 1 1
   2047   12    1    1 1 1 1
   2048   12    1    2 1 1 1
   2049   12    1    3 1 1 1
   2050   12    1    4 1 1 1
   2051   12    1    5 1 1 1
   2052   12    1    6 1 1 1
   2053   12    2    1 1 1 1
   2054   12    2    2 1 1 1
   2055   12    2    3 1 1 1
   2056   12    2    4 1 1 1
   2057   12    2    5 1 1 1
   2058   12    2    6 1 1 1
   2059   12    3    1 1 1 1
   2060   12    3    2 1 1 1
   2061   12    3    3 1 1 1
   2062   12    3    4 1 1 1
   2063   12    3    5 1 1 1
   2064   12    3    6 1 1 1
   2065   12    4    1 1 1 1
   2066   12    4    2 1 1 1
   2067   12    4    3 1 1 1
   2068   12    4    4 1 1 1
   2069   12    4    5 1 1 1
   2070   12    4    6 1 1 1
   2071   12    5    1 1 1 1
   2072   12    5    2 1 1 1
   2073   12    5    3 1 1 1
   2074   12    5    4 1 1 1
   2075   12    5    5 1 1 1
   2076   12    5    6 1 1 1
   2077   12    6    1 1 1 1
   2078   12    6    2 1 1 1
   2079   12    6    3 1 1 1
   2080   12    6    4 1 1 1
   2081   12    6    5 1 1 1
   2082   12    6    6 1 1 1
   2083   12    7    1 1 1 1
   2084   12    7    2 1 1 1
   2085   12    7    3 1 1 1
   2086   12    7    4 1 1 1
   2087   12    7    5 1 1 1
   2088   12    7    6 1 1 1
   2089   12    8    1 1 1 1
   2090   12    8    2 1 1 1
   2091   12    8    3 1 1 1
   2092   12    8    4 1 1 1
   2093   12    8    5 1 1 1
   2094   12    8    6 1 1 1
   2095   12    9    1 1 1 1
   2096   12    9    2 1 1 1
   2097   12    9    3 1 1 1
   2098   12    9    4 1 1 1
   2099   12    9    5 1 1 1
   2100   12    9    6 1 1 1
   2101   12   10    1 1 1 1
   2102   12   10    2 1 1 1
   2103   12   10    3 1 1 1
   2104   12   10    4 1 1 1
   2105   12   10    5 1 1 1
   2106   12   10    6 1 1 1
   2107   12   11    1 1 1 1
   2108   12   11    2 1 1 1
   2109   12   11    3 1 1 1
   2110   12   11    4 1 1 1
   2111   12   11    5 1 1 1
   2112   12   11    6 1 1 1
   2113   12   12    1 1 1 1
   2114   12   12    2 1 1 1
   2115   12   12    3 1 1 1
   2116   12   12    4 1 1 1
   2117   12   12    5 1 1 1
   2118   12   12    6 1 1 1
   2119   12   13    1 1 1 1
   2120   12   13    2 1 1 1
   2121   12   13    3 1 1 1
   2122   12   13    4 1 1 1
   2123   12   13    5 1 1 1
   2124   12   13    6 1 1 1
   2125   12   14    1 1 1 1
   2126   12   14    2 1 1 1
   2127   12   14    3 1 1 1
   2128   12   14    4 1 1 1
   2129   12   14    5 1 1 1
   2130   12   14    6 1 1 1
   2131   12   15    1 1 1 1
   2132   12   15    2 1 1 1
   2133   12   15    3 1 1 1
   2134   12   15    4 1 1 1
   2135   12   15    5 1 1 1
   2136   12   15    6 1 1 1
   2137   12   16    1 1 1 1
   2138   12   16    2 1 1 1
   2139   12   16    3 1 1 1
   2140   12   16    4 1 1 1
   2141   12   16    5 1 1 1
   2142   12   16    6 1 1 1
   2143   12   17    1 1 1 1
   2144   12   17    2 1 1 1
   2145   12   17    3 1 1 1
   2146   12   17    4 1 1 1
   2147   12   17    5 1 1 1
   2148   12   17    6 1 1 1
   2149   12   18    1 1 1 1
   2150   12   18    2 1 1 1
   2151   12   18    3 1 1 1
   2152   12   18    4 1 1 1
   2153   12   18    5 1 1 1
   2154   12   18    6 1 1 1
   2155   12   19    1 1 1 1
   2156   12   19    2 1 1 1
   2157   12   19    3 1 1 1
   2158   12   19    4 1 1 1
   2159   12   19    5 1 1 1
   2160   12   19    6 1 1 1
   2161   12   20    1 1 1 1
   2162   12   20    2 1 1 1
   2163   12   20    3 1 1 1
   2164   12   20    4 1 1 1
   2165   12   20    5 1 1 1
   2166   12   20    6 1 1 1
   2167   12   21    1 1 1 1
   2168   12   21    2 1 1 1
   2169   12   21    3 1 1 1
   2170   12   21    4 1 1 1
   2171   12   21    5 1 1 1
   2172   12   21    6 1 1 1
   2173   12   22    1 1 1 1
   2174   12   22    2 1 1 1
   2175   12   22    3 1 1 1
   2176   12   22    4 1 1 1
   2177   12   22    5 1 1 1
   2178   12   22    6 1 1 1
   2179   12   23    1 1 1 1
   2180   12   23    2 1 1 1
   2181   12   23    3 1 1 1
   2182   12   23    4 1 1 1
   2183   12   23    5 1 1 1
   2184   12   23    6 1 1 1
   2185   12   24    1 1 1 1
   2186   12   24    2 1 1 1
   2187   12   24    3 1 1 1
   2188   12   24    4 1 1 1
   2189   12   24    5 1 1 1
   2190   12   24    6 1 1 1
   2191   12   25    1 1 1 1
   2192   12   25    2 1 1 1
   2193   12   25    3 1 1 1
   2194   12   25    4 1 1 1
   2195   12   25    5 1 1 1
   2196   12   25    6 1 1 1
   2197   12   26    1 1 1 1
   2198   12   26    2 1 1 1
   2199   12   26    3 1 1 1
   2200   12   26    4 1 1 1
   2201   12   26    5 1 1 1
   2202   12   26    6 1 1 1
   2203   12   27    1 1 1 1
   2204   12   27    2 1 1 1
   2205   12   27    3 1 1 1
   2206   12   27    4 1 1 1
   2207   12   27    5 1 1 1
   2208   12   27    6 1 1 1
   2209   12   28    1 1 1 1
   2210   12   28    2 1 1 1
   2211   12   28    3 1 1 1
   2212   12   28    4 1 1 1
   2213   12   28    5 1 1 1
   2214   12   28    6 1 1 1
   2215   12   29    1 1 1 1
   2216   12   29    2 1 1 1
   2217   12   29    3 1 1 1
   2218   12   29    4 1 1 1
   2219   12   29    5 1 1 1
   2220   12   29    6 1 1 1
   2221   12   30    1 1 1 1
   2222   12   30    2 1 1 1
   2223   12   30    3 1 1 1
   2224   12   30    4 1 1 1
   2225   12   30    5 1 1 1
   2226   12   30    6 1 1 1
   2227   12   31    1 1 1 1
   2228   12   31    2 1 1 1
   2229   12   31    3 1 1 1
   2230   12   31    4 1 1 1
   2231   12   31    5 1 1 1
   2232   12   31    6 1 1 1
   2233   13    1    1 1 1 1
   2234   13    1    2 1 1 1
   2235   13    1    3 1 1 1
   2236   13    1    4 1 1 1
   2237   13    1    5 1 1 1
   2238   13    1    6 1 1 1
   2239   13    2    1 1 1 1
   2240   13    2    2 1 1 1
   2241   13    2    3 1 1 1
   2242   13    2    4 1 1 1
   2243   13    2    5 1 1 1
   2244   13    2    6 1 1 1
   2245   13    3    1 1 1 1
   2246   13    3    2 1 1 1
   2247   13    3    3 1 1 1
   2248   13    3    4 1 1 1
   2249   13    3    5 1 1 1
   2250   13    3    6 1 1 1
   2251   13    4    1 1 1 1
   2252   13    4    2 1 1 1
   2253   13    4    3 1 1 1
   2254   13    4    4 1 1 1
   2255   13    4    5 1 1 1
   2256   13    4    6 1 1 1
   2257   13    5    1 1 1 1
   2258   13    5    2 1 1 1
   2259   13    5    3 1 1 1
   2260   13    5    4 1 1 1
   2261   13    5    5 1 1 1
   2262   13    5    6 1 1 1
   2263   13    6    1 1 1 1
   2264   13    6    2 1 1 1
   2265   13    6    3 1 1 1
   2266   13    6    4 1 1 1
   2267   13    6    5 1 1 1
   2268   13    6    6 1 1 1
   2269   13    7    1 1 1 1
   2270   13    7    2 1 1 1
   2271   13    7    3 1 1 1
   2272   13    7    4 1 1 1
   2273   13    7    5 1 1 1
   2274   13    7    6 1 1 1
   2275   13    8    1 1 1 1
   2276   13    8    2 1 1 1
   2277   13    8    3 1 1 1
   2278   13    8    4 1 1 1
   2279   13    8    5 1 1 1
   2280   13    8    6 1 1 1
   2281   13    9    1 1 1 1
   2282   13    9    2 1 1 1
   2283   13    9    3 1 1 1
   2284   13    9    4 1 1 1
   2285   13    9    5 1 1 1
   2286   13    9    6 1 1 1
   2287   13   10    1 1 1 1
   2288   13   10    2 1 1 1
   2289   13   10    3 1 1 1
   2290   13   10    4 1 1 1
   2291   13   10    5 1 1 1
   2292   13   10    6 1 1 1
   2293   13   11    1 1 1 1
   2294   13   11    2 1 1 1
   2295   13   11    3 1 1 1
   2296   13   11    4 1 1 1
   2297   13   11    5 1 1 1
   2298   13   11    6 1 1 1
   2299   13   12    1 1 1 1
   2300   13   12    2 1 1 1
   2301   13   12    3 1 1 1
   2302   13   12    4 1 1 1
   2303   13   12    5 1 1 1
   2304   13   12    6 1 1 1
   2305   13   13    1 1 1 1
   2306   13   13    2 1 1 1
   2307   13   13    3 1 1 1
   2308   13   13    4 1 1 1
   2309   13   13    5 1 1 1
   2310   13   13    6 1 1 1
   2311   13   14    1 1 1 1
   2312   13   14    2 1 1 1
   2313   13   14    3 1 1 1
   2314   13   14    4 1 1 1
   2315   13   14    5 1 1 1
   2316   13   14    6 1 1 1
   2317   13   15    1 1 1 1
   2318   13   15    2 1 1 1
   2319   13   15    3 1 1 1
   2320   13   15    4 1 1 1
   2321   13   15    5 1 1 1
   2322   13   15    6 1 1 1
   2323   13   16    1 1 1 1
   2324   13   16    2 1 1 1
   2325   13   16    3 1 1 1
   2326   13   16    4 1 1 1
   2327   13   16    5 1 1 1
   2328   13   16    6 1 1 1
   2329   13   17    1 1 1 1
   2330   13   17    2 1 1 1
   2331   13   17    3 1 1 1
   2332   13   17    4 1 1 1
   2333   13   17    5 1 1 1
   2334   13   17    6 1 1 1
   2335   13   18    1 1 1 1
   2336   13   18    2 1 1 1
   2337   13   18    3 1 1 1
   2338   13   18    4 1 1 1
   2339   13   18    5 1 1 1
   2340   13   18    6 1 1 1
   2341   13   19    1 1 1 1
   2342   13   19    2 1 1 1
   2343   13   19    3 1 1 1
   2344   13   19    4 1 1 1
   2345   13   19    5 1 1 1
   2346   13   19    6 1 1 1
   2347   13   20    1 1 1 1
   2348   13   20    2 1 1 1
   2349   13   20    3 1 1 1
   2350   13   20    4 1 1 1
   2351   13   20    5 1 1 1
   2352   13   20    6 1 1 1
   2353   13   21    1 1 1 1
   2354   13   21    2 1 1 1
   2355   13   21    3 1 1 1
   2356   13   21    4 1 1 1
   2357   13   21    5 1 1 1
   2358   13   21    6 1 1 1
   2359   13   22    1 1 1 1
   2360   13   22    2 1 1 1
   2361   13   22    3 1 1 1
   2362   13   22    4 1 1 1
   2363   13   22    5 1 1 1
   2364   13   22    6 1 1 1
   2365   13   23    1 1 1 1
   2366   13   23    2 1 1 1
   2367   13   23    3 1 1 1
   2368   13   23    4 1 1 1
   2369   13   23    5 1 1 1
   2370   13   23    6 1 1 1
   2371   13   24    1 1 1 1
   2372   13   24    2 1 1 1
   2373   13   24    3 1 1 1
   2374   13   24    4 1 1 1
   2375   13   24    5 1 1 1
   2376   13   24    6 1 1 1
   2377   13   25    1 1 1 1
   2378   13   25    2 1 1 1
   2379   13   25    3 1 1 1
   2380   13   25    4 1 1 1
   2381   13   25    5 1 1 1
   2382   13   25    6 1 1 1
   2383   13   26    1 1 1 1
   2384   13   26    2 1 1 1
   2385   13   26    3 1 1 1
   2386   13   26    4 1 1 1
   2387   13   26    5 1 1 1
   2388   13   26    6 1 1 1
   2389   13   27    1 1 1 1
   2390   13   27    2 1 1 1
   2391   13   27    3 1 1 1
   2392   13   27    4 1 1 1
   2393   13   27    5 1 1 1
   2394   13   27    6 1 1 1
   2395   13   28    1 1 1 1
   2396   13   28    2 1 1 1
   2397   13   28    3 1 1 1
   2398   13   28    4 1 1 1
   2399   13   28    5 1 1 1
   2400   13   28    6 1 1 1
   2401   13   29    1 1 1 1
   2402   13   29    2 1 1 1
   2403   13   29    3 1 1 1
   2404   13   29    4 1 1 1
   2405   13   29    5 1 1 1
   2406   13   29    6 1 1 1
   2407   13   30    1 1 1 1
   2408   13   30    2 1 1 1
   2409   13   30    3 1 1 1
   2410   13   30    4 1 1 1
   2411   13   30    5 1 1 1
   2412   13   30    6 1 1 1
   2413   13   31    1 1 1 1
   2414   13   31    2 1 1 1
   2415   13   31    3 1 1 1
   2416   13   31    4 1 1 1
   2417   13   31    5 1 1 1
   2418   13   31    6 1 1 1
   2419   14    1    1 1 1 1
   2420   14    1    2 1 1 1
   2421   14    1    3 1 1 1
   2422   14    1    4 1 1 1
   2423   14    1    5 1 1 1
   2424   14    1    6 1 1 1
   2425   14    2    1 1 1 1
   2426   14    2    2 1 1 1
   2427   14    2    3 1 1 1
   2428   14    2    4 1 1 1
   2429   14    2    5 1 1 1
   2430   14    2    6 1 1 1
   2431   14    3    1 1 1 1
   2432   14    3    2 1 1 1
   2433   14    3    3 1 1 1
   2434   14    3    4 1 1 1
   2435   14    3    5 1 1 1
   2436   14    3    6 1 1 1
   2437   14    4    1 1 1 1
   2438   14    4    2 1 1 1
   2439   14    4    3 1 1 1
   2440   14    4    4 1 1 1
   2441   14    4    5 1 1 1
   2442   14    4    6 1 1 1
   2443   14    5    1 1 1 1
   2444   14    5    2 1 1 1
   2445   14    5    3 1 1 1
   2446   14    5    4 1 1 1
   2447   14    5    5 1 1 1
   2448   14    5    6 1 1 1
   2449   14    6    1 1 1 1
   2450   14    6    2 1 1 1
   2451   14    6    3 1 1 1
   2452   14    6    4 1 1 1
   2453   14    6    5 1 1 1
   2454   14    6    6 1 1 1
   2455   14    7    1 1 1 1
   2456   14    7    2 1 1 1
   2457   14    7    3 1 1 1
   2458   14    7    4 1 1 1
   2459   14    7    5 1 1 1
   2460   14    7    6 1 1 1
   2461   14    8    1 1 1 1
   2462   14    8    2 1 1 1
   2463   14    8    3 1 1 1
   2464   14    8    4 1 1 1
   2465   14    8    5 1 1 1
   2466   14    8    6 1 1 1
   2467   14    9    1 1 1 1
   2468   14    9    2 1 1 1
   2469   14    9    3 1 1 1
   2470   14    9    4 1 1 1
   2471   14    9    5 1 1 1
   2472   14    9    6 1 1 1
   2473   14   10    1 1 1 1
   2474   14   10    2 1 1 1
   2475   14   10    3 1 1 1
   2476   14   10    4 1 1 1
   2477   14   10    5 1 1 1
   2478   14   10    6 1 1 1
   2479   14   11    1 1 1 1
   2480   14   11    2 1 1 1
   2481   14   11    3 1 1 1
   2482   14   11    4 1 1 1
   2483   14   11    5 1 1 1
   2484   14   11    6 1 1 1
   2485   14   12    1 1 1 1
   2486   14   12    2 1 1 1
   2487   14   12    3 1 1 1
   2488   14   12    4 1 1 1
   2489   14   12    5 1 1 1
   2490   14   12    6 1 1 1
   2491   14   13    1 1 1 1
   2492   14   13    2 1 1 1
   2493   14   13    3 1 1 1
   2494   14   13    4 1 1 1
   2495   14   13    5 1 1 1
   2496   14   13    6 1 1 1
   2497   14   14    1 1 1 1
   2498   14   14    2 1 1 1
   2499   14   14    3 1 1 1
   2500   14   14    4 1 1 1
   2501   14   14    5 1 1 1
   2502   14   14    6 1 1 1
   2503   14   15    1 1 1 1
   2504   14   15    2 1 1 1
   2505   14   15    3 1 1 1
   2506   14   15    4 1 1 1
   2507   14   15    5 1 1 1
   2508   14   15    6 1 1 1
   2509   14   16    1 1 1 1
   2510   14   16    2 1 1 1
   2511   14   16    3 1 1 1
   2512   14   16    4 1 1 1
   2513   14   16    5 1 1 1
   2514   14   16    6 1 1 1
   2515   14   17    1 1 1 1
   2516   14   17    2 1 1 1
   2517   14   17    3 1 1 1
   2518   14   17    4 1 1 1
   2519   14   17    5 1 1 1
   2520   14   17    6 1 1 1
   2521   14   18    1 1 1 1
   2522   14   18    2 1 1 1
   2523   14   18    3 1 1 1
   2524   14   18    4 1 1 1
   2525   14   18    5 1 1 1
   2526   14   18    6 1 1 1
   2527   14   19    1 1 1 1
   2528   14   19    2 1 1 1
   2529   14   19    3 1 1 1
   2530   14   19    4 1 1 1
   2531   14   19    5 1 1 1
   2532   14   19    6 1 1 1
   2533   14   20    1 1 1 1
   2534   14   20    2 1 1 1
   2535   14   20    3 1 1 1
   2536   14   20    4 1 1 1
   2537   14   20    5 1 1 1
   2538   14   20    6 1 1 1
   2539   14   21    1 1 1 1
   2540   14   21    2 1 1 1
   2541   14   21    3 1 1 1
   2542   14   21    4 1 1 1
   2543   14   21    5 1 1 1
   2544   14   21    6 1 1 1
   2545   14   22    1 1 1 1
   2546   14   22    2 1 1 1
   2547   14   22    3 1 1 1
   2548   14   22    4 1 1 1
   2549   14   22    5 1 1 1
   2550   14   22    6 1 1 1
   2551   14   23    1 1 1 1
   2552   14   23    2 1 1 1
   2553   14   23    3 1 1 1
   2554   14   23    4 1 1 1
   2555   14   23    5 1 1 1
   2556   14   23    6 1 1 1
   2557   14   24    1 1 1 1
   2558   14   24    2 1 1 1
   2559   14   24    3 1 1 1
   2560   14   24    4 1 1 1
   2561   14   24    5 1 1 1
   2562   14   24    6 1 1 1
   2563   14   25    1 1 1 1
   2564   14   25    2 1 1 1
   2565   14   25    3 1 1 1
   2566   14   25    4 1 1 1
   2567   14   25    5 1 1 1
   2568   14   25    6 1 1 1
   2569   14   26    1 1 1 1
   2570   14   26    2 1 1 1
   2571   14   26    3 1 1 1
   2572   14   26    4 1 1 1
   2573   14   26    5 1 1 1
   2574   14   26    6 1 1 1
   2575   14   27    1 1 1 1
   2576   14   27    2 1 1 1
   2577   14   27    3 1 1 1
   2578   14   27    4 1 1 1
   2579   14   27    5 1 1 1
   2580   14   27    6 1 1 1
   2581   14   28    1 1 1 1
   2582   14   28    2 1 1 1
   2583   14   28    3 1 1 1
   2584   14   28    4 1 1 1
   2585   14   28    5 1 1 1
   2586   14   28    6 1 1 1
   2587   14   29    1 1 1 1
   2588   14   29    2 1 1 1
   2589   14   29    3 1 1 1
   2590   14   29    4 1 1 1
   2591   14   29    5 1 1 1
   2592   14   29    6 1 1 1
   2593   14   30    1 1 1 1
   2594   14   30    2 1 1 1
   2595   14   30    3 1 1 1
   2596   14   30    4 1 1 1
   2597   14   30    5 1 1 1
   2598   14   30    6 1 1 1
   2599   14   31    1 1 1 1
   2600   14   31    2 1 1 1
   2601   14   31    3 1 1 1
   2602   14   31    4 1 1 1
   2603   14   31    5 1 1 1
   2604   14   31    6 1 1 1
   2605   15    1    1 1 1 1
   2606   15    1    2 1 1 1
   2607   15    1    3 1 1 1
   2608   15    1    4 1 1 1
   2609   15    1    5 1 1 1
   2610   15    1    6 1 1 1
   2611   15    2    1 1 1 1
   2612   15    2    2 1 1 1
   2613   15    2    3 1 1 1
   2614   15    2    4 1 1 1
   2615   15    2    5 1 1 1
   2616   15    2    6 1 1 1
   2617   15    3    1 1 1 1
   2618   15    3    2 1 1 1
   2619   15    3    3 1 1 1
   2620   15    3    4 1 1 1
   2621   15    3    5 1 1 1
   2622   15    3    6 1 1 1
   2623   15    4    1 1 1 1
   2624   15    4    2 1 1 1
   2625   15    4    3 1 1 1
   2626   15    4    4 1 1 1
   2627   15    4    5 1 1 1
   2628   15    4    6 1 1 1
   2629   15    5    1 1 1 1
   2630   15    5    2 1 1 1
   2631   15    5    3 1 1 1
   2632   15    5    4 1 1 1
   2633   15    5    5 1 1 1
   2634   15    5    6 1 1 1
   2635   15    6    1 1 1 1
   2636   15    6    2 1 1 1
   2637   15    6    3 1 1 1
   2638   15    6    4 1 1 1
   2639   15    6    5 1 1 1
   2640   15    6    6 1 1 1
   2641   15    7    1 1 1 1
   2642   15    7    2 1 1 1
   2643   15    7    3 1 1 1
   2644   15    7    4 1 1 1
   2645   15    7    5 1 1 1
   2646   15    7    6 1 1 1
   2647   15    8    1 1 1 1
   2648   15    8    2 1 1 1
   2649   15    8    3 1 1 1
   2650   15    8    4 1 1 1
   2651   15    8    5 1 1 1
   2652   15    8    6 1 1 1
   2653   15    9    1 1 1 1
   2654   15    9    2 1 1 1
   2655   15    9    3 1 1 1
   2656   15    9    4 1 1 1
   2657   15    9    5 1 1 1
   2658   15    9    6 1 1 1
   2659   15   10    1 1 1 1
   2660   15   10    2 1 1 1
   2661   15   10    3 1 1 1
   2662   15   10    4 1 1 1
   2663   15   10    5 1 1 1
   2664   15   10    6 1 1 1
   2665   15   11    1 1 1 1
   2666   15   11    2 1 1 1
   2667   15   11    3 1 1 1
   2668   15   11    4 1 1 1
   2669   15   11    5 1 1 1
   2670   15   11    6 1 1 1
   2671   15   12    1 1 1 1
   2672   15   12    2 1 1 1
   2673   15   12    3 1 1 1
   2674   15   12    4 1 1 1
   2675   15   12    5 1 1 1
   2676   15   12    6 1 1 1
   2677   15   13    1 1 1 1
   2678   15   13    2 1 1 1
   2679   15   13    3 1 1 1
   2680   15   13    4 1 1 1
   2681   15   13    5 1 1 1
   2682   15   13    6 1 1 1
   2683   15   14    1 1 1 1
   2684   15   14    2 1 1 1
   2685   15   14    3 1 1 1
   2686   15   14    4 1 1 1
   2687   15   14    5 1 1 1
   2688   15   14    6 1 1 1
   2689   15   15    1 1 1 1
   2690   15   15    2 1 1 1
   2691   15   15    3 1 1 1
   2692   15   15    4 1 1 1
   2693   15   15    5 1 1 1
   2694   15   15    6 1 1 1
   2695   15   16    1 1 1 1
   2696   15   16    2 1 1 1
   2697   15   16    3 1 1 1
   2698   15   16    4 1 1 1
   2699   15   16    5 1 1 1
   2700   15   16    6 1 1 1
   2701   15   17    1 1 1 1
   2702   15   17    2 1 1 1
   2703   15   17    3 1 1 1
   2704   15   17    4 1 1 1
   2705   15   17    5 1 1 1
   2706   15   17    6 1 1 1
   2707   15   18    1 1 1 1
   2708   15   18    2 1 1 1
   2709   15   18    3 1 1 1
   2710   15   18    4 1 1 1
   2711   15   18    5 1 1 1
   2712   15   18    6 1 1 1
   2713   15   19    1 1 1 1
   2714   15   19    2 1 1 1
   2715   15   19    3 1 1 1
   2716   15   19    4 1 1 1
   2717   15   19    5 1 1 1
   2718   15   19    6 1 1 1
   2719   15   20    1 1 1 1
   2720   15   20    2 1 1 1
   2721   15   20    3 1 1 1
   2722   15   20    4 1 1 1
   2723   15   20    5 1 1 1
   2724   15   20    6 1 1 1
   2725   15   21    1 1 1 1
   2726   15   21    2 1 1 1
   2727   15   21    3 1 1 1
   2728   15   21    4 1 1 1
   2729   15   21    5 1 1 1
   2730   15   21    6 1 1 1
   2731   15   22    1 1 1 1
   2732   15   22    2 1 1 1
   2733   15   22    3 1 1 1
   2734   15   22    4 1 1 1
   2735   15   22    5 1 1 1
   2736   15   22    6 1 1 1
   2737   15   23    1 1 1 1
   2738   15   23    2 1 1 1
   2739   15   23    3 1 1 1
   2740   15   23    4 1 1 1
   2741   15   23    5 1 1 1
   2742   15   23    6 1 1 1
   2743   15   24    1 1 1 1
   2744   15   24    2 1 1 1
   2745   15   24    3 1 1 1
   2746   15   24    4 1 1 1
   2747   15   24    5 1 1 1
   2748   15   24    6 1 1 1
   2749   15   25    1 1 1 1
   2750   15   25    2 1 1 1
   2751   15   25    3 1 1 1
   2752   15   25    4 1 1 1
   2753   15   25    5 1 1 1
   2754   15   25    6 1 1 1
   2755   15   26    1 1 1 1
   2756   15   26    2 1 1 1
   2757   15   26    3 1 1 1
   2758   15   26    4 1 1 1
   2759   15   26    5 1 1 1
   2760   15   26    6 1 1 1
   2761   15   27    1 1 1 1
   2762   15   27    2 1 1 1
   2763   15   27    3 1 1 1
   2764   15   27    4 1 1 1
   2765   15   27    5 1 1 1
   2766   15   27    6 1 1 1
   2767   15   28    1 1 1 1
   2768   15   28    2 1 1 1
   2769   15   28    3 1 1 1
   2770   15   28    4 1 1 1
   2771   15   28    5 1 1 1
   2772   15   28    6 1 1 1
   2773   15   29    1 1 1 1
   2774   15   29    2 1 1 1
   2775   15   29    3 1 1 1
   2776   15   29    4 1 1 1
   2777   15   29    5 1 1 1
   2778   15   29    6 1 1 1
   2779   15   30    1 1 1 1
   2780   15   30    2 1 1 1
   2781   15   30    3 1 1 1
   2782   15   30    4 1 1 1
   2783   15   30    5 1 1 1
   2784   15   30    6 1 1 1
   2785   15   31    1 1 1 1
   2786   15   31    2 1 1 1
   2787   15   31    3 1 1 1
   2788   15   31    4 1 1 1
   2789   15   31    5 1 1 1
   2790   15   31    6 1 1 1
   2791   16    1    1 1 1 1
   2792   16    1    2 1 1 1
   2793   16    1    3 1 1 1
   2794   16    1    4 1 1 1
   2795   16    1    5 1 1 1
   2796   16    1    6 1 1 1
   2797   16    2    1 1 1 1
   2798   16    2    2 1 1 1
   2799   16    2    3 1 1 1
   2800   16    2    4 1 1 1
   2801   16    2    5 1 1 1
   2802   16    2    6 1 1 1
   2803   16    3    1 1 1 1
   2804   16    3    2 1 1 1
   2805   16    3    3 1 1 1
   2806   16    3    4 1 1 1
   2807   16    3    5 1 1 1
   2808   16    3    6 1 1 1
   2809   16    4    1 1 1 1
   2810   16    4    2 1 1 1
   2811   16    4    3 1 1 1
   2812   16    4    4 1 1 1
   2813   16    4    5 1 1 1
   2814   16    4    6 1 1 1
   2815   16    5    1 1 1 1
   2816   16    5    2 1 1 1
   2817   16    5    3 1 1 1
   2818   16    5    4 1 1 1
   2819   16    5    5 1 1 1
   2820   16    5    6 1 1 1
   2821   16    6    1 1 1 1
   2822   16    6    2 1 1 1
   2823   16    6    3 1 1 1
   2824   16    6    4 1 1 1
   2825   16    6    5 1 1 1
   2826   16    6    6 1 1 1
   2827   16    7    1 1 1 1
   2828   16    7    2 1 1 1
   2829   16    7    3 1 1 1
   2830   16    7    4 1 1 1
   2831   16    7    5 1 1 1
   2832   16    7    6 1 1 1
   2833   16    8    1 1 1 1
   2834   16    8    2 1 1 1
   2835   16    8    3 1 1 1
   2836   16    8    4 1 1 1
   2837   16    8    5 1 1 1
   2838   16    8    6 1 1 1
   2839   16    9    1 1 1 1
   2840   16    9    2 1 1 1
   2841   16    9    3 1 1 1
   2842   16    9    4 1 1 1
   2843   16    9    5 1 1 1
   2844   16    9    6 1 1 1
   2845   16   10    1 1 1 1
   2846   16   10    2 1 1 1
   2847   16   10    3 1 1 1
   2848   16   10    4 1 1 1
   2849   16   10    5 1 1 1
   2850   16   10    6 1 1 1
   2851   16   11    1 1 1 1
   2852   16   11    2 1 1 1
   2853   16   11    3 1 1 1
   2854   16   11    4 1 1 1
   2855   16   11    5 1 1 1
   2856   16   11    6 1 1 1
   2857   16   12    1 1 1 1
   2858   16   12    2 1 1 1
   2859   16   12    3 1 1 1
   2860   16   12    4 1 1 1
   2861   16   12    5 1 1 1
   2862   16   12    6 1 1 1
   2863   16   13    1 1 1 1
   2864   16   13    2 1 1 1
   2865   16   13    3 1 1 1
   2866   16   13    4 1 1 1
   2867   16   13    5 1 1 1
   2868   16   13    6 1 1 1
   2869   16   14    1 1 1 1
   2870   16   14    2 1 1 1
   2871   16   14    3 1 1 1
   2872   16   14    4 1 1 1
   2873   16   14    5 1 1 1
   2874   16   14    6 1 1 1
   2875   16   15    1 1 1 1
   2876   16   15    2 1 1 1
   2877   16   15    3 1 1 1
   2878   16   15    4 1 1 1
   2879   16   15    5 1 1 1
   2880   16   15    6 1 1 1
   2881   16   16    1 1 1 1
   2882   16   16    2 1 1 1
   2883   16   16    3 1 1 1
   2884   16   16    4 1 1 1
   2885   16   16    5 1 1 1
   2886   16   16    6 1 1 1
   2887   16   17    1 1 1 1
   2888   16   17    2 1 1 1
   2889   16   17    3 1 1 1
   2890   16   17    4 1 1 1
   2891   16   17    5 1 1 1
   2892   16   17    6 1 1 1
   2893   16   18    1 1 1 1
   2894   16   18    2 1 1 1
   2895   16   18    3 1 1 1
   2896   16   18    4 1 1 1
   2897   16   18    5 1 1 1
   2898   16   18    6 1 1 1
   2899   16   19    1 1 1 1
   2900   16   19    2 1 1 1
   2901   16   19    3 1 1 1
   2902   16   19    4 1 1 1
   2903   16   19    5 1 1 1
   2904   16   19    6 1 1 1
   2905   16   20    1 1 1 1
   2906   16   20    2 1 1 1
   2907   16   20    3 1 1 1
   2908   16   20    4 1 1 1
   2909   16   20    5 1 1 1
   2910   16   20    6 1 1 1
   2911   16   21    1 1 1 1
   2912   16   21    2 1 1 1
   2913   16   21    3 1 1 1
   2914   16   21    4 1 1 1
   2915   16   21    5 1 1 1
   2916   16   21    6 1 1 1
   2917   16   22    1 1 1 1
   2918   16   22    2 1 1 1
   2919   16   22    3 1 1 1
   2920   16   22    4 1 1 1
   2921   16   22    5 1 1 1
   2922   16   22    6 1 1 1
   2923   16   23    1 1 1 1
   2924   16   23    2 1 1 1
   2925   16   23    3 1 1 1
   2926   16   23    4 1 1 1
   2927   16   23    5 1 1 1
   2928   16   23    6 1 1 1
   2929   16   24    1 1 1 1
   2930   16   24    2 1 1 1
   2931   16   24    3 1 1 1
   2932   16   24    4 1 1 1
   2933   16   24    5 1 1 1
   2934   16   24    6 1 1 1
   2935   16   25    1 1 1 1
   2936   16   25    2 1 1 1
   2937   16   25    3 1 1 1
   2938   16   25    4 1 1 1
   2939   16   25    5 1 1 1
   2940   16   25    6 1 1 1
   2941   16   26    1 1 1 1
   2942   16   26    2 1 1 1
   2943   16   26    3 1 1 1
   2944   16   26    4 1 1 1
   2945   16   26    5 1 1 1
   2946   16   26    6 1 1 1
   2947   16   27    1 1 1 1
   2948   16   27    2 1 1 1
   2949   16   27    3 1 1 1
   2950   16   27    4 1 1 1
   2951   16   27    5 1 1 1
   2952   16   27    6 1 1 1
   2953   16   28    1 1 1 1
   2954   16   28    2 1 1 1
   2955   16   28    3 1 1 1
   2956   16   28    4 1 1 1
   2957   16   28    5 1 1 1
   2958   16   28    6 1 1 1
   2959   16   29    1 1 1 1
   2960   16   29    2 1 1 1
   2961   16   29    3 1 1 1
   2962   16   29    4 1 1 1
   2963   16   29    5 1 1 1
   2964   16   29    6 1 1 1
   2965   16   30    1 1 1 1
   2966   16   30    2 1 1 1
   2967   16   30    3 1 1 1
   2968   16   30    4 1 1 1
   2969   16   30    5 1 1 1
   2970   16   30    6 1 1 1
   2971   16   31    1 1 1 1
   2972   16   31    2 1 1 1
   2973   16   31    3 1 1 1
   2974   16   31    4 1 1 1
   2975   16   31    5 1 1 1
   2976   16   31    6 1 1 1
   2977   17    1    1 1 1 1
   2978   17    1    2 1 1 1
   2979   17    1    3 1 1 1
   2980   17    1    4 1 1 1
   2981   17    1    5 1 1 1
   2982   17    1    6 1 1 1
   2983   17    2    1 1 1 1
   2984   17    2    2 1 1 1
   2985   17    2    3 1 1 1
   2986   17    2    4 1 1 1
   2987   17    2    5 1 1 1
   2988   17    2    6 1 1 1
   2989   17    3    1 1 1 1
   2990   17    3    2 1 1 1
   2991   17    3    3 1 1 1
   2992   17    3    4 1 1 1
   2993   17    3    5 1 1 1
   2994   17    3    6 1 1 1
   2995   17    4    1 1 1 1
   2996   17    4    2 1 1 1
   2997   17    4    3 1 1 1
   2998   17    4    4 1 1 1
   2999   17    4    5 1 1 1
   3000   17    4    6 1 1 1
   3001   17    5    1 1 1 1
   3002   17    5    2 1 1 1
   3003   17    5    3 1 1 1
   3004   17    5    4 1 1 1
   3005   17    5    5 1 1 1
   3006   17    5    6 1 1 1
   3007   17    6    1 1 1 1
   3008   17    6    2 1 1 1
   3009   17    6    3 1 1 1
   3010   17    6    4 1 1 1
   3011   17    6    5 1 1 1
   3012   17    6    6 1 1 1
   3013   17    7    1 1 1 1
   3014   17    7    2 1 1 1
   3015   17    7    3 1 1 1
   3016   17    7    4 1 1 1
   3017   17    7    5 1 1 1
   3018   17    7    6 1 1 1
   3019   17    8    1 1 1 1
   3020   17    8    2 1 1 1
   3021   17    8    3 1 1 1
   3022   17    8    4 1 1 1
   3023   17    8    5 1 1 1
   3024   17    8    6 1 1 1
   3025   17    9    1 1 1 1
   3026   17    9    2 1 1 1
   3027   17    9    3 1 1 1
   3028   17    9    4 1 1 1
   3029   17    9    5 1 1 1
   3030   17    9    6 1 1 1
   3031   17   10    1 1 1 1
   3032   17   10    2 1 1 1
   3033   17   10    3 1 1 1
   3034   17   10    4 1 1 1
   3035   17   10    5 1 1 1
   3036   17   10    6 1 1 1
   3037   17   11    1 1 1 1
   3038   17   11    2 1 1 1
   3039   17   11    3 1 1 1
   3040   17   11    4 1 1 1
   3041   17   11    5 1 1 1
   3042   17   11    6 1 1 1
   3043   17   12    1 1 1 1
   3044   17   12    2 1 1 1
   3045   17   12    3 1 1 1
   3046   17   12    4 1 1 1
   3047   17   12    5 1 1 1
   3048   17   12    6 1 1 1
   3049   17   13    1 1 1 1
   3050   17   13    2 1 1 1
   3051   17   13    3 1 1 1
   3052   17   13    4 1 1 1
   3053   17   13    5 1 1 1
   3054   17   13    6 1 1 1
   3055   17   14    1 1 1 1
   3056   17   14    2 1 1 1
   3057   17   14    3 1 1 1
   3058   17   14    4 1 1 1
   3059   17   14    5 1 1 1
   3060   17   14    6 1 1 1
   3061   17   15    1 1 1 1
   3062   17   15    2 1 1 1
   3063   17   15    3 1 1 1
   3064   17   15    4 1 1 1
   3065   17   15    5 1 1 1
   3066   17   15    6 1 1 1
   3067   17   16    1 1 1 1
   3068   17   16    2 1 1 1
   3069   17   16    3 1 1 1
   3070   17   16    4 1 1 1
   3071   17   16    5 1 1 1
   3072   17   16    6 1 1 1
   3073   17   17    1 1 1 1
   3074   17   17    2 1 1 1
   3075   17   17    3 1 1 1
   3076   17   17    4 1 1 1
   3077   17   17    5 1 1 1
   3078   17   17    6 1 1 1
   3079   17   18    1 1 1 1
   3080   17   18    2 1 1 1
   3081   17   18    3 1 1 1
   3082   17   18    4 1 1 1
   3083   17   18    5 1 1 1
   3084   17   18    6 1 1 1
   3085   17   19    1 1 1 1
   3086   17   19    2 1 1 1
   3087   17   19    3 1 1 1
   3088   17   19    4 1 1 1
   3089   17   19    5 1 1 1
   3090   17   19    6 1 1 1
   3091   17   20    1 1 1 1
   3092   17   20    2 1 1 1
   3093   17   20    3 1 1 1
   3094   17   20    4 1 1 1
   3095   17   20    5 1 1 1
   3096   17   20    6 1 1 1
   3097   17   21    1 1 1 1
   3098   17   21    2 1 1 1
   3099   17   21    3 1 1 1
   3100   17   21    4 1 1 1
   3101   17   21    5 1 1 1
   3102   17   21    6 1 1 1
   3103   17   22    1 1 1 1
   3104   17   22    2 1 1 1
   3105   17   22    3 1 1 1
   3106   17   22    4 1 1 1
   3107   17   22    5 1 1 1
   3108   17   22    6 1 1 1
   3109   17   23    1 1 1 1
   3110   17   23    2 1 1 1
   3111   17   23    3 1 1 1
   3112   17   23    4 1 1 1
   3113   17   23    5 1 1 1
   3114   17   23    6 1 1 1
   3115   17   24    1 1 1 1
   3116   17   24    2 1 1 1
   3117   17   24    3 1 1 1
   3118   17   24    4 1 1 1
   3119   17   24    5 1 1 1
   3120   17   24    6 1 1 1
   3121   17   25    1 1 1 1
   3122   17   25    2 1 1 1
   3123   17   25    3 1 1 1
   3124   17   25    4 1 1 1
   3125   17   25    5 1 1 1
   3126   17   25    6 1 1 1
   3127   17   26    1 1 1 1
   3128   17   26    2 1 1 1
   3129   17   26    3 1 1 1
   3130   17   26    4 1 1 1
   3131   17   26    5 1 1 1
   3132   17   26    6 1 1 1
   3133   17   27    1 1 1 1
   3134   17   27    2 1 1 1
   3135   17   27    3 1 1 1
   3136   17   27    4 1 1 1
   3137   17   27    5 1 1 1
   3138   17   27    6 1 1 1
   3139   17   28    1 1 1 1
   3140   17   28    2 1 1 1
   3141   17   28    3 1 1 1
   3142   17   28    4 1 1 1
   3143   17   28    5 1 1 1
   3144   17   28    6 1 1 1
   3145   17   29    1 1 1 1
   3146   17   29    2 1 1 1
   3147   17   29    3 1 1 1
   3148   17   29    4 1 1 1
   3149   17   29    5 1 1 1
   3150   17   29    6 1 1 1
   3151   17   30    1 1 1 1
   3152   17   30    2 1 1 1
   3153   17   30    3 1 1 1
   3154   17   30    4 1 1 1
   3155   17   30    5 1 1 1
   3156   17   30    6 1 1 1
   3157   17   31    1 1 1 1
   3158   17   31    2 1 1 1
   3159   17   31    3 1 1 1
   3160   17   31    4 1 1 1
   3161   17   31    5 1 1 1
   3162   17   31    6 1 1 1
