 >REASHP: option FROM_FILE
      2160 = NAT
  1.000000  0.000000  0.000000 = A_1 vector
  0.000000  1.000000  0.000000 = A_2 vector
  1.000000  1.000000  1.000000 = lattice spacings (d_x,d_y,d_z)/d
  -0.14925  -0.02865  -0.05930 = lattice offset x0(1-3) = (x_TF,y_TF,z_TF)/d for dipole 0 0 0
     JA  IX  IY  IZ ICOMP(x,y,z)
      1    1    1    1 1 1 1
      2    1    1    2 1 1 1
      3    1    1    3 1 1 1
      4    1    1    4 1 1 1
      5    1    1    5 1 1 1
      6    1    1    6 1 1 1
      7    1    1    7 1 1 1
      8    1    1    8 1 1 1
      9    1    1    9 1 1 1
     10    1    1   10 1 1 1
     11    1    1   11 1 1 1
     12    1    1   12 1 1 1
     13    1    2    1 1 1 1
     14    1    2    2 1 1 1
     15    1    2    3 1 1 1
     16    1    2    4 1 1 1
     17    1    2    5 1 1 1
     18    1    2    6 1 1 1
     19    1    2    7 1 1 1
     20    1    2    8 1 1 1
     21    1    2    9 1 1 1
     22    1    2   10 1 1 1
     23    1    2   11 1 1 1
     24    1    2   12 1 1 1
     25    1    3    1 1 1 1
     26    1    3    2 1 1 1
     27    1    3    3 1 1 1
     28    1    3    4 1 1 1
     29    1    3    5 1 1 1
     30    1    3    6 1 1 1
     31    1    3    7 1 1 1
     32    1    3    8 1 1 1
     33    1    3    9 1 1 1
     34    1    3   10 1 1 1
     35    1    3   11 1 1 1
     36    1    3   12 1 1 1
     37    1    4    1 1 1 1
     38    1    4    2 1 1 1
     39    1    4    3 1 1 1
     40    1    4    4 1 1 1
     41    1    4    5 1 1 1
     42    1    4    6 1 1 1
     43    1    4    7 1 1 1
     44    1    4    8 1 1 1
     45    1    4    9 1 1 1
     46    1    4   10 1 1 1
     47    1    4   11 1 1 1
     48    1    4   12 1 1 1
     49    1    5    1 1 1 1
     50    1    5    2 1 1 1
     51    1    5    3 1 1 1
     52    1    5    4 1 1 1
     53    1    5    5 1 1 1
     54    1    5    6 1 1 1
     55    1    5    7 1 1 1
     56    1    5    8 1 1 1
     57    1    5    9 1 1 1
     58    1    5   10 1 1 1
     59    1    5   11 1 1 1
     60    1    5   12 1 1 1
     61    1    6    1 1 1 1
     62    1    6    2 1 1 1
     63    1    6    3 1 1 1
     64    1    6    4 1 1 1
     65    1    6    5 1 1 1
     66    1    6    6 1 1 1
     67    1    6    7 1 1 1
     68    1    6    8 1 1 1
     69    1    6    9 1 1 1
     70    1    6   10 1 1 1
     71    1    6   11 1 1 1
     72    1    6   12 1 1 1
     73    2    1    1 1 1 1
     74    2    1    2 1 1 1
     75    2    1    3 1 1 1
     76    2    1    4 1 1 1
     77    2    1    5 1 1 1
     78    2    1    6 1 1 1
     79    2    1    7 1 1 1
     80    2    1    8 1 1 1
     81    2    1    9 1 1 1
     82    2    1   10 1 1 1
     83    2    1   11 1 1 1
     84    2    1   12 1 1 1
     85    2    2    1 1 1 1
     86    2    2    2 1 1 1
     87    2    2    3 1 1 1
     88    2    2    4 1 1 1
     89    2    2    5 1 1 1
     90    2    2    6 1 1 1
     91    2    2    7 1 1 1
     92    2    2    8 1 1 1
     93    2    2    9 1 1 1
     94    2    2   10 1 1 1
     95    2    2   11 1 1 1
     96    2    2   12 1 1 1
     97    2    3    1 1 1 1
     98    2    3    2 1 1 1
     99    2    3    3 1 1 1
    100    2    3    4 1 1 1
    101    2    3    5 1 1 1
    102    2    3    6 1 1 1
    103    2    3    7 1 1 1
    104    2    3    8 1 1 1
    105    2    3    9 1 1 1
    106    2    3   10 1 1 1
    107    2    3   11 1 1 1
    108    2    3   12 1 1 1
    109    2    4    1 1 1 1
    110    2    4    2 1 1 1
    111    2    4    3 1 1 1
    112    2    4    4 1 1 1
    113    2    4    5 1 1 1
    114    2    4    6 1 1 1
    115    2    4    7 1 1 1
    116    2    4    8 1 1 1
    117    2    4    9 1 1 1
    118    2    4   10 1 1 1
    119    2    4   11 1 1 1
    120    2    4   12 1 1 1
    121    2    5    1 1 1 1
    122    2    5    2 1 1 1
    123    2    5    3 1 1 1
    124    2    5    4 1 1 1
    125    2    5    5 1 1 1
    126    2    5    6 1 1 1
    127    2    5    7 1 1 1
    128    2    5    8 1 1 1
    129    2    5    9 1 1 1
    130    2    5   10 1 1 1
    131    2    5   11 1 1 1
    132    2    5   12 1 1 1
    133    2    6    1 1 1 1
    134    2    6    2 1 1 1
    135    2    6    3 1 1 1
    136    2    6    4 1 1 1
    137    2    6    5 1 1 1
    138    2    6    6 1 1 1
    139    2    6    7 1 1 1
    140    2    6    8 1 1 1
    141    2    6    9 1 1 1
    142    2    6   10 1 1 1
    143    2    6   11 1 1 1
    144    2    6   12 1 1 1
    145    3    1    1 1 1 1
    146    3    1    2 1 1 1
    147    3    1    3 1 1 1
    148    3    1    4 1 1 1
    149    3    1    5 1 1 1
    150    3    1    6 1 1 1
    151    3    1    7 1 1 1
    152    3    1    8 1 1 1
    153    3    1    9 1 1 1
    154    3    1   10 1 1 1
    155    3    1   11 1 1 1
    156    3    1   12 1 1 1
    157    3    2    1 1 1 1
    158    3    2    2 1 1 1
    159    3    2    3 1 1 1
    160    3    2    4 1 1 1
    161    3    2    5 1 1 1
    162    3    2    6 1 1 1
    163    3    2    7 1 1 1
    164    3    2    8 1 1 1
    165    3    2    9 1 1 1
    166    3    2   10 1 1 1
    167    3    2   11 1 1 1
    168    3    2   12 1 1 1
    169    3    3    1 1 1 1
    170    3    3    2 1 1 1
    171    3    3    3 1 1 1
    172    3    3    4 1 1 1
    173    3    3    5 1 1 1
    174    3    3    6 1 1 1
    175    3    3    7 1 1 1
    176    3    3    8 1 1 1
    177    3    3    9 1 1 1
    178    3    3   10 1 1 1
    179    3    3   11 1 1 1
    180    3    3   12 1 1 1
    181    3    4    1 1 1 1
    182    3    4    2 1 1 1
    183    3    4    3 1 1 1
    184    3    4    4 1 1 1
    185    3    4    5 1 1 1
    186    3    4    6 1 1 1
    187    3    4    7 1 1 1
    188    3    4    8 1 1 1
    189    3    4    9 1 1 1
    190    3    4   10 1 1 1
    191    3    4   11 1 1 1
    192    3    4   12 1 1 1
    193    3    5    1 1 1 1
    194    3    5    2 1 1 1
    195    3    5    3 1 1 1
    196    3    5    4 1 1 1
    197    3    5    5 1 1 1
    198    3    5    6 1 1 1
    199    3    5    7 1 1 1
    200    3    5    8 1 1 1
    201    3    5    9 1 1 1
    202    3    5   10 1 1 1
    203    3    5   11 1 1 1
    204    3    5   12 1 1 1
    205    3    6    1 1 1 1
    206    3    6    2 1 1 1
    207    3    6    3 1 1 1
    208    3    6    4 1 1 1
    209    3    6    5 1 1 1
    210    3    6    6 1 1 1
    211    3    6    7 1 1 1
    212    3    6    8 1 1 1
    213    3    6    9 1 1 1
    214    3    6   10 1 1 1
    215    3    6   11 1 1 1
    216    3    6   12 1 1 1
    217    4    1    1 1 1 1
    218    4    1    2 1 1 1
    219    4    1    3 1 1 1
    220    4    1    4 1 1 1
    221    4    1    5 1 1 1
    222    4    1    6 1 1 1
    223    4    1    7 1 1 1
    224    4    1    8 1 1 1
    225    4    1    9 1 1 1
    226    4    1   10 1 1 1
    227    4    1   11 1 1 1
    228    4    1   12 1 1 1
    229    4    2    1 1 1 1
    230    4    2    2 1 1 1
    231    4    2    3 1 1 1
    232    4    2    4 1 1 1
    233    4    2    5 1 1 1
    234    4    2    6 1 1 1
    235    4    2    7 1 1 1
    236    4    2    8 1 1 1
    237    4    2    9 1 1 1
    238    4    2   10 1 1 1
    239    4    2   11 1 1 1
    240    4    2   12 1 1 1
    241    4    3    1 1 1 1
    242    4    3    2 1 1 1
    243    4    3    3 1 1 1
    244    4    3    4 1 1 1
    245    4    3    5 1 1 1
    246    4    3    6 1 1 1
    247    4    3    7 1 1 1
    248    4    3    8 1 1 1
    249    4    3    9 1 1 1
    250    4    3   10 1 1 1
    251    4    3   11 1 1 1
    252    4    3   12 1 1 1
    253    4    4    1 1 1 1
    254    4    4    2 1 1 1
    255    4    4    3 1 1 1
    256    4    4    4 1 1 1
    257    4    4    5 1 1 1
    258    4    4    6 1 1 1
    259    4    4    7 1 1 1
    260    4    4    8 1 1 1
    261    4    4    9 1 1 1
    262    4    4   10 1 1 1
    263    4    4   11 1 1 1
    264    4    4   12 1 1 1
    265    4    5    1 1 1 1
    266    4    5    2 1 1 1
    267    4    5    3 1 1 1
    268    4    5    4 1 1 1
    269    4    5    5 1 1 1
    270    4    5    6 1 1 1
    271    4    5    7 1 1 1
    272    4    5    8 1 1 1
    273    4    5    9 1 1 1
    274    4    5   10 1 1 1
    275    4    5   11 1 1 1
    276    4    5   12 1 1 1
    277    4    6    1 1 1 1
    278    4    6    2 1 1 1
    279    4    6    3 1 1 1
    280    4    6    4 1 1 1
    281    4    6    5 1 1 1
    282    4    6    6 1 1 1
    283    4    6    7 1 1 1
    284    4    6    8 1 1 1
    285    4    6    9 1 1 1
    286    4    6   10 1 1 1
    287    4    6   11 1 1 1
    288    4    6   12 1 1 1
    289    5    1    1 1 1 1
    290    5    1    2 1 1 1
    291    5    1    3 1 1 1
    292    5    1    4 1 1 1
    293    5    1    5 1 1 1
    294    5    1    6 1 1 1
    295    5    1    7 1 1 1
    296    5    1    8 1 1 1
    297    5    1    9 1 1 1
    298    5    1   10 1 1 1
    299    5    1   11 1 1 1
    300    5    1   12 1 1 1
    301    5    2    1 1 1 1
    302    5    2    2 1 1 1
    303    5    2    3 1 1 1
    304    5    2    4 1 1 1
    305    5    2    5 1 1 1
    306    5    2    6 1 1 1
    307    5    2    7 1 1 1
    308    5    2    8 1 1 1
    309    5    2    9 1 1 1
    310    5    2   10 1 1 1
    311    5    2   11 1 1 1
    312    5    2   12 1 1 1
    313    5    3    1 1 1 1
    314    5    3    2 1 1 1
    315    5    3    3 1 1 1
    316    5    3    4 1 1 1
    317    5    3    5 1 1 1
    318    5    3    6 1 1 1
    319    5    3    7 1 1 1
    320    5    3    8 1 1 1
    321    5    3    9 1 1 1
    322    5    3   10 1 1 1
    323    5    3   11 1 1 1
    324    5    3   12 1 1 1
    325    5    4    1 1 1 1
    326    5    4    2 1 1 1
    327    5    4    3 1 1 1
    328    5    4    4 1 1 1
    329    5    4    5 1 1 1
    330    5    4    6 1 1 1
    331    5    4    7 1 1 1
    332    5    4    8 1 1 1
    333    5    4    9 1 1 1
    334    5    4   10 1 1 1
    335    5    4   11 1 1 1
    336    5    4   12 1 1 1
    337    5    5    1 1 1 1
    338    5    5    2 1 1 1
    339    5    5    3 1 1 1
    340    5    5    4 1 1 1
    341    5    5    5 1 1 1
    342    5    5    6 1 1 1
    343    5    5    7 1 1 1
    344    5    5    8 1 1 1
    345    5    5    9 1 1 1
    346    5    5   10 1 1 1
    347    5    5   11 1 1 1
    348    5    5   12 1 1 1
    349    5    6    1 1 1 1
    350    5    6    2 1 1 1
    351    5    6    3 1 1 1
    352    5    6    4 1 1 1
    353    5    6    5 1 1 1
    354    5    6    6 1 1 1
    355    5    6    7 1 1 1
    356    5    6    8 1 1 1
    357    5    6    9 1 1 1
    358    5    6   10 1 1 1
    359    5    6   11 1 1 1
    360    5    6   12 1 1 1
    361    6    1    1 1 1 1
    362    6    1    2 1 1 1
    363    6    1    3 1 1 1
    364    6    1    4 1 1 1
    365    6    1    5 1 1 1
    366    6    1    6 1 1 1
    367    6    1    7 1 1 1
    368    6    1    8 1 1 1
    369    6    1    9 1 1 1
    370    6    1   10 1 1 1
    371    6    1   11 1 1 1
    372    6    1   12 1 1 1
    373    6    2    1 1 1 1
    374    6    2    2 1 1 1
    375    6    2    3 1 1 1
    376    6    2    4 1 1 1
    377    6    2    5 1 1 1
    378    6    2    6 1 1 1
    379    6    2    7 1 1 1
    380    6    2    8 1 1 1
    381    6    2    9 1 1 1
    382    6    2   10 1 1 1
    383    6    2   11 1 1 1
    384    6    2   12 1 1 1
    385    6    3    1 1 1 1
    386    6    3    2 1 1 1
    387    6    3    3 1 1 1
    388    6    3    4 1 1 1
    389    6    3    5 1 1 1
    390    6    3    6 1 1 1
    391    6    3    7 1 1 1
    392    6    3    8 1 1 1
    393    6    3    9 1 1 1
    394    6    3   10 1 1 1
    395    6    3   11 1 1 1
    396    6    3   12 1 1 1
    397    6    4    1 1 1 1
    398    6    4    2 1 1 1
    399    6    4    3 1 1 1
    400    6    4    4 1 1 1
    401    6    4    5 1 1 1
    402    6    4    6 1 1 1
    403    6    4    7 1 1 1
    404    6    4    8 1 1 1
    405    6    4    9 1 1 1
    406    6    4   10 1 1 1
    407    6    4   11 1 1 1
    408    6    4   12 1 1 1
    409    6    5    1 1 1 1
    410    6    5    2 1 1 1
    411    6    5    3 1 1 1
    412    6    5    4 1 1 1
    413    6    5    5 1 1 1
    414    6    5    6 1 1 1
    415    6    5    7 1 1 1
    416    6    5    8 1 1 1
    417    6    5    9 1 1 1
    418    6    5   10 1 1 1
    419    6    5   11 1 1 1
    420    6    5   12 1 1 1
    421    6    6    1 1 1 1
    422    6    6    2 1 1 1
    423    6    6    3 1 1 1
    424    6    6    4 1 1 1
    425    6    6    5 1 1 1
    426    6    6    6 1 1 1
    427    6    6    7 1 1 1
    428    6    6    8 1 1 1
    429    6    6    9 1 1 1
    430    6    6   10 1 1 1
    431    6    6   11 1 1 1
    432    6    6   12 1 1 1
    433    7    1    1 1 1 1
    434    7    1    2 1 1 1
    435    7    1    3 1 1 1
    436    7    1    4 1 1 1
    437    7    1    5 1 1 1
    438    7    1    6 1 1 1
    439    7    1    7 1 1 1
    440    7    1    8 1 1 1
    441    7    1    9 1 1 1
    442    7    1   10 1 1 1
    443    7    1   11 1 1 1
    444    7    1   12 1 1 1
    445    7    2    1 1 1 1
    446    7    2    2 1 1 1
    447    7    2    3 1 1 1
    448    7    2    4 1 1 1
    449    7    2    5 1 1 1
    450    7    2    6 1 1 1
    451    7    2    7 1 1 1
    452    7    2    8 1 1 1
    453    7    2    9 1 1 1
    454    7    2   10 1 1 1
    455    7    2   11 1 1 1
    456    7    2   12 1 1 1
    457    7    3    1 1 1 1
    458    7    3    2 1 1 1
    459    7    3    3 1 1 1
    460    7    3    4 1 1 1
    461    7    3    5 1 1 1
    462    7    3    6 1 1 1
    463    7    3    7 1 1 1
    464    7    3    8 1 1 1
    465    7    3    9 1 1 1
    466    7    3   10 1 1 1
    467    7    3   11 1 1 1
    468    7    3   12 1 1 1
    469    7    4    1 1 1 1
    470    7    4    2 1 1 1
    471    7    4    3 1 1 1
    472    7    4    4 1 1 1
    473    7    4    5 1 1 1
    474    7    4    6 1 1 1
    475    7    4    7 1 1 1
    476    7    4    8 1 1 1
    477    7    4    9 1 1 1
    478    7    4   10 1 1 1
    479    7    4   11 1 1 1
    480    7    4   12 1 1 1
    481    7    5    1 1 1 1
    482    7    5    2 1 1 1
    483    7    5    3 1 1 1
    484    7    5    4 1 1 1
    485    7    5    5 1 1 1
    486    7    5    6 1 1 1
    487    7    5    7 1 1 1
    488    7    5    8 1 1 1
    489    7    5    9 1 1 1
    490    7    5   10 1 1 1
    491    7    5   11 1 1 1
    492    7    5   12 1 1 1
    493    7    6    1 1 1 1
    494    7    6    2 1 1 1
    495    7    6    3 1 1 1
    496    7    6    4 1 1 1
    497    7    6    5 1 1 1
    498    7    6    6 1 1 1
    499    7    6    7 1 1 1
    500    7    6    8 1 1 1
    501    7    6    9 1 1 1
    502    7    6   10 1 1 1
    503    7    6   11 1 1 1
    504    7    6   12 1 1 1
    505    8    1    1 1 1 1
    506    8    1    2 1 1 1
    507    8    1    3 1 1 1
    508    8    1    4 1 1 1
    509    8    1    5 1 1 1
    510    8    1    6 1 1 1
    511    8    1    7 1 1 1
    512    8    1    8 1 1 1
    513    8    1    9 1 1 1
    514    8    1   10 1 1 1
    515    8    1   11 1 1 1
    516    8    1   12 1 1 1
    517    8    2    1 1 1 1
    518    8    2    2 1 1 1
    519    8    2    3 1 1 1
    520    8    2    4 1 1 1
    521    8    2    5 1 1 1
    522    8    2    6 1 1 1
    523    8    2    7 1 1 1
    524    8    2    8 1 1 1
    525    8    2    9 1 1 1
    526    8    2   10 1 1 1
    527    8    2   11 1 1 1
    528    8    2   12 1 1 1
    529    8    3    1 1 1 1
    530    8    3    2 1 1 1
    531    8    3    3 1 1 1
    532    8    3    4 1 1 1
    533    8    3    5 1 1 1
    534    8    3    6 1 1 1
    535    8    3    7 1 1 1
    536    8    3    8 1 1 1
    537    8    3    9 1 1 1
    538    8    3   10 1 1 1
    539    8    3   11 1 1 1
    540    8    3   12 1 1 1
    541    8    4    1 1 1 1
    542    8    4    2 1 1 1
    543    8    4    3 1 1 1
    544    8    4    4 1 1 1
    545    8    4    5 1 1 1
    546    8    4    6 1 1 1
    547    8    4    7 1 1 1
    548    8    4    8 1 1 1
    549    8    4    9 1 1 1
    550    8    4   10 1 1 1
    551    8    4   11 1 1 1
    552    8    4   12 1 1 1
    553    8    5    1 1 1 1
    554    8    5    2 1 1 1
    555    8    5    3 1 1 1
    556    8    5    4 1 1 1
    557    8    5    5 1 1 1
    558    8    5    6 1 1 1
    559    8    5    7 1 1 1
    560    8    5    8 1 1 1
    561    8    5    9 1 1 1
    562    8    5   10 1 1 1
    563    8    5   11 1 1 1
    564    8    5   12 1 1 1
    565    8    6    1 1 1 1
    566    8    6    2 1 1 1
    567    8    6    3 1 1 1
    568    8    6    4 1 1 1
    569    8    6    5 1 1 1
    570    8    6    6 1 1 1
    571    8    6    7 1 1 1
    572    8    6    8 1 1 1
    573    8    6    9 1 1 1
    574    8    6   10 1 1 1
    575    8    6   11 1 1 1
    576    8    6   12 1 1 1
    577    9    1    1 1 1 1
    578    9    1    2 1 1 1
    579    9    1    3 1 1 1
    580    9    1    4 1 1 1
    581    9    1    5 1 1 1
    582    9    1    6 1 1 1
    583    9    1    7 1 1 1
    584    9    1    8 1 1 1
    585    9    1    9 1 1 1
    586    9    1   10 1 1 1
    587    9    1   11 1 1 1
    588    9    1   12 1 1 1
    589    9    2    1 1 1 1
    590    9    2    2 1 1 1
    591    9    2    3 1 1 1
    592    9    2    4 1 1 1
    593    9    2    5 1 1 1
    594    9    2    6 1 1 1
    595    9    2    7 1 1 1
    596    9    2    8 1 1 1
    597    9    2    9 1 1 1
    598    9    2   10 1 1 1
    599    9    2   11 1 1 1
    600    9    2   12 1 1 1
    601    9    3    1 1 1 1
    602    9    3    2 1 1 1
    603    9    3    3 1 1 1
    604    9    3    4 1 1 1
    605    9    3    5 1 1 1
    606    9    3    6 1 1 1
    607    9    3    7 1 1 1
    608    9    3    8 1 1 1
    609    9    3    9 1 1 1
    610    9    3   10 1 1 1
    611    9    3   11 1 1 1
    612    9    3   12 1 1 1
    613    9    4    1 1 1 1
    614    9    4    2 1 1 1
    615    9    4    3 1 1 1
    616    9    4    4 1 1 1
    617    9    4    5 1 1 1
    618    9    4    6 1 1 1
    619    9    4    7 1 1 1
    620    9    4    8 1 1 1
    621    9    4    9 1 1 1
    622    9    4   10 1 1 1
    623    9    4   11 1 1 1
    624    9    4   12 1 1 1
    625    9    5    1 1 1 1
    626    9    5    2 1 1 1
    627    9    5    3 1 1 1
    628    9    5    4 1 1 1
    629    9    5    5 1 1 1
    630    9    5    6 1 1 1
    631    9    5    7 1 1 1
    632    9    5    8 1 1 1
    633    9    5    9 1 1 1
    634    9    5   10 1 1 1
    635    9    5   11 1 1 1
    636    9    5   12 1 1 1
    637    9    6    1 1 1 1
    638    9    6    2 1 1 1
    639    9    6    3 1 1 1
    640    9    6    4 1 1 1
    641    9    6    5 1 1 1
    642    9    6    6 1 1 1
    643    9    6    7 1 1 1
    644    9    6    8 1 1 1
    645    9    6    9 1 1 1
    646    9    6   10 1 1 1
    647    9    6   11 1 1 1
    648    9    6   12 1 1 1
    649   10    1    1 1 1 1
    650   10    1    2 1 1 1
    651   10    1    3 1 1 1
    652   10    1    4 1 1 1
    653   10    1    5 1 1 1
    654   10    1    6 1 1 1
    655   10    1    7 1 1 1
    656   10    1    8 1 1 1
    657   10    1    9 1 1 1
    658   10    1   10 1 1 1
    659   10    1   11 1 1 1
    660   10    1   12 1 1 1
    661   10    2    1 1 1 1
    662   10    2    2 1 1 1
    663   10    2    3 1 1 1
    664   10    2    4 1 1 1
    665   10    2    5 1 1 1
    666   10    2    6 1 1 1
    667   10    2    7 1 1 1
    668   10    2    8 1 1 1
    669   10    2    9 1 1 1
    670   10    2   10 1 1 1
    671   10    2   11 1 1 1
    672   10    2   12 1 1 1
    673   10    3    1 1 1 1
    674   10    3    2 1 1 1
    675   10    3    3 1 1 1
    676   10    3    4 1 1 1
    677   10    3    5 1 1 1
    678   10    3    6 1 1 1
    679   10    3    7 1 1 1
    680   10    3    8 1 1 1
    681   10    3    9 1 1 1
    682   10    3   10 1 1 1
    683   10    3   11 1 1 1
    684   10    3   12 1 1 1
    685   10    4    1 1 1 1
    686   10    4    2 1 1 1
    687   10    4    3 1 1 1
    688   10    4    4 1 1 1
    689   10    4    5 1 1 1
    690   10    4    6 1 1 1
    691   10    4    7 1 1 1
    692   10    4    8 1 1 1
    693   10    4    9 1 1 1
    694   10    4   10 1 1 1
    695   10    4   11 1 1 1
    696   10    4   12 1 1 1
    697   10    5    1 1 1 1
    698   10    5    2 1 1 1
    699   10    5    3 1 1 1
    700   10    5    4 1 1 1
    701   10    5    5 1 1 1
    702   10    5    6 1 1 1
    703   10    5    7 1 1 1
    704   10    5    8 1 1 1
    705   10    5    9 1 1 1
    706   10    5   10 1 1 1
    707   10    5   11 1 1 1
    708   10    5   12 1 1 1
    709   10    6    1 1 1 1
    710   10    6    2 1 1 1
    711   10    6    3 1 1 1
    712   10    6    4 1 1 1
    713   10    6    5 1 1 1
    714   10    6    6 1 1 1
    715   10    6    7 1 1 1
    716   10    6    8 1 1 1
    717   10    6    9 1 1 1
    718   10    6   10 1 1 1
    719   10    6   11 1 1 1
    720   10    6   12 1 1 1
    721   11    1    1 1 1 1
    722   11    1    2 1 1 1
    723   11    1    3 1 1 1
    724   11    1    4 1 1 1
    725   11    1    5 1 1 1
    726   11    1    6 1 1 1
    727   11    1    7 1 1 1
    728   11    1    8 1 1 1
    729   11    1    9 1 1 1
    730   11    1   10 1 1 1
    731   11    1   11 1 1 1
    732   11    1   12 1 1 1
    733   11    2    1 1 1 1
    734   11    2    2 1 1 1
    735   11    2    3 1 1 1
    736   11    2    4 1 1 1
    737   11    2    5 1 1 1
    738   11    2    6 1 1 1
    739   11    2    7 1 1 1
    740   11    2    8 1 1 1
    741   11    2    9 1 1 1
    742   11    2   10 1 1 1
    743   11    2   11 1 1 1
    744   11    2   12 1 1 1
    745   11    3    1 1 1 1
    746   11    3    2 1 1 1
    747   11    3    3 1 1 1
    748   11    3    4 1 1 1
    749   11    3    5 1 1 1
    750   11    3    6 1 1 1
    751   11    3    7 1 1 1
    752   11    3    8 1 1 1
    753   11    3    9 1 1 1
    754   11    3   10 1 1 1
    755   11    3   11 1 1 1
    756   11    3   12 1 1 1
    757   11    4    1 1 1 1
    758   11    4    2 1 1 1
    759   11    4    3 1 1 1
    760   11    4    4 1 1 1
    761   11    4    5 1 1 1
    762   11    4    6 1 1 1
    763   11    4    7 1 1 1
    764   11    4    8 1 1 1
    765   11    4    9 1 1 1
    766   11    4   10 1 1 1
    767   11    4   11 1 1 1
    768   11    4   12 1 1 1
    769   11    5    1 1 1 1
    770   11    5    2 1 1 1
    771   11    5    3 1 1 1
    772   11    5    4 1 1 1
    773   11    5    5 1 1 1
    774   11    5    6 1 1 1
    775   11    5    7 1 1 1
    776   11    5    8 1 1 1
    777   11    5    9 1 1 1
    778   11    5   10 1 1 1
    779   11    5   11 1 1 1
    780   11    5   12 1 1 1
    781   11    6    1 1 1 1
    782   11    6    2 1 1 1
    783   11    6    3 1 1 1
    784   11    6    4 1 1 1
    785   11    6    5 1 1 1
    786   11    6    6 1 1 1
    787   11    6    7 1 1 1
    788   11    6    8 1 1 1
    789   11    6    9 1 1 1
    790   11    6   10 1 1 1
    791   11    6   11 1 1 1
    792   11    6   12 1 1 1
    793   12    1    1 1 1 1
    794   12    1    2 1 1 1
    795   12    1    3 1 1 1
    796   12    1    4 1 1 1
    797   12    1    5 1 1 1
    798   12    1    6 1 1 1
    799   12    1    7 1 1 1
    800   12    1    8 1 1 1
    801   12    1    9 1 1 1
    802   12    1   10 1 1 1
    803   12    1   11 1 1 1
    804   12    1   12 1 1 1
    805   12    2    1 1 1 1
    806   12    2    2 1 1 1
    807   12    2    3 1 1 1
    808   12    2    4 1 1 1
    809   12    2    5 1 1 1
    810   12    2    6 1 1 1
    811   12    2    7 1 1 1
    812   12    2    8 1 1 1
    813   12    2    9 1 1 1
    814   12    2   10 1 1 1
    815   12    2   11 1 1 1
    816   12    2   12 1 1 1
    817   12    3    1 1 1 1
    818   12    3    2 1 1 1
    819   12    3    3 1 1 1
    820   12    3    4 1 1 1
    821   12    3    5 1 1 1
    822   12    3    6 1 1 1
    823   12    3    7 1 1 1
    824   12    3    8 1 1 1
    825   12    3    9 1 1 1
    826   12    3   10 1 1 1
    827   12    3   11 1 1 1
    828   12    3   12 1 1 1
    829   12    4    1 1 1 1
    830   12    4    2 1 1 1
    831   12    4    3 1 1 1
    832   12    4    4 1 1 1
    833   12    4    5 1 1 1
    834   12    4    6 1 1 1
    835   12    4    7 1 1 1
    836   12    4    8 1 1 1
    837   12    4    9 1 1 1
    838   12    4   10 1 1 1
    839   12    4   11 1 1 1
    840   12    4   12 1 1 1
    841   12    5    1 1 1 1
    842   12    5    2 1 1 1
    843   12    5    3 1 1 1
    844   12    5    4 1 1 1
    845   12    5    5 1 1 1
    846   12    5    6 1 1 1
    847   12    5    7 1 1 1
    848   12    5    8 1 1 1
    849   12    5    9 1 1 1
    850   12    5   10 1 1 1
    851   12    5   11 1 1 1
    852   12    5   12 1 1 1
    853   12    6    1 1 1 1
    854   12    6    2 1 1 1
    855   12    6    3 1 1 1
    856   12    6    4 1 1 1
    857   12    6    5 1 1 1
    858   12    6    6 1 1 1
    859   12    6    7 1 1 1
    860   12    6    8 1 1 1
    861   12    6    9 1 1 1
    862   12    6   10 1 1 1
    863   12    6   11 1 1 1
    864   12    6   12 1 1 1
    865   13    1    1 1 1 1
    866   13    1    2 1 1 1
    867   13    1    3 1 1 1
    868   13    1    4 1 1 1
    869   13    1    5 1 1 1
    870   13    1    6 1 1 1
    871   13    1    7 1 1 1
    872   13    1    8 1 1 1
    873   13    1    9 1 1 1
    874   13    1   10 1 1 1
    875   13    1   11 1 1 1
    876   13    1   12 1 1 1
    877   13    2    1 1 1 1
    878   13    2    2 1 1 1
    879   13    2    3 1 1 1
    880   13    2    4 1 1 1
    881   13    2    5 1 1 1
    882   13    2    6 1 1 1
    883   13    2    7 1 1 1
    884   13    2    8 1 1 1
    885   13    2    9 1 1 1
    886   13    2   10 1 1 1
    887   13    2   11 1 1 1
    888   13    2   12 1 1 1
    889   13    3    1 1 1 1
    890   13    3    2 1 1 1
    891   13    3    3 1 1 1
    892   13    3    4 1 1 1
    893   13    3    5 1 1 1
    894   13    3    6 1 1 1
    895   13    3    7 1 1 1
    896   13    3    8 1 1 1
    897   13    3    9 1 1 1
    898   13    3   10 1 1 1
    899   13    3   11 1 1 1
    900   13    3   12 1 1 1
    901   13    4    1 1 1 1
    902   13    4    2 1 1 1
    903   13    4    3 1 1 1
    904   13    4    4 1 1 1
    905   13    4    5 1 1 1
    906   13    4    6 1 1 1
    907   13    4    7 1 1 1
    908   13    4    8 1 1 1
    909   13    4    9 1 1 1
    910   13    4   10 1 1 1
    911   13    4   11 1 1 1
    912   13    4   12 1 1 1
    913   13    5    1 1 1 1
    914   13    5    2 1 1 1
    915   13    5    3 1 1 1
    916   13    5    4 1 1 1
    917   13    5    5 1 1 1
    918   13    5    6 1 1 1
    919   13    5    7 1 1 1
    920   13    5    8 1 1 1
    921   13    5    9 1 1 1
    922   13    5   10 1 1 1
    923   13    5   11 1 1 1
    924   13    5   12 1 1 1
    925   13    6    1 1 1 1
    926   13    6    2 1 1 1
    927   13    6    3 1 1 1
    928   13    6    4 1 1 1
    929   13    6    5 1 1 1
    930   13    6    6 1 1 1
    931   13    6    7 1 1 1
    932   13    6    8 1 1 1
    933   13    6    9 1 1 1
    934   13    6   10 1 1 1
    935   13    6   11 1 1 1
    936   13    6   12 1 1 1
    937   14    1    1 1 1 1
    938   14    1    2 1 1 1
    939   14    1    3 1 1 1
    940   14    1    4 1 1 1
    941   14    1    5 1 1 1
    942   14    1    6 1 1 1
    943   14    1    7 1 1 1
    944   14    1    8 1 1 1
    945   14    1    9 1 1 1
    946   14    1   10 1 1 1
    947   14    1   11 1 1 1
    948   14    1   12 1 1 1
    949   14    2    1 1 1 1
    950   14    2    2 1 1 1
    951   14    2    3 1 1 1
    952   14    2    4 1 1 1
    953   14    2    5 1 1 1
    954   14    2    6 1 1 1
    955   14    2    7 1 1 1
    956   14    2    8 1 1 1
    957   14    2    9 1 1 1
    958   14    2   10 1 1 1
    959   14    2   11 1 1 1
    960   14    2   12 1 1 1
    961   14    3    1 1 1 1
    962   14    3    2 1 1 1
    963   14    3    3 1 1 1
    964   14    3    4 1 1 1
    965   14    3    5 1 1 1
    966   14    3    6 1 1 1
    967   14    3    7 1 1 1
    968   14    3    8 1 1 1
    969   14    3    9 1 1 1
    970   14    3   10 1 1 1
    971   14    3   11 1 1 1
    972   14    3   12 1 1 1
    973   14    4    1 1 1 1
    974   14    4    2 1 1 1
    975   14    4    3 1 1 1
    976   14    4    4 1 1 1
    977   14    4    5 1 1 1
    978   14    4    6 1 1 1
    979   14    4    7 1 1 1
    980   14    4    8 1 1 1
    981   14    4    9 1 1 1
    982   14    4   10 1 1 1
    983   14    4   11 1 1 1
    984   14    4   12 1 1 1
    985   14    5    1 1 1 1
    986   14    5    2 1 1 1
    987   14    5    3 1 1 1
    988   14    5    4 1 1 1
    989   14    5    5 1 1 1
    990   14    5    6 1 1 1
    991   14    5    7 1 1 1
    992   14    5    8 1 1 1
    993   14    5    9 1 1 1
    994   14    5   10 1 1 1
    995   14    5   11 1 1 1
    996   14    5   12 1 1 1
    997   14    6    1 1 1 1
    998   14    6    2 1 1 1
    999   14    6    3 1 1 1
   1000   14    6    4 1 1 1
   1001   14    6    5 1 1 1
   1002   14    6    6 1 1 1
   1003   14    6    7 1 1 1
   1004   14    6    8 1 1 1
   1005   14    6    9 1 1 1
   1006   14    6   10 1 1 1
   1007   14    6   11 1 1 1
   1008   14    6   12 1 1 1
   1009   15    1    1 1 1 1
   1010   15    1    2 1 1 1
   1011   15    1    3 1 1 1
   1012   15    1    4 1 1 1
   1013   15    1    5 1 1 1
   1014   15    1    6 1 1 1
   1015   15    1    7 1 1 1
   1016   15    1    8 1 1 1
   1017   15    1    9 1 1 1
   1018   15    1   10 1 1 1
   1019   15    1   11 1 1 1
   1020   15    1   12 1 1 1
   1021   15    2    1 1 1 1
   1022   15    2    2 1 1 1
   1023   15    2    3 1 1 1
   1024   15    2    4 1 1 1
   1025   15    2    5 1 1 1
   1026   15    2    6 1 1 1
   1027   15    2    7 1 1 1
   1028   15    2    8 1 1 1
   1029   15    2    9 1 1 1
   1030   15    2   10 1 1 1
   1031   15    2   11 1 1 1
   1032   15    2   12 1 1 1
   1033   15    3    1 1 1 1
   1034   15    3    2 1 1 1
   1035   15    3    3 1 1 1
   1036   15    3    4 1 1 1
   1037   15    3    5 1 1 1
   1038   15    3    6 1 1 1
   1039   15    3    7 1 1 1
   1040   15    3    8 1 1 1
   1041   15    3    9 1 1 1
   1042   15    3   10 1 1 1
   1043   15    3   11 1 1 1
   1044   15    3   12 1 1 1
   1045   15    4    1 1 1 1
   1046   15    4    2 1 1 1
   1047   15    4    3 1 1 1
   1048   15    4    4 1 1 1
   1049   15    4    5 1 1 1
   1050   15    4    6 1 1 1
   1051   15    4    7 1 1 1
   1052   15    4    8 1 1 1
   1053   15    4    9 1 1 1
   1054   15    4   10 1 1 1
   1055   15    4   11 1 1 1
   1056   15    4   12 1 1 1
   1057   15    5    1 1 1 1
   1058   15    5    2 1 1 1
   1059   15    5    3 1 1 1
   1060   15    5    4 1 1 1
   1061   15    5    5 1 1 1
   1062   15    5    6 1 1 1
   1063   15    5    7 1 1 1
   1064   15    5    8 1 1 1
   1065   15    5    9 1 1 1
   1066   15    5   10 1 1 1
   1067   15    5   11 1 1 1
   1068   15    5   12 1 1 1
   1069   15    6    1 1 1 1
   1070   15    6    2 1 1 1
   1071   15    6    3 1 1 1
   1072   15    6    4 1 1 1
   1073   15    6    5 1 1 1
   1074   15    6    6 1 1 1
   1075   15    6    7 1 1 1
   1076   15    6    8 1 1 1
   1077   15    6    9 1 1 1
   1078   15    6   10 1 1 1
   1079   15    6   11 1 1 1
   1080   15    6   12 1 1 1
   1081   16    1    1 1 1 1
   1082   16    1    2 1 1 1
   1083   16    1    3 1 1 1
   1084   16    1    4 1 1 1
   1085   16    1    5 1 1 1
   1086   16    1    6 1 1 1
   1087   16    1    7 1 1 1
   1088   16    1    8 1 1 1
   1089   16    1    9 1 1 1
   1090   16    1   10 1 1 1
   1091   16    1   11 1 1 1
   1092   16    1   12 1 1 1
   1093   16    2    1 1 1 1
   1094   16    2    2 1 1 1
   1095   16    2    3 1 1 1
   1096   16    2    4 1 1 1
   1097   16    2    5 1 1 1
   1098   16    2    6 1 1 1
   1099   16    2    7 1 1 1
   1100   16    2    8 1 1 1
   1101   16    2    9 1 1 1
   1102   16    2   10 1 1 1
   1103   16    2   11 1 1 1
   1104   16    2   12 1 1 1
   1105   16    3    1 1 1 1
   1106   16    3    2 1 1 1
   1107   16    3    3 1 1 1
   1108   16    3    4 1 1 1
   1109   16    3    5 1 1 1
   1110   16    3    6 1 1 1
   1111   16    3    7 1 1 1
   1112   16    3    8 1 1 1
   1113   16    3    9 1 1 1
   1114   16    3   10 1 1 1
   1115   16    3   11 1 1 1
   1116   16    3   12 1 1 1
   1117   16    4    1 1 1 1
   1118   16    4    2 1 1 1
   1119   16    4    3 1 1 1
   1120   16    4    4 1 1 1
   1121   16    4    5 1 1 1
   1122   16    4    6 1 1 1
   1123   16    4    7 1 1 1
   1124   16    4    8 1 1 1
   1125   16    4    9 1 1 1
   1126   16    4   10 1 1 1
   1127   16    4   11 1 1 1
   1128   16    4   12 1 1 1
   1129   16    5    1 1 1 1
   1130   16    5    2 1 1 1
   1131   16    5    3 1 1 1
   1132   16    5    4 1 1 1
   1133   16    5    5 1 1 1
   1134   16    5    6 1 1 1
   1135   16    5    7 1 1 1
   1136   16    5    8 1 1 1
   1137   16    5    9 1 1 1
   1138   16    5   10 1 1 1
   1139   16    5   11 1 1 1
   1140   16    5   12 1 1 1
   1141   16    6    1 1 1 1
   1142   16    6    2 1 1 1
   1143   16    6    3 1 1 1
   1144   16    6    4 1 1 1
   1145   16    6    5 1 1 1
   1146   16    6    6 1 1 1
   1147   16    6    7 1 1 1
   1148   16    6    8 1 1 1
   1149   16    6    9 1 1 1
   1150   16    6   10 1 1 1
   1151   16    6   11 1 1 1
   1152   16    6   12 1 1 1
   1153   17    1    1 1 1 1
   1154   17    1    2 1 1 1
   1155   17    1    3 1 1 1
   1156   17    1    4 1 1 1
   1157   17    1    5 1 1 1
   1158   17    1    6 1 1 1
   1159   17    1    7 1 1 1
   1160   17    1    8 1 1 1
   1161   17    1    9 1 1 1
   1162   17    1   10 1 1 1
   1163   17    1   11 1 1 1
   1164   17    1   12 1 1 1
   1165   17    2    1 1 1 1
   1166   17    2    2 1 1 1
   1167   17    2    3 1 1 1
   1168   17    2    4 1 1 1
   1169   17    2    5 1 1 1
   1170   17    2    6 1 1 1
   1171   17    2    7 1 1 1
   1172   17    2    8 1 1 1
   1173   17    2    9 1 1 1
   1174   17    2   10 1 1 1
   1175   17    2   11 1 1 1
   1176   17    2   12 1 1 1
   1177   17    3    1 1 1 1
   1178   17    3    2 1 1 1
   1179   17    3    3 1 1 1
   1180   17    3    4 1 1 1
   1181   17    3    5 1 1 1
   1182   17    3    6 1 1 1
   1183   17    3    7 1 1 1
   1184   17    3    8 1 1 1
   1185   17    3    9 1 1 1
   1186   17    3   10 1 1 1
   1187   17    3   11 1 1 1
   1188   17    3   12 1 1 1
   1189   17    4    1 1 1 1
   1190   17    4    2 1 1 1
   1191   17    4    3 1 1 1
   1192   17    4    4 1 1 1
   1193   17    4    5 1 1 1
   1194   17    4    6 1 1 1
   1195   17    4    7 1 1 1
   1196   17    4    8 1 1 1
   1197   17    4    9 1 1 1
   1198   17    4   10 1 1 1
   1199   17    4   11 1 1 1
   1200   17    4   12 1 1 1
   1201   17    5    1 1 1 1
   1202   17    5    2 1 1 1
   1203   17    5    3 1 1 1
   1204   17    5    4 1 1 1
   1205   17    5    5 1 1 1
   1206   17    5    6 1 1 1
   1207   17    5    7 1 1 1
   1208   17    5    8 1 1 1
   1209   17    5    9 1 1 1
   1210   17    5   10 1 1 1
   1211   17    5   11 1 1 1
   1212   17    5   12 1 1 1
   1213   17    6    1 1 1 1
   1214   17    6    2 1 1 1
   1215   17    6    3 1 1 1
   1216   17    6    4 1 1 1
   1217   17    6    5 1 1 1
   1218   17    6    6 1 1 1
   1219   17    6    7 1 1 1
   1220   17    6    8 1 1 1
   1221   17    6    9 1 1 1
   1222   17    6   10 1 1 1
   1223   17    6   11 1 1 1
   1224   17    6   12 1 1 1
   1225   18    1    1 1 1 1
   1226   18    1    2 1 1 1
   1227   18    1    3 1 1 1
   1228   18    1    4 1 1 1
   1229   18    1    5 1 1 1
   1230   18    1    6 1 1 1
   1231   18    1    7 1 1 1
   1232   18    1    8 1 1 1
   1233   18    1    9 1 1 1
   1234   18    1   10 1 1 1
   1235   18    1   11 1 1 1
   1236   18    1   12 1 1 1
   1237   18    2    1 1 1 1
   1238   18    2    2 1 1 1
   1239   18    2    3 1 1 1
   1240   18    2    4 1 1 1
   1241   18    2    5 1 1 1
   1242   18    2    6 1 1 1
   1243   18    2    7 1 1 1
   1244   18    2    8 1 1 1
   1245   18    2    9 1 1 1
   1246   18    2   10 1 1 1
   1247   18    2   11 1 1 1
   1248   18    2   12 1 1 1
   1249   18    3    1 1 1 1
   1250   18    3    2 1 1 1
   1251   18    3    3 1 1 1
   1252   18    3    4 1 1 1
   1253   18    3    5 1 1 1
   1254   18    3    6 1 1 1
   1255   18    3    7 1 1 1
   1256   18    3    8 1 1 1
   1257   18    3    9 1 1 1
   1258   18    3   10 1 1 1
   1259   18    3   11 1 1 1
   1260   18    3   12 1 1 1
   1261   18    4    1 1 1 1
   1262   18    4    2 1 1 1
   1263   18    4    3 1 1 1
   1264   18    4    4 1 1 1
   1265   18    4    5 1 1 1
   1266   18    4    6 1 1 1
   1267   18    4    7 1 1 1
   1268   18    4    8 1 1 1
   1269   18    4    9 1 1 1
   1270   18    4   10 1 1 1
   1271   18    4   11 1 1 1
   1272   18    4   12 1 1 1
   1273   18    5    1 1 1 1
   1274   18    5    2 1 1 1
   1275   18    5    3 1 1 1
   1276   18    5    4 1 1 1
   1277   18    5    5 1 1 1
   1278   18    5    6 1 1 1
   1279   18    5    7 1 1 1
   1280   18    5    8 1 1 1
   1281   18    5    9 1 1 1
   1282   18    5   10 1 1 1
   1283   18    5   11 1 1 1
   1284   18    5   12 1 1 1
   1285   18    6    1 1 1 1
   1286   18    6    2 1 1 1
   1287   18    6    3 1 1 1
   1288   18    6    4 1 1 1
   1289   18    6    5 1 1 1
   1290   18    6    6 1 1 1
   1291   18    6    7 1 1 1
   1292   18    6    8 1 1 1
   1293   18    6    9 1 1 1
   1294   18    6   10 1 1 1
   1295   18    6   11 1 1 1
   1296   18    6   12 1 1 1
   1297   19    1    1 1 1 1
   1298   19    1    2 1 1 1
   1299   19    1    3 1 1 1
   1300   19    1    4 1 1 1
   1301   19    1    5 1 1 1
   1302   19    1    6 1 1 1
   1303   19    1    7 1 1 1
   1304   19    1    8 1 1 1
   1305   19    1    9 1 1 1
   1306   19    1   10 1 1 1
   1307   19    1   11 1 1 1
   1308   19    1   12 1 1 1
   1309   19    2    1 1 1 1
   1310   19    2    2 1 1 1
   1311   19    2    3 1 1 1
   1312   19    2    4 1 1 1
   1313   19    2    5 1 1 1
   1314   19    2    6 1 1 1
   1315   19    2    7 1 1 1
   1316   19    2    8 1 1 1
   1317   19    2    9 1 1 1
   1318   19    2   10 1 1 1
   1319   19    2   11 1 1 1
   1320   19    2   12 1 1 1
   1321   19    3    1 1 1 1
   1322   19    3    2 1 1 1
   1323   19    3    3 1 1 1
   1324   19    3    4 1 1 1
   1325   19    3    5 1 1 1
   1326   19    3    6 1 1 1
   1327   19    3    7 1 1 1
   1328   19    3    8 1 1 1
   1329   19    3    9 1 1 1
   1330   19    3   10 1 1 1
   1331   19    3   11 1 1 1
   1332   19    3   12 1 1 1
   1333   19    4    1 1 1 1
   1334   19    4    2 1 1 1
   1335   19    4    3 1 1 1
   1336   19    4    4 1 1 1
   1337   19    4    5 1 1 1
   1338   19    4    6 1 1 1
   1339   19    4    7 1 1 1
   1340   19    4    8 1 1 1
   1341   19    4    9 1 1 1
   1342   19    4   10 1 1 1
   1343   19    4   11 1 1 1
   1344   19    4   12 1 1 1
   1345   19    5    1 1 1 1
   1346   19    5    2 1 1 1
   1347   19    5    3 1 1 1
   1348   19    5    4 1 1 1
   1349   19    5    5 1 1 1
   1350   19    5    6 1 1 1
   1351   19    5    7 1 1 1
   1352   19    5    8 1 1 1
   1353   19    5    9 1 1 1
   1354   19    5   10 1 1 1
   1355   19    5   11 1 1 1
   1356   19    5   12 1 1 1
   1357   19    6    1 1 1 1
   1358   19    6    2 1 1 1
   1359   19    6    3 1 1 1
   1360   19    6    4 1 1 1
   1361   19    6    5 1 1 1
   1362   19    6    6 1 1 1
   1363   19    6    7 1 1 1
   1364   19    6    8 1 1 1
   1365   19    6    9 1 1 1
   1366   19    6   10 1 1 1
   1367   19    6   11 1 1 1
   1368   19    6   12 1 1 1
   1369   20    1    1 1 1 1
   1370   20    1    2 1 1 1
   1371   20    1    3 1 1 1
   1372   20    1    4 1 1 1
   1373   20    1    5 1 1 1
   1374   20    1    6 1 1 1
   1375   20    1    7 1 1 1
   1376   20    1    8 1 1 1
   1377   20    1    9 1 1 1
   1378   20    1   10 1 1 1
   1379   20    1   11 1 1 1
   1380   20    1   12 1 1 1
   1381   20    2    1 1 1 1
   1382   20    2    2 1 1 1
   1383   20    2    3 1 1 1
   1384   20    2    4 1 1 1
   1385   20    2    5 1 1 1
   1386   20    2    6 1 1 1
   1387   20    2    7 1 1 1
   1388   20    2    8 1 1 1
   1389   20    2    9 1 1 1
   1390   20    2   10 1 1 1
   1391   20    2   11 1 1 1
   1392   20    2   12 1 1 1
   1393   20    3    1 1 1 1
   1394   20    3    2 1 1 1
   1395   20    3    3 1 1 1
   1396   20    3    4 1 1 1
   1397   20    3    5 1 1 1
   1398   20    3    6 1 1 1
   1399   20    3    7 1 1 1
   1400   20    3    8 1 1 1
   1401   20    3    9 1 1 1
   1402   20    3   10 1 1 1
   1403   20    3   11 1 1 1
   1404   20    3   12 1 1 1
   1405   20    4    1 1 1 1
   1406   20    4    2 1 1 1
   1407   20    4    3 1 1 1
   1408   20    4    4 1 1 1
   1409   20    4    5 1 1 1
   1410   20    4    6 1 1 1
   1411   20    4    7 1 1 1
   1412   20    4    8 1 1 1
   1413   20    4    9 1 1 1
   1414   20    4   10 1 1 1
   1415   20    4   11 1 1 1
   1416   20    4   12 1 1 1
   1417   20    5    1 1 1 1
   1418   20    5    2 1 1 1
   1419   20    5    3 1 1 1
   1420   20    5    4 1 1 1
   1421   20    5    5 1 1 1
   1422   20    5    6 1 1 1
   1423   20    5    7 1 1 1
   1424   20    5    8 1 1 1
   1425   20    5    9 1 1 1
   1426   20    5   10 1 1 1
   1427   20    5   11 1 1 1
   1428   20    5   12 1 1 1
   1429   20    6    1 1 1 1
   1430   20    6    2 1 1 1
   1431   20    6    3 1 1 1
   1432   20    6    4 1 1 1
   1433   20    6    5 1 1 1
   1434   20    6    6 1 1 1
   1435   20    6    7 1 1 1
   1436   20    6    8 1 1 1
   1437   20    6    9 1 1 1
   1438   20    6   10 1 1 1
   1439   20    6   11 1 1 1
   1440   20    6   12 1 1 1
   1441   21    1    1 1 1 1
   1442   21    1    2 1 1 1
   1443   21    1    3 1 1 1
   1444   21    1    4 1 1 1
   1445   21    1    5 1 1 1
   1446   21    1    6 1 1 1
   1447   21    1    7 1 1 1
   1448   21    1    8 1 1 1
   1449   21    1    9 1 1 1
   1450   21    1   10 1 1 1
   1451   21    1   11 1 1 1
   1452   21    1   12 1 1 1
   1453   21    2    1 1 1 1
   1454   21    2    2 1 1 1
   1455   21    2    3 1 1 1
   1456   21    2    4 1 1 1
   1457   21    2    5 1 1 1
   1458   21    2    6 1 1 1
   1459   21    2    7 1 1 1
   1460   21    2    8 1 1 1
   1461   21    2    9 1 1 1
   1462   21    2   10 1 1 1
   1463   21    2   11 1 1 1
   1464   21    2   12 1 1 1
   1465   21    3    1 1 1 1
   1466   21    3    2 1 1 1
   1467   21    3    3 1 1 1
   1468   21    3    4 1 1 1
   1469   21    3    5 1 1 1
   1470   21    3    6 1 1 1
   1471   21    3    7 1 1 1
   1472   21    3    8 1 1 1
   1473   21    3    9 1 1 1
   1474   21    3   10 1 1 1
   1475   21    3   11 1 1 1
   1476   21    3   12 1 1 1
   1477   21    4    1 1 1 1
   1478   21    4    2 1 1 1
   1479   21    4    3 1 1 1
   1480   21    4    4 1 1 1
   1481   21    4    5 1 1 1
   1482   21    4    6 1 1 1
   1483   21    4    7 1 1 1
   1484   21    4    8 1 1 1
   1485   21    4    9 1 1 1
   1486   21    4   10 1 1 1
   1487   21    4   11 1 1 1
   1488   21    4   12 1 1 1
   1489   21    5    1 1 1 1
   1490   21    5    2 1 1 1
   1491   21    5    3 1 1 1
   1492   21    5    4 1 1 1
   1493   21    5    5 1 1 1
   1494   21    5    6 1 1 1
   1495   21    5    7 1 1 1
   1496   21    5    8 1 1 1
   1497   21    5    9 1 1 1
   1498   21    5   10 1 1 1
   1499   21    5   11 1 1 1
   1500   21    5   12 1 1 1
   1501   21    6    1 1 1 1
   1502   21    6    2 1 1 1
   1503   21    6    3 1 1 1
   1504   21    6    4 1 1 1
   1505   21    6    5 1 1 1
   1506   21    6    6 1 1 1
   1507   21    6    7 1 1 1
   1508   21    6    8 1 1 1
   1509   21    6    9 1 1 1
   1510   21    6   10 1 1 1
   1511   21    6   11 1 1 1
   1512   21    6   12 1 1 1
   1513   22    1    1 1 1 1
   1514   22    1    2 1 1 1
   1515   22    1    3 1 1 1
   1516   22    1    4 1 1 1
   1517   22    1    5 1 1 1
   1518   22    1    6 1 1 1
   1519   22    1    7 1 1 1
   1520   22    1    8 1 1 1
   1521   22    1    9 1 1 1
   1522   22    1   10 1 1 1
   1523   22    1   11 1 1 1
   1524   22    1   12 1 1 1
   1525   22    2    1 1 1 1
   1526   22    2    2 1 1 1
   1527   22    2    3 1 1 1
   1528   22    2    4 1 1 1
   1529   22    2    5 1 1 1
   1530   22    2    6 1 1 1
   1531   22    2    7 1 1 1
   1532   22    2    8 1 1 1
   1533   22    2    9 1 1 1
   1534   22    2   10 1 1 1
   1535   22    2   11 1 1 1
   1536   22    2   12 1 1 1
   1537   22    3    1 1 1 1
   1538   22    3    2 1 1 1
   1539   22    3    3 1 1 1
   1540   22    3    4 1 1 1
   1541   22    3    5 1 1 1
   1542   22    3    6 1 1 1
   1543   22    3    7 1 1 1
   1544   22    3    8 1 1 1
   1545   22    3    9 1 1 1
   1546   22    3   10 1 1 1
   1547   22    3   11 1 1 1
   1548   22    3   12 1 1 1
   1549   22    4    1 1 1 1
   1550   22    4    2 1 1 1
   1551   22    4    3 1 1 1
   1552   22    4    4 1 1 1
   1553   22    4    5 1 1 1
   1554   22    4    6 1 1 1
   1555   22    4    7 1 1 1
   1556   22    4    8 1 1 1
   1557   22    4    9 1 1 1
   1558   22    4   10 1 1 1
   1559   22    4   11 1 1 1
   1560   22    4   12 1 1 1
   1561   22    5    1 1 1 1
   1562   22    5    2 1 1 1
   1563   22    5    3 1 1 1
   1564   22    5    4 1 1 1
   1565   22    5    5 1 1 1
   1566   22    5    6 1 1 1
   1567   22    5    7 1 1 1
   1568   22    5    8 1 1 1
   1569   22    5    9 1 1 1
   1570   22    5   10 1 1 1
   1571   22    5   11 1 1 1
   1572   22    5   12 1 1 1
   1573   22    6    1 1 1 1
   1574   22    6    2 1 1 1
   1575   22    6    3 1 1 1
   1576   22    6    4 1 1 1
   1577   22    6    5 1 1 1
   1578   22    6    6 1 1 1
   1579   22    6    7 1 1 1
   1580   22    6    8 1 1 1
   1581   22    6    9 1 1 1
   1582   22    6   10 1 1 1
   1583   22    6   11 1 1 1
   1584   22    6   12 1 1 1
   1585   23    1    1 1 1 1
   1586   23    1    2 1 1 1
   1587   23    1    3 1 1 1
   1588   23    1    4 1 1 1
   1589   23    1    5 1 1 1
   1590   23    1    6 1 1 1
   1591   23    1    7 1 1 1
   1592   23    1    8 1 1 1
   1593   23    1    9 1 1 1
   1594   23    1   10 1 1 1
   1595   23    1   11 1 1 1
   1596   23    1   12 1 1 1
   1597   23    2    1 1 1 1
   1598   23    2    2 1 1 1
   1599   23    2    3 1 1 1
   1600   23    2    4 1 1 1
   1601   23    2    5 1 1 1
   1602   23    2    6 1 1 1
   1603   23    2    7 1 1 1
   1604   23    2    8 1 1 1
   1605   23    2    9 1 1 1
   1606   23    2   10 1 1 1
   1607   23    2   11 1 1 1
   1608   23    2   12 1 1 1
   1609   23    3    1 1 1 1
   1610   23    3    2 1 1 1
   1611   23    3    3 1 1 1
   1612   23    3    4 1 1 1
   1613   23    3    5 1 1 1
   1614   23    3    6 1 1 1
   1615   23    3    7 1 1 1
   1616   23    3    8 1 1 1
   1617   23    3    9 1 1 1
   1618   23    3   10 1 1 1
   1619   23    3   11 1 1 1
   1620   23    3   12 1 1 1
   1621   23    4    1 1 1 1
   1622   23    4    2 1 1 1
   1623   23    4    3 1 1 1
   1624   23    4    4 1 1 1
   1625   23    4    5 1 1 1
   1626   23    4    6 1 1 1
   1627   23    4    7 1 1 1
   1628   23    4    8 1 1 1
   1629   23    4    9 1 1 1
   1630   23    4   10 1 1 1
   1631   23    4   11 1 1 1
   1632   23    4   12 1 1 1
   1633   23    5    1 1 1 1
   1634   23    5    2 1 1 1
   1635   23    5    3 1 1 1
   1636   23    5    4 1 1 1
   1637   23    5    5 1 1 1
   1638   23    5    6 1 1 1
   1639   23    5    7 1 1 1
   1640   23    5    8 1 1 1
   1641   23    5    9 1 1 1
   1642   23    5   10 1 1 1
   1643   23    5   11 1 1 1
   1644   23    5   12 1 1 1
   1645   23    6    1 1 1 1
   1646   23    6    2 1 1 1
   1647   23    6    3 1 1 1
   1648   23    6    4 1 1 1
   1649   23    6    5 1 1 1
   1650   23    6    6 1 1 1
   1651   23    6    7 1 1 1
   1652   23    6    8 1 1 1
   1653   23    6    9 1 1 1
   1654   23    6   10 1 1 1
   1655   23    6   11 1 1 1
   1656   23    6   12 1 1 1
   1657   24    1    1 1 1 1
   1658   24    1    2 1 1 1
   1659   24    1    3 1 1 1
   1660   24    1    4 1 1 1
   1661   24    1    5 1 1 1
   1662   24    1    6 1 1 1
   1663   24    1    7 1 1 1
   1664   24    1    8 1 1 1
   1665   24    1    9 1 1 1
   1666   24    1   10 1 1 1
   1667   24    1   11 1 1 1
   1668   24    1   12 1 1 1
   1669   24    2    1 1 1 1
   1670   24    2    2 1 1 1
   1671   24    2    3 1 1 1
   1672   24    2    4 1 1 1
   1673   24    2    5 1 1 1
   1674   24    2    6 1 1 1
   1675   24    2    7 1 1 1
   1676   24    2    8 1 1 1
   1677   24    2    9 1 1 1
   1678   24    2   10 1 1 1
   1679   24    2   11 1 1 1
   1680   24    2   12 1 1 1
   1681   24    3    1 1 1 1
   1682   24    3    2 1 1 1
   1683   24    3    3 1 1 1
   1684   24    3    4 1 1 1
   1685   24    3    5 1 1 1
   1686   24    3    6 1 1 1
   1687   24    3    7 1 1 1
   1688   24    3    8 1 1 1
   1689   24    3    9 1 1 1
   1690   24    3   10 1 1 1
   1691   24    3   11 1 1 1
   1692   24    3   12 1 1 1
   1693   24    4    1 1 1 1
   1694   24    4    2 1 1 1
   1695   24    4    3 1 1 1
   1696   24    4    4 1 1 1
   1697   24    4    5 1 1 1
   1698   24    4    6 1 1 1
   1699   24    4    7 1 1 1
   1700   24    4    8 1 1 1
   1701   24    4    9 1 1 1
   1702   24    4   10 1 1 1
   1703   24    4   11 1 1 1
   1704   24    4   12 1 1 1
   1705   24    5    1 1 1 1
   1706   24    5    2 1 1 1
   1707   24    5    3 1 1 1
   1708   24    5    4 1 1 1
   1709   24    5    5 1 1 1
   1710   24    5    6 1 1 1
   1711   24    5    7 1 1 1
   1712   24    5    8 1 1 1
   1713   24    5    9 1 1 1
   1714   24    5   10 1 1 1
   1715   24    5   11 1 1 1
   1716   24    5   12 1 1 1
   1717   24    6    1 1 1 1
   1718   24    6    2 1 1 1
   1719   24    6    3 1 1 1
   1720   24    6    4 1 1 1
   1721   24    6    5 1 1 1
   1722   24    6    6 1 1 1
   1723   24    6    7 1 1 1
   1724   24    6    8 1 1 1
   1725   24    6    9 1 1 1
   1726   24    6   10 1 1 1
   1727   24    6   11 1 1 1
   1728   24    6   12 1 1 1
   1729   25    1    1 1 1 1
   1730   25    1    2 1 1 1
   1731   25    1    3 1 1 1
   1732   25    1    4 1 1 1
   1733   25    1    5 1 1 1
   1734   25    1    6 1 1 1
   1735   25    1    7 1 1 1
   1736   25    1    8 1 1 1
   1737   25    1    9 1 1 1
   1738   25    1   10 1 1 1
   1739   25    1   11 1 1 1
   1740   25    1   12 1 1 1
   1741   25    2    1 1 1 1
   1742   25    2    2 1 1 1
   1743   25    2    3 1 1 1
   1744   25    2    4 1 1 1
   1745   25    2    5 1 1 1
   1746   25    2    6 1 1 1
   1747   25    2    7 1 1 1
   1748   25    2    8 1 1 1
   1749   25    2    9 1 1 1
   1750   25    2   10 1 1 1
   1751   25    2   11 1 1 1
   1752   25    2   12 1 1 1
   1753   25    3    1 1 1 1
   1754   25    3    2 1 1 1
   1755   25    3    3 1 1 1
   1756   25    3    4 1 1 1
   1757   25    3    5 1 1 1
   1758   25    3    6 1 1 1
   1759   25    3    7 1 1 1
   1760   25    3    8 1 1 1
   1761   25    3    9 1 1 1
   1762   25    3   10 1 1 1
   1763   25    3   11 1 1 1
   1764   25    3   12 1 1 1
   1765   25    4    1 1 1 1
   1766   25    4    2 1 1 1
   1767   25    4    3 1 1 1
   1768   25    4    4 1 1 1
   1769   25    4    5 1 1 1
   1770   25    4    6 1 1 1
   1771   25    4    7 1 1 1
   1772   25    4    8 1 1 1
   1773   25    4    9 1 1 1
   1774   25    4   10 1 1 1
   1775   25    4   11 1 1 1
   1776   25    4   12 1 1 1
   1777   25    5    1 1 1 1
   1778   25    5    2 1 1 1
   1779   25    5    3 1 1 1
   1780   25    5    4 1 1 1
   1781   25    5    5 1 1 1
   1782   25    5    6 1 1 1
   1783   25    5    7 1 1 1
   1784   25    5    8 1 1 1
   1785   25    5    9 1 1 1
   1786   25    5   10 1 1 1
   1787   25    5   11 1 1 1
   1788   25    5   12 1 1 1
   1789   25    6    1 1 1 1
   1790   25    6    2 1 1 1
   1791   25    6    3 1 1 1
   1792   25    6    4 1 1 1
   1793   25    6    5 1 1 1
   1794   25    6    6 1 1 1
   1795   25    6    7 1 1 1
   1796   25    6    8 1 1 1
   1797   25    6    9 1 1 1
   1798   25    6   10 1 1 1
   1799   25    6   11 1 1 1
   1800   25    6   12 1 1 1
   1801   26    1    1 1 1 1
   1802   26    1    2 1 1 1
   1803   26    1    3 1 1 1
   1804   26    1    4 1 1 1
   1805   26    1    5 1 1 1
   1806   26    1    6 1 1 1
   1807   26    1    7 1 1 1
   1808   26    1    8 1 1 1
   1809   26    1    9 1 1 1
   1810   26    1   10 1 1 1
   1811   26    1   11 1 1 1
   1812   26    1   12 1 1 1
   1813   26    2    1 1 1 1
   1814   26    2    2 1 1 1
   1815   26    2    3 1 1 1
   1816   26    2    4 1 1 1
   1817   26    2    5 1 1 1
   1818   26    2    6 1 1 1
   1819   26    2    7 1 1 1
   1820   26    2    8 1 1 1
   1821   26    2    9 1 1 1
   1822   26    2   10 1 1 1
   1823   26    2   11 1 1 1
   1824   26    2   12 1 1 1
   1825   26    3    1 1 1 1
   1826   26    3    2 1 1 1
   1827   26    3    3 1 1 1
   1828   26    3    4 1 1 1
   1829   26    3    5 1 1 1
   1830   26    3    6 1 1 1
   1831   26    3    7 1 1 1
   1832   26    3    8 1 1 1
   1833   26    3    9 1 1 1
   1834   26    3   10 1 1 1
   1835   26    3   11 1 1 1
   1836   26    3   12 1 1 1
   1837   26    4    1 1 1 1
   1838   26    4    2 1 1 1
   1839   26    4    3 1 1 1
   1840   26    4    4 1 1 1
   1841   26    4    5 1 1 1
   1842   26    4    6 1 1 1
   1843   26    4    7 1 1 1
   1844   26    4    8 1 1 1
   1845   26    4    9 1 1 1
   1846   26    4   10 1 1 1
   1847   26    4   11 1 1 1
   1848   26    4   12 1 1 1
   1849   26    5    1 1 1 1
   1850   26    5    2 1 1 1
   1851   26    5    3 1 1 1
   1852   26    5    4 1 1 1
   1853   26    5    5 1 1 1
   1854   26    5    6 1 1 1
   1855   26    5    7 1 1 1
   1856   26    5    8 1 1 1
   1857   26    5    9 1 1 1
   1858   26    5   10 1 1 1
   1859   26    5   11 1 1 1
   1860   26    5   12 1 1 1
   1861   26    6    1 1 1 1
   1862   26    6    2 1 1 1
   1863   26    6    3 1 1 1
   1864   26    6    4 1 1 1
   1865   26    6    5 1 1 1
   1866   26    6    6 1 1 1
   1867   26    6    7 1 1 1
   1868   26    6    8 1 1 1
   1869   26    6    9 1 1 1
   1870   26    6   10 1 1 1
   1871   26    6   11 1 1 1
   1872   26    6   12 1 1 1
   1873   27    1    1 1 1 1
   1874   27    1    2 1 1 1
   1875   27    1    3 1 1 1
   1876   27    1    4 1 1 1
   1877   27    1    5 1 1 1
   1878   27    1    6 1 1 1
   1879   27    1    7 1 1 1
   1880   27    1    8 1 1 1
   1881   27    1    9 1 1 1
   1882   27    1   10 1 1 1
   1883   27    1   11 1 1 1
   1884   27    1   12 1 1 1
   1885   27    2    1 1 1 1
   1886   27    2    2 1 1 1
   1887   27    2    3 1 1 1
   1888   27    2    4 1 1 1
   1889   27    2    5 1 1 1
   1890   27    2    6 1 1 1
   1891   27    2    7 1 1 1
   1892   27    2    8 1 1 1
   1893   27    2    9 1 1 1
   1894   27    2   10 1 1 1
   1895   27    2   11 1 1 1
   1896   27    2   12 1 1 1
   1897   27    3    1 1 1 1
   1898   27    3    2 1 1 1
   1899   27    3    3 1 1 1
   1900   27    3    4 1 1 1
   1901   27    3    5 1 1 1
   1902   27    3    6 1 1 1
   1903   27    3    7 1 1 1
   1904   27    3    8 1 1 1
   1905   27    3    9 1 1 1
   1906   27    3   10 1 1 1
   1907   27    3   11 1 1 1
   1908   27    3   12 1 1 1
   1909   27    4    1 1 1 1
   1910   27    4    2 1 1 1
   1911   27    4    3 1 1 1
   1912   27    4    4 1 1 1
   1913   27    4    5 1 1 1
   1914   27    4    6 1 1 1
   1915   27    4    7 1 1 1
   1916   27    4    8 1 1 1
   1917   27    4    9 1 1 1
   1918   27    4   10 1 1 1
   1919   27    4   11 1 1 1
   1920   27    4   12 1 1 1
   1921   27    5    1 1 1 1
   1922   27    5    2 1 1 1
   1923   27    5    3 1 1 1
   1924   27    5    4 1 1 1
   1925   27    5    5 1 1 1
   1926   27    5    6 1 1 1
   1927   27    5    7 1 1 1
   1928   27    5    8 1 1 1
   1929   27    5    9 1 1 1
   1930   27    5   10 1 1 1
   1931   27    5   11 1 1 1
   1932   27    5   12 1 1 1
   1933   27    6    1 1 1 1
   1934   27    6    2 1 1 1
   1935   27    6    3 1 1 1
   1936   27    6    4 1 1 1
   1937   27    6    5 1 1 1
   1938   27    6    6 1 1 1
   1939   27    6    7 1 1 1
   1940   27    6    8 1 1 1
   1941   27    6    9 1 1 1
   1942   27    6   10 1 1 1
   1943   27    6   11 1 1 1
   1944   27    6   12 1 1 1
   1945   28    1    1 1 1 1
   1946   28    1    2 1 1 1
   1947   28    1    3 1 1 1
   1948   28    1    4 1 1 1
   1949   28    1    5 1 1 1
   1950   28    1    6 1 1 1
   1951   28    1    7 1 1 1
   1952   28    1    8 1 1 1
   1953   28    1    9 1 1 1
   1954   28    1   10 1 1 1
   1955   28    1   11 1 1 1
   1956   28    1   12 1 1 1
   1957   28    2    1 1 1 1
   1958   28    2    2 1 1 1
   1959   28    2    3 1 1 1
   1960   28    2    4 1 1 1
   1961   28    2    5 1 1 1
   1962   28    2    6 1 1 1
   1963   28    2    7 1 1 1
   1964   28    2    8 1 1 1
   1965   28    2    9 1 1 1
   1966   28    2   10 1 1 1
   1967   28    2   11 1 1 1
   1968   28    2   12 1 1 1
   1969   28    3    1 1 1 1
   1970   28    3    2 1 1 1
   1971   28    3    3 1 1 1
   1972   28    3    4 1 1 1
   1973   28    3    5 1 1 1
   1974   28    3    6 1 1 1
   1975   28    3    7 1 1 1
   1976   28    3    8 1 1 1
   1977   28    3    9 1 1 1
   1978   28    3   10 1 1 1
   1979   28    3   11 1 1 1
   1980   28    3   12 1 1 1
   1981   28    4    1 1 1 1
   1982   28    4    2 1 1 1
   1983   28    4    3 1 1 1
   1984   28    4    4 1 1 1
   1985   28    4    5 1 1 1
   1986   28    4    6 1 1 1
   1987   28    4    7 1 1 1
   1988   28    4    8 1 1 1
   1989   28    4    9 1 1 1
   1990   28    4   10 1 1 1
   1991   28    4   11 1 1 1
   1992   28    4   12 1 1 1
   1993   28    5    1 1 1 1
   1994   28    5    2 1 1 1
   1995   28    5    3 1 1 1
   1996   28    5    4 1 1 1
   1997   28    5    5 1 1 1
   1998   28    5    6 1 1 1
   1999   28    5    7 1 1 1
   2000   28    5    8 1 1 1
   2001   28    5    9 1 1 1
   2002   28    5   10 1 1 1
   2003   28    5   11 1 1 1
   2004   28    5   12 1 1 1
   2005   28    6    1 1 1 1
   2006   28    6    2 1 1 1
   2007   28    6    3 1 1 1
   2008   28    6    4 1 1 1
   2009   28    6    5 1 1 1
   2010   28    6    6 1 1 1
   2011   28    6    7 1 1 1
   2012   28    6    8 1 1 1
   2013   28    6    9 1 1 1
   2014   28    6   10 1 1 1
   2015   28    6   11 1 1 1
   2016   28    6   12 1 1 1
   2017   29    1    1 1 1 1
   2018   29    1    2 1 1 1
   2019   29    1    3 1 1 1
   2020   29    1    4 1 1 1
   2021   29    1    5 1 1 1
   2022   29    1    6 1 1 1
   2023   29    1    7 1 1 1
   2024   29    1    8 1 1 1
   2025   29    1    9 1 1 1
   2026   29    1   10 1 1 1
   2027   29    1   11 1 1 1
   2028   29    1   12 1 1 1
   2029   29    2    1 1 1 1
   2030   29    2    2 1 1 1
   2031   29    2    3 1 1 1
   2032   29    2    4 1 1 1
   2033   29    2    5 1 1 1
   2034   29    2    6 1 1 1
   2035   29    2    7 1 1 1
   2036   29    2    8 1 1 1
   2037   29    2    9 1 1 1
   2038   29    2   10 1 1 1
   2039   29    2   11 1 1 1
   2040   29    2   12 1 1 1
   2041   29    3    1 1 1 1
   2042   29    3    2 1 1 1
   2043   29    3    3 1 1 1
   2044   29    3    4 1 1 1
   2045   29    3    5 1 1 1
   2046   29    3    6 1 1 1
   2047   29    3    7 1 1 1
   2048   29    3    8 1 1 1
   2049   29    3    9 1 1 1
   2050   29    3   10 1 1 1
   2051   29    3   11 1 1 1
   2052   29    3   12 1 1 1
   2053   29    4    1 1 1 1
   2054   29    4    2 1 1 1
   2055   29    4    3 1 1 1
   2056   29    4    4 1 1 1
   2057   29    4    5 1 1 1
   2058   29    4    6 1 1 1
   2059   29    4    7 1 1 1
   2060   29    4    8 1 1 1
   2061   29    4    9 1 1 1
   2062   29    4   10 1 1 1
   2063   29    4   11 1 1 1
   2064   29    4   12 1 1 1
   2065   29    5    1 1 1 1
   2066   29    5    2 1 1 1
   2067   29    5    3 1 1 1
   2068   29    5    4 1 1 1
   2069   29    5    5 1 1 1
   2070   29    5    6 1 1 1
   2071   29    5    7 1 1 1
   2072   29    5    8 1 1 1
   2073   29    5    9 1 1 1
   2074   29    5   10 1 1 1
   2075   29    5   11 1 1 1
   2076   29    5   12 1 1 1
   2077   29    6    1 1 1 1
   2078   29    6    2 1 1 1
   2079   29    6    3 1 1 1
   2080   29    6    4 1 1 1
   2081   29    6    5 1 1 1
   2082   29    6    6 1 1 1
   2083   29    6    7 1 1 1
   2084   29    6    8 1 1 1
   2085   29    6    9 1 1 1
   2086   29    6   10 1 1 1
   2087   29    6   11 1 1 1
   2088   29    6   12 1 1 1
   2089   30    1    1 1 1 1
   2090   30    1    2 1 1 1
   2091   30    1    3 1 1 1
   2092   30    1    4 1 1 1
   2093   30    1    5 1 1 1
   2094   30    1    6 1 1 1
   2095   30    1    7 1 1 1
   2096   30    1    8 1 1 1
   2097   30    1    9 1 1 1
   2098   30    1   10 1 1 1
   2099   30    1   11 1 1 1
   2100   30    1   12 1 1 1
   2101   30    2    1 1 1 1
   2102   30    2    2 1 1 1
   2103   30    2    3 1 1 1
   2104   30    2    4 1 1 1
   2105   30    2    5 1 1 1
   2106   30    2    6 1 1 1
   2107   30    2    7 1 1 1
   2108   30    2    8 1 1 1
   2109   30    2    9 1 1 1
   2110   30    2   10 1 1 1
   2111   30    2   11 1 1 1
   2112   30    2   12 1 1 1
   2113   30    3    1 1 1 1
   2114   30    3    2 1 1 1
   2115   30    3    3 1 1 1
   2116   30    3    4 1 1 1
   2117   30    3    5 1 1 1
   2118   30    3    6 1 1 1
   2119   30    3    7 1 1 1
   2120   30    3    8 1 1 1
   2121   30    3    9 1 1 1
   2122   30    3   10 1 1 1
   2123   30    3   11 1 1 1
   2124   30    3   12 1 1 1
   2125   30    4    1 1 1 1
   2126   30    4    2 1 1 1
   2127   30    4    3 1 1 1
   2128   30    4    4 1 1 1
   2129   30    4    5 1 1 1
   2130   30    4    6 1 1 1
   2131   30    4    7 1 1 1
   2132   30    4    8 1 1 1
   2133   30    4    9 1 1 1
   2134   30    4   10 1 1 1
   2135   30    4   11 1 1 1
   2136   30    4   12 1 1 1
   2137   30    5    1 1 1 1
   2138   30    5    2 1 1 1
   2139   30    5    3 1 1 1
   2140   30    5    4 1 1 1
   2141   30    5    5 1 1 1
   2142   30    5    6 1 1 1
   2143   30    5    7 1 1 1
   2144   30    5    8 1 1 1
   2145   30    5    9 1 1 1
   2146   30    5   10 1 1 1
   2147   30    5   11 1 1 1
   2148   30    5   12 1 1 1
   2149   30    6    1 1 1 1
   2150   30    6    2 1 1 1
   2151   30    6    3 1 1 1
   2152   30    6    4 1 1 1
   2153   30    6    5 1 1 1
   2154   30    6    6 1 1 1
   2155   30    6    7 1 1 1
   2156   30    6    8 1 1 1
   2157   30    6    9 1 1 1
   2158   30    6   10 1 1 1
   2159   30    6   11 1 1 1
   2160   30    6   12 1 1 1
