 >REASHP: option FROM_FILE
       484 = NAT
  1.000000  0.000000  0.000000 = A_1 vector
  0.000000  1.000000  0.000000 = A_2 vector
  1.000000  1.000000  1.000000 = lattice spacings (d_x,d_y,d_z)/d
  -0.10830  -0.00000  -0.10920 = lattice offset x0(1-3) = (x_TF,y_TF,z_TF)/d for dipole 0 0 0
     JA  IX  IY  IZ ICOMP(x,y,z)
      1    1    1    1 1 1 1
      2    1    1    2 1 1 1
      3    1    1    3 1 1 1
      4    1    1    4 1 1 1
      5    1    1    5 1 1 1
      6    1    1    6 1 1 1
      7    1    1    7 1 1 1
      8    1    1    8 1 1 1
      9    1    1    9 1 1 1
     10    1    1   10 1 1 1
     11    1    1   11 1 1 1
     12    1    1   12 1 1 1
     13    1    1   13 1 1 1
     14    1    1   14 1 1 1
     15    1    1   15 1 1 1
     16    1    1   16 1 1 1
     17    1    1   17 1 1 1
     18    1    1   18 1 1 1
     19    1    1   19 1 1 1
     20    1    1   20 1 1 1
     21    1    1   21 1 1 1
     22    1    1   22 1 1 1
     23    2    1    1 1 1 1
     24    2    1    2 1 1 1
     25    2    1    3 1 1 1
     26    2    1    4 1 1 1
     27    2    1    5 1 1 1
     28    2    1    6 1 1 1
     29    2    1    7 1 1 1
     30    2    1    8 1 1 1
     31    2    1    9 1 1 1
     32    2    1   10 1 1 1
     33    2    1   11 1 1 1
     34    2    1   12 1 1 1
     35    2    1   13 1 1 1
     36    2    1   14 1 1 1
     37    2    1   15 1 1 1
     38    2    1   16 1 1 1
     39    2    1   17 1 1 1
     40    2    1   18 1 1 1
     41    2    1   19 1 1 1
     42    2    1   20 1 1 1
     43    2    1   21 1 1 1
     44    2    1   22 1 1 1
     45    3    1    1 1 1 1
     46    3    1    2 1 1 1
     47    3    1    3 1 1 1
     48    3    1    4 1 1 1
     49    3    1    5 1 1 1
     50    3    1    6 1 1 1
     51    3    1    7 1 1 1
     52    3    1    8 1 1 1
     53    3    1    9 1 1 1
     54    3    1   10 1 1 1
     55    3    1   11 1 1 1
     56    3    1   12 1 1 1
     57    3    1   13 1 1 1
     58    3    1   14 1 1 1
     59    3    1   15 1 1 1
     60    3    1   16 1 1 1
     61    3    1   17 1 1 1
     62    3    1   18 1 1 1
     63    3    1   19 1 1 1
     64    3    1   20 1 1 1
     65    3    1   21 1 1 1
     66    3    1   22 1 1 1
     67    4    1    1 1 1 1
     68    4    1    2 1 1 1
     69    4    1    3 1 1 1
     70    4    1    4 1 1 1
     71    4    1    5 1 1 1
     72    4    1    6 1 1 1
     73    4    1    7 1 1 1
     74    4    1    8 1 1 1
     75    4    1    9 1 1 1
     76    4    1   10 1 1 1
     77    4    1   11 1 1 1
     78    4    1   12 1 1 1
     79    4    1   13 1 1 1
     80    4    1   14 1 1 1
     81    4    1   15 1 1 1
     82    4    1   16 1 1 1
     83    4    1   17 1 1 1
     84    4    1   18 1 1 1
     85    4    1   19 1 1 1
     86    4    1   20 1 1 1
     87    4    1   21 1 1 1
     88    4    1   22 1 1 1
     89    5    1    1 1 1 1
     90    5    1    2 1 1 1
     91    5    1    3 1 1 1
     92    5    1    4 1 1 1
     93    5    1    5 1 1 1
     94    5    1    6 1 1 1
     95    5    1    7 1 1 1
     96    5    1    8 1 1 1
     97    5    1    9 1 1 1
     98    5    1   10 1 1 1
     99    5    1   11 1 1 1
    100    5    1   12 1 1 1
    101    5    1   13 1 1 1
    102    5    1   14 1 1 1
    103    5    1   15 1 1 1
    104    5    1   16 1 1 1
    105    5    1   17 1 1 1
    106    5    1   18 1 1 1
    107    5    1   19 1 1 1
    108    5    1   20 1 1 1
    109    5    1   21 1 1 1
    110    5    1   22 1 1 1
    111    6    1    1 1 1 1
    112    6    1    2 1 1 1
    113    6    1    3 1 1 1
    114    6    1    4 1 1 1
    115    6    1    5 1 1 1
    116    6    1    6 1 1 1
    117    6    1    7 1 1 1
    118    6    1    8 1 1 1
    119    6    1    9 1 1 1
    120    6    1   10 1 1 1
    121    6    1   11 1 1 1
    122    6    1   12 1 1 1
    123    6    1   13 1 1 1
    124    6    1   14 1 1 1
    125    6    1   15 1 1 1
    126    6    1   16 1 1 1
    127    6    1   17 1 1 1
    128    6    1   18 1 1 1
    129    6    1   19 1 1 1
    130    6    1   20 1 1 1
    131    6    1   21 1 1 1
    132    6    1   22 1 1 1
    133    7    1    1 1 1 1
    134    7    1    2 1 1 1
    135    7    1    3 1 1 1
    136    7    1    4 1 1 1
    137    7    1    5 1 1 1
    138    7    1    6 1 1 1
    139    7    1    7 1 1 1
    140    7    1    8 1 1 1
    141    7    1    9 1 1 1
    142    7    1   10 1 1 1
    143    7    1   11 1 1 1
    144    7    1   12 1 1 1
    145    7    1   13 1 1 1
    146    7    1   14 1 1 1
    147    7    1   15 1 1 1
    148    7    1   16 1 1 1
    149    7    1   17 1 1 1
    150    7    1   18 1 1 1
    151    7    1   19 1 1 1
    152    7    1   20 1 1 1
    153    7    1   21 1 1 1
    154    7    1   22 1 1 1
    155    8    1    1 1 1 1
    156    8    1    2 1 1 1
    157    8    1    3 1 1 1
    158    8    1    4 1 1 1
    159    8    1    5 1 1 1
    160    8    1    6 1 1 1
    161    8    1    7 1 1 1
    162    8    1    8 1 1 1
    163    8    1    9 1 1 1
    164    8    1   10 1 1 1
    165    8    1   11 1 1 1
    166    8    1   12 1 1 1
    167    8    1   13 1 1 1
    168    8    1   14 1 1 1
    169    8    1   15 1 1 1
    170    8    1   16 1 1 1
    171    8    1   17 1 1 1
    172    8    1   18 1 1 1
    173    8    1   19 1 1 1
    174    8    1   20 1 1 1
    175    8    1   21 1 1 1
    176    8    1   22 1 1 1
    177    9    1    1 1 1 1
    178    9    1    2 1 1 1
    179    9    1    3 1 1 1
    180    9    1    4 1 1 1
    181    9    1    5 1 1 1
    182    9    1    6 1 1 1
    183    9    1    7 1 1 1
    184    9    1    8 1 1 1
    185    9    1    9 1 1 1
    186    9    1   10 1 1 1
    187    9    1   11 1 1 1
    188    9    1   12 1 1 1
    189    9    1   13 1 1 1
    190    9    1   14 1 1 1
    191    9    1   15 1 1 1
    192    9    1   16 1 1 1
    193    9    1   17 1 1 1
    194    9    1   18 1 1 1
    195    9    1   19 1 1 1
    196    9    1   20 1 1 1
    197    9    1   21 1 1 1
    198    9    1   22 1 1 1
    199   10    1    1 1 1 1
    200   10    1    2 1 1 1
    201   10    1    3 1 1 1
    202   10    1    4 1 1 1
    203   10    1    5 1 1 1
    204   10    1    6 1 1 1
    205   10    1    7 1 1 1
    206   10    1    8 1 1 1
    207   10    1    9 1 1 1
    208   10    1   10 1 1 1
    209   10    1   11 1 1 1
    210   10    1   12 1 1 1
    211   10    1   13 1 1 1
    212   10    1   14 1 1 1
    213   10    1   15 1 1 1
    214   10    1   16 1 1 1
    215   10    1   17 1 1 1
    216   10    1   18 1 1 1
    217   10    1   19 1 1 1
    218   10    1   20 1 1 1
    219   10    1   21 1 1 1
    220   10    1   22 1 1 1
    221   11    1    1 1 1 1
    222   11    1    2 1 1 1
    223   11    1    3 1 1 1
    224   11    1    4 1 1 1
    225   11    1    5 1 1 1
    226   11    1    6 1 1 1
    227   11    1    7 1 1 1
    228   11    1    8 1 1 1
    229   11    1    9 1 1 1
    230   11    1   10 1 1 1
    231   11    1   11 1 1 1
    232   11    1   12 1 1 1
    233   11    1   13 1 1 1
    234   11    1   14 1 1 1
    235   11    1   15 1 1 1
    236   11    1   16 1 1 1
    237   11    1   17 1 1 1
    238   11    1   18 1 1 1
    239   11    1   19 1 1 1
    240   11    1   20 1 1 1
    241   11    1   21 1 1 1
    242   11    1   22 1 1 1
    243   12    1    1 1 1 1
    244   12    1    2 1 1 1
    245   12    1    3 1 1 1
    246   12    1    4 1 1 1
    247   12    1    5 1 1 1
    248   12    1    6 1 1 1
    249   12    1    7 1 1 1
    250   12    1    8 1 1 1
    251   12    1    9 1 1 1
    252   12    1   10 1 1 1
    253   12    1   11 1 1 1
    254   12    1   12 1 1 1
    255   12    1   13 1 1 1
    256   12    1   14 1 1 1
    257   12    1   15 1 1 1
    258   12    1   16 1 1 1
    259   12    1   17 1 1 1
    260   12    1   18 1 1 1
    261   12    1   19 1 1 1
    262   12    1   20 1 1 1
    263   12    1   21 1 1 1
    264   12    1   22 1 1 1
    265   13    1    1 1 1 1
    266   13    1    2 1 1 1
    267   13    1    3 1 1 1
    268   13    1    4 1 1 1
    269   13    1    5 1 1 1
    270   13    1    6 1 1 1
    271   13    1    7 1 1 1
    272   13    1    8 1 1 1
    273   13    1    9 1 1 1
    274   13    1   10 1 1 1
    275   13    1   11 1 1 1
    276   13    1   12 1 1 1
    277   13    1   13 1 1 1
    278   13    1   14 1 1 1
    279   13    1   15 1 1 1
    280   13    1   16 1 1 1
    281   13    1   17 1 1 1
    282   13    1   18 1 1 1
    283   13    1   19 1 1 1
    284   13    1   20 1 1 1
    285   13    1   21 1 1 1
    286   13    1   22 1 1 1
    287   14    1    1 1 1 1
    288   14    1    2 1 1 1
    289   14    1    3 1 1 1
    290   14    1    4 1 1 1
    291   14    1    5 1 1 1
    292   14    1    6 1 1 1
    293   14    1    7 1 1 1
    294   14    1    8 1 1 1
    295   14    1    9 1 1 1
    296   14    1   10 1 1 1
    297   14    1   11 1 1 1
    298   14    1   12 1 1 1
    299   14    1   13 1 1 1
    300   14    1   14 1 1 1
    301   14    1   15 1 1 1
    302   14    1   16 1 1 1
    303   14    1   17 1 1 1
    304   14    1   18 1 1 1
    305   14    1   19 1 1 1
    306   14    1   20 1 1 1
    307   14    1   21 1 1 1
    308   14    1   22 1 1 1
    309   15    1    1 1 1 1
    310   15    1    2 1 1 1
    311   15    1    3 1 1 1
    312   15    1    4 1 1 1
    313   15    1    5 1 1 1
    314   15    1    6 1 1 1
    315   15    1    7 1 1 1
    316   15    1    8 1 1 1
    317   15    1    9 1 1 1
    318   15    1   10 1 1 1
    319   15    1   11 1 1 1
    320   15    1   12 1 1 1
    321   15    1   13 1 1 1
    322   15    1   14 1 1 1
    323   15    1   15 1 1 1
    324   15    1   16 1 1 1
    325   15    1   17 1 1 1
    326   15    1   18 1 1 1
    327   15    1   19 1 1 1
    328   15    1   20 1 1 1
    329   15    1   21 1 1 1
    330   15    1   22 1 1 1
    331   16    1    1 1 1 1
    332   16    1    2 1 1 1
    333   16    1    3 1 1 1
    334   16    1    4 1 1 1
    335   16    1    5 1 1 1
    336   16    1    6 1 1 1
    337   16    1    7 1 1 1
    338   16    1    8 1 1 1
    339   16    1    9 1 1 1
    340   16    1   10 1 1 1
    341   16    1   11 1 1 1
    342   16    1   12 1 1 1
    343   16    1   13 1 1 1
    344   16    1   14 1 1 1
    345   16    1   15 1 1 1
    346   16    1   16 1 1 1
    347   16    1   17 1 1 1
    348   16    1   18 1 1 1
    349   16    1   19 1 1 1
    350   16    1   20 1 1 1
    351   16    1   21 1 1 1
    352   16    1   22 1 1 1
    353   17    1    1 1 1 1
    354   17    1    2 1 1 1
    355   17    1    3 1 1 1
    356   17    1    4 1 1 1
    357   17    1    5 1 1 1
    358   17    1    6 1 1 1
    359   17    1    7 1 1 1
    360   17    1    8 1 1 1
    361   17    1    9 1 1 1
    362   17    1   10 1 1 1
    363   17    1   11 1 1 1
    364   17    1   12 1 1 1
    365   17    1   13 1 1 1
    366   17    1   14 1 1 1
    367   17    1   15 1 1 1
    368   17    1   16 1 1 1
    369   17    1   17 1 1 1
    370   17    1   18 1 1 1
    371   17    1   19 1 1 1
    372   17    1   20 1 1 1
    373   17    1   21 1 1 1
    374   17    1   22 1 1 1
    375   18    1    1 1 1 1
    376   18    1    2 1 1 1
    377   18    1    3 1 1 1
    378   18    1    4 1 1 1
    379   18    1    5 1 1 1
    380   18    1    6 1 1 1
    381   18    1    7 1 1 1
    382   18    1    8 1 1 1
    383   18    1    9 1 1 1
    384   18    1   10 1 1 1
    385   18    1   11 1 1 1
    386   18    1   12 1 1 1
    387   18    1   13 1 1 1
    388   18    1   14 1 1 1
    389   18    1   15 1 1 1
    390   18    1   16 1 1 1
    391   18    1   17 1 1 1
    392   18    1   18 1 1 1
    393   18    1   19 1 1 1
    394   18    1   20 1 1 1
    395   18    1   21 1 1 1
    396   18    1   22 1 1 1
    397   19    1    1 1 1 1
    398   19    1    2 1 1 1
    399   19    1    3 1 1 1
    400   19    1    4 1 1 1
    401   19    1    5 1 1 1
    402   19    1    6 1 1 1
    403   19    1    7 1 1 1
    404   19    1    8 1 1 1
    405   19    1    9 1 1 1
    406   19    1   10 1 1 1
    407   19    1   11 1 1 1
    408   19    1   12 1 1 1
    409   19    1   13 1 1 1
    410   19    1   14 1 1 1
    411   19    1   15 1 1 1
    412   19    1   16 1 1 1
    413   19    1   17 1 1 1
    414   19    1   18 1 1 1
    415   19    1   19 1 1 1
    416   19    1   20 1 1 1
    417   19    1   21 1 1 1
    418   19    1   22 1 1 1
    419   20    1    1 1 1 1
    420   20    1    2 1 1 1
    421   20    1    3 1 1 1
    422   20    1    4 1 1 1
    423   20    1    5 1 1 1
    424   20    1    6 1 1 1
    425   20    1    7 1 1 1
    426   20    1    8 1 1 1
    427   20    1    9 1 1 1
    428   20    1   10 1 1 1
    429   20    1   11 1 1 1
    430   20    1   12 1 1 1
    431   20    1   13 1 1 1
    432   20    1   14 1 1 1
    433   20    1   15 1 1 1
    434   20    1   16 1 1 1
    435   20    1   17 1 1 1
    436   20    1   18 1 1 1
    437   20    1   19 1 1 1
    438   20    1   20 1 1 1
    439   20    1   21 1 1 1
    440   20    1   22 1 1 1
    441   21    1    1 1 1 1
    442   21    1    2 1 1 1
    443   21    1    3 1 1 1
    444   21    1    4 1 1 1
    445   21    1    5 1 1 1
    446   21    1    6 1 1 1
    447   21    1    7 1 1 1
    448   21    1    8 1 1 1
    449   21    1    9 1 1 1
    450   21    1   10 1 1 1
    451   21    1   11 1 1 1
    452   21    1   12 1 1 1
    453   21    1   13 1 1 1
    454   21    1   14 1 1 1
    455   21    1   15 1 1 1
    456   21    1   16 1 1 1
    457   21    1   17 1 1 1
    458   21    1   18 1 1 1
    459   21    1   19 1 1 1
    460   21    1   20 1 1 1
    461   21    1   21 1 1 1
    462   21    1   22 1 1 1
    463   22    1    1 1 1 1
    464   22    1    2 1 1 1
    465   22    1    3 1 1 1
    466   22    1    4 1 1 1
    467   22    1    5 1 1 1
    468   22    1    6 1 1 1
    469   22    1    7 1 1 1
    470   22    1    8 1 1 1
    471   22    1    9 1 1 1
    472   22    1   10 1 1 1
    473   22    1   11 1 1 1
    474   22    1   12 1 1 1
    475   22    1   13 1 1 1
    476   22    1   14 1 1 1
    477   22    1   15 1 1 1
    478   22    1   16 1 1 1
    479   22    1   17 1 1 1
    480   22    1   18 1 1 1
    481   22    1   19 1 1 1
    482   22    1   20 1 1 1
    483   22    1   21 1 1 1
    484   22    1   22 1 1 1
