 >REASHP: option FROM_FILE
      2964 = NAT
  1.000000  0.000000  0.000000 = A_1 vector
  0.000000  1.000000  0.000000 = A_2 vector
  1.000000  1.000000  1.000000 = lattice spacings (d_x,d_y,d_z)/d
  -0.18620  -0.01175  -0.12915 = lattice offset x0(1-3) = (x_TF,y_TF,z_TF)/d for dipole 0 0 0
     JA  IX  IY  IZ ICOMP(x,y,z)
      1    1    1    1 1 1 1
      2    1    1    2 1 1 1
      3    1    1    3 1 1 1
      4    1    1    4 1 1 1
      5    1    1    5 1 1 1
      6    1    1    6 1 1 1
      7    1    1    7 1 1 1
      8    1    1    8 1 1 1
      9    1    1    9 1 1 1
     10    1    1   10 1 1 1
     11    1    1   11 1 1 1
     12    1    1   12 1 1 1
     13    1    1   13 1 1 1
     14    1    1   14 1 1 1
     15    1    1   15 1 1 1
     16    1    1   16 1 1 1
     17    1    1   17 1 1 1
     18    1    1   18 1 1 1
     19    1    1   19 1 1 1
     20    1    1   20 1 1 1
     21    1    1   21 1 1 1
     22    1    1   22 1 1 1
     23    1    1   23 1 1 1
     24    1    1   24 1 1 1
     25    1    1   25 1 1 1
     26    1    1   26 1 1 1
     27    1    2    1 1 1 1
     28    1    2    2 1 1 1
     29    1    2    3 1 1 1
     30    1    2    4 1 1 1
     31    1    2    5 1 1 1
     32    1    2    6 1 1 1
     33    1    2    7 1 1 1
     34    1    2    8 1 1 1
     35    1    2    9 1 1 1
     36    1    2   10 1 1 1
     37    1    2   11 1 1 1
     38    1    2   12 1 1 1
     39    1    2   13 1 1 1
     40    1    2   14 1 1 1
     41    1    2   15 1 1 1
     42    1    2   16 1 1 1
     43    1    2   17 1 1 1
     44    1    2   18 1 1 1
     45    1    2   19 1 1 1
     46    1    2   20 1 1 1
     47    1    2   21 1 1 1
     48    1    2   22 1 1 1
     49    1    2   23 1 1 1
     50    1    2   24 1 1 1
     51    1    2   25 1 1 1
     52    1    2   26 1 1 1
     53    1    3    1 1 1 1
     54    1    3    2 1 1 1
     55    1    3    3 1 1 1
     56    1    3    4 1 1 1
     57    1    3    5 1 1 1
     58    1    3    6 1 1 1
     59    1    3    7 1 1 1
     60    1    3    8 1 1 1
     61    1    3    9 1 1 1
     62    1    3   10 1 1 1
     63    1    3   11 1 1 1
     64    1    3   12 1 1 1
     65    1    3   13 1 1 1
     66    1    3   14 1 1 1
     67    1    3   15 1 1 1
     68    1    3   16 1 1 1
     69    1    3   17 1 1 1
     70    1    3   18 1 1 1
     71    1    3   19 1 1 1
     72    1    3   20 1 1 1
     73    1    3   21 1 1 1
     74    1    3   22 1 1 1
     75    1    3   23 1 1 1
     76    1    3   24 1 1 1
     77    1    3   25 1 1 1
     78    1    3   26 1 1 1
     79    2    1    1 1 1 1
     80    2    1    2 1 1 1
     81    2    1    3 1 1 1
     82    2    1    4 1 1 1
     83    2    1    5 1 1 1
     84    2    1    6 1 1 1
     85    2    1    7 1 1 1
     86    2    1    8 1 1 1
     87    2    1    9 1 1 1
     88    2    1   10 1 1 1
     89    2    1   11 1 1 1
     90    2    1   12 1 1 1
     91    2    1   13 1 1 1
     92    2    1   14 1 1 1
     93    2    1   15 1 1 1
     94    2    1   16 1 1 1
     95    2    1   17 1 1 1
     96    2    1   18 1 1 1
     97    2    1   19 1 1 1
     98    2    1   20 1 1 1
     99    2    1   21 1 1 1
    100    2    1   22 1 1 1
    101    2    1   23 1 1 1
    102    2    1   24 1 1 1
    103    2    1   25 1 1 1
    104    2    1   26 1 1 1
    105    2    2    1 1 1 1
    106    2    2    2 1 1 1
    107    2    2    3 1 1 1
    108    2    2    4 1 1 1
    109    2    2    5 1 1 1
    110    2    2    6 1 1 1
    111    2    2    7 1 1 1
    112    2    2    8 1 1 1
    113    2    2    9 1 1 1
    114    2    2   10 1 1 1
    115    2    2   11 1 1 1
    116    2    2   12 1 1 1
    117    2    2   13 1 1 1
    118    2    2   14 1 1 1
    119    2    2   15 1 1 1
    120    2    2   16 1 1 1
    121    2    2   17 1 1 1
    122    2    2   18 1 1 1
    123    2    2   19 1 1 1
    124    2    2   20 1 1 1
    125    2    2   21 1 1 1
    126    2    2   22 1 1 1
    127    2    2   23 1 1 1
    128    2    2   24 1 1 1
    129    2    2   25 1 1 1
    130    2    2   26 1 1 1
    131    2    3    1 1 1 1
    132    2    3    2 1 1 1
    133    2    3    3 1 1 1
    134    2    3    4 1 1 1
    135    2    3    5 1 1 1
    136    2    3    6 1 1 1
    137    2    3    7 1 1 1
    138    2    3    8 1 1 1
    139    2    3    9 1 1 1
    140    2    3   10 1 1 1
    141    2    3   11 1 1 1
    142    2    3   12 1 1 1
    143    2    3   13 1 1 1
    144    2    3   14 1 1 1
    145    2    3   15 1 1 1
    146    2    3   16 1 1 1
    147    2    3   17 1 1 1
    148    2    3   18 1 1 1
    149    2    3   19 1 1 1
    150    2    3   20 1 1 1
    151    2    3   21 1 1 1
    152    2    3   22 1 1 1
    153    2    3   23 1 1 1
    154    2    3   24 1 1 1
    155    2    3   25 1 1 1
    156    2    3   26 1 1 1
    157    3    1    1 1 1 1
    158    3    1    2 1 1 1
    159    3    1    3 1 1 1
    160    3    1    4 1 1 1
    161    3    1    5 1 1 1
    162    3    1    6 1 1 1
    163    3    1    7 1 1 1
    164    3    1    8 1 1 1
    165    3    1    9 1 1 1
    166    3    1   10 1 1 1
    167    3    1   11 1 1 1
    168    3    1   12 1 1 1
    169    3    1   13 1 1 1
    170    3    1   14 1 1 1
    171    3    1   15 1 1 1
    172    3    1   16 1 1 1
    173    3    1   17 1 1 1
    174    3    1   18 1 1 1
    175    3    1   19 1 1 1
    176    3    1   20 1 1 1
    177    3    1   21 1 1 1
    178    3    1   22 1 1 1
    179    3    1   23 1 1 1
    180    3    1   24 1 1 1
    181    3    1   25 1 1 1
    182    3    1   26 1 1 1
    183    3    2    1 1 1 1
    184    3    2    2 1 1 1
    185    3    2    3 1 1 1
    186    3    2    4 1 1 1
    187    3    2    5 1 1 1
    188    3    2    6 1 1 1
    189    3    2    7 1 1 1
    190    3    2    8 1 1 1
    191    3    2    9 1 1 1
    192    3    2   10 1 1 1
    193    3    2   11 1 1 1
    194    3    2   12 1 1 1
    195    3    2   13 1 1 1
    196    3    2   14 1 1 1
    197    3    2   15 1 1 1
    198    3    2   16 1 1 1
    199    3    2   17 1 1 1
    200    3    2   18 1 1 1
    201    3    2   19 1 1 1
    202    3    2   20 1 1 1
    203    3    2   21 1 1 1
    204    3    2   22 1 1 1
    205    3    2   23 1 1 1
    206    3    2   24 1 1 1
    207    3    2   25 1 1 1
    208    3    2   26 1 1 1
    209    3    3    1 1 1 1
    210    3    3    2 1 1 1
    211    3    3    3 1 1 1
    212    3    3    4 1 1 1
    213    3    3    5 1 1 1
    214    3    3    6 1 1 1
    215    3    3    7 1 1 1
    216    3    3    8 1 1 1
    217    3    3    9 1 1 1
    218    3    3   10 1 1 1
    219    3    3   11 1 1 1
    220    3    3   12 1 1 1
    221    3    3   13 1 1 1
    222    3    3   14 1 1 1
    223    3    3   15 1 1 1
    224    3    3   16 1 1 1
    225    3    3   17 1 1 1
    226    3    3   18 1 1 1
    227    3    3   19 1 1 1
    228    3    3   20 1 1 1
    229    3    3   21 1 1 1
    230    3    3   22 1 1 1
    231    3    3   23 1 1 1
    232    3    3   24 1 1 1
    233    3    3   25 1 1 1
    234    3    3   26 1 1 1
    235    4    1    1 1 1 1
    236    4    1    2 1 1 1
    237    4    1    3 1 1 1
    238    4    1    4 1 1 1
    239    4    1    5 1 1 1
    240    4    1    6 1 1 1
    241    4    1    7 1 1 1
    242    4    1    8 1 1 1
    243    4    1    9 1 1 1
    244    4    1   10 1 1 1
    245    4    1   11 1 1 1
    246    4    1   12 1 1 1
    247    4    1   13 1 1 1
    248    4    1   14 1 1 1
    249    4    1   15 1 1 1
    250    4    1   16 1 1 1
    251    4    1   17 1 1 1
    252    4    1   18 1 1 1
    253    4    1   19 1 1 1
    254    4    1   20 1 1 1
    255    4    1   21 1 1 1
    256    4    1   22 1 1 1
    257    4    1   23 1 1 1
    258    4    1   24 1 1 1
    259    4    1   25 1 1 1
    260    4    1   26 1 1 1
    261    4    2    1 1 1 1
    262    4    2    2 1 1 1
    263    4    2    3 1 1 1
    264    4    2    4 1 1 1
    265    4    2    5 1 1 1
    266    4    2    6 1 1 1
    267    4    2    7 1 1 1
    268    4    2    8 1 1 1
    269    4    2    9 1 1 1
    270    4    2   10 1 1 1
    271    4    2   11 1 1 1
    272    4    2   12 1 1 1
    273    4    2   13 1 1 1
    274    4    2   14 1 1 1
    275    4    2   15 1 1 1
    276    4    2   16 1 1 1
    277    4    2   17 1 1 1
    278    4    2   18 1 1 1
    279    4    2   19 1 1 1
    280    4    2   20 1 1 1
    281    4    2   21 1 1 1
    282    4    2   22 1 1 1
    283    4    2   23 1 1 1
    284    4    2   24 1 1 1
    285    4    2   25 1 1 1
    286    4    2   26 1 1 1
    287    4    3    1 1 1 1
    288    4    3    2 1 1 1
    289    4    3    3 1 1 1
    290    4    3    4 1 1 1
    291    4    3    5 1 1 1
    292    4    3    6 1 1 1
    293    4    3    7 1 1 1
    294    4    3    8 1 1 1
    295    4    3    9 1 1 1
    296    4    3   10 1 1 1
    297    4    3   11 1 1 1
    298    4    3   12 1 1 1
    299    4    3   13 1 1 1
    300    4    3   14 1 1 1
    301    4    3   15 1 1 1
    302    4    3   16 1 1 1
    303    4    3   17 1 1 1
    304    4    3   18 1 1 1
    305    4    3   19 1 1 1
    306    4    3   20 1 1 1
    307    4    3   21 1 1 1
    308    4    3   22 1 1 1
    309    4    3   23 1 1 1
    310    4    3   24 1 1 1
    311    4    3   25 1 1 1
    312    4    3   26 1 1 1
    313    5    1    1 1 1 1
    314    5    1    2 1 1 1
    315    5    1    3 1 1 1
    316    5    1    4 1 1 1
    317    5    1    5 1 1 1
    318    5    1    6 1 1 1
    319    5    1    7 1 1 1
    320    5    1    8 1 1 1
    321    5    1    9 1 1 1
    322    5    1   10 1 1 1
    323    5    1   11 1 1 1
    324    5    1   12 1 1 1
    325    5    1   13 1 1 1
    326    5    1   14 1 1 1
    327    5    1   15 1 1 1
    328    5    1   16 1 1 1
    329    5    1   17 1 1 1
    330    5    1   18 1 1 1
    331    5    1   19 1 1 1
    332    5    1   20 1 1 1
    333    5    1   21 1 1 1
    334    5    1   22 1 1 1
    335    5    1   23 1 1 1
    336    5    1   24 1 1 1
    337    5    1   25 1 1 1
    338    5    1   26 1 1 1
    339    5    2    1 1 1 1
    340    5    2    2 1 1 1
    341    5    2    3 1 1 1
    342    5    2    4 1 1 1
    343    5    2    5 1 1 1
    344    5    2    6 1 1 1
    345    5    2    7 1 1 1
    346    5    2    8 1 1 1
    347    5    2    9 1 1 1
    348    5    2   10 1 1 1
    349    5    2   11 1 1 1
    350    5    2   12 1 1 1
    351    5    2   13 1 1 1
    352    5    2   14 1 1 1
    353    5    2   15 1 1 1
    354    5    2   16 1 1 1
    355    5    2   17 1 1 1
    356    5    2   18 1 1 1
    357    5    2   19 1 1 1
    358    5    2   20 1 1 1
    359    5    2   21 1 1 1
    360    5    2   22 1 1 1
    361    5    2   23 1 1 1
    362    5    2   24 1 1 1
    363    5    2   25 1 1 1
    364    5    2   26 1 1 1
    365    5    3    1 1 1 1
    366    5    3    2 1 1 1
    367    5    3    3 1 1 1
    368    5    3    4 1 1 1
    369    5    3    5 1 1 1
    370    5    3    6 1 1 1
    371    5    3    7 1 1 1
    372    5    3    8 1 1 1
    373    5    3    9 1 1 1
    374    5    3   10 1 1 1
    375    5    3   11 1 1 1
    376    5    3   12 1 1 1
    377    5    3   13 1 1 1
    378    5    3   14 1 1 1
    379    5    3   15 1 1 1
    380    5    3   16 1 1 1
    381    5    3   17 1 1 1
    382    5    3   18 1 1 1
    383    5    3   19 1 1 1
    384    5    3   20 1 1 1
    385    5    3   21 1 1 1
    386    5    3   22 1 1 1
    387    5    3   23 1 1 1
    388    5    3   24 1 1 1
    389    5    3   25 1 1 1
    390    5    3   26 1 1 1
    391    6    1    1 1 1 1
    392    6    1    2 1 1 1
    393    6    1    3 1 1 1
    394    6    1    4 1 1 1
    395    6    1    5 1 1 1
    396    6    1    6 1 1 1
    397    6    1    7 1 1 1
    398    6    1    8 1 1 1
    399    6    1    9 1 1 1
    400    6    1   10 1 1 1
    401    6    1   11 1 1 1
    402    6    1   12 1 1 1
    403    6    1   13 1 1 1
    404    6    1   14 1 1 1
    405    6    1   15 1 1 1
    406    6    1   16 1 1 1
    407    6    1   17 1 1 1
    408    6    1   18 1 1 1
    409    6    1   19 1 1 1
    410    6    1   20 1 1 1
    411    6    1   21 1 1 1
    412    6    1   22 1 1 1
    413    6    1   23 1 1 1
    414    6    1   24 1 1 1
    415    6    1   25 1 1 1
    416    6    1   26 1 1 1
    417    6    2    1 1 1 1
    418    6    2    2 1 1 1
    419    6    2    3 1 1 1
    420    6    2    4 1 1 1
    421    6    2    5 1 1 1
    422    6    2    6 1 1 1
    423    6    2    7 1 1 1
    424    6    2    8 1 1 1
    425    6    2    9 1 1 1
    426    6    2   10 1 1 1
    427    6    2   11 1 1 1
    428    6    2   12 1 1 1
    429    6    2   13 1 1 1
    430    6    2   14 1 1 1
    431    6    2   15 1 1 1
    432    6    2   16 1 1 1
    433    6    2   17 1 1 1
    434    6    2   18 1 1 1
    435    6    2   19 1 1 1
    436    6    2   20 1 1 1
    437    6    2   21 1 1 1
    438    6    2   22 1 1 1
    439    6    2   23 1 1 1
    440    6    2   24 1 1 1
    441    6    2   25 1 1 1
    442    6    2   26 1 1 1
    443    6    3    1 1 1 1
    444    6    3    2 1 1 1
    445    6    3    3 1 1 1
    446    6    3    4 1 1 1
    447    6    3    5 1 1 1
    448    6    3    6 1 1 1
    449    6    3    7 1 1 1
    450    6    3    8 1 1 1
    451    6    3    9 1 1 1
    452    6    3   10 1 1 1
    453    6    3   11 1 1 1
    454    6    3   12 1 1 1
    455    6    3   13 1 1 1
    456    6    3   14 1 1 1
    457    6    3   15 1 1 1
    458    6    3   16 1 1 1
    459    6    3   17 1 1 1
    460    6    3   18 1 1 1
    461    6    3   19 1 1 1
    462    6    3   20 1 1 1
    463    6    3   21 1 1 1
    464    6    3   22 1 1 1
    465    6    3   23 1 1 1
    466    6    3   24 1 1 1
    467    6    3   25 1 1 1
    468    6    3   26 1 1 1
    469    7    1    1 1 1 1
    470    7    1    2 1 1 1
    471    7    1    3 1 1 1
    472    7    1    4 1 1 1
    473    7    1    5 1 1 1
    474    7    1    6 1 1 1
    475    7    1    7 1 1 1
    476    7    1    8 1 1 1
    477    7    1    9 1 1 1
    478    7    1   10 1 1 1
    479    7    1   11 1 1 1
    480    7    1   12 1 1 1
    481    7    1   13 1 1 1
    482    7    1   14 1 1 1
    483    7    1   15 1 1 1
    484    7    1   16 1 1 1
    485    7    1   17 1 1 1
    486    7    1   18 1 1 1
    487    7    1   19 1 1 1
    488    7    1   20 1 1 1
    489    7    1   21 1 1 1
    490    7    1   22 1 1 1
    491    7    1   23 1 1 1
    492    7    1   24 1 1 1
    493    7    1   25 1 1 1
    494    7    1   26 1 1 1
    495    7    2    1 1 1 1
    496    7    2    2 1 1 1
    497    7    2    3 1 1 1
    498    7    2    4 1 1 1
    499    7    2    5 1 1 1
    500    7    2    6 1 1 1
    501    7    2    7 1 1 1
    502    7    2    8 1 1 1
    503    7    2    9 1 1 1
    504    7    2   10 1 1 1
    505    7    2   11 1 1 1
    506    7    2   12 1 1 1
    507    7    2   13 1 1 1
    508    7    2   14 1 1 1
    509    7    2   15 1 1 1
    510    7    2   16 1 1 1
    511    7    2   17 1 1 1
    512    7    2   18 1 1 1
    513    7    2   19 1 1 1
    514    7    2   20 1 1 1
    515    7    2   21 1 1 1
    516    7    2   22 1 1 1
    517    7    2   23 1 1 1
    518    7    2   24 1 1 1
    519    7    2   25 1 1 1
    520    7    2   26 1 1 1
    521    7    3    1 1 1 1
    522    7    3    2 1 1 1
    523    7    3    3 1 1 1
    524    7    3    4 1 1 1
    525    7    3    5 1 1 1
    526    7    3    6 1 1 1
    527    7    3    7 1 1 1
    528    7    3    8 1 1 1
    529    7    3    9 1 1 1
    530    7    3   10 1 1 1
    531    7    3   11 1 1 1
    532    7    3   12 1 1 1
    533    7    3   13 1 1 1
    534    7    3   14 1 1 1
    535    7    3   15 1 1 1
    536    7    3   16 1 1 1
    537    7    3   17 1 1 1
    538    7    3   18 1 1 1
    539    7    3   19 1 1 1
    540    7    3   20 1 1 1
    541    7    3   21 1 1 1
    542    7    3   22 1 1 1
    543    7    3   23 1 1 1
    544    7    3   24 1 1 1
    545    7    3   25 1 1 1
    546    7    3   26 1 1 1
    547    8    1    1 1 1 1
    548    8    1    2 1 1 1
    549    8    1    3 1 1 1
    550    8    1    4 1 1 1
    551    8    1    5 1 1 1
    552    8    1    6 1 1 1
    553    8    1    7 1 1 1
    554    8    1    8 1 1 1
    555    8    1    9 1 1 1
    556    8    1   10 1 1 1
    557    8    1   11 1 1 1
    558    8    1   12 1 1 1
    559    8    1   13 1 1 1
    560    8    1   14 1 1 1
    561    8    1   15 1 1 1
    562    8    1   16 1 1 1
    563    8    1   17 1 1 1
    564    8    1   18 1 1 1
    565    8    1   19 1 1 1
    566    8    1   20 1 1 1
    567    8    1   21 1 1 1
    568    8    1   22 1 1 1
    569    8    1   23 1 1 1
    570    8    1   24 1 1 1
    571    8    1   25 1 1 1
    572    8    1   26 1 1 1
    573    8    2    1 1 1 1
    574    8    2    2 1 1 1
    575    8    2    3 1 1 1
    576    8    2    4 1 1 1
    577    8    2    5 1 1 1
    578    8    2    6 1 1 1
    579    8    2    7 1 1 1
    580    8    2    8 1 1 1
    581    8    2    9 1 1 1
    582    8    2   10 1 1 1
    583    8    2   11 1 1 1
    584    8    2   12 1 1 1
    585    8    2   13 1 1 1
    586    8    2   14 1 1 1
    587    8    2   15 1 1 1
    588    8    2   16 1 1 1
    589    8    2   17 1 1 1
    590    8    2   18 1 1 1
    591    8    2   19 1 1 1
    592    8    2   20 1 1 1
    593    8    2   21 1 1 1
    594    8    2   22 1 1 1
    595    8    2   23 1 1 1
    596    8    2   24 1 1 1
    597    8    2   25 1 1 1
    598    8    2   26 1 1 1
    599    8    3    1 1 1 1
    600    8    3    2 1 1 1
    601    8    3    3 1 1 1
    602    8    3    4 1 1 1
    603    8    3    5 1 1 1
    604    8    3    6 1 1 1
    605    8    3    7 1 1 1
    606    8    3    8 1 1 1
    607    8    3    9 1 1 1
    608    8    3   10 1 1 1
    609    8    3   11 1 1 1
    610    8    3   12 1 1 1
    611    8    3   13 1 1 1
    612    8    3   14 1 1 1
    613    8    3   15 1 1 1
    614    8    3   16 1 1 1
    615    8    3   17 1 1 1
    616    8    3   18 1 1 1
    617    8    3   19 1 1 1
    618    8    3   20 1 1 1
    619    8    3   21 1 1 1
    620    8    3   22 1 1 1
    621    8    3   23 1 1 1
    622    8    3   24 1 1 1
    623    8    3   25 1 1 1
    624    8    3   26 1 1 1
    625    9    1    1 1 1 1
    626    9    1    2 1 1 1
    627    9    1    3 1 1 1
    628    9    1    4 1 1 1
    629    9    1    5 1 1 1
    630    9    1    6 1 1 1
    631    9    1    7 1 1 1
    632    9    1    8 1 1 1
    633    9    1    9 1 1 1
    634    9    1   10 1 1 1
    635    9    1   11 1 1 1
    636    9    1   12 1 1 1
    637    9    1   13 1 1 1
    638    9    1   14 1 1 1
    639    9    1   15 1 1 1
    640    9    1   16 1 1 1
    641    9    1   17 1 1 1
    642    9    1   18 1 1 1
    643    9    1   19 1 1 1
    644    9    1   20 1 1 1
    645    9    1   21 1 1 1
    646    9    1   22 1 1 1
    647    9    1   23 1 1 1
    648    9    1   24 1 1 1
    649    9    1   25 1 1 1
    650    9    1   26 1 1 1
    651    9    2    1 1 1 1
    652    9    2    2 1 1 1
    653    9    2    3 1 1 1
    654    9    2    4 1 1 1
    655    9    2    5 1 1 1
    656    9    2    6 1 1 1
    657    9    2    7 1 1 1
    658    9    2    8 1 1 1
    659    9    2    9 1 1 1
    660    9    2   10 1 1 1
    661    9    2   11 1 1 1
    662    9    2   12 1 1 1
    663    9    2   13 1 1 1
    664    9    2   14 1 1 1
    665    9    2   15 1 1 1
    666    9    2   16 1 1 1
    667    9    2   17 1 1 1
    668    9    2   18 1 1 1
    669    9    2   19 1 1 1
    670    9    2   20 1 1 1
    671    9    2   21 1 1 1
    672    9    2   22 1 1 1
    673    9    2   23 1 1 1
    674    9    2   24 1 1 1
    675    9    2   25 1 1 1
    676    9    2   26 1 1 1
    677    9    3    1 1 1 1
    678    9    3    2 1 1 1
    679    9    3    3 1 1 1
    680    9    3    4 1 1 1
    681    9    3    5 1 1 1
    682    9    3    6 1 1 1
    683    9    3    7 1 1 1
    684    9    3    8 1 1 1
    685    9    3    9 1 1 1
    686    9    3   10 1 1 1
    687    9    3   11 1 1 1
    688    9    3   12 1 1 1
    689    9    3   13 1 1 1
    690    9    3   14 1 1 1
    691    9    3   15 1 1 1
    692    9    3   16 1 1 1
    693    9    3   17 1 1 1
    694    9    3   18 1 1 1
    695    9    3   19 1 1 1
    696    9    3   20 1 1 1
    697    9    3   21 1 1 1
    698    9    3   22 1 1 1
    699    9    3   23 1 1 1
    700    9    3   24 1 1 1
    701    9    3   25 1 1 1
    702    9    3   26 1 1 1
    703   10    1    1 1 1 1
    704   10    1    2 1 1 1
    705   10    1    3 1 1 1
    706   10    1    4 1 1 1
    707   10    1    5 1 1 1
    708   10    1    6 1 1 1
    709   10    1    7 1 1 1
    710   10    1    8 1 1 1
    711   10    1    9 1 1 1
    712   10    1   10 1 1 1
    713   10    1   11 1 1 1
    714   10    1   12 1 1 1
    715   10    1   13 1 1 1
    716   10    1   14 1 1 1
    717   10    1   15 1 1 1
    718   10    1   16 1 1 1
    719   10    1   17 1 1 1
    720   10    1   18 1 1 1
    721   10    1   19 1 1 1
    722   10    1   20 1 1 1
    723   10    1   21 1 1 1
    724   10    1   22 1 1 1
    725   10    1   23 1 1 1
    726   10    1   24 1 1 1
    727   10    1   25 1 1 1
    728   10    1   26 1 1 1
    729   10    2    1 1 1 1
    730   10    2    2 1 1 1
    731   10    2    3 1 1 1
    732   10    2    4 1 1 1
    733   10    2    5 1 1 1
    734   10    2    6 1 1 1
    735   10    2    7 1 1 1
    736   10    2    8 1 1 1
    737   10    2    9 1 1 1
    738   10    2   10 1 1 1
    739   10    2   11 1 1 1
    740   10    2   12 1 1 1
    741   10    2   13 1 1 1
    742   10    2   14 1 1 1
    743   10    2   15 1 1 1
    744   10    2   16 1 1 1
    745   10    2   17 1 1 1
    746   10    2   18 1 1 1
    747   10    2   19 1 1 1
    748   10    2   20 1 1 1
    749   10    2   21 1 1 1
    750   10    2   22 1 1 1
    751   10    2   23 1 1 1
    752   10    2   24 1 1 1
    753   10    2   25 1 1 1
    754   10    2   26 1 1 1
    755   10    3    1 1 1 1
    756   10    3    2 1 1 1
    757   10    3    3 1 1 1
    758   10    3    4 1 1 1
    759   10    3    5 1 1 1
    760   10    3    6 1 1 1
    761   10    3    7 1 1 1
    762   10    3    8 1 1 1
    763   10    3    9 1 1 1
    764   10    3   10 1 1 1
    765   10    3   11 1 1 1
    766   10    3   12 1 1 1
    767   10    3   13 1 1 1
    768   10    3   14 1 1 1
    769   10    3   15 1 1 1
    770   10    3   16 1 1 1
    771   10    3   17 1 1 1
    772   10    3   18 1 1 1
    773   10    3   19 1 1 1
    774   10    3   20 1 1 1
    775   10    3   21 1 1 1
    776   10    3   22 1 1 1
    777   10    3   23 1 1 1
    778   10    3   24 1 1 1
    779   10    3   25 1 1 1
    780   10    3   26 1 1 1
    781   11    1    1 1 1 1
    782   11    1    2 1 1 1
    783   11    1    3 1 1 1
    784   11    1    4 1 1 1
    785   11    1    5 1 1 1
    786   11    1    6 1 1 1
    787   11    1    7 1 1 1
    788   11    1    8 1 1 1
    789   11    1    9 1 1 1
    790   11    1   10 1 1 1
    791   11    1   11 1 1 1
    792   11    1   12 1 1 1
    793   11    1   13 1 1 1
    794   11    1   14 1 1 1
    795   11    1   15 1 1 1
    796   11    1   16 1 1 1
    797   11    1   17 1 1 1
    798   11    1   18 1 1 1
    799   11    1   19 1 1 1
    800   11    1   20 1 1 1
    801   11    1   21 1 1 1
    802   11    1   22 1 1 1
    803   11    1   23 1 1 1
    804   11    1   24 1 1 1
    805   11    1   25 1 1 1
    806   11    1   26 1 1 1
    807   11    2    1 1 1 1
    808   11    2    2 1 1 1
    809   11    2    3 1 1 1
    810   11    2    4 1 1 1
    811   11    2    5 1 1 1
    812   11    2    6 1 1 1
    813   11    2    7 1 1 1
    814   11    2    8 1 1 1
    815   11    2    9 1 1 1
    816   11    2   10 1 1 1
    817   11    2   11 1 1 1
    818   11    2   12 1 1 1
    819   11    2   13 1 1 1
    820   11    2   14 1 1 1
    821   11    2   15 1 1 1
    822   11    2   16 1 1 1
    823   11    2   17 1 1 1
    824   11    2   18 1 1 1
    825   11    2   19 1 1 1
    826   11    2   20 1 1 1
    827   11    2   21 1 1 1
    828   11    2   22 1 1 1
    829   11    2   23 1 1 1
    830   11    2   24 1 1 1
    831   11    2   25 1 1 1
    832   11    2   26 1 1 1
    833   11    3    1 1 1 1
    834   11    3    2 1 1 1
    835   11    3    3 1 1 1
    836   11    3    4 1 1 1
    837   11    3    5 1 1 1
    838   11    3    6 1 1 1
    839   11    3    7 1 1 1
    840   11    3    8 1 1 1
    841   11    3    9 1 1 1
    842   11    3   10 1 1 1
    843   11    3   11 1 1 1
    844   11    3   12 1 1 1
    845   11    3   13 1 1 1
    846   11    3   14 1 1 1
    847   11    3   15 1 1 1
    848   11    3   16 1 1 1
    849   11    3   17 1 1 1
    850   11    3   18 1 1 1
    851   11    3   19 1 1 1
    852   11    3   20 1 1 1
    853   11    3   21 1 1 1
    854   11    3   22 1 1 1
    855   11    3   23 1 1 1
    856   11    3   24 1 1 1
    857   11    3   25 1 1 1
    858   11    3   26 1 1 1
    859   12    1    1 1 1 1
    860   12    1    2 1 1 1
    861   12    1    3 1 1 1
    862   12    1    4 1 1 1
    863   12    1    5 1 1 1
    864   12    1    6 1 1 1
    865   12    1    7 1 1 1
    866   12    1    8 1 1 1
    867   12    1    9 1 1 1
    868   12    1   10 1 1 1
    869   12    1   11 1 1 1
    870   12    1   12 1 1 1
    871   12    1   13 1 1 1
    872   12    1   14 1 1 1
    873   12    1   15 1 1 1
    874   12    1   16 1 1 1
    875   12    1   17 1 1 1
    876   12    1   18 1 1 1
    877   12    1   19 1 1 1
    878   12    1   20 1 1 1
    879   12    1   21 1 1 1
    880   12    1   22 1 1 1
    881   12    1   23 1 1 1
    882   12    1   24 1 1 1
    883   12    1   25 1 1 1
    884   12    1   26 1 1 1
    885   12    2    1 1 1 1
    886   12    2    2 1 1 1
    887   12    2    3 1 1 1
    888   12    2    4 1 1 1
    889   12    2    5 1 1 1
    890   12    2    6 1 1 1
    891   12    2    7 1 1 1
    892   12    2    8 1 1 1
    893   12    2    9 1 1 1
    894   12    2   10 1 1 1
    895   12    2   11 1 1 1
    896   12    2   12 1 1 1
    897   12    2   13 1 1 1
    898   12    2   14 1 1 1
    899   12    2   15 1 1 1
    900   12    2   16 1 1 1
    901   12    2   17 1 1 1
    902   12    2   18 1 1 1
    903   12    2   19 1 1 1
    904   12    2   20 1 1 1
    905   12    2   21 1 1 1
    906   12    2   22 1 1 1
    907   12    2   23 1 1 1
    908   12    2   24 1 1 1
    909   12    2   25 1 1 1
    910   12    2   26 1 1 1
    911   12    3    1 1 1 1
    912   12    3    2 1 1 1
    913   12    3    3 1 1 1
    914   12    3    4 1 1 1
    915   12    3    5 1 1 1
    916   12    3    6 1 1 1
    917   12    3    7 1 1 1
    918   12    3    8 1 1 1
    919   12    3    9 1 1 1
    920   12    3   10 1 1 1
    921   12    3   11 1 1 1
    922   12    3   12 1 1 1
    923   12    3   13 1 1 1
    924   12    3   14 1 1 1
    925   12    3   15 1 1 1
    926   12    3   16 1 1 1
    927   12    3   17 1 1 1
    928   12    3   18 1 1 1
    929   12    3   19 1 1 1
    930   12    3   20 1 1 1
    931   12    3   21 1 1 1
    932   12    3   22 1 1 1
    933   12    3   23 1 1 1
    934   12    3   24 1 1 1
    935   12    3   25 1 1 1
    936   12    3   26 1 1 1
    937   13    1    1 1 1 1
    938   13    1    2 1 1 1
    939   13    1    3 1 1 1
    940   13    1    4 1 1 1
    941   13    1    5 1 1 1
    942   13    1    6 1 1 1
    943   13    1    7 1 1 1
    944   13    1    8 1 1 1
    945   13    1    9 1 1 1
    946   13    1   10 1 1 1
    947   13    1   11 1 1 1
    948   13    1   12 1 1 1
    949   13    1   13 1 1 1
    950   13    1   14 1 1 1
    951   13    1   15 1 1 1
    952   13    1   16 1 1 1
    953   13    1   17 1 1 1
    954   13    1   18 1 1 1
    955   13    1   19 1 1 1
    956   13    1   20 1 1 1
    957   13    1   21 1 1 1
    958   13    1   22 1 1 1
    959   13    1   23 1 1 1
    960   13    1   24 1 1 1
    961   13    1   25 1 1 1
    962   13    1   26 1 1 1
    963   13    2    1 1 1 1
    964   13    2    2 1 1 1
    965   13    2    3 1 1 1
    966   13    2    4 1 1 1
    967   13    2    5 1 1 1
    968   13    2    6 1 1 1
    969   13    2    7 1 1 1
    970   13    2    8 1 1 1
    971   13    2    9 1 1 1
    972   13    2   10 1 1 1
    973   13    2   11 1 1 1
    974   13    2   12 1 1 1
    975   13    2   13 1 1 1
    976   13    2   14 1 1 1
    977   13    2   15 1 1 1
    978   13    2   16 1 1 1
    979   13    2   17 1 1 1
    980   13    2   18 1 1 1
    981   13    2   19 1 1 1
    982   13    2   20 1 1 1
    983   13    2   21 1 1 1
    984   13    2   22 1 1 1
    985   13    2   23 1 1 1
    986   13    2   24 1 1 1
    987   13    2   25 1 1 1
    988   13    2   26 1 1 1
    989   13    3    1 1 1 1
    990   13    3    2 1 1 1
    991   13    3    3 1 1 1
    992   13    3    4 1 1 1
    993   13    3    5 1 1 1
    994   13    3    6 1 1 1
    995   13    3    7 1 1 1
    996   13    3    8 1 1 1
    997   13    3    9 1 1 1
    998   13    3   10 1 1 1
    999   13    3   11 1 1 1
   1000   13    3   12 1 1 1
   1001   13    3   13 1 1 1
   1002   13    3   14 1 1 1
   1003   13    3   15 1 1 1
   1004   13    3   16 1 1 1
   1005   13    3   17 1 1 1
   1006   13    3   18 1 1 1
   1007   13    3   19 1 1 1
   1008   13    3   20 1 1 1
   1009   13    3   21 1 1 1
   1010   13    3   22 1 1 1
   1011   13    3   23 1 1 1
   1012   13    3   24 1 1 1
   1013   13    3   25 1 1 1
   1014   13    3   26 1 1 1
   1015   14    1    1 1 1 1
   1016   14    1    2 1 1 1
   1017   14    1    3 1 1 1
   1018   14    1    4 1 1 1
   1019   14    1    5 1 1 1
   1020   14    1    6 1 1 1
   1021   14    1    7 1 1 1
   1022   14    1    8 1 1 1
   1023   14    1    9 1 1 1
   1024   14    1   10 1 1 1
   1025   14    1   11 1 1 1
   1026   14    1   12 1 1 1
   1027   14    1   13 1 1 1
   1028   14    1   14 1 1 1
   1029   14    1   15 1 1 1
   1030   14    1   16 1 1 1
   1031   14    1   17 1 1 1
   1032   14    1   18 1 1 1
   1033   14    1   19 1 1 1
   1034   14    1   20 1 1 1
   1035   14    1   21 1 1 1
   1036   14    1   22 1 1 1
   1037   14    1   23 1 1 1
   1038   14    1   24 1 1 1
   1039   14    1   25 1 1 1
   1040   14    1   26 1 1 1
   1041   14    2    1 1 1 1
   1042   14    2    2 1 1 1
   1043   14    2    3 1 1 1
   1044   14    2    4 1 1 1
   1045   14    2    5 1 1 1
   1046   14    2    6 1 1 1
   1047   14    2    7 1 1 1
   1048   14    2    8 1 1 1
   1049   14    2    9 1 1 1
   1050   14    2   10 1 1 1
   1051   14    2   11 1 1 1
   1052   14    2   12 1 1 1
   1053   14    2   13 1 1 1
   1054   14    2   14 1 1 1
   1055   14    2   15 1 1 1
   1056   14    2   16 1 1 1
   1057   14    2   17 1 1 1
   1058   14    2   18 1 1 1
   1059   14    2   19 1 1 1
   1060   14    2   20 1 1 1
   1061   14    2   21 1 1 1
   1062   14    2   22 1 1 1
   1063   14    2   23 1 1 1
   1064   14    2   24 1 1 1
   1065   14    2   25 1 1 1
   1066   14    2   26 1 1 1
   1067   14    3    1 1 1 1
   1068   14    3    2 1 1 1
   1069   14    3    3 1 1 1
   1070   14    3    4 1 1 1
   1071   14    3    5 1 1 1
   1072   14    3    6 1 1 1
   1073   14    3    7 1 1 1
   1074   14    3    8 1 1 1
   1075   14    3    9 1 1 1
   1076   14    3   10 1 1 1
   1077   14    3   11 1 1 1
   1078   14    3   12 1 1 1
   1079   14    3   13 1 1 1
   1080   14    3   14 1 1 1
   1081   14    3   15 1 1 1
   1082   14    3   16 1 1 1
   1083   14    3   17 1 1 1
   1084   14    3   18 1 1 1
   1085   14    3   19 1 1 1
   1086   14    3   20 1 1 1
   1087   14    3   21 1 1 1
   1088   14    3   22 1 1 1
   1089   14    3   23 1 1 1
   1090   14    3   24 1 1 1
   1091   14    3   25 1 1 1
   1092   14    3   26 1 1 1
   1093   15    1    1 1 1 1
   1094   15    1    2 1 1 1
   1095   15    1    3 1 1 1
   1096   15    1    4 1 1 1
   1097   15    1    5 1 1 1
   1098   15    1    6 1 1 1
   1099   15    1    7 1 1 1
   1100   15    1    8 1 1 1
   1101   15    1    9 1 1 1
   1102   15    1   10 1 1 1
   1103   15    1   11 1 1 1
   1104   15    1   12 1 1 1
   1105   15    1   13 1 1 1
   1106   15    1   14 1 1 1
   1107   15    1   15 1 1 1
   1108   15    1   16 1 1 1
   1109   15    1   17 1 1 1
   1110   15    1   18 1 1 1
   1111   15    1   19 1 1 1
   1112   15    1   20 1 1 1
   1113   15    1   21 1 1 1
   1114   15    1   22 1 1 1
   1115   15    1   23 1 1 1
   1116   15    1   24 1 1 1
   1117   15    1   25 1 1 1
   1118   15    1   26 1 1 1
   1119   15    2    1 1 1 1
   1120   15    2    2 1 1 1
   1121   15    2    3 1 1 1
   1122   15    2    4 1 1 1
   1123   15    2    5 1 1 1
   1124   15    2    6 1 1 1
   1125   15    2    7 1 1 1
   1126   15    2    8 1 1 1
   1127   15    2    9 1 1 1
   1128   15    2   10 1 1 1
   1129   15    2   11 1 1 1
   1130   15    2   12 1 1 1
   1131   15    2   13 1 1 1
   1132   15    2   14 1 1 1
   1133   15    2   15 1 1 1
   1134   15    2   16 1 1 1
   1135   15    2   17 1 1 1
   1136   15    2   18 1 1 1
   1137   15    2   19 1 1 1
   1138   15    2   20 1 1 1
   1139   15    2   21 1 1 1
   1140   15    2   22 1 1 1
   1141   15    2   23 1 1 1
   1142   15    2   24 1 1 1
   1143   15    2   25 1 1 1
   1144   15    2   26 1 1 1
   1145   15    3    1 1 1 1
   1146   15    3    2 1 1 1
   1147   15    3    3 1 1 1
   1148   15    3    4 1 1 1
   1149   15    3    5 1 1 1
   1150   15    3    6 1 1 1
   1151   15    3    7 1 1 1
   1152   15    3    8 1 1 1
   1153   15    3    9 1 1 1
   1154   15    3   10 1 1 1
   1155   15    3   11 1 1 1
   1156   15    3   12 1 1 1
   1157   15    3   13 1 1 1
   1158   15    3   14 1 1 1
   1159   15    3   15 1 1 1
   1160   15    3   16 1 1 1
   1161   15    3   17 1 1 1
   1162   15    3   18 1 1 1
   1163   15    3   19 1 1 1
   1164   15    3   20 1 1 1
   1165   15    3   21 1 1 1
   1166   15    3   22 1 1 1
   1167   15    3   23 1 1 1
   1168   15    3   24 1 1 1
   1169   15    3   25 1 1 1
   1170   15    3   26 1 1 1
   1171   16    1    1 1 1 1
   1172   16    1    2 1 1 1
   1173   16    1    3 1 1 1
   1174   16    1    4 1 1 1
   1175   16    1    5 1 1 1
   1176   16    1    6 1 1 1
   1177   16    1    7 1 1 1
   1178   16    1    8 1 1 1
   1179   16    1    9 1 1 1
   1180   16    1   10 1 1 1
   1181   16    1   11 1 1 1
   1182   16    1   12 1 1 1
   1183   16    1   13 1 1 1
   1184   16    1   14 1 1 1
   1185   16    1   15 1 1 1
   1186   16    1   16 1 1 1
   1187   16    1   17 1 1 1
   1188   16    1   18 1 1 1
   1189   16    1   19 1 1 1
   1190   16    1   20 1 1 1
   1191   16    1   21 1 1 1
   1192   16    1   22 1 1 1
   1193   16    1   23 1 1 1
   1194   16    1   24 1 1 1
   1195   16    1   25 1 1 1
   1196   16    1   26 1 1 1
   1197   16    2    1 1 1 1
   1198   16    2    2 1 1 1
   1199   16    2    3 1 1 1
   1200   16    2    4 1 1 1
   1201   16    2    5 1 1 1
   1202   16    2    6 1 1 1
   1203   16    2    7 1 1 1
   1204   16    2    8 1 1 1
   1205   16    2    9 1 1 1
   1206   16    2   10 1 1 1
   1207   16    2   11 1 1 1
   1208   16    2   12 1 1 1
   1209   16    2   13 1 1 1
   1210   16    2   14 1 1 1
   1211   16    2   15 1 1 1
   1212   16    2   16 1 1 1
   1213   16    2   17 1 1 1
   1214   16    2   18 1 1 1
   1215   16    2   19 1 1 1
   1216   16    2   20 1 1 1
   1217   16    2   21 1 1 1
   1218   16    2   22 1 1 1
   1219   16    2   23 1 1 1
   1220   16    2   24 1 1 1
   1221   16    2   25 1 1 1
   1222   16    2   26 1 1 1
   1223   16    3    1 1 1 1
   1224   16    3    2 1 1 1
   1225   16    3    3 1 1 1
   1226   16    3    4 1 1 1
   1227   16    3    5 1 1 1
   1228   16    3    6 1 1 1
   1229   16    3    7 1 1 1
   1230   16    3    8 1 1 1
   1231   16    3    9 1 1 1
   1232   16    3   10 1 1 1
   1233   16    3   11 1 1 1
   1234   16    3   12 1 1 1
   1235   16    3   13 1 1 1
   1236   16    3   14 1 1 1
   1237   16    3   15 1 1 1
   1238   16    3   16 1 1 1
   1239   16    3   17 1 1 1
   1240   16    3   18 1 1 1
   1241   16    3   19 1 1 1
   1242   16    3   20 1 1 1
   1243   16    3   21 1 1 1
   1244   16    3   22 1 1 1
   1245   16    3   23 1 1 1
   1246   16    3   24 1 1 1
   1247   16    3   25 1 1 1
   1248   16    3   26 1 1 1
   1249   17    1    1 1 1 1
   1250   17    1    2 1 1 1
   1251   17    1    3 1 1 1
   1252   17    1    4 1 1 1
   1253   17    1    5 1 1 1
   1254   17    1    6 1 1 1
   1255   17    1    7 1 1 1
   1256   17    1    8 1 1 1
   1257   17    1    9 1 1 1
   1258   17    1   10 1 1 1
   1259   17    1   11 1 1 1
   1260   17    1   12 1 1 1
   1261   17    1   13 1 1 1
   1262   17    1   14 1 1 1
   1263   17    1   15 1 1 1
   1264   17    1   16 1 1 1
   1265   17    1   17 1 1 1
   1266   17    1   18 1 1 1
   1267   17    1   19 1 1 1
   1268   17    1   20 1 1 1
   1269   17    1   21 1 1 1
   1270   17    1   22 1 1 1
   1271   17    1   23 1 1 1
   1272   17    1   24 1 1 1
   1273   17    1   25 1 1 1
   1274   17    1   26 1 1 1
   1275   17    2    1 1 1 1
   1276   17    2    2 1 1 1
   1277   17    2    3 1 1 1
   1278   17    2    4 1 1 1
   1279   17    2    5 1 1 1
   1280   17    2    6 1 1 1
   1281   17    2    7 1 1 1
   1282   17    2    8 1 1 1
   1283   17    2    9 1 1 1
   1284   17    2   10 1 1 1
   1285   17    2   11 1 1 1
   1286   17    2   12 1 1 1
   1287   17    2   13 1 1 1
   1288   17    2   14 1 1 1
   1289   17    2   15 1 1 1
   1290   17    2   16 1 1 1
   1291   17    2   17 1 1 1
   1292   17    2   18 1 1 1
   1293   17    2   19 1 1 1
   1294   17    2   20 1 1 1
   1295   17    2   21 1 1 1
   1296   17    2   22 1 1 1
   1297   17    2   23 1 1 1
   1298   17    2   24 1 1 1
   1299   17    2   25 1 1 1
   1300   17    2   26 1 1 1
   1301   17    3    1 1 1 1
   1302   17    3    2 1 1 1
   1303   17    3    3 1 1 1
   1304   17    3    4 1 1 1
   1305   17    3    5 1 1 1
   1306   17    3    6 1 1 1
   1307   17    3    7 1 1 1
   1308   17    3    8 1 1 1
   1309   17    3    9 1 1 1
   1310   17    3   10 1 1 1
   1311   17    3   11 1 1 1
   1312   17    3   12 1 1 1
   1313   17    3   13 1 1 1
   1314   17    3   14 1 1 1
   1315   17    3   15 1 1 1
   1316   17    3   16 1 1 1
   1317   17    3   17 1 1 1
   1318   17    3   18 1 1 1
   1319   17    3   19 1 1 1
   1320   17    3   20 1 1 1
   1321   17    3   21 1 1 1
   1322   17    3   22 1 1 1
   1323   17    3   23 1 1 1
   1324   17    3   24 1 1 1
   1325   17    3   25 1 1 1
   1326   17    3   26 1 1 1
   1327   18    1    1 1 1 1
   1328   18    1    2 1 1 1
   1329   18    1    3 1 1 1
   1330   18    1    4 1 1 1
   1331   18    1    5 1 1 1
   1332   18    1    6 1 1 1
   1333   18    1    7 1 1 1
   1334   18    1    8 1 1 1
   1335   18    1    9 1 1 1
   1336   18    1   10 1 1 1
   1337   18    1   11 1 1 1
   1338   18    1   12 1 1 1
   1339   18    1   13 1 1 1
   1340   18    1   14 1 1 1
   1341   18    1   15 1 1 1
   1342   18    1   16 1 1 1
   1343   18    1   17 1 1 1
   1344   18    1   18 1 1 1
   1345   18    1   19 1 1 1
   1346   18    1   20 1 1 1
   1347   18    1   21 1 1 1
   1348   18    1   22 1 1 1
   1349   18    1   23 1 1 1
   1350   18    1   24 1 1 1
   1351   18    1   25 1 1 1
   1352   18    1   26 1 1 1
   1353   18    2    1 1 1 1
   1354   18    2    2 1 1 1
   1355   18    2    3 1 1 1
   1356   18    2    4 1 1 1
   1357   18    2    5 1 1 1
   1358   18    2    6 1 1 1
   1359   18    2    7 1 1 1
   1360   18    2    8 1 1 1
   1361   18    2    9 1 1 1
   1362   18    2   10 1 1 1
   1363   18    2   11 1 1 1
   1364   18    2   12 1 1 1
   1365   18    2   13 1 1 1
   1366   18    2   14 1 1 1
   1367   18    2   15 1 1 1
   1368   18    2   16 1 1 1
   1369   18    2   17 1 1 1
   1370   18    2   18 1 1 1
   1371   18    2   19 1 1 1
   1372   18    2   20 1 1 1
   1373   18    2   21 1 1 1
   1374   18    2   22 1 1 1
   1375   18    2   23 1 1 1
   1376   18    2   24 1 1 1
   1377   18    2   25 1 1 1
   1378   18    2   26 1 1 1
   1379   18    3    1 1 1 1
   1380   18    3    2 1 1 1
   1381   18    3    3 1 1 1
   1382   18    3    4 1 1 1
   1383   18    3    5 1 1 1
   1384   18    3    6 1 1 1
   1385   18    3    7 1 1 1
   1386   18    3    8 1 1 1
   1387   18    3    9 1 1 1
   1388   18    3   10 1 1 1
   1389   18    3   11 1 1 1
   1390   18    3   12 1 1 1
   1391   18    3   13 1 1 1
   1392   18    3   14 1 1 1
   1393   18    3   15 1 1 1
   1394   18    3   16 1 1 1
   1395   18    3   17 1 1 1
   1396   18    3   18 1 1 1
   1397   18    3   19 1 1 1
   1398   18    3   20 1 1 1
   1399   18    3   21 1 1 1
   1400   18    3   22 1 1 1
   1401   18    3   23 1 1 1
   1402   18    3   24 1 1 1
   1403   18    3   25 1 1 1
   1404   18    3   26 1 1 1
   1405   19    1    1 1 1 1
   1406   19    1    2 1 1 1
   1407   19    1    3 1 1 1
   1408   19    1    4 1 1 1
   1409   19    1    5 1 1 1
   1410   19    1    6 1 1 1
   1411   19    1    7 1 1 1
   1412   19    1    8 1 1 1
   1413   19    1    9 1 1 1
   1414   19    1   10 1 1 1
   1415   19    1   11 1 1 1
   1416   19    1   12 1 1 1
   1417   19    1   13 1 1 1
   1418   19    1   14 1 1 1
   1419   19    1   15 1 1 1
   1420   19    1   16 1 1 1
   1421   19    1   17 1 1 1
   1422   19    1   18 1 1 1
   1423   19    1   19 1 1 1
   1424   19    1   20 1 1 1
   1425   19    1   21 1 1 1
   1426   19    1   22 1 1 1
   1427   19    1   23 1 1 1
   1428   19    1   24 1 1 1
   1429   19    1   25 1 1 1
   1430   19    1   26 1 1 1
   1431   19    2    1 1 1 1
   1432   19    2    2 1 1 1
   1433   19    2    3 1 1 1
   1434   19    2    4 1 1 1
   1435   19    2    5 1 1 1
   1436   19    2    6 1 1 1
   1437   19    2    7 1 1 1
   1438   19    2    8 1 1 1
   1439   19    2    9 1 1 1
   1440   19    2   10 1 1 1
   1441   19    2   11 1 1 1
   1442   19    2   12 1 1 1
   1443   19    2   13 1 1 1
   1444   19    2   14 1 1 1
   1445   19    2   15 1 1 1
   1446   19    2   16 1 1 1
   1447   19    2   17 1 1 1
   1448   19    2   18 1 1 1
   1449   19    2   19 1 1 1
   1450   19    2   20 1 1 1
   1451   19    2   21 1 1 1
   1452   19    2   22 1 1 1
   1453   19    2   23 1 1 1
   1454   19    2   24 1 1 1
   1455   19    2   25 1 1 1
   1456   19    2   26 1 1 1
   1457   19    3    1 1 1 1
   1458   19    3    2 1 1 1
   1459   19    3    3 1 1 1
   1460   19    3    4 1 1 1
   1461   19    3    5 1 1 1
   1462   19    3    6 1 1 1
   1463   19    3    7 1 1 1
   1464   19    3    8 1 1 1
   1465   19    3    9 1 1 1
   1466   19    3   10 1 1 1
   1467   19    3   11 1 1 1
   1468   19    3   12 1 1 1
   1469   19    3   13 1 1 1
   1470   19    3   14 1 1 1
   1471   19    3   15 1 1 1
   1472   19    3   16 1 1 1
   1473   19    3   17 1 1 1
   1474   19    3   18 1 1 1
   1475   19    3   19 1 1 1
   1476   19    3   20 1 1 1
   1477   19    3   21 1 1 1
   1478   19    3   22 1 1 1
   1479   19    3   23 1 1 1
   1480   19    3   24 1 1 1
   1481   19    3   25 1 1 1
   1482   19    3   26 1 1 1
   1483   20    1    1 1 1 1
   1484   20    1    2 1 1 1
   1485   20    1    3 1 1 1
   1486   20    1    4 1 1 1
   1487   20    1    5 1 1 1
   1488   20    1    6 1 1 1
   1489   20    1    7 1 1 1
   1490   20    1    8 1 1 1
   1491   20    1    9 1 1 1
   1492   20    1   10 1 1 1
   1493   20    1   11 1 1 1
   1494   20    1   12 1 1 1
   1495   20    1   13 1 1 1
   1496   20    1   14 1 1 1
   1497   20    1   15 1 1 1
   1498   20    1   16 1 1 1
   1499   20    1   17 1 1 1
   1500   20    1   18 1 1 1
   1501   20    1   19 1 1 1
   1502   20    1   20 1 1 1
   1503   20    1   21 1 1 1
   1504   20    1   22 1 1 1
   1505   20    1   23 1 1 1
   1506   20    1   24 1 1 1
   1507   20    1   25 1 1 1
   1508   20    1   26 1 1 1
   1509   20    2    1 1 1 1
   1510   20    2    2 1 1 1
   1511   20    2    3 1 1 1
   1512   20    2    4 1 1 1
   1513   20    2    5 1 1 1
   1514   20    2    6 1 1 1
   1515   20    2    7 1 1 1
   1516   20    2    8 1 1 1
   1517   20    2    9 1 1 1
   1518   20    2   10 1 1 1
   1519   20    2   11 1 1 1
   1520   20    2   12 1 1 1
   1521   20    2   13 1 1 1
   1522   20    2   14 1 1 1
   1523   20    2   15 1 1 1
   1524   20    2   16 1 1 1
   1525   20    2   17 1 1 1
   1526   20    2   18 1 1 1
   1527   20    2   19 1 1 1
   1528   20    2   20 1 1 1
   1529   20    2   21 1 1 1
   1530   20    2   22 1 1 1
   1531   20    2   23 1 1 1
   1532   20    2   24 1 1 1
   1533   20    2   25 1 1 1
   1534   20    2   26 1 1 1
   1535   20    3    1 1 1 1
   1536   20    3    2 1 1 1
   1537   20    3    3 1 1 1
   1538   20    3    4 1 1 1
   1539   20    3    5 1 1 1
   1540   20    3    6 1 1 1
   1541   20    3    7 1 1 1
   1542   20    3    8 1 1 1
   1543   20    3    9 1 1 1
   1544   20    3   10 1 1 1
   1545   20    3   11 1 1 1
   1546   20    3   12 1 1 1
   1547   20    3   13 1 1 1
   1548   20    3   14 1 1 1
   1549   20    3   15 1 1 1
   1550   20    3   16 1 1 1
   1551   20    3   17 1 1 1
   1552   20    3   18 1 1 1
   1553   20    3   19 1 1 1
   1554   20    3   20 1 1 1
   1555   20    3   21 1 1 1
   1556   20    3   22 1 1 1
   1557   20    3   23 1 1 1
   1558   20    3   24 1 1 1
   1559   20    3   25 1 1 1
   1560   20    3   26 1 1 1
   1561   21    1    1 1 1 1
   1562   21    1    2 1 1 1
   1563   21    1    3 1 1 1
   1564   21    1    4 1 1 1
   1565   21    1    5 1 1 1
   1566   21    1    6 1 1 1
   1567   21    1    7 1 1 1
   1568   21    1    8 1 1 1
   1569   21    1    9 1 1 1
   1570   21    1   10 1 1 1
   1571   21    1   11 1 1 1
   1572   21    1   12 1 1 1
   1573   21    1   13 1 1 1
   1574   21    1   14 1 1 1
   1575   21    1   15 1 1 1
   1576   21    1   16 1 1 1
   1577   21    1   17 1 1 1
   1578   21    1   18 1 1 1
   1579   21    1   19 1 1 1
   1580   21    1   20 1 1 1
   1581   21    1   21 1 1 1
   1582   21    1   22 1 1 1
   1583   21    1   23 1 1 1
   1584   21    1   24 1 1 1
   1585   21    1   25 1 1 1
   1586   21    1   26 1 1 1
   1587   21    2    1 1 1 1
   1588   21    2    2 1 1 1
   1589   21    2    3 1 1 1
   1590   21    2    4 1 1 1
   1591   21    2    5 1 1 1
   1592   21    2    6 1 1 1
   1593   21    2    7 1 1 1
   1594   21    2    8 1 1 1
   1595   21    2    9 1 1 1
   1596   21    2   10 1 1 1
   1597   21    2   11 1 1 1
   1598   21    2   12 1 1 1
   1599   21    2   13 1 1 1
   1600   21    2   14 1 1 1
   1601   21    2   15 1 1 1
   1602   21    2   16 1 1 1
   1603   21    2   17 1 1 1
   1604   21    2   18 1 1 1
   1605   21    2   19 1 1 1
   1606   21    2   20 1 1 1
   1607   21    2   21 1 1 1
   1608   21    2   22 1 1 1
   1609   21    2   23 1 1 1
   1610   21    2   24 1 1 1
   1611   21    2   25 1 1 1
   1612   21    2   26 1 1 1
   1613   21    3    1 1 1 1
   1614   21    3    2 1 1 1
   1615   21    3    3 1 1 1
   1616   21    3    4 1 1 1
   1617   21    3    5 1 1 1
   1618   21    3    6 1 1 1
   1619   21    3    7 1 1 1
   1620   21    3    8 1 1 1
   1621   21    3    9 1 1 1
   1622   21    3   10 1 1 1
   1623   21    3   11 1 1 1
   1624   21    3   12 1 1 1
   1625   21    3   13 1 1 1
   1626   21    3   14 1 1 1
   1627   21    3   15 1 1 1
   1628   21    3   16 1 1 1
   1629   21    3   17 1 1 1
   1630   21    3   18 1 1 1
   1631   21    3   19 1 1 1
   1632   21    3   20 1 1 1
   1633   21    3   21 1 1 1
   1634   21    3   22 1 1 1
   1635   21    3   23 1 1 1
   1636   21    3   24 1 1 1
   1637   21    3   25 1 1 1
   1638   21    3   26 1 1 1
   1639   22    1    1 1 1 1
   1640   22    1    2 1 1 1
   1641   22    1    3 1 1 1
   1642   22    1    4 1 1 1
   1643   22    1    5 1 1 1
   1644   22    1    6 1 1 1
   1645   22    1    7 1 1 1
   1646   22    1    8 1 1 1
   1647   22    1    9 1 1 1
   1648   22    1   10 1 1 1
   1649   22    1   11 1 1 1
   1650   22    1   12 1 1 1
   1651   22    1   13 1 1 1
   1652   22    1   14 1 1 1
   1653   22    1   15 1 1 1
   1654   22    1   16 1 1 1
   1655   22    1   17 1 1 1
   1656   22    1   18 1 1 1
   1657   22    1   19 1 1 1
   1658   22    1   20 1 1 1
   1659   22    1   21 1 1 1
   1660   22    1   22 1 1 1
   1661   22    1   23 1 1 1
   1662   22    1   24 1 1 1
   1663   22    1   25 1 1 1
   1664   22    1   26 1 1 1
   1665   22    2    1 1 1 1
   1666   22    2    2 1 1 1
   1667   22    2    3 1 1 1
   1668   22    2    4 1 1 1
   1669   22    2    5 1 1 1
   1670   22    2    6 1 1 1
   1671   22    2    7 1 1 1
   1672   22    2    8 1 1 1
   1673   22    2    9 1 1 1
   1674   22    2   10 1 1 1
   1675   22    2   11 1 1 1
   1676   22    2   12 1 1 1
   1677   22    2   13 1 1 1
   1678   22    2   14 1 1 1
   1679   22    2   15 1 1 1
   1680   22    2   16 1 1 1
   1681   22    2   17 1 1 1
   1682   22    2   18 1 1 1
   1683   22    2   19 1 1 1
   1684   22    2   20 1 1 1
   1685   22    2   21 1 1 1
   1686   22    2   22 1 1 1
   1687   22    2   23 1 1 1
   1688   22    2   24 1 1 1
   1689   22    2   25 1 1 1
   1690   22    2   26 1 1 1
   1691   22    3    1 1 1 1
   1692   22    3    2 1 1 1
   1693   22    3    3 1 1 1
   1694   22    3    4 1 1 1
   1695   22    3    5 1 1 1
   1696   22    3    6 1 1 1
   1697   22    3    7 1 1 1
   1698   22    3    8 1 1 1
   1699   22    3    9 1 1 1
   1700   22    3   10 1 1 1
   1701   22    3   11 1 1 1
   1702   22    3   12 1 1 1
   1703   22    3   13 1 1 1
   1704   22    3   14 1 1 1
   1705   22    3   15 1 1 1
   1706   22    3   16 1 1 1
   1707   22    3   17 1 1 1
   1708   22    3   18 1 1 1
   1709   22    3   19 1 1 1
   1710   22    3   20 1 1 1
   1711   22    3   21 1 1 1
   1712   22    3   22 1 1 1
   1713   22    3   23 1 1 1
   1714   22    3   24 1 1 1
   1715   22    3   25 1 1 1
   1716   22    3   26 1 1 1
   1717   23    1    1 1 1 1
   1718   23    1    2 1 1 1
   1719   23    1    3 1 1 1
   1720   23    1    4 1 1 1
   1721   23    1    5 1 1 1
   1722   23    1    6 1 1 1
   1723   23    1    7 1 1 1
   1724   23    1    8 1 1 1
   1725   23    1    9 1 1 1
   1726   23    1   10 1 1 1
   1727   23    1   11 1 1 1
   1728   23    1   12 1 1 1
   1729   23    1   13 1 1 1
   1730   23    1   14 1 1 1
   1731   23    1   15 1 1 1
   1732   23    1   16 1 1 1
   1733   23    1   17 1 1 1
   1734   23    1   18 1 1 1
   1735   23    1   19 1 1 1
   1736   23    1   20 1 1 1
   1737   23    1   21 1 1 1
   1738   23    1   22 1 1 1
   1739   23    1   23 1 1 1
   1740   23    1   24 1 1 1
   1741   23    1   25 1 1 1
   1742   23    1   26 1 1 1
   1743   23    2    1 1 1 1
   1744   23    2    2 1 1 1
   1745   23    2    3 1 1 1
   1746   23    2    4 1 1 1
   1747   23    2    5 1 1 1
   1748   23    2    6 1 1 1
   1749   23    2    7 1 1 1
   1750   23    2    8 1 1 1
   1751   23    2    9 1 1 1
   1752   23    2   10 1 1 1
   1753   23    2   11 1 1 1
   1754   23    2   12 1 1 1
   1755   23    2   13 1 1 1
   1756   23    2   14 1 1 1
   1757   23    2   15 1 1 1
   1758   23    2   16 1 1 1
   1759   23    2   17 1 1 1
   1760   23    2   18 1 1 1
   1761   23    2   19 1 1 1
   1762   23    2   20 1 1 1
   1763   23    2   21 1 1 1
   1764   23    2   22 1 1 1
   1765   23    2   23 1 1 1
   1766   23    2   24 1 1 1
   1767   23    2   25 1 1 1
   1768   23    2   26 1 1 1
   1769   23    3    1 1 1 1
   1770   23    3    2 1 1 1
   1771   23    3    3 1 1 1
   1772   23    3    4 1 1 1
   1773   23    3    5 1 1 1
   1774   23    3    6 1 1 1
   1775   23    3    7 1 1 1
   1776   23    3    8 1 1 1
   1777   23    3    9 1 1 1
   1778   23    3   10 1 1 1
   1779   23    3   11 1 1 1
   1780   23    3   12 1 1 1
   1781   23    3   13 1 1 1
   1782   23    3   14 1 1 1
   1783   23    3   15 1 1 1
   1784   23    3   16 1 1 1
   1785   23    3   17 1 1 1
   1786   23    3   18 1 1 1
   1787   23    3   19 1 1 1
   1788   23    3   20 1 1 1
   1789   23    3   21 1 1 1
   1790   23    3   22 1 1 1
   1791   23    3   23 1 1 1
   1792   23    3   24 1 1 1
   1793   23    3   25 1 1 1
   1794   23    3   26 1 1 1
   1795   24    1    1 1 1 1
   1796   24    1    2 1 1 1
   1797   24    1    3 1 1 1
   1798   24    1    4 1 1 1
   1799   24    1    5 1 1 1
   1800   24    1    6 1 1 1
   1801   24    1    7 1 1 1
   1802   24    1    8 1 1 1
   1803   24    1    9 1 1 1
   1804   24    1   10 1 1 1
   1805   24    1   11 1 1 1
   1806   24    1   12 1 1 1
   1807   24    1   13 1 1 1
   1808   24    1   14 1 1 1
   1809   24    1   15 1 1 1
   1810   24    1   16 1 1 1
   1811   24    1   17 1 1 1
   1812   24    1   18 1 1 1
   1813   24    1   19 1 1 1
   1814   24    1   20 1 1 1
   1815   24    1   21 1 1 1
   1816   24    1   22 1 1 1
   1817   24    1   23 1 1 1
   1818   24    1   24 1 1 1
   1819   24    1   25 1 1 1
   1820   24    1   26 1 1 1
   1821   24    2    1 1 1 1
   1822   24    2    2 1 1 1
   1823   24    2    3 1 1 1
   1824   24    2    4 1 1 1
   1825   24    2    5 1 1 1
   1826   24    2    6 1 1 1
   1827   24    2    7 1 1 1
   1828   24    2    8 1 1 1
   1829   24    2    9 1 1 1
   1830   24    2   10 1 1 1
   1831   24    2   11 1 1 1
   1832   24    2   12 1 1 1
   1833   24    2   13 1 1 1
   1834   24    2   14 1 1 1
   1835   24    2   15 1 1 1
   1836   24    2   16 1 1 1
   1837   24    2   17 1 1 1
   1838   24    2   18 1 1 1
   1839   24    2   19 1 1 1
   1840   24    2   20 1 1 1
   1841   24    2   21 1 1 1
   1842   24    2   22 1 1 1
   1843   24    2   23 1 1 1
   1844   24    2   24 1 1 1
   1845   24    2   25 1 1 1
   1846   24    2   26 1 1 1
   1847   24    3    1 1 1 1
   1848   24    3    2 1 1 1
   1849   24    3    3 1 1 1
   1850   24    3    4 1 1 1
   1851   24    3    5 1 1 1
   1852   24    3    6 1 1 1
   1853   24    3    7 1 1 1
   1854   24    3    8 1 1 1
   1855   24    3    9 1 1 1
   1856   24    3   10 1 1 1
   1857   24    3   11 1 1 1
   1858   24    3   12 1 1 1
   1859   24    3   13 1 1 1
   1860   24    3   14 1 1 1
   1861   24    3   15 1 1 1
   1862   24    3   16 1 1 1
   1863   24    3   17 1 1 1
   1864   24    3   18 1 1 1
   1865   24    3   19 1 1 1
   1866   24    3   20 1 1 1
   1867   24    3   21 1 1 1
   1868   24    3   22 1 1 1
   1869   24    3   23 1 1 1
   1870   24    3   24 1 1 1
   1871   24    3   25 1 1 1
   1872   24    3   26 1 1 1
   1873   25    1    1 1 1 1
   1874   25    1    2 1 1 1
   1875   25    1    3 1 1 1
   1876   25    1    4 1 1 1
   1877   25    1    5 1 1 1
   1878   25    1    6 1 1 1
   1879   25    1    7 1 1 1
   1880   25    1    8 1 1 1
   1881   25    1    9 1 1 1
   1882   25    1   10 1 1 1
   1883   25    1   11 1 1 1
   1884   25    1   12 1 1 1
   1885   25    1   13 1 1 1
   1886   25    1   14 1 1 1
   1887   25    1   15 1 1 1
   1888   25    1   16 1 1 1
   1889   25    1   17 1 1 1
   1890   25    1   18 1 1 1
   1891   25    1   19 1 1 1
   1892   25    1   20 1 1 1
   1893   25    1   21 1 1 1
   1894   25    1   22 1 1 1
   1895   25    1   23 1 1 1
   1896   25    1   24 1 1 1
   1897   25    1   25 1 1 1
   1898   25    1   26 1 1 1
   1899   25    2    1 1 1 1
   1900   25    2    2 1 1 1
   1901   25    2    3 1 1 1
   1902   25    2    4 1 1 1
   1903   25    2    5 1 1 1
   1904   25    2    6 1 1 1
   1905   25    2    7 1 1 1
   1906   25    2    8 1 1 1
   1907   25    2    9 1 1 1
   1908   25    2   10 1 1 1
   1909   25    2   11 1 1 1
   1910   25    2   12 1 1 1
   1911   25    2   13 1 1 1
   1912   25    2   14 1 1 1
   1913   25    2   15 1 1 1
   1914   25    2   16 1 1 1
   1915   25    2   17 1 1 1
   1916   25    2   18 1 1 1
   1917   25    2   19 1 1 1
   1918   25    2   20 1 1 1
   1919   25    2   21 1 1 1
   1920   25    2   22 1 1 1
   1921   25    2   23 1 1 1
   1922   25    2   24 1 1 1
   1923   25    2   25 1 1 1
   1924   25    2   26 1 1 1
   1925   25    3    1 1 1 1
   1926   25    3    2 1 1 1
   1927   25    3    3 1 1 1
   1928   25    3    4 1 1 1
   1929   25    3    5 1 1 1
   1930   25    3    6 1 1 1
   1931   25    3    7 1 1 1
   1932   25    3    8 1 1 1
   1933   25    3    9 1 1 1
   1934   25    3   10 1 1 1
   1935   25    3   11 1 1 1
   1936   25    3   12 1 1 1
   1937   25    3   13 1 1 1
   1938   25    3   14 1 1 1
   1939   25    3   15 1 1 1
   1940   25    3   16 1 1 1
   1941   25    3   17 1 1 1
   1942   25    3   18 1 1 1
   1943   25    3   19 1 1 1
   1944   25    3   20 1 1 1
   1945   25    3   21 1 1 1
   1946   25    3   22 1 1 1
   1947   25    3   23 1 1 1
   1948   25    3   24 1 1 1
   1949   25    3   25 1 1 1
   1950   25    3   26 1 1 1
   1951   26    1    1 1 1 1
   1952   26    1    2 1 1 1
   1953   26    1    3 1 1 1
   1954   26    1    4 1 1 1
   1955   26    1    5 1 1 1
   1956   26    1    6 1 1 1
   1957   26    1    7 1 1 1
   1958   26    1    8 1 1 1
   1959   26    1    9 1 1 1
   1960   26    1   10 1 1 1
   1961   26    1   11 1 1 1
   1962   26    1   12 1 1 1
   1963   26    1   13 1 1 1
   1964   26    1   14 1 1 1
   1965   26    1   15 1 1 1
   1966   26    1   16 1 1 1
   1967   26    1   17 1 1 1
   1968   26    1   18 1 1 1
   1969   26    1   19 1 1 1
   1970   26    1   20 1 1 1
   1971   26    1   21 1 1 1
   1972   26    1   22 1 1 1
   1973   26    1   23 1 1 1
   1974   26    1   24 1 1 1
   1975   26    1   25 1 1 1
   1976   26    1   26 1 1 1
   1977   26    2    1 1 1 1
   1978   26    2    2 1 1 1
   1979   26    2    3 1 1 1
   1980   26    2    4 1 1 1
   1981   26    2    5 1 1 1
   1982   26    2    6 1 1 1
   1983   26    2    7 1 1 1
   1984   26    2    8 1 1 1
   1985   26    2    9 1 1 1
   1986   26    2   10 1 1 1
   1987   26    2   11 1 1 1
   1988   26    2   12 1 1 1
   1989   26    2   13 1 1 1
   1990   26    2   14 1 1 1
   1991   26    2   15 1 1 1
   1992   26    2   16 1 1 1
   1993   26    2   17 1 1 1
   1994   26    2   18 1 1 1
   1995   26    2   19 1 1 1
   1996   26    2   20 1 1 1
   1997   26    2   21 1 1 1
   1998   26    2   22 1 1 1
   1999   26    2   23 1 1 1
   2000   26    2   24 1 1 1
   2001   26    2   25 1 1 1
   2002   26    2   26 1 1 1
   2003   26    3    1 1 1 1
   2004   26    3    2 1 1 1
   2005   26    3    3 1 1 1
   2006   26    3    4 1 1 1
   2007   26    3    5 1 1 1
   2008   26    3    6 1 1 1
   2009   26    3    7 1 1 1
   2010   26    3    8 1 1 1
   2011   26    3    9 1 1 1
   2012   26    3   10 1 1 1
   2013   26    3   11 1 1 1
   2014   26    3   12 1 1 1
   2015   26    3   13 1 1 1
   2016   26    3   14 1 1 1
   2017   26    3   15 1 1 1
   2018   26    3   16 1 1 1
   2019   26    3   17 1 1 1
   2020   26    3   18 1 1 1
   2021   26    3   19 1 1 1
   2022   26    3   20 1 1 1
   2023   26    3   21 1 1 1
   2024   26    3   22 1 1 1
   2025   26    3   23 1 1 1
   2026   26    3   24 1 1 1
   2027   26    3   25 1 1 1
   2028   26    3   26 1 1 1
   2029   27    1    1 1 1 1
   2030   27    1    2 1 1 1
   2031   27    1    3 1 1 1
   2032   27    1    4 1 1 1
   2033   27    1    5 1 1 1
   2034   27    1    6 1 1 1
   2035   27    1    7 1 1 1
   2036   27    1    8 1 1 1
   2037   27    1    9 1 1 1
   2038   27    1   10 1 1 1
   2039   27    1   11 1 1 1
   2040   27    1   12 1 1 1
   2041   27    1   13 1 1 1
   2042   27    1   14 1 1 1
   2043   27    1   15 1 1 1
   2044   27    1   16 1 1 1
   2045   27    1   17 1 1 1
   2046   27    1   18 1 1 1
   2047   27    1   19 1 1 1
   2048   27    1   20 1 1 1
   2049   27    1   21 1 1 1
   2050   27    1   22 1 1 1
   2051   27    1   23 1 1 1
   2052   27    1   24 1 1 1
   2053   27    1   25 1 1 1
   2054   27    1   26 1 1 1
   2055   27    2    1 1 1 1
   2056   27    2    2 1 1 1
   2057   27    2    3 1 1 1
   2058   27    2    4 1 1 1
   2059   27    2    5 1 1 1
   2060   27    2    6 1 1 1
   2061   27    2    7 1 1 1
   2062   27    2    8 1 1 1
   2063   27    2    9 1 1 1
   2064   27    2   10 1 1 1
   2065   27    2   11 1 1 1
   2066   27    2   12 1 1 1
   2067   27    2   13 1 1 1
   2068   27    2   14 1 1 1
   2069   27    2   15 1 1 1
   2070   27    2   16 1 1 1
   2071   27    2   17 1 1 1
   2072   27    2   18 1 1 1
   2073   27    2   19 1 1 1
   2074   27    2   20 1 1 1
   2075   27    2   21 1 1 1
   2076   27    2   22 1 1 1
   2077   27    2   23 1 1 1
   2078   27    2   24 1 1 1
   2079   27    2   25 1 1 1
   2080   27    2   26 1 1 1
   2081   27    3    1 1 1 1
   2082   27    3    2 1 1 1
   2083   27    3    3 1 1 1
   2084   27    3    4 1 1 1
   2085   27    3    5 1 1 1
   2086   27    3    6 1 1 1
   2087   27    3    7 1 1 1
   2088   27    3    8 1 1 1
   2089   27    3    9 1 1 1
   2090   27    3   10 1 1 1
   2091   27    3   11 1 1 1
   2092   27    3   12 1 1 1
   2093   27    3   13 1 1 1
   2094   27    3   14 1 1 1
   2095   27    3   15 1 1 1
   2096   27    3   16 1 1 1
   2097   27    3   17 1 1 1
   2098   27    3   18 1 1 1
   2099   27    3   19 1 1 1
   2100   27    3   20 1 1 1
   2101   27    3   21 1 1 1
   2102   27    3   22 1 1 1
   2103   27    3   23 1 1 1
   2104   27    3   24 1 1 1
   2105   27    3   25 1 1 1
   2106   27    3   26 1 1 1
   2107   28    1    1 1 1 1
   2108   28    1    2 1 1 1
   2109   28    1    3 1 1 1
   2110   28    1    4 1 1 1
   2111   28    1    5 1 1 1
   2112   28    1    6 1 1 1
   2113   28    1    7 1 1 1
   2114   28    1    8 1 1 1
   2115   28    1    9 1 1 1
   2116   28    1   10 1 1 1
   2117   28    1   11 1 1 1
   2118   28    1   12 1 1 1
   2119   28    1   13 1 1 1
   2120   28    1   14 1 1 1
   2121   28    1   15 1 1 1
   2122   28    1   16 1 1 1
   2123   28    1   17 1 1 1
   2124   28    1   18 1 1 1
   2125   28    1   19 1 1 1
   2126   28    1   20 1 1 1
   2127   28    1   21 1 1 1
   2128   28    1   22 1 1 1
   2129   28    1   23 1 1 1
   2130   28    1   24 1 1 1
   2131   28    1   25 1 1 1
   2132   28    1   26 1 1 1
   2133   28    2    1 1 1 1
   2134   28    2    2 1 1 1
   2135   28    2    3 1 1 1
   2136   28    2    4 1 1 1
   2137   28    2    5 1 1 1
   2138   28    2    6 1 1 1
   2139   28    2    7 1 1 1
   2140   28    2    8 1 1 1
   2141   28    2    9 1 1 1
   2142   28    2   10 1 1 1
   2143   28    2   11 1 1 1
   2144   28    2   12 1 1 1
   2145   28    2   13 1 1 1
   2146   28    2   14 1 1 1
   2147   28    2   15 1 1 1
   2148   28    2   16 1 1 1
   2149   28    2   17 1 1 1
   2150   28    2   18 1 1 1
   2151   28    2   19 1 1 1
   2152   28    2   20 1 1 1
   2153   28    2   21 1 1 1
   2154   28    2   22 1 1 1
   2155   28    2   23 1 1 1
   2156   28    2   24 1 1 1
   2157   28    2   25 1 1 1
   2158   28    2   26 1 1 1
   2159   28    3    1 1 1 1
   2160   28    3    2 1 1 1
   2161   28    3    3 1 1 1
   2162   28    3    4 1 1 1
   2163   28    3    5 1 1 1
   2164   28    3    6 1 1 1
   2165   28    3    7 1 1 1
   2166   28    3    8 1 1 1
   2167   28    3    9 1 1 1
   2168   28    3   10 1 1 1
   2169   28    3   11 1 1 1
   2170   28    3   12 1 1 1
   2171   28    3   13 1 1 1
   2172   28    3   14 1 1 1
   2173   28    3   15 1 1 1
   2174   28    3   16 1 1 1
   2175   28    3   17 1 1 1
   2176   28    3   18 1 1 1
   2177   28    3   19 1 1 1
   2178   28    3   20 1 1 1
   2179   28    3   21 1 1 1
   2180   28    3   22 1 1 1
   2181   28    3   23 1 1 1
   2182   28    3   24 1 1 1
   2183   28    3   25 1 1 1
   2184   28    3   26 1 1 1
   2185   29    1    1 1 1 1
   2186   29    1    2 1 1 1
   2187   29    1    3 1 1 1
   2188   29    1    4 1 1 1
   2189   29    1    5 1 1 1
   2190   29    1    6 1 1 1
   2191   29    1    7 1 1 1
   2192   29    1    8 1 1 1
   2193   29    1    9 1 1 1
   2194   29    1   10 1 1 1
   2195   29    1   11 1 1 1
   2196   29    1   12 1 1 1
   2197   29    1   13 1 1 1
   2198   29    1   14 1 1 1
   2199   29    1   15 1 1 1
   2200   29    1   16 1 1 1
   2201   29    1   17 1 1 1
   2202   29    1   18 1 1 1
   2203   29    1   19 1 1 1
   2204   29    1   20 1 1 1
   2205   29    1   21 1 1 1
   2206   29    1   22 1 1 1
   2207   29    1   23 1 1 1
   2208   29    1   24 1 1 1
   2209   29    1   25 1 1 1
   2210   29    1   26 1 1 1
   2211   29    2    1 1 1 1
   2212   29    2    2 1 1 1
   2213   29    2    3 1 1 1
   2214   29    2    4 1 1 1
   2215   29    2    5 1 1 1
   2216   29    2    6 1 1 1
   2217   29    2    7 1 1 1
   2218   29    2    8 1 1 1
   2219   29    2    9 1 1 1
   2220   29    2   10 1 1 1
   2221   29    2   11 1 1 1
   2222   29    2   12 1 1 1
   2223   29    2   13 1 1 1
   2224   29    2   14 1 1 1
   2225   29    2   15 1 1 1
   2226   29    2   16 1 1 1
   2227   29    2   17 1 1 1
   2228   29    2   18 1 1 1
   2229   29    2   19 1 1 1
   2230   29    2   20 1 1 1
   2231   29    2   21 1 1 1
   2232   29    2   22 1 1 1
   2233   29    2   23 1 1 1
   2234   29    2   24 1 1 1
   2235   29    2   25 1 1 1
   2236   29    2   26 1 1 1
   2237   29    3    1 1 1 1
   2238   29    3    2 1 1 1
   2239   29    3    3 1 1 1
   2240   29    3    4 1 1 1
   2241   29    3    5 1 1 1
   2242   29    3    6 1 1 1
   2243   29    3    7 1 1 1
   2244   29    3    8 1 1 1
   2245   29    3    9 1 1 1
   2246   29    3   10 1 1 1
   2247   29    3   11 1 1 1
   2248   29    3   12 1 1 1
   2249   29    3   13 1 1 1
   2250   29    3   14 1 1 1
   2251   29    3   15 1 1 1
   2252   29    3   16 1 1 1
   2253   29    3   17 1 1 1
   2254   29    3   18 1 1 1
   2255   29    3   19 1 1 1
   2256   29    3   20 1 1 1
   2257   29    3   21 1 1 1
   2258   29    3   22 1 1 1
   2259   29    3   23 1 1 1
   2260   29    3   24 1 1 1
   2261   29    3   25 1 1 1
   2262   29    3   26 1 1 1
   2263   30    1    1 1 1 1
   2264   30    1    2 1 1 1
   2265   30    1    3 1 1 1
   2266   30    1    4 1 1 1
   2267   30    1    5 1 1 1
   2268   30    1    6 1 1 1
   2269   30    1    7 1 1 1
   2270   30    1    8 1 1 1
   2271   30    1    9 1 1 1
   2272   30    1   10 1 1 1
   2273   30    1   11 1 1 1
   2274   30    1   12 1 1 1
   2275   30    1   13 1 1 1
   2276   30    1   14 1 1 1
   2277   30    1   15 1 1 1
   2278   30    1   16 1 1 1
   2279   30    1   17 1 1 1
   2280   30    1   18 1 1 1
   2281   30    1   19 1 1 1
   2282   30    1   20 1 1 1
   2283   30    1   21 1 1 1
   2284   30    1   22 1 1 1
   2285   30    1   23 1 1 1
   2286   30    1   24 1 1 1
   2287   30    1   25 1 1 1
   2288   30    1   26 1 1 1
   2289   30    2    1 1 1 1
   2290   30    2    2 1 1 1
   2291   30    2    3 1 1 1
   2292   30    2    4 1 1 1
   2293   30    2    5 1 1 1
   2294   30    2    6 1 1 1
   2295   30    2    7 1 1 1
   2296   30    2    8 1 1 1
   2297   30    2    9 1 1 1
   2298   30    2   10 1 1 1
   2299   30    2   11 1 1 1
   2300   30    2   12 1 1 1
   2301   30    2   13 1 1 1
   2302   30    2   14 1 1 1
   2303   30    2   15 1 1 1
   2304   30    2   16 1 1 1
   2305   30    2   17 1 1 1
   2306   30    2   18 1 1 1
   2307   30    2   19 1 1 1
   2308   30    2   20 1 1 1
   2309   30    2   21 1 1 1
   2310   30    2   22 1 1 1
   2311   30    2   23 1 1 1
   2312   30    2   24 1 1 1
   2313   30    2   25 1 1 1
   2314   30    2   26 1 1 1
   2315   30    3    1 1 1 1
   2316   30    3    2 1 1 1
   2317   30    3    3 1 1 1
   2318   30    3    4 1 1 1
   2319   30    3    5 1 1 1
   2320   30    3    6 1 1 1
   2321   30    3    7 1 1 1
   2322   30    3    8 1 1 1
   2323   30    3    9 1 1 1
   2324   30    3   10 1 1 1
   2325   30    3   11 1 1 1
   2326   30    3   12 1 1 1
   2327   30    3   13 1 1 1
   2328   30    3   14 1 1 1
   2329   30    3   15 1 1 1
   2330   30    3   16 1 1 1
   2331   30    3   17 1 1 1
   2332   30    3   18 1 1 1
   2333   30    3   19 1 1 1
   2334   30    3   20 1 1 1
   2335   30    3   21 1 1 1
   2336   30    3   22 1 1 1
   2337   30    3   23 1 1 1
   2338   30    3   24 1 1 1
   2339   30    3   25 1 1 1
   2340   30    3   26 1 1 1
   2341   31    1    1 1 1 1
   2342   31    1    2 1 1 1
   2343   31    1    3 1 1 1
   2344   31    1    4 1 1 1
   2345   31    1    5 1 1 1
   2346   31    1    6 1 1 1
   2347   31    1    7 1 1 1
   2348   31    1    8 1 1 1
   2349   31    1    9 1 1 1
   2350   31    1   10 1 1 1
   2351   31    1   11 1 1 1
   2352   31    1   12 1 1 1
   2353   31    1   13 1 1 1
   2354   31    1   14 1 1 1
   2355   31    1   15 1 1 1
   2356   31    1   16 1 1 1
   2357   31    1   17 1 1 1
   2358   31    1   18 1 1 1
   2359   31    1   19 1 1 1
   2360   31    1   20 1 1 1
   2361   31    1   21 1 1 1
   2362   31    1   22 1 1 1
   2363   31    1   23 1 1 1
   2364   31    1   24 1 1 1
   2365   31    1   25 1 1 1
   2366   31    1   26 1 1 1
   2367   31    2    1 1 1 1
   2368   31    2    2 1 1 1
   2369   31    2    3 1 1 1
   2370   31    2    4 1 1 1
   2371   31    2    5 1 1 1
   2372   31    2    6 1 1 1
   2373   31    2    7 1 1 1
   2374   31    2    8 1 1 1
   2375   31    2    9 1 1 1
   2376   31    2   10 1 1 1
   2377   31    2   11 1 1 1
   2378   31    2   12 1 1 1
   2379   31    2   13 1 1 1
   2380   31    2   14 1 1 1
   2381   31    2   15 1 1 1
   2382   31    2   16 1 1 1
   2383   31    2   17 1 1 1
   2384   31    2   18 1 1 1
   2385   31    2   19 1 1 1
   2386   31    2   20 1 1 1
   2387   31    2   21 1 1 1
   2388   31    2   22 1 1 1
   2389   31    2   23 1 1 1
   2390   31    2   24 1 1 1
   2391   31    2   25 1 1 1
   2392   31    2   26 1 1 1
   2393   31    3    1 1 1 1
   2394   31    3    2 1 1 1
   2395   31    3    3 1 1 1
   2396   31    3    4 1 1 1
   2397   31    3    5 1 1 1
   2398   31    3    6 1 1 1
   2399   31    3    7 1 1 1
   2400   31    3    8 1 1 1
   2401   31    3    9 1 1 1
   2402   31    3   10 1 1 1
   2403   31    3   11 1 1 1
   2404   31    3   12 1 1 1
   2405   31    3   13 1 1 1
   2406   31    3   14 1 1 1
   2407   31    3   15 1 1 1
   2408   31    3   16 1 1 1
   2409   31    3   17 1 1 1
   2410   31    3   18 1 1 1
   2411   31    3   19 1 1 1
   2412   31    3   20 1 1 1
   2413   31    3   21 1 1 1
   2414   31    3   22 1 1 1
   2415   31    3   23 1 1 1
   2416   31    3   24 1 1 1
   2417   31    3   25 1 1 1
   2418   31    3   26 1 1 1
   2419   32    1    1 1 1 1
   2420   32    1    2 1 1 1
   2421   32    1    3 1 1 1
   2422   32    1    4 1 1 1
   2423   32    1    5 1 1 1
   2424   32    1    6 1 1 1
   2425   32    1    7 1 1 1
   2426   32    1    8 1 1 1
   2427   32    1    9 1 1 1
   2428   32    1   10 1 1 1
   2429   32    1   11 1 1 1
   2430   32    1   12 1 1 1
   2431   32    1   13 1 1 1
   2432   32    1   14 1 1 1
   2433   32    1   15 1 1 1
   2434   32    1   16 1 1 1
   2435   32    1   17 1 1 1
   2436   32    1   18 1 1 1
   2437   32    1   19 1 1 1
   2438   32    1   20 1 1 1
   2439   32    1   21 1 1 1
   2440   32    1   22 1 1 1
   2441   32    1   23 1 1 1
   2442   32    1   24 1 1 1
   2443   32    1   25 1 1 1
   2444   32    1   26 1 1 1
   2445   32    2    1 1 1 1
   2446   32    2    2 1 1 1
   2447   32    2    3 1 1 1
   2448   32    2    4 1 1 1
   2449   32    2    5 1 1 1
   2450   32    2    6 1 1 1
   2451   32    2    7 1 1 1
   2452   32    2    8 1 1 1
   2453   32    2    9 1 1 1
   2454   32    2   10 1 1 1
   2455   32    2   11 1 1 1
   2456   32    2   12 1 1 1
   2457   32    2   13 1 1 1
   2458   32    2   14 1 1 1
   2459   32    2   15 1 1 1
   2460   32    2   16 1 1 1
   2461   32    2   17 1 1 1
   2462   32    2   18 1 1 1
   2463   32    2   19 1 1 1
   2464   32    2   20 1 1 1
   2465   32    2   21 1 1 1
   2466   32    2   22 1 1 1
   2467   32    2   23 1 1 1
   2468   32    2   24 1 1 1
   2469   32    2   25 1 1 1
   2470   32    2   26 1 1 1
   2471   32    3    1 1 1 1
   2472   32    3    2 1 1 1
   2473   32    3    3 1 1 1
   2474   32    3    4 1 1 1
   2475   32    3    5 1 1 1
   2476   32    3    6 1 1 1
   2477   32    3    7 1 1 1
   2478   32    3    8 1 1 1
   2479   32    3    9 1 1 1
   2480   32    3   10 1 1 1
   2481   32    3   11 1 1 1
   2482   32    3   12 1 1 1
   2483   32    3   13 1 1 1
   2484   32    3   14 1 1 1
   2485   32    3   15 1 1 1
   2486   32    3   16 1 1 1
   2487   32    3   17 1 1 1
   2488   32    3   18 1 1 1
   2489   32    3   19 1 1 1
   2490   32    3   20 1 1 1
   2491   32    3   21 1 1 1
   2492   32    3   22 1 1 1
   2493   32    3   23 1 1 1
   2494   32    3   24 1 1 1
   2495   32    3   25 1 1 1
   2496   32    3   26 1 1 1
   2497   33    1    1 1 1 1
   2498   33    1    2 1 1 1
   2499   33    1    3 1 1 1
   2500   33    1    4 1 1 1
   2501   33    1    5 1 1 1
   2502   33    1    6 1 1 1
   2503   33    1    7 1 1 1
   2504   33    1    8 1 1 1
   2505   33    1    9 1 1 1
   2506   33    1   10 1 1 1
   2507   33    1   11 1 1 1
   2508   33    1   12 1 1 1
   2509   33    1   13 1 1 1
   2510   33    1   14 1 1 1
   2511   33    1   15 1 1 1
   2512   33    1   16 1 1 1
   2513   33    1   17 1 1 1
   2514   33    1   18 1 1 1
   2515   33    1   19 1 1 1
   2516   33    1   20 1 1 1
   2517   33    1   21 1 1 1
   2518   33    1   22 1 1 1
   2519   33    1   23 1 1 1
   2520   33    1   24 1 1 1
   2521   33    1   25 1 1 1
   2522   33    1   26 1 1 1
   2523   33    2    1 1 1 1
   2524   33    2    2 1 1 1
   2525   33    2    3 1 1 1
   2526   33    2    4 1 1 1
   2527   33    2    5 1 1 1
   2528   33    2    6 1 1 1
   2529   33    2    7 1 1 1
   2530   33    2    8 1 1 1
   2531   33    2    9 1 1 1
   2532   33    2   10 1 1 1
   2533   33    2   11 1 1 1
   2534   33    2   12 1 1 1
   2535   33    2   13 1 1 1
   2536   33    2   14 1 1 1
   2537   33    2   15 1 1 1
   2538   33    2   16 1 1 1
   2539   33    2   17 1 1 1
   2540   33    2   18 1 1 1
   2541   33    2   19 1 1 1
   2542   33    2   20 1 1 1
   2543   33    2   21 1 1 1
   2544   33    2   22 1 1 1
   2545   33    2   23 1 1 1
   2546   33    2   24 1 1 1
   2547   33    2   25 1 1 1
   2548   33    2   26 1 1 1
   2549   33    3    1 1 1 1
   2550   33    3    2 1 1 1
   2551   33    3    3 1 1 1
   2552   33    3    4 1 1 1
   2553   33    3    5 1 1 1
   2554   33    3    6 1 1 1
   2555   33    3    7 1 1 1
   2556   33    3    8 1 1 1
   2557   33    3    9 1 1 1
   2558   33    3   10 1 1 1
   2559   33    3   11 1 1 1
   2560   33    3   12 1 1 1
   2561   33    3   13 1 1 1
   2562   33    3   14 1 1 1
   2563   33    3   15 1 1 1
   2564   33    3   16 1 1 1
   2565   33    3   17 1 1 1
   2566   33    3   18 1 1 1
   2567   33    3   19 1 1 1
   2568   33    3   20 1 1 1
   2569   33    3   21 1 1 1
   2570   33    3   22 1 1 1
   2571   33    3   23 1 1 1
   2572   33    3   24 1 1 1
   2573   33    3   25 1 1 1
   2574   33    3   26 1 1 1
   2575   34    1    1 1 1 1
   2576   34    1    2 1 1 1
   2577   34    1    3 1 1 1
   2578   34    1    4 1 1 1
   2579   34    1    5 1 1 1
   2580   34    1    6 1 1 1
   2581   34    1    7 1 1 1
   2582   34    1    8 1 1 1
   2583   34    1    9 1 1 1
   2584   34    1   10 1 1 1
   2585   34    1   11 1 1 1
   2586   34    1   12 1 1 1
   2587   34    1   13 1 1 1
   2588   34    1   14 1 1 1
   2589   34    1   15 1 1 1
   2590   34    1   16 1 1 1
   2591   34    1   17 1 1 1
   2592   34    1   18 1 1 1
   2593   34    1   19 1 1 1
   2594   34    1   20 1 1 1
   2595   34    1   21 1 1 1
   2596   34    1   22 1 1 1
   2597   34    1   23 1 1 1
   2598   34    1   24 1 1 1
   2599   34    1   25 1 1 1
   2600   34    1   26 1 1 1
   2601   34    2    1 1 1 1
   2602   34    2    2 1 1 1
   2603   34    2    3 1 1 1
   2604   34    2    4 1 1 1
   2605   34    2    5 1 1 1
   2606   34    2    6 1 1 1
   2607   34    2    7 1 1 1
   2608   34    2    8 1 1 1
   2609   34    2    9 1 1 1
   2610   34    2   10 1 1 1
   2611   34    2   11 1 1 1
   2612   34    2   12 1 1 1
   2613   34    2   13 1 1 1
   2614   34    2   14 1 1 1
   2615   34    2   15 1 1 1
   2616   34    2   16 1 1 1
   2617   34    2   17 1 1 1
   2618   34    2   18 1 1 1
   2619   34    2   19 1 1 1
   2620   34    2   20 1 1 1
   2621   34    2   21 1 1 1
   2622   34    2   22 1 1 1
   2623   34    2   23 1 1 1
   2624   34    2   24 1 1 1
   2625   34    2   25 1 1 1
   2626   34    2   26 1 1 1
   2627   34    3    1 1 1 1
   2628   34    3    2 1 1 1
   2629   34    3    3 1 1 1
   2630   34    3    4 1 1 1
   2631   34    3    5 1 1 1
   2632   34    3    6 1 1 1
   2633   34    3    7 1 1 1
   2634   34    3    8 1 1 1
   2635   34    3    9 1 1 1
   2636   34    3   10 1 1 1
   2637   34    3   11 1 1 1
   2638   34    3   12 1 1 1
   2639   34    3   13 1 1 1
   2640   34    3   14 1 1 1
   2641   34    3   15 1 1 1
   2642   34    3   16 1 1 1
   2643   34    3   17 1 1 1
   2644   34    3   18 1 1 1
   2645   34    3   19 1 1 1
   2646   34    3   20 1 1 1
   2647   34    3   21 1 1 1
   2648   34    3   22 1 1 1
   2649   34    3   23 1 1 1
   2650   34    3   24 1 1 1
   2651   34    3   25 1 1 1
   2652   34    3   26 1 1 1
   2653   35    1    1 1 1 1
   2654   35    1    2 1 1 1
   2655   35    1    3 1 1 1
   2656   35    1    4 1 1 1
   2657   35    1    5 1 1 1
   2658   35    1    6 1 1 1
   2659   35    1    7 1 1 1
   2660   35    1    8 1 1 1
   2661   35    1    9 1 1 1
   2662   35    1   10 1 1 1
   2663   35    1   11 1 1 1
   2664   35    1   12 1 1 1
   2665   35    1   13 1 1 1
   2666   35    1   14 1 1 1
   2667   35    1   15 1 1 1
   2668   35    1   16 1 1 1
   2669   35    1   17 1 1 1
   2670   35    1   18 1 1 1
   2671   35    1   19 1 1 1
   2672   35    1   20 1 1 1
   2673   35    1   21 1 1 1
   2674   35    1   22 1 1 1
   2675   35    1   23 1 1 1
   2676   35    1   24 1 1 1
   2677   35    1   25 1 1 1
   2678   35    1   26 1 1 1
   2679   35    2    1 1 1 1
   2680   35    2    2 1 1 1
   2681   35    2    3 1 1 1
   2682   35    2    4 1 1 1
   2683   35    2    5 1 1 1
   2684   35    2    6 1 1 1
   2685   35    2    7 1 1 1
   2686   35    2    8 1 1 1
   2687   35    2    9 1 1 1
   2688   35    2   10 1 1 1
   2689   35    2   11 1 1 1
   2690   35    2   12 1 1 1
   2691   35    2   13 1 1 1
   2692   35    2   14 1 1 1
   2693   35    2   15 1 1 1
   2694   35    2   16 1 1 1
   2695   35    2   17 1 1 1
   2696   35    2   18 1 1 1
   2697   35    2   19 1 1 1
   2698   35    2   20 1 1 1
   2699   35    2   21 1 1 1
   2700   35    2   22 1 1 1
   2701   35    2   23 1 1 1
   2702   35    2   24 1 1 1
   2703   35    2   25 1 1 1
   2704   35    2   26 1 1 1
   2705   35    3    1 1 1 1
   2706   35    3    2 1 1 1
   2707   35    3    3 1 1 1
   2708   35    3    4 1 1 1
   2709   35    3    5 1 1 1
   2710   35    3    6 1 1 1
   2711   35    3    7 1 1 1
   2712   35    3    8 1 1 1
   2713   35    3    9 1 1 1
   2714   35    3   10 1 1 1
   2715   35    3   11 1 1 1
   2716   35    3   12 1 1 1
   2717   35    3   13 1 1 1
   2718   35    3   14 1 1 1
   2719   35    3   15 1 1 1
   2720   35    3   16 1 1 1
   2721   35    3   17 1 1 1
   2722   35    3   18 1 1 1
   2723   35    3   19 1 1 1
   2724   35    3   20 1 1 1
   2725   35    3   21 1 1 1
   2726   35    3   22 1 1 1
   2727   35    3   23 1 1 1
   2728   35    3   24 1 1 1
   2729   35    3   25 1 1 1
   2730   35    3   26 1 1 1
   2731   36    1    1 1 1 1
   2732   36    1    2 1 1 1
   2733   36    1    3 1 1 1
   2734   36    1    4 1 1 1
   2735   36    1    5 1 1 1
   2736   36    1    6 1 1 1
   2737   36    1    7 1 1 1
   2738   36    1    8 1 1 1
   2739   36    1    9 1 1 1
   2740   36    1   10 1 1 1
   2741   36    1   11 1 1 1
   2742   36    1   12 1 1 1
   2743   36    1   13 1 1 1
   2744   36    1   14 1 1 1
   2745   36    1   15 1 1 1
   2746   36    1   16 1 1 1
   2747   36    1   17 1 1 1
   2748   36    1   18 1 1 1
   2749   36    1   19 1 1 1
   2750   36    1   20 1 1 1
   2751   36    1   21 1 1 1
   2752   36    1   22 1 1 1
   2753   36    1   23 1 1 1
   2754   36    1   24 1 1 1
   2755   36    1   25 1 1 1
   2756   36    1   26 1 1 1
   2757   36    2    1 1 1 1
   2758   36    2    2 1 1 1
   2759   36    2    3 1 1 1
   2760   36    2    4 1 1 1
   2761   36    2    5 1 1 1
   2762   36    2    6 1 1 1
   2763   36    2    7 1 1 1
   2764   36    2    8 1 1 1
   2765   36    2    9 1 1 1
   2766   36    2   10 1 1 1
   2767   36    2   11 1 1 1
   2768   36    2   12 1 1 1
   2769   36    2   13 1 1 1
   2770   36    2   14 1 1 1
   2771   36    2   15 1 1 1
   2772   36    2   16 1 1 1
   2773   36    2   17 1 1 1
   2774   36    2   18 1 1 1
   2775   36    2   19 1 1 1
   2776   36    2   20 1 1 1
   2777   36    2   21 1 1 1
   2778   36    2   22 1 1 1
   2779   36    2   23 1 1 1
   2780   36    2   24 1 1 1
   2781   36    2   25 1 1 1
   2782   36    2   26 1 1 1
   2783   36    3    1 1 1 1
   2784   36    3    2 1 1 1
   2785   36    3    3 1 1 1
   2786   36    3    4 1 1 1
   2787   36    3    5 1 1 1
   2788   36    3    6 1 1 1
   2789   36    3    7 1 1 1
   2790   36    3    8 1 1 1
   2791   36    3    9 1 1 1
   2792   36    3   10 1 1 1
   2793   36    3   11 1 1 1
   2794   36    3   12 1 1 1
   2795   36    3   13 1 1 1
   2796   36    3   14 1 1 1
   2797   36    3   15 1 1 1
   2798   36    3   16 1 1 1
   2799   36    3   17 1 1 1
   2800   36    3   18 1 1 1
   2801   36    3   19 1 1 1
   2802   36    3   20 1 1 1
   2803   36    3   21 1 1 1
   2804   36    3   22 1 1 1
   2805   36    3   23 1 1 1
   2806   36    3   24 1 1 1
   2807   36    3   25 1 1 1
   2808   36    3   26 1 1 1
   2809   37    1    1 1 1 1
   2810   37    1    2 1 1 1
   2811   37    1    3 1 1 1
   2812   37    1    4 1 1 1
   2813   37    1    5 1 1 1
   2814   37    1    6 1 1 1
   2815   37    1    7 1 1 1
   2816   37    1    8 1 1 1
   2817   37    1    9 1 1 1
   2818   37    1   10 1 1 1
   2819   37    1   11 1 1 1
   2820   37    1   12 1 1 1
   2821   37    1   13 1 1 1
   2822   37    1   14 1 1 1
   2823   37    1   15 1 1 1
   2824   37    1   16 1 1 1
   2825   37    1   17 1 1 1
   2826   37    1   18 1 1 1
   2827   37    1   19 1 1 1
   2828   37    1   20 1 1 1
   2829   37    1   21 1 1 1
   2830   37    1   22 1 1 1
   2831   37    1   23 1 1 1
   2832   37    1   24 1 1 1
   2833   37    1   25 1 1 1
   2834   37    1   26 1 1 1
   2835   37    2    1 1 1 1
   2836   37    2    2 1 1 1
   2837   37    2    3 1 1 1
   2838   37    2    4 1 1 1
   2839   37    2    5 1 1 1
   2840   37    2    6 1 1 1
   2841   37    2    7 1 1 1
   2842   37    2    8 1 1 1
   2843   37    2    9 1 1 1
   2844   37    2   10 1 1 1
   2845   37    2   11 1 1 1
   2846   37    2   12 1 1 1
   2847   37    2   13 1 1 1
   2848   37    2   14 1 1 1
   2849   37    2   15 1 1 1
   2850   37    2   16 1 1 1
   2851   37    2   17 1 1 1
   2852   37    2   18 1 1 1
   2853   37    2   19 1 1 1
   2854   37    2   20 1 1 1
   2855   37    2   21 1 1 1
   2856   37    2   22 1 1 1
   2857   37    2   23 1 1 1
   2858   37    2   24 1 1 1
   2859   37    2   25 1 1 1
   2860   37    2   26 1 1 1
   2861   37    3    1 1 1 1
   2862   37    3    2 1 1 1
   2863   37    3    3 1 1 1
   2864   37    3    4 1 1 1
   2865   37    3    5 1 1 1
   2866   37    3    6 1 1 1
   2867   37    3    7 1 1 1
   2868   37    3    8 1 1 1
   2869   37    3    9 1 1 1
   2870   37    3   10 1 1 1
   2871   37    3   11 1 1 1
   2872   37    3   12 1 1 1
   2873   37    3   13 1 1 1
   2874   37    3   14 1 1 1
   2875   37    3   15 1 1 1
   2876   37    3   16 1 1 1
   2877   37    3   17 1 1 1
   2878   37    3   18 1 1 1
   2879   37    3   19 1 1 1
   2880   37    3   20 1 1 1
   2881   37    3   21 1 1 1
   2882   37    3   22 1 1 1
   2883   37    3   23 1 1 1
   2884   37    3   24 1 1 1
   2885   37    3   25 1 1 1
   2886   37    3   26 1 1 1
   2887   38    1    1 1 1 1
   2888   38    1    2 1 1 1
   2889   38    1    3 1 1 1
   2890   38    1    4 1 1 1
   2891   38    1    5 1 1 1
   2892   38    1    6 1 1 1
   2893   38    1    7 1 1 1
   2894   38    1    8 1 1 1
   2895   38    1    9 1 1 1
   2896   38    1   10 1 1 1
   2897   38    1   11 1 1 1
   2898   38    1   12 1 1 1
   2899   38    1   13 1 1 1
   2900   38    1   14 1 1 1
   2901   38    1   15 1 1 1
   2902   38    1   16 1 1 1
   2903   38    1   17 1 1 1
   2904   38    1   18 1 1 1
   2905   38    1   19 1 1 1
   2906   38    1   20 1 1 1
   2907   38    1   21 1 1 1
   2908   38    1   22 1 1 1
   2909   38    1   23 1 1 1
   2910   38    1   24 1 1 1
   2911   38    1   25 1 1 1
   2912   38    1   26 1 1 1
   2913   38    2    1 1 1 1
   2914   38    2    2 1 1 1
   2915   38    2    3 1 1 1
   2916   38    2    4 1 1 1
   2917   38    2    5 1 1 1
   2918   38    2    6 1 1 1
   2919   38    2    7 1 1 1
   2920   38    2    8 1 1 1
   2921   38    2    9 1 1 1
   2922   38    2   10 1 1 1
   2923   38    2   11 1 1 1
   2924   38    2   12 1 1 1
   2925   38    2   13 1 1 1
   2926   38    2   14 1 1 1
   2927   38    2   15 1 1 1
   2928   38    2   16 1 1 1
   2929   38    2   17 1 1 1
   2930   38    2   18 1 1 1
   2931   38    2   19 1 1 1
   2932   38    2   20 1 1 1
   2933   38    2   21 1 1 1
   2934   38    2   22 1 1 1
   2935   38    2   23 1 1 1
   2936   38    2   24 1 1 1
   2937   38    2   25 1 1 1
   2938   38    2   26 1 1 1
   2939   38    3    1 1 1 1
   2940   38    3    2 1 1 1
   2941   38    3    3 1 1 1
   2942   38    3    4 1 1 1
   2943   38    3    5 1 1 1
   2944   38    3    6 1 1 1
   2945   38    3    7 1 1 1
   2946   38    3    8 1 1 1
   2947   38    3    9 1 1 1
   2948   38    3   10 1 1 1
   2949   38    3   11 1 1 1
   2950   38    3   12 1 1 1
   2951   38    3   13 1 1 1
   2952   38    3   14 1 1 1
   2953   38    3   15 1 1 1
   2954   38    3   16 1 1 1
   2955   38    3   17 1 1 1
   2956   38    3   18 1 1 1
   2957   38    3   19 1 1 1
   2958   38    3   20 1 1 1
   2959   38    3   21 1 1 1
   2960   38    3   22 1 1 1
   2961   38    3   23 1 1 1
   2962   38    3   24 1 1 1
   2963   38    3   25 1 1 1
   2964   38    3   26 1 1 1
