 >REASHP: option FROM_FILE
      2295 = NAT
  1.000000  0.000000  0.000000 = A_1 vector
  0.000000  1.000000  0.000000 = A_2 vector
  1.000000  1.000000  1.000000 = lattice spacings (d_x,d_y,d_z)/d
  -0.04205  -0.08180  -0.07215 = lattice offset x0(1-3) = (x_TF,y_TF,z_TF)/d for dipole 0 0 0
     JA  IX  IY  IZ ICOMP(x,y,z)
      1    1    1    1 1 1 1
      2    1    1    2 1 1 1
      3    1    1    3 1 1 1
      4    1    1    4 1 1 1
      5    1    1    5 1 1 1
      6    1    1    6 1 1 1
      7    1    1    7 1 1 1
      8    1    1    8 1 1 1
      9    1    1    9 1 1 1
     10    1    1   10 1 1 1
     11    1    1   11 1 1 1
     12    1    1   12 1 1 1
     13    1    1   13 1 1 1
     14    1    1   14 1 1 1
     15    1    1   15 1 1 1
     16    1    2    1 1 1 1
     17    1    2    2 1 1 1
     18    1    2    3 1 1 1
     19    1    2    4 1 1 1
     20    1    2    5 1 1 1
     21    1    2    6 1 1 1
     22    1    2    7 1 1 1
     23    1    2    8 1 1 1
     24    1    2    9 1 1 1
     25    1    2   10 1 1 1
     26    1    2   11 1 1 1
     27    1    2   12 1 1 1
     28    1    2   13 1 1 1
     29    1    2   14 1 1 1
     30    1    2   15 1 1 1
     31    1    3    1 1 1 1
     32    1    3    2 1 1 1
     33    1    3    3 1 1 1
     34    1    3    4 1 1 1
     35    1    3    5 1 1 1
     36    1    3    6 1 1 1
     37    1    3    7 1 1 1
     38    1    3    8 1 1 1
     39    1    3    9 1 1 1
     40    1    3   10 1 1 1
     41    1    3   11 1 1 1
     42    1    3   12 1 1 1
     43    1    3   13 1 1 1
     44    1    3   14 1 1 1
     45    1    3   15 1 1 1
     46    1    4    1 1 1 1
     47    1    4    2 1 1 1
     48    1    4    3 1 1 1
     49    1    4    4 1 1 1
     50    1    4    5 1 1 1
     51    1    4    6 1 1 1
     52    1    4    7 1 1 1
     53    1    4    8 1 1 1
     54    1    4    9 1 1 1
     55    1    4   10 1 1 1
     56    1    4   11 1 1 1
     57    1    4   12 1 1 1
     58    1    4   13 1 1 1
     59    1    4   14 1 1 1
     60    1    4   15 1 1 1
     61    1    5    1 1 1 1
     62    1    5    2 1 1 1
     63    1    5    3 1 1 1
     64    1    5    4 1 1 1
     65    1    5    5 1 1 1
     66    1    5    6 1 1 1
     67    1    5    7 1 1 1
     68    1    5    8 1 1 1
     69    1    5    9 1 1 1
     70    1    5   10 1 1 1
     71    1    5   11 1 1 1
     72    1    5   12 1 1 1
     73    1    5   13 1 1 1
     74    1    5   14 1 1 1
     75    1    5   15 1 1 1
     76    1    6    1 1 1 1
     77    1    6    2 1 1 1
     78    1    6    3 1 1 1
     79    1    6    4 1 1 1
     80    1    6    5 1 1 1
     81    1    6    6 1 1 1
     82    1    6    7 1 1 1
     83    1    6    8 1 1 1
     84    1    6    9 1 1 1
     85    1    6   10 1 1 1
     86    1    6   11 1 1 1
     87    1    6   12 1 1 1
     88    1    6   13 1 1 1
     89    1    6   14 1 1 1
     90    1    6   15 1 1 1
     91    1    7    1 1 1 1
     92    1    7    2 1 1 1
     93    1    7    3 1 1 1
     94    1    7    4 1 1 1
     95    1    7    5 1 1 1
     96    1    7    6 1 1 1
     97    1    7    7 1 1 1
     98    1    7    8 1 1 1
     99    1    7    9 1 1 1
    100    1    7   10 1 1 1
    101    1    7   11 1 1 1
    102    1    7   12 1 1 1
    103    1    7   13 1 1 1
    104    1    7   14 1 1 1
    105    1    7   15 1 1 1
    106    1    8    1 1 1 1
    107    1    8    2 1 1 1
    108    1    8    3 1 1 1
    109    1    8    4 1 1 1
    110    1    8    5 1 1 1
    111    1    8    6 1 1 1
    112    1    8    7 1 1 1
    113    1    8    8 1 1 1
    114    1    8    9 1 1 1
    115    1    8   10 1 1 1
    116    1    8   11 1 1 1
    117    1    8   12 1 1 1
    118    1    8   13 1 1 1
    119    1    8   14 1 1 1
    120    1    8   15 1 1 1
    121    1    9    1 1 1 1
    122    1    9    2 1 1 1
    123    1    9    3 1 1 1
    124    1    9    4 1 1 1
    125    1    9    5 1 1 1
    126    1    9    6 1 1 1
    127    1    9    7 1 1 1
    128    1    9    8 1 1 1
    129    1    9    9 1 1 1
    130    1    9   10 1 1 1
    131    1    9   11 1 1 1
    132    1    9   12 1 1 1
    133    1    9   13 1 1 1
    134    1    9   14 1 1 1
    135    1    9   15 1 1 1
    136    1   10    1 1 1 1
    137    1   10    2 1 1 1
    138    1   10    3 1 1 1
    139    1   10    4 1 1 1
    140    1   10    5 1 1 1
    141    1   10    6 1 1 1
    142    1   10    7 1 1 1
    143    1   10    8 1 1 1
    144    1   10    9 1 1 1
    145    1   10   10 1 1 1
    146    1   10   11 1 1 1
    147    1   10   12 1 1 1
    148    1   10   13 1 1 1
    149    1   10   14 1 1 1
    150    1   10   15 1 1 1
    151    1   11    1 1 1 1
    152    1   11    2 1 1 1
    153    1   11    3 1 1 1
    154    1   11    4 1 1 1
    155    1   11    5 1 1 1
    156    1   11    6 1 1 1
    157    1   11    7 1 1 1
    158    1   11    8 1 1 1
    159    1   11    9 1 1 1
    160    1   11   10 1 1 1
    161    1   11   11 1 1 1
    162    1   11   12 1 1 1
    163    1   11   13 1 1 1
    164    1   11   14 1 1 1
    165    1   11   15 1 1 1
    166    1   12    1 1 1 1
    167    1   12    2 1 1 1
    168    1   12    3 1 1 1
    169    1   12    4 1 1 1
    170    1   12    5 1 1 1
    171    1   12    6 1 1 1
    172    1   12    7 1 1 1
    173    1   12    8 1 1 1
    174    1   12    9 1 1 1
    175    1   12   10 1 1 1
    176    1   12   11 1 1 1
    177    1   12   12 1 1 1
    178    1   12   13 1 1 1
    179    1   12   14 1 1 1
    180    1   12   15 1 1 1
    181    1   13    1 1 1 1
    182    1   13    2 1 1 1
    183    1   13    3 1 1 1
    184    1   13    4 1 1 1
    185    1   13    5 1 1 1
    186    1   13    6 1 1 1
    187    1   13    7 1 1 1
    188    1   13    8 1 1 1
    189    1   13    9 1 1 1
    190    1   13   10 1 1 1
    191    1   13   11 1 1 1
    192    1   13   12 1 1 1
    193    1   13   13 1 1 1
    194    1   13   14 1 1 1
    195    1   13   15 1 1 1
    196    1   14    1 1 1 1
    197    1   14    2 1 1 1
    198    1   14    3 1 1 1
    199    1   14    4 1 1 1
    200    1   14    5 1 1 1
    201    1   14    6 1 1 1
    202    1   14    7 1 1 1
    203    1   14    8 1 1 1
    204    1   14    9 1 1 1
    205    1   14   10 1 1 1
    206    1   14   11 1 1 1
    207    1   14   12 1 1 1
    208    1   14   13 1 1 1
    209    1   14   14 1 1 1
    210    1   14   15 1 1 1
    211    1   15    1 1 1 1
    212    1   15    2 1 1 1
    213    1   15    3 1 1 1
    214    1   15    4 1 1 1
    215    1   15    5 1 1 1
    216    1   15    6 1 1 1
    217    1   15    7 1 1 1
    218    1   15    8 1 1 1
    219    1   15    9 1 1 1
    220    1   15   10 1 1 1
    221    1   15   11 1 1 1
    222    1   15   12 1 1 1
    223    1   15   13 1 1 1
    224    1   15   14 1 1 1
    225    1   15   15 1 1 1
    226    1   16    1 1 1 1
    227    1   16    2 1 1 1
    228    1   16    3 1 1 1
    229    1   16    4 1 1 1
    230    1   16    5 1 1 1
    231    1   16    6 1 1 1
    232    1   16    7 1 1 1
    233    1   16    8 1 1 1
    234    1   16    9 1 1 1
    235    1   16   10 1 1 1
    236    1   16   11 1 1 1
    237    1   16   12 1 1 1
    238    1   16   13 1 1 1
    239    1   16   14 1 1 1
    240    1   16   15 1 1 1
    241    1   17    1 1 1 1
    242    1   17    2 1 1 1
    243    1   17    3 1 1 1
    244    1   17    4 1 1 1
    245    1   17    5 1 1 1
    246    1   17    6 1 1 1
    247    1   17    7 1 1 1
    248    1   17    8 1 1 1
    249    1   17    9 1 1 1
    250    1   17   10 1 1 1
    251    1   17   11 1 1 1
    252    1   17   12 1 1 1
    253    1   17   13 1 1 1
    254    1   17   14 1 1 1
    255    1   17   15 1 1 1
    256    2    1    1 1 1 1
    257    2    1    2 1 1 1
    258    2    1    3 1 1 1
    259    2    1    4 1 1 1
    260    2    1    5 1 1 1
    261    2    1    6 1 1 1
    262    2    1    7 1 1 1
    263    2    1    8 1 1 1
    264    2    1    9 1 1 1
    265    2    1   10 1 1 1
    266    2    1   11 1 1 1
    267    2    1   12 1 1 1
    268    2    1   13 1 1 1
    269    2    1   14 1 1 1
    270    2    1   15 1 1 1
    271    2    2    1 1 1 1
    272    2    2    2 1 1 1
    273    2    2    3 1 1 1
    274    2    2    4 1 1 1
    275    2    2    5 1 1 1
    276    2    2    6 1 1 1
    277    2    2    7 1 1 1
    278    2    2    8 1 1 1
    279    2    2    9 1 1 1
    280    2    2   10 1 1 1
    281    2    2   11 1 1 1
    282    2    2   12 1 1 1
    283    2    2   13 1 1 1
    284    2    2   14 1 1 1
    285    2    2   15 1 1 1
    286    2    3    1 1 1 1
    287    2    3    2 1 1 1
    288    2    3    3 1 1 1
    289    2    3    4 1 1 1
    290    2    3    5 1 1 1
    291    2    3    6 1 1 1
    292    2    3    7 1 1 1
    293    2    3    8 1 1 1
    294    2    3    9 1 1 1
    295    2    3   10 1 1 1
    296    2    3   11 1 1 1
    297    2    3   12 1 1 1
    298    2    3   13 1 1 1
    299    2    3   14 1 1 1
    300    2    3   15 1 1 1
    301    2    4    1 1 1 1
    302    2    4    2 1 1 1
    303    2    4    3 1 1 1
    304    2    4    4 1 1 1
    305    2    4    5 1 1 1
    306    2    4    6 1 1 1
    307    2    4    7 1 1 1
    308    2    4    8 1 1 1
    309    2    4    9 1 1 1
    310    2    4   10 1 1 1
    311    2    4   11 1 1 1
    312    2    4   12 1 1 1
    313    2    4   13 1 1 1
    314    2    4   14 1 1 1
    315    2    4   15 1 1 1
    316    2    5    1 1 1 1
    317    2    5    2 1 1 1
    318    2    5    3 1 1 1
    319    2    5    4 1 1 1
    320    2    5    5 1 1 1
    321    2    5    6 1 1 1
    322    2    5    7 1 1 1
    323    2    5    8 1 1 1
    324    2    5    9 1 1 1
    325    2    5   10 1 1 1
    326    2    5   11 1 1 1
    327    2    5   12 1 1 1
    328    2    5   13 1 1 1
    329    2    5   14 1 1 1
    330    2    5   15 1 1 1
    331    2    6    1 1 1 1
    332    2    6    2 1 1 1
    333    2    6    3 1 1 1
    334    2    6    4 1 1 1
    335    2    6    5 1 1 1
    336    2    6    6 1 1 1
    337    2    6    7 1 1 1
    338    2    6    8 1 1 1
    339    2    6    9 1 1 1
    340    2    6   10 1 1 1
    341    2    6   11 1 1 1
    342    2    6   12 1 1 1
    343    2    6   13 1 1 1
    344    2    6   14 1 1 1
    345    2    6   15 1 1 1
    346    2    7    1 1 1 1
    347    2    7    2 1 1 1
    348    2    7    3 1 1 1
    349    2    7    4 1 1 1
    350    2    7    5 1 1 1
    351    2    7    6 1 1 1
    352    2    7    7 1 1 1
    353    2    7    8 1 1 1
    354    2    7    9 1 1 1
    355    2    7   10 1 1 1
    356    2    7   11 1 1 1
    357    2    7   12 1 1 1
    358    2    7   13 1 1 1
    359    2    7   14 1 1 1
    360    2    7   15 1 1 1
    361    2    8    1 1 1 1
    362    2    8    2 1 1 1
    363    2    8    3 1 1 1
    364    2    8    4 1 1 1
    365    2    8    5 1 1 1
    366    2    8    6 1 1 1
    367    2    8    7 1 1 1
    368    2    8    8 1 1 1
    369    2    8    9 1 1 1
    370    2    8   10 1 1 1
    371    2    8   11 1 1 1
    372    2    8   12 1 1 1
    373    2    8   13 1 1 1
    374    2    8   14 1 1 1
    375    2    8   15 1 1 1
    376    2    9    1 1 1 1
    377    2    9    2 1 1 1
    378    2    9    3 1 1 1
    379    2    9    4 1 1 1
    380    2    9    5 1 1 1
    381    2    9    6 1 1 1
    382    2    9    7 1 1 1
    383    2    9    8 1 1 1
    384    2    9    9 1 1 1
    385    2    9   10 1 1 1
    386    2    9   11 1 1 1
    387    2    9   12 1 1 1
    388    2    9   13 1 1 1
    389    2    9   14 1 1 1
    390    2    9   15 1 1 1
    391    2   10    1 1 1 1
    392    2   10    2 1 1 1
    393    2   10    3 1 1 1
    394    2   10    4 1 1 1
    395    2   10    5 1 1 1
    396    2   10    6 1 1 1
    397    2   10    7 1 1 1
    398    2   10    8 1 1 1
    399    2   10    9 1 1 1
    400    2   10   10 1 1 1
    401    2   10   11 1 1 1
    402    2   10   12 1 1 1
    403    2   10   13 1 1 1
    404    2   10   14 1 1 1
    405    2   10   15 1 1 1
    406    2   11    1 1 1 1
    407    2   11    2 1 1 1
    408    2   11    3 1 1 1
    409    2   11    4 1 1 1
    410    2   11    5 1 1 1
    411    2   11    6 1 1 1
    412    2   11    7 1 1 1
    413    2   11    8 1 1 1
    414    2   11    9 1 1 1
    415    2   11   10 1 1 1
    416    2   11   11 1 1 1
    417    2   11   12 1 1 1
    418    2   11   13 1 1 1
    419    2   11   14 1 1 1
    420    2   11   15 1 1 1
    421    2   12    1 1 1 1
    422    2   12    2 1 1 1
    423    2   12    3 1 1 1
    424    2   12    4 1 1 1
    425    2   12    5 1 1 1
    426    2   12    6 1 1 1
    427    2   12    7 1 1 1
    428    2   12    8 1 1 1
    429    2   12    9 1 1 1
    430    2   12   10 1 1 1
    431    2   12   11 1 1 1
    432    2   12   12 1 1 1
    433    2   12   13 1 1 1
    434    2   12   14 1 1 1
    435    2   12   15 1 1 1
    436    2   13    1 1 1 1
    437    2   13    2 1 1 1
    438    2   13    3 1 1 1
    439    2   13    4 1 1 1
    440    2   13    5 1 1 1
    441    2   13    6 1 1 1
    442    2   13    7 1 1 1
    443    2   13    8 1 1 1
    444    2   13    9 1 1 1
    445    2   13   10 1 1 1
    446    2   13   11 1 1 1
    447    2   13   12 1 1 1
    448    2   13   13 1 1 1
    449    2   13   14 1 1 1
    450    2   13   15 1 1 1
    451    2   14    1 1 1 1
    452    2   14    2 1 1 1
    453    2   14    3 1 1 1
    454    2   14    4 1 1 1
    455    2   14    5 1 1 1
    456    2   14    6 1 1 1
    457    2   14    7 1 1 1
    458    2   14    8 1 1 1
    459    2   14    9 1 1 1
    460    2   14   10 1 1 1
    461    2   14   11 1 1 1
    462    2   14   12 1 1 1
    463    2   14   13 1 1 1
    464    2   14   14 1 1 1
    465    2   14   15 1 1 1
    466    2   15    1 1 1 1
    467    2   15    2 1 1 1
    468    2   15    3 1 1 1
    469    2   15    4 1 1 1
    470    2   15    5 1 1 1
    471    2   15    6 1 1 1
    472    2   15    7 1 1 1
    473    2   15    8 1 1 1
    474    2   15    9 1 1 1
    475    2   15   10 1 1 1
    476    2   15   11 1 1 1
    477    2   15   12 1 1 1
    478    2   15   13 1 1 1
    479    2   15   14 1 1 1
    480    2   15   15 1 1 1
    481    2   16    1 1 1 1
    482    2   16    2 1 1 1
    483    2   16    3 1 1 1
    484    2   16    4 1 1 1
    485    2   16    5 1 1 1
    486    2   16    6 1 1 1
    487    2   16    7 1 1 1
    488    2   16    8 1 1 1
    489    2   16    9 1 1 1
    490    2   16   10 1 1 1
    491    2   16   11 1 1 1
    492    2   16   12 1 1 1
    493    2   16   13 1 1 1
    494    2   16   14 1 1 1
    495    2   16   15 1 1 1
    496    2   17    1 1 1 1
    497    2   17    2 1 1 1
    498    2   17    3 1 1 1
    499    2   17    4 1 1 1
    500    2   17    5 1 1 1
    501    2   17    6 1 1 1
    502    2   17    7 1 1 1
    503    2   17    8 1 1 1
    504    2   17    9 1 1 1
    505    2   17   10 1 1 1
    506    2   17   11 1 1 1
    507    2   17   12 1 1 1
    508    2   17   13 1 1 1
    509    2   17   14 1 1 1
    510    2   17   15 1 1 1
    511    3    1    1 1 1 1
    512    3    1    2 1 1 1
    513    3    1    3 1 1 1
    514    3    1    4 1 1 1
    515    3    1    5 1 1 1
    516    3    1    6 1 1 1
    517    3    1    7 1 1 1
    518    3    1    8 1 1 1
    519    3    1    9 1 1 1
    520    3    1   10 1 1 1
    521    3    1   11 1 1 1
    522    3    1   12 1 1 1
    523    3    1   13 1 1 1
    524    3    1   14 1 1 1
    525    3    1   15 1 1 1
    526    3    2    1 1 1 1
    527    3    2    2 1 1 1
    528    3    2    3 1 1 1
    529    3    2    4 1 1 1
    530    3    2    5 1 1 1
    531    3    2    6 1 1 1
    532    3    2    7 1 1 1
    533    3    2    8 1 1 1
    534    3    2    9 1 1 1
    535    3    2   10 1 1 1
    536    3    2   11 1 1 1
    537    3    2   12 1 1 1
    538    3    2   13 1 1 1
    539    3    2   14 1 1 1
    540    3    2   15 1 1 1
    541    3    3    1 1 1 1
    542    3    3    2 1 1 1
    543    3    3    3 1 1 1
    544    3    3    4 1 1 1
    545    3    3    5 1 1 1
    546    3    3    6 1 1 1
    547    3    3    7 1 1 1
    548    3    3    8 1 1 1
    549    3    3    9 1 1 1
    550    3    3   10 1 1 1
    551    3    3   11 1 1 1
    552    3    3   12 1 1 1
    553    3    3   13 1 1 1
    554    3    3   14 1 1 1
    555    3    3   15 1 1 1
    556    3    4    1 1 1 1
    557    3    4    2 1 1 1
    558    3    4    3 1 1 1
    559    3    4    4 1 1 1
    560    3    4    5 1 1 1
    561    3    4    6 1 1 1
    562    3    4    7 1 1 1
    563    3    4    8 1 1 1
    564    3    4    9 1 1 1
    565    3    4   10 1 1 1
    566    3    4   11 1 1 1
    567    3    4   12 1 1 1
    568    3    4   13 1 1 1
    569    3    4   14 1 1 1
    570    3    4   15 1 1 1
    571    3    5    1 1 1 1
    572    3    5    2 1 1 1
    573    3    5    3 1 1 1
    574    3    5    4 1 1 1
    575    3    5    5 1 1 1
    576    3    5    6 1 1 1
    577    3    5    7 1 1 1
    578    3    5    8 1 1 1
    579    3    5    9 1 1 1
    580    3    5   10 1 1 1
    581    3    5   11 1 1 1
    582    3    5   12 1 1 1
    583    3    5   13 1 1 1
    584    3    5   14 1 1 1
    585    3    5   15 1 1 1
    586    3    6    1 1 1 1
    587    3    6    2 1 1 1
    588    3    6    3 1 1 1
    589    3    6    4 1 1 1
    590    3    6    5 1 1 1
    591    3    6    6 1 1 1
    592    3    6    7 1 1 1
    593    3    6    8 1 1 1
    594    3    6    9 1 1 1
    595    3    6   10 1 1 1
    596    3    6   11 1 1 1
    597    3    6   12 1 1 1
    598    3    6   13 1 1 1
    599    3    6   14 1 1 1
    600    3    6   15 1 1 1
    601    3    7    1 1 1 1
    602    3    7    2 1 1 1
    603    3    7    3 1 1 1
    604    3    7    4 1 1 1
    605    3    7    5 1 1 1
    606    3    7    6 1 1 1
    607    3    7    7 1 1 1
    608    3    7    8 1 1 1
    609    3    7    9 1 1 1
    610    3    7   10 1 1 1
    611    3    7   11 1 1 1
    612    3    7   12 1 1 1
    613    3    7   13 1 1 1
    614    3    7   14 1 1 1
    615    3    7   15 1 1 1
    616    3    8    1 1 1 1
    617    3    8    2 1 1 1
    618    3    8    3 1 1 1
    619    3    8    4 1 1 1
    620    3    8    5 1 1 1
    621    3    8    6 1 1 1
    622    3    8    7 1 1 1
    623    3    8    8 1 1 1
    624    3    8    9 1 1 1
    625    3    8   10 1 1 1
    626    3    8   11 1 1 1
    627    3    8   12 1 1 1
    628    3    8   13 1 1 1
    629    3    8   14 1 1 1
    630    3    8   15 1 1 1
    631    3    9    1 1 1 1
    632    3    9    2 1 1 1
    633    3    9    3 1 1 1
    634    3    9    4 1 1 1
    635    3    9    5 1 1 1
    636    3    9    6 1 1 1
    637    3    9    7 1 1 1
    638    3    9    8 1 1 1
    639    3    9    9 1 1 1
    640    3    9   10 1 1 1
    641    3    9   11 1 1 1
    642    3    9   12 1 1 1
    643    3    9   13 1 1 1
    644    3    9   14 1 1 1
    645    3    9   15 1 1 1
    646    3   10    1 1 1 1
    647    3   10    2 1 1 1
    648    3   10    3 1 1 1
    649    3   10    4 1 1 1
    650    3   10    5 1 1 1
    651    3   10    6 1 1 1
    652    3   10    7 1 1 1
    653    3   10    8 1 1 1
    654    3   10    9 1 1 1
    655    3   10   10 1 1 1
    656    3   10   11 1 1 1
    657    3   10   12 1 1 1
    658    3   10   13 1 1 1
    659    3   10   14 1 1 1
    660    3   10   15 1 1 1
    661    3   11    1 1 1 1
    662    3   11    2 1 1 1
    663    3   11    3 1 1 1
    664    3   11    4 1 1 1
    665    3   11    5 1 1 1
    666    3   11    6 1 1 1
    667    3   11    7 1 1 1
    668    3   11    8 1 1 1
    669    3   11    9 1 1 1
    670    3   11   10 1 1 1
    671    3   11   11 1 1 1
    672    3   11   12 1 1 1
    673    3   11   13 1 1 1
    674    3   11   14 1 1 1
    675    3   11   15 1 1 1
    676    3   12    1 1 1 1
    677    3   12    2 1 1 1
    678    3   12    3 1 1 1
    679    3   12    4 1 1 1
    680    3   12    5 1 1 1
    681    3   12    6 1 1 1
    682    3   12    7 1 1 1
    683    3   12    8 1 1 1
    684    3   12    9 1 1 1
    685    3   12   10 1 1 1
    686    3   12   11 1 1 1
    687    3   12   12 1 1 1
    688    3   12   13 1 1 1
    689    3   12   14 1 1 1
    690    3   12   15 1 1 1
    691    3   13    1 1 1 1
    692    3   13    2 1 1 1
    693    3   13    3 1 1 1
    694    3   13    4 1 1 1
    695    3   13    5 1 1 1
    696    3   13    6 1 1 1
    697    3   13    7 1 1 1
    698    3   13    8 1 1 1
    699    3   13    9 1 1 1
    700    3   13   10 1 1 1
    701    3   13   11 1 1 1
    702    3   13   12 1 1 1
    703    3   13   13 1 1 1
    704    3   13   14 1 1 1
    705    3   13   15 1 1 1
    706    3   14    1 1 1 1
    707    3   14    2 1 1 1
    708    3   14    3 1 1 1
    709    3   14    4 1 1 1
    710    3   14    5 1 1 1
    711    3   14    6 1 1 1
    712    3   14    7 1 1 1
    713    3   14    8 1 1 1
    714    3   14    9 1 1 1
    715    3   14   10 1 1 1
    716    3   14   11 1 1 1
    717    3   14   12 1 1 1
    718    3   14   13 1 1 1
    719    3   14   14 1 1 1
    720    3   14   15 1 1 1
    721    3   15    1 1 1 1
    722    3   15    2 1 1 1
    723    3   15    3 1 1 1
    724    3   15    4 1 1 1
    725    3   15    5 1 1 1
    726    3   15    6 1 1 1
    727    3   15    7 1 1 1
    728    3   15    8 1 1 1
    729    3   15    9 1 1 1
    730    3   15   10 1 1 1
    731    3   15   11 1 1 1
    732    3   15   12 1 1 1
    733    3   15   13 1 1 1
    734    3   15   14 1 1 1
    735    3   15   15 1 1 1
    736    3   16    1 1 1 1
    737    3   16    2 1 1 1
    738    3   16    3 1 1 1
    739    3   16    4 1 1 1
    740    3   16    5 1 1 1
    741    3   16    6 1 1 1
    742    3   16    7 1 1 1
    743    3   16    8 1 1 1
    744    3   16    9 1 1 1
    745    3   16   10 1 1 1
    746    3   16   11 1 1 1
    747    3   16   12 1 1 1
    748    3   16   13 1 1 1
    749    3   16   14 1 1 1
    750    3   16   15 1 1 1
    751    3   17    1 1 1 1
    752    3   17    2 1 1 1
    753    3   17    3 1 1 1
    754    3   17    4 1 1 1
    755    3   17    5 1 1 1
    756    3   17    6 1 1 1
    757    3   17    7 1 1 1
    758    3   17    8 1 1 1
    759    3   17    9 1 1 1
    760    3   17   10 1 1 1
    761    3   17   11 1 1 1
    762    3   17   12 1 1 1
    763    3   17   13 1 1 1
    764    3   17   14 1 1 1
    765    3   17   15 1 1 1
    766    4    1    1 1 1 1
    767    4    1    2 1 1 1
    768    4    1    3 1 1 1
    769    4    1    4 1 1 1
    770    4    1    5 1 1 1
    771    4    1    6 1 1 1
    772    4    1    7 1 1 1
    773    4    1    8 1 1 1
    774    4    1    9 1 1 1
    775    4    1   10 1 1 1
    776    4    1   11 1 1 1
    777    4    1   12 1 1 1
    778    4    1   13 1 1 1
    779    4    1   14 1 1 1
    780    4    1   15 1 1 1
    781    4    2    1 1 1 1
    782    4    2    2 1 1 1
    783    4    2    3 1 1 1
    784    4    2    4 1 1 1
    785    4    2    5 1 1 1
    786    4    2    6 1 1 1
    787    4    2    7 1 1 1
    788    4    2    8 1 1 1
    789    4    2    9 1 1 1
    790    4    2   10 1 1 1
    791    4    2   11 1 1 1
    792    4    2   12 1 1 1
    793    4    2   13 1 1 1
    794    4    2   14 1 1 1
    795    4    2   15 1 1 1
    796    4    3    1 1 1 1
    797    4    3    2 1 1 1
    798    4    3    3 1 1 1
    799    4    3    4 1 1 1
    800    4    3    5 1 1 1
    801    4    3    6 1 1 1
    802    4    3    7 1 1 1
    803    4    3    8 1 1 1
    804    4    3    9 1 1 1
    805    4    3   10 1 1 1
    806    4    3   11 1 1 1
    807    4    3   12 1 1 1
    808    4    3   13 1 1 1
    809    4    3   14 1 1 1
    810    4    3   15 1 1 1
    811    4    4    1 1 1 1
    812    4    4    2 1 1 1
    813    4    4    3 1 1 1
    814    4    4    4 1 1 1
    815    4    4    5 1 1 1
    816    4    4    6 1 1 1
    817    4    4    7 1 1 1
    818    4    4    8 1 1 1
    819    4    4    9 1 1 1
    820    4    4   10 1 1 1
    821    4    4   11 1 1 1
    822    4    4   12 1 1 1
    823    4    4   13 1 1 1
    824    4    4   14 1 1 1
    825    4    4   15 1 1 1
    826    4    5    1 1 1 1
    827    4    5    2 1 1 1
    828    4    5    3 1 1 1
    829    4    5    4 1 1 1
    830    4    5    5 1 1 1
    831    4    5    6 1 1 1
    832    4    5    7 1 1 1
    833    4    5    8 1 1 1
    834    4    5    9 1 1 1
    835    4    5   10 1 1 1
    836    4    5   11 1 1 1
    837    4    5   12 1 1 1
    838    4    5   13 1 1 1
    839    4    5   14 1 1 1
    840    4    5   15 1 1 1
    841    4    6    1 1 1 1
    842    4    6    2 1 1 1
    843    4    6    3 1 1 1
    844    4    6    4 1 1 1
    845    4    6    5 1 1 1
    846    4    6    6 1 1 1
    847    4    6    7 1 1 1
    848    4    6    8 1 1 1
    849    4    6    9 1 1 1
    850    4    6   10 1 1 1
    851    4    6   11 1 1 1
    852    4    6   12 1 1 1
    853    4    6   13 1 1 1
    854    4    6   14 1 1 1
    855    4    6   15 1 1 1
    856    4    7    1 1 1 1
    857    4    7    2 1 1 1
    858    4    7    3 1 1 1
    859    4    7    4 1 1 1
    860    4    7    5 1 1 1
    861    4    7    6 1 1 1
    862    4    7    7 1 1 1
    863    4    7    8 1 1 1
    864    4    7    9 1 1 1
    865    4    7   10 1 1 1
    866    4    7   11 1 1 1
    867    4    7   12 1 1 1
    868    4    7   13 1 1 1
    869    4    7   14 1 1 1
    870    4    7   15 1 1 1
    871    4    8    1 1 1 1
    872    4    8    2 1 1 1
    873    4    8    3 1 1 1
    874    4    8    4 1 1 1
    875    4    8    5 1 1 1
    876    4    8    6 1 1 1
    877    4    8    7 1 1 1
    878    4    8    8 1 1 1
    879    4    8    9 1 1 1
    880    4    8   10 1 1 1
    881    4    8   11 1 1 1
    882    4    8   12 1 1 1
    883    4    8   13 1 1 1
    884    4    8   14 1 1 1
    885    4    8   15 1 1 1
    886    4    9    1 1 1 1
    887    4    9    2 1 1 1
    888    4    9    3 1 1 1
    889    4    9    4 1 1 1
    890    4    9    5 1 1 1
    891    4    9    6 1 1 1
    892    4    9    7 1 1 1
    893    4    9    8 1 1 1
    894    4    9    9 1 1 1
    895    4    9   10 1 1 1
    896    4    9   11 1 1 1
    897    4    9   12 1 1 1
    898    4    9   13 1 1 1
    899    4    9   14 1 1 1
    900    4    9   15 1 1 1
    901    4   10    1 1 1 1
    902    4   10    2 1 1 1
    903    4   10    3 1 1 1
    904    4   10    4 1 1 1
    905    4   10    5 1 1 1
    906    4   10    6 1 1 1
    907    4   10    7 1 1 1
    908    4   10    8 1 1 1
    909    4   10    9 1 1 1
    910    4   10   10 1 1 1
    911    4   10   11 1 1 1
    912    4   10   12 1 1 1
    913    4   10   13 1 1 1
    914    4   10   14 1 1 1
    915    4   10   15 1 1 1
    916    4   11    1 1 1 1
    917    4   11    2 1 1 1
    918    4   11    3 1 1 1
    919    4   11    4 1 1 1
    920    4   11    5 1 1 1
    921    4   11    6 1 1 1
    922    4   11    7 1 1 1
    923    4   11    8 1 1 1
    924    4   11    9 1 1 1
    925    4   11   10 1 1 1
    926    4   11   11 1 1 1
    927    4   11   12 1 1 1
    928    4   11   13 1 1 1
    929    4   11   14 1 1 1
    930    4   11   15 1 1 1
    931    4   12    1 1 1 1
    932    4   12    2 1 1 1
    933    4   12    3 1 1 1
    934    4   12    4 1 1 1
    935    4   12    5 1 1 1
    936    4   12    6 1 1 1
    937    4   12    7 1 1 1
    938    4   12    8 1 1 1
    939    4   12    9 1 1 1
    940    4   12   10 1 1 1
    941    4   12   11 1 1 1
    942    4   12   12 1 1 1
    943    4   12   13 1 1 1
    944    4   12   14 1 1 1
    945    4   12   15 1 1 1
    946    4   13    1 1 1 1
    947    4   13    2 1 1 1
    948    4   13    3 1 1 1
    949    4   13    4 1 1 1
    950    4   13    5 1 1 1
    951    4   13    6 1 1 1
    952    4   13    7 1 1 1
    953    4   13    8 1 1 1
    954    4   13    9 1 1 1
    955    4   13   10 1 1 1
    956    4   13   11 1 1 1
    957    4   13   12 1 1 1
    958    4   13   13 1 1 1
    959    4   13   14 1 1 1
    960    4   13   15 1 1 1
    961    4   14    1 1 1 1
    962    4   14    2 1 1 1
    963    4   14    3 1 1 1
    964    4   14    4 1 1 1
    965    4   14    5 1 1 1
    966    4   14    6 1 1 1
    967    4   14    7 1 1 1
    968    4   14    8 1 1 1
    969    4   14    9 1 1 1
    970    4   14   10 1 1 1
    971    4   14   11 1 1 1
    972    4   14   12 1 1 1
    973    4   14   13 1 1 1
    974    4   14   14 1 1 1
    975    4   14   15 1 1 1
    976    4   15    1 1 1 1
    977    4   15    2 1 1 1
    978    4   15    3 1 1 1
    979    4   15    4 1 1 1
    980    4   15    5 1 1 1
    981    4   15    6 1 1 1
    982    4   15    7 1 1 1
    983    4   15    8 1 1 1
    984    4   15    9 1 1 1
    985    4   15   10 1 1 1
    986    4   15   11 1 1 1
    987    4   15   12 1 1 1
    988    4   15   13 1 1 1
    989    4   15   14 1 1 1
    990    4   15   15 1 1 1
    991    4   16    1 1 1 1
    992    4   16    2 1 1 1
    993    4   16    3 1 1 1
    994    4   16    4 1 1 1
    995    4   16    5 1 1 1
    996    4   16    6 1 1 1
    997    4   16    7 1 1 1
    998    4   16    8 1 1 1
    999    4   16    9 1 1 1
   1000    4   16   10 1 1 1
   1001    4   16   11 1 1 1
   1002    4   16   12 1 1 1
   1003    4   16   13 1 1 1
   1004    4   16   14 1 1 1
   1005    4   16   15 1 1 1
   1006    4   17    1 1 1 1
   1007    4   17    2 1 1 1
   1008    4   17    3 1 1 1
   1009    4   17    4 1 1 1
   1010    4   17    5 1 1 1
   1011    4   17    6 1 1 1
   1012    4   17    7 1 1 1
   1013    4   17    8 1 1 1
   1014    4   17    9 1 1 1
   1015    4   17   10 1 1 1
   1016    4   17   11 1 1 1
   1017    4   17   12 1 1 1
   1018    4   17   13 1 1 1
   1019    4   17   14 1 1 1
   1020    4   17   15 1 1 1
   1021    5    1    1 1 1 1
   1022    5    1    2 1 1 1
   1023    5    1    3 1 1 1
   1024    5    1    4 1 1 1
   1025    5    1    5 1 1 1
   1026    5    1    6 1 1 1
   1027    5    1    7 1 1 1
   1028    5    1    8 1 1 1
   1029    5    1    9 1 1 1
   1030    5    1   10 1 1 1
   1031    5    1   11 1 1 1
   1032    5    1   12 1 1 1
   1033    5    1   13 1 1 1
   1034    5    1   14 1 1 1
   1035    5    1   15 1 1 1
   1036    5    2    1 1 1 1
   1037    5    2    2 1 1 1
   1038    5    2    3 1 1 1
   1039    5    2    4 1 1 1
   1040    5    2    5 1 1 1
   1041    5    2    6 1 1 1
   1042    5    2    7 1 1 1
   1043    5    2    8 1 1 1
   1044    5    2    9 1 1 1
   1045    5    2   10 1 1 1
   1046    5    2   11 1 1 1
   1047    5    2   12 1 1 1
   1048    5    2   13 1 1 1
   1049    5    2   14 1 1 1
   1050    5    2   15 1 1 1
   1051    5    3    1 1 1 1
   1052    5    3    2 1 1 1
   1053    5    3    3 1 1 1
   1054    5    3    4 1 1 1
   1055    5    3    5 1 1 1
   1056    5    3    6 1 1 1
   1057    5    3    7 1 1 1
   1058    5    3    8 1 1 1
   1059    5    3    9 1 1 1
   1060    5    3   10 1 1 1
   1061    5    3   11 1 1 1
   1062    5    3   12 1 1 1
   1063    5    3   13 1 1 1
   1064    5    3   14 1 1 1
   1065    5    3   15 1 1 1
   1066    5    4    1 1 1 1
   1067    5    4    2 1 1 1
   1068    5    4    3 1 1 1
   1069    5    4    4 1 1 1
   1070    5    4    5 1 1 1
   1071    5    4    6 1 1 1
   1072    5    4    7 1 1 1
   1073    5    4    8 1 1 1
   1074    5    4    9 1 1 1
   1075    5    4   10 1 1 1
   1076    5    4   11 1 1 1
   1077    5    4   12 1 1 1
   1078    5    4   13 1 1 1
   1079    5    4   14 1 1 1
   1080    5    4   15 1 1 1
   1081    5    5    1 1 1 1
   1082    5    5    2 1 1 1
   1083    5    5    3 1 1 1
   1084    5    5    4 1 1 1
   1085    5    5    5 1 1 1
   1086    5    5    6 1 1 1
   1087    5    5    7 1 1 1
   1088    5    5    8 1 1 1
   1089    5    5    9 1 1 1
   1090    5    5   10 1 1 1
   1091    5    5   11 1 1 1
   1092    5    5   12 1 1 1
   1093    5    5   13 1 1 1
   1094    5    5   14 1 1 1
   1095    5    5   15 1 1 1
   1096    5    6    1 1 1 1
   1097    5    6    2 1 1 1
   1098    5    6    3 1 1 1
   1099    5    6    4 1 1 1
   1100    5    6    5 1 1 1
   1101    5    6    6 1 1 1
   1102    5    6    7 1 1 1
   1103    5    6    8 1 1 1
   1104    5    6    9 1 1 1
   1105    5    6   10 1 1 1
   1106    5    6   11 1 1 1
   1107    5    6   12 1 1 1
   1108    5    6   13 1 1 1
   1109    5    6   14 1 1 1
   1110    5    6   15 1 1 1
   1111    5    7    1 1 1 1
   1112    5    7    2 1 1 1
   1113    5    7    3 1 1 1
   1114    5    7    4 1 1 1
   1115    5    7    5 1 1 1
   1116    5    7    6 1 1 1
   1117    5    7    7 1 1 1
   1118    5    7    8 1 1 1
   1119    5    7    9 1 1 1
   1120    5    7   10 1 1 1
   1121    5    7   11 1 1 1
   1122    5    7   12 1 1 1
   1123    5    7   13 1 1 1
   1124    5    7   14 1 1 1
   1125    5    7   15 1 1 1
   1126    5    8    1 1 1 1
   1127    5    8    2 1 1 1
   1128    5    8    3 1 1 1
   1129    5    8    4 1 1 1
   1130    5    8    5 1 1 1
   1131    5    8    6 1 1 1
   1132    5    8    7 1 1 1
   1133    5    8    8 1 1 1
   1134    5    8    9 1 1 1
   1135    5    8   10 1 1 1
   1136    5    8   11 1 1 1
   1137    5    8   12 1 1 1
   1138    5    8   13 1 1 1
   1139    5    8   14 1 1 1
   1140    5    8   15 1 1 1
   1141    5    9    1 1 1 1
   1142    5    9    2 1 1 1
   1143    5    9    3 1 1 1
   1144    5    9    4 1 1 1
   1145    5    9    5 1 1 1
   1146    5    9    6 1 1 1
   1147    5    9    7 1 1 1
   1148    5    9    8 1 1 1
   1149    5    9    9 1 1 1
   1150    5    9   10 1 1 1
   1151    5    9   11 1 1 1
   1152    5    9   12 1 1 1
   1153    5    9   13 1 1 1
   1154    5    9   14 1 1 1
   1155    5    9   15 1 1 1
   1156    5   10    1 1 1 1
   1157    5   10    2 1 1 1
   1158    5   10    3 1 1 1
   1159    5   10    4 1 1 1
   1160    5   10    5 1 1 1
   1161    5   10    6 1 1 1
   1162    5   10    7 1 1 1
   1163    5   10    8 1 1 1
   1164    5   10    9 1 1 1
   1165    5   10   10 1 1 1
   1166    5   10   11 1 1 1
   1167    5   10   12 1 1 1
   1168    5   10   13 1 1 1
   1169    5   10   14 1 1 1
   1170    5   10   15 1 1 1
   1171    5   11    1 1 1 1
   1172    5   11    2 1 1 1
   1173    5   11    3 1 1 1
   1174    5   11    4 1 1 1
   1175    5   11    5 1 1 1
   1176    5   11    6 1 1 1
   1177    5   11    7 1 1 1
   1178    5   11    8 1 1 1
   1179    5   11    9 1 1 1
   1180    5   11   10 1 1 1
   1181    5   11   11 1 1 1
   1182    5   11   12 1 1 1
   1183    5   11   13 1 1 1
   1184    5   11   14 1 1 1
   1185    5   11   15 1 1 1
   1186    5   12    1 1 1 1
   1187    5   12    2 1 1 1
   1188    5   12    3 1 1 1
   1189    5   12    4 1 1 1
   1190    5   12    5 1 1 1
   1191    5   12    6 1 1 1
   1192    5   12    7 1 1 1
   1193    5   12    8 1 1 1
   1194    5   12    9 1 1 1
   1195    5   12   10 1 1 1
   1196    5   12   11 1 1 1
   1197    5   12   12 1 1 1
   1198    5   12   13 1 1 1
   1199    5   12   14 1 1 1
   1200    5   12   15 1 1 1
   1201    5   13    1 1 1 1
   1202    5   13    2 1 1 1
   1203    5   13    3 1 1 1
   1204    5   13    4 1 1 1
   1205    5   13    5 1 1 1
   1206    5   13    6 1 1 1
   1207    5   13    7 1 1 1
   1208    5   13    8 1 1 1
   1209    5   13    9 1 1 1
   1210    5   13   10 1 1 1
   1211    5   13   11 1 1 1
   1212    5   13   12 1 1 1
   1213    5   13   13 1 1 1
   1214    5   13   14 1 1 1
   1215    5   13   15 1 1 1
   1216    5   14    1 1 1 1
   1217    5   14    2 1 1 1
   1218    5   14    3 1 1 1
   1219    5   14    4 1 1 1
   1220    5   14    5 1 1 1
   1221    5   14    6 1 1 1
   1222    5   14    7 1 1 1
   1223    5   14    8 1 1 1
   1224    5   14    9 1 1 1
   1225    5   14   10 1 1 1
   1226    5   14   11 1 1 1
   1227    5   14   12 1 1 1
   1228    5   14   13 1 1 1
   1229    5   14   14 1 1 1
   1230    5   14   15 1 1 1
   1231    5   15    1 1 1 1
   1232    5   15    2 1 1 1
   1233    5   15    3 1 1 1
   1234    5   15    4 1 1 1
   1235    5   15    5 1 1 1
   1236    5   15    6 1 1 1
   1237    5   15    7 1 1 1
   1238    5   15    8 1 1 1
   1239    5   15    9 1 1 1
   1240    5   15   10 1 1 1
   1241    5   15   11 1 1 1
   1242    5   15   12 1 1 1
   1243    5   15   13 1 1 1
   1244    5   15   14 1 1 1
   1245    5   15   15 1 1 1
   1246    5   16    1 1 1 1
   1247    5   16    2 1 1 1
   1248    5   16    3 1 1 1
   1249    5   16    4 1 1 1
   1250    5   16    5 1 1 1
   1251    5   16    6 1 1 1
   1252    5   16    7 1 1 1
   1253    5   16    8 1 1 1
   1254    5   16    9 1 1 1
   1255    5   16   10 1 1 1
   1256    5   16   11 1 1 1
   1257    5   16   12 1 1 1
   1258    5   16   13 1 1 1
   1259    5   16   14 1 1 1
   1260    5   16   15 1 1 1
   1261    5   17    1 1 1 1
   1262    5   17    2 1 1 1
   1263    5   17    3 1 1 1
   1264    5   17    4 1 1 1
   1265    5   17    5 1 1 1
   1266    5   17    6 1 1 1
   1267    5   17    7 1 1 1
   1268    5   17    8 1 1 1
   1269    5   17    9 1 1 1
   1270    5   17   10 1 1 1
   1271    5   17   11 1 1 1
   1272    5   17   12 1 1 1
   1273    5   17   13 1 1 1
   1274    5   17   14 1 1 1
   1275    5   17   15 1 1 1
   1276    6    1    1 1 1 1
   1277    6    1    2 1 1 1
   1278    6    1    3 1 1 1
   1279    6    1    4 1 1 1
   1280    6    1    5 1 1 1
   1281    6    1    6 1 1 1
   1282    6    1    7 1 1 1
   1283    6    1    8 1 1 1
   1284    6    1    9 1 1 1
   1285    6    1   10 1 1 1
   1286    6    1   11 1 1 1
   1287    6    1   12 1 1 1
   1288    6    1   13 1 1 1
   1289    6    1   14 1 1 1
   1290    6    1   15 1 1 1
   1291    6    2    1 1 1 1
   1292    6    2    2 1 1 1
   1293    6    2    3 1 1 1
   1294    6    2    4 1 1 1
   1295    6    2    5 1 1 1
   1296    6    2    6 1 1 1
   1297    6    2    7 1 1 1
   1298    6    2    8 1 1 1
   1299    6    2    9 1 1 1
   1300    6    2   10 1 1 1
   1301    6    2   11 1 1 1
   1302    6    2   12 1 1 1
   1303    6    2   13 1 1 1
   1304    6    2   14 1 1 1
   1305    6    2   15 1 1 1
   1306    6    3    1 1 1 1
   1307    6    3    2 1 1 1
   1308    6    3    3 1 1 1
   1309    6    3    4 1 1 1
   1310    6    3    5 1 1 1
   1311    6    3    6 1 1 1
   1312    6    3    7 1 1 1
   1313    6    3    8 1 1 1
   1314    6    3    9 1 1 1
   1315    6    3   10 1 1 1
   1316    6    3   11 1 1 1
   1317    6    3   12 1 1 1
   1318    6    3   13 1 1 1
   1319    6    3   14 1 1 1
   1320    6    3   15 1 1 1
   1321    6    4    1 1 1 1
   1322    6    4    2 1 1 1
   1323    6    4    3 1 1 1
   1324    6    4    4 1 1 1
   1325    6    4    5 1 1 1
   1326    6    4    6 1 1 1
   1327    6    4    7 1 1 1
   1328    6    4    8 1 1 1
   1329    6    4    9 1 1 1
   1330    6    4   10 1 1 1
   1331    6    4   11 1 1 1
   1332    6    4   12 1 1 1
   1333    6    4   13 1 1 1
   1334    6    4   14 1 1 1
   1335    6    4   15 1 1 1
   1336    6    5    1 1 1 1
   1337    6    5    2 1 1 1
   1338    6    5    3 1 1 1
   1339    6    5    4 1 1 1
   1340    6    5    5 1 1 1
   1341    6    5    6 1 1 1
   1342    6    5    7 1 1 1
   1343    6    5    8 1 1 1
   1344    6    5    9 1 1 1
   1345    6    5   10 1 1 1
   1346    6    5   11 1 1 1
   1347    6    5   12 1 1 1
   1348    6    5   13 1 1 1
   1349    6    5   14 1 1 1
   1350    6    5   15 1 1 1
   1351    6    6    1 1 1 1
   1352    6    6    2 1 1 1
   1353    6    6    3 1 1 1
   1354    6    6    4 1 1 1
   1355    6    6    5 1 1 1
   1356    6    6    6 1 1 1
   1357    6    6    7 1 1 1
   1358    6    6    8 1 1 1
   1359    6    6    9 1 1 1
   1360    6    6   10 1 1 1
   1361    6    6   11 1 1 1
   1362    6    6   12 1 1 1
   1363    6    6   13 1 1 1
   1364    6    6   14 1 1 1
   1365    6    6   15 1 1 1
   1366    6    7    1 1 1 1
   1367    6    7    2 1 1 1
   1368    6    7    3 1 1 1
   1369    6    7    4 1 1 1
   1370    6    7    5 1 1 1
   1371    6    7    6 1 1 1
   1372    6    7    7 1 1 1
   1373    6    7    8 1 1 1
   1374    6    7    9 1 1 1
   1375    6    7   10 1 1 1
   1376    6    7   11 1 1 1
   1377    6    7   12 1 1 1
   1378    6    7   13 1 1 1
   1379    6    7   14 1 1 1
   1380    6    7   15 1 1 1
   1381    6    8    1 1 1 1
   1382    6    8    2 1 1 1
   1383    6    8    3 1 1 1
   1384    6    8    4 1 1 1
   1385    6    8    5 1 1 1
   1386    6    8    6 1 1 1
   1387    6    8    7 1 1 1
   1388    6    8    8 1 1 1
   1389    6    8    9 1 1 1
   1390    6    8   10 1 1 1
   1391    6    8   11 1 1 1
   1392    6    8   12 1 1 1
   1393    6    8   13 1 1 1
   1394    6    8   14 1 1 1
   1395    6    8   15 1 1 1
   1396    6    9    1 1 1 1
   1397    6    9    2 1 1 1
   1398    6    9    3 1 1 1
   1399    6    9    4 1 1 1
   1400    6    9    5 1 1 1
   1401    6    9    6 1 1 1
   1402    6    9    7 1 1 1
   1403    6    9    8 1 1 1
   1404    6    9    9 1 1 1
   1405    6    9   10 1 1 1
   1406    6    9   11 1 1 1
   1407    6    9   12 1 1 1
   1408    6    9   13 1 1 1
   1409    6    9   14 1 1 1
   1410    6    9   15 1 1 1
   1411    6   10    1 1 1 1
   1412    6   10    2 1 1 1
   1413    6   10    3 1 1 1
   1414    6   10    4 1 1 1
   1415    6   10    5 1 1 1
   1416    6   10    6 1 1 1
   1417    6   10    7 1 1 1
   1418    6   10    8 1 1 1
   1419    6   10    9 1 1 1
   1420    6   10   10 1 1 1
   1421    6   10   11 1 1 1
   1422    6   10   12 1 1 1
   1423    6   10   13 1 1 1
   1424    6   10   14 1 1 1
   1425    6   10   15 1 1 1
   1426    6   11    1 1 1 1
   1427    6   11    2 1 1 1
   1428    6   11    3 1 1 1
   1429    6   11    4 1 1 1
   1430    6   11    5 1 1 1
   1431    6   11    6 1 1 1
   1432    6   11    7 1 1 1
   1433    6   11    8 1 1 1
   1434    6   11    9 1 1 1
   1435    6   11   10 1 1 1
   1436    6   11   11 1 1 1
   1437    6   11   12 1 1 1
   1438    6   11   13 1 1 1
   1439    6   11   14 1 1 1
   1440    6   11   15 1 1 1
   1441    6   12    1 1 1 1
   1442    6   12    2 1 1 1
   1443    6   12    3 1 1 1
   1444    6   12    4 1 1 1
   1445    6   12    5 1 1 1
   1446    6   12    6 1 1 1
   1447    6   12    7 1 1 1
   1448    6   12    8 1 1 1
   1449    6   12    9 1 1 1
   1450    6   12   10 1 1 1
   1451    6   12   11 1 1 1
   1452    6   12   12 1 1 1
   1453    6   12   13 1 1 1
   1454    6   12   14 1 1 1
   1455    6   12   15 1 1 1
   1456    6   13    1 1 1 1
   1457    6   13    2 1 1 1
   1458    6   13    3 1 1 1
   1459    6   13    4 1 1 1
   1460    6   13    5 1 1 1
   1461    6   13    6 1 1 1
   1462    6   13    7 1 1 1
   1463    6   13    8 1 1 1
   1464    6   13    9 1 1 1
   1465    6   13   10 1 1 1
   1466    6   13   11 1 1 1
   1467    6   13   12 1 1 1
   1468    6   13   13 1 1 1
   1469    6   13   14 1 1 1
   1470    6   13   15 1 1 1
   1471    6   14    1 1 1 1
   1472    6   14    2 1 1 1
   1473    6   14    3 1 1 1
   1474    6   14    4 1 1 1
   1475    6   14    5 1 1 1
   1476    6   14    6 1 1 1
   1477    6   14    7 1 1 1
   1478    6   14    8 1 1 1
   1479    6   14    9 1 1 1
   1480    6   14   10 1 1 1
   1481    6   14   11 1 1 1
   1482    6   14   12 1 1 1
   1483    6   14   13 1 1 1
   1484    6   14   14 1 1 1
   1485    6   14   15 1 1 1
   1486    6   15    1 1 1 1
   1487    6   15    2 1 1 1
   1488    6   15    3 1 1 1
   1489    6   15    4 1 1 1
   1490    6   15    5 1 1 1
   1491    6   15    6 1 1 1
   1492    6   15    7 1 1 1
   1493    6   15    8 1 1 1
   1494    6   15    9 1 1 1
   1495    6   15   10 1 1 1
   1496    6   15   11 1 1 1
   1497    6   15   12 1 1 1
   1498    6   15   13 1 1 1
   1499    6   15   14 1 1 1
   1500    6   15   15 1 1 1
   1501    6   16    1 1 1 1
   1502    6   16    2 1 1 1
   1503    6   16    3 1 1 1
   1504    6   16    4 1 1 1
   1505    6   16    5 1 1 1
   1506    6   16    6 1 1 1
   1507    6   16    7 1 1 1
   1508    6   16    8 1 1 1
   1509    6   16    9 1 1 1
   1510    6   16   10 1 1 1
   1511    6   16   11 1 1 1
   1512    6   16   12 1 1 1
   1513    6   16   13 1 1 1
   1514    6   16   14 1 1 1
   1515    6   16   15 1 1 1
   1516    6   17    1 1 1 1
   1517    6   17    2 1 1 1
   1518    6   17    3 1 1 1
   1519    6   17    4 1 1 1
   1520    6   17    5 1 1 1
   1521    6   17    6 1 1 1
   1522    6   17    7 1 1 1
   1523    6   17    8 1 1 1
   1524    6   17    9 1 1 1
   1525    6   17   10 1 1 1
   1526    6   17   11 1 1 1
   1527    6   17   12 1 1 1
   1528    6   17   13 1 1 1
   1529    6   17   14 1 1 1
   1530    6   17   15 1 1 1
   1531    7    1    1 1 1 1
   1532    7    1    2 1 1 1
   1533    7    1    3 1 1 1
   1534    7    1    4 1 1 1
   1535    7    1    5 1 1 1
   1536    7    1    6 1 1 1
   1537    7    1    7 1 1 1
   1538    7    1    8 1 1 1
   1539    7    1    9 1 1 1
   1540    7    1   10 1 1 1
   1541    7    1   11 1 1 1
   1542    7    1   12 1 1 1
   1543    7    1   13 1 1 1
   1544    7    1   14 1 1 1
   1545    7    1   15 1 1 1
   1546    7    2    1 1 1 1
   1547    7    2    2 1 1 1
   1548    7    2    3 1 1 1
   1549    7    2    4 1 1 1
   1550    7    2    5 1 1 1
   1551    7    2    6 1 1 1
   1552    7    2    7 1 1 1
   1553    7    2    8 1 1 1
   1554    7    2    9 1 1 1
   1555    7    2   10 1 1 1
   1556    7    2   11 1 1 1
   1557    7    2   12 1 1 1
   1558    7    2   13 1 1 1
   1559    7    2   14 1 1 1
   1560    7    2   15 1 1 1
   1561    7    3    1 1 1 1
   1562    7    3    2 1 1 1
   1563    7    3    3 1 1 1
   1564    7    3    4 1 1 1
   1565    7    3    5 1 1 1
   1566    7    3    6 1 1 1
   1567    7    3    7 1 1 1
   1568    7    3    8 1 1 1
   1569    7    3    9 1 1 1
   1570    7    3   10 1 1 1
   1571    7    3   11 1 1 1
   1572    7    3   12 1 1 1
   1573    7    3   13 1 1 1
   1574    7    3   14 1 1 1
   1575    7    3   15 1 1 1
   1576    7    4    1 1 1 1
   1577    7    4    2 1 1 1
   1578    7    4    3 1 1 1
   1579    7    4    4 1 1 1
   1580    7    4    5 1 1 1
   1581    7    4    6 1 1 1
   1582    7    4    7 1 1 1
   1583    7    4    8 1 1 1
   1584    7    4    9 1 1 1
   1585    7    4   10 1 1 1
   1586    7    4   11 1 1 1
   1587    7    4   12 1 1 1
   1588    7    4   13 1 1 1
   1589    7    4   14 1 1 1
   1590    7    4   15 1 1 1
   1591    7    5    1 1 1 1
   1592    7    5    2 1 1 1
   1593    7    5    3 1 1 1
   1594    7    5    4 1 1 1
   1595    7    5    5 1 1 1
   1596    7    5    6 1 1 1
   1597    7    5    7 1 1 1
   1598    7    5    8 1 1 1
   1599    7    5    9 1 1 1
   1600    7    5   10 1 1 1
   1601    7    5   11 1 1 1
   1602    7    5   12 1 1 1
   1603    7    5   13 1 1 1
   1604    7    5   14 1 1 1
   1605    7    5   15 1 1 1
   1606    7    6    1 1 1 1
   1607    7    6    2 1 1 1
   1608    7    6    3 1 1 1
   1609    7    6    4 1 1 1
   1610    7    6    5 1 1 1
   1611    7    6    6 1 1 1
   1612    7    6    7 1 1 1
   1613    7    6    8 1 1 1
   1614    7    6    9 1 1 1
   1615    7    6   10 1 1 1
   1616    7    6   11 1 1 1
   1617    7    6   12 1 1 1
   1618    7    6   13 1 1 1
   1619    7    6   14 1 1 1
   1620    7    6   15 1 1 1
   1621    7    7    1 1 1 1
   1622    7    7    2 1 1 1
   1623    7    7    3 1 1 1
   1624    7    7    4 1 1 1
   1625    7    7    5 1 1 1
   1626    7    7    6 1 1 1
   1627    7    7    7 1 1 1
   1628    7    7    8 1 1 1
   1629    7    7    9 1 1 1
   1630    7    7   10 1 1 1
   1631    7    7   11 1 1 1
   1632    7    7   12 1 1 1
   1633    7    7   13 1 1 1
   1634    7    7   14 1 1 1
   1635    7    7   15 1 1 1
   1636    7    8    1 1 1 1
   1637    7    8    2 1 1 1
   1638    7    8    3 1 1 1
   1639    7    8    4 1 1 1
   1640    7    8    5 1 1 1
   1641    7    8    6 1 1 1
   1642    7    8    7 1 1 1
   1643    7    8    8 1 1 1
   1644    7    8    9 1 1 1
   1645    7    8   10 1 1 1
   1646    7    8   11 1 1 1
   1647    7    8   12 1 1 1
   1648    7    8   13 1 1 1
   1649    7    8   14 1 1 1
   1650    7    8   15 1 1 1
   1651    7    9    1 1 1 1
   1652    7    9    2 1 1 1
   1653    7    9    3 1 1 1
   1654    7    9    4 1 1 1
   1655    7    9    5 1 1 1
   1656    7    9    6 1 1 1
   1657    7    9    7 1 1 1
   1658    7    9    8 1 1 1
   1659    7    9    9 1 1 1
   1660    7    9   10 1 1 1
   1661    7    9   11 1 1 1
   1662    7    9   12 1 1 1
   1663    7    9   13 1 1 1
   1664    7    9   14 1 1 1
   1665    7    9   15 1 1 1
   1666    7   10    1 1 1 1
   1667    7   10    2 1 1 1
   1668    7   10    3 1 1 1
   1669    7   10    4 1 1 1
   1670    7   10    5 1 1 1
   1671    7   10    6 1 1 1
   1672    7   10    7 1 1 1
   1673    7   10    8 1 1 1
   1674    7   10    9 1 1 1
   1675    7   10   10 1 1 1
   1676    7   10   11 1 1 1
   1677    7   10   12 1 1 1
   1678    7   10   13 1 1 1
   1679    7   10   14 1 1 1
   1680    7   10   15 1 1 1
   1681    7   11    1 1 1 1
   1682    7   11    2 1 1 1
   1683    7   11    3 1 1 1
   1684    7   11    4 1 1 1
   1685    7   11    5 1 1 1
   1686    7   11    6 1 1 1
   1687    7   11    7 1 1 1
   1688    7   11    8 1 1 1
   1689    7   11    9 1 1 1
   1690    7   11   10 1 1 1
   1691    7   11   11 1 1 1
   1692    7   11   12 1 1 1
   1693    7   11   13 1 1 1
   1694    7   11   14 1 1 1
   1695    7   11   15 1 1 1
   1696    7   12    1 1 1 1
   1697    7   12    2 1 1 1
   1698    7   12    3 1 1 1
   1699    7   12    4 1 1 1
   1700    7   12    5 1 1 1
   1701    7   12    6 1 1 1
   1702    7   12    7 1 1 1
   1703    7   12    8 1 1 1
   1704    7   12    9 1 1 1
   1705    7   12   10 1 1 1
   1706    7   12   11 1 1 1
   1707    7   12   12 1 1 1
   1708    7   12   13 1 1 1
   1709    7   12   14 1 1 1
   1710    7   12   15 1 1 1
   1711    7   13    1 1 1 1
   1712    7   13    2 1 1 1
   1713    7   13    3 1 1 1
   1714    7   13    4 1 1 1
   1715    7   13    5 1 1 1
   1716    7   13    6 1 1 1
   1717    7   13    7 1 1 1
   1718    7   13    8 1 1 1
   1719    7   13    9 1 1 1
   1720    7   13   10 1 1 1
   1721    7   13   11 1 1 1
   1722    7   13   12 1 1 1
   1723    7   13   13 1 1 1
   1724    7   13   14 1 1 1
   1725    7   13   15 1 1 1
   1726    7   14    1 1 1 1
   1727    7   14    2 1 1 1
   1728    7   14    3 1 1 1
   1729    7   14    4 1 1 1
   1730    7   14    5 1 1 1
   1731    7   14    6 1 1 1
   1732    7   14    7 1 1 1
   1733    7   14    8 1 1 1
   1734    7   14    9 1 1 1
   1735    7   14   10 1 1 1
   1736    7   14   11 1 1 1
   1737    7   14   12 1 1 1
   1738    7   14   13 1 1 1
   1739    7   14   14 1 1 1
   1740    7   14   15 1 1 1
   1741    7   15    1 1 1 1
   1742    7   15    2 1 1 1
   1743    7   15    3 1 1 1
   1744    7   15    4 1 1 1
   1745    7   15    5 1 1 1
   1746    7   15    6 1 1 1
   1747    7   15    7 1 1 1
   1748    7   15    8 1 1 1
   1749    7   15    9 1 1 1
   1750    7   15   10 1 1 1
   1751    7   15   11 1 1 1
   1752    7   15   12 1 1 1
   1753    7   15   13 1 1 1
   1754    7   15   14 1 1 1
   1755    7   15   15 1 1 1
   1756    7   16    1 1 1 1
   1757    7   16    2 1 1 1
   1758    7   16    3 1 1 1
   1759    7   16    4 1 1 1
   1760    7   16    5 1 1 1
   1761    7   16    6 1 1 1
   1762    7   16    7 1 1 1
   1763    7   16    8 1 1 1
   1764    7   16    9 1 1 1
   1765    7   16   10 1 1 1
   1766    7   16   11 1 1 1
   1767    7   16   12 1 1 1
   1768    7   16   13 1 1 1
   1769    7   16   14 1 1 1
   1770    7   16   15 1 1 1
   1771    7   17    1 1 1 1
   1772    7   17    2 1 1 1
   1773    7   17    3 1 1 1
   1774    7   17    4 1 1 1
   1775    7   17    5 1 1 1
   1776    7   17    6 1 1 1
   1777    7   17    7 1 1 1
   1778    7   17    8 1 1 1
   1779    7   17    9 1 1 1
   1780    7   17   10 1 1 1
   1781    7   17   11 1 1 1
   1782    7   17   12 1 1 1
   1783    7   17   13 1 1 1
   1784    7   17   14 1 1 1
   1785    7   17   15 1 1 1
   1786    8    1    1 1 1 1
   1787    8    1    2 1 1 1
   1788    8    1    3 1 1 1
   1789    8    1    4 1 1 1
   1790    8    1    5 1 1 1
   1791    8    1    6 1 1 1
   1792    8    1    7 1 1 1
   1793    8    1    8 1 1 1
   1794    8    1    9 1 1 1
   1795    8    1   10 1 1 1
   1796    8    1   11 1 1 1
   1797    8    1   12 1 1 1
   1798    8    1   13 1 1 1
   1799    8    1   14 1 1 1
   1800    8    1   15 1 1 1
   1801    8    2    1 1 1 1
   1802    8    2    2 1 1 1
   1803    8    2    3 1 1 1
   1804    8    2    4 1 1 1
   1805    8    2    5 1 1 1
   1806    8    2    6 1 1 1
   1807    8    2    7 1 1 1
   1808    8    2    8 1 1 1
   1809    8    2    9 1 1 1
   1810    8    2   10 1 1 1
   1811    8    2   11 1 1 1
   1812    8    2   12 1 1 1
   1813    8    2   13 1 1 1
   1814    8    2   14 1 1 1
   1815    8    2   15 1 1 1
   1816    8    3    1 1 1 1
   1817    8    3    2 1 1 1
   1818    8    3    3 1 1 1
   1819    8    3    4 1 1 1
   1820    8    3    5 1 1 1
   1821    8    3    6 1 1 1
   1822    8    3    7 1 1 1
   1823    8    3    8 1 1 1
   1824    8    3    9 1 1 1
   1825    8    3   10 1 1 1
   1826    8    3   11 1 1 1
   1827    8    3   12 1 1 1
   1828    8    3   13 1 1 1
   1829    8    3   14 1 1 1
   1830    8    3   15 1 1 1
   1831    8    4    1 1 1 1
   1832    8    4    2 1 1 1
   1833    8    4    3 1 1 1
   1834    8    4    4 1 1 1
   1835    8    4    5 1 1 1
   1836    8    4    6 1 1 1
   1837    8    4    7 1 1 1
   1838    8    4    8 1 1 1
   1839    8    4    9 1 1 1
   1840    8    4   10 1 1 1
   1841    8    4   11 1 1 1
   1842    8    4   12 1 1 1
   1843    8    4   13 1 1 1
   1844    8    4   14 1 1 1
   1845    8    4   15 1 1 1
   1846    8    5    1 1 1 1
   1847    8    5    2 1 1 1
   1848    8    5    3 1 1 1
   1849    8    5    4 1 1 1
   1850    8    5    5 1 1 1
   1851    8    5    6 1 1 1
   1852    8    5    7 1 1 1
   1853    8    5    8 1 1 1
   1854    8    5    9 1 1 1
   1855    8    5   10 1 1 1
   1856    8    5   11 1 1 1
   1857    8    5   12 1 1 1
   1858    8    5   13 1 1 1
   1859    8    5   14 1 1 1
   1860    8    5   15 1 1 1
   1861    8    6    1 1 1 1
   1862    8    6    2 1 1 1
   1863    8    6    3 1 1 1
   1864    8    6    4 1 1 1
   1865    8    6    5 1 1 1
   1866    8    6    6 1 1 1
   1867    8    6    7 1 1 1
   1868    8    6    8 1 1 1
   1869    8    6    9 1 1 1
   1870    8    6   10 1 1 1
   1871    8    6   11 1 1 1
   1872    8    6   12 1 1 1
   1873    8    6   13 1 1 1
   1874    8    6   14 1 1 1
   1875    8    6   15 1 1 1
   1876    8    7    1 1 1 1
   1877    8    7    2 1 1 1
   1878    8    7    3 1 1 1
   1879    8    7    4 1 1 1
   1880    8    7    5 1 1 1
   1881    8    7    6 1 1 1
   1882    8    7    7 1 1 1
   1883    8    7    8 1 1 1
   1884    8    7    9 1 1 1
   1885    8    7   10 1 1 1
   1886    8    7   11 1 1 1
   1887    8    7   12 1 1 1
   1888    8    7   13 1 1 1
   1889    8    7   14 1 1 1
   1890    8    7   15 1 1 1
   1891    8    8    1 1 1 1
   1892    8    8    2 1 1 1
   1893    8    8    3 1 1 1
   1894    8    8    4 1 1 1
   1895    8    8    5 1 1 1
   1896    8    8    6 1 1 1
   1897    8    8    7 1 1 1
   1898    8    8    8 1 1 1
   1899    8    8    9 1 1 1
   1900    8    8   10 1 1 1
   1901    8    8   11 1 1 1
   1902    8    8   12 1 1 1
   1903    8    8   13 1 1 1
   1904    8    8   14 1 1 1
   1905    8    8   15 1 1 1
   1906    8    9    1 1 1 1
   1907    8    9    2 1 1 1
   1908    8    9    3 1 1 1
   1909    8    9    4 1 1 1
   1910    8    9    5 1 1 1
   1911    8    9    6 1 1 1
   1912    8    9    7 1 1 1
   1913    8    9    8 1 1 1
   1914    8    9    9 1 1 1
   1915    8    9   10 1 1 1
   1916    8    9   11 1 1 1
   1917    8    9   12 1 1 1
   1918    8    9   13 1 1 1
   1919    8    9   14 1 1 1
   1920    8    9   15 1 1 1
   1921    8   10    1 1 1 1
   1922    8   10    2 1 1 1
   1923    8   10    3 1 1 1
   1924    8   10    4 1 1 1
   1925    8   10    5 1 1 1
   1926    8   10    6 1 1 1
   1927    8   10    7 1 1 1
   1928    8   10    8 1 1 1
   1929    8   10    9 1 1 1
   1930    8   10   10 1 1 1
   1931    8   10   11 1 1 1
   1932    8   10   12 1 1 1
   1933    8   10   13 1 1 1
   1934    8   10   14 1 1 1
   1935    8   10   15 1 1 1
   1936    8   11    1 1 1 1
   1937    8   11    2 1 1 1
   1938    8   11    3 1 1 1
   1939    8   11    4 1 1 1
   1940    8   11    5 1 1 1
   1941    8   11    6 1 1 1
   1942    8   11    7 1 1 1
   1943    8   11    8 1 1 1
   1944    8   11    9 1 1 1
   1945    8   11   10 1 1 1
   1946    8   11   11 1 1 1
   1947    8   11   12 1 1 1
   1948    8   11   13 1 1 1
   1949    8   11   14 1 1 1
   1950    8   11   15 1 1 1
   1951    8   12    1 1 1 1
   1952    8   12    2 1 1 1
   1953    8   12    3 1 1 1
   1954    8   12    4 1 1 1
   1955    8   12    5 1 1 1
   1956    8   12    6 1 1 1
   1957    8   12    7 1 1 1
   1958    8   12    8 1 1 1
   1959    8   12    9 1 1 1
   1960    8   12   10 1 1 1
   1961    8   12   11 1 1 1
   1962    8   12   12 1 1 1
   1963    8   12   13 1 1 1
   1964    8   12   14 1 1 1
   1965    8   12   15 1 1 1
   1966    8   13    1 1 1 1
   1967    8   13    2 1 1 1
   1968    8   13    3 1 1 1
   1969    8   13    4 1 1 1
   1970    8   13    5 1 1 1
   1971    8   13    6 1 1 1
   1972    8   13    7 1 1 1
   1973    8   13    8 1 1 1
   1974    8   13    9 1 1 1
   1975    8   13   10 1 1 1
   1976    8   13   11 1 1 1
   1977    8   13   12 1 1 1
   1978    8   13   13 1 1 1
   1979    8   13   14 1 1 1
   1980    8   13   15 1 1 1
   1981    8   14    1 1 1 1
   1982    8   14    2 1 1 1
   1983    8   14    3 1 1 1
   1984    8   14    4 1 1 1
   1985    8   14    5 1 1 1
   1986    8   14    6 1 1 1
   1987    8   14    7 1 1 1
   1988    8   14    8 1 1 1
   1989    8   14    9 1 1 1
   1990    8   14   10 1 1 1
   1991    8   14   11 1 1 1
   1992    8   14   12 1 1 1
   1993    8   14   13 1 1 1
   1994    8   14   14 1 1 1
   1995    8   14   15 1 1 1
   1996    8   15    1 1 1 1
   1997    8   15    2 1 1 1
   1998    8   15    3 1 1 1
   1999    8   15    4 1 1 1
   2000    8   15    5 1 1 1
   2001    8   15    6 1 1 1
   2002    8   15    7 1 1 1
   2003    8   15    8 1 1 1
   2004    8   15    9 1 1 1
   2005    8   15   10 1 1 1
   2006    8   15   11 1 1 1
   2007    8   15   12 1 1 1
   2008    8   15   13 1 1 1
   2009    8   15   14 1 1 1
   2010    8   15   15 1 1 1
   2011    8   16    1 1 1 1
   2012    8   16    2 1 1 1
   2013    8   16    3 1 1 1
   2014    8   16    4 1 1 1
   2015    8   16    5 1 1 1
   2016    8   16    6 1 1 1
   2017    8   16    7 1 1 1
   2018    8   16    8 1 1 1
   2019    8   16    9 1 1 1
   2020    8   16   10 1 1 1
   2021    8   16   11 1 1 1
   2022    8   16   12 1 1 1
   2023    8   16   13 1 1 1
   2024    8   16   14 1 1 1
   2025    8   16   15 1 1 1
   2026    8   17    1 1 1 1
   2027    8   17    2 1 1 1
   2028    8   17    3 1 1 1
   2029    8   17    4 1 1 1
   2030    8   17    5 1 1 1
   2031    8   17    6 1 1 1
   2032    8   17    7 1 1 1
   2033    8   17    8 1 1 1
   2034    8   17    9 1 1 1
   2035    8   17   10 1 1 1
   2036    8   17   11 1 1 1
   2037    8   17   12 1 1 1
   2038    8   17   13 1 1 1
   2039    8   17   14 1 1 1
   2040    8   17   15 1 1 1
   2041    9    1    1 1 1 1
   2042    9    1    2 1 1 1
   2043    9    1    3 1 1 1
   2044    9    1    4 1 1 1
   2045    9    1    5 1 1 1
   2046    9    1    6 1 1 1
   2047    9    1    7 1 1 1
   2048    9    1    8 1 1 1
   2049    9    1    9 1 1 1
   2050    9    1   10 1 1 1
   2051    9    1   11 1 1 1
   2052    9    1   12 1 1 1
   2053    9    1   13 1 1 1
   2054    9    1   14 1 1 1
   2055    9    1   15 1 1 1
   2056    9    2    1 1 1 1
   2057    9    2    2 1 1 1
   2058    9    2    3 1 1 1
   2059    9    2    4 1 1 1
   2060    9    2    5 1 1 1
   2061    9    2    6 1 1 1
   2062    9    2    7 1 1 1
   2063    9    2    8 1 1 1
   2064    9    2    9 1 1 1
   2065    9    2   10 1 1 1
   2066    9    2   11 1 1 1
   2067    9    2   12 1 1 1
   2068    9    2   13 1 1 1
   2069    9    2   14 1 1 1
   2070    9    2   15 1 1 1
   2071    9    3    1 1 1 1
   2072    9    3    2 1 1 1
   2073    9    3    3 1 1 1
   2074    9    3    4 1 1 1
   2075    9    3    5 1 1 1
   2076    9    3    6 1 1 1
   2077    9    3    7 1 1 1
   2078    9    3    8 1 1 1
   2079    9    3    9 1 1 1
   2080    9    3   10 1 1 1
   2081    9    3   11 1 1 1
   2082    9    3   12 1 1 1
   2083    9    3   13 1 1 1
   2084    9    3   14 1 1 1
   2085    9    3   15 1 1 1
   2086    9    4    1 1 1 1
   2087    9    4    2 1 1 1
   2088    9    4    3 1 1 1
   2089    9    4    4 1 1 1
   2090    9    4    5 1 1 1
   2091    9    4    6 1 1 1
   2092    9    4    7 1 1 1
   2093    9    4    8 1 1 1
   2094    9    4    9 1 1 1
   2095    9    4   10 1 1 1
   2096    9    4   11 1 1 1
   2097    9    4   12 1 1 1
   2098    9    4   13 1 1 1
   2099    9    4   14 1 1 1
   2100    9    4   15 1 1 1
   2101    9    5    1 1 1 1
   2102    9    5    2 1 1 1
   2103    9    5    3 1 1 1
   2104    9    5    4 1 1 1
   2105    9    5    5 1 1 1
   2106    9    5    6 1 1 1
   2107    9    5    7 1 1 1
   2108    9    5    8 1 1 1
   2109    9    5    9 1 1 1
   2110    9    5   10 1 1 1
   2111    9    5   11 1 1 1
   2112    9    5   12 1 1 1
   2113    9    5   13 1 1 1
   2114    9    5   14 1 1 1
   2115    9    5   15 1 1 1
   2116    9    6    1 1 1 1
   2117    9    6    2 1 1 1
   2118    9    6    3 1 1 1
   2119    9    6    4 1 1 1
   2120    9    6    5 1 1 1
   2121    9    6    6 1 1 1
   2122    9    6    7 1 1 1
   2123    9    6    8 1 1 1
   2124    9    6    9 1 1 1
   2125    9    6   10 1 1 1
   2126    9    6   11 1 1 1
   2127    9    6   12 1 1 1
   2128    9    6   13 1 1 1
   2129    9    6   14 1 1 1
   2130    9    6   15 1 1 1
   2131    9    7    1 1 1 1
   2132    9    7    2 1 1 1
   2133    9    7    3 1 1 1
   2134    9    7    4 1 1 1
   2135    9    7    5 1 1 1
   2136    9    7    6 1 1 1
   2137    9    7    7 1 1 1
   2138    9    7    8 1 1 1
   2139    9    7    9 1 1 1
   2140    9    7   10 1 1 1
   2141    9    7   11 1 1 1
   2142    9    7   12 1 1 1
   2143    9    7   13 1 1 1
   2144    9    7   14 1 1 1
   2145    9    7   15 1 1 1
   2146    9    8    1 1 1 1
   2147    9    8    2 1 1 1
   2148    9    8    3 1 1 1
   2149    9    8    4 1 1 1
   2150    9    8    5 1 1 1
   2151    9    8    6 1 1 1
   2152    9    8    7 1 1 1
   2153    9    8    8 1 1 1
   2154    9    8    9 1 1 1
   2155    9    8   10 1 1 1
   2156    9    8   11 1 1 1
   2157    9    8   12 1 1 1
   2158    9    8   13 1 1 1
   2159    9    8   14 1 1 1
   2160    9    8   15 1 1 1
   2161    9    9    1 1 1 1
   2162    9    9    2 1 1 1
   2163    9    9    3 1 1 1
   2164    9    9    4 1 1 1
   2165    9    9    5 1 1 1
   2166    9    9    6 1 1 1
   2167    9    9    7 1 1 1
   2168    9    9    8 1 1 1
   2169    9    9    9 1 1 1
   2170    9    9   10 1 1 1
   2171    9    9   11 1 1 1
   2172    9    9   12 1 1 1
   2173    9    9   13 1 1 1
   2174    9    9   14 1 1 1
   2175    9    9   15 1 1 1
   2176    9   10    1 1 1 1
   2177    9   10    2 1 1 1
   2178    9   10    3 1 1 1
   2179    9   10    4 1 1 1
   2180    9   10    5 1 1 1
   2181    9   10    6 1 1 1
   2182    9   10    7 1 1 1
   2183    9   10    8 1 1 1
   2184    9   10    9 1 1 1
   2185    9   10   10 1 1 1
   2186    9   10   11 1 1 1
   2187    9   10   12 1 1 1
   2188    9   10   13 1 1 1
   2189    9   10   14 1 1 1
   2190    9   10   15 1 1 1
   2191    9   11    1 1 1 1
   2192    9   11    2 1 1 1
   2193    9   11    3 1 1 1
   2194    9   11    4 1 1 1
   2195    9   11    5 1 1 1
   2196    9   11    6 1 1 1
   2197    9   11    7 1 1 1
   2198    9   11    8 1 1 1
   2199    9   11    9 1 1 1
   2200    9   11   10 1 1 1
   2201    9   11   11 1 1 1
   2202    9   11   12 1 1 1
   2203    9   11   13 1 1 1
   2204    9   11   14 1 1 1
   2205    9   11   15 1 1 1
   2206    9   12    1 1 1 1
   2207    9   12    2 1 1 1
   2208    9   12    3 1 1 1
   2209    9   12    4 1 1 1
   2210    9   12    5 1 1 1
   2211    9   12    6 1 1 1
   2212    9   12    7 1 1 1
   2213    9   12    8 1 1 1
   2214    9   12    9 1 1 1
   2215    9   12   10 1 1 1
   2216    9   12   11 1 1 1
   2217    9   12   12 1 1 1
   2218    9   12   13 1 1 1
   2219    9   12   14 1 1 1
   2220    9   12   15 1 1 1
   2221    9   13    1 1 1 1
   2222    9   13    2 1 1 1
   2223    9   13    3 1 1 1
   2224    9   13    4 1 1 1
   2225    9   13    5 1 1 1
   2226    9   13    6 1 1 1
   2227    9   13    7 1 1 1
   2228    9   13    8 1 1 1
   2229    9   13    9 1 1 1
   2230    9   13   10 1 1 1
   2231    9   13   11 1 1 1
   2232    9   13   12 1 1 1
   2233    9   13   13 1 1 1
   2234    9   13   14 1 1 1
   2235    9   13   15 1 1 1
   2236    9   14    1 1 1 1
   2237    9   14    2 1 1 1
   2238    9   14    3 1 1 1
   2239    9   14    4 1 1 1
   2240    9   14    5 1 1 1
   2241    9   14    6 1 1 1
   2242    9   14    7 1 1 1
   2243    9   14    8 1 1 1
   2244    9   14    9 1 1 1
   2245    9   14   10 1 1 1
   2246    9   14   11 1 1 1
   2247    9   14   12 1 1 1
   2248    9   14   13 1 1 1
   2249    9   14   14 1 1 1
   2250    9   14   15 1 1 1
   2251    9   15    1 1 1 1
   2252    9   15    2 1 1 1
   2253    9   15    3 1 1 1
   2254    9   15    4 1 1 1
   2255    9   15    5 1 1 1
   2256    9   15    6 1 1 1
   2257    9   15    7 1 1 1
   2258    9   15    8 1 1 1
   2259    9   15    9 1 1 1
   2260    9   15   10 1 1 1
   2261    9   15   11 1 1 1
   2262    9   15   12 1 1 1
   2263    9   15   13 1 1 1
   2264    9   15   14 1 1 1
   2265    9   15   15 1 1 1
   2266    9   16    1 1 1 1
   2267    9   16    2 1 1 1
   2268    9   16    3 1 1 1
   2269    9   16    4 1 1 1
   2270    9   16    5 1 1 1
   2271    9   16    6 1 1 1
   2272    9   16    7 1 1 1
   2273    9   16    8 1 1 1
   2274    9   16    9 1 1 1
   2275    9   16   10 1 1 1
   2276    9   16   11 1 1 1
   2277    9   16   12 1 1 1
   2278    9   16   13 1 1 1
   2279    9   16   14 1 1 1
   2280    9   16   15 1 1 1
   2281    9   17    1 1 1 1
   2282    9   17    2 1 1 1
   2283    9   17    3 1 1 1
   2284    9   17    4 1 1 1
   2285    9   17    5 1 1 1
   2286    9   17    6 1 1 1
   2287    9   17    7 1 1 1
   2288    9   17    8 1 1 1
   2289    9   17    9 1 1 1
   2290    9   17   10 1 1 1
   2291    9   17   11 1 1 1
   2292    9   17   12 1 1 1
   2293    9   17   13 1 1 1
   2294    9   17   14 1 1 1
   2295    9   17   15 1 1 1
