 >REASHP: option FROM_FILE
      2145 = NAT
  1.000000  0.000000  0.000000 = A_1 vector
  0.000000  1.000000  0.000000 = A_2 vector
  1.000000  1.000000  1.000000 = lattice spacings (d_x,d_y,d_z)/d
  -0.05100  -0.02495  -0.19015 = lattice offset x0(1-3) = (x_TF,y_TF,z_TF)/d for dipole 0 0 0
     JA  IX  IY  IZ ICOMP(x,y,z)
      1    1    1    1 1 1 1
      2    1    1    2 1 1 1
      3    1    1    3 1 1 1
      4    1    1    4 1 1 1
      5    1    1    5 1 1 1
      6    1    1    6 1 1 1
      7    1    1    7 1 1 1
      8    1    1    8 1 1 1
      9    1    1    9 1 1 1
     10    1    1   10 1 1 1
     11    1    1   11 1 1 1
     12    1    1   12 1 1 1
     13    1    1   13 1 1 1
     14    1    1   14 1 1 1
     15    1    1   15 1 1 1
     16    1    1   16 1 1 1
     17    1    1   17 1 1 1
     18    1    1   18 1 1 1
     19    1    1   19 1 1 1
     20    1    1   20 1 1 1
     21    1    1   21 1 1 1
     22    1    1   22 1 1 1
     23    1    1   23 1 1 1
     24    1    1   24 1 1 1
     25    1    1   25 1 1 1
     26    1    1   26 1 1 1
     27    1    1   27 1 1 1
     28    1    1   28 1 1 1
     29    1    1   29 1 1 1
     30    1    1   30 1 1 1
     31    1    1   31 1 1 1
     32    1    1   32 1 1 1
     33    1    1   33 1 1 1
     34    1    1   34 1 1 1
     35    1    1   35 1 1 1
     36    1    1   36 1 1 1
     37    1    1   37 1 1 1
     38    1    1   38 1 1 1
     39    1    1   39 1 1 1
     40    1    2    1 1 1 1
     41    1    2    2 1 1 1
     42    1    2    3 1 1 1
     43    1    2    4 1 1 1
     44    1    2    5 1 1 1
     45    1    2    6 1 1 1
     46    1    2    7 1 1 1
     47    1    2    8 1 1 1
     48    1    2    9 1 1 1
     49    1    2   10 1 1 1
     50    1    2   11 1 1 1
     51    1    2   12 1 1 1
     52    1    2   13 1 1 1
     53    1    2   14 1 1 1
     54    1    2   15 1 1 1
     55    1    2   16 1 1 1
     56    1    2   17 1 1 1
     57    1    2   18 1 1 1
     58    1    2   19 1 1 1
     59    1    2   20 1 1 1
     60    1    2   21 1 1 1
     61    1    2   22 1 1 1
     62    1    2   23 1 1 1
     63    1    2   24 1 1 1
     64    1    2   25 1 1 1
     65    1    2   26 1 1 1
     66    1    2   27 1 1 1
     67    1    2   28 1 1 1
     68    1    2   29 1 1 1
     69    1    2   30 1 1 1
     70    1    2   31 1 1 1
     71    1    2   32 1 1 1
     72    1    2   33 1 1 1
     73    1    2   34 1 1 1
     74    1    2   35 1 1 1
     75    1    2   36 1 1 1
     76    1    2   37 1 1 1
     77    1    2   38 1 1 1
     78    1    2   39 1 1 1
     79    1    3    1 1 1 1
     80    1    3    2 1 1 1
     81    1    3    3 1 1 1
     82    1    3    4 1 1 1
     83    1    3    5 1 1 1
     84    1    3    6 1 1 1
     85    1    3    7 1 1 1
     86    1    3    8 1 1 1
     87    1    3    9 1 1 1
     88    1    3   10 1 1 1
     89    1    3   11 1 1 1
     90    1    3   12 1 1 1
     91    1    3   13 1 1 1
     92    1    3   14 1 1 1
     93    1    3   15 1 1 1
     94    1    3   16 1 1 1
     95    1    3   17 1 1 1
     96    1    3   18 1 1 1
     97    1    3   19 1 1 1
     98    1    3   20 1 1 1
     99    1    3   21 1 1 1
    100    1    3   22 1 1 1
    101    1    3   23 1 1 1
    102    1    3   24 1 1 1
    103    1    3   25 1 1 1
    104    1    3   26 1 1 1
    105    1    3   27 1 1 1
    106    1    3   28 1 1 1
    107    1    3   29 1 1 1
    108    1    3   30 1 1 1
    109    1    3   31 1 1 1
    110    1    3   32 1 1 1
    111    1    3   33 1 1 1
    112    1    3   34 1 1 1
    113    1    3   35 1 1 1
    114    1    3   36 1 1 1
    115    1    3   37 1 1 1
    116    1    3   38 1 1 1
    117    1    3   39 1 1 1
    118    1    4    1 1 1 1
    119    1    4    2 1 1 1
    120    1    4    3 1 1 1
    121    1    4    4 1 1 1
    122    1    4    5 1 1 1
    123    1    4    6 1 1 1
    124    1    4    7 1 1 1
    125    1    4    8 1 1 1
    126    1    4    9 1 1 1
    127    1    4   10 1 1 1
    128    1    4   11 1 1 1
    129    1    4   12 1 1 1
    130    1    4   13 1 1 1
    131    1    4   14 1 1 1
    132    1    4   15 1 1 1
    133    1    4   16 1 1 1
    134    1    4   17 1 1 1
    135    1    4   18 1 1 1
    136    1    4   19 1 1 1
    137    1    4   20 1 1 1
    138    1    4   21 1 1 1
    139    1    4   22 1 1 1
    140    1    4   23 1 1 1
    141    1    4   24 1 1 1
    142    1    4   25 1 1 1
    143    1    4   26 1 1 1
    144    1    4   27 1 1 1
    145    1    4   28 1 1 1
    146    1    4   29 1 1 1
    147    1    4   30 1 1 1
    148    1    4   31 1 1 1
    149    1    4   32 1 1 1
    150    1    4   33 1 1 1
    151    1    4   34 1 1 1
    152    1    4   35 1 1 1
    153    1    4   36 1 1 1
    154    1    4   37 1 1 1
    155    1    4   38 1 1 1
    156    1    4   39 1 1 1
    157    1    5    1 1 1 1
    158    1    5    2 1 1 1
    159    1    5    3 1 1 1
    160    1    5    4 1 1 1
    161    1    5    5 1 1 1
    162    1    5    6 1 1 1
    163    1    5    7 1 1 1
    164    1    5    8 1 1 1
    165    1    5    9 1 1 1
    166    1    5   10 1 1 1
    167    1    5   11 1 1 1
    168    1    5   12 1 1 1
    169    1    5   13 1 1 1
    170    1    5   14 1 1 1
    171    1    5   15 1 1 1
    172    1    5   16 1 1 1
    173    1    5   17 1 1 1
    174    1    5   18 1 1 1
    175    1    5   19 1 1 1
    176    1    5   20 1 1 1
    177    1    5   21 1 1 1
    178    1    5   22 1 1 1
    179    1    5   23 1 1 1
    180    1    5   24 1 1 1
    181    1    5   25 1 1 1
    182    1    5   26 1 1 1
    183    1    5   27 1 1 1
    184    1    5   28 1 1 1
    185    1    5   29 1 1 1
    186    1    5   30 1 1 1
    187    1    5   31 1 1 1
    188    1    5   32 1 1 1
    189    1    5   33 1 1 1
    190    1    5   34 1 1 1
    191    1    5   35 1 1 1
    192    1    5   36 1 1 1
    193    1    5   37 1 1 1
    194    1    5   38 1 1 1
    195    1    5   39 1 1 1
    196    2    1    1 1 1 1
    197    2    1    2 1 1 1
    198    2    1    3 1 1 1
    199    2    1    4 1 1 1
    200    2    1    5 1 1 1
    201    2    1    6 1 1 1
    202    2    1    7 1 1 1
    203    2    1    8 1 1 1
    204    2    1    9 1 1 1
    205    2    1   10 1 1 1
    206    2    1   11 1 1 1
    207    2    1   12 1 1 1
    208    2    1   13 1 1 1
    209    2    1   14 1 1 1
    210    2    1   15 1 1 1
    211    2    1   16 1 1 1
    212    2    1   17 1 1 1
    213    2    1   18 1 1 1
    214    2    1   19 1 1 1
    215    2    1   20 1 1 1
    216    2    1   21 1 1 1
    217    2    1   22 1 1 1
    218    2    1   23 1 1 1
    219    2    1   24 1 1 1
    220    2    1   25 1 1 1
    221    2    1   26 1 1 1
    222    2    1   27 1 1 1
    223    2    1   28 1 1 1
    224    2    1   29 1 1 1
    225    2    1   30 1 1 1
    226    2    1   31 1 1 1
    227    2    1   32 1 1 1
    228    2    1   33 1 1 1
    229    2    1   34 1 1 1
    230    2    1   35 1 1 1
    231    2    1   36 1 1 1
    232    2    1   37 1 1 1
    233    2    1   38 1 1 1
    234    2    1   39 1 1 1
    235    2    2    1 1 1 1
    236    2    2    2 1 1 1
    237    2    2    3 1 1 1
    238    2    2    4 1 1 1
    239    2    2    5 1 1 1
    240    2    2    6 1 1 1
    241    2    2    7 1 1 1
    242    2    2    8 1 1 1
    243    2    2    9 1 1 1
    244    2    2   10 1 1 1
    245    2    2   11 1 1 1
    246    2    2   12 1 1 1
    247    2    2   13 1 1 1
    248    2    2   14 1 1 1
    249    2    2   15 1 1 1
    250    2    2   16 1 1 1
    251    2    2   17 1 1 1
    252    2    2   18 1 1 1
    253    2    2   19 1 1 1
    254    2    2   20 1 1 1
    255    2    2   21 1 1 1
    256    2    2   22 1 1 1
    257    2    2   23 1 1 1
    258    2    2   24 1 1 1
    259    2    2   25 1 1 1
    260    2    2   26 1 1 1
    261    2    2   27 1 1 1
    262    2    2   28 1 1 1
    263    2    2   29 1 1 1
    264    2    2   30 1 1 1
    265    2    2   31 1 1 1
    266    2    2   32 1 1 1
    267    2    2   33 1 1 1
    268    2    2   34 1 1 1
    269    2    2   35 1 1 1
    270    2    2   36 1 1 1
    271    2    2   37 1 1 1
    272    2    2   38 1 1 1
    273    2    2   39 1 1 1
    274    2    3    1 1 1 1
    275    2    3    2 1 1 1
    276    2    3    3 1 1 1
    277    2    3    4 1 1 1
    278    2    3    5 1 1 1
    279    2    3    6 1 1 1
    280    2    3    7 1 1 1
    281    2    3    8 1 1 1
    282    2    3    9 1 1 1
    283    2    3   10 1 1 1
    284    2    3   11 1 1 1
    285    2    3   12 1 1 1
    286    2    3   13 1 1 1
    287    2    3   14 1 1 1
    288    2    3   15 1 1 1
    289    2    3   16 1 1 1
    290    2    3   17 1 1 1
    291    2    3   18 1 1 1
    292    2    3   19 1 1 1
    293    2    3   20 1 1 1
    294    2    3   21 1 1 1
    295    2    3   22 1 1 1
    296    2    3   23 1 1 1
    297    2    3   24 1 1 1
    298    2    3   25 1 1 1
    299    2    3   26 1 1 1
    300    2    3   27 1 1 1
    301    2    3   28 1 1 1
    302    2    3   29 1 1 1
    303    2    3   30 1 1 1
    304    2    3   31 1 1 1
    305    2    3   32 1 1 1
    306    2    3   33 1 1 1
    307    2    3   34 1 1 1
    308    2    3   35 1 1 1
    309    2    3   36 1 1 1
    310    2    3   37 1 1 1
    311    2    3   38 1 1 1
    312    2    3   39 1 1 1
    313    2    4    1 1 1 1
    314    2    4    2 1 1 1
    315    2    4    3 1 1 1
    316    2    4    4 1 1 1
    317    2    4    5 1 1 1
    318    2    4    6 1 1 1
    319    2    4    7 1 1 1
    320    2    4    8 1 1 1
    321    2    4    9 1 1 1
    322    2    4   10 1 1 1
    323    2    4   11 1 1 1
    324    2    4   12 1 1 1
    325    2    4   13 1 1 1
    326    2    4   14 1 1 1
    327    2    4   15 1 1 1
    328    2    4   16 1 1 1
    329    2    4   17 1 1 1
    330    2    4   18 1 1 1
    331    2    4   19 1 1 1
    332    2    4   20 1 1 1
    333    2    4   21 1 1 1
    334    2    4   22 1 1 1
    335    2    4   23 1 1 1
    336    2    4   24 1 1 1
    337    2    4   25 1 1 1
    338    2    4   26 1 1 1
    339    2    4   27 1 1 1
    340    2    4   28 1 1 1
    341    2    4   29 1 1 1
    342    2    4   30 1 1 1
    343    2    4   31 1 1 1
    344    2    4   32 1 1 1
    345    2    4   33 1 1 1
    346    2    4   34 1 1 1
    347    2    4   35 1 1 1
    348    2    4   36 1 1 1
    349    2    4   37 1 1 1
    350    2    4   38 1 1 1
    351    2    4   39 1 1 1
    352    2    5    1 1 1 1
    353    2    5    2 1 1 1
    354    2    5    3 1 1 1
    355    2    5    4 1 1 1
    356    2    5    5 1 1 1
    357    2    5    6 1 1 1
    358    2    5    7 1 1 1
    359    2    5    8 1 1 1
    360    2    5    9 1 1 1
    361    2    5   10 1 1 1
    362    2    5   11 1 1 1
    363    2    5   12 1 1 1
    364    2    5   13 1 1 1
    365    2    5   14 1 1 1
    366    2    5   15 1 1 1
    367    2    5   16 1 1 1
    368    2    5   17 1 1 1
    369    2    5   18 1 1 1
    370    2    5   19 1 1 1
    371    2    5   20 1 1 1
    372    2    5   21 1 1 1
    373    2    5   22 1 1 1
    374    2    5   23 1 1 1
    375    2    5   24 1 1 1
    376    2    5   25 1 1 1
    377    2    5   26 1 1 1
    378    2    5   27 1 1 1
    379    2    5   28 1 1 1
    380    2    5   29 1 1 1
    381    2    5   30 1 1 1
    382    2    5   31 1 1 1
    383    2    5   32 1 1 1
    384    2    5   33 1 1 1
    385    2    5   34 1 1 1
    386    2    5   35 1 1 1
    387    2    5   36 1 1 1
    388    2    5   37 1 1 1
    389    2    5   38 1 1 1
    390    2    5   39 1 1 1
    391    3    1    1 1 1 1
    392    3    1    2 1 1 1
    393    3    1    3 1 1 1
    394    3    1    4 1 1 1
    395    3    1    5 1 1 1
    396    3    1    6 1 1 1
    397    3    1    7 1 1 1
    398    3    1    8 1 1 1
    399    3    1    9 1 1 1
    400    3    1   10 1 1 1
    401    3    1   11 1 1 1
    402    3    1   12 1 1 1
    403    3    1   13 1 1 1
    404    3    1   14 1 1 1
    405    3    1   15 1 1 1
    406    3    1   16 1 1 1
    407    3    1   17 1 1 1
    408    3    1   18 1 1 1
    409    3    1   19 1 1 1
    410    3    1   20 1 1 1
    411    3    1   21 1 1 1
    412    3    1   22 1 1 1
    413    3    1   23 1 1 1
    414    3    1   24 1 1 1
    415    3    1   25 1 1 1
    416    3    1   26 1 1 1
    417    3    1   27 1 1 1
    418    3    1   28 1 1 1
    419    3    1   29 1 1 1
    420    3    1   30 1 1 1
    421    3    1   31 1 1 1
    422    3    1   32 1 1 1
    423    3    1   33 1 1 1
    424    3    1   34 1 1 1
    425    3    1   35 1 1 1
    426    3    1   36 1 1 1
    427    3    1   37 1 1 1
    428    3    1   38 1 1 1
    429    3    1   39 1 1 1
    430    3    2    1 1 1 1
    431    3    2    2 1 1 1
    432    3    2    3 1 1 1
    433    3    2    4 1 1 1
    434    3    2    5 1 1 1
    435    3    2    6 1 1 1
    436    3    2    7 1 1 1
    437    3    2    8 1 1 1
    438    3    2    9 1 1 1
    439    3    2   10 1 1 1
    440    3    2   11 1 1 1
    441    3    2   12 1 1 1
    442    3    2   13 1 1 1
    443    3    2   14 1 1 1
    444    3    2   15 1 1 1
    445    3    2   16 1 1 1
    446    3    2   17 1 1 1
    447    3    2   18 1 1 1
    448    3    2   19 1 1 1
    449    3    2   20 1 1 1
    450    3    2   21 1 1 1
    451    3    2   22 1 1 1
    452    3    2   23 1 1 1
    453    3    2   24 1 1 1
    454    3    2   25 1 1 1
    455    3    2   26 1 1 1
    456    3    2   27 1 1 1
    457    3    2   28 1 1 1
    458    3    2   29 1 1 1
    459    3    2   30 1 1 1
    460    3    2   31 1 1 1
    461    3    2   32 1 1 1
    462    3    2   33 1 1 1
    463    3    2   34 1 1 1
    464    3    2   35 1 1 1
    465    3    2   36 1 1 1
    466    3    2   37 1 1 1
    467    3    2   38 1 1 1
    468    3    2   39 1 1 1
    469    3    3    1 1 1 1
    470    3    3    2 1 1 1
    471    3    3    3 1 1 1
    472    3    3    4 1 1 1
    473    3    3    5 1 1 1
    474    3    3    6 1 1 1
    475    3    3    7 1 1 1
    476    3    3    8 1 1 1
    477    3    3    9 1 1 1
    478    3    3   10 1 1 1
    479    3    3   11 1 1 1
    480    3    3   12 1 1 1
    481    3    3   13 1 1 1
    482    3    3   14 1 1 1
    483    3    3   15 1 1 1
    484    3    3   16 1 1 1
    485    3    3   17 1 1 1
    486    3    3   18 1 1 1
    487    3    3   19 1 1 1
    488    3    3   20 1 1 1
    489    3    3   21 1 1 1
    490    3    3   22 1 1 1
    491    3    3   23 1 1 1
    492    3    3   24 1 1 1
    493    3    3   25 1 1 1
    494    3    3   26 1 1 1
    495    3    3   27 1 1 1
    496    3    3   28 1 1 1
    497    3    3   29 1 1 1
    498    3    3   30 1 1 1
    499    3    3   31 1 1 1
    500    3    3   32 1 1 1
    501    3    3   33 1 1 1
    502    3    3   34 1 1 1
    503    3    3   35 1 1 1
    504    3    3   36 1 1 1
    505    3    3   37 1 1 1
    506    3    3   38 1 1 1
    507    3    3   39 1 1 1
    508    3    4    1 1 1 1
    509    3    4    2 1 1 1
    510    3    4    3 1 1 1
    511    3    4    4 1 1 1
    512    3    4    5 1 1 1
    513    3    4    6 1 1 1
    514    3    4    7 1 1 1
    515    3    4    8 1 1 1
    516    3    4    9 1 1 1
    517    3    4   10 1 1 1
    518    3    4   11 1 1 1
    519    3    4   12 1 1 1
    520    3    4   13 1 1 1
    521    3    4   14 1 1 1
    522    3    4   15 1 1 1
    523    3    4   16 1 1 1
    524    3    4   17 1 1 1
    525    3    4   18 1 1 1
    526    3    4   19 1 1 1
    527    3    4   20 1 1 1
    528    3    4   21 1 1 1
    529    3    4   22 1 1 1
    530    3    4   23 1 1 1
    531    3    4   24 1 1 1
    532    3    4   25 1 1 1
    533    3    4   26 1 1 1
    534    3    4   27 1 1 1
    535    3    4   28 1 1 1
    536    3    4   29 1 1 1
    537    3    4   30 1 1 1
    538    3    4   31 1 1 1
    539    3    4   32 1 1 1
    540    3    4   33 1 1 1
    541    3    4   34 1 1 1
    542    3    4   35 1 1 1
    543    3    4   36 1 1 1
    544    3    4   37 1 1 1
    545    3    4   38 1 1 1
    546    3    4   39 1 1 1
    547    3    5    1 1 1 1
    548    3    5    2 1 1 1
    549    3    5    3 1 1 1
    550    3    5    4 1 1 1
    551    3    5    5 1 1 1
    552    3    5    6 1 1 1
    553    3    5    7 1 1 1
    554    3    5    8 1 1 1
    555    3    5    9 1 1 1
    556    3    5   10 1 1 1
    557    3    5   11 1 1 1
    558    3    5   12 1 1 1
    559    3    5   13 1 1 1
    560    3    5   14 1 1 1
    561    3    5   15 1 1 1
    562    3    5   16 1 1 1
    563    3    5   17 1 1 1
    564    3    5   18 1 1 1
    565    3    5   19 1 1 1
    566    3    5   20 1 1 1
    567    3    5   21 1 1 1
    568    3    5   22 1 1 1
    569    3    5   23 1 1 1
    570    3    5   24 1 1 1
    571    3    5   25 1 1 1
    572    3    5   26 1 1 1
    573    3    5   27 1 1 1
    574    3    5   28 1 1 1
    575    3    5   29 1 1 1
    576    3    5   30 1 1 1
    577    3    5   31 1 1 1
    578    3    5   32 1 1 1
    579    3    5   33 1 1 1
    580    3    5   34 1 1 1
    581    3    5   35 1 1 1
    582    3    5   36 1 1 1
    583    3    5   37 1 1 1
    584    3    5   38 1 1 1
    585    3    5   39 1 1 1
    586    4    1    1 1 1 1
    587    4    1    2 1 1 1
    588    4    1    3 1 1 1
    589    4    1    4 1 1 1
    590    4    1    5 1 1 1
    591    4    1    6 1 1 1
    592    4    1    7 1 1 1
    593    4    1    8 1 1 1
    594    4    1    9 1 1 1
    595    4    1   10 1 1 1
    596    4    1   11 1 1 1
    597    4    1   12 1 1 1
    598    4    1   13 1 1 1
    599    4    1   14 1 1 1
    600    4    1   15 1 1 1
    601    4    1   16 1 1 1
    602    4    1   17 1 1 1
    603    4    1   18 1 1 1
    604    4    1   19 1 1 1
    605    4    1   20 1 1 1
    606    4    1   21 1 1 1
    607    4    1   22 1 1 1
    608    4    1   23 1 1 1
    609    4    1   24 1 1 1
    610    4    1   25 1 1 1
    611    4    1   26 1 1 1
    612    4    1   27 1 1 1
    613    4    1   28 1 1 1
    614    4    1   29 1 1 1
    615    4    1   30 1 1 1
    616    4    1   31 1 1 1
    617    4    1   32 1 1 1
    618    4    1   33 1 1 1
    619    4    1   34 1 1 1
    620    4    1   35 1 1 1
    621    4    1   36 1 1 1
    622    4    1   37 1 1 1
    623    4    1   38 1 1 1
    624    4    1   39 1 1 1
    625    4    2    1 1 1 1
    626    4    2    2 1 1 1
    627    4    2    3 1 1 1
    628    4    2    4 1 1 1
    629    4    2    5 1 1 1
    630    4    2    6 1 1 1
    631    4    2    7 1 1 1
    632    4    2    8 1 1 1
    633    4    2    9 1 1 1
    634    4    2   10 1 1 1
    635    4    2   11 1 1 1
    636    4    2   12 1 1 1
    637    4    2   13 1 1 1
    638    4    2   14 1 1 1
    639    4    2   15 1 1 1
    640    4    2   16 1 1 1
    641    4    2   17 1 1 1
    642    4    2   18 1 1 1
    643    4    2   19 1 1 1
    644    4    2   20 1 1 1
    645    4    2   21 1 1 1
    646    4    2   22 1 1 1
    647    4    2   23 1 1 1
    648    4    2   24 1 1 1
    649    4    2   25 1 1 1
    650    4    2   26 1 1 1
    651    4    2   27 1 1 1
    652    4    2   28 1 1 1
    653    4    2   29 1 1 1
    654    4    2   30 1 1 1
    655    4    2   31 1 1 1
    656    4    2   32 1 1 1
    657    4    2   33 1 1 1
    658    4    2   34 1 1 1
    659    4    2   35 1 1 1
    660    4    2   36 1 1 1
    661    4    2   37 1 1 1
    662    4    2   38 1 1 1
    663    4    2   39 1 1 1
    664    4    3    1 1 1 1
    665    4    3    2 1 1 1
    666    4    3    3 1 1 1
    667    4    3    4 1 1 1
    668    4    3    5 1 1 1
    669    4    3    6 1 1 1
    670    4    3    7 1 1 1
    671    4    3    8 1 1 1
    672    4    3    9 1 1 1
    673    4    3   10 1 1 1
    674    4    3   11 1 1 1
    675    4    3   12 1 1 1
    676    4    3   13 1 1 1
    677    4    3   14 1 1 1
    678    4    3   15 1 1 1
    679    4    3   16 1 1 1
    680    4    3   17 1 1 1
    681    4    3   18 1 1 1
    682    4    3   19 1 1 1
    683    4    3   20 1 1 1
    684    4    3   21 1 1 1
    685    4    3   22 1 1 1
    686    4    3   23 1 1 1
    687    4    3   24 1 1 1
    688    4    3   25 1 1 1
    689    4    3   26 1 1 1
    690    4    3   27 1 1 1
    691    4    3   28 1 1 1
    692    4    3   29 1 1 1
    693    4    3   30 1 1 1
    694    4    3   31 1 1 1
    695    4    3   32 1 1 1
    696    4    3   33 1 1 1
    697    4    3   34 1 1 1
    698    4    3   35 1 1 1
    699    4    3   36 1 1 1
    700    4    3   37 1 1 1
    701    4    3   38 1 1 1
    702    4    3   39 1 1 1
    703    4    4    1 1 1 1
    704    4    4    2 1 1 1
    705    4    4    3 1 1 1
    706    4    4    4 1 1 1
    707    4    4    5 1 1 1
    708    4    4    6 1 1 1
    709    4    4    7 1 1 1
    710    4    4    8 1 1 1
    711    4    4    9 1 1 1
    712    4    4   10 1 1 1
    713    4    4   11 1 1 1
    714    4    4   12 1 1 1
    715    4    4   13 1 1 1
    716    4    4   14 1 1 1
    717    4    4   15 1 1 1
    718    4    4   16 1 1 1
    719    4    4   17 1 1 1
    720    4    4   18 1 1 1
    721    4    4   19 1 1 1
    722    4    4   20 1 1 1
    723    4    4   21 1 1 1
    724    4    4   22 1 1 1
    725    4    4   23 1 1 1
    726    4    4   24 1 1 1
    727    4    4   25 1 1 1
    728    4    4   26 1 1 1
    729    4    4   27 1 1 1
    730    4    4   28 1 1 1
    731    4    4   29 1 1 1
    732    4    4   30 1 1 1
    733    4    4   31 1 1 1
    734    4    4   32 1 1 1
    735    4    4   33 1 1 1
    736    4    4   34 1 1 1
    737    4    4   35 1 1 1
    738    4    4   36 1 1 1
    739    4    4   37 1 1 1
    740    4    4   38 1 1 1
    741    4    4   39 1 1 1
    742    4    5    1 1 1 1
    743    4    5    2 1 1 1
    744    4    5    3 1 1 1
    745    4    5    4 1 1 1
    746    4    5    5 1 1 1
    747    4    5    6 1 1 1
    748    4    5    7 1 1 1
    749    4    5    8 1 1 1
    750    4    5    9 1 1 1
    751    4    5   10 1 1 1
    752    4    5   11 1 1 1
    753    4    5   12 1 1 1
    754    4    5   13 1 1 1
    755    4    5   14 1 1 1
    756    4    5   15 1 1 1
    757    4    5   16 1 1 1
    758    4    5   17 1 1 1
    759    4    5   18 1 1 1
    760    4    5   19 1 1 1
    761    4    5   20 1 1 1
    762    4    5   21 1 1 1
    763    4    5   22 1 1 1
    764    4    5   23 1 1 1
    765    4    5   24 1 1 1
    766    4    5   25 1 1 1
    767    4    5   26 1 1 1
    768    4    5   27 1 1 1
    769    4    5   28 1 1 1
    770    4    5   29 1 1 1
    771    4    5   30 1 1 1
    772    4    5   31 1 1 1
    773    4    5   32 1 1 1
    774    4    5   33 1 1 1
    775    4    5   34 1 1 1
    776    4    5   35 1 1 1
    777    4    5   36 1 1 1
    778    4    5   37 1 1 1
    779    4    5   38 1 1 1
    780    4    5   39 1 1 1
    781    5    1    1 1 1 1
    782    5    1    2 1 1 1
    783    5    1    3 1 1 1
    784    5    1    4 1 1 1
    785    5    1    5 1 1 1
    786    5    1    6 1 1 1
    787    5    1    7 1 1 1
    788    5    1    8 1 1 1
    789    5    1    9 1 1 1
    790    5    1   10 1 1 1
    791    5    1   11 1 1 1
    792    5    1   12 1 1 1
    793    5    1   13 1 1 1
    794    5    1   14 1 1 1
    795    5    1   15 1 1 1
    796    5    1   16 1 1 1
    797    5    1   17 1 1 1
    798    5    1   18 1 1 1
    799    5    1   19 1 1 1
    800    5    1   20 1 1 1
    801    5    1   21 1 1 1
    802    5    1   22 1 1 1
    803    5    1   23 1 1 1
    804    5    1   24 1 1 1
    805    5    1   25 1 1 1
    806    5    1   26 1 1 1
    807    5    1   27 1 1 1
    808    5    1   28 1 1 1
    809    5    1   29 1 1 1
    810    5    1   30 1 1 1
    811    5    1   31 1 1 1
    812    5    1   32 1 1 1
    813    5    1   33 1 1 1
    814    5    1   34 1 1 1
    815    5    1   35 1 1 1
    816    5    1   36 1 1 1
    817    5    1   37 1 1 1
    818    5    1   38 1 1 1
    819    5    1   39 1 1 1
    820    5    2    1 1 1 1
    821    5    2    2 1 1 1
    822    5    2    3 1 1 1
    823    5    2    4 1 1 1
    824    5    2    5 1 1 1
    825    5    2    6 1 1 1
    826    5    2    7 1 1 1
    827    5    2    8 1 1 1
    828    5    2    9 1 1 1
    829    5    2   10 1 1 1
    830    5    2   11 1 1 1
    831    5    2   12 1 1 1
    832    5    2   13 1 1 1
    833    5    2   14 1 1 1
    834    5    2   15 1 1 1
    835    5    2   16 1 1 1
    836    5    2   17 1 1 1
    837    5    2   18 1 1 1
    838    5    2   19 1 1 1
    839    5    2   20 1 1 1
    840    5    2   21 1 1 1
    841    5    2   22 1 1 1
    842    5    2   23 1 1 1
    843    5    2   24 1 1 1
    844    5    2   25 1 1 1
    845    5    2   26 1 1 1
    846    5    2   27 1 1 1
    847    5    2   28 1 1 1
    848    5    2   29 1 1 1
    849    5    2   30 1 1 1
    850    5    2   31 1 1 1
    851    5    2   32 1 1 1
    852    5    2   33 1 1 1
    853    5    2   34 1 1 1
    854    5    2   35 1 1 1
    855    5    2   36 1 1 1
    856    5    2   37 1 1 1
    857    5    2   38 1 1 1
    858    5    2   39 1 1 1
    859    5    3    1 1 1 1
    860    5    3    2 1 1 1
    861    5    3    3 1 1 1
    862    5    3    4 1 1 1
    863    5    3    5 1 1 1
    864    5    3    6 1 1 1
    865    5    3    7 1 1 1
    866    5    3    8 1 1 1
    867    5    3    9 1 1 1
    868    5    3   10 1 1 1
    869    5    3   11 1 1 1
    870    5    3   12 1 1 1
    871    5    3   13 1 1 1
    872    5    3   14 1 1 1
    873    5    3   15 1 1 1
    874    5    3   16 1 1 1
    875    5    3   17 1 1 1
    876    5    3   18 1 1 1
    877    5    3   19 1 1 1
    878    5    3   20 1 1 1
    879    5    3   21 1 1 1
    880    5    3   22 1 1 1
    881    5    3   23 1 1 1
    882    5    3   24 1 1 1
    883    5    3   25 1 1 1
    884    5    3   26 1 1 1
    885    5    3   27 1 1 1
    886    5    3   28 1 1 1
    887    5    3   29 1 1 1
    888    5    3   30 1 1 1
    889    5    3   31 1 1 1
    890    5    3   32 1 1 1
    891    5    3   33 1 1 1
    892    5    3   34 1 1 1
    893    5    3   35 1 1 1
    894    5    3   36 1 1 1
    895    5    3   37 1 1 1
    896    5    3   38 1 1 1
    897    5    3   39 1 1 1
    898    5    4    1 1 1 1
    899    5    4    2 1 1 1
    900    5    4    3 1 1 1
    901    5    4    4 1 1 1
    902    5    4    5 1 1 1
    903    5    4    6 1 1 1
    904    5    4    7 1 1 1
    905    5    4    8 1 1 1
    906    5    4    9 1 1 1
    907    5    4   10 1 1 1
    908    5    4   11 1 1 1
    909    5    4   12 1 1 1
    910    5    4   13 1 1 1
    911    5    4   14 1 1 1
    912    5    4   15 1 1 1
    913    5    4   16 1 1 1
    914    5    4   17 1 1 1
    915    5    4   18 1 1 1
    916    5    4   19 1 1 1
    917    5    4   20 1 1 1
    918    5    4   21 1 1 1
    919    5    4   22 1 1 1
    920    5    4   23 1 1 1
    921    5    4   24 1 1 1
    922    5    4   25 1 1 1
    923    5    4   26 1 1 1
    924    5    4   27 1 1 1
    925    5    4   28 1 1 1
    926    5    4   29 1 1 1
    927    5    4   30 1 1 1
    928    5    4   31 1 1 1
    929    5    4   32 1 1 1
    930    5    4   33 1 1 1
    931    5    4   34 1 1 1
    932    5    4   35 1 1 1
    933    5    4   36 1 1 1
    934    5    4   37 1 1 1
    935    5    4   38 1 1 1
    936    5    4   39 1 1 1
    937    5    5    1 1 1 1
    938    5    5    2 1 1 1
    939    5    5    3 1 1 1
    940    5    5    4 1 1 1
    941    5    5    5 1 1 1
    942    5    5    6 1 1 1
    943    5    5    7 1 1 1
    944    5    5    8 1 1 1
    945    5    5    9 1 1 1
    946    5    5   10 1 1 1
    947    5    5   11 1 1 1
    948    5    5   12 1 1 1
    949    5    5   13 1 1 1
    950    5    5   14 1 1 1
    951    5    5   15 1 1 1
    952    5    5   16 1 1 1
    953    5    5   17 1 1 1
    954    5    5   18 1 1 1
    955    5    5   19 1 1 1
    956    5    5   20 1 1 1
    957    5    5   21 1 1 1
    958    5    5   22 1 1 1
    959    5    5   23 1 1 1
    960    5    5   24 1 1 1
    961    5    5   25 1 1 1
    962    5    5   26 1 1 1
    963    5    5   27 1 1 1
    964    5    5   28 1 1 1
    965    5    5   29 1 1 1
    966    5    5   30 1 1 1
    967    5    5   31 1 1 1
    968    5    5   32 1 1 1
    969    5    5   33 1 1 1
    970    5    5   34 1 1 1
    971    5    5   35 1 1 1
    972    5    5   36 1 1 1
    973    5    5   37 1 1 1
    974    5    5   38 1 1 1
    975    5    5   39 1 1 1
    976    6    1    1 1 1 1
    977    6    1    2 1 1 1
    978    6    1    3 1 1 1
    979    6    1    4 1 1 1
    980    6    1    5 1 1 1
    981    6    1    6 1 1 1
    982    6    1    7 1 1 1
    983    6    1    8 1 1 1
    984    6    1    9 1 1 1
    985    6    1   10 1 1 1
    986    6    1   11 1 1 1
    987    6    1   12 1 1 1
    988    6    1   13 1 1 1
    989    6    1   14 1 1 1
    990    6    1   15 1 1 1
    991    6    1   16 1 1 1
    992    6    1   17 1 1 1
    993    6    1   18 1 1 1
    994    6    1   19 1 1 1
    995    6    1   20 1 1 1
    996    6    1   21 1 1 1
    997    6    1   22 1 1 1
    998    6    1   23 1 1 1
    999    6    1   24 1 1 1
   1000    6    1   25 1 1 1
   1001    6    1   26 1 1 1
   1002    6    1   27 1 1 1
   1003    6    1   28 1 1 1
   1004    6    1   29 1 1 1
   1005    6    1   30 1 1 1
   1006    6    1   31 1 1 1
   1007    6    1   32 1 1 1
   1008    6    1   33 1 1 1
   1009    6    1   34 1 1 1
   1010    6    1   35 1 1 1
   1011    6    1   36 1 1 1
   1012    6    1   37 1 1 1
   1013    6    1   38 1 1 1
   1014    6    1   39 1 1 1
   1015    6    2    1 1 1 1
   1016    6    2    2 1 1 1
   1017    6    2    3 1 1 1
   1018    6    2    4 1 1 1
   1019    6    2    5 1 1 1
   1020    6    2    6 1 1 1
   1021    6    2    7 1 1 1
   1022    6    2    8 1 1 1
   1023    6    2    9 1 1 1
   1024    6    2   10 1 1 1
   1025    6    2   11 1 1 1
   1026    6    2   12 1 1 1
   1027    6    2   13 1 1 1
   1028    6    2   14 1 1 1
   1029    6    2   15 1 1 1
   1030    6    2   16 1 1 1
   1031    6    2   17 1 1 1
   1032    6    2   18 1 1 1
   1033    6    2   19 1 1 1
   1034    6    2   20 1 1 1
   1035    6    2   21 1 1 1
   1036    6    2   22 1 1 1
   1037    6    2   23 1 1 1
   1038    6    2   24 1 1 1
   1039    6    2   25 1 1 1
   1040    6    2   26 1 1 1
   1041    6    2   27 1 1 1
   1042    6    2   28 1 1 1
   1043    6    2   29 1 1 1
   1044    6    2   30 1 1 1
   1045    6    2   31 1 1 1
   1046    6    2   32 1 1 1
   1047    6    2   33 1 1 1
   1048    6    2   34 1 1 1
   1049    6    2   35 1 1 1
   1050    6    2   36 1 1 1
   1051    6    2   37 1 1 1
   1052    6    2   38 1 1 1
   1053    6    2   39 1 1 1
   1054    6    3    1 1 1 1
   1055    6    3    2 1 1 1
   1056    6    3    3 1 1 1
   1057    6    3    4 1 1 1
   1058    6    3    5 1 1 1
   1059    6    3    6 1 1 1
   1060    6    3    7 1 1 1
   1061    6    3    8 1 1 1
   1062    6    3    9 1 1 1
   1063    6    3   10 1 1 1
   1064    6    3   11 1 1 1
   1065    6    3   12 1 1 1
   1066    6    3   13 1 1 1
   1067    6    3   14 1 1 1
   1068    6    3   15 1 1 1
   1069    6    3   16 1 1 1
   1070    6    3   17 1 1 1
   1071    6    3   18 1 1 1
   1072    6    3   19 1 1 1
   1073    6    3   20 1 1 1
   1074    6    3   21 1 1 1
   1075    6    3   22 1 1 1
   1076    6    3   23 1 1 1
   1077    6    3   24 1 1 1
   1078    6    3   25 1 1 1
   1079    6    3   26 1 1 1
   1080    6    3   27 1 1 1
   1081    6    3   28 1 1 1
   1082    6    3   29 1 1 1
   1083    6    3   30 1 1 1
   1084    6    3   31 1 1 1
   1085    6    3   32 1 1 1
   1086    6    3   33 1 1 1
   1087    6    3   34 1 1 1
   1088    6    3   35 1 1 1
   1089    6    3   36 1 1 1
   1090    6    3   37 1 1 1
   1091    6    3   38 1 1 1
   1092    6    3   39 1 1 1
   1093    6    4    1 1 1 1
   1094    6    4    2 1 1 1
   1095    6    4    3 1 1 1
   1096    6    4    4 1 1 1
   1097    6    4    5 1 1 1
   1098    6    4    6 1 1 1
   1099    6    4    7 1 1 1
   1100    6    4    8 1 1 1
   1101    6    4    9 1 1 1
   1102    6    4   10 1 1 1
   1103    6    4   11 1 1 1
   1104    6    4   12 1 1 1
   1105    6    4   13 1 1 1
   1106    6    4   14 1 1 1
   1107    6    4   15 1 1 1
   1108    6    4   16 1 1 1
   1109    6    4   17 1 1 1
   1110    6    4   18 1 1 1
   1111    6    4   19 1 1 1
   1112    6    4   20 1 1 1
   1113    6    4   21 1 1 1
   1114    6    4   22 1 1 1
   1115    6    4   23 1 1 1
   1116    6    4   24 1 1 1
   1117    6    4   25 1 1 1
   1118    6    4   26 1 1 1
   1119    6    4   27 1 1 1
   1120    6    4   28 1 1 1
   1121    6    4   29 1 1 1
   1122    6    4   30 1 1 1
   1123    6    4   31 1 1 1
   1124    6    4   32 1 1 1
   1125    6    4   33 1 1 1
   1126    6    4   34 1 1 1
   1127    6    4   35 1 1 1
   1128    6    4   36 1 1 1
   1129    6    4   37 1 1 1
   1130    6    4   38 1 1 1
   1131    6    4   39 1 1 1
   1132    6    5    1 1 1 1
   1133    6    5    2 1 1 1
   1134    6    5    3 1 1 1
   1135    6    5    4 1 1 1
   1136    6    5    5 1 1 1
   1137    6    5    6 1 1 1
   1138    6    5    7 1 1 1
   1139    6    5    8 1 1 1
   1140    6    5    9 1 1 1
   1141    6    5   10 1 1 1
   1142    6    5   11 1 1 1
   1143    6    5   12 1 1 1
   1144    6    5   13 1 1 1
   1145    6    5   14 1 1 1
   1146    6    5   15 1 1 1
   1147    6    5   16 1 1 1
   1148    6    5   17 1 1 1
   1149    6    5   18 1 1 1
   1150    6    5   19 1 1 1
   1151    6    5   20 1 1 1
   1152    6    5   21 1 1 1
   1153    6    5   22 1 1 1
   1154    6    5   23 1 1 1
   1155    6    5   24 1 1 1
   1156    6    5   25 1 1 1
   1157    6    5   26 1 1 1
   1158    6    5   27 1 1 1
   1159    6    5   28 1 1 1
   1160    6    5   29 1 1 1
   1161    6    5   30 1 1 1
   1162    6    5   31 1 1 1
   1163    6    5   32 1 1 1
   1164    6    5   33 1 1 1
   1165    6    5   34 1 1 1
   1166    6    5   35 1 1 1
   1167    6    5   36 1 1 1
   1168    6    5   37 1 1 1
   1169    6    5   38 1 1 1
   1170    6    5   39 1 1 1
   1171    7    1    1 1 1 1
   1172    7    1    2 1 1 1
   1173    7    1    3 1 1 1
   1174    7    1    4 1 1 1
   1175    7    1    5 1 1 1
   1176    7    1    6 1 1 1
   1177    7    1    7 1 1 1
   1178    7    1    8 1 1 1
   1179    7    1    9 1 1 1
   1180    7    1   10 1 1 1
   1181    7    1   11 1 1 1
   1182    7    1   12 1 1 1
   1183    7    1   13 1 1 1
   1184    7    1   14 1 1 1
   1185    7    1   15 1 1 1
   1186    7    1   16 1 1 1
   1187    7    1   17 1 1 1
   1188    7    1   18 1 1 1
   1189    7    1   19 1 1 1
   1190    7    1   20 1 1 1
   1191    7    1   21 1 1 1
   1192    7    1   22 1 1 1
   1193    7    1   23 1 1 1
   1194    7    1   24 1 1 1
   1195    7    1   25 1 1 1
   1196    7    1   26 1 1 1
   1197    7    1   27 1 1 1
   1198    7    1   28 1 1 1
   1199    7    1   29 1 1 1
   1200    7    1   30 1 1 1
   1201    7    1   31 1 1 1
   1202    7    1   32 1 1 1
   1203    7    1   33 1 1 1
   1204    7    1   34 1 1 1
   1205    7    1   35 1 1 1
   1206    7    1   36 1 1 1
   1207    7    1   37 1 1 1
   1208    7    1   38 1 1 1
   1209    7    1   39 1 1 1
   1210    7    2    1 1 1 1
   1211    7    2    2 1 1 1
   1212    7    2    3 1 1 1
   1213    7    2    4 1 1 1
   1214    7    2    5 1 1 1
   1215    7    2    6 1 1 1
   1216    7    2    7 1 1 1
   1217    7    2    8 1 1 1
   1218    7    2    9 1 1 1
   1219    7    2   10 1 1 1
   1220    7    2   11 1 1 1
   1221    7    2   12 1 1 1
   1222    7    2   13 1 1 1
   1223    7    2   14 1 1 1
   1224    7    2   15 1 1 1
   1225    7    2   16 1 1 1
   1226    7    2   17 1 1 1
   1227    7    2   18 1 1 1
   1228    7    2   19 1 1 1
   1229    7    2   20 1 1 1
   1230    7    2   21 1 1 1
   1231    7    2   22 1 1 1
   1232    7    2   23 1 1 1
   1233    7    2   24 1 1 1
   1234    7    2   25 1 1 1
   1235    7    2   26 1 1 1
   1236    7    2   27 1 1 1
   1237    7    2   28 1 1 1
   1238    7    2   29 1 1 1
   1239    7    2   30 1 1 1
   1240    7    2   31 1 1 1
   1241    7    2   32 1 1 1
   1242    7    2   33 1 1 1
   1243    7    2   34 1 1 1
   1244    7    2   35 1 1 1
   1245    7    2   36 1 1 1
   1246    7    2   37 1 1 1
   1247    7    2   38 1 1 1
   1248    7    2   39 1 1 1
   1249    7    3    1 1 1 1
   1250    7    3    2 1 1 1
   1251    7    3    3 1 1 1
   1252    7    3    4 1 1 1
   1253    7    3    5 1 1 1
   1254    7    3    6 1 1 1
   1255    7    3    7 1 1 1
   1256    7    3    8 1 1 1
   1257    7    3    9 1 1 1
   1258    7    3   10 1 1 1
   1259    7    3   11 1 1 1
   1260    7    3   12 1 1 1
   1261    7    3   13 1 1 1
   1262    7    3   14 1 1 1
   1263    7    3   15 1 1 1
   1264    7    3   16 1 1 1
   1265    7    3   17 1 1 1
   1266    7    3   18 1 1 1
   1267    7    3   19 1 1 1
   1268    7    3   20 1 1 1
   1269    7    3   21 1 1 1
   1270    7    3   22 1 1 1
   1271    7    3   23 1 1 1
   1272    7    3   24 1 1 1
   1273    7    3   25 1 1 1
   1274    7    3   26 1 1 1
   1275    7    3   27 1 1 1
   1276    7    3   28 1 1 1
   1277    7    3   29 1 1 1
   1278    7    3   30 1 1 1
   1279    7    3   31 1 1 1
   1280    7    3   32 1 1 1
   1281    7    3   33 1 1 1
   1282    7    3   34 1 1 1
   1283    7    3   35 1 1 1
   1284    7    3   36 1 1 1
   1285    7    3   37 1 1 1
   1286    7    3   38 1 1 1
   1287    7    3   39 1 1 1
   1288    7    4    1 1 1 1
   1289    7    4    2 1 1 1
   1290    7    4    3 1 1 1
   1291    7    4    4 1 1 1
   1292    7    4    5 1 1 1
   1293    7    4    6 1 1 1
   1294    7    4    7 1 1 1
   1295    7    4    8 1 1 1
   1296    7    4    9 1 1 1
   1297    7    4   10 1 1 1
   1298    7    4   11 1 1 1
   1299    7    4   12 1 1 1
   1300    7    4   13 1 1 1
   1301    7    4   14 1 1 1
   1302    7    4   15 1 1 1
   1303    7    4   16 1 1 1
   1304    7    4   17 1 1 1
   1305    7    4   18 1 1 1
   1306    7    4   19 1 1 1
   1307    7    4   20 1 1 1
   1308    7    4   21 1 1 1
   1309    7    4   22 1 1 1
   1310    7    4   23 1 1 1
   1311    7    4   24 1 1 1
   1312    7    4   25 1 1 1
   1313    7    4   26 1 1 1
   1314    7    4   27 1 1 1
   1315    7    4   28 1 1 1
   1316    7    4   29 1 1 1
   1317    7    4   30 1 1 1
   1318    7    4   31 1 1 1
   1319    7    4   32 1 1 1
   1320    7    4   33 1 1 1
   1321    7    4   34 1 1 1
   1322    7    4   35 1 1 1
   1323    7    4   36 1 1 1
   1324    7    4   37 1 1 1
   1325    7    4   38 1 1 1
   1326    7    4   39 1 1 1
   1327    7    5    1 1 1 1
   1328    7    5    2 1 1 1
   1329    7    5    3 1 1 1
   1330    7    5    4 1 1 1
   1331    7    5    5 1 1 1
   1332    7    5    6 1 1 1
   1333    7    5    7 1 1 1
   1334    7    5    8 1 1 1
   1335    7    5    9 1 1 1
   1336    7    5   10 1 1 1
   1337    7    5   11 1 1 1
   1338    7    5   12 1 1 1
   1339    7    5   13 1 1 1
   1340    7    5   14 1 1 1
   1341    7    5   15 1 1 1
   1342    7    5   16 1 1 1
   1343    7    5   17 1 1 1
   1344    7    5   18 1 1 1
   1345    7    5   19 1 1 1
   1346    7    5   20 1 1 1
   1347    7    5   21 1 1 1
   1348    7    5   22 1 1 1
   1349    7    5   23 1 1 1
   1350    7    5   24 1 1 1
   1351    7    5   25 1 1 1
   1352    7    5   26 1 1 1
   1353    7    5   27 1 1 1
   1354    7    5   28 1 1 1
   1355    7    5   29 1 1 1
   1356    7    5   30 1 1 1
   1357    7    5   31 1 1 1
   1358    7    5   32 1 1 1
   1359    7    5   33 1 1 1
   1360    7    5   34 1 1 1
   1361    7    5   35 1 1 1
   1362    7    5   36 1 1 1
   1363    7    5   37 1 1 1
   1364    7    5   38 1 1 1
   1365    7    5   39 1 1 1
   1366    8    1    1 1 1 1
   1367    8    1    2 1 1 1
   1368    8    1    3 1 1 1
   1369    8    1    4 1 1 1
   1370    8    1    5 1 1 1
   1371    8    1    6 1 1 1
   1372    8    1    7 1 1 1
   1373    8    1    8 1 1 1
   1374    8    1    9 1 1 1
   1375    8    1   10 1 1 1
   1376    8    1   11 1 1 1
   1377    8    1   12 1 1 1
   1378    8    1   13 1 1 1
   1379    8    1   14 1 1 1
   1380    8    1   15 1 1 1
   1381    8    1   16 1 1 1
   1382    8    1   17 1 1 1
   1383    8    1   18 1 1 1
   1384    8    1   19 1 1 1
   1385    8    1   20 1 1 1
   1386    8    1   21 1 1 1
   1387    8    1   22 1 1 1
   1388    8    1   23 1 1 1
   1389    8    1   24 1 1 1
   1390    8    1   25 1 1 1
   1391    8    1   26 1 1 1
   1392    8    1   27 1 1 1
   1393    8    1   28 1 1 1
   1394    8    1   29 1 1 1
   1395    8    1   30 1 1 1
   1396    8    1   31 1 1 1
   1397    8    1   32 1 1 1
   1398    8    1   33 1 1 1
   1399    8    1   34 1 1 1
   1400    8    1   35 1 1 1
   1401    8    1   36 1 1 1
   1402    8    1   37 1 1 1
   1403    8    1   38 1 1 1
   1404    8    1   39 1 1 1
   1405    8    2    1 1 1 1
   1406    8    2    2 1 1 1
   1407    8    2    3 1 1 1
   1408    8    2    4 1 1 1
   1409    8    2    5 1 1 1
   1410    8    2    6 1 1 1
   1411    8    2    7 1 1 1
   1412    8    2    8 1 1 1
   1413    8    2    9 1 1 1
   1414    8    2   10 1 1 1
   1415    8    2   11 1 1 1
   1416    8    2   12 1 1 1
   1417    8    2   13 1 1 1
   1418    8    2   14 1 1 1
   1419    8    2   15 1 1 1
   1420    8    2   16 1 1 1
   1421    8    2   17 1 1 1
   1422    8    2   18 1 1 1
   1423    8    2   19 1 1 1
   1424    8    2   20 1 1 1
   1425    8    2   21 1 1 1
   1426    8    2   22 1 1 1
   1427    8    2   23 1 1 1
   1428    8    2   24 1 1 1
   1429    8    2   25 1 1 1
   1430    8    2   26 1 1 1
   1431    8    2   27 1 1 1
   1432    8    2   28 1 1 1
   1433    8    2   29 1 1 1
   1434    8    2   30 1 1 1
   1435    8    2   31 1 1 1
   1436    8    2   32 1 1 1
   1437    8    2   33 1 1 1
   1438    8    2   34 1 1 1
   1439    8    2   35 1 1 1
   1440    8    2   36 1 1 1
   1441    8    2   37 1 1 1
   1442    8    2   38 1 1 1
   1443    8    2   39 1 1 1
   1444    8    3    1 1 1 1
   1445    8    3    2 1 1 1
   1446    8    3    3 1 1 1
   1447    8    3    4 1 1 1
   1448    8    3    5 1 1 1
   1449    8    3    6 1 1 1
   1450    8    3    7 1 1 1
   1451    8    3    8 1 1 1
   1452    8    3    9 1 1 1
   1453    8    3   10 1 1 1
   1454    8    3   11 1 1 1
   1455    8    3   12 1 1 1
   1456    8    3   13 1 1 1
   1457    8    3   14 1 1 1
   1458    8    3   15 1 1 1
   1459    8    3   16 1 1 1
   1460    8    3   17 1 1 1
   1461    8    3   18 1 1 1
   1462    8    3   19 1 1 1
   1463    8    3   20 1 1 1
   1464    8    3   21 1 1 1
   1465    8    3   22 1 1 1
   1466    8    3   23 1 1 1
   1467    8    3   24 1 1 1
   1468    8    3   25 1 1 1
   1469    8    3   26 1 1 1
   1470    8    3   27 1 1 1
   1471    8    3   28 1 1 1
   1472    8    3   29 1 1 1
   1473    8    3   30 1 1 1
   1474    8    3   31 1 1 1
   1475    8    3   32 1 1 1
   1476    8    3   33 1 1 1
   1477    8    3   34 1 1 1
   1478    8    3   35 1 1 1
   1479    8    3   36 1 1 1
   1480    8    3   37 1 1 1
   1481    8    3   38 1 1 1
   1482    8    3   39 1 1 1
   1483    8    4    1 1 1 1
   1484    8    4    2 1 1 1
   1485    8    4    3 1 1 1
   1486    8    4    4 1 1 1
   1487    8    4    5 1 1 1
   1488    8    4    6 1 1 1
   1489    8    4    7 1 1 1
   1490    8    4    8 1 1 1
   1491    8    4    9 1 1 1
   1492    8    4   10 1 1 1
   1493    8    4   11 1 1 1
   1494    8    4   12 1 1 1
   1495    8    4   13 1 1 1
   1496    8    4   14 1 1 1
   1497    8    4   15 1 1 1
   1498    8    4   16 1 1 1
   1499    8    4   17 1 1 1
   1500    8    4   18 1 1 1
   1501    8    4   19 1 1 1
   1502    8    4   20 1 1 1
   1503    8    4   21 1 1 1
   1504    8    4   22 1 1 1
   1505    8    4   23 1 1 1
   1506    8    4   24 1 1 1
   1507    8    4   25 1 1 1
   1508    8    4   26 1 1 1
   1509    8    4   27 1 1 1
   1510    8    4   28 1 1 1
   1511    8    4   29 1 1 1
   1512    8    4   30 1 1 1
   1513    8    4   31 1 1 1
   1514    8    4   32 1 1 1
   1515    8    4   33 1 1 1
   1516    8    4   34 1 1 1
   1517    8    4   35 1 1 1
   1518    8    4   36 1 1 1
   1519    8    4   37 1 1 1
   1520    8    4   38 1 1 1
   1521    8    4   39 1 1 1
   1522    8    5    1 1 1 1
   1523    8    5    2 1 1 1
   1524    8    5    3 1 1 1
   1525    8    5    4 1 1 1
   1526    8    5    5 1 1 1
   1527    8    5    6 1 1 1
   1528    8    5    7 1 1 1
   1529    8    5    8 1 1 1
   1530    8    5    9 1 1 1
   1531    8    5   10 1 1 1
   1532    8    5   11 1 1 1
   1533    8    5   12 1 1 1
   1534    8    5   13 1 1 1
   1535    8    5   14 1 1 1
   1536    8    5   15 1 1 1
   1537    8    5   16 1 1 1
   1538    8    5   17 1 1 1
   1539    8    5   18 1 1 1
   1540    8    5   19 1 1 1
   1541    8    5   20 1 1 1
   1542    8    5   21 1 1 1
   1543    8    5   22 1 1 1
   1544    8    5   23 1 1 1
   1545    8    5   24 1 1 1
   1546    8    5   25 1 1 1
   1547    8    5   26 1 1 1
   1548    8    5   27 1 1 1
   1549    8    5   28 1 1 1
   1550    8    5   29 1 1 1
   1551    8    5   30 1 1 1
   1552    8    5   31 1 1 1
   1553    8    5   32 1 1 1
   1554    8    5   33 1 1 1
   1555    8    5   34 1 1 1
   1556    8    5   35 1 1 1
   1557    8    5   36 1 1 1
   1558    8    5   37 1 1 1
   1559    8    5   38 1 1 1
   1560    8    5   39 1 1 1
   1561    9    1    1 1 1 1
   1562    9    1    2 1 1 1
   1563    9    1    3 1 1 1
   1564    9    1    4 1 1 1
   1565    9    1    5 1 1 1
   1566    9    1    6 1 1 1
   1567    9    1    7 1 1 1
   1568    9    1    8 1 1 1
   1569    9    1    9 1 1 1
   1570    9    1   10 1 1 1
   1571    9    1   11 1 1 1
   1572    9    1   12 1 1 1
   1573    9    1   13 1 1 1
   1574    9    1   14 1 1 1
   1575    9    1   15 1 1 1
   1576    9    1   16 1 1 1
   1577    9    1   17 1 1 1
   1578    9    1   18 1 1 1
   1579    9    1   19 1 1 1
   1580    9    1   20 1 1 1
   1581    9    1   21 1 1 1
   1582    9    1   22 1 1 1
   1583    9    1   23 1 1 1
   1584    9    1   24 1 1 1
   1585    9    1   25 1 1 1
   1586    9    1   26 1 1 1
   1587    9    1   27 1 1 1
   1588    9    1   28 1 1 1
   1589    9    1   29 1 1 1
   1590    9    1   30 1 1 1
   1591    9    1   31 1 1 1
   1592    9    1   32 1 1 1
   1593    9    1   33 1 1 1
   1594    9    1   34 1 1 1
   1595    9    1   35 1 1 1
   1596    9    1   36 1 1 1
   1597    9    1   37 1 1 1
   1598    9    1   38 1 1 1
   1599    9    1   39 1 1 1
   1600    9    2    1 1 1 1
   1601    9    2    2 1 1 1
   1602    9    2    3 1 1 1
   1603    9    2    4 1 1 1
   1604    9    2    5 1 1 1
   1605    9    2    6 1 1 1
   1606    9    2    7 1 1 1
   1607    9    2    8 1 1 1
   1608    9    2    9 1 1 1
   1609    9    2   10 1 1 1
   1610    9    2   11 1 1 1
   1611    9    2   12 1 1 1
   1612    9    2   13 1 1 1
   1613    9    2   14 1 1 1
   1614    9    2   15 1 1 1
   1615    9    2   16 1 1 1
   1616    9    2   17 1 1 1
   1617    9    2   18 1 1 1
   1618    9    2   19 1 1 1
   1619    9    2   20 1 1 1
   1620    9    2   21 1 1 1
   1621    9    2   22 1 1 1
   1622    9    2   23 1 1 1
   1623    9    2   24 1 1 1
   1624    9    2   25 1 1 1
   1625    9    2   26 1 1 1
   1626    9    2   27 1 1 1
   1627    9    2   28 1 1 1
   1628    9    2   29 1 1 1
   1629    9    2   30 1 1 1
   1630    9    2   31 1 1 1
   1631    9    2   32 1 1 1
   1632    9    2   33 1 1 1
   1633    9    2   34 1 1 1
   1634    9    2   35 1 1 1
   1635    9    2   36 1 1 1
   1636    9    2   37 1 1 1
   1637    9    2   38 1 1 1
   1638    9    2   39 1 1 1
   1639    9    3    1 1 1 1
   1640    9    3    2 1 1 1
   1641    9    3    3 1 1 1
   1642    9    3    4 1 1 1
   1643    9    3    5 1 1 1
   1644    9    3    6 1 1 1
   1645    9    3    7 1 1 1
   1646    9    3    8 1 1 1
   1647    9    3    9 1 1 1
   1648    9    3   10 1 1 1
   1649    9    3   11 1 1 1
   1650    9    3   12 1 1 1
   1651    9    3   13 1 1 1
   1652    9    3   14 1 1 1
   1653    9    3   15 1 1 1
   1654    9    3   16 1 1 1
   1655    9    3   17 1 1 1
   1656    9    3   18 1 1 1
   1657    9    3   19 1 1 1
   1658    9    3   20 1 1 1
   1659    9    3   21 1 1 1
   1660    9    3   22 1 1 1
   1661    9    3   23 1 1 1
   1662    9    3   24 1 1 1
   1663    9    3   25 1 1 1
   1664    9    3   26 1 1 1
   1665    9    3   27 1 1 1
   1666    9    3   28 1 1 1
   1667    9    3   29 1 1 1
   1668    9    3   30 1 1 1
   1669    9    3   31 1 1 1
   1670    9    3   32 1 1 1
   1671    9    3   33 1 1 1
   1672    9    3   34 1 1 1
   1673    9    3   35 1 1 1
   1674    9    3   36 1 1 1
   1675    9    3   37 1 1 1
   1676    9    3   38 1 1 1
   1677    9    3   39 1 1 1
   1678    9    4    1 1 1 1
   1679    9    4    2 1 1 1
   1680    9    4    3 1 1 1
   1681    9    4    4 1 1 1
   1682    9    4    5 1 1 1
   1683    9    4    6 1 1 1
   1684    9    4    7 1 1 1
   1685    9    4    8 1 1 1
   1686    9    4    9 1 1 1
   1687    9    4   10 1 1 1
   1688    9    4   11 1 1 1
   1689    9    4   12 1 1 1
   1690    9    4   13 1 1 1
   1691    9    4   14 1 1 1
   1692    9    4   15 1 1 1
   1693    9    4   16 1 1 1
   1694    9    4   17 1 1 1
   1695    9    4   18 1 1 1
   1696    9    4   19 1 1 1
   1697    9    4   20 1 1 1
   1698    9    4   21 1 1 1
   1699    9    4   22 1 1 1
   1700    9    4   23 1 1 1
   1701    9    4   24 1 1 1
   1702    9    4   25 1 1 1
   1703    9    4   26 1 1 1
   1704    9    4   27 1 1 1
   1705    9    4   28 1 1 1
   1706    9    4   29 1 1 1
   1707    9    4   30 1 1 1
   1708    9    4   31 1 1 1
   1709    9    4   32 1 1 1
   1710    9    4   33 1 1 1
   1711    9    4   34 1 1 1
   1712    9    4   35 1 1 1
   1713    9    4   36 1 1 1
   1714    9    4   37 1 1 1
   1715    9    4   38 1 1 1
   1716    9    4   39 1 1 1
   1717    9    5    1 1 1 1
   1718    9    5    2 1 1 1
   1719    9    5    3 1 1 1
   1720    9    5    4 1 1 1
   1721    9    5    5 1 1 1
   1722    9    5    6 1 1 1
   1723    9    5    7 1 1 1
   1724    9    5    8 1 1 1
   1725    9    5    9 1 1 1
   1726    9    5   10 1 1 1
   1727    9    5   11 1 1 1
   1728    9    5   12 1 1 1
   1729    9    5   13 1 1 1
   1730    9    5   14 1 1 1
   1731    9    5   15 1 1 1
   1732    9    5   16 1 1 1
   1733    9    5   17 1 1 1
   1734    9    5   18 1 1 1
   1735    9    5   19 1 1 1
   1736    9    5   20 1 1 1
   1737    9    5   21 1 1 1
   1738    9    5   22 1 1 1
   1739    9    5   23 1 1 1
   1740    9    5   24 1 1 1
   1741    9    5   25 1 1 1
   1742    9    5   26 1 1 1
   1743    9    5   27 1 1 1
   1744    9    5   28 1 1 1
   1745    9    5   29 1 1 1
   1746    9    5   30 1 1 1
   1747    9    5   31 1 1 1
   1748    9    5   32 1 1 1
   1749    9    5   33 1 1 1
   1750    9    5   34 1 1 1
   1751    9    5   35 1 1 1
   1752    9    5   36 1 1 1
   1753    9    5   37 1 1 1
   1754    9    5   38 1 1 1
   1755    9    5   39 1 1 1
   1756   10    1    1 1 1 1
   1757   10    1    2 1 1 1
   1758   10    1    3 1 1 1
   1759   10    1    4 1 1 1
   1760   10    1    5 1 1 1
   1761   10    1    6 1 1 1
   1762   10    1    7 1 1 1
   1763   10    1    8 1 1 1
   1764   10    1    9 1 1 1
   1765   10    1   10 1 1 1
   1766   10    1   11 1 1 1
   1767   10    1   12 1 1 1
   1768   10    1   13 1 1 1
   1769   10    1   14 1 1 1
   1770   10    1   15 1 1 1
   1771   10    1   16 1 1 1
   1772   10    1   17 1 1 1
   1773   10    1   18 1 1 1
   1774   10    1   19 1 1 1
   1775   10    1   20 1 1 1
   1776   10    1   21 1 1 1
   1777   10    1   22 1 1 1
   1778   10    1   23 1 1 1
   1779   10    1   24 1 1 1
   1780   10    1   25 1 1 1
   1781   10    1   26 1 1 1
   1782   10    1   27 1 1 1
   1783   10    1   28 1 1 1
   1784   10    1   29 1 1 1
   1785   10    1   30 1 1 1
   1786   10    1   31 1 1 1
   1787   10    1   32 1 1 1
   1788   10    1   33 1 1 1
   1789   10    1   34 1 1 1
   1790   10    1   35 1 1 1
   1791   10    1   36 1 1 1
   1792   10    1   37 1 1 1
   1793   10    1   38 1 1 1
   1794   10    1   39 1 1 1
   1795   10    2    1 1 1 1
   1796   10    2    2 1 1 1
   1797   10    2    3 1 1 1
   1798   10    2    4 1 1 1
   1799   10    2    5 1 1 1
   1800   10    2    6 1 1 1
   1801   10    2    7 1 1 1
   1802   10    2    8 1 1 1
   1803   10    2    9 1 1 1
   1804   10    2   10 1 1 1
   1805   10    2   11 1 1 1
   1806   10    2   12 1 1 1
   1807   10    2   13 1 1 1
   1808   10    2   14 1 1 1
   1809   10    2   15 1 1 1
   1810   10    2   16 1 1 1
   1811   10    2   17 1 1 1
   1812   10    2   18 1 1 1
   1813   10    2   19 1 1 1
   1814   10    2   20 1 1 1
   1815   10    2   21 1 1 1
   1816   10    2   22 1 1 1
   1817   10    2   23 1 1 1
   1818   10    2   24 1 1 1
   1819   10    2   25 1 1 1
   1820   10    2   26 1 1 1
   1821   10    2   27 1 1 1
   1822   10    2   28 1 1 1
   1823   10    2   29 1 1 1
   1824   10    2   30 1 1 1
   1825   10    2   31 1 1 1
   1826   10    2   32 1 1 1
   1827   10    2   33 1 1 1
   1828   10    2   34 1 1 1
   1829   10    2   35 1 1 1
   1830   10    2   36 1 1 1
   1831   10    2   37 1 1 1
   1832   10    2   38 1 1 1
   1833   10    2   39 1 1 1
   1834   10    3    1 1 1 1
   1835   10    3    2 1 1 1
   1836   10    3    3 1 1 1
   1837   10    3    4 1 1 1
   1838   10    3    5 1 1 1
   1839   10    3    6 1 1 1
   1840   10    3    7 1 1 1
   1841   10    3    8 1 1 1
   1842   10    3    9 1 1 1
   1843   10    3   10 1 1 1
   1844   10    3   11 1 1 1
   1845   10    3   12 1 1 1
   1846   10    3   13 1 1 1
   1847   10    3   14 1 1 1
   1848   10    3   15 1 1 1
   1849   10    3   16 1 1 1
   1850   10    3   17 1 1 1
   1851   10    3   18 1 1 1
   1852   10    3   19 1 1 1
   1853   10    3   20 1 1 1
   1854   10    3   21 1 1 1
   1855   10    3   22 1 1 1
   1856   10    3   23 1 1 1
   1857   10    3   24 1 1 1
   1858   10    3   25 1 1 1
   1859   10    3   26 1 1 1
   1860   10    3   27 1 1 1
   1861   10    3   28 1 1 1
   1862   10    3   29 1 1 1
   1863   10    3   30 1 1 1
   1864   10    3   31 1 1 1
   1865   10    3   32 1 1 1
   1866   10    3   33 1 1 1
   1867   10    3   34 1 1 1
   1868   10    3   35 1 1 1
   1869   10    3   36 1 1 1
   1870   10    3   37 1 1 1
   1871   10    3   38 1 1 1
   1872   10    3   39 1 1 1
   1873   10    4    1 1 1 1
   1874   10    4    2 1 1 1
   1875   10    4    3 1 1 1
   1876   10    4    4 1 1 1
   1877   10    4    5 1 1 1
   1878   10    4    6 1 1 1
   1879   10    4    7 1 1 1
   1880   10    4    8 1 1 1
   1881   10    4    9 1 1 1
   1882   10    4   10 1 1 1
   1883   10    4   11 1 1 1
   1884   10    4   12 1 1 1
   1885   10    4   13 1 1 1
   1886   10    4   14 1 1 1
   1887   10    4   15 1 1 1
   1888   10    4   16 1 1 1
   1889   10    4   17 1 1 1
   1890   10    4   18 1 1 1
   1891   10    4   19 1 1 1
   1892   10    4   20 1 1 1
   1893   10    4   21 1 1 1
   1894   10    4   22 1 1 1
   1895   10    4   23 1 1 1
   1896   10    4   24 1 1 1
   1897   10    4   25 1 1 1
   1898   10    4   26 1 1 1
   1899   10    4   27 1 1 1
   1900   10    4   28 1 1 1
   1901   10    4   29 1 1 1
   1902   10    4   30 1 1 1
   1903   10    4   31 1 1 1
   1904   10    4   32 1 1 1
   1905   10    4   33 1 1 1
   1906   10    4   34 1 1 1
   1907   10    4   35 1 1 1
   1908   10    4   36 1 1 1
   1909   10    4   37 1 1 1
   1910   10    4   38 1 1 1
   1911   10    4   39 1 1 1
   1912   10    5    1 1 1 1
   1913   10    5    2 1 1 1
   1914   10    5    3 1 1 1
   1915   10    5    4 1 1 1
   1916   10    5    5 1 1 1
   1917   10    5    6 1 1 1
   1918   10    5    7 1 1 1
   1919   10    5    8 1 1 1
   1920   10    5    9 1 1 1
   1921   10    5   10 1 1 1
   1922   10    5   11 1 1 1
   1923   10    5   12 1 1 1
   1924   10    5   13 1 1 1
   1925   10    5   14 1 1 1
   1926   10    5   15 1 1 1
   1927   10    5   16 1 1 1
   1928   10    5   17 1 1 1
   1929   10    5   18 1 1 1
   1930   10    5   19 1 1 1
   1931   10    5   20 1 1 1
   1932   10    5   21 1 1 1
   1933   10    5   22 1 1 1
   1934   10    5   23 1 1 1
   1935   10    5   24 1 1 1
   1936   10    5   25 1 1 1
   1937   10    5   26 1 1 1
   1938   10    5   27 1 1 1
   1939   10    5   28 1 1 1
   1940   10    5   29 1 1 1
   1941   10    5   30 1 1 1
   1942   10    5   31 1 1 1
   1943   10    5   32 1 1 1
   1944   10    5   33 1 1 1
   1945   10    5   34 1 1 1
   1946   10    5   35 1 1 1
   1947   10    5   36 1 1 1
   1948   10    5   37 1 1 1
   1949   10    5   38 1 1 1
   1950   10    5   39 1 1 1
   1951   11    1    1 1 1 1
   1952   11    1    2 1 1 1
   1953   11    1    3 1 1 1
   1954   11    1    4 1 1 1
   1955   11    1    5 1 1 1
   1956   11    1    6 1 1 1
   1957   11    1    7 1 1 1
   1958   11    1    8 1 1 1
   1959   11    1    9 1 1 1
   1960   11    1   10 1 1 1
   1961   11    1   11 1 1 1
   1962   11    1   12 1 1 1
   1963   11    1   13 1 1 1
   1964   11    1   14 1 1 1
   1965   11    1   15 1 1 1
   1966   11    1   16 1 1 1
   1967   11    1   17 1 1 1
   1968   11    1   18 1 1 1
   1969   11    1   19 1 1 1
   1970   11    1   20 1 1 1
   1971   11    1   21 1 1 1
   1972   11    1   22 1 1 1
   1973   11    1   23 1 1 1
   1974   11    1   24 1 1 1
   1975   11    1   25 1 1 1
   1976   11    1   26 1 1 1
   1977   11    1   27 1 1 1
   1978   11    1   28 1 1 1
   1979   11    1   29 1 1 1
   1980   11    1   30 1 1 1
   1981   11    1   31 1 1 1
   1982   11    1   32 1 1 1
   1983   11    1   33 1 1 1
   1984   11    1   34 1 1 1
   1985   11    1   35 1 1 1
   1986   11    1   36 1 1 1
   1987   11    1   37 1 1 1
   1988   11    1   38 1 1 1
   1989   11    1   39 1 1 1
   1990   11    2    1 1 1 1
   1991   11    2    2 1 1 1
   1992   11    2    3 1 1 1
   1993   11    2    4 1 1 1
   1994   11    2    5 1 1 1
   1995   11    2    6 1 1 1
   1996   11    2    7 1 1 1
   1997   11    2    8 1 1 1
   1998   11    2    9 1 1 1
   1999   11    2   10 1 1 1
   2000   11    2   11 1 1 1
   2001   11    2   12 1 1 1
   2002   11    2   13 1 1 1
   2003   11    2   14 1 1 1
   2004   11    2   15 1 1 1
   2005   11    2   16 1 1 1
   2006   11    2   17 1 1 1
   2007   11    2   18 1 1 1
   2008   11    2   19 1 1 1
   2009   11    2   20 1 1 1
   2010   11    2   21 1 1 1
   2011   11    2   22 1 1 1
   2012   11    2   23 1 1 1
   2013   11    2   24 1 1 1
   2014   11    2   25 1 1 1
   2015   11    2   26 1 1 1
   2016   11    2   27 1 1 1
   2017   11    2   28 1 1 1
   2018   11    2   29 1 1 1
   2019   11    2   30 1 1 1
   2020   11    2   31 1 1 1
   2021   11    2   32 1 1 1
   2022   11    2   33 1 1 1
   2023   11    2   34 1 1 1
   2024   11    2   35 1 1 1
   2025   11    2   36 1 1 1
   2026   11    2   37 1 1 1
   2027   11    2   38 1 1 1
   2028   11    2   39 1 1 1
   2029   11    3    1 1 1 1
   2030   11    3    2 1 1 1
   2031   11    3    3 1 1 1
   2032   11    3    4 1 1 1
   2033   11    3    5 1 1 1
   2034   11    3    6 1 1 1
   2035   11    3    7 1 1 1
   2036   11    3    8 1 1 1
   2037   11    3    9 1 1 1
   2038   11    3   10 1 1 1
   2039   11    3   11 1 1 1
   2040   11    3   12 1 1 1
   2041   11    3   13 1 1 1
   2042   11    3   14 1 1 1
   2043   11    3   15 1 1 1
   2044   11    3   16 1 1 1
   2045   11    3   17 1 1 1
   2046   11    3   18 1 1 1
   2047   11    3   19 1 1 1
   2048   11    3   20 1 1 1
   2049   11    3   21 1 1 1
   2050   11    3   22 1 1 1
   2051   11    3   23 1 1 1
   2052   11    3   24 1 1 1
   2053   11    3   25 1 1 1
   2054   11    3   26 1 1 1
   2055   11    3   27 1 1 1
   2056   11    3   28 1 1 1
   2057   11    3   29 1 1 1
   2058   11    3   30 1 1 1
   2059   11    3   31 1 1 1
   2060   11    3   32 1 1 1
   2061   11    3   33 1 1 1
   2062   11    3   34 1 1 1
   2063   11    3   35 1 1 1
   2064   11    3   36 1 1 1
   2065   11    3   37 1 1 1
   2066   11    3   38 1 1 1
   2067   11    3   39 1 1 1
   2068   11    4    1 1 1 1
   2069   11    4    2 1 1 1
   2070   11    4    3 1 1 1
   2071   11    4    4 1 1 1
   2072   11    4    5 1 1 1
   2073   11    4    6 1 1 1
   2074   11    4    7 1 1 1
   2075   11    4    8 1 1 1
   2076   11    4    9 1 1 1
   2077   11    4   10 1 1 1
   2078   11    4   11 1 1 1
   2079   11    4   12 1 1 1
   2080   11    4   13 1 1 1
   2081   11    4   14 1 1 1
   2082   11    4   15 1 1 1
   2083   11    4   16 1 1 1
   2084   11    4   17 1 1 1
   2085   11    4   18 1 1 1
   2086   11    4   19 1 1 1
   2087   11    4   20 1 1 1
   2088   11    4   21 1 1 1
   2089   11    4   22 1 1 1
   2090   11    4   23 1 1 1
   2091   11    4   24 1 1 1
   2092   11    4   25 1 1 1
   2093   11    4   26 1 1 1
   2094   11    4   27 1 1 1
   2095   11    4   28 1 1 1
   2096   11    4   29 1 1 1
   2097   11    4   30 1 1 1
   2098   11    4   31 1 1 1
   2099   11    4   32 1 1 1
   2100   11    4   33 1 1 1
   2101   11    4   34 1 1 1
   2102   11    4   35 1 1 1
   2103   11    4   36 1 1 1
   2104   11    4   37 1 1 1
   2105   11    4   38 1 1 1
   2106   11    4   39 1 1 1
   2107   11    5    1 1 1 1
   2108   11    5    2 1 1 1
   2109   11    5    3 1 1 1
   2110   11    5    4 1 1 1
   2111   11    5    5 1 1 1
   2112   11    5    6 1 1 1
   2113   11    5    7 1 1 1
   2114   11    5    8 1 1 1
   2115   11    5    9 1 1 1
   2116   11    5   10 1 1 1
   2117   11    5   11 1 1 1
   2118   11    5   12 1 1 1
   2119   11    5   13 1 1 1
   2120   11    5   14 1 1 1
   2121   11    5   15 1 1 1
   2122   11    5   16 1 1 1
   2123   11    5   17 1 1 1
   2124   11    5   18 1 1 1
   2125   11    5   19 1 1 1
   2126   11    5   20 1 1 1
   2127   11    5   21 1 1 1
   2128   11    5   22 1 1 1
   2129   11    5   23 1 1 1
   2130   11    5   24 1 1 1
   2131   11    5   25 1 1 1
   2132   11    5   26 1 1 1
   2133   11    5   27 1 1 1
   2134   11    5   28 1 1 1
   2135   11    5   29 1 1 1
   2136   11    5   30 1 1 1
   2137   11    5   31 1 1 1
   2138   11    5   32 1 1 1
   2139   11    5   33 1 1 1
   2140   11    5   34 1 1 1
   2141   11    5   35 1 1 1
   2142   11    5   36 1 1 1
   2143   11    5   37 1 1 1
   2144   11    5   38 1 1 1
   2145   11    5   39 1 1 1
